
                     UNITED STATES BUREAU OF RECLAMATION
                       ENGINEERING AND RESEARCH CENTER

                            FLOOD ROUTING FOR DAMS
                            ----------------------

      FEATURE: Pueblo Dam                               DATE     0/ 0/   0
      FLOOD: Rainfall only PMF Run                      TIME    00:00:00.**
      TITLE: Full PMF Routing              
      DATA FILE: data.in                                                        

      FLOOD ROUTING SUMMARY
      *********************

         BEGINNING HOUR OF ROUTING.......................     63.50
         ENDING HOUR OF ROUTING..........................    360.00
         INITIAL RESERVOIR ELEVATION.....................   4880.49 FT
         MINIMUM OR NORMAL POOL ELEV.....................   4880.49 FT
         MAXIMUM RESERVOIR ELEVATION.....   4905.69 AT HOUR   89.50
         INFLOW PEAK DISCHARGE...........   100000. AT HOUR   72.00
         MAXIMUM TOTAL OUTFLOW...........    35153. AT HOUR   89.50
         ELEVATION TOLERANCE.............................    0.0100 FT
         INFLOW HYDROGRAPH ADJUSTMENT FACTOR.............      1.00
         IPC OPTIONS (1 TO 10)...........................3100100021

      WATERWAY PARAMETERS
      *******************

         WATERWAY NO. 1 - Top of Dam                    

         TYPE-BROAD OR SHARP CRESTED WEIR
         CONSTANT DISCHARGE COEFFICIENT..................      2.67
         CREST ELEVATION.................................   4931.27 FT
         CREST LENGTH....................................   1200.50 FT
         MAXIMUM DISCHARGE...............        0. AT HOUR    0.50

         WATERWAY NO. 2 - Embankment "wings"            

         TYPE-BROAD OR SHARP CRESTED WEIR
         CONSTANT DISCHARGE COEFFICIENT..................      2.62
         CREST ELEVATION.................................   4931.27 FT
         CREST LENGTH....................................   8480.00 FT
         MAXIMUM DISCHARGE...............        0. AT HOUR    0.50
1

                     ROUTING RESULTS                          DISCHARGE RESULTS
                     ***************                          *****************

    TIME     INFLOW    OUTFLOW    STORAGE   ELEVATION        WATERWAY         RATING
                                                           1         2        CURVE

    63.50      2600.      2600.    257067.   4880.49          0.        0.        0.
    64.00      5397.      5000.    257074.   4880.49          0.        0.     5000.
    64.50     28115.      5000.    257561.   4880.59          0.        0.     5000.
    65.00     50975.      5000.    258987.   4880.89          0.        0.     5000.
    65.50     60413.      5000.    261082.   4881.32          0.        0.     5000.
    66.00     66544.      5000.    263498.   4881.82          0.        0.     5000.
    66.50     71489.      5000.    266144.   4882.37          0.        0.     5000.
    67.00     75897.      5000.    268983.   4882.95          0.        0.     5000.
    67.50     79994.      5000.    271996.   4883.58          0.        0.     5000.
    68.00     83979.      5000.    275178.   4884.23          0.        0.     5000.
    68.50     87991.      5000.    278524.   4884.93          0.        0.     5000.
    69.00     91777.      5000.    282032.   4885.65          0.        0.     5000.
    69.50     94857.      5000.    285681.   4886.41          0.        0.     5000.
    70.00     97203.      5000.    289443.   4887.18          0.        0.     5000.
    70.50     98672.      5000.    293283.   4887.98          0.        0.     5000.
    71.00     99520.      5000.    297171.   4888.78          0.        0.     5000.
    71.50     99915.      5000.    301084.   4889.59          0.        0.     5000.
    72.00    100000.      5000.    305010.   4890.36          0.        0.     5000.
    72.50     99859.      5000.    308931.   4891.08          0.        0.     5000.
    73.00     99689.      5000.    312847.   4891.80          0.        0.     5000.
    73.50     99520.      5000.    316756.   4892.52          0.        0.     5000.
    74.00     99407.      5000.    320659.   4893.24          0.        0.     5000.
    74.50     99350.      5000.    324559.   4893.96          0.        0.     5000.
    75.00     99237.      5000.    328457.   4894.68          0.        0.     5000.
    75.50     99068.      5000.    332347.   4895.39          0.        0.     5000.
    76.00     98757.      5000.    336228.   4896.11          0.        0.     5000.
    76.50     98248.      5000.    340092.   4896.82          0.        0.     5000.
    77.00     97344.      5000.    343926.   4897.52          0.        0.     5000.
    77.50     96214.      5000.    347718.   4898.22          0.        0.     5000.
    78.00     94716.      5000.    351456.   4898.91          0.        0.     5000.
    78.50     92964.      5000.    355128.   4899.59          0.        0.     5000.
    79.00     90901.      5544.    358708.   4900.22          0.        0.     5544.
    79.50     88754.      6948.    362161.   4900.78          0.        0.     6948.
    80.00     86324.      8291.    365464.   4901.32          0.        0.     8291.
    80.50     83809.      9570.    368611.   4901.83          0.        0.     9570.
    81.00     81125.     11938.    371575.   4902.31          0.        0.    11938.
    81.50     78242.     14724.    374316.   4902.76          0.        0.    14724.
    82.00     75332.     17278.    376829.   4903.16          0.        0.    17278.
    82.50     72393.     19607.    379120.   4903.54          0.        0.    19607.
    83.00     69455.     21719.    381198.   4903.88          0.        0.    21719.
    83.50     66544.     23848.    383072.   4904.18          0.        0.    23848.
    84.00     63662.     25876.    384735.   4904.45          0.        0.    25876.
    84.50     60836.     27664.    386201.   4904.69          0.        0.    27664.
    85.00     58067.     29227.    387483.   4904.90          0.        0.    29227.
    85.50     55270.     30575.    388588.   4905.08          0.        0.    30575.
    86.00     52529.     31721.    389528.   4905.23          0.        0.    31721.
    86.50     49873.     32677.    390311.   4905.36          0.        0.    32677.
    87.00     47245.     33457.    390951.   4905.46          0.        0.    33457.
    87.50     44702.     34072.    391456.   4905.54          0.        0.    34072.
    88.00     42300.     34537.    391837.   4905.60          0.        0.    34537.
    88.50     40011.     34863.    392104.   4905.65          0.        0.    34863.
    89.00     37864.     35065.    392269.   4905.68          0.        0.    35065.
    89.50     35801.     35153.    392341.   4905.69          0.        0.    35153.
    90.00     33880.     35138.    392329.   4905.69          0.        0.    35138.
    90.50     32071.     35032.    392242.   4905.67          0.        0.    35032.
    91.00     30404.     34845.    392089.   4905.65          0.        0.    34845.
    91.50     28878.     34589.    391879.   4905.61          0.        0.    34589.
    92.00     27437.     34274.    391621.   4905.57          0.        0.    34274.
    92.50     26053.     33904.    391317.   4905.52          0.        0.    33904.
    93.00     24696.     33486.    390975.   4905.46          0.        0.    33486.
    93.50     23425.     33021.    390594.   4905.40          0.        0.    33021.
    94.00     22153.     32520.    390182.   4905.34          0.        0.    32520.
    94.50     20966.     31981.    389741.   4905.26          0.        0.    31981.
    95.00     19808.     31410.    389273.   4905.19          0.        0.    31410.
    95.50     18762.     30813.    388783.   4905.11          0.        0.    30813.
    96.00     17802.     30198.    388279.   4905.03          0.        0.    30198.
    96.50     16813.     29564.    387759.   4904.94          0.        0.    29564.
    97.00     15993.     28916.    387228.   4904.86          0.        0.    28916.
    97.50     15174.     28260.    386690.   4904.77          0.        0.    28260.
    98.00     14383.     27598.    386147.   4904.68          0.        0.    27598.
    98.50     13620.     26927.    385597.   4904.59          0.        0.    26927.
    99.00     12970.     26257.    385048.   4904.50          0.        0.    26257.
    99.50     12348.     25587.    384498.   4904.41          0.        0.    25587.
   100.00     11726.     24921.    383952.   4904.32          0.        0.    24921.
   100.50     11190.     24258.    383408.   4904.23          0.        0.    24258.
   101.00     10653.     23602.    382871.   4904.15          0.        0.    23602.
   101.50     10201.     22954.    382339.   4904.06          0.        0.    22954.
   102.00      9777.     22347.    381817.   4903.98          0.        0.    22347.
   102.50      9353.     21823.    381300.   4903.89          0.        0.    21823.
   103.00      8986.     21301.    380787.   4903.81          0.        0.    21301.
   103.50      8590.     20785.    380280.   4903.73          0.        0.    20785.
   104.00      8223.     20275.    379778.   4903.64          0.        0.    20275.
   104.50      7884.     19772.    379283.   4903.56          0.        0.    19772.
   105.00      7545.     19274.    378793.   4903.48          0.        0.    19274.
   105.50      7262.     18786.    378313.   4903.41          0.        0.    18786.
   106.00      6979.     18307.    377841.   4903.33          0.        0.    18307.
   106.50      6725.     17837.    377379.   4903.25          0.        0.    17837.
   107.00      6471.     17376.    376926.   4903.18          0.        0.    17376.
   107.50      6245.     16921.    376478.   4903.11          0.        0.    16921.
   108.00      6047.     16479.    376043.   4903.04          0.        0.    16479.
   108.50      5821.     16046.    375616.   4902.97          0.        0.    16046.
   109.00      5623.     15621.    375199.   4902.90          0.        0.    15621.
   109.50      5425.     15206.    374791.   4902.83          0.        0.    15206.
   110.00      5227.     14800.    374391.   4902.77          0.        0.    14800.
   110.50      5086.     14404.    374001.   4902.70          0.        0.    14404.
   111.00      4917.     14016.    373620.   4902.64          0.        0.    14016.
   111.50      4775.     13638.    373247.   4902.58          0.        0.    13638.
   112.00      4606.     13268.    372884.   4902.52          0.        0.    13268.
   112.50      4493.     12908.    372530.   4902.47          0.        0.    12908.
   113.00      4352.     12560.    372187.   4902.41          0.        0.    12560.
   113.50      4210.     12219.    371851.   4902.35          0.        0.    12219.
   114.00      4097.     11886.    371524.   4902.30          0.        0.    11886.
   114.50      3984.     11562.    371205.   4902.25          0.        0.    11562.
   115.00      3871.     11248.    370896.   4902.20          0.        0.    11248.
   115.50      3758.     10943.    370596.   4902.15          0.        0.    10943.
   116.00      3673.     10647.    370305.   4902.10          0.        0.    10647.
   116.50      3560.     10357.    370019.   4902.06          0.        0.    10357.
   117.00      3476.     10076.    369743.   4902.01          0.        0.    10076.
   117.50      3391.      9921.    369473.   4901.97          0.        0.     9921.
   118.00      3306.      9811.    369203.   4901.92          0.        0.     9811.
   118.50      3221.      9702.    368935.   4901.88          0.        0.     9702.
   119.00      3136.      9594.    368668.   4901.84          0.        0.     9594.
   119.50      3052.      9485.    368401.   4901.79          0.        0.     9485.
   120.00      2995.      9377.    368137.   4901.75          0.        0.     9377.
   120.50      2910.      9270.    367872.   4901.71          0.        0.     9270.
   121.00      2854.      9164.    367611.   4901.67          0.        0.     9164.
   121.50      2769.      9058.    367350.   4901.62          0.        0.     9058.
   122.00      2713.      8953.    367092.   4901.58          0.        0.     8953.
   122.50      2656.      8848.    366833.   4901.54          0.        0.     8848.
   123.00      2600.      8744.    366578.   4901.50          0.        0.     8744.
   123.50      2543.      8641.    366326.   4901.46          0.        0.     8641.
   124.00      2487.      8539.    366074.   4901.42          0.        0.     8539.
   124.50      2430.      8438.    365825.   4901.38          0.        0.     8438.
   125.00      2374.      8337.    365578.   4901.33          0.        0.     8337.
   125.50      2317.      8237.    365332.   4901.29          0.        0.     8237.
   126.00      2289.      8138.    365089.   4901.26          0.        0.     8138.
   126.50      2232.      8041.    364849.   4901.22          0.        0.     8041.
   127.00      2176.      7943.    364608.   4901.18          0.        0.     7943.
   127.50      2147.      7847.    364371.   4901.14          0.        0.     7847.
   128.00      2091.      7751.    364137.   4901.10          0.        0.     7751.
   128.50      2063.      7657.    363906.   4901.06          0.        0.     7657.
   129.00         0.      7548.    363636.   4901.02          0.        0.     7548.
   129.50         0.      7422.    363326.   4900.97          0.        0.     7422.
   130.00         0.      7299.    363023.   4900.92          0.        0.     7299.
   130.50         0.      7177.    362723.   4900.87          0.        0.     7177.
   131.00         0.      7057.    362429.   4900.82          0.        0.     7057.
   131.50         0.      6940.    362140.   4900.78          0.        0.     6940.
   132.00         0.      6824.    361855.   4900.73          0.        0.     6824.
   132.50         0.      6710.    361576.   4900.68          0.        0.     6710.
   133.00         0.      6598.    361300.   4900.64          0.        0.     6598.
   133.50         0.      6488.    361029.   4900.60          0.        0.     6488.
   134.00         0.      6379.    360762.   4900.55          0.        0.     6379.
   134.50         0.      6273.    360501.   4900.51          0.        0.     6273.
   135.00         0.      6168.    360243.   4900.47          0.        0.     6168.
   135.50         0.      6066.    359990.   4900.43          0.        0.     6066.
   136.00         0.      5964.    359741.   4900.39          0.        0.     5964.
   136.50         0.      5865.    359498.   4900.35          0.        0.     5865.
   137.00         0.      5768.    359258.   4900.31          0.        0.     5768.
   137.50         0.      5671.    359020.   4900.27          0.        0.     5671.
   138.00         0.      5577.    358789.   4900.23          0.        0.     5577.
   138.50         0.      5485.    358561.   4900.19          0.        0.     5485.
   139.00         0.      5393.    358336.   4900.16          0.        0.     5393.
   139.50         0.      5303.    358114.   4900.12          0.        0.     5303.
   140.00         0.      5215.    357897.   4900.09          0.        0.     5215.
   140.50         0.      5128.    357684.   4900.05          0.        0.     5128.
   141.00         0.      5043.    357474.   4900.02          0.        0.     5043.
   141.50         0.      5000.    357266.   4899.98          0.        0.     5000.
   142.00         0.      5000.    357059.   4899.94          0.        0.     5000.
   142.50         0.      5000.    356852.   4899.90          0.        0.     5000.
   143.00         0.      5000.    356645.   4899.87          0.        0.     5000.
   143.50         0.      5000.    356438.   4899.83          0.        0.     5000.
   144.00         0.      5000.    356232.   4899.79          0.        0.     5000.
   144.50         0.      5000.    356025.   4899.75          0.        0.     5000.
   145.00         0.      5000.    355818.   4899.71          0.        0.     5000.
   145.50         0.      5000.    355611.   4899.68          0.        0.     5000.
   146.00         0.      5000.    355404.   4899.64          0.        0.     5000.
   146.50         0.      5000.    355197.   4899.60          0.        0.     5000.
   147.00         0.      5000.    354991.   4899.56          0.        0.     5000.
   147.50         0.      5000.    354784.   4899.52          0.        0.     5000.
   148.00         0.      5000.    354577.   4899.49          0.        0.     5000.
   148.50         0.      5000.    354370.   4899.45          0.        0.     5000.
   149.00         0.      5000.    354163.   4899.41          0.        0.     5000.
   149.50         0.      5000.    353956.   4899.37          0.        0.     5000.
   150.00         0.      5000.    353750.   4899.33          0.        0.     5000.
   150.50         0.      5000.    353543.   4899.30          0.        0.     5000.
   151.00         0.      5000.    353336.   4899.26          0.        0.     5000.
   151.50         0.      5000.    353129.   4899.22          0.        0.     5000.
   152.00         0.      5000.    352922.   4899.18          0.        0.     5000.
   152.50         0.      5000.    352716.   4899.14          0.        0.     5000.
   153.00         0.      5000.    352509.   4899.10          0.        0.     5000.
   153.50         0.      5000.    352302.   4899.07          0.        0.     5000.
   154.00         0.      5000.    352095.   4899.03          0.        0.     5000.
   154.50         0.      5000.    351888.   4898.99          0.        0.     5000.
   155.00         0.      5000.    351682.   4898.95          0.        0.     5000.
   155.50         0.      5000.    351475.   4898.91          0.        0.     5000.
   156.00         0.      5000.    351268.   4898.88          0.        0.     5000.
   156.50         0.      5000.    351061.   4898.84          0.        0.     5000.
   157.00         0.      5000.    350854.   4898.80          0.        0.     5000.
   157.50         0.      5000.    350647.   4898.76          0.        0.     5000.
   158.00         0.      5000.    350441.   4898.72          0.        0.     5000.
   158.50         0.      5000.    350234.   4898.69          0.        0.     5000.
   159.00         0.      5000.    350027.   4898.65          0.        0.     5000.
   159.50         0.      5000.    349820.   4898.61          0.        0.     5000.
   160.00         0.      5000.    349613.   4898.57          0.        0.     5000.
   160.50         0.      5000.    349406.   4898.53          0.        0.     5000.
   161.00         0.      5000.    349200.   4898.50          0.        0.     5000.
   161.50         0.      5000.    348993.   4898.46          0.        0.     5000.
   162.00         0.      5000.    348786.   4898.42          0.        0.     5000.
   162.50         0.      5000.    348579.   4898.38          0.        0.     5000.
   163.00         0.      5000.    348372.   4898.34          0.        0.     5000.
   163.50         0.      5000.    348166.   4898.31          0.        0.     5000.
   164.00         0.      5000.    347959.   4898.27          0.        0.     5000.
   164.50         0.      5000.    347752.   4898.23          0.        0.     5000.
   165.00         0.      5000.    347545.   4898.19          0.        0.     5000.
   165.50         0.      5000.    347338.   4898.15          0.        0.     5000.
   166.00         0.      5000.    347132.   4898.11          0.        0.     5000.
   166.50         0.      5000.    346925.   4898.08          0.        0.     5000.
   167.00         0.      5000.    346718.   4898.04          0.        0.     5000.
   167.50         0.      5000.    346511.   4898.00          0.        0.     5000.
   168.00         0.      5000.    346304.   4897.96          0.        0.     5000.
   168.50         0.      5000.    346097.   4897.92          0.        0.     5000.
   169.00         0.      5000.    345891.   4897.89          0.        0.     5000.
   169.50         0.      5000.    345684.   4897.85          0.        0.     5000.
   170.00         0.      5000.    345477.   4897.81          0.        0.     5000.
   170.50         0.      5000.    345270.   4897.77          0.        0.     5000.
   171.00         0.      5000.    345063.   4897.73          0.        0.     5000.
   171.50         0.      5000.    344856.   4897.70          0.        0.     5000.
   172.00         0.      5000.    344650.   4897.66          0.        0.     5000.
   172.50         0.      5000.    344443.   4897.62          0.        0.     5000.
   173.00         0.      5000.    344236.   4897.58          0.        0.     5000.
   173.50         0.      5000.    344029.   4897.54          0.        0.     5000.
   174.00         0.      5000.    343822.   4897.51          0.        0.     5000.
   174.50         0.      5000.    343616.   4897.47          0.        0.     5000.
   175.00         0.      5000.    343409.   4897.43          0.        0.     5000.
   175.50         0.      5000.    343202.   4897.39          0.        0.     5000.
   176.00         0.      5000.    342995.   4897.35          0.        0.     5000.
   176.50         0.      5000.    342788.   4897.31          0.        0.     5000.
   177.00         0.      5000.    342582.   4897.28          0.        0.     5000.
   177.50         0.      5000.    342375.   4897.24          0.        0.     5000.
   178.00         0.      5000.    342168.   4897.20          0.        0.     5000.
   178.50         0.      5000.    341961.   4897.16          0.        0.     5000.
   179.00         0.      5000.    341754.   4897.12          0.        0.     5000.
   179.50         0.      5000.    341547.   4897.09          0.        0.     5000.
   180.00         0.      5000.    341341.   4897.05          0.        0.     5000.
   180.50         0.      5000.    341134.   4897.01          0.        0.     5000.
   181.00         0.      5000.    340927.   4896.97          0.        0.     5000.
   181.50         0.      5000.    340720.   4896.93          0.        0.     5000.
   182.00         0.      5000.    340513.   4896.90          0.        0.     5000.
   182.50         0.      5000.    340306.   4896.86          0.        0.     5000.
   183.00         0.      5000.    340100.   4896.82          0.        0.     5000.
   183.50         0.      5000.    339893.   4896.78          0.        0.     5000.
   184.00         0.      5000.    339686.   4896.74          0.        0.     5000.
   184.50         0.      5000.    339479.   4896.71          0.        0.     5000.
   185.00         0.      5000.    339272.   4896.67          0.        0.     5000.
   185.50         0.      5000.    339066.   4896.63          0.        0.     5000.
   186.00         0.      5000.    338859.   4896.59          0.        0.     5000.
   186.50         0.      5000.    338652.   4896.55          0.        0.     5000.
   187.00         0.      5000.    338445.   4896.52          0.        0.     5000.
   187.50         0.      5000.    338238.   4896.48          0.        0.     5000.
   188.00         0.      5000.    338032.   4896.44          0.        0.     5000.
   188.50         0.      5000.    337825.   4896.40          0.        0.     5000.
   189.00         0.      5000.    337618.   4896.36          0.        0.     5000.
   189.50         0.      5000.    337411.   4896.32          0.        0.     5000.
   190.00         0.      5000.    337204.   4896.29          0.        0.     5000.
   190.50         0.      5000.    336997.   4896.25          0.        0.     5000.
   191.00         0.      5000.    336791.   4896.21          0.        0.     5000.
   191.50         0.      5000.    336584.   4896.17          0.        0.     5000.
   192.00         0.      5000.    336377.   4896.13          0.        0.     5000.
   192.50         0.      5000.    336170.   4896.10          0.        0.     5000.
   193.00         0.      5000.    335963.   4896.06          0.        0.     5000.
   193.50         0.      5000.    335756.   4896.02          0.        0.     5000.
   194.00         0.      5000.    335550.   4895.98          0.        0.     5000.
   194.50         0.      5000.    335343.   4895.94          0.        0.     5000.
   195.00         0.      5000.    335136.   4895.91          0.        0.     5000.
   195.50         0.      5000.    334929.   4895.87          0.        0.     5000.
   196.00         0.      5000.    334722.   4895.83          0.        0.     5000.
   196.50         0.      5000.    334516.   4895.79          0.        0.     5000.
   197.00         0.      5000.    334309.   4895.75          0.        0.     5000.
   197.50         0.      5000.    334102.   4895.72          0.        0.     5000.
   198.00         0.      5000.    333895.   4895.68          0.        0.     5000.
   198.50         0.      5000.    333688.   4895.64          0.        0.     5000.
   199.00         0.      5000.    333482.   4895.60          0.        0.     5000.
   199.50         0.      5000.    333275.   4895.56          0.        0.     5000.
   200.00         0.      5000.    333068.   4895.52          0.        0.     5000.
   200.50         0.      5000.    332861.   4895.49          0.        0.     5000.
   201.00         0.      5000.    332654.   4895.45          0.        0.     5000.
   201.50         0.      5000.    332447.   4895.41          0.        0.     5000.
   202.00         0.      5000.    332241.   4895.37          0.        0.     5000.
   202.50         0.      5000.    332034.   4895.33          0.        0.     5000.
   203.00         0.      5000.    331827.   4895.30          0.        0.     5000.
   203.50         0.      5000.    331620.   4895.26          0.        0.     5000.
   204.00         0.      5000.    331413.   4895.22          0.        0.     5000.
   204.50         0.      5000.    331206.   4895.18          0.        0.     5000.
   205.00         0.      5000.    331000.   4895.14          0.        0.     5000.
   205.50         0.      5000.    330793.   4895.11          0.        0.     5000.
   206.00         0.      5000.    330586.   4895.07          0.        0.     5000.
   206.50         0.      5000.    330379.   4895.03          0.        0.     5000.
   207.00         0.      5000.    330172.   4894.99          0.        0.     5000.
   207.50         0.      5000.    329966.   4894.95          0.        0.     5000.
   208.00         0.      5000.    329759.   4894.92          0.        0.     5000.
   208.50         0.      5000.    329552.   4894.88          0.        0.     5000.
   209.00         0.      5000.    329345.   4894.84          0.        0.     5000.
   209.50         0.      5000.    329138.   4894.80          0.        0.     5000.
   210.00         0.      5000.    328932.   4894.76          0.        0.     5000.
   210.50         0.      5000.    328725.   4894.73          0.        0.     5000.
   211.00         0.      5000.    328518.   4894.69          0.        0.     5000.
   211.50         0.      5000.    328311.   4894.65          0.        0.     5000.
   212.00         0.      5000.    328104.   4894.61          0.        0.     5000.
   212.50         0.      5000.    327897.   4894.57          0.        0.     5000.
   213.00         0.      5000.    327691.   4894.53          0.        0.     5000.
   213.50         0.      5000.    327484.   4894.50          0.        0.     5000.
   214.00         0.      5000.    327277.   4894.46          0.        0.     5000.
   214.50         0.      5000.    327070.   4894.42          0.        0.     5000.
   215.00         0.      5000.    326863.   4894.38          0.        0.     5000.
   215.50         0.      5000.    326656.   4894.34          0.        0.     5000.
   216.00         0.      5000.    326450.   4894.31          0.        0.     5000.
   216.50         0.      5000.    326243.   4894.27          0.        0.     5000.
   217.00         0.      5000.    326036.   4894.23          0.        0.     5000.
   217.50         0.      5000.    325829.   4894.19          0.        0.     5000.
   218.00         0.      5000.    325622.   4894.15          0.        0.     5000.
   218.50         0.      5000.    325416.   4894.12          0.        0.     5000.
   219.00         0.      5000.    325209.   4894.08          0.        0.     5000.
   219.50         0.      5000.    325002.   4894.04          0.        0.     5000.
   220.00         0.      5000.    324795.   4894.00          0.        0.     5000.
   220.50         0.      5000.    324588.   4893.96          0.        0.     5000.
   221.00         0.      5000.    324382.   4893.93          0.        0.     5000.
   221.50         0.      5000.    324175.   4893.89          0.        0.     5000.
   222.00         0.      5000.    323968.   4893.85          0.        0.     5000.
   222.50         0.      5000.    323761.   4893.81          0.        0.     5000.
   223.00         0.      5000.    323554.   4893.77          0.        0.     5000.
   223.50         0.      5000.    323347.   4893.73          0.        0.     5000.
   224.00         0.      5000.    323141.   4893.70          0.        0.     5000.
   224.50         0.      5000.    322934.   4893.66          0.        0.     5000.
   225.00         0.      5000.    322727.   4893.62          0.        0.     5000.
   225.50         0.      5000.    322520.   4893.58          0.        0.     5000.
   226.00         0.      5000.    322313.   4893.54          0.        0.     5000.
   226.50         0.      5000.    322107.   4893.51          0.        0.     5000.
   227.00         0.      5000.    321900.   4893.47          0.        0.     5000.
   227.50         0.      5000.    321693.   4893.43          0.        0.     5000.
   228.00         0.      5000.    321486.   4893.39          0.        0.     5000.
   228.50         0.      5000.    321279.   4893.35          0.        0.     5000.
   229.00         0.      5000.    321072.   4893.32          0.        0.     5000.
   229.50         0.      5000.    320866.   4893.28          0.        0.     5000.
   230.00         0.      5000.    320659.   4893.24          0.        0.     5000.
   230.50         0.      5000.    320452.   4893.20          0.        0.     5000.
   231.00         0.      5000.    320245.   4893.16          0.        0.     5000.
   231.50         0.      5000.    320038.   4893.13          0.        0.     5000.
   232.00         0.      5000.    319832.   4893.09          0.        0.     5000.
   232.50         0.      5000.    319625.   4893.05          0.        0.     5000.
   233.00         0.      5000.    319418.   4893.01          0.        0.     5000.
   233.50         0.      5000.    319211.   4892.97          0.        0.     5000.
   234.00         0.      5000.    319004.   4892.94          0.        0.     5000.
   234.50         0.      5000.    318797.   4892.90          0.        0.     5000.
   235.00         0.      5000.    318591.   4892.86          0.        0.     5000.
   235.50         0.      5000.    318384.   4892.82          0.        0.     5000.
   236.00         0.      5000.    318177.   4892.78          0.        0.     5000.
   236.50         0.      5000.    317970.   4892.74          0.        0.     5000.
   237.00         0.      5000.    317763.   4892.71          0.        0.     5000.
   237.50         0.      5000.    317557.   4892.67          0.        0.     5000.
   238.00         0.      5000.    317350.   4892.63          0.        0.     5000.
   238.50         0.      5000.    317143.   4892.59          0.        0.     5000.
   239.00         0.      5000.    316936.   4892.55          0.        0.     5000.
   239.50         0.      5000.    316729.   4892.52          0.        0.     5000.
   240.00         0.      5000.    316522.   4892.48          0.        0.     5000.
   240.50         0.      5000.    316316.   4892.44          0.        0.     5000.
   241.00         0.      5000.    316109.   4892.40          0.        0.     5000.
   241.50         0.      5000.    315902.   4892.36          0.        0.     5000.
   242.00         0.      5000.    315695.   4892.33          0.        0.     5000.
   242.50         0.      5000.    315488.   4892.29          0.        0.     5000.
   243.00         0.      5000.    315282.   4892.25          0.        0.     5000.
   243.50         0.      5000.    315075.   4892.21          0.        0.     5000.
   244.00         0.      5000.    314868.   4892.17          0.        0.     5000.
   244.50         0.      5000.    314661.   4892.14          0.        0.     5000.
   245.00         0.      5000.    314454.   4892.10          0.        0.     5000.
   245.50         0.      5000.    314247.   4892.06          0.        0.     5000.
   246.00         0.      5000.    314041.   4892.02          0.        0.     5000.
   246.50         0.      5000.    313834.   4891.98          0.        0.     5000.
   247.00         0.      5000.    313627.   4891.94          0.        0.     5000.
   247.50         0.      5000.    313420.   4891.91          0.        0.     5000.
   248.00         0.      5000.    313213.   4891.87          0.        0.     5000.
   248.50         0.      5000.    313007.   4891.83          0.        0.     5000.
   249.00         0.      5000.    312800.   4891.79          0.        0.     5000.
   249.50         0.      5000.    312593.   4891.75          0.        0.     5000.
   250.00         0.      5000.    312386.   4891.72          0.        0.     5000.
   250.50         0.      5000.    312179.   4891.68          0.        0.     5000.
   251.00         0.      5000.    311972.   4891.64          0.        0.     5000.
   251.50         0.      5000.    311766.   4891.60          0.        0.     5000.
   252.00         0.      5000.    311559.   4891.56          0.        0.     5000.
   252.50         0.      5000.    311352.   4891.53          0.        0.     5000.
   253.00         0.      5000.    311145.   4891.49          0.        0.     5000.
   253.50         0.      5000.    310938.   4891.45          0.        0.     5000.
   254.00         0.      5000.    310732.   4891.41          0.        0.     5000.
   254.50         0.      5000.    310525.   4891.37          0.        0.     5000.
   255.00         0.      5000.    310318.   4891.34          0.        0.     5000.
   255.50         0.      5000.    310111.   4891.30          0.        0.     5000.
   256.00         0.      5000.    309904.   4891.26          0.        0.     5000.
   256.50         0.      5000.    309697.   4891.22          0.        0.     5000.
   257.00         0.      5000.    309491.   4891.18          0.        0.     5000.
   257.50         0.      5000.    309284.   4891.15          0.        0.     5000.
   258.00         0.      5000.    309077.   4891.11          0.        0.     5000.
   258.50         0.      5000.    308870.   4891.07          0.        0.     5000.
   259.00         0.      5000.    308663.   4891.03          0.        0.     5000.
   259.50         0.      5000.    308457.   4890.99          0.        0.     5000.
   260.00         0.      5000.    308250.   4890.95          0.        0.     5000.
   260.50         0.      5000.    308043.   4890.92          0.        0.     5000.
   261.00         0.      5000.    307836.   4890.88          0.        0.     5000.
   261.50         0.      5000.    307629.   4890.84          0.        0.     5000.
   262.00         0.      5000.    307422.   4890.80          0.        0.     5000.
   262.50         0.      5000.    307216.   4890.76          0.        0.     5000.
   263.00         0.      5000.    307009.   4890.73          0.        0.     5000.
   263.50         0.      5000.    306802.   4890.69          0.        0.     5000.
   264.00         0.      5000.    306595.   4890.65          0.        0.     5000.
   264.50         0.      5000.    306388.   4890.61          0.        0.     5000.
   265.00         0.      5000.    306182.   4890.57          0.        0.     5000.
   265.50         0.      5000.    305975.   4890.54          0.        0.     5000.
   266.00         0.      5000.    305768.   4890.50          0.        0.     5000.
   266.50         0.      5000.    305561.   4890.46          0.        0.     5000.
   267.00         0.      5000.    305354.   4890.42          0.        0.     5000.
   267.50         0.      5000.    305147.   4890.38          0.        0.     5000.
   268.00         0.      5000.    304941.   4890.35          0.        0.     5000.
   268.50         0.      5000.    304734.   4890.31          0.        0.     5000.
   269.00         0.      5000.    304527.   4890.27          0.        0.     5000.
   269.50         0.      5000.    304320.   4890.23          0.        0.     5000.
   270.00         0.      5000.    304113.   4890.19          0.        0.     5000.
   270.50         0.      5000.    303907.   4890.15          0.        0.     5000.
   271.00         0.      5000.    303700.   4890.12          0.        0.     5000.
   271.50         0.      5000.    303493.   4890.08          0.        0.     5000.
   272.00         0.      5000.    303286.   4890.04          0.        0.     5000.
   272.50         0.      5000.    303079.   4890.00          0.        0.     5000.
   273.00         0.      5000.    302872.   4889.96          0.        0.     5000.
   273.50         0.      5000.    302667.   4889.92          0.        0.     5000.
   274.00         0.      5000.    302461.   4889.88          0.        0.     5000.
   274.50         0.      5000.    302256.   4889.83          0.        0.     5000.
   275.00         0.      5000.    302050.   4889.79          0.        0.     5000.
   275.50         0.      5000.    301845.   4889.75          0.        0.     5000.
   276.00         0.      5000.    301639.   4889.71          0.        0.     5000.
   276.50         0.      5000.    301434.   4889.66          0.        0.     5000.
   277.00         0.      5000.    301228.   4889.62          0.        0.     5000.
   277.50         0.      5000.    301023.   4889.58          0.        0.     5000.
   278.00         0.      5000.    300818.   4889.54          0.        0.     5000.
   278.50         0.      5000.    300612.   4889.49          0.        0.     5000.
   279.00         0.      5000.    300407.   4889.45          0.        0.     5000.
   279.50         0.      5000.    300201.   4889.41          0.        0.     5000.
   280.00         0.      5000.    299996.   4889.37          0.        0.     5000.
   280.50         0.      5000.    299790.   4889.32          0.        0.     5000.
   281.00         0.      5000.    299585.   4889.28          0.        0.     5000.
   281.50         0.      5000.    299379.   4889.24          0.        0.     5000.
   282.00         0.      5000.    299174.   4889.20          0.        0.     5000.
   282.50         0.      5000.    298968.   4889.15          0.        0.     5000.
   283.00         0.      5000.    298763.   4889.11          0.        0.     5000.
   283.50         0.      5000.    298557.   4889.07          0.        0.     5000.
   284.00         0.      5000.    298352.   4889.03          0.        0.     5000.
   284.50         0.      5000.    298146.   4888.98          0.        0.     5000.
   285.00         0.      5000.    297941.   4888.94          0.        0.     5000.
   285.50         0.      5000.    297735.   4888.90          0.        0.     5000.
   286.00         0.      5000.    297530.   4888.86          0.        0.     5000.
   286.50         0.      5000.    297324.   4888.81          0.        0.     5000.
   287.00         0.      5000.    297119.   4888.77          0.        0.     5000.
   287.50         0.      5000.    296913.   4888.73          0.        0.     5000.
   288.00         0.      5000.    296708.   4888.69          0.        0.     5000.
   288.50         0.      5000.    296502.   4888.64          0.        0.     5000.
   289.00         0.      5000.    296297.   4888.60          0.        0.     5000.
   289.50         0.      5000.    296092.   4888.56          0.        0.     5000.
   290.00         0.      5000.    295886.   4888.52          0.        0.     5000.
   290.50         0.      5000.    295681.   4888.47          0.        0.     5000.
   291.00         0.      5000.    295475.   4888.43          0.        0.     5000.
   291.50         0.      5000.    295270.   4888.39          0.        0.     5000.
   292.00         0.      5000.    295064.   4888.35          0.        0.     5000.
   292.50         0.      5000.    294859.   4888.30          0.        0.     5000.
   293.00         0.      5000.    294653.   4888.26          0.        0.     5000.
   293.50         0.      5000.    294448.   4888.22          0.        0.     5000.
   294.00         0.      5000.    294242.   4888.18          0.        0.     5000.
   294.50         0.      5000.    294037.   4888.13          0.        0.     5000.
   295.00         0.      5000.    293831.   4888.09          0.        0.     5000.
   295.50         0.      5000.    293626.   4888.05          0.        0.     5000.
   296.00         0.      5000.    293420.   4888.01          0.        0.     5000.
   296.50         0.      5000.    293215.   4887.96          0.        0.     5000.
   297.00         0.      5000.    293009.   4887.92          0.        0.     5000.
   297.50         0.      5000.    292804.   4887.88          0.        0.     5000.
   298.00         0.      5000.    292598.   4887.84          0.        0.     5000.
   298.50         0.      5000.    292393.   4887.79          0.        0.     5000.
   299.00         0.      5000.    292187.   4887.75          0.        0.     5000.
   299.50         0.      5000.    291982.   4887.71          0.        0.     5000.
   300.00         0.      5000.    291776.   4887.67          0.        0.     5000.
   300.50         0.      5000.    291571.   4887.62          0.        0.     5000.
   301.00         0.      5000.    291366.   4887.58          0.        0.     5000.
   301.50         0.      5000.    291160.   4887.54          0.        0.     5000.
   302.00         0.      5000.    290955.   4887.50          0.        0.     5000.
   302.50         0.      5000.    290749.   4887.45          0.        0.     5000.
   303.00         0.      5000.    290544.   4887.41          0.        0.     5000.
   303.50         0.      5000.    290338.   4887.37          0.        0.     5000.
   304.00         0.      5000.    290133.   4887.33          0.        0.     5000.
   304.50         0.      5000.    289927.   4887.28          0.        0.     5000.
   305.00         0.      5000.    289722.   4887.24          0.        0.     5000.
   305.50         0.      5000.    289516.   4887.20          0.        0.     5000.
   306.00         0.      5000.    289311.   4887.16          0.        0.     5000.
   306.50         0.      5000.    289105.   4887.11          0.        0.     5000.
   307.00         0.      5000.    288900.   4887.07          0.        0.     5000.
   307.50         0.      5000.    288694.   4887.03          0.        0.     5000.
   308.00         0.      5000.    288489.   4886.99          0.        0.     5000.
   308.50         0.      5000.    288283.   4886.94          0.        0.     5000.
   309.00         0.      5000.    288078.   4886.90          0.        0.     5000.
   309.50         0.      5000.    287872.   4886.86          0.        0.     5000.
   310.00         0.      5000.    287667.   4886.82          0.        0.     5000.
   310.50         0.      5000.    287461.   4886.77          0.        0.     5000.
   311.00         0.      5000.    287256.   4886.73          0.        0.     5000.
   311.50         0.      5000.    287051.   4886.69          0.        0.     5000.
   312.00         0.      5000.    286845.   4886.65          0.        0.     5000.
   312.50         0.      5000.    286640.   4886.60          0.        0.     5000.
   313.00         0.      5000.    286434.   4886.56          0.        0.     5000.
   313.50         0.      5000.    286229.   4886.52          0.        0.     5000.
   314.00         0.      5000.    286023.   4886.48          0.        0.     5000.
   314.50         0.      5000.    285818.   4886.43          0.        0.     5000.
   315.00         0.      5000.    285612.   4886.39          0.        0.     5000.
   315.50         0.      5000.    285407.   4886.35          0.        0.     5000.
   316.00         0.      5000.    285201.   4886.31          0.        0.     5000.
   316.50         0.      5000.    284996.   4886.26          0.        0.     5000.
   317.00         0.      5000.    284790.   4886.22          0.        0.     5000.
   317.50         0.      5000.    284585.   4886.18          0.        0.     5000.
   318.00         0.      5000.    284379.   4886.14          0.        0.     5000.
   318.50         0.      5000.    284174.   4886.09          0.        0.     5000.
   319.00         0.      5000.    283968.   4886.05          0.        0.     5000.
   319.50         0.      5000.    283763.   4886.01          0.        0.     5000.
   320.00         0.      5000.    283557.   4885.97          0.        0.     5000.
   320.50         0.      5000.    283352.   4885.92          0.        0.     5000.
   321.00         0.      5000.    283146.   4885.88          0.        0.     5000.
   321.50         0.      5000.    282941.   4885.84          0.        0.     5000.
   322.00         0.      5000.    282736.   4885.80          0.        0.     5000.
   322.50         0.      5000.    282530.   4885.75          0.        0.     5000.
   323.00         0.      5000.    282325.   4885.71          0.        0.     5000.
   323.50         0.      5000.    282119.   4885.67          0.        0.     5000.
   324.00         0.      5000.    281914.   4885.63          0.        0.     5000.
   324.50         0.      5000.    281708.   4885.58          0.        0.     5000.
   325.00         0.      5000.    281503.   4885.54          0.        0.     5000.
   325.50         0.      5000.    281297.   4885.50          0.        0.     5000.
   326.00         0.      5000.    281092.   4885.46          0.        0.     5000.
   326.50         0.      5000.    280886.   4885.41          0.        0.     5000.
   327.00         0.      5000.    280681.   4885.37          0.        0.     5000.
   327.50         0.      5000.    280475.   4885.33          0.        0.     5000.
   328.00         0.      5000.    280270.   4885.29          0.        0.     5000.
   328.50         0.      5000.    280064.   4885.24          0.        0.     5000.
   329.00         0.      5000.    279859.   4885.20          0.        0.     5000.
   329.50         0.      5000.    279653.   4885.16          0.        0.     5000.
   330.00         0.      5000.    279448.   4885.12          0.        0.     5000.
   330.50         0.      5000.    279242.   4885.07          0.        0.     5000.
   331.00         0.      5000.    279037.   4885.03          0.        0.     5000.
   331.50         0.      5000.    278831.   4884.99          0.        0.     5000.
   332.00         0.      5000.    278626.   4884.95          0.        0.     5000.
   332.50         0.      5000.    278420.   4884.90          0.        0.     5000.
   333.00         0.      5000.    278215.   4884.86          0.        0.     5000.
   333.50         0.      5000.    278010.   4884.82          0.        0.     5000.
   334.00         0.      5000.    277804.   4884.78          0.        0.     5000.
   334.50         0.      5000.    277599.   4884.73          0.        0.     5000.
   335.00         0.      5000.    277393.   4884.69          0.        0.     5000.
   335.50         0.      5000.    277188.   4884.65          0.        0.     5000.
   336.00         0.      5000.    276982.   4884.61          0.        0.     5000.
   336.50         0.      5000.    276777.   4884.56          0.        0.     5000.
   337.00         0.      5000.    276571.   4884.52          0.        0.     5000.
   337.50         0.      5000.    276366.   4884.48          0.        0.     5000.
   338.00         0.      5000.    276160.   4884.44          0.        0.     5000.
   338.50         0.      5000.    275955.   4884.40          0.        0.     5000.
   339.00         0.      5000.    275749.   4884.35          0.        0.     5000.
   339.50         0.      5000.    275544.   4884.31          0.        0.     5000.
   340.00         0.      5000.    275338.   4884.27          0.        0.     5000.
   340.50         0.      5000.    275133.   4884.23          0.        0.     5000.
   341.00         0.      5000.    274927.   4884.18          0.        0.     5000.
   341.50         0.      5000.    274722.   4884.14          0.        0.     5000.
   342.00         0.      5000.    274516.   4884.10          0.        0.     5000.
   342.50         0.      5000.    274311.   4884.06          0.        0.     5000.
   343.00         0.      5000.    274105.   4884.01          0.        0.     5000.
   343.50         0.      5000.    273900.   4883.97          0.        0.     5000.
   344.00         0.      5000.    273694.   4883.93          0.        0.     5000.
   344.50         0.      5000.    273489.   4883.89          0.        0.     5000.
   345.00         0.      5000.    273284.   4883.84          0.        0.     5000.
   345.50         0.      5000.    273078.   4883.80          0.        0.     5000.
   346.00         0.      5000.    272873.   4883.76          0.        0.     5000.
   346.50         0.      5000.    272667.   4883.72          0.        0.     5000.
   347.00         0.      5000.    272462.   4883.67          0.        0.     5000.
   347.50         0.      5000.    272256.   4883.63          0.        0.     5000.
   348.00         0.      5000.    272051.   4883.59          0.        0.     5000.
   348.50         0.      5000.    271845.   4883.55          0.        0.     5000.
   349.00         0.      5000.    271640.   4883.50          0.        0.     5000.
   349.50         0.      5000.    271434.   4883.46          0.        0.     5000.
   350.00         0.      5000.    271229.   4883.42          0.        0.     5000.
   350.50         0.      5000.    271023.   4883.38          0.        0.     5000.
   351.00         0.      5000.    270818.   4883.33          0.        0.     5000.
   351.50         0.      5000.    270612.   4883.29          0.        0.     5000.
   352.00         0.      5000.    270407.   4883.25          0.        0.     5000.
   352.50         0.      5000.    270201.   4883.21          0.        0.     5000.
   353.00         0.      5000.    269996.   4883.16          0.        0.     5000.
   353.50         0.      5000.    269790.   4883.12          0.        0.     5000.
   354.00         0.      5000.    269585.   4883.08          0.        0.     5000.
   354.50         0.      5000.    269379.   4883.04          0.        0.     5000.
   355.00         0.      5000.    269174.   4882.99          0.        0.     5000.
   355.50         0.      5000.    268968.   4882.95          0.        0.     5000.
   356.00         0.      5000.    268763.   4882.91          0.        0.     5000.
   356.50         0.      5000.    268558.   4882.87          0.        0.     5000.
   357.00         0.      5000.    268352.   4882.82          0.        0.     5000.
   357.50         0.      5000.    268147.   4882.78          0.        0.     5000.
   358.00         0.      5000.    267941.   4882.74          0.        0.     5000.
   358.50         0.      5000.    267736.   4882.70          0.        0.     5000.
   359.00         0.      5000.    267530.   4882.65          0.        0.     5000.
   359.50         0.      5000.    267325.   4882.61          0.        0.     5000.
   360.00         0.      5000.    267119.   4882.57          0.        0.     5000.
1



      INFLOW DATA                           STORAGE DATA
      ***********                           ************
     TIME    INFLOW                     ELEVATION     STORAGE

     0.50         0.                      4753.20          0.
     1.00         0.                      4754.00          5.
     1.50         0.                      4760.00        853.
     2.00         0.                      4770.00       5056.
     2.50         0.                      4780.00      11677.
     3.00         0.                      4790.00      20701.
     3.50         0.                      4800.00      32214.
     4.00         0.                      4810.00      46676.
     4.50         0.                      4820.00      64861.
     5.00         0.                      4830.00      86629.
     5.50         0.                      4840.00     112286.
     6.00         0.                      4850.00     141401.
     6.50         0.                      4860.00     174439.
     7.00         0.                      4870.00     212059.
     7.50         0.                      4880.00     254696.
     8.00         0.                      4890.00     303066.
     8.50         0.                      4900.00     357369.
     9.00         0.                      4910.00     418864.
     9.50         0.                      4920.00     488871.
    10.00         0.                      4924.00     519654.
    10.50         0.                      4924.50     523636.
    11.00         0.                      4925.00     527626.
    11.50         0.                      4925.50     531626.
    12.00         0.                      4926.00     535626.
    12.50         0.                      4930.00     569747.
    13.00         0.                      4935.00     604527.
    13.50         0.
    14.00         0.
    14.50         0.
    15.00         0.
    15.50         0.
    16.00         0.
    16.50         0.
    17.00         0.
    17.50         0.
    18.00         0.
    18.50         0.
    19.00         0.
    19.50         0.
    20.00         0.
    20.50         0.
    21.00         0.
    21.50         0.
    22.00         0.
    22.50         0.
    23.00         0.
    23.50         0.
    24.00         0.
    24.50         0.
    25.00         0.
    25.50         0.
    26.00         0.
    26.50         0.
    27.00         0.
    27.50         0.
    28.00         0.
    28.50         0.
    29.00         0.
    29.50         0.
    30.00         0.
    30.50         0.
    31.00         0.
    31.50         0.
    32.00         0.
    32.50         0.
    33.00         0.
    33.50         0.
    34.00         0.
    34.50         0.
    35.00         0.
    35.50         0.
    36.00         0.
    36.50         0.
    37.00         0.
    37.50         0.
    38.00         0.
    38.50         0.
    39.00         0.
    39.50         0.
    40.00         0.
    40.50         0.
    41.00         0.
    41.50         0.
    42.00         0.
    42.50         0.
    43.00         0.
    43.50         0.
    44.00         0.
    44.50         0.
    45.00         0.
    45.50         0.
    46.00         0.
    46.50         0.
    47.00         0.
    47.50         0.
    48.00         0.
    48.50         0.
    49.00         0.
    49.50         0.
    50.00         0.
    50.50         0.
    51.00         0.
    51.50         0.
    52.00         0.
    52.50         0.
    53.00         0.
    53.50         0.
    54.00         0.
    54.50         0.
    55.00         0.
    55.50         0.
    56.00         0.
    56.50         0.
    57.00         0.
    57.50         0.
    58.00         0.
    58.50        28.
    59.00        57.
    59.50        85.
    60.00       113.
    60.50       141.
    61.00       254.
    61.50       424.
    62.00       678.
    62.50      1017.
    63.00      1526.
    63.50      2600.
    64.00      5397.
    64.50     28115.
    65.00     50975.
    65.50     60413.
    66.00     66544.
    66.50     71489.
    67.00     75897.
    67.50     79994.
    68.00     83979.
    68.50     87991.
    69.00     91777.
    69.50     94857.
    70.00     97203.
    70.50     98672.
    71.00     99520.
    71.50     99915.
    72.00    100000.
    72.50     99859.
    73.00     99689.
    73.50     99520.
    74.00     99407.
    74.50     99350.
    75.00     99237.
    75.50     99068.
    76.00     98757.
    76.50     98248.
    77.00     97344.
    77.50     96214.
    78.00     94716.
    78.50     92964.
    79.00     90901.
    79.50     88754.
    80.00     86324.
    80.50     83809.
    81.00     81125.
    81.50     78242.
    82.00     75332.
    82.50     72393.
    83.00     69455.
    83.50     66544.
    84.00     63662.
    84.50     60836.
    85.00     58067.
    85.50     55270.
    86.00     52529.
    86.50     49873.
    87.00     47245.
    87.50     44702.
    88.00     42300.
    88.50     40011.
    89.00     37864.
    89.50     35801.
    90.00     33880.
    90.50     32071.
    91.00     30404.
    91.50     28878.
    92.00     27437.
    92.50     26053.
    93.00     24696.
    93.50     23425.
    94.00     22153.
    94.50     20966.
    95.00     19808.
    95.50     18762.
    96.00     17802.
    96.50     16813.
    97.00     15993.
    97.50     15174.
    98.00     14383.
    98.50     13620.
    99.00     12970.
    99.50     12348.
   100.00     11726.
   100.50     11190.
   101.00     10653.
   101.50     10201.
   102.00      9777.
   102.50      9353.
   103.00      8986.
   103.50      8590.
   104.00      8223.
   104.50      7884.
   105.00      7545.
   105.50      7262.
   106.00      6979.
   106.50      6725.
   107.00      6471.
   107.50      6245.
   108.00      6047.
   108.50      5821.
   109.00      5623.
   109.50      5425.
   110.00      5227.
   110.50      5086.
   111.00      4917.
   111.50      4775.
   112.00      4606.
   112.50      4493.
   113.00      4352.
   113.50      4210.
   114.00      4097.
   114.50      3984.
   115.00      3871.
   115.50      3758.
   116.00      3673.
   116.50      3560.
   117.00      3476.
   117.50      3391.
   118.00      3306.
   118.50      3221.
   119.00      3136.
   119.50      3052.
   120.00      2995.
   120.50      2910.
   121.00      2854.
   121.50      2769.
   122.00      2713.
   122.50      2656.
   123.00      2600.
   123.50      2543.
   124.00      2487.
   124.50      2430.
   125.00      2374.
   125.50      2317.
   126.00      2289.
   126.50      2232.
   127.00      2176.
   127.50      2147.
   128.00      2091.
   128.50      2063.
   129.00         0.
   129.50         0.
   130.00         0.
   130.50         0.
   131.00         0.
   131.50         0.
   132.00         0.
   132.50         0.
   133.00         0.
   133.50         0.
   134.00         0.
   134.50         0.
   135.00         0.
   135.50         0.
   136.00         0.
   136.50         0.
   137.00         0.
   137.50         0.
   138.00         0.
   138.50         0.
   139.00         0.
   139.50         0.
   140.00         0.
   140.50         0.
   141.00         0.
   141.50         0.
   142.00         0.
   142.50         0.
   143.00         0.
   143.50         0.
   144.00         0.
   144.50         0.
   145.00         0.
   145.50         0.
   146.00         0.
   146.50         0.
   147.00         0.
   147.50         0.
   148.00         0.
   148.50         0.
   149.00         0.
   149.50         0.
   150.00         0.
   150.50         0.
   151.00         0.
   151.50         0.
   152.00         0.
   152.50         0.
   153.00         0.
   153.50         0.
   154.00         0.
   154.50         0.
   155.00         0.
   155.50         0.
   156.00         0.
   156.50         0.
   157.00         0.
   157.50         0.
   158.00         0.
   158.50         0.
   159.00         0.
   159.50         0.
   160.00         0.
   160.50         0.
   161.00         0.
   161.50         0.
   162.00         0.
   162.50         0.
   163.00         0.
   163.50         0.
   164.00         0.
   164.50         0.
   165.00         0.
   165.50         0.
   166.00         0.
   166.50         0.
   167.00         0.
   167.50         0.
   168.00         0.
   168.50         0.
   169.00         0.
   169.50         0.
   170.00         0.
   170.50         0.
   171.00         0.
   171.50         0.
   172.00         0.
   172.50         0.
   173.00         0.
   173.50         0.
   174.00         0.
   174.50         0.
   175.00         0.
   175.50         0.
   176.00         0.
   176.50         0.
   177.00         0.
   177.50         0.
   178.00         0.
   178.50         0.
   179.00         0.
   179.50         0.
   180.00         0.
   180.50         0.
   181.00         0.
   181.50         0.
   182.00         0.
   182.50         0.
   183.00         0.
   183.50         0.
   184.00         0.
   184.50         0.
   185.00         0.
   185.50         0.
   186.00         0.
   186.50         0.
   187.00         0.
   187.50         0.
   188.00         0.
   188.50         0.
   189.00         0.
   189.50         0.
   190.00         0.
   190.50         0.
   191.00         0.
   191.50         0.
   192.00         0.
   192.50         0.
   193.00         0.
   193.50         0.
   194.00         0.
   194.50         0.
   195.00         0.
   195.50         0.
   196.00         0.
   196.50         0.
   197.00         0.
   197.50         0.
   198.00         0.
   198.50         0.
   199.00         0.
   199.50         0.
   200.00         0.
   200.50         0.
   201.00         0.
   201.50         0.
   202.00         0.
   202.50         0.
   203.00         0.
   203.50         0.
   204.00         0.
   204.50         0.
   205.00         0.
   205.50         0.
   206.00         0.
   206.50         0.
   207.00         0.
   207.50         0.
   208.00         0.
   208.50         0.
   209.00         0.
   209.50         0.
   210.00         0.
   210.50         0.
   211.00         0.
   211.50         0.
   212.00         0.
   212.50         0.
   213.00         0.
   213.50         0.
   214.00         0.
   214.50         0.
   215.00         0.
   215.50         0.
   216.00         0.
   216.50         0.
   217.00         0.
   217.50         0.
   218.00         0.
   218.50         0.
   219.00         0.
   219.50         0.
   220.00         0.
   220.50         0.
   221.00         0.
   221.50         0.
   222.00         0.
   222.50         0.
   223.00         0.
   223.50         0.
   224.00         0.
   224.50         0.
   225.00         0.
   225.50         0.
   226.00         0.
   226.50         0.
   227.00         0.
   227.50         0.
   228.00         0.
   228.50         0.
   229.00         0.
   229.50         0.
   230.00         0.
   230.50         0.
   231.00         0.
   231.50         0.
   232.00         0.
   232.50         0.
   233.00         0.
   233.50         0.
   234.00         0.
   234.50         0.
   235.00         0.
   235.50         0.
   236.00         0.
   236.50         0.
   237.00         0.
   237.50         0.
   238.00         0.
   238.50         0.
   239.00         0.
   239.50         0.
   240.00         0.
   240.50         0.
   241.00         0.
   241.50         0.
   242.00         0.
   242.50         0.
   243.00         0.
   243.50         0.
   244.00         0.
   244.50         0.
   245.00         0.
   245.50         0.
   246.00         0.
   246.50         0.
   247.00         0.
   247.50         0.
   248.00         0.
   248.50         0.
   249.00         0.
   249.50         0.
   250.00         0.
   250.50         0.
   251.00         0.
   251.50         0.
   252.00         0.
   252.50         0.
   253.00         0.
   253.50         0.
   254.00         0.
   254.50         0.
   255.00         0.
   255.50         0.
   256.00         0.
   256.50         0.
   257.00         0.
   257.50         0.
   258.00         0.
   258.50         0.
   259.00         0.
   259.50         0.
   260.00         0.
   260.50         0.
   261.00         0.
   261.50         0.
   262.00         0.
   262.50         0.
   263.00         0.
   263.50         0.
   264.00         0.
   264.50         0.
   265.00         0.
   265.50         0.
   266.00         0.
   266.50         0.
   267.00         0.
   267.50         0.
   268.00         0.
   268.50         0.
   269.00         0.
   269.50         0.
   270.00         0.
   270.50         0.
   271.00         0.
   271.50         0.
   272.00         0.
   272.50         0.
   273.00         0.
   273.50         0.
   274.00         0.
   274.50         0.
   275.00         0.
   275.50         0.
   276.00         0.
   276.50         0.
   277.00         0.
   277.50         0.
   278.00         0.
   278.50         0.
   279.00         0.
   279.50         0.
   280.00         0.
   280.50         0.
   281.00         0.
   281.50         0.
   282.00         0.
   282.50         0.
   283.00         0.
   283.50         0.
   284.00         0.
   284.50         0.
   285.00         0.
   285.50         0.
   286.00         0.
   286.50         0.
   287.00         0.
   287.50         0.
   288.00         0.
   288.50         0.
   289.00         0.
   289.50         0.
   290.00         0.
   290.50         0.
   291.00         0.
   291.50         0.
   292.00         0.
   292.50         0.
   293.00         0.
   293.50         0.
   294.00         0.
   294.50         0.
   295.00         0.
   295.50         0.
   296.00         0.
   296.50         0.
   297.00         0.
   297.50         0.
   298.00         0.
   298.50         0.
   299.00         0.
   299.50         0.
   300.00         0.
   300.50         0.
   301.00         0.
   301.50         0.
   302.00         0.
   302.50         0.
   303.00         0.
   303.50         0.
   304.00         0.
   304.50         0.
   305.00         0.
   305.50         0.
   306.00         0.
   306.50         0.
   307.00         0.
   307.50         0.
   308.00         0.
   308.50         0.
   309.00         0.
   309.50         0.
   310.00         0.
   310.50         0.
   311.00         0.
   311.50         0.
   312.00         0.
   312.50         0.
   313.00         0.
   313.50         0.
   314.00         0.
   314.50         0.
   315.00         0.
   315.50         0.
   316.00         0.
   316.50         0.
   317.00         0.
   317.50         0.
   318.00         0.
   318.50         0.
   319.00         0.
   319.50         0.
   320.00         0.
   320.50         0.
   321.00         0.
   321.50         0.
   322.00         0.
   322.50         0.
   323.00         0.
   323.50         0.
   324.00         0.
   324.50         0.
   325.00         0.
   325.50         0.
   326.00         0.
   326.50         0.
   327.00         0.
   327.50         0.
   328.00         0.
   328.50         0.
   329.00         0.
   329.50         0.
   330.00         0.
   330.50         0.
   331.00         0.
   331.50         0.
   332.00         0.
   332.50         0.
   333.00         0.
   333.50         0.
   334.00         0.
   334.50         0.
   335.00         0.
   335.50         0.
   336.00         0.
   336.50         0.
   337.00         0.
   337.50         0.
   338.00         0.
   338.50         0.
   339.00         0.
   339.50         0.
   340.00         0.
   340.50         0.
   341.00         0.
   341.50         0.
   342.00         0.
   342.50         0.
   343.00         0.
   343.50         0.
   344.00         0.
   344.50         0.
   345.00         0.
   345.50         0.
   346.00         0.
   346.50         0.
   347.00         0.
   347.50         0.
   348.00         0.
   348.50         0.
   349.00         0.
   349.50         0.
   350.00         0.
   350.50         0.
   351.00         0.
   351.50         0.
   352.00         0.
   352.50         0.
   353.00         0.
   353.50         0.
   354.00         0.
   354.50         0.
   355.00         0.
   355.50         0.
   356.00         0.
   356.50         0.
   357.00         0.
   357.50         0.
   358.00         0.
   358.50         0.
   359.00         0.
   359.50         0.
   360.00         0.
1


  DISCHARGE VS ELEVATION
  **********************
  ELEVATION  DISCHARGE

    4880.49      5000.
    4890.00      5000.
    4898.70      5000.
    4900.00      5000.
    4902.00     10000.
    4904.00     22500.
    4906.00     37500.
    4908.00     56000.
    4910.00     77000.
    4912.00    100000.
    4914.00    125000.
    4916.00    153000.
    4920.00    212000.
    4924.00    270000.
    4928.00    328000.
    4930.00    357000.
    4935.00    429500.
