
                     UNITED STATES BUREAU OF RECLAMATION
                       ENGINEERING AND RESEARCH CENTER

                            FLOOD ROUTING FOR DAMS
                            ----------------------

      FEATURE: Pueblo Dam                               DATE    **/ 1/  26
      FLOOD: TREX Test Run & PMF snow                   TIME    **:**:03.**
      TITLE: Full TREX Routing             
      DATA FILE: fs12-13sn.in                                                   

      FLOOD ROUTING SUMMARY
      *********************

         BEGINNING HOUR OF ROUTING.......................      0.50
         ENDING HOUR OF ROUTING..........................    360.00
         INITIAL RESERVOIR ELEVATION.....................   4880.49 FT
         MINIMUM OR NORMAL POOL ELEV.....................   4880.49 FT
         MAXIMUM RESERVOIR ELEVATION.....   4918.72 AT HOUR   81.50
         INFLOW PEAK DISCHARGE...........   260128. AT HOUR   72.00
         MAXIMUM TOTAL OUTFLOW...........   193174. AT HOUR   81.50
         ELEVATION TOLERANCE.............................    0.0100 FT
         INFLOW HYDROGRAPH ADJUSTMENT FACTOR.............      1.00
         IPC OPTIONS (1 TO 10)...........................3100100021

      WATERWAY PARAMETERS
      *******************

         WATERWAY NO. 1 - Top of Dam                    

         TYPE-BROAD OR SHARP CRESTED WEIR
         CONSTANT DISCHARGE COEFFICIENT..................      2.67
         CREST ELEVATION.................................   4925.25 FT
         CREST LENGTH....................................   1200.50 FT
         MAXIMUM DISCHARGE...............        0. AT HOUR    0.50

         WATERWAY NO. 2 - Embankment "wings"            

         TYPE-BROAD OR SHARP CRESTED WEIR
         CONSTANT DISCHARGE COEFFICIENT..................      2.62
         CREST ELEVATION.................................   4925.00 FT
         CREST LENGTH....................................   8480.00 FT
         MAXIMUM DISCHARGE...............        0. AT HOUR    0.50
1

                     ROUTING RESULTS                          DISCHARGE RESULTS
                     ***************                          *****************

    TIME     INFLOW    OUTFLOW    STORAGE   ELEVATION        WATERWAY         RATING
                                                           1         2        CURVE

     0.50      5527.      5000.    257067.   4880.49          0.        0.     5000.
     1.00      5557.      5000.    257089.   4880.49          0.        0.     5000.
     1.50      5587.      5000.    257112.   4880.50          0.        0.     5000.
     2.00      5617.      5000.    257138.   4880.50          0.        0.     5000.
     2.50      5647.      5000.    257164.   4880.51          0.        0.     5000.
     3.00      5677.      5000.    257192.   4880.52          0.        0.     5000.
     3.50      5707.      5000.    257221.   4880.52          0.        0.     5000.
     4.00      5737.      5000.    257251.   4880.53          0.        0.     5000.
     4.50      5766.      5000.    257282.   4880.53          0.        0.     5000.
     5.00      5796.      5000.    257315.   4880.54          0.        0.     5000.
     5.50      5825.      5000.    257348.   4880.55          0.        0.     5000.
     6.00      5855.      5000.    257384.   4880.56          0.        0.     5000.
     6.50      5884.      5000.    257419.   4880.56          0.        0.     5000.
     7.00      5913.      5000.    257457.   4880.57          0.        0.     5000.
     7.50      5941.      5000.    257495.   4880.58          0.        0.     5000.
     8.00      5970.      5000.    257535.   4880.59          0.        0.     5000.
     8.50      5999.      5000.    257575.   4880.60          0.        0.     5000.
     9.00      6027.      5000.    257618.   4880.60          0.        0.     5000.
     9.50      6056.      5000.    257660.   4880.61          0.        0.     5000.
    10.00      6084.      5000.    257705.   4880.62          0.        0.     5000.
    10.50      6112.      5000.    257750.   4880.63          0.        0.     5000.
    11.00      6140.      5000.    257797.   4880.64          0.        0.     5000.
    11.50      6167.      5000.    257844.   4880.65          0.        0.     5000.
    12.00      6195.      5000.    257894.   4880.66          0.        0.     5000.
    12.50      6222.      5000.    257944.   4880.67          0.        0.     5000.
    13.00      6249.      5000.    257995.   4880.68          0.        0.     5000.
    13.50      6276.      5000.    258047.   4880.69          0.        0.     5000.
    14.00      6303.      5000.    258102.   4880.70          0.        0.     5000.
    14.50      6330.      5000.    258156.   4880.72          0.        0.     5000.
    15.00      6357.      5000.    258213.   4880.73          0.        0.     5000.
    15.50      6383.      5000.    258269.   4880.74          0.        0.     5000.
    16.00      6409.      5000.    258326.   4880.75          0.        0.     5000.
    16.50      6435.      5000.    258385.   4880.76          0.        0.     5000.
    17.00      6461.      5000.    258444.   4880.77          0.        0.     5000.
    17.50      6487.      5000.    258506.   4880.79          0.        0.     5000.
    18.00      6512.      5000.    258567.   4880.80          0.        0.     5000.
    18.50      6537.      5000.    258631.   4880.81          0.        0.     5000.
    19.00      6562.      5000.    258695.   4880.83          0.        0.     5000.
    19.50      6587.      5000.    258761.   4880.84          0.        0.     5000.
    20.00      6612.      5000.    258827.   4880.85          0.        0.     5000.
    20.50      6636.      5000.    258893.   4880.87          0.        0.     5000.
    21.00      6661.      5000.    258961.   4880.88          0.        0.     5000.
    21.50      6685.      5000.    259030.   4880.90          0.        0.     5000.
    22.00      6708.      5000.    259101.   4880.91          0.        0.     5000.
    22.50      6732.      5000.    259172.   4880.93          0.        0.     5000.
    23.00      6755.      5000.    259245.   4880.94          0.        0.     5000.
    23.50      6778.      5000.    259318.   4880.96          0.        0.     5000.
    24.00      6801.      5000.    259391.   4880.97          0.        0.     5000.
    24.50      6824.      5000.    259467.   4880.99          0.        0.     5000.
    25.00      6846.      5000.    259542.   4881.00          0.        0.     5000.
    25.50      6869.      5000.    259618.   4881.02          0.        0.     5000.
    26.00      6890.      5000.    259696.   4881.03          0.        0.     5000.
    26.50      6912.      5000.    259774.   4881.05          0.        0.     5000.
    27.00      6934.      5000.    259854.   4881.07          0.        0.     5000.
    27.50      6955.      5000.    259935.   4881.08          0.        0.     5000.
    28.00      6976.      5000.    260015.   4881.10          0.        0.     5000.
    28.50      6997.      5000.    260097.   4881.12          0.        0.     5000.
    29.00      7017.      5000.    260180.   4881.13          0.        0.     5000.
    29.50      7038.      5000.    260263.   4881.15          0.        0.     5000.
    30.00      7058.      5000.    260348.   4881.17          0.        0.     5000.
    30.50      7078.      5000.    260433.   4881.19          0.        0.     5000.
    31.00      7098.      5000.    260520.   4881.20          0.        0.     5000.
    31.50      7117.      5000.    260608.   4881.22          0.        0.     5000.
    32.00      7137.      5000.    260695.   4881.24          0.        0.     5000.
    32.50      7156.      5000.    260785.   4881.26          0.        0.     5000.
    33.00      7175.      5000.    260875.   4881.28          0.        0.     5000.
    33.50      7195.      5000.    260964.   4881.30          0.        0.     5000.
    34.00      7214.      5000.    261056.   4881.31          0.        0.     5000.
    34.50      7233.      5000.    261148.   4881.33          0.        0.     5000.
    35.00      7251.      5000.    261241.   4881.35          0.        0.     5000.
    35.50      7270.      5000.    261335.   4881.37          0.        0.     5000.
    36.00      7289.      5000.    261430.   4881.39          0.        0.     5000.
    36.50      7307.      5000.    261524.   4881.41          0.        0.     5000.
    37.00      7326.      5000.    261621.   4881.43          0.        0.     5000.
    37.50      7344.      5000.    261718.   4881.45          0.        0.     5000.
    38.00      7363.      5000.    261815.   4881.47          0.        0.     5000.
    38.50      7381.      5000.    261914.   4881.49          0.        0.     5000.
    39.00      7399.      5000.    262013.   4881.51          0.        0.     5000.
    39.50      7418.      5000.    262112.   4881.53          0.        0.     5000.
    40.00      7436.      5000.    262211.   4881.55          0.        0.     5000.
    40.50      7454.      5000.    262313.   4881.57          0.        0.     5000.
    41.00      7473.      5000.    262414.   4881.60          0.        0.     5000.
    41.50      7491.      5000.    262516.   4881.62          0.        0.     5000.
    42.00      7509.      5000.    262620.   4881.64          0.        0.     5000.
    42.50      7528.      5000.    262724.   4881.66          0.        0.     5000.
    43.00      7546.      5000.    262828.   4881.68          0.        0.     5000.
    43.50      7565.      5000.    262934.   4881.70          0.        0.     5000.
    44.00      7583.      5000.    263040.   4881.73          0.        0.     5000.
    44.50      7602.      5000.    263147.   4881.75          0.        0.     5000.
    45.00      7620.      5000.    263255.   4881.77          0.        0.     5000.
    45.50      7639.      5000.    263364.   4881.79          0.        0.     5000.
    46.00      7658.      5000.    263473.   4881.81          0.        0.     5000.
    46.50      7677.      5000.    263584.   4881.84          0.        0.     5000.
    47.00      7696.      5000.    263695.   4881.86          0.        0.     5000.
    47.50      7715.      5000.    263806.   4881.88          0.        0.     5000.
    48.00      7734.      5000.    263919.   4881.91          0.        0.     5000.
    48.50      7754.      5000.    264032.   4881.93          0.        0.     5000.
    49.00      7773.      5000.    264146.   4881.95          0.        0.     5000.
    49.50      7794.      5000.    264261.   4881.98          0.        0.     5000.
    50.00      7815.      5000.    264377.   4882.00          0.        0.     5000.
    50.50      7838.      5000.    264493.   4882.03          0.        0.     5000.
    51.00      7860.      5000.    264611.   4882.05          0.        0.     5000.
    51.50      7883.      5000.    264729.   4882.07          0.        0.     5000.
    52.00      7907.      5000.    264849.   4882.10          0.        0.     5000.
    52.50      7931.      5000.    264970.   4882.12          0.        0.     5000.
    53.00      7956.      5000.    265090.   4882.15          0.        0.     5000.
    53.50      7981.      5000.    265213.   4882.17          0.        0.     5000.
    54.00      8006.      5000.    265336.   4882.20          0.        0.     5000.
    54.50      8032.      5000.    265461.   4882.23          0.        0.     5000.
    55.00      8058.      5000.    265586.   4882.25          0.        0.     5000.
    55.50      8084.      5000.    265714.   4882.28          0.        0.     5000.
    56.00      8110.      5000.    265841.   4882.30          0.        0.     5000.
    56.50      8136.      5000.    265971.   4882.33          0.        0.     5000.
    57.00      8162.      5000.    266101.   4882.36          0.        0.     5000.
    57.50      8197.      5000.    266233.   4882.39          0.        0.     5000.
    58.00      8268.      5000.    266368.   4882.41          0.        0.     5000.
    58.50      8354.      5000.    266505.   4882.44          0.        0.     5000.
    59.00      8450.      5000.    266647.   4882.47          0.        0.     5000.
    59.50      8567.      5000.    266791.   4882.50          0.        0.     5000.
    60.00      8791.      5000.    266942.   4882.53          0.        0.     5000.
    60.50      9250.      5000.    267107.   4882.57          0.        0.     5000.
    61.00      9966.      5000.    267299.   4882.61          0.        0.     5000.
    61.50     11103.      5000.    267528.   4882.65          0.        0.     5000.
    62.00     13800.      5000.    267835.   4882.72          0.        0.     5000.
    62.50     27535.      5000.    268482.   4882.85          0.        0.     5000.
    63.00     86770.      5000.    270636.   4883.30          0.        0.     5000.
    63.50    114941.      5000.    274597.   4884.11          0.        0.     5000.
    64.00    130949.      5000.    279471.   4885.12          0.        0.     5000.
    64.50    143952.      5000.    284944.   4886.25          0.        0.     5000.
    65.00    156266.      5000.    290940.   4887.49          0.        0.     5000.
    65.50    168542.      5000.    297445.   4888.84          0.        0.     5000.
    66.00    180326.      5000.    304447.   4890.25          0.        0.     5000.
    66.50    190445.      5000.    311901.   4891.63          0.        0.     5000.
    67.00    199122.      5000.    319744.   4893.07          0.        0.     5000.
    67.50    207270.      5000.    327935.   4894.58          0.        0.     5000.
    68.00    215702.      5000.    336467.   4896.15          0.        0.     5000.
    68.50    224575.      5000.    345358.   4897.79          0.        0.     5000.
    69.00    233363.      5000.    354611.   4899.49          0.        0.     5000.
    69.50    241391.      7760.    364158.   4901.10          0.        0.     7760.
    70.00    248197.     14221.    373821.   4902.68          0.        0.    14221.
    70.50    253606.     24247.    383399.   4904.23          0.        0.    24247.
    71.00    257451.     35618.    392723.   4905.75          0.        0.    35618.
    71.50    259609.     48629.    401665.   4907.20          0.        0.    48629.
    72.00    260128.     62086.    410129.   4908.58          0.        0.    62086.
    72.50    259402.     75559.    418020.   4909.86          0.        0.    75559.
    73.00    258061.     87635.    425338.   4910.92          0.        0.    87635.
    73.50    256550.     98776.    432120.   4911.89          0.        0.    98776.
    74.00    254956.    109869.    438393.   4912.79          0.        0.   109869.
    74.50    253235.    120129.    444139.   4913.61          0.        0.   120129.
    75.00    251413.    130079.    449407.   4914.36          0.        0.   130079.
    75.50    249470.    139629.    454182.   4915.04          0.        0.   139629.
    76.00    247168.    148256.    458496.   4915.66          0.        0.   148256.
    76.50    244426.    156155.    462365.   4916.21          0.        0.   156155.
    77.00    241664.    163407.    465808.   4916.71          0.        0.   163407.
    77.50    238556.    169810.    468847.   4917.14          0.        0.   169810.
    78.00    234590.    175377.    471489.   4917.52          0.        0.   175377.
    78.50    229998.    180123.    473742.   4917.84          0.        0.   180123.
    79.00    225002.    184077.    475618.   4918.11          0.        0.   184077.
    79.50    219678.    187268.    477133.   4918.32          0.        0.   187268.
    80.00    214055.    189738.    478305.   4918.49          0.        0.   189738.
    80.50    208159.    191524.    479153.   4918.61          0.        0.   191524.
    81.00    202062.    192655.    479689.   4918.69          0.        0.   192655.
    81.50    195745.    193174.    479936.   4918.72          0.        0.   193174.
    82.00    189278.    193116.    479908.   4918.72          0.        0.   193116.
    82.50    182757.    192525.    479628.   4918.68          0.        0.   192525.
    83.00    176228.    191438.    479112.   4918.61          0.        0.   191438.
    83.50    169680.    189897.    478380.   4918.50          0.        0.   189897.
    84.00    163115.    187938.    477450.   4918.37          0.        0.   187938.
    84.50    156539.    185590.    476336.   4918.21          0.        0.   185590.
    85.00    149959.    182889.    475054.   4918.03          0.        0.   182889.
    85.50    143408.    179871.    473622.   4917.82          0.        0.   179871.
    86.00    136902.    176558.    472050.   4917.60          0.        0.   176558.
    86.50    130481.    172979.    470351.   4917.35          0.        0.   172979.
    87.00    124217.    169169.    468542.   4917.10          0.        0.   169169.
    87.50    118168.    165164.    466642.   4916.82          0.        0.   165164.
    88.00    112366.    161002.    464666.   4916.54          0.        0.   161002.
    88.50    106849.    156716.    462632.   4916.25          0.        0.   156716.
    89.00    101646.    152371.    460554.   4915.96          0.        0.   152371.
    89.50     96755.    148153.    458445.   4915.65          0.        0.   148153.
    90.00     92142.    143895.    456315.   4915.35          0.        0.   143895.
    90.50     87791.    139615.    454175.   4915.04          0.        0.   139615.
    91.00     83682.    135343.    452039.   4914.74          0.        0.   135343.
    91.50     79801.    131091.    449913.   4914.44          0.        0.   131091.
    92.00     76108.    126873.    447803.   4914.13          0.        0.   126873.
    92.50     72623.    122949.    445718.   4913.84          0.        0.   122949.
    93.00     69057.    119238.    443640.   4913.54          0.        0.   119238.
    93.50     65525.    115540.    441568.   4913.24          0.        0.   115540.
    94.00     62046.    111859.    439507.   4912.95          0.        0.   111859.
    94.50     58718.    108197.    437456.   4912.66          0.        0.   108197.
    95.00     55586.    104565.    435422.   4912.37          0.        0.   104565.
    95.50     52670.    100977.    433412.   4912.08          0.        0.   100977.
    96.00     49960.     97647.    431433.   4911.80          0.        0.    97647.
    96.50     47440.     94435.    429478.   4911.52          0.        0.    94435.
    97.00     45083.     91274.    427553.   4911.24          0.        0.    91274.
    97.50     42928.     88169.    425663.   4910.97          0.        0.    88169.
    98.00     40981.     85136.    423817.   4910.71          0.        0.    85136.
    98.50     39165.     82177.    422016.   4910.45          0.        0.    82177.
    99.00     37519.     79297.    420262.   4910.20          0.        0.    79297.
    99.50     35925.     76482.    418561.   4909.95          0.        0.    76482.
   100.00     34500.     73667.    416912.   4909.68          0.        0.    73667.
   100.50     33114.     70950.    415321.   4909.42          0.        0.    70950.
   101.00     31858.     68330.    413786.   4909.17          0.        0.    68330.
   101.50     30709.     65808.    412309.   4908.93          0.        0.    65808.
   102.00     29550.     63378.    410886.   4908.70          0.        0.    63378.
   102.50     28553.     61040.    409517.   4908.48          0.        0.    61040.
   103.00     27576.     58794.    408201.   4908.27          0.        0.    58794.
   103.50     26656.     56636.    406937.   4908.06          0.        0.    56636.
   104.00     25796.     54735.    405724.   4907.86          0.        0.    54735.
   104.50     24998.     52965.    404547.   4907.67          0.        0.    52965.
   105.00     24301.     51258.    403412.   4907.49          0.        0.    51258.
   105.50     23601.     49614.    402319.   4907.31          0.        0.    49614.
   106.00     22932.     48024.    401262.   4907.14          0.        0.    48024.
   106.50     22310.     46493.    400244.   4906.97          0.        0.    46493.
   107.00     21733.     45016.    399262.   4906.81          0.        0.    45016.
   107.50     21200.     43597.    398320.   4906.66          0.        0.    43597.
   108.00     20726.     42233.    397413.   4906.51          0.        0.    42233.
   108.50     20265.     40924.    396542.   4906.37          0.        0.    40924.
   109.00     19807.     39663.    395704.   4906.23          0.        0.    39663.
   109.50     19361.     38453.    394900.   4906.10          0.        0.    38453.
   110.00     18934.     37328.    394125.   4905.98          0.        0.    37328.
   110.50     18530.     36412.    393374.   4905.85          0.        0.    36412.
   111.00     18152.     35522.    392645.   4905.74          0.        0.    35522.
   111.50     17802.     34658.    391936.   4905.62          0.        0.    34658.
   112.00     17487.     33823.    391251.   4905.51          0.        0.    33823.
   112.50     17184.     33014.    390588.   4905.40          0.        0.    33014.
   113.00     16881.     32227.    389942.   4905.30          0.        0.    32227.
   113.50     16609.     31465.    389318.   4905.20          0.        0.    31465.
   114.00     16354.     30729.    388714.   4905.10          0.        0.    30729.
   114.50     16110.     30015.    388129.   4905.00          0.        0.    30015.
   115.00     15861.     29326.    387564.   4904.91          0.        0.    29326.
   115.50     15618.     28660.    387018.   4904.82          0.        0.    28660.
   116.00     15380.     28011.    386486.   4904.73          0.        0.    28011.
   116.50     15158.     27385.    385973.   4904.65          0.        0.    27385.
   117.00     14965.     26781.    385477.   4904.57          0.        0.    26781.
   117.50     14785.     26195.    384997.   4904.49          0.        0.    26195.
   118.00     14607.     25631.    384534.   4904.42          0.        0.    25631.
   118.50     14431.     25085.    384087.   4904.34          0.        0.    25085.
   119.00     14271.     24558.    383655.   4904.27          0.        0.    24558.
   119.50     14114.     24049.    383237.   4904.21          0.        0.    24049.
   120.00     13959.     23558.    382835.   4904.14          0.        0.    23558.
   120.50     13811.     23082.    382444.   4904.08          0.        0.    23082.
   121.00     13675.     22625.    382069.   4904.02          0.        0.    22625.
   121.50     13541.     22234.    381706.   4903.96          0.        0.    22234.
   122.00     13407.     21874.    381351.   4903.90          0.        0.    21874.
   122.50     13277.     21523.    381006.   4903.84          0.        0.    21523.
   123.00     13156.     21182.    380670.   4903.79          0.        0.    21182.
   123.50     13039.     20849.    380343.   4903.74          0.        0.    20849.
   124.00     12923.     20526.    380024.   4903.68          0.        0.    20526.
   124.50     12811.     20211.    379715.   4903.63          0.        0.    20211.
   125.00     12704.     19906.    379415.   4903.58          0.        0.    19906.
   125.50     12605.     19607.    379120.   4903.54          0.        0.    19607.
   126.00     12509.     19317.    378835.   4903.49          0.        0.    19317.
   126.50     12414.     19036.    378559.   4903.45          0.        0.    19036.
   127.00     12321.     18762.    378289.   4903.40          0.        0.    18762.
   127.50     12229.     18496.    378027.   4903.36          0.        0.    18496.
   128.00     12143.     18237.    377772.   4903.32          0.        0.    18237.
   128.50     12059.     17983.    377523.   4903.28          0.        0.    17983.
   129.00      8502.     17666.    377211.   4903.23          0.        0.    17666.
   129.50      8497.     17288.    376838.   4903.17          0.        0.    17288.
   130.00      8492.     16924.    376481.   4903.11          0.        0.    16924.
   130.50      8486.     16577.    376139.   4903.05          0.        0.    16577.
   131.00      8480.     16244.    375812.   4903.00          0.        0.    16244.
   131.50      8474.     15923.    375496.   4902.95          0.        0.    15923.
   132.00      8469.     15618.    375196.   4902.90          0.        0.    15618.
   132.50      8462.     15325.    374908.   4902.85          0.        0.    15325.
   133.00      8456.     15042.    374628.   4902.81          0.        0.    15042.
   133.50      8450.     14770.    374361.   4902.76          0.        0.    14770.
   134.00      8444.     14510.    374106.   4902.72          0.        0.    14510.
   134.50      8438.     14260.    373860.   4902.68          0.        0.    14260.
   135.00      8431.     14019.    373623.   4902.64          0.        0.    14019.
   135.50      8425.     13790.    373397.   4902.61          0.        0.    13790.
   136.00      8418.     13571.    373181.   4902.57          0.        0.    13571.
   136.50      8412.     13360.    372974.   4902.54          0.        0.    13360.
   137.00      8406.     13156.    372773.   4902.50          0.        0.    13156.
   137.50      8399.     12960.    372581.   4902.47          0.        0.    12960.
   138.00      8393.     12771.    372394.   4902.44          0.        0.    12771.
   138.50      8386.     12591.    372217.   4902.41          0.        0.    12591.
   139.00      8380.     12417.    372046.   4902.39          0.        0.    12417.
   139.50      8374.     12252.    371884.   4902.36          0.        0.    12252.
   140.00      8367.     12094.    371728.   4902.33          0.        0.    12094.
   140.50      8361.     11941.    371578.   4902.31          0.        0.    11941.
   141.00      8355.     11794.    371434.   4902.29          0.        0.    11794.
   141.50      8349.     11654.    371295.   4902.26          0.        0.    11654.
   142.00      8343.     11517.    371160.   4902.24          0.        0.    11517.
   142.50      8337.     11385.    371031.   4902.22          0.        0.    11385.
   143.00      8332.     11260.    370908.   4902.20          0.        0.    11260.
   143.50      8326.     11138.    370788.   4902.18          0.        0.    11138.
   144.00      8321.     11022.    370674.   4902.16          0.        0.    11022.
   144.50      8315.     10912.    370566.   4902.15          0.        0.    10912.
   145.00      8310.     10806.    370461.   4902.13          0.        0.    10806.
   145.50      8305.     10702.    370359.   4902.11          0.        0.    10702.
   146.00      8300.     10604.    370263.   4902.10          0.        0.    10604.
   146.50      8295.     10510.    370169.   4902.08          0.        0.    10510.
   147.00      8290.     10418.    370079.   4902.07          0.        0.    10418.
   147.50      8285.     10330.    369992.   4902.05          0.        0.    10330.
   148.00      8280.     10244.    369908.   4902.04          0.        0.    10244.
   148.50      8274.     10162.    369827.   4902.03          0.        0.    10162.
   149.00      8269.     10085.    369752.   4902.01          0.        0.    10085.
   149.50      8264.     10009.    369677.   4902.00          0.        0.    10009.
   150.00      8259.      9974.    369605.   4901.99          0.        0.     9974.
   150.50      8254.      9946.    369536.   4901.98          0.        0.     9946.
   151.00      8249.      9918.    369467.   4901.97          0.        0.     9918.
   151.50      8244.      9890.    369398.   4901.96          0.        0.     9890.
   152.00      8239.      9862.    369329.   4901.94          0.        0.     9862.
   152.50      8234.      9835.    369263.   4901.93          0.        0.     9835.
   153.00      8229.      9808.    369197.   4901.92          0.        0.     9808.
   153.50      8224.      9781.    369131.   4901.91          0.        0.     9781.
   154.00      8219.      9756.    369067.   4901.90          0.        0.     9756.
   154.50      8214.      9730.    369004.   4901.89          0.        0.     9730.
   155.00      8209.      9705.    368941.   4901.88          0.        0.     9705.
   155.50      8204.      9680.    368881.   4901.87          0.        0.     9680.
   156.00      8199.      9656.    368821.   4901.86          0.        0.     9656.
   156.50      8194.      9631.    368761.   4901.85          0.        0.     9631.
   157.00      8189.      9607.    368701.   4901.84          0.        0.     9607.
   157.50      8183.      9584.    368644.   4901.83          0.        0.     9584.
   158.00      8178.      9561.    368587.   4901.82          0.        0.     9561.
   158.50      8173.      9537.    368530.   4901.81          0.        0.     9537.
   159.00      8168.      9514.    368473.   4901.81          0.        0.     9514.
   159.50      8163.      9492.    368419.   4901.80          0.        0.     9492.
   160.00      8157.      9470.    368365.   4901.79          0.        0.     9470.
   160.50      8152.      9448.    368311.   4901.78          0.        0.     9448.
   161.00      8147.      9426.    368257.   4901.77          0.        0.     9426.
   161.50      8141.      9406.    368206.   4901.76          0.        0.     9406.
   162.00      8136.      9385.    368155.   4901.75          0.        0.     9385.
   162.50      8130.      9364.    368104.   4901.75          0.        0.     9364.
   163.00      8125.      9343.    368053.   4901.74          0.        0.     9343.
   163.50      8119.      9323.    368002.   4901.73          0.        0.     9323.
   164.00      8113.      9303.    367953.   4901.72          0.        0.     9303.
   164.50      8108.      9283.    367905.   4901.71          0.        0.     9283.
   165.00      8102.      9264.    367857.   4901.71          0.        0.     9264.
   165.50      8096.      9244.    367809.   4901.70          0.        0.     9244.
   166.00      8090.      9225.    367761.   4901.69          0.        0.     9225.
   166.50      8084.      9205.    367713.   4901.68          0.        0.     9205.
   167.00      8078.      9187.    367668.   4901.67          0.        0.     9187.
   167.50      8072.      9169.    367623.   4901.67          0.        0.     9169.
   168.00      8066.      9150.    367578.   4901.66          0.        0.     9150.
   168.50      8060.      9132.    367533.   4901.65          0.        0.     9132.
   169.00      8054.      9114.    367488.   4901.65          0.        0.     9114.
   169.50      8047.      9095.    367443.   4901.64          0.        0.     9095.
   170.00      8040.      9078.    367401.   4901.63          0.        0.     9078.
   170.50      8032.      9061.    367359.   4901.62          0.        0.     9061.
   171.00      8024.      9044.    367317.   4901.62          0.        0.     9044.
   171.50      8016.      9027.    367275.   4901.61          0.        0.     9027.
   172.00      8008.      9010.    367233.   4901.60          0.        0.     9010.
   172.50      7999.      8993.    367191.   4901.60          0.        0.     8993.
   173.00      7990.      8976.    367149.   4901.59          0.        0.     8976.
   173.50      7981.      8959.    367107.   4901.58          0.        0.     8959.
   174.00      7972.      8943.    367068.   4901.58          0.        0.     8943.
   174.50      7962.      8927.    367029.   4901.57          0.        0.     8927.
   175.00      7953.      8911.    366990.   4901.56          0.        0.     8911.
   175.50      7943.      8895.    366951.   4901.56          0.        0.     8895.
   176.00      7933.      8879.    366912.   4901.55          0.        0.     8879.
   176.50      7923.      8864.    366873.   4901.55          0.        0.     8864.
   177.00      7913.      8848.    366833.   4901.54          0.        0.     8848.
   177.50      7903.      8832.    366794.   4901.53          0.        0.     8832.
   178.00      7893.      8816.    366755.   4901.53          0.        0.     8816.
   178.50      7883.      8800.    366716.   4901.52          0.        0.     8800.
   179.00      7873.      8784.    366677.   4901.51          0.        0.     8784.
   179.50      7864.      8768.    366638.   4901.51          0.        0.     8768.
   180.00      7854.      8754.    366602.   4901.50          0.        0.     8754.
   180.50      7844.      8739.    366566.   4901.50          0.        0.     8739.
   181.00      7834.      8724.    366530.   4901.49          0.        0.     8724.
   181.50      7825.      8710.    366494.   4901.48          0.        0.     8710.
   182.00      7816.      8695.    366458.   4901.48          0.        0.     8695.
   182.50      7807.      8680.    366422.   4901.47          0.        0.     8680.
   183.00      7798.      8666.    366386.   4901.47          0.        0.     8666.
   183.50      7789.      8651.    366350.   4901.46          0.        0.     8651.
   184.00      7781.      8636.    366314.   4901.45          0.        0.     8636.
   184.50      7773.      8622.    366278.   4901.45          0.        0.     8622.
   185.00      7765.      8607.    366242.   4901.44          0.        0.     8607.
   185.50      7758.      8593.    366206.   4901.44          0.        0.     8593.
   186.00      7751.      8579.    366173.   4901.43          0.        0.     8579.
   186.50      7744.      8566.    366140.   4901.43          0.        0.     8566.
   187.00      7738.      8552.    366107.   4901.42          0.        0.     8552.
   187.50      7732.      8539.    366074.   4901.42          0.        0.     8539.
   188.00      7727.      8525.    366041.   4901.41          0.        0.     8525.
   188.50      7722.      8512.    366008.   4901.40          0.        0.     8512.
   189.00      7718.      8499.    365975.   4901.40          0.        0.     8499.
   189.50      7714.      8485.    365942.   4901.39          0.        0.     8485.
   190.00      7710.      8472.    365909.   4901.39          0.        0.     8472.
   190.50      7708.      8459.    365879.   4901.38          0.        0.     8459.
   191.00      7705.      8447.    365849.   4901.38          0.        0.     8447.
   191.50      7704.      8435.    365819.   4901.37          0.        0.     8435.
   192.00      7703.      8423.    365789.   4901.37          0.        0.     8423.
   192.50      7703.      8411.    365759.   4901.36          0.        0.     8411.
   193.00      7703.      8398.    365728.   4901.36          0.        0.     8398.
   193.50      7703.      8387.    365701.   4901.35          0.        0.     8387.
   194.00      7703.      8376.    365674.   4901.35          0.        0.     8376.
   194.50      7703.      8365.    365647.   4901.35          0.        0.     8365.
   195.00      7703.      8354.    365620.   4901.34          0.        0.     8354.
   195.50      7703.      8344.    365593.   4901.34          0.        0.     8344.
   196.00      7703.      8333.    365566.   4901.33          0.        0.     8333.
   196.50      7703.      8322.    365539.   4901.33          0.        0.     8322.
   197.00      7703.      8312.    365515.   4901.32          0.        0.     8312.
   197.50      7703.      8302.    365491.   4901.32          0.        0.     8302.
   198.00      7703.      8292.    365467.   4901.32          0.        0.     8292.
   198.50      7703.      8282.    365443.   4901.31          0.        0.     8282.
   199.00      7703.      8273.    365419.   4901.31          0.        0.     8273.
   199.50      7703.      8263.    365395.   4901.31          0.        0.     8263.
   200.00      7703.      8253.    365371.   4901.30          0.        0.     8253.
   200.50      7703.      8243.    365347.   4901.30          0.        0.     8243.
   201.00      7703.      8235.    365326.   4901.29          0.        0.     8235.
   201.50      7703.      8226.    365305.   4901.29          0.        0.     8226.
   202.00      7703.      8218.    365284.   4901.29          0.        0.     8218.
   202.50      7703.      8209.    365263.   4901.28          0.        0.     8209.
   203.00      7703.      8201.    365242.   4901.28          0.        0.     8201.
   203.50      7703.      8192.    365221.   4901.28          0.        0.     8192.
   204.00      7703.      8184.    365200.   4901.27          0.        0.     8184.
   204.50      7703.      8175.    365179.   4901.27          0.        0.     8175.
   205.00      7703.      8168.    365161.   4901.27          0.        0.     8168.
   205.50      7703.      8160.    365143.   4901.26          0.        0.     8160.
   206.00      7703.      8153.    365125.   4901.26          0.        0.     8153.
   206.50      7703.      8146.    365107.   4901.26          0.        0.     8146.
   207.00      7703.      8138.    365089.   4901.26          0.        0.     8138.
   207.50      7703.      8131.    365071.   4901.25          0.        0.     8131.
   208.00      7703.      8124.    365053.   4901.25          0.        0.     8124.
   208.50      7703.      8116.    365035.   4901.25          0.        0.     8116.
   209.00      7703.      8109.    365017.   4901.24          0.        0.     8109.
   209.50      7703.      8102.    364999.   4901.24          0.        0.     8102.
   210.00      7703.      8096.    364984.   4901.24          0.        0.     8096.
   210.50      7703.      8090.    364969.   4901.24          0.        0.     8090.
   211.00      7703.      8083.    364954.   4901.23          0.        0.     8083.
   211.50      7703.      8077.    364939.   4901.23          0.        0.     8077.
   212.00      7703.      8071.    364924.   4901.23          0.        0.     8071.
   212.50      7703.      8065.    364909.   4901.23          0.        0.     8065.
   213.00      7703.      8059.    364894.   4901.22          0.        0.     8059.
   213.50      7703.      8053.    364879.   4901.22          0.        0.     8053.
   214.00      7703.      8047.    364864.   4901.22          0.        0.     8047.
   214.50      7703.      8041.    364849.   4901.22          0.        0.     8041.
   215.00      7703.      8035.    364834.   4901.21          0.        0.     8035.
   215.50      7703.      8029.    364819.   4901.21          0.        0.     8029.
   216.00      7703.      8024.    364807.   4901.21          0.        0.     8024.
   216.50      7703.      8019.    364795.   4901.21          0.        0.     8019.
   217.00      7702.      8014.    364783.   4901.21          0.        0.     8014.
   217.50      7702.      8009.    364771.   4901.20          0.        0.     8009.
   218.00      7700.      8004.    364759.   4901.20          0.        0.     8004.
   218.50      7699.      7999.    364747.   4901.20          0.        0.     7999.
   219.00      7697.      7994.    364735.   4901.20          0.        0.     7994.
   219.50      7694.      7990.    364723.   4901.20          0.        0.     7990.
   220.00      7692.      7985.    364711.   4901.19          0.        0.     7985.
   220.50      7688.      7980.    364699.   4901.19          0.        0.     7980.
   221.00      7685.      7975.    364687.   4901.19          0.        0.     7975.
   221.50      7681.      7970.    364675.   4901.19          0.        0.     7970.
   222.00      7677.      7965.    364663.   4901.19          0.        0.     7965.
   222.50      7672.      7960.    364651.   4901.18          0.        0.     7960.
   223.00      7667.      7955.    364639.   4901.18          0.        0.     7955.
   223.50      7662.      7950.    364627.   4901.18          0.        0.     7950.
   224.00      7656.      7946.    364614.   4901.18          0.        0.     7946.
   224.50      7650.      7941.    364602.   4901.18          0.        0.     7941.
   225.00      7644.      7936.    364590.   4901.17          0.        0.     7936.
   225.50      7638.      7931.    364578.   4901.17          0.        0.     7931.
   226.00      7631.      7926.    364566.   4901.17          0.        0.     7926.
   226.50      7624.      7921.    364554.   4901.17          0.        0.     7921.
   227.00      7617.      7916.    364542.   4901.17          0.        0.     7916.
   227.50      7610.      7911.    364530.   4901.16          0.        0.     7911.
   228.00      7603.      7906.    364518.   4901.16          0.        0.     7906.
   228.50      7595.      7902.    364506.   4901.16          0.        0.     7902.
   229.00      7587.      7897.    364494.   4901.16          0.        0.     7897.
   229.50      7579.      7892.    364482.   4901.16          0.        0.     7892.
   230.00      7571.      7887.    364470.   4901.15          0.        0.     7887.
   230.50      7562.      7882.    364458.   4901.15          0.        0.     7882.
   231.00      7554.      7877.    364446.   4901.15          0.        0.     7877.
   231.50      7545.      7872.    364434.   4901.15          0.        0.     7872.
   232.00      7537.      7866.    364419.   4901.15          0.        0.     7866.
   232.50      7528.      7860.    364404.   4901.14          0.        0.     7860.
   233.00      7519.      7854.    364389.   4901.14          0.        0.     7854.
   233.50      7510.      7848.    364374.   4901.14          0.        0.     7848.
   234.00      7501.      7842.    364359.   4901.14          0.        0.     7842.
   234.50      7492.      7836.    364344.   4901.13          0.        0.     7836.
   235.00      7483.      7830.    364329.   4901.13          0.        0.     7830.
   235.50      7474.      7823.    364314.   4901.13          0.        0.     7823.
   236.00      7465.      7817.    364299.   4901.13          0.        0.     7817.
   236.50      7456.      7811.    364284.   4901.12          0.        0.     7811.
   237.00      7447.      7805.    364269.   4901.12          0.        0.     7805.
   237.50      7438.      7799.    364254.   4901.12          0.        0.     7799.
   238.00      7429.      7793.    364239.   4901.12          0.        0.     7793.
   238.50      7420.      7787.    364224.   4901.11          0.        0.     7787.
   239.00      7412.      7781.    364209.   4901.11          0.        0.     7781.
   239.50      7403.      7775.    364194.   4901.11          0.        0.     7775.
   240.00      7394.      7769.    364179.   4901.11          0.        0.     7769.
   240.50      7386.      7762.    364164.   4901.10          0.        0.     7762.
   241.00      7377.      7756.    364149.   4901.10          0.        0.     7756.
   241.50      7367.      7750.    364134.   4901.10          0.        0.     7750.
   242.00      7357.      7744.    364119.   4901.10          0.        0.     7744.
   242.50      7346.      7738.    364104.   4901.10          0.        0.     7738.
   243.00      7335.      7732.    364089.   4901.09          0.        0.     7732.
   243.50      7323.      7726.    364074.   4901.09          0.        0.     7726.
   244.00      7310.      7719.    364056.   4901.09          0.        0.     7719.
   244.50      7297.      7711.    364038.   4901.08          0.        0.     7711.
   245.00      7284.      7704.    364020.   4901.08          0.        0.     7704.
   245.50      7270.      7697.    364002.   4901.08          0.        0.     7697.
   246.00      7256.      7689.    363984.   4901.08          0.        0.     7689.
   246.50      7241.      7682.    363966.   4901.07          0.        0.     7682.
   247.00      7226.      7675.    363948.   4901.07          0.        0.     7675.
   247.50      7211.      7667.    363930.   4901.07          0.        0.     7667.
   248.00      7196.      7660.    363912.   4901.06          0.        0.     7660.
   248.50      7180.      7653.    363894.   4901.06          0.        0.     7653.
   249.00      7164.      7644.    363873.   4901.06          0.        0.     7644.
   249.50      7149.      7635.    363852.   4901.05          0.        0.     7635.
   250.00      7133.      7627.    363831.   4901.05          0.        0.     7627.
   250.50      7117.      7618.    363810.   4901.05          0.        0.     7618.
   251.00      7101.      7610.    363789.   4901.04          0.        0.     7610.
   251.50      7085.      7601.    363768.   4901.04          0.        0.     7601.
   252.00      7070.      7593.    363747.   4901.04          0.        0.     7593.
   252.50      7054.      7584.    363726.   4901.03          0.        0.     7584.
   253.00      7039.      7576.    363705.   4901.03          0.        0.     7576.
   253.50      7024.      7567.    363684.   4901.03          0.        0.     7567.
   254.00      7009.      7557.    363660.   4901.02          0.        0.     7557.
   254.50      6994.      7548.    363636.   4901.02          0.        0.     7548.
   255.00      6980.      7538.    363612.   4901.02          0.        0.     7538.
   255.50      6966.      7528.    363588.   4901.01          0.        0.     7528.
   256.00      6953.      7518.    363564.   4901.01          0.        0.     7518.
   256.50      6940.      7509.    363540.   4901.00          0.        0.     7509.
   257.00      6927.      7499.    363516.   4901.00          0.        0.     7499.
   257.50      6915.      7489.    363491.   4901.00          0.        0.     7489.
   258.00      6904.      7479.    363467.   4900.99          0.        0.     7479.
   258.50      6893.      7469.    363443.   4900.99          0.        0.     7469.
   259.00      6883.      7460.    363419.   4900.98          0.        0.     7460.
   259.50      6873.      7450.    363395.   4900.98          0.        0.     7450.
   260.00      6864.      7440.    363371.   4900.98          0.        0.     7440.
   260.50      6856.      7430.    363347.   4900.97          0.        0.     7430.
   261.00      6849.      7421.    363323.   4900.97          0.        0.     7421.
   261.50      6843.      7411.    363299.   4900.96          0.        0.     7411.
   262.00      6837.      7401.    363275.   4900.96          0.        0.     7401.
   262.50      6832.      7391.    363251.   4900.96          0.        0.     7391.
   263.00      6829.      7382.    363227.   4900.95          0.        0.     7382.
   263.50      6826.      7372.    363203.   4900.95          0.        0.     7372.
   264.00      6825.      7363.    363182.   4900.95          0.        0.     7363.
   264.50      6824.      7355.    363161.   4900.94          0.        0.     7355.
   265.00      6824.      7346.    363140.   4900.94          0.        0.     7346.
   265.50      6824.      7338.    363119.   4900.94          0.        0.     7338.
   266.00      6825.      7329.    363098.   4900.93          0.        0.     7329.
   266.50      6825.      7321.    363077.   4900.93          0.        0.     7321.
   267.00      6826.      7312.    363056.   4900.92          0.        0.     7312.
   267.50      6827.      7303.    363035.   4900.92          0.        0.     7303.
   268.00      6828.      7296.    363017.   4900.92          0.        0.     7296.
   268.50      6829.      7289.    362999.   4900.92          0.        0.     7289.
   269.00      6830.      7281.    362981.   4900.91          0.        0.     7281.
   269.50      6831.      7274.    362963.   4900.91          0.        0.     7274.
   270.00      6832.      7267.    362945.   4900.91          0.        0.     7267.
   270.50      6834.      7260.    362927.   4900.90          0.        0.     7260.
   271.00      6835.      7252.    362909.   4900.90          0.        0.     7252.
   271.50      6837.      7245.    362891.   4900.90          0.        0.     7245.
   272.00      6838.      7238.    362873.   4900.90          0.        0.     7238.
   272.50      6840.      7231.    362858.   4900.89          0.        0.     7231.
   273.00      6842.      7225.    362843.   4900.89          0.        0.     7225.
   273.50      6843.      7219.    362828.   4900.89          0.        0.     7219.
   274.00      6845.      7213.    362813.   4900.89          0.        0.     7213.
   274.50      6847.      7207.    362798.   4900.88          0.        0.     7207.
   275.00      6849.      7201.    362783.   4900.88          0.        0.     7201.
   275.50      6851.      7195.    362768.   4900.88          0.        0.     7195.
   276.00      6853.      7189.    362753.   4900.88          0.        0.     7189.
   276.50      6855.      7183.    362738.   4900.87          0.        0.     7183.
   277.00      6857.      7178.    362726.   4900.87          0.        0.     7178.
   277.50      6858.      7173.    362714.   4900.87          0.        0.     7173.
   278.00      6860.      7168.    362702.   4900.87          0.        0.     7168.
   278.50      6862.      7163.    362690.   4900.87          0.        0.     7163.
   279.00      6864.      7158.    362678.   4900.86          0.        0.     7158.
   279.50      6866.      7153.    362666.   4900.86          0.        0.     7153.
   280.00      6868.      7148.    362654.   4900.86          0.        0.     7148.
   280.50      6869.      7144.    362642.   4900.86          0.        0.     7144.
   281.00      6871.      7139.    362630.   4900.86          0.        0.     7139.
   281.50      6873.      7134.    362618.   4900.85          0.        0.     7134.
   282.00      6874.      7129.    362606.   4900.85          0.        0.     7129.
   282.50      6876.      7125.    362597.   4900.85          0.        0.     7125.
   283.00      6877.      7122.    362588.   4900.85          0.        0.     7122.
   283.50      6878.      7118.    362579.   4900.85          0.        0.     7118.
   284.00      6880.      7114.    362570.   4900.85          0.        0.     7114.
   284.50      6881.      7111.    362561.   4900.84          0.        0.     7111.
   285.00      6882.      7107.    362552.   4900.84          0.        0.     7107.
   285.50      6883.      7103.    362543.   4900.84          0.        0.     7103.
   286.00      6883.      7100.    362534.   4900.84          0.        0.     7100.
   286.50      6884.      7096.    362525.   4900.84          0.        0.     7096.
   287.00      6885.      7092.    362516.   4900.84          0.        0.     7092.
   287.50      6885.      7089.    362507.   4900.84          0.        0.     7089.
   288.00      6885.      7085.    362498.   4900.83          0.        0.     7085.
   288.50      6885.      7081.    362489.   4900.83          0.        0.     7081.
   289.00      6885.      7078.    362480.   4900.83          0.        0.     7078.
   289.50      6884.      7074.    362471.   4900.83          0.        0.     7074.
   290.00      6883.      7070.    362462.   4900.83          0.        0.     7070.
   290.50      6881.      7067.    362453.   4900.83          0.        0.     7067.
   291.00      6879.      7063.    362444.   4900.83          0.        0.     7063.
   291.50      6876.      7059.    362435.   4900.82          0.        0.     7059.
   292.00      6873.      7056.    362426.   4900.82          0.        0.     7056.
   292.50      6870.      7052.    362417.   4900.82          0.        0.     7052.
   293.00      6866.      7048.    362408.   4900.82          0.        0.     7048.
   293.50      6862.      7045.    362399.   4900.82          0.        0.     7045.
   294.00      6857.      7041.    362390.   4900.82          0.        0.     7041.
   294.50      6852.      7037.    362380.   4900.81          0.        0.     7037.
   295.00      6847.      7034.    362371.   4900.81          0.        0.     7034.
   295.50      6842.      7030.    362362.   4900.81          0.        0.     7030.
   296.00      6836.      7026.    362353.   4900.81          0.        0.     7026.
   296.50      6830.      7023.    362344.   4900.81          0.        0.     7023.
   297.00      6824.      7019.    362335.   4900.81          0.        0.     7019.
   297.50      6817.      7015.    362326.   4900.81          0.        0.     7015.
   298.00      6811.      7012.    362317.   4900.80          0.        0.     7012.
   298.50      6804.      7008.    362308.   4900.80          0.        0.     7008.
   299.00      6797.      7004.    362299.   4900.80          0.        0.     7004.
   299.50      6790.      7001.    362290.   4900.80          0.        0.     7001.
   300.00      6783.      6997.    362281.   4900.80          0.        0.     6997.
   300.50      6776.      6993.    362272.   4900.80          0.        0.     6993.
   301.00      6769.      6990.    362263.   4900.80          0.        0.     6990.
   301.50      6761.      6986.    362254.   4900.79          0.        0.     6986.
   302.00      6754.      6982.    362245.   4900.79          0.        0.     6982.
   302.50      6747.      6979.    362236.   4900.79          0.        0.     6979.
   303.00      6739.      6975.    362227.   4900.79          0.        0.     6975.
   303.50      6732.      6971.    362218.   4900.79          0.        0.     6971.
   304.00      6725.      6968.    362209.   4900.79          0.        0.     6968.
   304.50      6718.      6964.    362200.   4900.79          0.        0.     6964.
   305.00      6711.      6960.    362191.   4900.78          0.        0.     6960.
   305.50      6704.      6957.    362182.   4900.78          0.        0.     6957.
   306.00      6697.      6953.    362173.   4900.78          0.        0.     6953.
   306.50      6690.      6948.    362161.   4900.78          0.        0.     6948.
   307.00      6684.      6943.    362149.   4900.78          0.        0.     6943.
   307.50      6678.      6938.    362137.   4900.78          0.        0.     6938.
   308.00      6672.      6934.    362125.   4900.77          0.        0.     6934.
   308.50      6666.      6929.    362113.   4900.77          0.        0.     6929.
   309.00      6660.      6924.    362101.   4900.77          0.        0.     6924.
   309.50      6655.      6919.    362089.   4900.77          0.        0.     6919.
   310.00      6650.      6914.    362077.   4900.77          0.        0.     6914.
   310.50      6645.      6909.    362065.   4900.76          0.        0.     6909.
   311.00      6641.      6904.    362053.   4900.76          0.        0.     6904.
   311.50      6637.      6899.    362041.   4900.76          0.        0.     6899.
   312.00      6633.      6895.    362029.   4900.76          0.        0.     6895.
   312.50      6630.      6890.    362017.   4900.76          0.        0.     6890.
   313.00      6627.      6885.    362005.   4900.75          0.        0.     6885.
   313.50      6624.      6880.    361993.   4900.75          0.        0.     6880.
   314.00      6621.      6875.    361981.   4900.75          0.        0.     6875.
   314.50      6619.      6871.    361972.   4900.75          0.        0.     6871.
   315.00      6616.      6868.    361963.   4900.75          0.        0.     6868.
   315.50      6614.      6864.    361954.   4900.75          0.        0.     6864.
   316.00      6611.      6860.    361945.   4900.74          0.        0.     6860.
   316.50      6609.      6857.    361936.   4900.74          0.        0.     6857.
   317.00      6607.      6853.    361927.   4900.74          0.        0.     6853.
   317.50      6604.      6849.    361918.   4900.74          0.        0.     6849.
   318.00      6602.      6846.    361909.   4900.74          0.        0.     6846.
   318.50      6600.      6842.    361900.   4900.74          0.        0.     6842.
   319.00      6598.      6838.    361891.   4900.74          0.        0.     6838.
   319.50      6596.      6835.    361882.   4900.73          0.        0.     6835.
   320.00      6594.      6831.    361873.   4900.73          0.        0.     6831.
   320.50      6593.      6827.    361864.   4900.73          0.        0.     6827.
   321.00      6591.      6824.    361855.   4900.73          0.        0.     6824.
   321.50      6589.      6820.    361846.   4900.73          0.        0.     6820.
   322.00      6587.      6816.    361837.   4900.73          0.        0.     6816.
   322.50      6586.      6813.    361828.   4900.73          0.        0.     6813.
   323.00      6584.      6809.    361819.   4900.72          0.        0.     6809.
   323.50      6582.      6805.    361810.   4900.72          0.        0.     6805.
   324.00      6580.      6802.    361801.   4900.72          0.        0.     6802.
   324.50      6579.      6798.    361792.   4900.72          0.        0.     6798.
   325.00      6577.      6794.    361783.   4900.72          0.        0.     6794.
   325.50      6575.      6791.    361774.   4900.72          0.        0.     6791.
   326.00      6574.      6787.    361765.   4900.71          0.        0.     6787.
   326.50      6572.      6783.    361756.   4900.71          0.        0.     6783.
   327.00      6570.      6780.    361747.   4900.71          0.        0.     6780.
   327.50      6569.      6776.    361738.   4900.71          0.        0.     6776.
   328.00      6567.      6772.    361729.   4900.71          0.        0.     6772.
   328.50      6565.      6769.    361720.   4900.71          0.        0.     6769.
   329.00      6563.      6765.    361711.   4900.71          0.        0.     6765.
   329.50      6561.      6761.    361702.   4900.70          0.        0.     6761.
   330.00      6559.      6758.    361693.   4900.70          0.        0.     6758.
   330.50      6557.      6754.    361684.   4900.70          0.        0.     6754.
   331.00      6555.      6750.    361675.   4900.70          0.        0.     6750.
   331.50      6553.      6747.    361666.   4900.70          0.        0.     6747.
   332.00      6551.      6743.    361657.   4900.70          0.        0.     6743.
   332.50      6549.      6740.    361648.   4900.70          0.        0.     6740.
   333.00      6546.      6736.    361639.   4900.69          0.        0.     6736.
   333.50      6544.      6732.    361630.   4900.69          0.        0.     6732.
   334.00      6542.      6729.    361621.   4900.69          0.        0.     6729.
   334.50      6539.      6725.    361612.   4900.69          0.        0.     6725.
   335.00      6536.      6721.    361603.   4900.69          0.        0.     6721.
   335.50      6534.      6718.    361594.   4900.69          0.        0.     6718.
   336.00      6531.      6714.    361585.   4900.69          0.        0.     6714.
   336.50      6528.      6710.    361576.   4900.68          0.        0.     6710.
   337.00      6525.      6708.    361570.   4900.68          0.        0.     6708.
   337.50      6521.      6704.    361561.   4900.68          0.        0.     6704.
   338.00      6518.      6700.    361552.   4900.68          0.        0.     6700.
   338.50      6514.      6697.    361543.   4900.68          0.        0.     6697.
   339.00      6511.      6693.    361534.   4900.68          0.        0.     6693.
   339.50      6507.      6689.    361525.   4900.68          0.        0.     6689.
   340.00      6503.      6686.    361516.   4900.67          0.        0.     6686.
   340.50      6499.      6682.    361507.   4900.67          0.        0.     6682.
   341.00      6495.      6678.    361498.   4900.67          0.        0.     6678.
   341.50      6491.      6675.    361489.   4900.67          0.        0.     6675.
   342.00      6486.      6671.    361480.   4900.67          0.        0.     6671.
   342.50      6482.      6667.    361471.   4900.67          0.        0.     6667.
   343.00      6477.      6664.    361462.   4900.67          0.        0.     6664.
   343.50      6473.      6660.    361453.   4900.66          0.        0.     6660.
   344.00      6468.      6656.    361444.   4900.66          0.        0.     6656.
   344.50      6463.      6653.    361435.   4900.66          0.        0.     6653.
   345.00      6458.      6649.    361426.   4900.66          0.        0.     6649.
   345.50      6453.      6646.    361417.   4900.66          0.        0.     6646.
   346.00      6448.      6642.    361408.   4900.66          0.        0.     6642.
   346.50      6443.      6638.    361399.   4900.66          0.        0.     6638.
   347.00      6437.      6635.    361390.   4900.65          0.        0.     6635.
   347.50      6432.      6631.    361381.   4900.65          0.        0.     6631.
   348.00      6427.      6627.    361372.   4900.65          0.        0.     6627.
   348.50      6421.      6624.    361363.   4900.65          0.        0.     6624.
   349.00      6415.      6620.    361354.   4900.65          0.        0.     6620.
   349.50      6410.      6616.    361345.   4900.65          0.        0.     6616.
   350.00      6404.      6613.    361336.   4900.65          0.        0.     6613.
   350.50      6398.      6609.    361327.   4900.64          0.        0.     6609.
   351.00      6392.      6605.    361318.   4900.64          0.        0.     6605.
   351.50      6386.      6602.    361309.   4900.64          0.        0.     6602.
   352.00      6380.      6598.    361300.   4900.64          0.        0.     6598.
   352.50      6374.      6594.    361291.   4900.64          0.        0.     6594.
   353.00      6368.      6591.    361282.   4900.64          0.        0.     6591.
   353.50      6362.      6587.    361273.   4900.63          0.        0.     6587.
   354.00      6356.      6583.    361263.   4900.63          0.        0.     6583.
   354.50      6350.      6580.    361254.   4900.63          0.        0.     6580.
   355.00      6343.      6576.    361245.   4900.63          0.        0.     6576.
   355.50      6337.      6572.    361236.   4900.63          0.        0.     6572.
   356.00      6331.      6569.    361227.   4900.63          0.        0.     6569.
   356.50      6324.      6565.    361218.   4900.63          0.        0.     6565.
   357.00      6318.      6561.    361209.   4900.62          0.        0.     6561.
   357.50      6311.      6558.    361200.   4900.62          0.        0.     6558.
   358.00      6305.      6554.    361191.   4900.62          0.        0.     6554.
   358.50      6298.      6550.    361182.   4900.62          0.        0.     6550.
   359.00      6292.      6547.    361173.   4900.62          0.        0.     6547.
   359.50      6285.      6542.    361161.   4900.62          0.        0.     6542.
   360.00      6279.      6537.    361149.   4900.61          0.        0.     6537.
1



      INFLOW DATA                           STORAGE DATA
      ***********                           ************
     TIME    INFLOW                     ELEVATION     STORAGE

     0.50      5527.                      4753.20          0.
     1.00      5557.                      4754.00          5.
     1.50      5587.                      4760.00        853.
     2.00      5617.                      4770.00       5056.
     2.50      5647.                      4780.00      11677.
     3.00      5677.                      4790.00      20701.
     3.50      5707.                      4800.00      32214.
     4.00      5737.                      4810.00      46676.
     4.50      5766.                      4820.00      64861.
     5.00      5796.                      4830.00      86629.
     5.50      5825.                      4840.00     112286.
     6.00      5855.                      4850.00     141401.
     6.50      5884.                      4860.00     174439.
     7.00      5913.                      4870.00     212059.
     7.50      5941.                      4880.00     254696.
     8.00      5970.                      4890.00     303066.
     8.50      5999.                      4900.00     357369.
     9.00      6027.                      4910.00     418864.
     9.50      6056.                      4920.00     488871.
    10.00      6084.                      4924.00     519654.
    10.50      6112.                      4924.50     523636.
    11.00      6140.                      4925.00     527626.
    11.50      6167.                      4925.50     531626.
    12.00      6195.                      4926.00     535626.
    12.50      6222.                      4930.00     569747.
    13.00      6249.                      4935.00     604527.
    13.50      6276.
    14.00      6303.
    14.50      6330.
    15.00      6357.
    15.50      6383.
    16.00      6409.
    16.50      6435.
    17.00      6461.
    17.50      6487.
    18.00      6512.
    18.50      6537.
    19.00      6562.
    19.50      6587.
    20.00      6612.
    20.50      6636.
    21.00      6661.
    21.50      6685.
    22.00      6708.
    22.50      6732.
    23.00      6755.
    23.50      6778.
    24.00      6801.
    24.50      6824.
    25.00      6846.
    25.50      6869.
    26.00      6890.
    26.50      6912.
    27.00      6934.
    27.50      6955.
    28.00      6976.
    28.50      6997.
    29.00      7017.
    29.50      7038.
    30.00      7058.
    30.50      7078.
    31.00      7098.
    31.50      7117.
    32.00      7137.
    32.50      7156.
    33.00      7175.
    33.50      7195.
    34.00      7214.
    34.50      7233.
    35.00      7251.
    35.50      7270.
    36.00      7289.
    36.50      7307.
    37.00      7326.
    37.50      7344.
    38.00      7363.
    38.50      7381.
    39.00      7399.
    39.50      7418.
    40.00      7436.
    40.50      7454.
    41.00      7473.
    41.50      7491.
    42.00      7509.
    42.50      7528.
    43.00      7546.
    43.50      7565.
    44.00      7583.
    44.50      7602.
    45.00      7620.
    45.50      7639.
    46.00      7658.
    46.50      7677.
    47.00      7696.
    47.50      7715.
    48.00      7734.
    48.50      7754.
    49.00      7773.
    49.50      7794.
    50.00      7815.
    50.50      7838.
    51.00      7860.
    51.50      7883.
    52.00      7907.
    52.50      7931.
    53.00      7956.
    53.50      7981.
    54.00      8006.
    54.50      8032.
    55.00      8058.
    55.50      8084.
    56.00      8110.
    56.50      8136.
    57.00      8162.
    57.50      8197.
    58.00      8268.
    58.50      8354.
    59.00      8450.
    59.50      8567.
    60.00      8791.
    60.50      9250.
    61.00      9966.
    61.50     11103.
    62.00     13800.
    62.50     27535.
    63.00     86770.
    63.50    114941.
    64.00    130949.
    64.50    143952.
    65.00    156266.
    65.50    168542.
    66.00    180326.
    66.50    190445.
    67.00    199122.
    67.50    207270.
    68.00    215702.
    68.50    224575.
    69.00    233363.
    69.50    241391.
    70.00    248197.
    70.50    253606.
    71.00    257451.
    71.50    259609.
    72.00    260128.
    72.50    259402.
    73.00    258061.
    73.50    256550.
    74.00    254956.
    74.50    253235.
    75.00    251413.
    75.50    249470.
    76.00    247168.
    76.50    244426.
    77.00    241664.
    77.50    238556.
    78.00    234590.
    78.50    229998.
    79.00    225002.
    79.50    219678.
    80.00    214055.
    80.50    208159.
    81.00    202062.
    81.50    195745.
    82.00    189278.
    82.50    182757.
    83.00    176228.
    83.50    169680.
    84.00    163115.
    84.50    156539.
    85.00    149959.
    85.50    143408.
    86.00    136902.
    86.50    130481.
    87.00    124217.
    87.50    118168.
    88.00    112366.
    88.50    106849.
    89.00    101646.
    89.50     96755.
    90.00     92142.
    90.50     87791.
    91.00     83682.
    91.50     79801.
    92.00     76108.
    92.50     72623.
    93.00     69057.
    93.50     65525.
    94.00     62046.
    94.50     58718.
    95.00     55586.
    95.50     52670.
    96.00     49960.
    96.50     47440.
    97.00     45083.
    97.50     42928.
    98.00     40981.
    98.50     39165.
    99.00     37519.
    99.50     35925.
   100.00     34500.
   100.50     33114.
   101.00     31858.
   101.50     30709.
   102.00     29550.
   102.50     28553.
   103.00     27576.
   103.50     26656.
   104.00     25796.
   104.50     24998.
   105.00     24301.
   105.50     23601.
   106.00     22932.
   106.50     22310.
   107.00     21733.
   107.50     21200.
   108.00     20726.
   108.50     20265.
   109.00     19807.
   109.50     19361.
   110.00     18934.
   110.50     18530.
   111.00     18152.
   111.50     17802.
   112.00     17487.
   112.50     17184.
   113.00     16881.
   113.50     16609.
   114.00     16354.
   114.50     16110.
   115.00     15861.
   115.50     15618.
   116.00     15380.
   116.50     15158.
   117.00     14965.
   117.50     14785.
   118.00     14607.
   118.50     14431.
   119.00     14271.
   119.50     14114.
   120.00     13959.
   120.50     13811.
   121.00     13675.
   121.50     13541.
   122.00     13407.
   122.50     13277.
   123.00     13156.
   123.50     13039.
   124.00     12923.
   124.50     12811.
   125.00     12704.
   125.50     12605.
   126.00     12509.
   126.50     12414.
   127.00     12321.
   127.50     12229.
   128.00     12143.
   128.50     12059.
   129.00      8502.
   129.50      8497.
   130.00      8492.
   130.50      8486.
   131.00      8480.
   131.50      8474.
   132.00      8469.
   132.50      8462.
   133.00      8456.
   133.50      8450.
   134.00      8444.
   134.50      8438.
   135.00      8431.
   135.50      8425.
   136.00      8418.
   136.50      8412.
   137.00      8406.
   137.50      8399.
   138.00      8393.
   138.50      8386.
   139.00      8380.
   139.50      8374.
   140.00      8367.
   140.50      8361.
   141.00      8355.
   141.50      8349.
   142.00      8343.
   142.50      8337.
   143.00      8332.
   143.50      8326.
   144.00      8321.
   144.50      8315.
   145.00      8310.
   145.50      8305.
   146.00      8300.
   146.50      8295.
   147.00      8290.
   147.50      8285.
   148.00      8280.
   148.50      8274.
   149.00      8269.
   149.50      8264.
   150.00      8259.
   150.50      8254.
   151.00      8249.
   151.50      8244.
   152.00      8239.
   152.50      8234.
   153.00      8229.
   153.50      8224.
   154.00      8219.
   154.50      8214.
   155.00      8209.
   155.50      8204.
   156.00      8199.
   156.50      8194.
   157.00      8189.
   157.50      8183.
   158.00      8178.
   158.50      8173.
   159.00      8168.
   159.50      8163.
   160.00      8157.
   160.50      8152.
   161.00      8147.
   161.50      8141.
   162.00      8136.
   162.50      8130.
   163.00      8125.
   163.50      8119.
   164.00      8113.
   164.50      8108.
   165.00      8102.
   165.50      8096.
   166.00      8090.
   166.50      8084.
   167.00      8078.
   167.50      8072.
   168.00      8066.
   168.50      8060.
   169.00      8054.
   169.50      8047.
   170.00      8040.
   170.50      8032.
   171.00      8024.
   171.50      8016.
   172.00      8008.
   172.50      7999.
   173.00      7990.
   173.50      7981.
   174.00      7972.
   174.50      7962.
   175.00      7953.
   175.50      7943.
   176.00      7933.
   176.50      7923.
   177.00      7913.
   177.50      7903.
   178.00      7893.
   178.50      7883.
   179.00      7873.
   179.50      7864.
   180.00      7854.
   180.50      7844.
   181.00      7834.
   181.50      7825.
   182.00      7816.
   182.50      7807.
   183.00      7798.
   183.50      7789.
   184.00      7781.
   184.50      7773.
   185.00      7765.
   185.50      7758.
   186.00      7751.
   186.50      7744.
   187.00      7738.
   187.50      7732.
   188.00      7727.
   188.50      7722.
   189.00      7718.
   189.50      7714.
   190.00      7710.
   190.50      7708.
   191.00      7705.
   191.50      7704.
   192.00      7703.
   192.50      7703.
   193.00      7703.
   193.50      7703.
   194.00      7703.
   194.50      7703.
   195.00      7703.
   195.50      7703.
   196.00      7703.
   196.50      7703.
   197.00      7703.
   197.50      7703.
   198.00      7703.
   198.50      7703.
   199.00      7703.
   199.50      7703.
   200.00      7703.
   200.50      7703.
   201.00      7703.
   201.50      7703.
   202.00      7703.
   202.50      7703.
   203.00      7703.
   203.50      7703.
   204.00      7703.
   204.50      7703.
   205.00      7703.
   205.50      7703.
   206.00      7703.
   206.50      7703.
   207.00      7703.
   207.50      7703.
   208.00      7703.
   208.50      7703.
   209.00      7703.
   209.50      7703.
   210.00      7703.
   210.50      7703.
   211.00      7703.
   211.50      7703.
   212.00      7703.
   212.50      7703.
   213.00      7703.
   213.50      7703.
   214.00      7703.
   214.50      7703.
   215.00      7703.
   215.50      7703.
   216.00      7703.
   216.50      7703.
   217.00      7702.
   217.50      7702.
   218.00      7700.
   218.50      7699.
   219.00      7697.
   219.50      7694.
   220.00      7692.
   220.50      7688.
   221.00      7685.
   221.50      7681.
   222.00      7677.
   222.50      7672.
   223.00      7667.
   223.50      7662.
   224.00      7656.
   224.50      7650.
   225.00      7644.
   225.50      7638.
   226.00      7631.
   226.50      7624.
   227.00      7617.
   227.50      7610.
   228.00      7603.
   228.50      7595.
   229.00      7587.
   229.50      7579.
   230.00      7571.
   230.50      7562.
   231.00      7554.
   231.50      7545.
   232.00      7537.
   232.50      7528.
   233.00      7519.
   233.50      7510.
   234.00      7501.
   234.50      7492.
   235.00      7483.
   235.50      7474.
   236.00      7465.
   236.50      7456.
   237.00      7447.
   237.50      7438.
   238.00      7429.
   238.50      7420.
   239.00      7412.
   239.50      7403.
   240.00      7394.
   240.50      7386.
   241.00      7377.
   241.50      7367.
   242.00      7357.
   242.50      7346.
   243.00      7335.
   243.50      7323.
   244.00      7310.
   244.50      7297.
   245.00      7284.
   245.50      7270.
   246.00      7256.
   246.50      7241.
   247.00      7226.
   247.50      7211.
   248.00      7196.
   248.50      7180.
   249.00      7164.
   249.50      7149.
   250.00      7133.
   250.50      7117.
   251.00      7101.
   251.50      7085.
   252.00      7070.
   252.50      7054.
   253.00      7039.
   253.50      7024.
   254.00      7009.
   254.50      6994.
   255.00      6980.
   255.50      6966.
   256.00      6953.
   256.50      6940.
   257.00      6927.
   257.50      6915.
   258.00      6904.
   258.50      6893.
   259.00      6883.
   259.50      6873.
   260.00      6864.
   260.50      6856.
   261.00      6849.
   261.50      6843.
   262.00      6837.
   262.50      6832.
   263.00      6829.
   263.50      6826.
   264.00      6825.
   264.50      6824.
   265.00      6824.
   265.50      6824.
   266.00      6825.
   266.50      6825.
   267.00      6826.
   267.50      6827.
   268.00      6828.
   268.50      6829.
   269.00      6830.
   269.50      6831.
   270.00      6832.
   270.50      6834.
   271.00      6835.
   271.50      6837.
   272.00      6838.
   272.50      6840.
   273.00      6842.
   273.50      6843.
   274.00      6845.
   274.50      6847.
   275.00      6849.
   275.50      6851.
   276.00      6853.
   276.50      6855.
   277.00      6857.
   277.50      6858.
   278.00      6860.
   278.50      6862.
   279.00      6864.
   279.50      6866.
   280.00      6868.
   280.50      6869.
   281.00      6871.
   281.50      6873.
   282.00      6874.
   282.50      6876.
   283.00      6877.
   283.50      6878.
   284.00      6880.
   284.50      6881.
   285.00      6882.
   285.50      6883.
   286.00      6883.
   286.50      6884.
   287.00      6885.
   287.50      6885.
   288.00      6885.
   288.50      6885.
   289.00      6885.
   289.50      6884.
   290.00      6883.
   290.50      6881.
   291.00      6879.
   291.50      6876.
   292.00      6873.
   292.50      6870.
   293.00      6866.
   293.50      6862.
   294.00      6857.
   294.50      6852.
   295.00      6847.
   295.50      6842.
   296.00      6836.
   296.50      6830.
   297.00      6824.
   297.50      6817.
   298.00      6811.
   298.50      6804.
   299.00      6797.
   299.50      6790.
   300.00      6783.
   300.50      6776.
   301.00      6769.
   301.50      6761.
   302.00      6754.
   302.50      6747.
   303.00      6739.
   303.50      6732.
   304.00      6725.
   304.50      6718.
   305.00      6711.
   305.50      6704.
   306.00      6697.
   306.50      6690.
   307.00      6684.
   307.50      6678.
   308.00      6672.
   308.50      6666.
   309.00      6660.
   309.50      6655.
   310.00      6650.
   310.50      6645.
   311.00      6641.
   311.50      6637.
   312.00      6633.
   312.50      6630.
   313.00      6627.
   313.50      6624.
   314.00      6621.
   314.50      6619.
   315.00      6616.
   315.50      6614.
   316.00      6611.
   316.50      6609.
   317.00      6607.
   317.50      6604.
   318.00      6602.
   318.50      6600.
   319.00      6598.
   319.50      6596.
   320.00      6594.
   320.50      6593.
   321.00      6591.
   321.50      6589.
   322.00      6587.
   322.50      6586.
   323.00      6584.
   323.50      6582.
   324.00      6580.
   324.50      6579.
   325.00      6577.
   325.50      6575.
   326.00      6574.
   326.50      6572.
   327.00      6570.
   327.50      6569.
   328.00      6567.
   328.50      6565.
   329.00      6563.
   329.50      6561.
   330.00      6559.
   330.50      6557.
   331.00      6555.
   331.50      6553.
   332.00      6551.
   332.50      6549.
   333.00      6546.
   333.50      6544.
   334.00      6542.
   334.50      6539.
   335.00      6536.
   335.50      6534.
   336.00      6531.
   336.50      6528.
   337.00      6525.
   337.50      6521.
   338.00      6518.
   338.50      6514.
   339.00      6511.
   339.50      6507.
   340.00      6503.
   340.50      6499.
   341.00      6495.
   341.50      6491.
   342.00      6486.
   342.50      6482.
   343.00      6477.
   343.50      6473.
   344.00      6468.
   344.50      6463.
   345.00      6458.
   345.50      6453.
   346.00      6448.
   346.50      6443.
   347.00      6437.
   347.50      6432.
   348.00      6427.
   348.50      6421.
   349.00      6415.
   349.50      6410.
   350.00      6404.
   350.50      6398.
   351.00      6392.
   351.50      6386.
   352.00      6380.
   352.50      6374.
   353.00      6368.
   353.50      6362.
   354.00      6356.
   354.50      6350.
   355.00      6343.
   355.50      6337.
   356.00      6331.
   356.50      6324.
   357.00      6318.
   357.50      6311.
   358.00      6305.
   358.50      6298.
   359.00      6292.
   359.50      6285.
   360.00      6279.
1


  DISCHARGE VS ELEVATION
  **********************
  ELEVATION  DISCHARGE

    4880.49      5000.
    4890.00      5000.
    4898.70      5000.
    4900.00      5000.
    4902.00     10000.
    4904.00     22500.
    4906.00     37500.
    4908.00     56000.
    4910.00     77000.
    4912.00    100000.
    4914.00    125000.
    4916.00    153000.
    4920.00    212000.
    4924.00    270000.
    4928.00    328000.
    4930.00    357000.
    4935.00    429500.