
                     UNITED STATES BUREAU OF RECLAMATION
                       ENGINEERING AND RESEARCH CENTER

                            FLOOD ROUTING FOR DAMS
                            ----------------------

      FEATURE: Pueblo Dam                               DATE    **/ 1/  26
      FLOOD: TREX Test Run & PMF snow                   TIME    **:**:03.**
      TITLE: Full TREX Routing             
      DATA FILE: fs12-7sn.in                                                    

      FLOOD ROUTING SUMMARY
      *********************

         BEGINNING HOUR OF ROUTING.......................      0.50
         ENDING HOUR OF ROUTING..........................    360.00
         INITIAL RESERVOIR ELEVATION.....................   4880.49 FT
         MINIMUM OR NORMAL POOL ELEV.....................   4880.49 FT
         MAXIMUM RESERVOIR ELEVATION.....   4915.34 AT HOUR   83.00
         INFLOW PEAK DISCHARGE...........   205865. AT HOUR   72.50
         MAXIMUM TOTAL OUTFLOW...........   143765. AT HOUR   83.00
         ELEVATION TOLERANCE.............................    0.0100 FT
         INFLOW HYDROGRAPH ADJUSTMENT FACTOR.............      1.00
         IPC OPTIONS (1 TO 10)...........................3100100021

      WATERWAY PARAMETERS
      *******************

         WATERWAY NO. 1 - Top of Dam                    

         TYPE-BROAD OR SHARP CRESTED WEIR
         CONSTANT DISCHARGE COEFFICIENT..................      2.67
         CREST ELEVATION.................................   4925.25 FT
         CREST LENGTH....................................   1200.50 FT
         MAXIMUM DISCHARGE...............        0. AT HOUR    0.50

         WATERWAY NO. 2 - Embankment "wings"            

         TYPE-BROAD OR SHARP CRESTED WEIR
         CONSTANT DISCHARGE COEFFICIENT..................      2.62
         CREST ELEVATION.................................   4925.00 FT
         CREST LENGTH....................................   8480.00 FT
         MAXIMUM DISCHARGE...............        0. AT HOUR    0.50
1

                     ROUTING RESULTS                          DISCHARGE RESULTS
                     ***************                          *****************

    TIME     INFLOW    OUTFLOW    STORAGE   ELEVATION        WATERWAY         RATING
                                                           1         2        CURVE

     0.50      5527.      5000.    257067.   4880.49          0.        0.     5000.
     1.00      5557.      5000.    257089.   4880.49          0.        0.     5000.
     1.50      5587.      5000.    257112.   4880.50          0.        0.     5000.
     2.00      5617.      5000.    257138.   4880.50          0.        0.     5000.
     2.50      5647.      5000.    257164.   4880.51          0.        0.     5000.
     3.00      5677.      5000.    257192.   4880.52          0.        0.     5000.
     3.50      5707.      5000.    257221.   4880.52          0.        0.     5000.
     4.00      5737.      5000.    257251.   4880.53          0.        0.     5000.
     4.50      5766.      5000.    257282.   4880.53          0.        0.     5000.
     5.00      5796.      5000.    257315.   4880.54          0.        0.     5000.
     5.50      5825.      5000.    257348.   4880.55          0.        0.     5000.
     6.00      5855.      5000.    257384.   4880.56          0.        0.     5000.
     6.50      5884.      5000.    257419.   4880.56          0.        0.     5000.
     7.00      5913.      5000.    257457.   4880.57          0.        0.     5000.
     7.50      5941.      5000.    257495.   4880.58          0.        0.     5000.
     8.00      5970.      5000.    257535.   4880.59          0.        0.     5000.
     8.50      5999.      5000.    257575.   4880.60          0.        0.     5000.
     9.00      6027.      5000.    257618.   4880.60          0.        0.     5000.
     9.50      6056.      5000.    257660.   4880.61          0.        0.     5000.
    10.00      6084.      5000.    257705.   4880.62          0.        0.     5000.
    10.50      6112.      5000.    257750.   4880.63          0.        0.     5000.
    11.00      6140.      5000.    257797.   4880.64          0.        0.     5000.
    11.50      6167.      5000.    257844.   4880.65          0.        0.     5000.
    12.00      6195.      5000.    257894.   4880.66          0.        0.     5000.
    12.50      6222.      5000.    257944.   4880.67          0.        0.     5000.
    13.00      6249.      5000.    257995.   4880.68          0.        0.     5000.
    13.50      6276.      5000.    258047.   4880.69          0.        0.     5000.
    14.00      6303.      5000.    258102.   4880.70          0.        0.     5000.
    14.50      6330.      5000.    258156.   4880.72          0.        0.     5000.
    15.00      6357.      5000.    258213.   4880.73          0.        0.     5000.
    15.50      6383.      5000.    258269.   4880.74          0.        0.     5000.
    16.00      6409.      5000.    258326.   4880.75          0.        0.     5000.
    16.50      6435.      5000.    258385.   4880.76          0.        0.     5000.
    17.00      6461.      5000.    258444.   4880.77          0.        0.     5000.
    17.50      6487.      5000.    258506.   4880.79          0.        0.     5000.
    18.00      6512.      5000.    258567.   4880.80          0.        0.     5000.
    18.50      6537.      5000.    258631.   4880.81          0.        0.     5000.
    19.00      6562.      5000.    258695.   4880.83          0.        0.     5000.
    19.50      6587.      5000.    258761.   4880.84          0.        0.     5000.
    20.00      6612.      5000.    258827.   4880.85          0.        0.     5000.
    20.50      6636.      5000.    258893.   4880.87          0.        0.     5000.
    21.00      6661.      5000.    258961.   4880.88          0.        0.     5000.
    21.50      6685.      5000.    259030.   4880.90          0.        0.     5000.
    22.00      6708.      5000.    259101.   4880.91          0.        0.     5000.
    22.50      6732.      5000.    259172.   4880.93          0.        0.     5000.
    23.00      6755.      5000.    259245.   4880.94          0.        0.     5000.
    23.50      6778.      5000.    259318.   4880.96          0.        0.     5000.
    24.00      6801.      5000.    259391.   4880.97          0.        0.     5000.
    24.50      6824.      5000.    259467.   4880.99          0.        0.     5000.
    25.00      6846.      5000.    259542.   4881.00          0.        0.     5000.
    25.50      6869.      5000.    259618.   4881.02          0.        0.     5000.
    26.00      6890.      5000.    259696.   4881.03          0.        0.     5000.
    26.50      6912.      5000.    259774.   4881.05          0.        0.     5000.
    27.00      6934.      5000.    259854.   4881.07          0.        0.     5000.
    27.50      6955.      5000.    259935.   4881.08          0.        0.     5000.
    28.00      6976.      5000.    260015.   4881.10          0.        0.     5000.
    28.50      6997.      5000.    260097.   4881.12          0.        0.     5000.
    29.00      7017.      5000.    260180.   4881.13          0.        0.     5000.
    29.50      7038.      5000.    260263.   4881.15          0.        0.     5000.
    30.00      7058.      5000.    260348.   4881.17          0.        0.     5000.
    30.50      7078.      5000.    260433.   4881.19          0.        0.     5000.
    31.00      7098.      5000.    260520.   4881.20          0.        0.     5000.
    31.50      7117.      5000.    260608.   4881.22          0.        0.     5000.
    32.00      7137.      5000.    260695.   4881.24          0.        0.     5000.
    32.50      7156.      5000.    260785.   4881.26          0.        0.     5000.
    33.00      7175.      5000.    260875.   4881.28          0.        0.     5000.
    33.50      7195.      5000.    260964.   4881.30          0.        0.     5000.
    34.00      7214.      5000.    261056.   4881.31          0.        0.     5000.
    34.50      7233.      5000.    261148.   4881.33          0.        0.     5000.
    35.00      7251.      5000.    261241.   4881.35          0.        0.     5000.
    35.50      7270.      5000.    261335.   4881.37          0.        0.     5000.
    36.00      7289.      5000.    261430.   4881.39          0.        0.     5000.
    36.50      7307.      5000.    261524.   4881.41          0.        0.     5000.
    37.00      7326.      5000.    261621.   4881.43          0.        0.     5000.
    37.50      7344.      5000.    261718.   4881.45          0.        0.     5000.
    38.00      7363.      5000.    261815.   4881.47          0.        0.     5000.
    38.50      7381.      5000.    261914.   4881.49          0.        0.     5000.
    39.00      7399.      5000.    262013.   4881.51          0.        0.     5000.
    39.50      7418.      5000.    262112.   4881.53          0.        0.     5000.
    40.00      7436.      5000.    262211.   4881.55          0.        0.     5000.
    40.50      7454.      5000.    262313.   4881.57          0.        0.     5000.
    41.00      7473.      5000.    262414.   4881.60          0.        0.     5000.
    41.50      7491.      5000.    262516.   4881.62          0.        0.     5000.
    42.00      7509.      5000.    262620.   4881.64          0.        0.     5000.
    42.50      7528.      5000.    262724.   4881.66          0.        0.     5000.
    43.00      7546.      5000.    262828.   4881.68          0.        0.     5000.
    43.50      7565.      5000.    262934.   4881.70          0.        0.     5000.
    44.00      7583.      5000.    263040.   4881.73          0.        0.     5000.
    44.50      7602.      5000.    263147.   4881.75          0.        0.     5000.
    45.00      7620.      5000.    263255.   4881.77          0.        0.     5000.
    45.50      7639.      5000.    263364.   4881.79          0.        0.     5000.
    46.00      7658.      5000.    263473.   4881.81          0.        0.     5000.
    46.50      7677.      5000.    263584.   4881.84          0.        0.     5000.
    47.00      7696.      5000.    263695.   4881.86          0.        0.     5000.
    47.50      7715.      5000.    263806.   4881.88          0.        0.     5000.
    48.00      7734.      5000.    263919.   4881.91          0.        0.     5000.
    48.50      7754.      5000.    264032.   4881.93          0.        0.     5000.
    49.00      7773.      5000.    264146.   4881.95          0.        0.     5000.
    49.50      7794.      5000.    264261.   4881.98          0.        0.     5000.
    50.00      7815.      5000.    264377.   4882.00          0.        0.     5000.
    50.50      7838.      5000.    264493.   4882.03          0.        0.     5000.
    51.00      7860.      5000.    264611.   4882.05          0.        0.     5000.
    51.50      7883.      5000.    264729.   4882.07          0.        0.     5000.
    52.00      7907.      5000.    264849.   4882.10          0.        0.     5000.
    52.50      7931.      5000.    264970.   4882.12          0.        0.     5000.
    53.00      7956.      5000.    265090.   4882.15          0.        0.     5000.
    53.50      7981.      5000.    265213.   4882.17          0.        0.     5000.
    54.00      8006.      5000.    265336.   4882.20          0.        0.     5000.
    54.50      8032.      5000.    265461.   4882.23          0.        0.     5000.
    55.00      8058.      5000.    265586.   4882.25          0.        0.     5000.
    55.50      8084.      5000.    265714.   4882.28          0.        0.     5000.
    56.00      8110.      5000.    265841.   4882.30          0.        0.     5000.
    56.50      8136.      5000.    265971.   4882.33          0.        0.     5000.
    57.00      8162.      5000.    266101.   4882.36          0.        0.     5000.
    57.50      8196.      5000.    266233.   4882.39          0.        0.     5000.
    58.00      8243.      5000.    266366.   4882.41          0.        0.     5000.
    58.50      8313.      5000.    266500.   4882.44          0.        0.     5000.
    59.00      8390.      5000.    266640.   4882.47          0.        0.     5000.
    59.50      8475.      5000.    266781.   4882.50          0.        0.     5000.
    60.00      8595.      5000.    266928.   4882.53          0.        0.     5000.
    60.50      8833.      5000.    267081.   4882.56          0.        0.     5000.
    61.00      9260.      5000.    267249.   4882.60          0.        0.     5000.
    61.50      9862.      5000.    267438.   4882.63          0.        0.     5000.
    62.00     10810.      5000.    267658.   4882.68          0.        0.     5000.
    62.50     12911.      5000.    267941.   4882.74          0.        0.     5000.
    63.00     21559.      5000.    268447.   4882.84          0.        0.     5000.
    63.50     71539.      5000.    270164.   4883.20          0.        0.     5000.
    64.00     98475.      5000.    273470.   4883.88          0.        0.     5000.
    64.50    112362.      5000.    277620.   4884.74          0.        0.     5000.
    65.00    122915.      5000.    282275.   4885.70          0.        0.     5000.
    65.50    132369.      5000.    287343.   4886.75          0.        0.     5000.
    66.00    141494.      5000.    292794.   4887.88          0.        0.     5000.
    66.50    150520.      5000.    298621.   4889.08          0.        0.     5000.
    67.00    159045.      5000.    304811.   4890.32          0.        0.     5000.
    67.50    166422.      5000.    311328.   4891.52          0.        0.     5000.
    68.00    172766.      5000.    318129.   4892.77          0.        0.     5000.
    68.50    178574.      5000.    325182.   4894.07          0.        0.     5000.
    69.00    184336.      5000.    332474.   4895.42          0.        0.     5000.
    69.50    190038.      5000.    340002.   4896.80          0.        0.     5000.
    70.00    195301.      5000.    347757.   4898.23          0.        0.     5000.
    70.50    199620.      5000.    355709.   4899.69          0.        0.     5000.
    71.00    202709.      7599.    363762.   4901.04          0.        0.     7599.
    71.50    204647.     12136.    371770.   4902.34          0.        0.    12136.
    72.00    205609.     20074.    379580.   4903.61          0.        0.    20074.
    72.50    205865.     28729.    387075.   4904.83          0.        0.    28729.
    73.00    205729.     37434.    394212.   4905.99          0.        0.    37434.
    73.50    205415.     47554.    400950.   4907.09          0.        0.    47554.
    74.00    204954.     57200.    407268.   4908.11          0.        0.    57200.
    74.50    204279.     67249.    413153.   4909.07          0.        0.    67249.
    75.00    203377.     76559.    418606.   4909.96          0.        0.    76559.
    75.50    202220.     84861.    423650.   4910.68          0.        0.    84861.
    76.00    200634.     92515.    428309.   4911.35          0.        0.    92515.
    76.50    198460.     99540.    432585.   4911.96          0.        0.    99540.
    77.00    195714.    106458.    436482.   4912.52          0.        0.   106458.
    77.50    192504.    112695.    439976.   4913.02          0.        0.   112695.
    78.00    188936.    118250.    443086.   4913.46          0.        0.   118250.
    78.50    185097.    123145.    445828.   4913.85          0.        0.   123145.
    79.00    181025.    127700.    448217.   4914.19          0.        0.   127700.
    79.50    176737.    131761.    450248.   4914.48          0.        0.   131761.
    80.00    172310.    135151.    451943.   4914.73          0.        0.   135151.
    80.50    168035.    137934.    453334.   4914.92          0.        0.   137934.
    81.00    163626.    140148.    454442.   4915.08          0.        0.   140148.
    81.50    158757.    141816.    455276.   4915.20          0.        0.   141816.
    82.00    153601.    142958.    455847.   4915.28          0.        0.   142958.
    82.50    148372.    143594.    456165.   4915.33          0.        0.   143594.
    83.00    143160.    143765.    456250.   4915.34          0.        0.   143765.
    83.50    137958.    143512.    456124.   4915.32          0.        0.   143512.
    84.00    132763.    142862.    455799.   4915.28          0.        0.   142862.
    84.50    127549.    141851.    455293.   4915.20          0.        0.   141851.
    85.00    122320.    140511.    454623.   4915.11          0.        0.   140511.
    85.50    117107.    138863.    453799.   4914.99          0.        0.   138863.
    86.00    111957.    136936.    452835.   4914.85          0.        0.   136936.
    86.50    106909.    134755.    451745.   4914.70          0.        0.   134755.
    87.00    101961.    132349.    450542.   4914.52          0.        0.   132349.
    87.50     97159.    129744.    449239.   4914.34          0.        0.   129744.
    88.00     92524.    126976.    447855.   4914.14          0.        0.   126976.
    88.50     88082.    124164.    446399.   4913.93          0.        0.   124164.
    89.00     83891.    121448.    444877.   4913.72          0.        0.   121448.
    89.50     79918.    118634.    443302.   4913.49          0.        0.   118634.
    90.00     76156.    115747.    441685.   4913.26          0.        0.   115747.
    90.50     72605.    112805.    440037.   4913.02          0.        0.   112805.
    91.00     69259.    109827.    438369.   4912.79          0.        0.   109827.
    91.50     66096.    106830.    436691.   4912.55          0.        0.   106830.
    92.00     63103.    103827.    435009.   4912.31          0.        0.   103827.
    92.50     60267.    100830.    433330.   4912.07          0.        0.   100830.
    93.00     57385.     98012.    431655.   4911.83          0.        0.    98012.
    93.50     54589.     95255.    429977.   4911.59          0.        0.    95255.
    94.00     51861.     92498.    428299.   4911.35          0.        0.    92498.
    94.50     49246.     89747.    426624.   4911.11          0.        0.    89747.
    95.00     46795.     87006.    424955.   4910.87          0.        0.    87006.
    95.50     44509.     84289.    423301.   4910.63          0.        0.    84289.
    96.00     42418.     81610.    421670.   4910.40          0.        0.    81610.
    96.50     40455.     78971.    420064.   4910.17          0.        0.    78971.
    97.00     38639.     76359.    418489.   4909.94          0.        0.    76359.
    97.50     36938.     73729.    416948.   4909.69          0.        0.    73729.
    98.00     35317.     71166.    415447.   4909.44          0.        0.    71166.
    98.50     33869.     68674.    413988.   4909.21          0.        0.    68674.
    99.00     32471.     66254.    412570.   4908.98          0.        0.    66254.
    99.50     31242.     63911.    411198.   4908.75          0.        0.    63911.
   100.00     30007.     61645.    409871.   4908.54          0.        0.    61645.
   100.50     28926.     59450.    408586.   4908.33          0.        0.    59450.
   101.00     27901.     57333.    407346.   4908.13          0.        0.    57333.
   101.50     26922.     55377.    406151.   4907.93          0.        0.    55377.
   102.00     26003.     53633.    404992.   4907.74          0.        0.    53633.
   102.50     25138.     51940.    403866.   4907.56          0.        0.    51940.
   103.00     24409.     50300.    402776.   4907.38          0.        0.    50300.
   103.50     23678.     48719.    401725.   4907.21          0.        0.    48719.
   104.00     22984.     47188.    400707.   4907.05          0.        0.    47188.
   104.50     22339.     45711.    399725.   4906.89          0.        0.    45711.
   105.00     21738.     44284.    398776.   4906.73          0.        0.    44284.
   105.50     21190.     42906.    397860.   4906.58          0.        0.    42906.
   106.00     20701.     41583.    396980.   4906.44          0.        0.    41583.
   106.50     20222.     40309.    396134.   4906.30          0.        0.    40309.
   107.00     19747.     39085.    395320.   4906.17          0.        0.    39085.
   107.50     19286.     37906.    394536.   4906.04          0.        0.    37906.
   108.00     18846.     36910.    393783.   4905.92          0.        0.    36910.
   108.50     18432.     36013.    393047.   4905.80          0.        0.    36013.
   109.00     18043.     35138.    392329.   4905.69          0.        0.    35138.
   109.50     17689.     34288.    391633.   4905.57          0.        0.    34288.
   110.00     17367.     33464.    390957.   4905.46          0.        0.    33464.
   110.50     17047.     32666.    390302.   4905.36          0.        0.    32666.
   111.00     16741.     31890.    389666.   4905.25          0.        0.    31890.
   111.50     16471.     31139.    389050.   4905.15          0.        0.    31139.
   112.00     16219.     30410.    388453.   4905.05          0.        0.    30410.
   112.50     15965.     29707.    387876.   4904.96          0.        0.    29707.
   113.00     15711.     29026.    387318.   4904.87          0.        0.    29026.
   113.50     15463.     28367.    386777.   4904.78          0.        0.    28367.
   114.00     15227.     27726.    386252.   4904.70          0.        0.    27726.
   114.50     15021.     27107.    385744.   4904.61          0.        0.    27107.
   115.00     14832.     26510.    385255.   4904.53          0.        0.    26510.
   115.50     14648.     25931.    384781.   4904.46          0.        0.    25931.
   116.00     14465.     25371.    384321.   4904.38          0.        0.    25371.
   116.50     14297.     24829.    383877.   4904.31          0.        0.    24829.
   117.00     14136.     24309.    383450.   4904.24          0.        0.    24309.
   117.50     13977.     23804.    383036.   4904.17          0.        0.    23804.
   118.00     13824.     23317.    382637.   4904.11          0.        0.    23317.
   118.50     13684.     22848.    382252.   4904.05          0.        0.    22848.
   119.00     13547.     22412.    381880.   4903.99          0.        0.    22412.
   119.50     13410.     22045.    381520.   4903.93          0.        0.    22045.
   120.00     13278.     21688.    381168.   4903.87          0.        0.    21688.
   120.50     13156.     21340.    380826.   4903.81          0.        0.    21340.
   121.00     13037.     21002.    380493.   4903.76          0.        0.    21002.
   121.50     12921.     20672.    380168.   4903.71          0.        0.    20672.
   122.00     12807.     20352.    379853.   4903.66          0.        0.    20352.
   122.50     12701.     20040.    379547.   4903.61          0.        0.    20040.
   123.00     12600.     19735.    379247.   4903.56          0.        0.    19735.
   123.50     12502.     19439.    378955.   4903.51          0.        0.    19439.
   124.00     12407.     19152.    378673.   4903.46          0.        0.    19152.
   124.50     12312.     18871.    378397.   4903.42          0.        0.    18871.
   125.00     12221.     18600.    378130.   4903.38          0.        0.    18600.
   125.50     12134.     18334.    377868.   4903.33          0.        0.    18334.
   126.00     12049.     18078.    377616.   4903.29          0.        0.    18078.
   126.50     11965.     17828.    377370.   4903.25          0.        0.    17828.
   127.00     11885.     17584.    377130.   4903.21          0.        0.    17584.
   127.50     11806.     17349.    376898.   4903.18          0.        0.    17349.
   128.00     11731.     17120.    376673.   4903.14          0.        0.    17120.
   128.50     11657.     16897.    376454.   4903.10          0.        0.    16897.
   129.00      8502.     16616.    376178.   4903.06          0.        0.    16616.
   129.50      8497.     16284.    375851.   4903.01          0.        0.    16284.
   130.00      8492.     15963.    375535.   4902.95          0.        0.    15963.
   130.50      8486.     15655.    375232.   4902.90          0.        0.    15655.
   131.00      8480.     15359.    374941.   4902.86          0.        0.    15359.
   131.50      8474.     15075.    374661.   4902.81          0.        0.    15075.
   132.00      8469.     14803.    374394.   4902.77          0.        0.    14803.
   132.50      8462.     14544.    374139.   4902.73          0.        0.    14544.
   133.00      8456.     14294.    373893.   4902.69          0.        0.    14294.
   133.50      8450.     14053.    373656.   4902.65          0.        0.    14053.
   134.00      8444.     13821.    373427.   4902.61          0.        0.    13821.
   134.50      8438.     13598.    373208.   4902.58          0.        0.    13598.
   135.00      8431.     13384.    372998.   4902.54          0.        0.    13384.
   135.50      8425.     13180.    372797.   4902.51          0.        0.    13180.
   136.00      8418.     12985.    372605.   4902.48          0.        0.    12985.
   136.50      8412.     12795.    372418.   4902.45          0.        0.    12795.
   137.00      8406.     12615.    372241.   4902.42          0.        0.    12615.
   137.50      8399.     12441.    372070.   4902.39          0.        0.    12441.
   138.00      8393.     12274.    371905.   4902.36          0.        0.    12274.
   138.50      8386.     12115.    371749.   4902.34          0.        0.    12115.
   139.00      8380.     11962.    371599.   4902.31          0.        0.    11962.
   139.50      8374.     11816.    371455.   4902.29          0.        0.    11816.
   140.00      8367.     11675.    371316.   4902.27          0.        0.    11675.
   140.50      8361.     11538.    371181.   4902.25          0.        0.    11538.
   141.00      8355.     11407.    371052.   4902.23          0.        0.    11407.
   141.50      8349.     11282.    370929.   4902.21          0.        0.    11282.
   142.00      8343.     11160.    370809.   4902.19          0.        0.    11160.
   142.50      8337.     11044.    370695.   4902.17          0.        0.    11044.
   143.00      8332.     10931.    370584.   4902.15          0.        0.    10931.
   143.50      8326.     10824.    370479.   4902.13          0.        0.    10824.
   144.00      8321.     10720.    370377.   4902.12          0.        0.    10720.
   144.50      8315.     10623.    370281.   4902.10          0.        0.    10623.
   145.00      8310.     10528.    370187.   4902.08          0.        0.    10528.
   145.50      8305.     10436.    370097.   4902.07          0.        0.    10436.
   146.00      8300.     10348.    370010.   4902.06          0.        0.    10348.
   146.50      8295.     10262.    369926.   4902.04          0.        0.    10262.
   147.00      8290.     10180.    369845.   4902.03          0.        0.    10180.
   147.50      8285.     10101.    369767.   4902.02          0.        0.    10101.
   148.00      8280.     10024.    369692.   4902.00          0.        0.    10024.
   148.50      8274.      9980.    369620.   4901.99          0.        0.     9980.
   149.00      8269.      9952.    369551.   4901.98          0.        0.     9952.
   149.50      8264.      9924.    369482.   4901.97          0.        0.     9924.
   150.00      8259.      9896.    369413.   4901.96          0.        0.     9896.
   150.50      8254.      9869.    369347.   4901.95          0.        0.     9869.
   151.00      8249.      9843.    369281.   4901.94          0.        0.     9843.
   151.50      8244.      9816.    369215.   4901.93          0.        0.     9816.
   152.00      8239.      9790.    369152.   4901.92          0.        0.     9790.
   152.50      8234.      9764.    369088.   4901.91          0.        0.     9764.
   153.00      8229.      9739.    369025.   4901.90          0.        0.     9739.
   153.50      8224.      9713.    368962.   4901.89          0.        0.     9713.
   154.00      8219.      9689.    368902.   4901.88          0.        0.     9689.
   154.50      8214.      9664.    368842.   4901.87          0.        0.     9664.
   155.00      8209.      9640.    368782.   4901.86          0.        0.     9640.
   155.50      8204.      9615.    368722.   4901.85          0.        0.     9615.
   156.00      8199.      9592.    368665.   4901.84          0.        0.     9592.
   156.50      8194.      9569.    368608.   4901.83          0.        0.     9569.
   157.00      8189.      9546.    368551.   4901.82          0.        0.     9546.
   157.50      8183.      9523.    368494.   4901.81          0.        0.     9523.
   158.00      8178.      9501.    368440.   4901.80          0.        0.     9501.
   158.50      8173.      9479.    368386.   4901.79          0.        0.     9479.
   159.00      8168.      9457.    368332.   4901.78          0.        0.     9457.
   159.50      8163.      9435.    368278.   4901.77          0.        0.     9435.
   160.00      8157.      9414.    368227.   4901.77          0.        0.     9414.
   160.50      8152.      9393.    368176.   4901.76          0.        0.     9393.
   161.00      8147.      9373.    368125.   4901.75          0.        0.     9373.
   161.50      8141.      9352.    368074.   4901.74          0.        0.     9352.
   162.00      8136.      9331.    368023.   4901.73          0.        0.     9331.
   162.50      8130.      9312.    367975.   4901.72          0.        0.     9312.
   163.00      8125.      9292.    367926.   4901.72          0.        0.     9292.
   163.50      8119.      9272.    367878.   4901.71          0.        0.     9272.
   164.00      8113.      9253.    367830.   4901.70          0.        0.     9253.
   164.50      8108.      9233.    367782.   4901.69          0.        0.     9233.
   165.00      8102.      9215.    367737.   4901.69          0.        0.     9215.
   165.50      8096.      9197.    367692.   4901.68          0.        0.     9197.
   166.00      8090.      9178.    367647.   4901.67          0.        0.     9178.
   166.50      8084.      9160.    367602.   4901.66          0.        0.     9160.
   167.00      8078.      9142.    367557.   4901.66          0.        0.     9142.
   167.50      8072.      9124.    367512.   4901.65          0.        0.     9124.
   168.00      8066.      9106.    367470.   4901.64          0.        0.     9106.
   168.50      8060.      9089.    367428.   4901.64          0.        0.     9089.
   169.00      8054.      9072.    367386.   4901.63          0.        0.     9072.
   169.50      8047.      9055.    367344.   4901.62          0.        0.     9055.
   170.00      8040.      9038.    367302.   4901.62          0.        0.     9038.
   170.50      8032.      9021.    367260.   4901.61          0.        0.     9021.
   171.00      8024.      9004.    367218.   4901.60          0.        0.     9004.
   171.50      8016.      8988.    367179.   4901.60          0.        0.     8988.
   172.00      8008.      8972.    367140.   4901.59          0.        0.     8972.
   172.50      7999.      8956.    367101.   4901.58          0.        0.     8956.
   173.00      7990.      8940.    367062.   4901.58          0.        0.     8940.
   173.50      7981.      8925.    367023.   4901.57          0.        0.     8925.
   174.00      7972.      8909.    366984.   4901.56          0.        0.     8909.
   174.50      7962.      8893.    366945.   4901.56          0.        0.     8893.
   175.00      7953.      8877.    366906.   4901.55          0.        0.     8877.
   175.50      7943.      8861.    366867.   4901.54          0.        0.     8861.
   176.00      7933.      8845.    366827.   4901.54          0.        0.     8845.
   176.50      7923.      8829.    366788.   4901.53          0.        0.     8829.
   177.00      7913.      8815.    366752.   4901.53          0.        0.     8815.
   177.50      7903.      8800.    366716.   4901.52          0.        0.     8800.
   178.00      7893.      8785.    366680.   4901.51          0.        0.     8785.
   178.50      7883.      8771.    366644.   4901.51          0.        0.     8771.
   179.00      7873.      8756.    366608.   4901.50          0.        0.     8756.
   179.50      7864.      8741.    366572.   4901.50          0.        0.     8741.
   180.00      7854.      8727.    366536.   4901.49          0.        0.     8727.
   180.50      7844.      8712.    366500.   4901.48          0.        0.     8712.
   181.00      7834.      8698.    366464.   4901.48          0.        0.     8698.
   181.50      7825.      8683.    366428.   4901.47          0.        0.     8683.
   182.00      7816.      8668.    366392.   4901.47          0.        0.     8668.
   182.50      7807.      8654.    366356.   4901.46          0.        0.     8654.
   183.00      7798.      8639.    366320.   4901.46          0.        0.     8639.
   183.50      7789.      8624.    366284.   4901.45          0.        0.     8624.
   184.00      7781.      8611.    366251.   4901.44          0.        0.     8611.
   184.50      7773.      8597.    366218.   4901.44          0.        0.     8597.
   185.00      7765.      8584.    366185.   4901.43          0.        0.     8584.
   185.50      7758.      8571.    366152.   4901.43          0.        0.     8571.
   186.00      7751.      8557.    366119.   4901.42          0.        0.     8557.
   186.50      7744.      8544.    366086.   4901.42          0.        0.     8544.
   187.00      7738.      8530.    366053.   4901.41          0.        0.     8530.
   187.50      7732.      8517.    366020.   4901.41          0.        0.     8517.
   188.00      7727.      8503.    365987.   4901.40          0.        0.     8503.
   188.50      7722.      8490.    365954.   4901.40          0.        0.     8490.
   189.00      7718.      8477.    365921.   4901.39          0.        0.     8477.
   189.50      7714.      8464.    365891.   4901.39          0.        0.     8464.
   190.00      7710.      8452.    365861.   4901.38          0.        0.     8452.
   190.50      7708.      8440.    365831.   4901.38          0.        0.     8440.
   191.00      7705.      8428.    365801.   4901.37          0.        0.     8428.
   191.50      7704.      8416.    365771.   4901.37          0.        0.     8416.
   192.00      7703.      8403.    365741.   4901.36          0.        0.     8403.
   192.50      7703.      8391.    365710.   4901.36          0.        0.     8391.
   193.00      7703.      8380.    365683.   4901.35          0.        0.     8380.
   193.50      7703.      8369.    365656.   4901.35          0.        0.     8369.
   194.00      7703.      8358.    365629.   4901.34          0.        0.     8358.
   194.50      7703.      8347.    365602.   4901.34          0.        0.     8347.
   195.00      7703.      8336.    365575.   4901.33          0.        0.     8336.
   195.50      7703.      8325.    365548.   4901.33          0.        0.     8325.
   196.00      7703.      8315.    365524.   4901.33          0.        0.     8315.
   196.50      7703.      8306.    365500.   4901.32          0.        0.     8306.
   197.00      7703.      8296.    365476.   4901.32          0.        0.     8296.
   197.50      7703.      8286.    365452.   4901.31          0.        0.     8286.
   198.00      7703.      8276.    365428.   4901.31          0.        0.     8276.
   198.50      7703.      8267.    365404.   4901.31          0.        0.     8267.
   199.00      7703.      8257.    365380.   4901.30          0.        0.     8257.
   199.50      7703.      8247.    365356.   4901.30          0.        0.     8247.
   200.00      7703.      8239.    365335.   4901.30          0.        0.     8239.
   200.50      7703.      8230.    365314.   4901.29          0.        0.     8230.
   201.00      7703.      8221.    365293.   4901.29          0.        0.     8221.
   201.50      7703.      8213.    365272.   4901.29          0.        0.     8213.
   202.00      7703.      8204.    365251.   4901.28          0.        0.     8204.
   202.50      7703.      8196.    365230.   4901.28          0.        0.     8196.
   203.00      7703.      8187.    365209.   4901.27          0.        0.     8187.
   203.50      7703.      8179.    365188.   4901.27          0.        0.     8179.
   204.00      7703.      8171.    365170.   4901.27          0.        0.     8171.
   204.50      7703.      8164.    365152.   4901.27          0.        0.     8164.
   205.00      7703.      8157.    365134.   4901.26          0.        0.     8157.
   205.50      7703.      8149.    365116.   4901.26          0.        0.     8149.
   206.00      7703.      8142.    365098.   4901.26          0.        0.     8142.
   206.50      7703.      8135.    365080.   4901.25          0.        0.     8135.
   207.00      7703.      8127.    365062.   4901.25          0.        0.     8127.
   207.50      7703.      8120.    365044.   4901.25          0.        0.     8120.
   208.00      7703.      8113.    365026.   4901.25          0.        0.     8113.
   208.50      7703.      8105.    365008.   4901.24          0.        0.     8105.
   209.00      7703.      8099.    364993.   4901.24          0.        0.     8099.
   209.50      7703.      8093.    364978.   4901.24          0.        0.     8093.
   210.00      7703.      8087.    364963.   4901.23          0.        0.     8087.
   210.50      7703.      8081.    364948.   4901.23          0.        0.     8081.
   211.00      7703.      8075.    364933.   4901.23          0.        0.     8075.
   211.50      7703.      8069.    364918.   4901.23          0.        0.     8069.
   212.00      7703.      8063.    364903.   4901.23          0.        0.     8063.
   212.50      7703.      8057.    364888.   4901.22          0.        0.     8057.
   213.00      7703.      8051.    364873.   4901.22          0.        0.     8051.
   213.50      7703.      8044.    364858.   4901.22          0.        0.     8044.
   214.00      7703.      8038.    364843.   4901.22          0.        0.     8038.
   214.50      7703.      8032.    364828.   4901.21          0.        0.     8032.
   215.00      7703.      8027.    364816.   4901.21          0.        0.     8027.
   215.50      7703.      8022.    364804.   4901.21          0.        0.     8022.
   216.00      7703.      8018.    364792.   4901.21          0.        0.     8018.
   216.50      7703.      8013.    364780.   4901.21          0.        0.     8013.
   217.00      7702.      8008.    364768.   4901.20          0.        0.     8008.
   217.50      7702.      8003.    364756.   4901.20          0.        0.     8003.
   218.00      7700.      7998.    364744.   4901.20          0.        0.     7998.
   218.50      7699.      7993.    364732.   4901.20          0.        0.     7993.
   219.00      7697.      7988.    364720.   4901.20          0.        0.     7988.
   219.50      7694.      7983.    364708.   4901.19          0.        0.     7983.
   220.00      7692.      7979.    364696.   4901.19          0.        0.     7979.
   220.50      7688.      7974.    364684.   4901.19          0.        0.     7974.
   221.00      7685.      7969.    364672.   4901.19          0.        0.     7969.
   221.50      7681.      7964.    364660.   4901.19          0.        0.     7964.
   222.00      7677.      7959.    364648.   4901.18          0.        0.     7959.
   222.50      7672.      7954.    364636.   4901.18          0.        0.     7954.
   223.00      7667.      7949.    364624.   4901.18          0.        0.     7949.
   223.50      7662.      7944.    364611.   4901.18          0.        0.     7944.
   224.00      7656.      7939.    364599.   4901.18          0.        0.     7939.
   224.50      7650.      7935.    364587.   4901.17          0.        0.     7935.
   225.00      7644.      7930.    364575.   4901.17          0.        0.     7930.
   225.50      7638.      7925.    364563.   4901.17          0.        0.     7925.
   226.00      7631.      7920.    364551.   4901.17          0.        0.     7920.
   226.50      7624.      7915.    364539.   4901.17          0.        0.     7915.
   227.00      7617.      7910.    364527.   4901.16          0.        0.     7910.
   227.50      7610.      7905.    364515.   4901.16          0.        0.     7905.
   228.00      7603.      7900.    364503.   4901.16          0.        0.     7900.
   228.50      7595.      7896.    364491.   4901.16          0.        0.     7896.
   229.00      7587.      7891.    364479.   4901.16          0.        0.     7891.
   229.50      7579.      7886.    364467.   4901.15          0.        0.     7886.
   230.00      7571.      7881.    364455.   4901.15          0.        0.     7881.
   230.50      7562.      7876.    364443.   4901.15          0.        0.     7876.
   231.00      7554.      7871.    364431.   4901.15          0.        0.     7871.
   231.50      7545.      7866.    364419.   4901.15          0.        0.     7866.
   232.00      7537.      7861.    364407.   4901.14          0.        0.     7861.
   232.50      7528.      7856.    364395.   4901.14          0.        0.     7856.
   233.00      7519.      7850.    364380.   4901.14          0.        0.     7850.
   233.50      7510.      7844.    364365.   4901.14          0.        0.     7844.
   234.00      7501.      7838.    364350.   4901.14          0.        0.     7838.
   234.50      7492.      7832.    364335.   4901.13          0.        0.     7832.
   235.00      7483.      7826.    364320.   4901.13          0.        0.     7826.
   235.50      7474.      7820.    364305.   4901.13          0.        0.     7820.
   236.00      7465.      7814.    364290.   4901.13          0.        0.     7814.
   236.50      7456.      7808.    364275.   4901.12          0.        0.     7808.
   237.00      7447.      7802.    364260.   4901.12          0.        0.     7802.
   237.50      7438.      7795.    364245.   4901.12          0.        0.     7795.
   238.00      7429.      7789.    364230.   4901.12          0.        0.     7789.
   238.50      7420.      7783.    364215.   4901.11          0.        0.     7783.
   239.00      7412.      7777.    364200.   4901.11          0.        0.     7777.
   239.50      7403.      7771.    364185.   4901.11          0.        0.     7771.
   240.00      7394.      7765.    364170.   4901.11          0.        0.     7765.
   240.50      7386.      7759.    364155.   4901.10          0.        0.     7759.
   241.00      7377.      7753.    364140.   4901.10          0.        0.     7753.
   241.50      7367.      7747.    364125.   4901.10          0.        0.     7747.
   242.00      7357.      7740.    364110.   4901.10          0.        0.     7740.
   242.50      7346.      7734.    364095.   4901.09          0.        0.     7734.
   243.00      7335.      7728.    364080.   4901.09          0.        0.     7728.
   243.50      7323.      7722.    364065.   4901.09          0.        0.     7722.
   244.00      7310.      7715.    364047.   4901.09          0.        0.     7715.
   244.50      7297.      7708.    364029.   4901.08          0.        0.     7708.
   245.00      7284.      7700.    364011.   4901.08          0.        0.     7700.
   245.50      7270.      7693.    363993.   4901.08          0.        0.     7693.
   246.00      7256.      7686.    363975.   4901.07          0.        0.     7686.
   246.50      7241.      7678.    363957.   4901.07          0.        0.     7678.
   247.00      7226.      7671.    363939.   4901.07          0.        0.     7671.
   247.50      7211.      7664.    363921.   4901.07          0.        0.     7664.
   248.00      7196.      7656.    363903.   4901.06          0.        0.     7656.
   248.50      7180.      7649.    363885.   4901.06          0.        0.     7649.
   249.00      7164.      7640.    363864.   4901.06          0.        0.     7640.
   249.50      7149.      7632.    363843.   4901.05          0.        0.     7632.
   250.00      7133.      7623.    363822.   4901.05          0.        0.     7623.
   250.50      7117.      7615.    363801.   4901.05          0.        0.     7615.
   251.00      7101.      7606.    363780.   4901.04          0.        0.     7606.
   251.50      7085.      7598.    363759.   4901.04          0.        0.     7598.
   252.00      7070.      7589.    363738.   4901.04          0.        0.     7589.
   252.50      7054.      7581.    363717.   4901.03          0.        0.     7581.
   253.00      7039.      7572.    363696.   4901.03          0.        0.     7572.
   253.50      7024.      7563.    363675.   4901.03          0.        0.     7563.
   254.00      7009.      7555.    363654.   4901.02          0.        0.     7555.
   254.50      6994.      7545.    363630.   4901.02          0.        0.     7545.
   255.00      6980.      7535.    363606.   4901.01          0.        0.     7535.
   255.50      6966.      7526.    363582.   4901.01          0.        0.     7526.
   256.00      6953.      7516.    363558.   4901.01          0.        0.     7516.
   256.50      6940.      7506.    363534.   4901.00          0.        0.     7506.
   257.00      6927.      7496.    363510.   4901.00          0.        0.     7496.
   257.50      6915.      7487.    363485.   4900.99          0.        0.     7487.
   258.00      6904.      7477.    363461.   4900.99          0.        0.     7477.
   258.50      6893.      7467.    363437.   4900.99          0.        0.     7467.
   259.00      6883.      7457.    363413.   4900.98          0.        0.     7457.
   259.50      6873.      7448.    363389.   4900.98          0.        0.     7448.
   260.00      6864.      7438.    363365.   4900.98          0.        0.     7438.
   260.50      6856.      7428.    363341.   4900.97          0.        0.     7428.
   261.00      6849.      7418.    363317.   4900.97          0.        0.     7418.
   261.50      6843.      7408.    363293.   4900.96          0.        0.     7408.
   262.00      6837.      7399.    363269.   4900.96          0.        0.     7399.
   262.50      6832.      7389.    363245.   4900.96          0.        0.     7389.
   263.00      6829.      7379.    363221.   4900.95          0.        0.     7379.
   263.50      6826.      7369.    363197.   4900.95          0.        0.     7369.
   264.00      6825.      7361.    363176.   4900.94          0.        0.     7361.
   264.50      6824.      7352.    363155.   4900.94          0.        0.     7352.
   265.00      6824.      7344.    363134.   4900.94          0.        0.     7344.
   265.50      6824.      7335.    363113.   4900.93          0.        0.     7335.
   266.00      6825.      7327.    363092.   4900.93          0.        0.     7327.
   266.50      6825.      7318.    363071.   4900.93          0.        0.     7318.
   267.00      6826.      7310.    363050.   4900.92          0.        0.     7310.
   267.50      6827.      7301.    363029.   4900.92          0.        0.     7301.
   268.00      6828.      7294.    363011.   4900.92          0.        0.     7294.
   268.50      6829.      7286.    362993.   4900.91          0.        0.     7286.
   269.00      6830.      7279.    362975.   4900.91          0.        0.     7279.
   269.50      6831.      7272.    362957.   4900.91          0.        0.     7272.
   270.00      6832.      7264.    362939.   4900.91          0.        0.     7264.
   270.50      6834.      7257.    362921.   4900.90          0.        0.     7257.
   271.00      6835.      7250.    362903.   4900.90          0.        0.     7250.
   271.50      6837.      7242.    362885.   4900.90          0.        0.     7242.
   272.00      6838.      7235.    362867.   4900.89          0.        0.     7235.
   272.50      6840.      7229.    362852.   4900.89          0.        0.     7229.
   273.00      6842.      7223.    362837.   4900.89          0.        0.     7223.
   273.50      6843.      7217.    362822.   4900.89          0.        0.     7217.
   274.00      6845.      7211.    362807.   4900.88          0.        0.     7211.
   274.50      6847.      7205.    362792.   4900.88          0.        0.     7205.
   275.00      6849.      7198.    362777.   4900.88          0.        0.     7198.
   275.50      6851.      7192.    362762.   4900.88          0.        0.     7192.
   276.00      6853.      7186.    362747.   4900.87          0.        0.     7186.
   276.50      6855.      7180.    362732.   4900.87          0.        0.     7180.
   277.00      6857.      7175.    362720.   4900.87          0.        0.     7175.
   277.50      6858.      7170.    362708.   4900.87          0.        0.     7170.
   278.00      6860.      7166.    362696.   4900.87          0.        0.     7166.
   278.50      6862.      7161.    362684.   4900.86          0.        0.     7161.
   279.00      6864.      7156.    362672.   4900.86          0.        0.     7156.
   279.50      6866.      7151.    362660.   4900.86          0.        0.     7151.
   280.00      6868.      7146.    362648.   4900.86          0.        0.     7146.
   280.50      6869.      7141.    362636.   4900.86          0.        0.     7141.
   281.00      6871.      7136.    362624.   4900.85          0.        0.     7136.
   281.50      6873.      7131.    362612.   4900.85          0.        0.     7131.
   282.00      6874.      7126.    362600.   4900.85          0.        0.     7126.
   282.50      6876.      7123.    362591.   4900.85          0.        0.     7123.
   283.00      6877.      7119.    362582.   4900.85          0.        0.     7119.
   283.50      6878.      7115.    362573.   4900.85          0.        0.     7115.
   284.00      6880.      7112.    362564.   4900.84          0.        0.     7112.
   284.50      6881.      7108.    362555.   4900.84          0.        0.     7108.
   285.00      6882.      7104.    362546.   4900.84          0.        0.     7104.
   285.50      6883.      7101.    362537.   4900.84          0.        0.     7101.
   286.00      6883.      7097.    362528.   4900.84          0.        0.     7097.
   286.50      6884.      7094.    362519.   4900.84          0.        0.     7094.
   287.00      6885.      7090.    362510.   4900.84          0.        0.     7090.
   287.50      6885.      7086.    362501.   4900.83          0.        0.     7086.
   288.00      6885.      7083.    362492.   4900.83          0.        0.     7083.
   288.50      6885.      7079.    362483.   4900.83          0.        0.     7079.
   289.00      6885.      7075.    362474.   4900.83          0.        0.     7075.
   289.50      6884.      7072.    362465.   4900.83          0.        0.     7072.
   290.00      6883.      7068.    362456.   4900.83          0.        0.     7068.
   290.50      6881.      7064.    362447.   4900.83          0.        0.     7064.
   291.00      6879.      7061.    362438.   4900.82          0.        0.     7061.
   291.50      6876.      7057.    362429.   4900.82          0.        0.     7057.
   292.00      6873.      7054.    362423.   4900.82          0.        0.     7054.
   292.50      6870.      7052.    362417.   4900.82          0.        0.     7052.
   293.00      6866.      7048.    362408.   4900.82          0.        0.     7048.
   293.50      6862.      7045.    362399.   4900.82          0.        0.     7045.
   294.00      6857.      7041.    362390.   4900.82          0.        0.     7041.
   294.50      6852.      7037.    362380.   4900.81          0.        0.     7037.
   295.00      6847.      7034.    362371.   4900.81          0.        0.     7034.
   295.50      6842.      7030.    362362.   4900.81          0.        0.     7030.
   296.00      6836.      7026.    362353.   4900.81          0.        0.     7026.
   296.50      6830.      7023.    362344.   4900.81          0.        0.     7023.
   297.00      6824.      7019.    362335.   4900.81          0.        0.     7019.
   297.50      6817.      7015.    362326.   4900.81          0.        0.     7015.
   298.00      6811.      7012.    362317.   4900.80          0.        0.     7012.
   298.50      6804.      7008.    362308.   4900.80          0.        0.     7008.
   299.00      6797.      7004.    362299.   4900.80          0.        0.     7004.
   299.50      6790.      7001.    362290.   4900.80          0.        0.     7001.
   300.00      6783.      6997.    362281.   4900.80          0.        0.     6997.
   300.50      6776.      6993.    362272.   4900.80          0.        0.     6993.
   301.00      6769.      6990.    362263.   4900.80          0.        0.     6990.
   301.50      6761.      6986.    362254.   4900.79          0.        0.     6986.
   302.00      6754.      6982.    362245.   4900.79          0.        0.     6982.
   302.50      6747.      6979.    362236.   4900.79          0.        0.     6979.
   303.00      6739.      6975.    362227.   4900.79          0.        0.     6975.
   303.50      6732.      6971.    362218.   4900.79          0.        0.     6971.
   304.00      6725.      6968.    362209.   4900.79          0.        0.     6968.
   304.50      6718.      6964.    362200.   4900.79          0.        0.     6964.
   305.00      6711.      6960.    362191.   4900.78          0.        0.     6960.
   305.50      6704.      6957.    362182.   4900.78          0.        0.     6957.
   306.00      6697.      6953.    362173.   4900.78          0.        0.     6953.
   306.50      6690.      6948.    362161.   4900.78          0.        0.     6948.
   307.00      6684.      6943.    362149.   4900.78          0.        0.     6943.
   307.50      6678.      6938.    362137.   4900.78          0.        0.     6938.
   308.00      6672.      6934.    362125.   4900.77          0.        0.     6934.
   308.50      6666.      6929.    362113.   4900.77          0.        0.     6929.
   309.00      6660.      6924.    362101.   4900.77          0.        0.     6924.
   309.50      6655.      6919.    362089.   4900.77          0.        0.     6919.
   310.00      6650.      6914.    362077.   4900.77          0.        0.     6914.
   310.50      6645.      6909.    362065.   4900.76          0.        0.     6909.
   311.00      6641.      6904.    362053.   4900.76          0.        0.     6904.
   311.50      6637.      6899.    362041.   4900.76          0.        0.     6899.
   312.00      6633.      6895.    362029.   4900.76          0.        0.     6895.
   312.50      6630.      6890.    362017.   4900.76          0.        0.     6890.
   313.00      6627.      6885.    362005.   4900.75          0.        0.     6885.
   313.50      6624.      6880.    361993.   4900.75          0.        0.     6880.
   314.00      6621.      6875.    361981.   4900.75          0.        0.     6875.
   314.50      6619.      6871.    361972.   4900.75          0.        0.     6871.
   315.00      6616.      6868.    361963.   4900.75          0.        0.     6868.
   315.50      6614.      6864.    361954.   4900.75          0.        0.     6864.
   316.00      6611.      6860.    361945.   4900.74          0.        0.     6860.
   316.50      6609.      6857.    361936.   4900.74          0.        0.     6857.
   317.00      6607.      6853.    361927.   4900.74          0.        0.     6853.
   317.50      6604.      6849.    361918.   4900.74          0.        0.     6849.
   318.00      6602.      6846.    361909.   4900.74          0.        0.     6846.
   318.50      6600.      6842.    361900.   4900.74          0.        0.     6842.
   319.00      6598.      6838.    361891.   4900.74          0.        0.     6838.
   319.50      6596.      6835.    361882.   4900.73          0.        0.     6835.
   320.00      6594.      6831.    361873.   4900.73          0.        0.     6831.
   320.50      6593.      6827.    361864.   4900.73          0.        0.     6827.
   321.00      6591.      6824.    361855.   4900.73          0.        0.     6824.
   321.50      6589.      6820.    361846.   4900.73          0.        0.     6820.
   322.00      6587.      6816.    361837.   4900.73          0.        0.     6816.
   322.50      6586.      6813.    361828.   4900.73          0.        0.     6813.
   323.00      6584.      6809.    361819.   4900.72          0.        0.     6809.
   323.50      6582.      6805.    361810.   4900.72          0.        0.     6805.
   324.00      6580.      6802.    361801.   4900.72          0.        0.     6802.
   324.50      6579.      6798.    361792.   4900.72          0.        0.     6798.
   325.00      6577.      6794.    361783.   4900.72          0.        0.     6794.
   325.50      6575.      6791.    361774.   4900.72          0.        0.     6791.
   326.00      6574.      6787.    361765.   4900.71          0.        0.     6787.
   326.50      6572.      6783.    361756.   4900.71          0.        0.     6783.
   327.00      6570.      6780.    361747.   4900.71          0.        0.     6780.
   327.50      6569.      6776.    361738.   4900.71          0.        0.     6776.
   328.00      6567.      6772.    361729.   4900.71          0.        0.     6772.
   328.50      6565.      6769.    361720.   4900.71          0.        0.     6769.
   329.00      6563.      6765.    361711.   4900.71          0.        0.     6765.
   329.50      6561.      6761.    361702.   4900.70          0.        0.     6761.
   330.00      6559.      6758.    361693.   4900.70          0.        0.     6758.
   330.50      6557.      6754.    361684.   4900.70          0.        0.     6754.
   331.00      6555.      6750.    361675.   4900.70          0.        0.     6750.
   331.50      6553.      6747.    361666.   4900.70          0.        0.     6747.
   332.00      6551.      6743.    361657.   4900.70          0.        0.     6743.
   332.50      6549.      6740.    361648.   4900.70          0.        0.     6740.
   333.00      6546.      6736.    361639.   4900.69          0.        0.     6736.
   333.50      6544.      6732.    361630.   4900.69          0.        0.     6732.
   334.00      6542.      6729.    361621.   4900.69          0.        0.     6729.
   334.50      6539.      6725.    361612.   4900.69          0.        0.     6725.
   335.00      6536.      6721.    361603.   4900.69          0.        0.     6721.
   335.50      6534.      6718.    361594.   4900.69          0.        0.     6718.
   336.00      6531.      6714.    361585.   4900.69          0.        0.     6714.
   336.50      6528.      6710.    361576.   4900.68          0.        0.     6710.
   337.00      6525.      6708.    361570.   4900.68          0.        0.     6708.
   337.50      6521.      6704.    361561.   4900.68          0.        0.     6704.
   338.00      6518.      6700.    361552.   4900.68          0.        0.     6700.
   338.50      6514.      6697.    361543.   4900.68          0.        0.     6697.
   339.00      6511.      6693.    361534.   4900.68          0.        0.     6693.
   339.50      6507.      6689.    361525.   4900.68          0.        0.     6689.
   340.00      6503.      6686.    361516.   4900.67          0.        0.     6686.
   340.50      6499.      6682.    361507.   4900.67          0.        0.     6682.
   341.00      6495.      6678.    361498.   4900.67          0.        0.     6678.
   341.50      6491.      6675.    361489.   4900.67          0.        0.     6675.
   342.00      6486.      6671.    361480.   4900.67          0.        0.     6671.
   342.50      6482.      6667.    361471.   4900.67          0.        0.     6667.
   343.00      6477.      6664.    361462.   4900.67          0.        0.     6664.
   343.50      6473.      6660.    361453.   4900.66          0.        0.     6660.
   344.00      6468.      6656.    361444.   4900.66          0.        0.     6656.
   344.50      6463.      6653.    361435.   4900.66          0.        0.     6653.
   345.00      6458.      6649.    361426.   4900.66          0.        0.     6649.
   345.50      6453.      6646.    361417.   4900.66          0.        0.     6646.
   346.00      6448.      6642.    361408.   4900.66          0.        0.     6642.
   346.50      6443.      6638.    361399.   4900.66          0.        0.     6638.
   347.00      6437.      6635.    361390.   4900.65          0.        0.     6635.
   347.50      6432.      6631.    361381.   4900.65          0.        0.     6631.
   348.00      6427.      6627.    361372.   4900.65          0.        0.     6627.
   348.50      6421.      6624.    361363.   4900.65          0.        0.     6624.
   349.00      6415.      6620.    361354.   4900.65          0.        0.     6620.
   349.50      6410.      6616.    361345.   4900.65          0.        0.     6616.
   350.00      6404.      6613.    361336.   4900.65          0.        0.     6613.
   350.50      6398.      6609.    361327.   4900.64          0.        0.     6609.
   351.00      6392.      6605.    361318.   4900.64          0.        0.     6605.
   351.50      6386.      6602.    361309.   4900.64          0.        0.     6602.
   352.00      6380.      6598.    361300.   4900.64          0.        0.     6598.
   352.50      6374.      6594.    361291.   4900.64          0.        0.     6594.
   353.00      6368.      6591.    361282.   4900.64          0.        0.     6591.
   353.50      6362.      6587.    361273.   4900.63          0.        0.     6587.
   354.00      6356.      6583.    361263.   4900.63          0.        0.     6583.
   354.50      6350.      6580.    361254.   4900.63          0.        0.     6580.
   355.00      6343.      6576.    361245.   4900.63          0.        0.     6576.
   355.50      6337.      6572.    361236.   4900.63          0.        0.     6572.
   356.00      6331.      6569.    361227.   4900.63          0.        0.     6569.
   356.50      6324.      6565.    361218.   4900.63          0.        0.     6565.
   357.00      6318.      6561.    361209.   4900.62          0.        0.     6561.
   357.50      6311.      6558.    361200.   4900.62          0.        0.     6558.
   358.00      6305.      6554.    361191.   4900.62          0.        0.     6554.
   358.50      6298.      6550.    361182.   4900.62          0.        0.     6550.
   359.00      6292.      6547.    361173.   4900.62          0.        0.     6547.
   359.50      6285.      6542.    361161.   4900.62          0.        0.     6542.
   360.00      6279.      6537.    361149.   4900.61          0.        0.     6537.
1



      INFLOW DATA                           STORAGE DATA
      ***********                           ************
     TIME    INFLOW                     ELEVATION     STORAGE

     0.50      5527.                      4753.20          0.
     1.00      5557.                      4754.00          5.
     1.50      5587.                      4760.00        853.
     2.00      5617.                      4770.00       5056.
     2.50      5647.                      4780.00      11677.
     3.00      5677.                      4790.00      20701.
     3.50      5707.                      4800.00      32214.
     4.00      5737.                      4810.00      46676.
     4.50      5766.                      4820.00      64861.
     5.00      5796.                      4830.00      86629.
     5.50      5825.                      4840.00     112286.
     6.00      5855.                      4850.00     141401.
     6.50      5884.                      4860.00     174439.
     7.00      5913.                      4870.00     212059.
     7.50      5941.                      4880.00     254696.
     8.00      5970.                      4890.00     303066.
     8.50      5999.                      4900.00     357369.
     9.00      6027.                      4910.00     418864.
     9.50      6056.                      4920.00     488871.
    10.00      6084.                      4924.00     519654.
    10.50      6112.                      4924.50     523636.
    11.00      6140.                      4925.00     527626.
    11.50      6167.                      4925.50     531626.
    12.00      6195.                      4926.00     535626.
    12.50      6222.                      4930.00     569747.
    13.00      6249.                      4935.00     604527.
    13.50      6276.
    14.00      6303.
    14.50      6330.
    15.00      6357.
    15.50      6383.
    16.00      6409.
    16.50      6435.
    17.00      6461.
    17.50      6487.
    18.00      6512.
    18.50      6537.
    19.00      6562.
    19.50      6587.
    20.00      6612.
    20.50      6636.
    21.00      6661.
    21.50      6685.
    22.00      6708.
    22.50      6732.
    23.00      6755.
    23.50      6778.
    24.00      6801.
    24.50      6824.
    25.00      6846.
    25.50      6869.
    26.00      6890.
    26.50      6912.
    27.00      6934.
    27.50      6955.
    28.00      6976.
    28.50      6997.
    29.00      7017.
    29.50      7038.
    30.00      7058.
    30.50      7078.
    31.00      7098.
    31.50      7117.
    32.00      7137.
    32.50      7156.
    33.00      7175.
    33.50      7195.
    34.00      7214.
    34.50      7233.
    35.00      7251.
    35.50      7270.
    36.00      7289.
    36.50      7307.
    37.00      7326.
    37.50      7344.
    38.00      7363.
    38.50      7381.
    39.00      7399.
    39.50      7418.
    40.00      7436.
    40.50      7454.
    41.00      7473.
    41.50      7491.
    42.00      7509.
    42.50      7528.
    43.00      7546.
    43.50      7565.
    44.00      7583.
    44.50      7602.
    45.00      7620.
    45.50      7639.
    46.00      7658.
    46.50      7677.
    47.00      7696.
    47.50      7715.
    48.00      7734.
    48.50      7754.
    49.00      7773.
    49.50      7794.
    50.00      7815.
    50.50      7838.
    51.00      7860.
    51.50      7883.
    52.00      7907.
    52.50      7931.
    53.00      7956.
    53.50      7981.
    54.00      8006.
    54.50      8032.
    55.00      8058.
    55.50      8084.
    56.00      8110.
    56.50      8136.
    57.00      8162.
    57.50      8196.
    58.00      8243.
    58.50      8313.
    59.00      8390.
    59.50      8475.
    60.00      8595.
    60.50      8833.
    61.00      9260.
    61.50      9862.
    62.00     10810.
    62.50     12911.
    63.00     21559.
    63.50     71539.
    64.00     98475.
    64.50    112362.
    65.00    122915.
    65.50    132369.
    66.00    141494.
    66.50    150520.
    67.00    159045.
    67.50    166422.
    68.00    172766.
    68.50    178574.
    69.00    184336.
    69.50    190038.
    70.00    195301.
    70.50    199620.
    71.00    202709.
    71.50    204647.
    72.00    205609.
    72.50    205865.
    73.00    205729.
    73.50    205415.
    74.00    204954.
    74.50    204279.
    75.00    203377.
    75.50    202220.
    76.00    200634.
    76.50    198460.
    77.00    195714.
    77.50    192504.
    78.00    188936.
    78.50    185097.
    79.00    181025.
    79.50    176737.
    80.00    172310.
    80.50    168035.
    81.00    163626.
    81.50    158757.
    82.00    153601.
    82.50    148372.
    83.00    143160.
    83.50    137958.
    84.00    132763.
    84.50    127549.
    85.00    122320.
    85.50    117107.
    86.00    111957.
    86.50    106909.
    87.00    101961.
    87.50     97159.
    88.00     92524.
    88.50     88082.
    89.00     83891.
    89.50     79918.
    90.00     76156.
    90.50     72605.
    91.00     69259.
    91.50     66096.
    92.00     63103.
    92.50     60267.
    93.00     57385.
    93.50     54589.
    94.00     51861.
    94.50     49246.
    95.00     46795.
    95.50     44509.
    96.00     42418.
    96.50     40455.
    97.00     38639.
    97.50     36938.
    98.00     35317.
    98.50     33869.
    99.00     32471.
    99.50     31242.
   100.00     30007.
   100.50     28926.
   101.00     27901.
   101.50     26922.
   102.00     26003.
   102.50     25138.
   103.00     24409.
   103.50     23678.
   104.00     22984.
   104.50     22339.
   105.00     21738.
   105.50     21190.
   106.00     20701.
   106.50     20222.
   107.00     19747.
   107.50     19286.
   108.00     18846.
   108.50     18432.
   109.00     18043.
   109.50     17689.
   110.00     17367.
   110.50     17047.
   111.00     16741.
   111.50     16471.
   112.00     16219.
   112.50     15965.
   113.00     15711.
   113.50     15463.
   114.00     15227.
   114.50     15021.
   115.00     14832.
   115.50     14648.
   116.00     14465.
   116.50     14297.
   117.00     14136.
   117.50     13977.
   118.00     13824.
   118.50     13684.
   119.00     13547.
   119.50     13410.
   120.00     13278.
   120.50     13156.
   121.00     13037.
   121.50     12921.
   122.00     12807.
   122.50     12701.
   123.00     12600.
   123.50     12502.
   124.00     12407.
   124.50     12312.
   125.00     12221.
   125.50     12134.
   126.00     12049.
   126.50     11965.
   127.00     11885.
   127.50     11806.
   128.00     11731.
   128.50     11657.
   129.00      8502.
   129.50      8497.
   130.00      8492.
   130.50      8486.
   131.00      8480.
   131.50      8474.
   132.00      8469.
   132.50      8462.
   133.00      8456.
   133.50      8450.
   134.00      8444.
   134.50      8438.
   135.00      8431.
   135.50      8425.
   136.00      8418.
   136.50      8412.
   137.00      8406.
   137.50      8399.
   138.00      8393.
   138.50      8386.
   139.00      8380.
   139.50      8374.
   140.00      8367.
   140.50      8361.
   141.00      8355.
   141.50      8349.
   142.00      8343.
   142.50      8337.
   143.00      8332.
   143.50      8326.
   144.00      8321.
   144.50      8315.
   145.00      8310.
   145.50      8305.
   146.00      8300.
   146.50      8295.
   147.00      8290.
   147.50      8285.
   148.00      8280.
   148.50      8274.
   149.00      8269.
   149.50      8264.
   150.00      8259.
   150.50      8254.
   151.00      8249.
   151.50      8244.
   152.00      8239.
   152.50      8234.
   153.00      8229.
   153.50      8224.
   154.00      8219.
   154.50      8214.
   155.00      8209.
   155.50      8204.
   156.00      8199.
   156.50      8194.
   157.00      8189.
   157.50      8183.
   158.00      8178.
   158.50      8173.
   159.00      8168.
   159.50      8163.
   160.00      8157.
   160.50      8152.
   161.00      8147.
   161.50      8141.
   162.00      8136.
   162.50      8130.
   163.00      8125.
   163.50      8119.
   164.00      8113.
   164.50      8108.
   165.00      8102.
   165.50      8096.
   166.00      8090.
   166.50      8084.
   167.00      8078.
   167.50      8072.
   168.00      8066.
   168.50      8060.
   169.00      8054.
   169.50      8047.
   170.00      8040.
   170.50      8032.
   171.00      8024.
   171.50      8016.
   172.00      8008.
   172.50      7999.
   173.00      7990.
   173.50      7981.
   174.00      7972.
   174.50      7962.
   175.00      7953.
   175.50      7943.
   176.00      7933.
   176.50      7923.
   177.00      7913.
   177.50      7903.
   178.00      7893.
   178.50      7883.
   179.00      7873.
   179.50      7864.
   180.00      7854.
   180.50      7844.
   181.00      7834.
   181.50      7825.
   182.00      7816.
   182.50      7807.
   183.00      7798.
   183.50      7789.
   184.00      7781.
   184.50      7773.
   185.00      7765.
   185.50      7758.
   186.00      7751.
   186.50      7744.
   187.00      7738.
   187.50      7732.
   188.00      7727.
   188.50      7722.
   189.00      7718.
   189.50      7714.
   190.00      7710.
   190.50      7708.
   191.00      7705.
   191.50      7704.
   192.00      7703.
   192.50      7703.
   193.00      7703.
   193.50      7703.
   194.00      7703.
   194.50      7703.
   195.00      7703.
   195.50      7703.
   196.00      7703.
   196.50      7703.
   197.00      7703.
   197.50      7703.
   198.00      7703.
   198.50      7703.
   199.00      7703.
   199.50      7703.
   200.00      7703.
   200.50      7703.
   201.00      7703.
   201.50      7703.
   202.00      7703.
   202.50      7703.
   203.00      7703.
   203.50      7703.
   204.00      7703.
   204.50      7703.
   205.00      7703.
   205.50      7703.
   206.00      7703.
   206.50      7703.
   207.00      7703.
   207.50      7703.
   208.00      7703.
   208.50      7703.
   209.00      7703.
   209.50      7703.
   210.00      7703.
   210.50      7703.
   211.00      7703.
   211.50      7703.
   212.00      7703.
   212.50      7703.
   213.00      7703.
   213.50      7703.
   214.00      7703.
   214.50      7703.
   215.00      7703.
   215.50      7703.
   216.00      7703.
   216.50      7703.
   217.00      7702.
   217.50      7702.
   218.00      7700.
   218.50      7699.
   219.00      7697.
   219.50      7694.
   220.00      7692.
   220.50      7688.
   221.00      7685.
   221.50      7681.
   222.00      7677.
   222.50      7672.
   223.00      7667.
   223.50      7662.
   224.00      7656.
   224.50      7650.
   225.00      7644.
   225.50      7638.
   226.00      7631.
   226.50      7624.
   227.00      7617.
   227.50      7610.
   228.00      7603.
   228.50      7595.
   229.00      7587.
   229.50      7579.
   230.00      7571.
   230.50      7562.
   231.00      7554.
   231.50      7545.
   232.00      7537.
   232.50      7528.
   233.00      7519.
   233.50      7510.
   234.00      7501.
   234.50      7492.
   235.00      7483.
   235.50      7474.
   236.00      7465.
   236.50      7456.
   237.00      7447.
   237.50      7438.
   238.00      7429.
   238.50      7420.
   239.00      7412.
   239.50      7403.
   240.00      7394.
   240.50      7386.
   241.00      7377.
   241.50      7367.
   242.00      7357.
   242.50      7346.
   243.00      7335.
   243.50      7323.
   244.00      7310.
   244.50      7297.
   245.00      7284.
   245.50      7270.
   246.00      7256.
   246.50      7241.
   247.00      7226.
   247.50      7211.
   248.00      7196.
   248.50      7180.
   249.00      7164.
   249.50      7149.
   250.00      7133.
   250.50      7117.
   251.00      7101.
   251.50      7085.
   252.00      7070.
   252.50      7054.
   253.00      7039.
   253.50      7024.
   254.00      7009.
   254.50      6994.
   255.00      6980.
   255.50      6966.
   256.00      6953.
   256.50      6940.
   257.00      6927.
   257.50      6915.
   258.00      6904.
   258.50      6893.
   259.00      6883.
   259.50      6873.
   260.00      6864.
   260.50      6856.
   261.00      6849.
   261.50      6843.
   262.00      6837.
   262.50      6832.
   263.00      6829.
   263.50      6826.
   264.00      6825.
   264.50      6824.
   265.00      6824.
   265.50      6824.
   266.00      6825.
   266.50      6825.
   267.00      6826.
   267.50      6827.
   268.00      6828.
   268.50      6829.
   269.00      6830.
   269.50      6831.
   270.00      6832.
   270.50      6834.
   271.00      6835.
   271.50      6837.
   272.00      6838.
   272.50      6840.
   273.00      6842.
   273.50      6843.
   274.00      6845.
   274.50      6847.
   275.00      6849.
   275.50      6851.
   276.00      6853.
   276.50      6855.
   277.00      6857.
   277.50      6858.
   278.00      6860.
   278.50      6862.
   279.00      6864.
   279.50      6866.
   280.00      6868.
   280.50      6869.
   281.00      6871.
   281.50      6873.
   282.00      6874.
   282.50      6876.
   283.00      6877.
   283.50      6878.
   284.00      6880.
   284.50      6881.
   285.00      6882.
   285.50      6883.
   286.00      6883.
   286.50      6884.
   287.00      6885.
   287.50      6885.
   288.00      6885.
   288.50      6885.
   289.00      6885.
   289.50      6884.
   290.00      6883.
   290.50      6881.
   291.00      6879.
   291.50      6876.
   292.00      6873.
   292.50      6870.
   293.00      6866.
   293.50      6862.
   294.00      6857.
   294.50      6852.
   295.00      6847.
   295.50      6842.
   296.00      6836.
   296.50      6830.
   297.00      6824.
   297.50      6817.
   298.00      6811.
   298.50      6804.
   299.00      6797.
   299.50      6790.
   300.00      6783.
   300.50      6776.
   301.00      6769.
   301.50      6761.
   302.00      6754.
   302.50      6747.
   303.00      6739.
   303.50      6732.
   304.00      6725.
   304.50      6718.
   305.00      6711.
   305.50      6704.
   306.00      6697.
   306.50      6690.
   307.00      6684.
   307.50      6678.
   308.00      6672.
   308.50      6666.
   309.00      6660.
   309.50      6655.
   310.00      6650.
   310.50      6645.
   311.00      6641.
   311.50      6637.
   312.00      6633.
   312.50      6630.
   313.00      6627.
   313.50      6624.
   314.00      6621.
   314.50      6619.
   315.00      6616.
   315.50      6614.
   316.00      6611.
   316.50      6609.
   317.00      6607.
   317.50      6604.
   318.00      6602.
   318.50      6600.
   319.00      6598.
   319.50      6596.
   320.00      6594.
   320.50      6593.
   321.00      6591.
   321.50      6589.
   322.00      6587.
   322.50      6586.
   323.00      6584.
   323.50      6582.
   324.00      6580.
   324.50      6579.
   325.00      6577.
   325.50      6575.
   326.00      6574.
   326.50      6572.
   327.00      6570.
   327.50      6569.
   328.00      6567.
   328.50      6565.
   329.00      6563.
   329.50      6561.
   330.00      6559.
   330.50      6557.
   331.00      6555.
   331.50      6553.
   332.00      6551.
   332.50      6549.
   333.00      6546.
   333.50      6544.
   334.00      6542.
   334.50      6539.
   335.00      6536.
   335.50      6534.
   336.00      6531.
   336.50      6528.
   337.00      6525.
   337.50      6521.
   338.00      6518.
   338.50      6514.
   339.00      6511.
   339.50      6507.
   340.00      6503.
   340.50      6499.
   341.00      6495.
   341.50      6491.
   342.00      6486.
   342.50      6482.
   343.00      6477.
   343.50      6473.
   344.00      6468.
   344.50      6463.
   345.00      6458.
   345.50      6453.
   346.00      6448.
   346.50      6443.
   347.00      6437.
   347.50      6432.
   348.00      6427.
   348.50      6421.
   349.00      6415.
   349.50      6410.
   350.00      6404.
   350.50      6398.
   351.00      6392.
   351.50      6386.
   352.00      6380.
   352.50      6374.
   353.00      6368.
   353.50      6362.
   354.00      6356.
   354.50      6350.
   355.00      6343.
   355.50      6337.
   356.00      6331.
   356.50      6324.
   357.00      6318.
   357.50      6311.
   358.00      6305.
   358.50      6298.
   359.00      6292.
   359.50      6285.
   360.00      6279.
1


  DISCHARGE VS ELEVATION
  **********************
  ELEVATION  DISCHARGE

    4880.49      5000.
    4890.00      5000.
    4898.70      5000.
    4900.00      5000.
    4902.00     10000.
    4904.00     22500.
    4906.00     37500.
    4908.00     56000.
    4910.00     77000.
    4912.00    100000.
    4914.00    125000.
    4916.00    153000.
    4920.00    212000.
    4924.00    270000.
    4928.00    328000.
    4930.00    357000.
    4935.00    429500.