
                     UNITED STATES BUREAU OF RECLAMATION
                       ENGINEERING AND RESEARCH CENTER

                            FLOOD ROUTING FOR DAMS
                            ----------------------

      FEATURE: Pueblo Dam                               DATE    **/ 1/  26
      FLOOD: TREX Test Run & PMF snow                   TIME    **:**:03.**
      TITLE: Full TREX Routing             
      DATA FILE: fs12-9sn.in                                                    

      FLOOD ROUTING SUMMARY
      *********************

         BEGINNING HOUR OF ROUTING.......................      0.50
         ENDING HOUR OF ROUTING..........................    360.00
         INITIAL RESERVOIR ELEVATION.....................   4880.49 FT
         MINIMUM OR NORMAL POOL ELEV.....................   4880.49 FT
         MAXIMUM RESERVOIR ELEVATION.....   4917.05 AT HOUR   82.50
         INFLOW PEAK DISCHARGE...........   232546. AT HOUR   72.00
         MAXIMUM TOTAL OUTFLOW...........   168449. AT HOUR   82.50
         ELEVATION TOLERANCE.............................    0.0100 FT
         INFLOW HYDROGRAPH ADJUSTMENT FACTOR.............      1.00
         IPC OPTIONS (1 TO 10)...........................3100100021

      WATERWAY PARAMETERS
      *******************

         WATERWAY NO. 1 - Top of Dam                    

         TYPE-BROAD OR SHARP CRESTED WEIR
         CONSTANT DISCHARGE COEFFICIENT..................      2.67
         CREST ELEVATION.................................   4925.25 FT
         CREST LENGTH....................................   1200.50 FT
         MAXIMUM DISCHARGE...............        0. AT HOUR    0.50

         WATERWAY NO. 2 - Embankment "wings"            

         TYPE-BROAD OR SHARP CRESTED WEIR
         CONSTANT DISCHARGE COEFFICIENT..................      2.62
         CREST ELEVATION.................................   4925.00 FT
         CREST LENGTH....................................   8480.00 FT
         MAXIMUM DISCHARGE...............        0. AT HOUR    0.50
1

                     ROUTING RESULTS                          DISCHARGE RESULTS
                     ***************                          *****************

    TIME     INFLOW    OUTFLOW    STORAGE   ELEVATION        WATERWAY         RATING
                                                           1         2        CURVE

     0.50      5527.      5000.    257067.   4880.49          0.        0.     5000.
     1.00      5557.      5000.    257089.   4880.49          0.        0.     5000.
     1.50      5587.      5000.    257112.   4880.50          0.        0.     5000.
     2.00      5617.      5000.    257138.   4880.50          0.        0.     5000.
     2.50      5647.      5000.    257164.   4880.51          0.        0.     5000.
     3.00      5677.      5000.    257192.   4880.52          0.        0.     5000.
     3.50      5707.      5000.    257221.   4880.52          0.        0.     5000.
     4.00      5737.      5000.    257251.   4880.53          0.        0.     5000.
     4.50      5766.      5000.    257282.   4880.53          0.        0.     5000.
     5.00      5796.      5000.    257315.   4880.54          0.        0.     5000.
     5.50      5825.      5000.    257348.   4880.55          0.        0.     5000.
     6.00      5855.      5000.    257384.   4880.56          0.        0.     5000.
     6.50      5884.      5000.    257419.   4880.56          0.        0.     5000.
     7.00      5913.      5000.    257457.   4880.57          0.        0.     5000.
     7.50      5941.      5000.    257495.   4880.58          0.        0.     5000.
     8.00      5970.      5000.    257535.   4880.59          0.        0.     5000.
     8.50      5999.      5000.    257575.   4880.60          0.        0.     5000.
     9.00      6027.      5000.    257618.   4880.60          0.        0.     5000.
     9.50      6056.      5000.    257660.   4880.61          0.        0.     5000.
    10.00      6084.      5000.    257705.   4880.62          0.        0.     5000.
    10.50      6112.      5000.    257750.   4880.63          0.        0.     5000.
    11.00      6140.      5000.    257797.   4880.64          0.        0.     5000.
    11.50      6167.      5000.    257844.   4880.65          0.        0.     5000.
    12.00      6195.      5000.    257894.   4880.66          0.        0.     5000.
    12.50      6222.      5000.    257944.   4880.67          0.        0.     5000.
    13.00      6249.      5000.    257995.   4880.68          0.        0.     5000.
    13.50      6276.      5000.    258047.   4880.69          0.        0.     5000.
    14.00      6303.      5000.    258102.   4880.70          0.        0.     5000.
    14.50      6330.      5000.    258156.   4880.72          0.        0.     5000.
    15.00      6357.      5000.    258213.   4880.73          0.        0.     5000.
    15.50      6383.      5000.    258269.   4880.74          0.        0.     5000.
    16.00      6409.      5000.    258326.   4880.75          0.        0.     5000.
    16.50      6435.      5000.    258385.   4880.76          0.        0.     5000.
    17.00      6461.      5000.    258444.   4880.77          0.        0.     5000.
    17.50      6487.      5000.    258506.   4880.79          0.        0.     5000.
    18.00      6512.      5000.    258567.   4880.80          0.        0.     5000.
    18.50      6537.      5000.    258631.   4880.81          0.        0.     5000.
    19.00      6562.      5000.    258695.   4880.83          0.        0.     5000.
    19.50      6587.      5000.    258761.   4880.84          0.        0.     5000.
    20.00      6612.      5000.    258827.   4880.85          0.        0.     5000.
    20.50      6636.      5000.    258893.   4880.87          0.        0.     5000.
    21.00      6661.      5000.    258961.   4880.88          0.        0.     5000.
    21.50      6685.      5000.    259030.   4880.90          0.        0.     5000.
    22.00      6708.      5000.    259101.   4880.91          0.        0.     5000.
    22.50      6732.      5000.    259172.   4880.93          0.        0.     5000.
    23.00      6755.      5000.    259245.   4880.94          0.        0.     5000.
    23.50      6778.      5000.    259318.   4880.96          0.        0.     5000.
    24.00      6801.      5000.    259391.   4880.97          0.        0.     5000.
    24.50      6824.      5000.    259467.   4880.99          0.        0.     5000.
    25.00      6846.      5000.    259542.   4881.00          0.        0.     5000.
    25.50      6869.      5000.    259618.   4881.02          0.        0.     5000.
    26.00      6890.      5000.    259696.   4881.03          0.        0.     5000.
    26.50      6912.      5000.    259774.   4881.05          0.        0.     5000.
    27.00      6934.      5000.    259854.   4881.07          0.        0.     5000.
    27.50      6955.      5000.    259935.   4881.08          0.        0.     5000.
    28.00      6976.      5000.    260015.   4881.10          0.        0.     5000.
    28.50      6997.      5000.    260097.   4881.12          0.        0.     5000.
    29.00      7017.      5000.    260180.   4881.13          0.        0.     5000.
    29.50      7038.      5000.    260263.   4881.15          0.        0.     5000.
    30.00      7058.      5000.    260348.   4881.17          0.        0.     5000.
    30.50      7078.      5000.    260433.   4881.19          0.        0.     5000.
    31.00      7098.      5000.    260520.   4881.20          0.        0.     5000.
    31.50      7117.      5000.    260608.   4881.22          0.        0.     5000.
    32.00      7137.      5000.    260695.   4881.24          0.        0.     5000.
    32.50      7156.      5000.    260785.   4881.26          0.        0.     5000.
    33.00      7175.      5000.    260875.   4881.28          0.        0.     5000.
    33.50      7195.      5000.    260964.   4881.30          0.        0.     5000.
    34.00      7214.      5000.    261056.   4881.31          0.        0.     5000.
    34.50      7233.      5000.    261148.   4881.33          0.        0.     5000.
    35.00      7251.      5000.    261241.   4881.35          0.        0.     5000.
    35.50      7270.      5000.    261335.   4881.37          0.        0.     5000.
    36.00      7289.      5000.    261430.   4881.39          0.        0.     5000.
    36.50      7307.      5000.    261524.   4881.41          0.        0.     5000.
    37.00      7326.      5000.    261621.   4881.43          0.        0.     5000.
    37.50      7344.      5000.    261718.   4881.45          0.        0.     5000.
    38.00      7363.      5000.    261815.   4881.47          0.        0.     5000.
    38.50      7381.      5000.    261914.   4881.49          0.        0.     5000.
    39.00      7399.      5000.    262013.   4881.51          0.        0.     5000.
    39.50      7418.      5000.    262112.   4881.53          0.        0.     5000.
    40.00      7436.      5000.    262211.   4881.55          0.        0.     5000.
    40.50      7454.      5000.    262313.   4881.57          0.        0.     5000.
    41.00      7473.      5000.    262414.   4881.60          0.        0.     5000.
    41.50      7491.      5000.    262516.   4881.62          0.        0.     5000.
    42.00      7509.      5000.    262620.   4881.64          0.        0.     5000.
    42.50      7528.      5000.    262724.   4881.66          0.        0.     5000.
    43.00      7546.      5000.    262828.   4881.68          0.        0.     5000.
    43.50      7565.      5000.    262934.   4881.70          0.        0.     5000.
    44.00      7583.      5000.    263040.   4881.73          0.        0.     5000.
    44.50      7602.      5000.    263147.   4881.75          0.        0.     5000.
    45.00      7620.      5000.    263255.   4881.77          0.        0.     5000.
    45.50      7639.      5000.    263364.   4881.79          0.        0.     5000.
    46.00      7658.      5000.    263473.   4881.81          0.        0.     5000.
    46.50      7677.      5000.    263584.   4881.84          0.        0.     5000.
    47.00      7696.      5000.    263695.   4881.86          0.        0.     5000.
    47.50      7715.      5000.    263806.   4881.88          0.        0.     5000.
    48.00      7734.      5000.    263919.   4881.91          0.        0.     5000.
    48.50      7754.      5000.    264032.   4881.93          0.        0.     5000.
    49.00      7773.      5000.    264146.   4881.95          0.        0.     5000.
    49.50      7794.      5000.    264261.   4881.98          0.        0.     5000.
    50.00      7815.      5000.    264377.   4882.00          0.        0.     5000.
    50.50      7838.      5000.    264493.   4882.03          0.        0.     5000.
    51.00      7860.      5000.    264611.   4882.05          0.        0.     5000.
    51.50      7883.      5000.    264729.   4882.07          0.        0.     5000.
    52.00      7907.      5000.    264849.   4882.10          0.        0.     5000.
    52.50      7931.      5000.    264970.   4882.12          0.        0.     5000.
    53.00      7956.      5000.    265090.   4882.15          0.        0.     5000.
    53.50      7981.      5000.    265213.   4882.17          0.        0.     5000.
    54.00      8006.      5000.    265336.   4882.20          0.        0.     5000.
    54.50      8032.      5000.    265461.   4882.23          0.        0.     5000.
    55.00      8058.      5000.    265586.   4882.25          0.        0.     5000.
    55.50      8084.      5000.    265714.   4882.28          0.        0.     5000.
    56.00      8110.      5000.    265841.   4882.30          0.        0.     5000.
    56.50      8136.      5000.    265971.   4882.33          0.        0.     5000.
    57.00      8162.      5000.    266101.   4882.36          0.        0.     5000.
    57.50      8196.      5000.    266233.   4882.39          0.        0.     5000.
    58.00      8255.      5000.    266366.   4882.41          0.        0.     5000.
    58.50      8333.      5000.    266503.   4882.44          0.        0.     5000.
    59.00      8420.      5000.    266642.   4882.47          0.        0.     5000.
    59.50      8519.      5000.    266786.   4882.50          0.        0.     5000.
    60.00      8684.      5000.    266935.   4882.53          0.        0.     5000.
    60.50      9029.      5000.    267093.   4882.56          0.        0.     5000.
    61.00      9596.      5000.    267270.   4882.60          0.        0.     5000.
    61.50     10416.      5000.    267478.   4882.64          0.        0.     5000.
    62.00     11994.      5000.    267736.   4882.70          0.        0.     5000.
    62.50     17156.      5000.    268132.   4882.78          0.        0.     5000.
    63.00     54532.      5000.    269408.   4883.04          0.        0.     5000.
    63.50     96664.      5000.    272325.   4883.64          0.        0.     5000.
    64.00    115288.      5000.    276498.   4884.51          0.        0.     5000.
    64.50    128035.      5000.    281318.   4885.50          0.        0.     5000.
    65.00    139105.      5000.    286630.   4886.60          0.        0.     5000.
    65.50    149778.      5000.    292393.   4887.79          0.        0.     5000.
    66.00    160387.      5000.    298595.   4889.08          0.        0.     5000.
    66.50    170365.      5000.    305222.   4890.40          0.        0.     5000.
    67.00    178930.      5000.    312232.   4891.69          0.        0.     5000.
    67.50    186305.      5000.    319572.   4893.04          0.        0.     5000.
    68.00    193206.      5000.    327205.   4894.45          0.        0.     5000.
    68.50    200315.      5000.    335128.   4895.90          0.        0.     5000.
    69.00    207681.      5000.    343350.   4897.42          0.        0.     5000.
    69.50    214742.      5000.    351872.   4898.99          0.        0.     5000.
    70.00    220846.      6329.    360639.   4900.53          0.        0.     6329.
    70.50    225675.      9943.    369527.   4901.98          0.        0.     9943.
    71.00    229195.     18804.    378331.   4903.41          0.        0.    18804.
    71.50    231487.     28484.    386873.   4904.80          0.        0.    28484.
    72.00    232546.     38719.    395077.   4906.13          0.        0.    38719.
    72.50    232545.     50404.    402845.   4907.40          0.        0.    50404.
    73.00    231916.     62065.    410117.   4908.58          0.        0.    62065.
    73.50    231027.     73611.    416879.   4909.68          0.        0.    73611.
    74.00    229980.     84036.    423147.   4910.61          0.        0.    84036.
    74.50    228741.     93576.    428955.   4911.44          0.        0.    93576.
    75.00    227317.    102612.    434328.   4912.21          0.        0.   102612.
    75.50    225694.    111426.    439264.   4912.91          0.        0.   111426.
    76.00    223647.    119482.    443777.   4913.56          0.        0.   119482.
    76.50    221034.    127017.    447875.   4914.14          0.        0.   127017.
    77.00    217921.    134352.    451543.   4914.67          0.        0.   134352.
    77.50    214408.    140846.    454790.   4915.13          0.        0.   140846.
    78.00    210629.    146533.    457634.   4915.54          0.        0.   146533.
    78.50    206970.    151476.    460106.   4915.89          0.        0.   151476.
    79.00    203143.    155874.    462232.   4916.19          0.        0.   155874.
    79.50    198684.    159633.    464016.   4916.45          0.        0.   159633.
    80.00    193754.    162687.    465466.   4916.66          0.        0.   162687.
    80.50    188522.    165064.    466594.   4916.82          0.        0.   165064.
    81.00    183029.    166792.    467414.   4916.94          0.        0.   166792.
    81.50    177299.    167908.    467944.   4917.01          0.        0.   167908.
    82.00    171432.    168449.    468200.   4917.05          0.        0.   168449.
    82.50    165541.    168449.    468200.   4917.05          0.        0.   168449.
    83.00    159692.    167959.    467968.   4917.01          0.        0.   167959.
    83.50    153888.    167030.    467527.   4916.95          0.        0.   167030.
    84.00    148058.    165690.    466891.   4916.86          0.        0.   165690.
    84.50    142189.    163976.    466078.   4916.74          0.        0.   163976.
    85.00    136295.    161909.    465097.   4916.60          0.        0.   161909.
    85.50    130420.    159525.    463965.   4916.44          0.        0.   159525.
    86.00    124589.    156853.    462697.   4916.26          0.        0.   156853.
    86.50    118808.    153922.    461306.   4916.06          0.        0.   153922.
    87.00    113136.    150867.    459802.   4915.85          0.        0.   150867.
    87.50    107641.    147654.    458195.   4915.62          0.        0.   147654.
    88.00    102414.    144271.    456503.   4915.38          0.        0.   144271.
    88.50     97458.    140750.    454743.   4915.13          0.        0.   140750.
    89.00     92754.    137127.    452931.   4914.87          0.        0.   137127.
    89.50     88303.    133429.    451082.   4914.60          0.        0.   133429.
    90.00     84115.    129683.    449208.   4914.33          0.        0.   129683.
    90.50     80168.    125909.    447321.   4914.06          0.        0.   125909.
    91.00     76422.    122437.    445431.   4913.79          0.        0.   122437.
    91.50     72889.    119037.    443527.   4913.52          0.        0.   119037.
    92.00     69564.    115637.    441623.   4913.25          0.        0.   115637.
    92.50     66416.    112250.    439726.   4912.98          0.        0.   112250.
    93.00     63183.    108875.    437836.   4912.71          0.        0.   108875.
    93.50     59997.    105511.    435952.   4912.44          0.        0.   105511.
    94.00     56859.    102161.    434075.   4912.17          0.        0.   102161.
    94.50     53881.     98922.    432209.   4911.91          0.        0.    98922.
    95.00     51107.     95873.    430353.   4911.64          0.        0.    95873.
    95.50     48513.     92846.    428510.   4911.38          0.        0.    92846.
    96.00     46090.     89859.    426692.   4911.12          0.        0.    89859.
    96.50     43820.     86911.    424897.   4910.86          0.        0.    86911.
    97.00     41766.     84013.    423133.   4910.61          0.        0.    84013.
    97.50     39836.     81178.    421407.   4910.36          0.        0.    81178.
    98.00     38101.     78404.    419719.   4910.12          0.        0.    78404.
    98.50     36439.     75652.    418074.   4909.87          0.        0.    75652.
    99.00     34932.     72929.    416480.   4909.61          0.        0.    72929.
    99.50     33479.     70289.    414934.   4909.36          0.        0.    70289.
   100.00     32151.     67736.    413438.   4909.12          0.        0.    67736.
   100.50     30964.     65270.    411994.   4908.88          0.        0.    65270.
   101.00     29763.     62891.    410601.   4908.66          0.        0.    62891.
   101.50     28729.     60599.    409258.   4908.44          0.        0.    60599.
   102.00     27727.     58394.    407967.   4908.23          0.        0.    58394.
   102.50     26776.     56272.    406724.   4908.03          0.        0.    56272.
   103.00     25886.     54442.    405529.   4907.83          0.        0.    54442.
   103.50     25053.     52694.    404367.   4907.64          0.        0.    52694.
   104.00     24343.     51005.    403244.   4907.46          0.        0.    51005.
   104.50     23626.     49374.    402160.   4907.28          0.        0.    49374.
   105.00     22944.     47802.    401115.   4907.11          0.        0.    47802.
   105.50     22309.     46285.    400106.   4906.95          0.        0.    46285.
   106.00     21719.     44821.    399133.   4906.79          0.        0.    44821.
   106.50     21179.     43412.    398197.   4906.64          0.        0.    43412.
   107.00     20696.     42057.    397296.   4906.49          0.        0.    42057.
   107.50     20224.     40756.    396431.   4906.35          0.        0.    40756.
   108.00     19757.     39505.    395599.   4906.22          0.        0.    39505.
   108.50     19303.     38299.    394797.   4906.09          0.        0.    38299.
   109.00     18869.     37211.    394029.   4905.96          0.        0.    37211.
   109.50     18462.     36299.    393281.   4905.84          0.        0.    36299.
   110.00     18081.     35413.    392554.   4905.72          0.        0.    35413.
   110.50     17730.     34552.    391849.   4905.61          0.        0.    34552.
   111.00     17413.     33717.    391164.   4905.50          0.        0.    33717.
   111.50     17102.     32908.    390501.   4905.39          0.        0.    32908.
   112.00     16794.     32124.    389858.   4905.28          0.        0.    32124.
   112.50     16527.     31362.    389234.   4905.18          0.        0.    31362.
   113.00     16277.     30626.    388630.   4905.08          0.        0.    30626.
   113.50     16027.     29916.    388047.   4904.99          0.        0.    29916.
   114.00     15776.     29227.    387483.   4904.90          0.        0.    29227.
   114.50     15531.     28561.    386936.   4904.81          0.        0.    28561.
   115.00     15294.     27916.    386408.   4904.72          0.        0.    27916.
   115.50     15081.     27290.    385895.   4904.64          0.        0.    27290.
   116.00     14892.     26686.    385399.   4904.56          0.        0.    26686.
   116.50     14709.     26100.    384919.   4904.48          0.        0.    26100.
   117.00     14529.     25536.    384456.   4904.40          0.        0.    25536.
   117.50     14357.     24990.    384009.   4904.33          0.        0.    24990.
   118.00     14198.     24463.    383576.   4904.26          0.        0.    24463.
   118.50     14039.     23954.    383159.   4904.19          0.        0.    23954.
   119.00     13884.     23463.    382757.   4904.13          0.        0.    23463.
   119.50     13741.     22987.    382366.   4904.06          0.        0.    22987.
   120.00     13606.     22529.    381991.   4904.00          0.        0.    22529.
   120.50     13471.     22155.    381628.   4903.94          0.        0.    22155.
   121.00     13337.     21795.    381273.   4903.89          0.        0.    21795.
   121.50     13211.     21444.    380928.   4903.83          0.        0.    21444.
   122.00     13093.     21102.    380592.   4903.78          0.        0.    21102.
   122.50     12976.     20770.    380264.   4903.72          0.        0.    20770.
   123.00     12862.     20446.    379946.   4903.67          0.        0.    20446.
   123.50     12751.     20132.    379637.   4903.62          0.        0.    20132.
   124.00     12649.     19827.    379337.   4903.57          0.        0.    19827.
   124.50     12551.     19531.    379045.   4903.52          0.        0.    19531.
   125.00     12455.     19241.    378760.   4903.48          0.        0.    19241.
   125.50     12362.     18960.    378484.   4903.43          0.        0.    18960.
   126.00     12269.     18685.    378214.   4903.39          0.        0.    18685.
   126.50     12179.     18420.    377952.   4903.35          0.        0.    18420.
   127.00     12094.     18160.    377697.   4903.31          0.        0.    18160.
   127.50     12010.     17910.    377451.   4903.27          0.        0.    17910.
   128.00     11930.     17666.    377211.   4903.23          0.        0.    17666.
   128.50     11851.     17428.    376977.   4903.19          0.        0.    17428.
   129.00      8502.     17129.    376682.   4903.14          0.        0.    17129.
   129.50      8497.     16775.    376334.   4903.08          0.        0.    16775.
   130.00      8492.     16433.    375998.   4903.03          0.        0.    16433.
   130.50      8486.     16107.    375676.   4902.98          0.        0.    16107.
   131.00      8480.     15792.    375367.   4902.93          0.        0.    15792.
   131.50      8474.     15490.    375070.   4902.88          0.        0.    15490.
   132.00      8469.     15200.    374785.   4902.83          0.        0.    15200.
   132.50      8462.     14922.    374511.   4902.79          0.        0.    14922.
   133.00      8456.     14657.    374250.   4902.75          0.        0.    14657.
   133.50      8450.     14401.    373998.   4902.70          0.        0.    14401.
   134.00      8444.     14156.    373758.   4902.67          0.        0.    14156.
   134.50      8438.     13922.    373526.   4902.63          0.        0.    13922.
   135.00      8431.     13696.    373304.   4902.59          0.        0.    13696.
   135.50      8425.     13479.    373091.   4902.56          0.        0.    13479.
   136.00      8418.     13271.    372887.   4902.52          0.        0.    13271.
   136.50      8412.     13073.    372692.   4902.49          0.        0.    13073.
   137.00      8406.     12881.    372503.   4902.46          0.        0.    12881.
   137.50      8399.     12698.    372322.   4902.43          0.        0.    12698.
   138.00      8393.     12521.    372148.   4902.40          0.        0.    12521.
   138.50      8386.     12350.    371980.   4902.38          0.        0.    12350.
   139.00      8380.     12188.    371821.   4902.35          0.        0.    12188.
   139.50      8374.     12032.    371668.   4902.33          0.        0.    12032.
   140.00      8367.     11883.    371521.   4902.30          0.        0.    11883.
   140.50      8361.     11740.    371380.   4902.28          0.        0.    11740.
   141.00      8355.     11599.    371241.   4902.26          0.        0.    11599.
   141.50      8349.     11465.    371109.   4902.23          0.        0.    11465.
   142.00      8343.     11337.    370983.   4902.21          0.        0.    11337.
   142.50      8337.     11215.    370863.   4902.19          0.        0.    11215.
   143.00      8332.     11096.    370746.   4902.18          0.        0.    11096.
   143.50      8326.     10983.    370635.   4902.16          0.        0.    10983.
   144.00      8321.     10873.    370527.   4902.14          0.        0.    10873.
   144.50      8315.     10769.    370425.   4902.12          0.        0.    10769.
   145.00      8310.     10668.    370326.   4902.11          0.        0.    10668.
   145.50      8305.     10571.    370230.   4902.09          0.        0.    10571.
   146.00      8300.     10476.    370136.   4902.08          0.        0.    10476.
   146.50      8295.     10388.    370049.   4902.06          0.        0.    10388.
   147.00      8290.     10302.    369965.   4902.05          0.        0.    10302.
   147.50      8285.     10220.    369884.   4902.04          0.        0.    10220.
   148.00      8280.     10140.    369806.   4902.02          0.        0.    10140.
   148.50      8274.     10064.    369731.   4902.01          0.        0.    10064.
   149.00      8269.      9996.    369659.   4902.00          0.        0.     9996.
   149.50      8264.      9967.    369587.   4901.99          0.        0.     9967.
   150.00      8259.      9939.    369518.   4901.98          0.        0.     9939.
   150.50      8254.      9911.    369449.   4901.96          0.        0.     9911.
   151.00      8249.      9883.    369380.   4901.95          0.        0.     9883.
   151.50      8244.      9856.    369314.   4901.94          0.        0.     9856.
   152.00      8239.      9829.    369248.   4901.93          0.        0.     9829.
   152.50      8234.      9802.    369182.   4901.92          0.        0.     9802.
   153.00      8229.      9777.    369119.   4901.91          0.        0.     9777.
   153.50      8224.      9751.    369055.   4901.90          0.        0.     9751.
   154.00      8219.      9725.    368992.   4901.89          0.        0.     9725.
   154.50      8214.      9700.    368929.   4901.88          0.        0.     9700.
   155.00      8209.      9675.    368869.   4901.87          0.        0.     9675.
   155.50      8204.      9651.    368809.   4901.86          0.        0.     9651.
   156.00      8199.      9626.    368749.   4901.85          0.        0.     9626.
   156.50      8194.      9602.    368689.   4901.84          0.        0.     9602.
   157.00      8189.      9579.    368632.   4901.83          0.        0.     9579.
   157.50      8183.      9556.    368575.   4901.82          0.        0.     9556.
   158.00      8178.      9532.    368518.   4901.81          0.        0.     9532.
   158.50      8173.      9509.    368461.   4901.80          0.        0.     9509.
   159.00      8168.      9487.    368407.   4901.79          0.        0.     9487.
   159.50      8163.      9465.    368353.   4901.79          0.        0.     9465.
   160.00      8157.      9443.    368299.   4901.78          0.        0.     9443.
   160.50      8152.      9421.    368245.   4901.77          0.        0.     9421.
   161.00      8147.      9401.    368194.   4901.76          0.        0.     9401.
   161.50      8141.      9380.    368143.   4901.75          0.        0.     9380.
   162.00      8136.      9359.    368092.   4901.74          0.        0.     9359.
   162.50      8130.      9338.    368041.   4901.74          0.        0.     9338.
   163.00      8125.      9318.    367990.   4901.73          0.        0.     9318.
   163.50      8119.      9298.    367941.   4901.72          0.        0.     9298.
   164.00      8113.      9279.    367893.   4901.71          0.        0.     9279.
   164.50      8108.      9259.    367845.   4901.70          0.        0.     9259.
   165.00      8102.      9240.    367797.   4901.70          0.        0.     9240.
   165.50      8096.      9220.    367749.   4901.69          0.        0.     9220.
   166.00      8090.      9202.    367704.   4901.68          0.        0.     9202.
   166.50      8084.      9183.    367659.   4901.67          0.        0.     9183.
   167.00      8078.      9165.    367614.   4901.67          0.        0.     9165.
   167.50      8072.      9147.    367569.   4901.66          0.        0.     9147.
   168.00      8066.      9128.    367524.   4901.65          0.        0.     9128.
   168.50      8060.      9110.    367479.   4901.64          0.        0.     9110.
   169.00      8054.      9093.    367437.   4901.64          0.        0.     9093.
   169.50      8047.      9076.    367395.   4901.63          0.        0.     9076.
   170.00      8040.      9059.    367353.   4901.62          0.        0.     9059.
   170.50      8032.      9042.    367311.   4901.62          0.        0.     9042.
   171.00      8024.      9025.    367269.   4901.61          0.        0.     9025.
   171.50      8016.      9008.    367227.   4901.60          0.        0.     9008.
   172.00      8008.      8990.    367185.   4901.60          0.        0.     8990.
   172.50      7999.      8975.    367146.   4901.59          0.        0.     8975.
   173.00      7990.      8959.    367107.   4901.58          0.        0.     8959.
   173.50      7981.      8943.    367068.   4901.58          0.        0.     8943.
   174.00      7972.      8927.    367029.   4901.57          0.        0.     8927.
   174.50      7962.      8911.    366990.   4901.56          0.        0.     8911.
   175.00      7953.      8895.    366951.   4901.56          0.        0.     8895.
   175.50      7943.      8879.    366912.   4901.55          0.        0.     8879.
   176.00      7933.      8864.    366873.   4901.55          0.        0.     8864.
   176.50      7923.      8848.    366833.   4901.54          0.        0.     8848.
   177.00      7913.      8832.    366794.   4901.53          0.        0.     8832.
   177.50      7903.      8816.    366755.   4901.53          0.        0.     8816.
   178.00      7893.      8800.    366716.   4901.52          0.        0.     8800.
   178.50      7883.      8785.    366680.   4901.51          0.        0.     8785.
   179.00      7873.      8771.    366644.   4901.51          0.        0.     8771.
   179.50      7864.      8756.    366608.   4901.50          0.        0.     8756.
   180.00      7854.      8741.    366572.   4901.50          0.        0.     8741.
   180.50      7844.      8727.    366536.   4901.49          0.        0.     8727.
   181.00      7834.      8712.    366500.   4901.48          0.        0.     8712.
   181.50      7825.      8698.    366464.   4901.48          0.        0.     8698.
   182.00      7816.      8683.    366428.   4901.47          0.        0.     8683.
   182.50      7807.      8668.    366392.   4901.47          0.        0.     8668.
   183.00      7798.      8654.    366356.   4901.46          0.        0.     8654.
   183.50      7789.      8639.    366320.   4901.46          0.        0.     8639.
   184.00      7781.      8624.    366284.   4901.45          0.        0.     8624.
   184.50      7773.      8610.    366248.   4901.44          0.        0.     8610.
   185.00      7765.      8596.    366215.   4901.44          0.        0.     8596.
   185.50      7758.      8583.    366182.   4901.43          0.        0.     8583.
   186.00      7751.      8569.    366149.   4901.43          0.        0.     8569.
   186.50      7744.      8556.    366116.   4901.42          0.        0.     8556.
   187.00      7738.      8542.    366083.   4901.42          0.        0.     8542.
   187.50      7732.      8529.    366050.   4901.41          0.        0.     8529.
   188.00      7727.      8516.    366017.   4901.41          0.        0.     8516.
   188.50      7722.      8502.    365984.   4901.40          0.        0.     8502.
   189.00      7718.      8489.    365951.   4901.40          0.        0.     8489.
   189.50      7714.      8475.    365918.   4901.39          0.        0.     8475.
   190.00      7710.      8463.    365888.   4901.39          0.        0.     8463.
   190.50      7708.      8451.    365858.   4901.38          0.        0.     8451.
   191.00      7705.      8439.    365828.   4901.38          0.        0.     8439.
   191.50      7704.      8427.    365798.   4901.37          0.        0.     8427.
   192.00      7703.      8414.    365768.   4901.37          0.        0.     8414.
   192.50      7703.      8402.    365738.   4901.36          0.        0.     8402.
   193.00      7703.      8390.    365707.   4901.36          0.        0.     8390.
   193.50      7703.      8379.    365680.   4901.35          0.        0.     8379.
   194.00      7703.      8368.    365653.   4901.35          0.        0.     8368.
   194.50      7703.      8357.    365626.   4901.34          0.        0.     8357.
   195.00      7703.      8346.    365599.   4901.34          0.        0.     8346.
   195.50      7703.      8335.    365572.   4901.33          0.        0.     8335.
   196.00      7703.      8324.    365545.   4901.33          0.        0.     8324.
   196.50      7703.      8314.    365521.   4901.33          0.        0.     8314.
   197.00      7703.      8304.    365497.   4901.32          0.        0.     8304.
   197.50      7703.      8295.    365473.   4901.32          0.        0.     8295.
   198.00      7703.      8285.    365449.   4901.31          0.        0.     8285.
   198.50      7703.      8275.    365425.   4901.31          0.        0.     8275.
   199.00      7703.      8265.    365401.   4901.31          0.        0.     8265.
   199.50      7703.      8256.    365377.   4901.30          0.        0.     8256.
   200.00      7703.      8246.    365353.   4901.30          0.        0.     8246.
   200.50      7703.      8237.    365332.   4901.29          0.        0.     8237.
   201.00      7703.      8229.    365311.   4901.29          0.        0.     8229.
   201.50      7703.      8220.    365290.   4901.29          0.        0.     8220.
   202.00      7703.      8212.    365269.   4901.28          0.        0.     8212.
   202.50      7703.      8203.    365248.   4901.28          0.        0.     8203.
   203.00      7703.      8195.    365227.   4901.28          0.        0.     8195.
   203.50      7703.      8186.    365206.   4901.27          0.        0.     8186.
   204.00      7703.      8177.    365185.   4901.27          0.        0.     8177.
   204.50      7703.      8170.    365167.   4901.27          0.        0.     8170.
   205.00      7703.      8163.    365149.   4901.27          0.        0.     8163.
   205.50      7703.      8156.    365131.   4901.26          0.        0.     8156.
   206.00      7703.      8148.    365113.   4901.26          0.        0.     8148.
   206.50      7703.      8141.    365095.   4901.26          0.        0.     8141.
   207.00      7703.      8134.    365077.   4901.25          0.        0.     8134.
   207.50      7703.      8126.    365059.   4901.25          0.        0.     8126.
   208.00      7703.      8119.    365041.   4901.25          0.        0.     8119.
   208.50      7703.      8112.    365023.   4901.24          0.        0.     8112.
   209.00      7703.      8104.    365005.   4901.24          0.        0.     8104.
   209.50      7703.      8098.    364990.   4901.24          0.        0.     8098.
   210.00      7703.      8092.    364975.   4901.24          0.        0.     8092.
   210.50      7703.      8086.    364960.   4901.23          0.        0.     8086.
   211.00      7703.      8080.    364945.   4901.23          0.        0.     8080.
   211.50      7703.      8074.    364930.   4901.23          0.        0.     8074.
   212.00      7703.      8068.    364915.   4901.23          0.        0.     8068.
   212.50      7703.      8062.    364900.   4901.22          0.        0.     8062.
   213.00      7703.      8055.    364885.   4901.22          0.        0.     8055.
   213.50      7703.      8049.    364870.   4901.22          0.        0.     8049.
   214.00      7703.      8043.    364855.   4901.22          0.        0.     8043.
   214.50      7703.      8037.    364840.   4901.21          0.        0.     8037.
   215.00      7703.      8031.    364825.   4901.21          0.        0.     8031.
   215.50      7703.      8026.    364813.   4901.21          0.        0.     8026.
   216.00      7703.      8021.    364801.   4901.21          0.        0.     8021.
   216.50      7703.      8016.    364789.   4901.21          0.        0.     8016.
   217.00      7702.      8011.    364777.   4901.20          0.        0.     8011.
   217.50      7702.      8007.    364765.   4901.20          0.        0.     8007.
   218.00      7700.      8002.    364753.   4901.20          0.        0.     8002.
   218.50      7699.      7997.    364741.   4901.20          0.        0.     7997.
   219.00      7697.      7992.    364729.   4901.20          0.        0.     7992.
   219.50      7694.      7987.    364717.   4901.19          0.        0.     7987.
   220.00      7692.      7982.    364705.   4901.19          0.        0.     7982.
   220.50      7688.      7977.    364693.   4901.19          0.        0.     7977.
   221.00      7685.      7972.    364681.   4901.19          0.        0.     7972.
   221.50      7681.      7968.    364669.   4901.19          0.        0.     7968.
   222.00      7677.      7963.    364657.   4901.19          0.        0.     7963.
   222.50      7672.      7958.    364645.   4901.18          0.        0.     7958.
   223.00      7667.      7953.    364633.   4901.18          0.        0.     7953.
   223.50      7662.      7948.    364621.   4901.18          0.        0.     7948.
   224.00      7656.      7943.    364608.   4901.18          0.        0.     7943.
   224.50      7650.      7938.    364596.   4901.18          0.        0.     7938.
   225.00      7644.      7933.    364584.   4901.17          0.        0.     7933.
   225.50      7638.      7928.    364572.   4901.17          0.        0.     7928.
   226.00      7631.      7924.    364560.   4901.17          0.        0.     7924.
   226.50      7624.      7919.    364548.   4901.17          0.        0.     7919.
   227.00      7617.      7914.    364536.   4901.17          0.        0.     7914.
   227.50      7610.      7909.    364524.   4901.16          0.        0.     7909.
   228.00      7603.      7904.    364512.   4901.16          0.        0.     7904.
   228.50      7595.      7899.    364500.   4901.16          0.        0.     7899.
   229.00      7587.      7894.    364488.   4901.16          0.        0.     7894.
   229.50      7579.      7889.    364476.   4901.16          0.        0.     7889.
   230.00      7571.      7885.    364464.   4901.15          0.        0.     7885.
   230.50      7562.      7880.    364452.   4901.15          0.        0.     7880.
   231.00      7554.      7875.    364440.   4901.15          0.        0.     7875.
   231.50      7545.      7870.    364428.   4901.15          0.        0.     7870.
   232.00      7537.      7865.    364416.   4901.15          0.        0.     7865.
   232.50      7528.      7859.    364401.   4901.14          0.        0.     7859.
   233.00      7519.      7853.    364386.   4901.14          0.        0.     7853.
   233.50      7510.      7847.    364371.   4901.14          0.        0.     7847.
   234.00      7501.      7841.    364356.   4901.14          0.        0.     7841.
   234.50      7492.      7834.    364341.   4901.13          0.        0.     7834.
   235.00      7483.      7828.    364326.   4901.13          0.        0.     7828.
   235.50      7474.      7822.    364311.   4901.13          0.        0.     7822.
   236.00      7465.      7816.    364296.   4901.13          0.        0.     7816.
   236.50      7456.      7810.    364281.   4901.12          0.        0.     7810.
   237.00      7447.      7804.    364266.   4901.12          0.        0.     7804.
   237.50      7438.      7798.    364251.   4901.12          0.        0.     7798.
   238.00      7429.      7792.    364236.   4901.12          0.        0.     7792.
   238.50      7420.      7786.    364221.   4901.11          0.        0.     7786.
   239.00      7412.      7780.    364206.   4901.11          0.        0.     7780.
   239.50      7403.      7773.    364191.   4901.11          0.        0.     7773.
   240.00      7394.      7767.    364176.   4901.11          0.        0.     7767.
   240.50      7386.      7761.    364161.   4901.10          0.        0.     7761.
   241.00      7377.      7755.    364146.   4901.10          0.        0.     7755.
   241.50      7367.      7749.    364131.   4901.10          0.        0.     7749.
   242.00      7357.      7743.    364116.   4901.10          0.        0.     7743.
   242.50      7346.      7737.    364101.   4901.09          0.        0.     7737.
   243.00      7335.      7731.    364086.   4901.09          0.        0.     7731.
   243.50      7323.      7725.    364071.   4901.09          0.        0.     7725.
   244.00      7310.      7717.    364053.   4901.09          0.        0.     7717.
   244.50      7297.      7710.    364035.   4901.08          0.        0.     7710.
   245.00      7284.      7703.    364017.   4901.08          0.        0.     7703.
   245.50      7270.      7695.    363999.   4901.08          0.        0.     7695.
   246.00      7256.      7688.    363981.   4901.08          0.        0.     7688.
   246.50      7241.      7681.    363963.   4901.07          0.        0.     7681.
   247.00      7226.      7673.    363945.   4901.07          0.        0.     7673.
   247.50      7211.      7666.    363927.   4901.07          0.        0.     7666.
   248.00      7196.      7659.    363909.   4901.06          0.        0.     7659.
   248.50      7180.      7651.    363891.   4901.06          0.        0.     7651.
   249.00      7164.      7643.    363870.   4901.06          0.        0.     7643.
   249.50      7149.      7634.    363849.   4901.05          0.        0.     7634.
   250.00      7133.      7626.    363828.   4901.05          0.        0.     7626.
   250.50      7117.      7617.    363807.   4901.05          0.        0.     7617.
   251.00      7101.      7609.    363786.   4901.04          0.        0.     7609.
   251.50      7085.      7600.    363765.   4901.04          0.        0.     7600.
   252.00      7070.      7592.    363744.   4901.04          0.        0.     7592.
   252.50      7054.      7583.    363723.   4901.03          0.        0.     7583.
   253.00      7039.      7574.    363702.   4901.03          0.        0.     7574.
   253.50      7024.      7566.    363681.   4901.03          0.        0.     7566.
   254.00      7009.      7556.    363657.   4901.02          0.        0.     7556.
   254.50      6994.      7546.    363633.   4901.02          0.        0.     7546.
   255.00      6980.      7537.    363609.   4901.01          0.        0.     7537.
   255.50      6966.      7527.    363585.   4901.01          0.        0.     7527.
   256.00      6953.      7517.    363561.   4901.01          0.        0.     7517.
   256.50      6940.      7507.    363537.   4901.00          0.        0.     7507.
   257.00      6927.      7498.    363513.   4901.00          0.        0.     7498.
   257.50      6915.      7488.    363488.   4901.00          0.        0.     7488.
   258.00      6904.      7478.    363464.   4900.99          0.        0.     7478.
   258.50      6893.      7468.    363440.   4900.99          0.        0.     7468.
   259.00      6883.      7458.    363416.   4900.98          0.        0.     7458.
   259.50      6873.      7449.    363392.   4900.98          0.        0.     7449.
   260.00      6864.      7439.    363368.   4900.98          0.        0.     7439.
   260.50      6856.      7429.    363344.   4900.97          0.        0.     7429.
   261.00      6849.      7419.    363320.   4900.97          0.        0.     7419.
   261.50      6843.      7410.    363296.   4900.96          0.        0.     7410.
   262.00      6837.      7400.    363272.   4900.96          0.        0.     7400.
   262.50      6832.      7390.    363248.   4900.96          0.        0.     7390.
   263.00      6829.      7380.    363224.   4900.95          0.        0.     7380.
   263.50      6826.      7371.    363200.   4900.95          0.        0.     7371.
   264.00      6825.      7362.    363179.   4900.94          0.        0.     7362.
   264.50      6824.      7354.    363158.   4900.94          0.        0.     7354.
   265.00      6824.      7345.    363137.   4900.94          0.        0.     7345.
   265.50      6824.      7336.    363116.   4900.93          0.        0.     7336.
   266.00      6825.      7328.    363095.   4900.93          0.        0.     7328.
   266.50      6825.      7319.    363074.   4900.93          0.        0.     7319.
   267.00      6826.      7311.    363053.   4900.92          0.        0.     7311.
   267.50      6827.      7302.    363032.   4900.92          0.        0.     7302.
   268.00      6828.      7295.    363014.   4900.92          0.        0.     7295.
   268.50      6829.      7288.    362996.   4900.92          0.        0.     7288.
   269.00      6830.      7280.    362978.   4900.91          0.        0.     7280.
   269.50      6831.      7273.    362960.   4900.91          0.        0.     7273.
   270.00      6832.      7266.    362942.   4900.91          0.        0.     7266.
   270.50      6834.      7258.    362924.   4900.90          0.        0.     7258.
   271.00      6835.      7251.    362906.   4900.90          0.        0.     7251.
   271.50      6837.      7244.    362888.   4900.90          0.        0.     7244.
   272.00      6838.      7236.    362870.   4900.89          0.        0.     7236.
   272.50      6840.      7230.    362855.   4900.89          0.        0.     7230.
   273.00      6842.      7224.    362840.   4900.89          0.        0.     7224.
   273.50      6843.      7218.    362825.   4900.89          0.        0.     7218.
   274.00      6845.      7212.    362810.   4900.88          0.        0.     7212.
   274.50      6847.      7206.    362795.   4900.88          0.        0.     7206.
   275.00      6849.      7200.    362780.   4900.88          0.        0.     7200.
   275.50      6851.      7194.    362765.   4900.88          0.        0.     7194.
   276.00      6853.      7188.    362750.   4900.88          0.        0.     7188.
   276.50      6855.      7181.    362735.   4900.87          0.        0.     7181.
   277.00      6857.      7177.    362723.   4900.87          0.        0.     7177.
   277.50      6858.      7172.    362711.   4900.87          0.        0.     7172.
   278.00      6860.      7167.    362699.   4900.87          0.        0.     7167.
   278.50      6862.      7162.    362687.   4900.86          0.        0.     7162.
   279.00      6864.      7157.    362675.   4900.86          0.        0.     7157.
   279.50      6866.      7152.    362663.   4900.86          0.        0.     7152.
   280.00      6868.      7147.    362651.   4900.86          0.        0.     7147.
   280.50      6869.      7142.    362639.   4900.86          0.        0.     7142.
   281.00      6871.      7137.    362627.   4900.85          0.        0.     7137.
   281.50      6873.      7133.    362615.   4900.85          0.        0.     7133.
   282.00      6874.      7128.    362603.   4900.85          0.        0.     7128.
   282.50      6876.      7124.    362594.   4900.85          0.        0.     7124.
   283.00      6877.      7120.    362585.   4900.85          0.        0.     7120.
   283.50      6878.      7117.    362576.   4900.85          0.        0.     7117.
   284.00      6880.      7113.    362567.   4900.85          0.        0.     7113.
   284.50      6881.      7109.    362558.   4900.84          0.        0.     7109.
   285.00      6882.      7106.    362549.   4900.84          0.        0.     7106.
   285.50      6883.      7102.    362540.   4900.84          0.        0.     7102.
   286.00      6883.      7098.    362531.   4900.84          0.        0.     7098.
   286.50      6884.      7095.    362522.   4900.84          0.        0.     7095.
   287.00      6885.      7091.    362513.   4900.84          0.        0.     7091.
   287.50      6885.      7087.    362504.   4900.83          0.        0.     7087.
   288.00      6885.      7084.    362495.   4900.83          0.        0.     7084.
   288.50      6885.      7080.    362486.   4900.83          0.        0.     7080.
   289.00      6885.      7076.    362477.   4900.83          0.        0.     7076.
   289.50      6884.      7073.    362468.   4900.83          0.        0.     7073.
   290.00      6883.      7069.    362459.   4900.83          0.        0.     7069.
   290.50      6881.      7065.    362450.   4900.83          0.        0.     7065.
   291.00      6879.      7062.    362441.   4900.82          0.        0.     7062.
   291.50      6876.      7058.    362432.   4900.82          0.        0.     7058.
   292.00      6873.      7056.    362426.   4900.82          0.        0.     7056.
   292.50      6870.      7052.    362417.   4900.82          0.        0.     7052.
   293.00      6866.      7048.    362408.   4900.82          0.        0.     7048.
   293.50      6862.      7045.    362399.   4900.82          0.        0.     7045.
   294.00      6857.      7041.    362390.   4900.82          0.        0.     7041.
   294.50      6852.      7037.    362380.   4900.81          0.        0.     7037.
   295.00      6847.      7034.    362371.   4900.81          0.        0.     7034.
   295.50      6842.      7030.    362362.   4900.81          0.        0.     7030.
   296.00      6836.      7026.    362353.   4900.81          0.        0.     7026.
   296.50      6830.      7023.    362344.   4900.81          0.        0.     7023.
   297.00      6824.      7019.    362335.   4900.81          0.        0.     7019.
   297.50      6817.      7015.    362326.   4900.81          0.        0.     7015.
   298.00      6811.      7012.    362317.   4900.80          0.        0.     7012.
   298.50      6804.      7008.    362308.   4900.80          0.        0.     7008.
   299.00      6797.      7004.    362299.   4900.80          0.        0.     7004.
   299.50      6790.      7001.    362290.   4900.80          0.        0.     7001.
   300.00      6783.      6997.    362281.   4900.80          0.        0.     6997.
   300.50      6776.      6993.    362272.   4900.80          0.        0.     6993.
   301.00      6769.      6990.    362263.   4900.80          0.        0.     6990.
   301.50      6761.      6986.    362254.   4900.79          0.        0.     6986.
   302.00      6754.      6982.    362245.   4900.79          0.        0.     6982.
   302.50      6747.      6979.    362236.   4900.79          0.        0.     6979.
   303.00      6739.      6975.    362227.   4900.79          0.        0.     6975.
   303.50      6732.      6971.    362218.   4900.79          0.        0.     6971.
   304.00      6725.      6968.    362209.   4900.79          0.        0.     6968.
   304.50      6718.      6964.    362200.   4900.79          0.        0.     6964.
   305.00      6711.      6960.    362191.   4900.78          0.        0.     6960.
   305.50      6704.      6957.    362182.   4900.78          0.        0.     6957.
   306.00      6697.      6953.    362173.   4900.78          0.        0.     6953.
   306.50      6690.      6948.    362161.   4900.78          0.        0.     6948.
   307.00      6684.      6943.    362149.   4900.78          0.        0.     6943.
   307.50      6678.      6938.    362137.   4900.78          0.        0.     6938.
   308.00      6672.      6934.    362125.   4900.77          0.        0.     6934.
   308.50      6666.      6929.    362113.   4900.77          0.        0.     6929.
   309.00      6660.      6924.    362101.   4900.77          0.        0.     6924.
   309.50      6655.      6919.    362089.   4900.77          0.        0.     6919.
   310.00      6650.      6914.    362077.   4900.77          0.        0.     6914.
   310.50      6645.      6909.    362065.   4900.76          0.        0.     6909.
   311.00      6641.      6904.    362053.   4900.76          0.        0.     6904.
   311.50      6637.      6899.    362041.   4900.76          0.        0.     6899.
   312.00      6633.      6895.    362029.   4900.76          0.        0.     6895.
   312.50      6630.      6890.    362017.   4900.76          0.        0.     6890.
   313.00      6627.      6885.    362005.   4900.75          0.        0.     6885.
   313.50      6624.      6880.    361993.   4900.75          0.        0.     6880.
   314.00      6621.      6875.    361981.   4900.75          0.        0.     6875.
   314.50      6619.      6871.    361972.   4900.75          0.        0.     6871.
   315.00      6616.      6868.    361963.   4900.75          0.        0.     6868.
   315.50      6614.      6864.    361954.   4900.75          0.        0.     6864.
   316.00      6611.      6860.    361945.   4900.74          0.        0.     6860.
   316.50      6609.      6857.    361936.   4900.74          0.        0.     6857.
   317.00      6607.      6853.    361927.   4900.74          0.        0.     6853.
   317.50      6604.      6849.    361918.   4900.74          0.        0.     6849.
   318.00      6602.      6846.    361909.   4900.74          0.        0.     6846.
   318.50      6600.      6842.    361900.   4900.74          0.        0.     6842.
   319.00      6598.      6838.    361891.   4900.74          0.        0.     6838.
   319.50      6596.      6835.    361882.   4900.73          0.        0.     6835.
   320.00      6594.      6831.    361873.   4900.73          0.        0.     6831.
   320.50      6593.      6827.    361864.   4900.73          0.        0.     6827.
   321.00      6591.      6824.    361855.   4900.73          0.        0.     6824.
   321.50      6589.      6820.    361846.   4900.73          0.        0.     6820.
   322.00      6587.      6816.    361837.   4900.73          0.        0.     6816.
   322.50      6586.      6813.    361828.   4900.73          0.        0.     6813.
   323.00      6584.      6809.    361819.   4900.72          0.        0.     6809.
   323.50      6582.      6805.    361810.   4900.72          0.        0.     6805.
   324.00      6580.      6802.    361801.   4900.72          0.        0.     6802.
   324.50      6579.      6798.    361792.   4900.72          0.        0.     6798.
   325.00      6577.      6794.    361783.   4900.72          0.        0.     6794.
   325.50      6575.      6791.    361774.   4900.72          0.        0.     6791.
   326.00      6574.      6787.    361765.   4900.71          0.        0.     6787.
   326.50      6572.      6783.    361756.   4900.71          0.        0.     6783.
   327.00      6570.      6780.    361747.   4900.71          0.        0.     6780.
   327.50      6569.      6776.    361738.   4900.71          0.        0.     6776.
   328.00      6567.      6772.    361729.   4900.71          0.        0.     6772.
   328.50      6565.      6769.    361720.   4900.71          0.        0.     6769.
   329.00      6563.      6765.    361711.   4900.71          0.        0.     6765.
   329.50      6561.      6761.    361702.   4900.70          0.        0.     6761.
   330.00      6559.      6758.    361693.   4900.70          0.        0.     6758.
   330.50      6557.      6754.    361684.   4900.70          0.        0.     6754.
   331.00      6555.      6750.    361675.   4900.70          0.        0.     6750.
   331.50      6553.      6747.    361666.   4900.70          0.        0.     6747.
   332.00      6551.      6743.    361657.   4900.70          0.        0.     6743.
   332.50      6549.      6740.    361648.   4900.70          0.        0.     6740.
   333.00      6546.      6736.    361639.   4900.69          0.        0.     6736.
   333.50      6544.      6732.    361630.   4900.69          0.        0.     6732.
   334.00      6542.      6729.    361621.   4900.69          0.        0.     6729.
   334.50      6539.      6725.    361612.   4900.69          0.        0.     6725.
   335.00      6536.      6721.    361603.   4900.69          0.        0.     6721.
   335.50      6534.      6718.    361594.   4900.69          0.        0.     6718.
   336.00      6531.      6714.    361585.   4900.69          0.        0.     6714.
   336.50      6528.      6710.    361576.   4900.68          0.        0.     6710.
   337.00      6525.      6708.    361570.   4900.68          0.        0.     6708.
   337.50      6521.      6704.    361561.   4900.68          0.        0.     6704.
   338.00      6518.      6700.    361552.   4900.68          0.        0.     6700.
   338.50      6514.      6697.    361543.   4900.68          0.        0.     6697.
   339.00      6511.      6693.    361534.   4900.68          0.        0.     6693.
   339.50      6507.      6689.    361525.   4900.68          0.        0.     6689.
   340.00      6503.      6686.    361516.   4900.67          0.        0.     6686.
   340.50      6499.      6682.    361507.   4900.67          0.        0.     6682.
   341.00      6495.      6678.    361498.   4900.67          0.        0.     6678.
   341.50      6491.      6675.    361489.   4900.67          0.        0.     6675.
   342.00      6486.      6671.    361480.   4900.67          0.        0.     6671.
   342.50      6482.      6667.    361471.   4900.67          0.        0.     6667.
   343.00      6477.      6664.    361462.   4900.67          0.        0.     6664.
   343.50      6473.      6660.    361453.   4900.66          0.        0.     6660.
   344.00      6468.      6656.    361444.   4900.66          0.        0.     6656.
   344.50      6463.      6653.    361435.   4900.66          0.        0.     6653.
   345.00      6458.      6649.    361426.   4900.66          0.        0.     6649.
   345.50      6453.      6646.    361417.   4900.66          0.        0.     6646.
   346.00      6448.      6642.    361408.   4900.66          0.        0.     6642.
   346.50      6443.      6638.    361399.   4900.66          0.        0.     6638.
   347.00      6437.      6635.    361390.   4900.65          0.        0.     6635.
   347.50      6432.      6631.    361381.   4900.65          0.        0.     6631.
   348.00      6427.      6627.    361372.   4900.65          0.        0.     6627.
   348.50      6421.      6624.    361363.   4900.65          0.        0.     6624.
   349.00      6415.      6620.    361354.   4900.65          0.        0.     6620.
   349.50      6410.      6616.    361345.   4900.65          0.        0.     6616.
   350.00      6404.      6613.    361336.   4900.65          0.        0.     6613.
   350.50      6398.      6609.    361327.   4900.64          0.        0.     6609.
   351.00      6392.      6605.    361318.   4900.64          0.        0.     6605.
   351.50      6386.      6602.    361309.   4900.64          0.        0.     6602.
   352.00      6380.      6598.    361300.   4900.64          0.        0.     6598.
   352.50      6374.      6594.    361291.   4900.64          0.        0.     6594.
   353.00      6368.      6591.    361282.   4900.64          0.        0.     6591.
   353.50      6362.      6587.    361273.   4900.63          0.        0.     6587.
   354.00      6356.      6583.    361263.   4900.63          0.        0.     6583.
   354.50      6350.      6580.    361254.   4900.63          0.        0.     6580.
   355.00      6343.      6576.    361245.   4900.63          0.        0.     6576.
   355.50      6337.      6572.    361236.   4900.63          0.        0.     6572.
   356.00      6331.      6569.    361227.   4900.63          0.        0.     6569.
   356.50      6324.      6565.    361218.   4900.63          0.        0.     6565.
   357.00      6318.      6561.    361209.   4900.62          0.        0.     6561.
   357.50      6311.      6558.    361200.   4900.62          0.        0.     6558.
   358.00      6305.      6554.    361191.   4900.62          0.        0.     6554.
   358.50      6298.      6550.    361182.   4900.62          0.        0.     6550.
   359.00      6292.      6547.    361173.   4900.62          0.        0.     6547.
   359.50      6285.      6542.    361161.   4900.62          0.        0.     6542.
   360.00      6279.      6537.    361149.   4900.61          0.        0.     6537.
1



      INFLOW DATA                           STORAGE DATA
      ***********                           ************
     TIME    INFLOW                     ELEVATION     STORAGE

     0.50      5527.                      4753.20          0.
     1.00      5557.                      4754.00          5.
     1.50      5587.                      4760.00        853.
     2.00      5617.                      4770.00       5056.
     2.50      5647.                      4780.00      11677.
     3.00      5677.                      4790.00      20701.
     3.50      5707.                      4800.00      32214.
     4.00      5737.                      4810.00      46676.
     4.50      5766.                      4820.00      64861.
     5.00      5796.                      4830.00      86629.
     5.50      5825.                      4840.00     112286.
     6.00      5855.                      4850.00     141401.
     6.50      5884.                      4860.00     174439.
     7.00      5913.                      4870.00     212059.
     7.50      5941.                      4880.00     254696.
     8.00      5970.                      4890.00     303066.
     8.50      5999.                      4900.00     357369.
     9.00      6027.                      4910.00     418864.
     9.50      6056.                      4920.00     488871.
    10.00      6084.                      4924.00     519654.
    10.50      6112.                      4924.50     523636.
    11.00      6140.                      4925.00     527626.
    11.50      6167.                      4925.50     531626.
    12.00      6195.                      4926.00     535626.
    12.50      6222.                      4930.00     569747.
    13.00      6249.                      4935.00     604527.
    13.50      6276.
    14.00      6303.
    14.50      6330.
    15.00      6357.
    15.50      6383.
    16.00      6409.
    16.50      6435.
    17.00      6461.
    17.50      6487.
    18.00      6512.
    18.50      6537.
    19.00      6562.
    19.50      6587.
    20.00      6612.
    20.50      6636.
    21.00      6661.
    21.50      6685.
    22.00      6708.
    22.50      6732.
    23.00      6755.
    23.50      6778.
    24.00      6801.
    24.50      6824.
    25.00      6846.
    25.50      6869.
    26.00      6890.
    26.50      6912.
    27.00      6934.
    27.50      6955.
    28.00      6976.
    28.50      6997.
    29.00      7017.
    29.50      7038.
    30.00      7058.
    30.50      7078.
    31.00      7098.
    31.50      7117.
    32.00      7137.
    32.50      7156.
    33.00      7175.
    33.50      7195.
    34.00      7214.
    34.50      7233.
    35.00      7251.
    35.50      7270.
    36.00      7289.
    36.50      7307.
    37.00      7326.
    37.50      7344.
    38.00      7363.
    38.50      7381.
    39.00      7399.
    39.50      7418.
    40.00      7436.
    40.50      7454.
    41.00      7473.
    41.50      7491.
    42.00      7509.
    42.50      7528.
    43.00      7546.
    43.50      7565.
    44.00      7583.
    44.50      7602.
    45.00      7620.
    45.50      7639.
    46.00      7658.
    46.50      7677.
    47.00      7696.
    47.50      7715.
    48.00      7734.
    48.50      7754.
    49.00      7773.
    49.50      7794.
    50.00      7815.
    50.50      7838.
    51.00      7860.
    51.50      7883.
    52.00      7907.
    52.50      7931.
    53.00      7956.
    53.50      7981.
    54.00      8006.
    54.50      8032.
    55.00      8058.
    55.50      8084.
    56.00      8110.
    56.50      8136.
    57.00      8162.
    57.50      8196.
    58.00      8255.
    58.50      8333.
    59.00      8420.
    59.50      8519.
    60.00      8684.
    60.50      9029.
    61.00      9596.
    61.50     10416.
    62.00     11994.
    62.50     17156.
    63.00     54532.
    63.50     96664.
    64.00    115288.
    64.50    128035.
    65.00    139105.
    65.50    149778.
    66.00    160387.
    66.50    170365.
    67.00    178930.
    67.50    186305.
    68.00    193206.
    68.50    200315.
    69.00    207681.
    69.50    214742.
    70.00    220846.
    70.50    225675.
    71.00    229195.
    71.50    231487.
    72.00    232546.
    72.50    232545.
    73.00    231916.
    73.50    231027.
    74.00    229980.
    74.50    228741.
    75.00    227317.
    75.50    225694.
    76.00    223647.
    76.50    221034.
    77.00    217921.
    77.50    214408.
    78.00    210629.
    78.50    206970.
    79.00    203143.
    79.50    198684.
    80.00    193754.
    80.50    188522.
    81.00    183029.
    81.50    177299.
    82.00    171432.
    82.50    165541.
    83.00    159692.
    83.50    153888.
    84.00    148058.
    84.50    142189.
    85.00    136295.
    85.50    130420.
    86.00    124589.
    86.50    118808.
    87.00    113136.
    87.50    107641.
    88.00    102414.
    88.50     97458.
    89.00     92754.
    89.50     88303.
    90.00     84115.
    90.50     80168.
    91.00     76422.
    91.50     72889.
    92.00     69564.
    92.50     66416.
    93.00     63183.
    93.50     59997.
    94.00     56859.
    94.50     53881.
    95.00     51107.
    95.50     48513.
    96.00     46090.
    96.50     43820.
    97.00     41766.
    97.50     39836.
    98.00     38101.
    98.50     36439.
    99.00     34932.
    99.50     33479.
   100.00     32151.
   100.50     30964.
   101.00     29763.
   101.50     28729.
   102.00     27727.
   102.50     26776.
   103.00     25886.
   103.50     25053.
   104.00     24343.
   104.50     23626.
   105.00     22944.
   105.50     22309.
   106.00     21719.
   106.50     21179.
   107.00     20696.
   107.50     20224.
   108.00     19757.
   108.50     19303.
   109.00     18869.
   109.50     18462.
   110.00     18081.
   110.50     17730.
   111.00     17413.
   111.50     17102.
   112.00     16794.
   112.50     16527.
   113.00     16277.
   113.50     16027.
   114.00     15776.
   114.50     15531.
   115.00     15294.
   115.50     15081.
   116.00     14892.
   116.50     14709.
   117.00     14529.
   117.50     14357.
   118.00     14198.
   118.50     14039.
   119.00     13884.
   119.50     13741.
   120.00     13606.
   120.50     13471.
   121.00     13337.
   121.50     13211.
   122.00     13093.
   122.50     12976.
   123.00     12862.
   123.50     12751.
   124.00     12649.
   124.50     12551.
   125.00     12455.
   125.50     12362.
   126.00     12269.
   126.50     12179.
   127.00     12094.
   127.50     12010.
   128.00     11930.
   128.50     11851.
   129.00      8502.
   129.50      8497.
   130.00      8492.
   130.50      8486.
   131.00      8480.
   131.50      8474.
   132.00      8469.
   132.50      8462.
   133.00      8456.
   133.50      8450.
   134.00      8444.
   134.50      8438.
   135.00      8431.
   135.50      8425.
   136.00      8418.
   136.50      8412.
   137.00      8406.
   137.50      8399.
   138.00      8393.
   138.50      8386.
   139.00      8380.
   139.50      8374.
   140.00      8367.
   140.50      8361.
   141.00      8355.
   141.50      8349.
   142.00      8343.
   142.50      8337.
   143.00      8332.
   143.50      8326.
   144.00      8321.
   144.50      8315.
   145.00      8310.
   145.50      8305.
   146.00      8300.
   146.50      8295.
   147.00      8290.
   147.50      8285.
   148.00      8280.
   148.50      8274.
   149.00      8269.
   149.50      8264.
   150.00      8259.
   150.50      8254.
   151.00      8249.
   151.50      8244.
   152.00      8239.
   152.50      8234.
   153.00      8229.
   153.50      8224.
   154.00      8219.
   154.50      8214.
   155.00      8209.
   155.50      8204.
   156.00      8199.
   156.50      8194.
   157.00      8189.
   157.50      8183.
   158.00      8178.
   158.50      8173.
   159.00      8168.
   159.50      8163.
   160.00      8157.
   160.50      8152.
   161.00      8147.
   161.50      8141.
   162.00      8136.
   162.50      8130.
   163.00      8125.
   163.50      8119.
   164.00      8113.
   164.50      8108.
   165.00      8102.
   165.50      8096.
   166.00      8090.
   166.50      8084.
   167.00      8078.
   167.50      8072.
   168.00      8066.
   168.50      8060.
   169.00      8054.
   169.50      8047.
   170.00      8040.
   170.50      8032.
   171.00      8024.
   171.50      8016.
   172.00      8008.
   172.50      7999.
   173.00      7990.
   173.50      7981.
   174.00      7972.
   174.50      7962.
   175.00      7953.
   175.50      7943.
   176.00      7933.
   176.50      7923.
   177.00      7913.
   177.50      7903.
   178.00      7893.
   178.50      7883.
   179.00      7873.
   179.50      7864.
   180.00      7854.
   180.50      7844.
   181.00      7834.
   181.50      7825.
   182.00      7816.
   182.50      7807.
   183.00      7798.
   183.50      7789.
   184.00      7781.
   184.50      7773.
   185.00      7765.
   185.50      7758.
   186.00      7751.
   186.50      7744.
   187.00      7738.
   187.50      7732.
   188.00      7727.
   188.50      7722.
   189.00      7718.
   189.50      7714.
   190.00      7710.
   190.50      7708.
   191.00      7705.
   191.50      7704.
   192.00      7703.
   192.50      7703.
   193.00      7703.
   193.50      7703.
   194.00      7703.
   194.50      7703.
   195.00      7703.
   195.50      7703.
   196.00      7703.
   196.50      7703.
   197.00      7703.
   197.50      7703.
   198.00      7703.
   198.50      7703.
   199.00      7703.
   199.50      7703.
   200.00      7703.
   200.50      7703.
   201.00      7703.
   201.50      7703.
   202.00      7703.
   202.50      7703.
   203.00      7703.
   203.50      7703.
   204.00      7703.
   204.50      7703.
   205.00      7703.
   205.50      7703.
   206.00      7703.
   206.50      7703.
   207.00      7703.
   207.50      7703.
   208.00      7703.
   208.50      7703.
   209.00      7703.
   209.50      7703.
   210.00      7703.
   210.50      7703.
   211.00      7703.
   211.50      7703.
   212.00      7703.
   212.50      7703.
   213.00      7703.
   213.50      7703.
   214.00      7703.
   214.50      7703.
   215.00      7703.
   215.50      7703.
   216.00      7703.
   216.50      7703.
   217.00      7702.
   217.50      7702.
   218.00      7700.
   218.50      7699.
   219.00      7697.
   219.50      7694.
   220.00      7692.
   220.50      7688.
   221.00      7685.
   221.50      7681.
   222.00      7677.
   222.50      7672.
   223.00      7667.
   223.50      7662.
   224.00      7656.
   224.50      7650.
   225.00      7644.
   225.50      7638.
   226.00      7631.
   226.50      7624.
   227.00      7617.
   227.50      7610.
   228.00      7603.
   228.50      7595.
   229.00      7587.
   229.50      7579.
   230.00      7571.
   230.50      7562.
   231.00      7554.
   231.50      7545.
   232.00      7537.
   232.50      7528.
   233.00      7519.
   233.50      7510.
   234.00      7501.
   234.50      7492.
   235.00      7483.
   235.50      7474.
   236.00      7465.
   236.50      7456.
   237.00      7447.
   237.50      7438.
   238.00      7429.
   238.50      7420.
   239.00      7412.
   239.50      7403.
   240.00      7394.
   240.50      7386.
   241.00      7377.
   241.50      7367.
   242.00      7357.
   242.50      7346.
   243.00      7335.
   243.50      7323.
   244.00      7310.
   244.50      7297.
   245.00      7284.
   245.50      7270.
   246.00      7256.
   246.50      7241.
   247.00      7226.
   247.50      7211.
   248.00      7196.
   248.50      7180.
   249.00      7164.
   249.50      7149.
   250.00      7133.
   250.50      7117.
   251.00      7101.
   251.50      7085.
   252.00      7070.
   252.50      7054.
   253.00      7039.
   253.50      7024.
   254.00      7009.
   254.50      6994.
   255.00      6980.
   255.50      6966.
   256.00      6953.
   256.50      6940.
   257.00      6927.
   257.50      6915.
   258.00      6904.
   258.50      6893.
   259.00      6883.
   259.50      6873.
   260.00      6864.
   260.50      6856.
   261.00      6849.
   261.50      6843.
   262.00      6837.
   262.50      6832.
   263.00      6829.
   263.50      6826.
   264.00      6825.
   264.50      6824.
   265.00      6824.
   265.50      6824.
   266.00      6825.
   266.50      6825.
   267.00      6826.
   267.50      6827.
   268.00      6828.
   268.50      6829.
   269.00      6830.
   269.50      6831.
   270.00      6832.
   270.50      6834.
   271.00      6835.
   271.50      6837.
   272.00      6838.
   272.50      6840.
   273.00      6842.
   273.50      6843.
   274.00      6845.
   274.50      6847.
   275.00      6849.
   275.50      6851.
   276.00      6853.
   276.50      6855.
   277.00      6857.
   277.50      6858.
   278.00      6860.
   278.50      6862.
   279.00      6864.
   279.50      6866.
   280.00      6868.
   280.50      6869.
   281.00      6871.
   281.50      6873.
   282.00      6874.
   282.50      6876.
   283.00      6877.
   283.50      6878.
   284.00      6880.
   284.50      6881.
   285.00      6882.
   285.50      6883.
   286.00      6883.
   286.50      6884.
   287.00      6885.
   287.50      6885.
   288.00      6885.
   288.50      6885.
   289.00      6885.
   289.50      6884.
   290.00      6883.
   290.50      6881.
   291.00      6879.
   291.50      6876.
   292.00      6873.
   292.50      6870.
   293.00      6866.
   293.50      6862.
   294.00      6857.
   294.50      6852.
   295.00      6847.
   295.50      6842.
   296.00      6836.
   296.50      6830.
   297.00      6824.
   297.50      6817.
   298.00      6811.
   298.50      6804.
   299.00      6797.
   299.50      6790.
   300.00      6783.
   300.50      6776.
   301.00      6769.
   301.50      6761.
   302.00      6754.
   302.50      6747.
   303.00      6739.
   303.50      6732.
   304.00      6725.
   304.50      6718.
   305.00      6711.
   305.50      6704.
   306.00      6697.
   306.50      6690.
   307.00      6684.
   307.50      6678.
   308.00      6672.
   308.50      6666.
   309.00      6660.
   309.50      6655.
   310.00      6650.
   310.50      6645.
   311.00      6641.
   311.50      6637.
   312.00      6633.
   312.50      6630.
   313.00      6627.
   313.50      6624.
   314.00      6621.
   314.50      6619.
   315.00      6616.
   315.50      6614.
   316.00      6611.
   316.50      6609.
   317.00      6607.
   317.50      6604.
   318.00      6602.
   318.50      6600.
   319.00      6598.
   319.50      6596.
   320.00      6594.
   320.50      6593.
   321.00      6591.
   321.50      6589.
   322.00      6587.
   322.50      6586.
   323.00      6584.
   323.50      6582.
   324.00      6580.
   324.50      6579.
   325.00      6577.
   325.50      6575.
   326.00      6574.
   326.50      6572.
   327.00      6570.
   327.50      6569.
   328.00      6567.
   328.50      6565.
   329.00      6563.
   329.50      6561.
   330.00      6559.
   330.50      6557.
   331.00      6555.
   331.50      6553.
   332.00      6551.
   332.50      6549.
   333.00      6546.
   333.50      6544.
   334.00      6542.
   334.50      6539.
   335.00      6536.
   335.50      6534.
   336.00      6531.
   336.50      6528.
   337.00      6525.
   337.50      6521.
   338.00      6518.
   338.50      6514.
   339.00      6511.
   339.50      6507.
   340.00      6503.
   340.50      6499.
   341.00      6495.
   341.50      6491.
   342.00      6486.
   342.50      6482.
   343.00      6477.
   343.50      6473.
   344.00      6468.
   344.50      6463.
   345.00      6458.
   345.50      6453.
   346.00      6448.
   346.50      6443.
   347.00      6437.
   347.50      6432.
   348.00      6427.
   348.50      6421.
   349.00      6415.
   349.50      6410.
   350.00      6404.
   350.50      6398.
   351.00      6392.
   351.50      6386.
   352.00      6380.
   352.50      6374.
   353.00      6368.
   353.50      6362.
   354.00      6356.
   354.50      6350.
   355.00      6343.
   355.50      6337.
   356.00      6331.
   356.50      6324.
   357.00      6318.
   357.50      6311.
   358.00      6305.
   358.50      6298.
   359.00      6292.
   359.50      6285.
   360.00      6279.
1


  DISCHARGE VS ELEVATION
  **********************
  ELEVATION  DISCHARGE

    4880.49      5000.
    4890.00      5000.
    4898.70      5000.
    4900.00      5000.
    4902.00     10000.
    4904.00     22500.
    4906.00     37500.
    4908.00     56000.
    4910.00     77000.
    4912.00    100000.
    4914.00    125000.
    4916.00    153000.
    4920.00    212000.
    4924.00    270000.
    4928.00    328000.
    4930.00    357000.
    4935.00    429500.