
                     UNITED STATES BUREAU OF RECLAMATION
                       ENGINEERING AND RESEARCH CENTER

                            FLOOD ROUTING FOR DAMS
                            ----------------------

      FEATURE: Pueblo Dam                               DATE    **/ 1/  26
      FLOOD: TREX Test Run & PMF snow                   TIME    **:**:03.**
      TITLE: Full TREX Routing             
      DATA FILE: fs12-5sn.in                                                    

      FLOOD ROUTING SUMMARY
      *********************

         BEGINNING HOUR OF ROUTING.......................      0.50
         ENDING HOUR OF ROUTING..........................    360.00
         INITIAL RESERVOIR ELEVATION.....................   4880.49 FT
         MINIMUM OR NORMAL POOL ELEV.....................   4880.49 FT
         MAXIMUM RESERVOIR ELEVATION.....   4912.22 AT HOUR   84.50
         INFLOW PEAK DISCHARGE...........   161990. AT HOUR   72.50
         MAXIMUM TOTAL OUTFLOW...........   102747. AT HOUR   84.50
         ELEVATION TOLERANCE.............................    0.0100 FT
         INFLOW HYDROGRAPH ADJUSTMENT FACTOR.............      1.00
         IPC OPTIONS (1 TO 10)...........................3100100021

      WATERWAY PARAMETERS
      *******************

         WATERWAY NO. 1 - Top of Dam                    

         TYPE-BROAD OR SHARP CRESTED WEIR
         CONSTANT DISCHARGE COEFFICIENT..................      2.67
         CREST ELEVATION.................................   4925.25 FT
         CREST LENGTH....................................   1200.50 FT
         MAXIMUM DISCHARGE...............        0. AT HOUR    0.50

         WATERWAY NO. 2 - Embankment "wings"            

         TYPE-BROAD OR SHARP CRESTED WEIR
         CONSTANT DISCHARGE COEFFICIENT..................      2.62
         CREST ELEVATION.................................   4925.00 FT
         CREST LENGTH....................................   8480.00 FT
         MAXIMUM DISCHARGE...............        0. AT HOUR    0.50
1

                     ROUTING RESULTS                          DISCHARGE RESULTS
                     ***************                          *****************

    TIME     INFLOW    OUTFLOW    STORAGE   ELEVATION        WATERWAY         RATING
                                                           1         2        CURVE

     0.50      5527.      5000.    257067.   4880.49          0.        0.     5000.
     1.00      5557.      5000.    257089.   4880.49          0.        0.     5000.
     1.50      5587.      5000.    257112.   4880.50          0.        0.     5000.
     2.00      5617.      5000.    257138.   4880.50          0.        0.     5000.
     2.50      5647.      5000.    257164.   4880.51          0.        0.     5000.
     3.00      5677.      5000.    257192.   4880.52          0.        0.     5000.
     3.50      5707.      5000.    257221.   4880.52          0.        0.     5000.
     4.00      5737.      5000.    257251.   4880.53          0.        0.     5000.
     4.50      5766.      5000.    257282.   4880.53          0.        0.     5000.
     5.00      5796.      5000.    257315.   4880.54          0.        0.     5000.
     5.50      5825.      5000.    257348.   4880.55          0.        0.     5000.
     6.00      5855.      5000.    257384.   4880.56          0.        0.     5000.
     6.50      5884.      5000.    257419.   4880.56          0.        0.     5000.
     7.00      5913.      5000.    257457.   4880.57          0.        0.     5000.
     7.50      5941.      5000.    257495.   4880.58          0.        0.     5000.
     8.00      5970.      5000.    257535.   4880.59          0.        0.     5000.
     8.50      5999.      5000.    257575.   4880.60          0.        0.     5000.
     9.00      6027.      5000.    257618.   4880.60          0.        0.     5000.
     9.50      6056.      5000.    257660.   4880.61          0.        0.     5000.
    10.00      6084.      5000.    257705.   4880.62          0.        0.     5000.
    10.50      6112.      5000.    257750.   4880.63          0.        0.     5000.
    11.00      6140.      5000.    257797.   4880.64          0.        0.     5000.
    11.50      6167.      5000.    257844.   4880.65          0.        0.     5000.
    12.00      6195.      5000.    257894.   4880.66          0.        0.     5000.
    12.50      6222.      5000.    257944.   4880.67          0.        0.     5000.
    13.00      6249.      5000.    257995.   4880.68          0.        0.     5000.
    13.50      6276.      5000.    258047.   4880.69          0.        0.     5000.
    14.00      6303.      5000.    258102.   4880.70          0.        0.     5000.
    14.50      6330.      5000.    258156.   4880.72          0.        0.     5000.
    15.00      6357.      5000.    258213.   4880.73          0.        0.     5000.
    15.50      6383.      5000.    258269.   4880.74          0.        0.     5000.
    16.00      6409.      5000.    258326.   4880.75          0.        0.     5000.
    16.50      6435.      5000.    258385.   4880.76          0.        0.     5000.
    17.00      6461.      5000.    258444.   4880.77          0.        0.     5000.
    17.50      6487.      5000.    258506.   4880.79          0.        0.     5000.
    18.00      6512.      5000.    258567.   4880.80          0.        0.     5000.
    18.50      6537.      5000.    258631.   4880.81          0.        0.     5000.
    19.00      6562.      5000.    258695.   4880.83          0.        0.     5000.
    19.50      6587.      5000.    258761.   4880.84          0.        0.     5000.
    20.00      6612.      5000.    258827.   4880.85          0.        0.     5000.
    20.50      6636.      5000.    258893.   4880.87          0.        0.     5000.
    21.00      6661.      5000.    258961.   4880.88          0.        0.     5000.
    21.50      6685.      5000.    259030.   4880.90          0.        0.     5000.
    22.00      6708.      5000.    259101.   4880.91          0.        0.     5000.
    22.50      6732.      5000.    259172.   4880.93          0.        0.     5000.
    23.00      6755.      5000.    259245.   4880.94          0.        0.     5000.
    23.50      6778.      5000.    259318.   4880.96          0.        0.     5000.
    24.00      6801.      5000.    259391.   4880.97          0.        0.     5000.
    24.50      6824.      5000.    259467.   4880.99          0.        0.     5000.
    25.00      6846.      5000.    259542.   4881.00          0.        0.     5000.
    25.50      6869.      5000.    259618.   4881.02          0.        0.     5000.
    26.00      6890.      5000.    259696.   4881.03          0.        0.     5000.
    26.50      6912.      5000.    259774.   4881.05          0.        0.     5000.
    27.00      6934.      5000.    259854.   4881.07          0.        0.     5000.
    27.50      6955.      5000.    259935.   4881.08          0.        0.     5000.
    28.00      6976.      5000.    260015.   4881.10          0.        0.     5000.
    28.50      6997.      5000.    260097.   4881.12          0.        0.     5000.
    29.00      7017.      5000.    260180.   4881.13          0.        0.     5000.
    29.50      7038.      5000.    260263.   4881.15          0.        0.     5000.
    30.00      7058.      5000.    260348.   4881.17          0.        0.     5000.
    30.50      7078.      5000.    260433.   4881.19          0.        0.     5000.
    31.00      7098.      5000.    260520.   4881.20          0.        0.     5000.
    31.50      7117.      5000.    260608.   4881.22          0.        0.     5000.
    32.00      7137.      5000.    260695.   4881.24          0.        0.     5000.
    32.50      7156.      5000.    260785.   4881.26          0.        0.     5000.
    33.00      7175.      5000.    260875.   4881.28          0.        0.     5000.
    33.50      7195.      5000.    260964.   4881.30          0.        0.     5000.
    34.00      7214.      5000.    261056.   4881.31          0.        0.     5000.
    34.50      7233.      5000.    261148.   4881.33          0.        0.     5000.
    35.00      7251.      5000.    261241.   4881.35          0.        0.     5000.
    35.50      7270.      5000.    261335.   4881.37          0.        0.     5000.
    36.00      7289.      5000.    261430.   4881.39          0.        0.     5000.
    36.50      7307.      5000.    261524.   4881.41          0.        0.     5000.
    37.00      7326.      5000.    261621.   4881.43          0.        0.     5000.
    37.50      7344.      5000.    261718.   4881.45          0.        0.     5000.
    38.00      7363.      5000.    261815.   4881.47          0.        0.     5000.
    38.50      7381.      5000.    261914.   4881.49          0.        0.     5000.
    39.00      7399.      5000.    262013.   4881.51          0.        0.     5000.
    39.50      7418.      5000.    262112.   4881.53          0.        0.     5000.
    40.00      7436.      5000.    262211.   4881.55          0.        0.     5000.
    40.50      7454.      5000.    262313.   4881.57          0.        0.     5000.
    41.00      7473.      5000.    262414.   4881.60          0.        0.     5000.
    41.50      7491.      5000.    262516.   4881.62          0.        0.     5000.
    42.00      7509.      5000.    262620.   4881.64          0.        0.     5000.
    42.50      7528.      5000.    262724.   4881.66          0.        0.     5000.
    43.00      7546.      5000.    262828.   4881.68          0.        0.     5000.
    43.50      7565.      5000.    262934.   4881.70          0.        0.     5000.
    44.00      7583.      5000.    263040.   4881.73          0.        0.     5000.
    44.50      7602.      5000.    263147.   4881.75          0.        0.     5000.
    45.00      7620.      5000.    263255.   4881.77          0.        0.     5000.
    45.50      7639.      5000.    263364.   4881.79          0.        0.     5000.
    46.00      7658.      5000.    263473.   4881.81          0.        0.     5000.
    46.50      7677.      5000.    263584.   4881.84          0.        0.     5000.
    47.00      7696.      5000.    263695.   4881.86          0.        0.     5000.
    47.50      7715.      5000.    263806.   4881.88          0.        0.     5000.
    48.00      7734.      5000.    263919.   4881.91          0.        0.     5000.
    48.50      7754.      5000.    264032.   4881.93          0.        0.     5000.
    49.00      7773.      5000.    264146.   4881.95          0.        0.     5000.
    49.50      7794.      5000.    264261.   4881.98          0.        0.     5000.
    50.00      7815.      5000.    264377.   4882.00          0.        0.     5000.
    50.50      7838.      5000.    264493.   4882.03          0.        0.     5000.
    51.00      7860.      5000.    264611.   4882.05          0.        0.     5000.
    51.50      7883.      5000.    264729.   4882.07          0.        0.     5000.
    52.00      7907.      5000.    264849.   4882.10          0.        0.     5000.
    52.50      7931.      5000.    264970.   4882.12          0.        0.     5000.
    53.00      7956.      5000.    265090.   4882.15          0.        0.     5000.
    53.50      7981.      5000.    265213.   4882.17          0.        0.     5000.
    54.00      8006.      5000.    265336.   4882.20          0.        0.     5000.
    54.50      8032.      5000.    265461.   4882.23          0.        0.     5000.
    55.00      8058.      5000.    265586.   4882.25          0.        0.     5000.
    55.50      8084.      5000.    265714.   4882.28          0.        0.     5000.
    56.00      8110.      5000.    265841.   4882.30          0.        0.     5000.
    56.50      8136.      5000.    265971.   4882.33          0.        0.     5000.
    57.00      8162.      5000.    266101.   4882.36          0.        0.     5000.
    57.50      8195.      5000.    266233.   4882.39          0.        0.     5000.
    58.00      8226.      5000.    266366.   4882.41          0.        0.     5000.
    58.50      8285.      5000.    266500.   4882.44          0.        0.     5000.
    59.00      8347.      5000.    266637.   4882.47          0.        0.     5000.
    59.50      8415.      5000.    266777.   4882.50          0.        0.     5000.
    60.00      8494.      5000.    266918.   4882.53          0.        0.     5000.
    60.50      8618.      5000.    267065.   4882.56          0.        0.     5000.
    61.00      8855.      5000.    267218.   4882.59          0.        0.     5000.
    61.50      9233.      5000.    267386.   4882.62          0.        0.     5000.
    62.00      9737.      5000.    267570.   4882.66          0.        0.     5000.
    62.50     10506.      5000.    267783.   4882.71          0.        0.     5000.
    63.00     12103.      5000.    268043.   4882.76          0.        0.     5000.
    63.50     17068.      5000.    268439.   4882.84          0.        0.     5000.
    64.00     53619.      5000.    269694.   4883.10          0.        0.     5000.
    64.50     82402.      5000.    272296.   4883.64          0.        0.     5000.
    65.00     95301.      5000.    275761.   4884.35          0.        0.     5000.
    65.50    104176.      5000.    279677.   4885.16          0.        0.     5000.
    66.00    111616.      5000.    283928.   4886.04          0.        0.     5000.
    66.50    118416.      5000.    288475.   4886.98          0.        0.     5000.
    67.00    125014.      5000.    293298.   4887.98          0.        0.     5000.
    67.50    131608.      5000.    298392.   4889.03          0.        0.     5000.
    68.00    137932.      5000.    303755.   4890.13          0.        0.     5000.
    68.50    143437.      5000.    309363.   4891.16          0.        0.     5000.
    69.00    148033.      5000.    315178.   4892.23          0.        0.     5000.
    69.50    151792.      5000.    321165.   4893.33          0.        0.     5000.
    70.00    154906.      5000.    327296.   4894.46          0.        0.     5000.
    70.50    157541.      5000.    333545.   4895.61          0.        0.     5000.
    71.00    159658.      5000.    339893.   4896.78          0.        0.     5000.
    71.50    161129.      5000.    346315.   4897.96          0.        0.     5000.
    72.00    161863.      5000.    352782.   4899.16          0.        0.     5000.
    72.50    161990.      5765.    359252.   4900.31          0.        0.     5765.
    73.00    161765.      8365.    365647.   4901.35          0.        0.     8365.
    73.50    161458.     12267.    371899.   4902.36          0.        0.    12267.
    74.00    161254.     18401.    377934.   4903.34          0.        0.    18401.
    74.50    161158.     24631.    383715.   4904.28          0.        0.    24631.
    75.00    161065.     31340.    389215.   4905.18          0.        0.    31340.
    75.50    160861.     37762.    394440.   4906.03          0.        0.    37762.
    76.00    160292.     45165.    399362.   4906.83          0.        0.    45165.
    76.50    159165.     52071.    403953.   4907.58          0.        0.    52071.
    77.00    157446.     58810.    408210.   4908.27          0.        0.    58810.
    77.50    155222.     65454.    412102.   4908.90          0.        0.    65454.
    78.00    152576.     71483.    415633.   4909.47          0.        0.    71483.
    78.50    149584.     76908.    418810.   4909.99          0.        0.    76908.
    79.00    146300.     81576.    421650.   4910.40          0.        0.    81576.
    79.50    142757.     85709.    424166.   4910.76          0.        0.    85709.
    80.00    139004.     89331.    426371.   4911.07          0.        0.    89331.
    80.50    135062.     92464.    428278.   4911.34          0.        0.    92464.
    81.00    130948.     95126.    429898.   4911.58          0.        0.    95126.
    81.50    126680.     97338.    431245.   4911.77          0.        0.    97338.
    82.00    122330.     99124.    432332.   4911.92          0.        0.    99124.
    82.50    117984.    100549.    433173.   4912.04          0.        0.   100549.
    83.00    113701.    101636.    433782.   4912.13          0.        0.   101636.
    83.50    109493.    102344.    434178.   4912.19          0.        0.   102344.
    84.00    105333.    102704.    434380.   4912.22          0.        0.   102704.
    84.50    101207.    102747.    434404.   4912.22          0.        0.   102747.
    85.00     97110.    102490.    434260.   4912.20          0.        0.   102490.
    85.50     93045.    101965.    433966.   4912.16          0.        0.   101965.
    86.00     89081.    101190.    433532.   4912.10          0.        0.   101190.
    86.50     85243.    100189.    432971.   4912.02          0.        0.   100189.
    87.00     81472.     99073.    432301.   4911.92          0.        0.    99073.
    87.50     77755.     97793.    431522.   4911.81          0.        0.    97793.
    88.00     74167.     96361.    430650.   4911.68          0.        0.    96361.
    88.50     70750.     94795.    429697.   4911.55          0.        0.    94795.
    89.00     67473.     93110.    428671.   4911.40          0.        0.    93110.
    89.50     64351.     91324.    427584.   4911.25          0.        0.    91324.
    90.00     61402.     89455.    426446.   4911.08          0.        0.    89455.
    90.50     58632.     87523.    425270.   4910.92          0.        0.    87523.
    91.00     56046.     85541.    424063.   4910.74          0.        0.    85541.
    91.50     53620.     83525.    422836.   4910.57          0.        0.    83525.
    92.00     51325.     81487.    421595.   4910.39          0.        0.    81487.
    92.50     49149.     79437.    420348.   4910.21          0.        0.    79437.
    93.00     46945.     77376.    419093.   4910.03          0.        0.    77376.
    93.50     44810.     75241.    417834.   4909.83          0.        0.    75241.
    94.00     42793.     73098.    416579.   4909.63          0.        0.    73098.
    94.50     40846.     70966.    415330.   4909.43          0.        0.    70966.
    95.00     39041.     68853.    414093.   4909.22          0.        0.    68853.
    95.50     37354.     66767.    412871.   4909.03          0.        0.    66767.
    96.00     35733.     64706.    411664.   4908.83          0.        0.    64706.
    96.50     34279.     62680.    410478.   4908.64          0.        0.    62680.
    97.00     32846.     60696.    409315.   4908.45          0.        0.    60696.
    97.50     31574.     58753.    408177.   4908.26          0.        0.    58753.
    98.00     30295.     56856.    407066.   4908.08          0.        0.    56856.
    98.50     29148.     55124.    405982.   4907.91          0.        0.    55124.
    99.00     28101.     53525.    404920.   4907.73          0.        0.    53525.
    99.50     27075.     51962.    403881.   4907.56          0.        0.    51962.
   100.00     26105.     50431.    402863.   4907.40          0.        0.    50431.
   100.50     25194.     48936.    401869.   4907.24          0.        0.    48936.
   101.00     24426.     47482.    400902.   4907.08          0.        0.    47482.
   101.50     23667.     46068.    399962.   4906.93          0.        0.    46068.
   102.00     22951.     44695.    399049.   4906.78          0.        0.    44695.
   102.50     22288.     43363.    398164.   4906.63          0.        0.    43363.
   103.00     21671.     42075.    397308.   4906.49          0.        0.    42075.
   103.50     21124.     40829.    396479.   4906.36          0.        0.    40829.
   104.00     20624.     39627.    395680.   4906.23          0.        0.    39627.
   104.50     20130.     38467.    394909.   4906.10          0.        0.    38467.
   105.00     19645.     37375.    394164.   4905.98          0.        0.    37375.
   105.50     19175.     36493.    393440.   4905.87          0.        0.    36493.
   106.00     18730.     35632.    392735.   4905.75          0.        0.    35632.
   106.50     18310.     34790.    392044.   4905.64          0.        0.    34790.
   107.00     17919.     33970.    391371.   4905.53          0.        0.    33970.
   107.50     17565.     33171.    390717.   4905.42          0.        0.    33171.
   108.00     17231.     32395.    390080.   4905.32          0.        0.    32395.
   108.50     16901.     31641.    389462.   4905.22          0.        0.    31641.
   109.00     16608.     30908.    388861.   4905.12          0.        0.    30908.
   109.50     16339.     30198.    388279.   4905.03          0.        0.    30198.
   110.00     16079.     29509.    387714.   4904.93          0.        0.    29509.
   110.50     15815.     28843.    387168.   4904.85          0.        0.    28843.
   111.00     15557.     28195.    386636.   4904.76          0.        0.    28195.
   111.50     15309.     27568.    386123.   4904.68          0.        0.    27568.
   112.00     15090.     26960.    385624.   4904.59          0.        0.    26960.
   112.50     14893.     26371.    385141.   4904.52          0.        0.    26371.
   113.00     14702.     25803.    384675.   4904.44          0.        0.    25803.
   113.50     14512.     25254.    384225.   4904.37          0.        0.    25254.
   114.00     14334.     24723.    383790.   4904.30          0.        0.    24723.
   114.50     14169.     24207.    383366.   4904.23          0.        0.    24207.
   115.00     14003.     23708.    382958.   4904.16          0.        0.    23708.
   115.50     13843.     23229.    382565.   4904.10          0.        0.    23229.
   116.00     13697.     22764.    382183.   4904.04          0.        0.    22764.
   116.50     13555.     22344.    381814.   4903.98          0.        0.    22344.
   117.00     13414.     21981.    381457.   4903.92          0.        0.    21981.
   117.50     13279.     21627.    381108.   4903.86          0.        0.    21627.
   118.00     13154.     21282.    380769.   4903.81          0.        0.    21282.
   118.50     13032.     20947.    380439.   4903.75          0.        0.    20947.
   119.00     12912.     20620.    380117.   4903.70          0.        0.    20620.
   119.50     12797.     20300.    379802.   4903.65          0.        0.    20300.
   120.00     12689.     19988.    379496.   4903.60          0.        0.    19988.
   120.50     12589.     19686.    379199.   4903.55          0.        0.    19686.
   121.00     12489.     19393.    378910.   4903.50          0.        0.    19393.
   121.50     12393.     19106.    378628.   4903.46          0.        0.    19106.
   122.00     12298.     18829.    378355.   4903.41          0.        0.    18829.
   122.50     12207.     18557.    378088.   4903.37          0.        0.    18557.
   123.00     12118.     18295.    377829.   4903.33          0.        0.    18295.
   123.50     12032.     18038.    377577.   4903.29          0.        0.    18038.
   124.00     11949.     17788.    377331.   4903.25          0.        0.    17788.
   124.50     11868.     17547.    377094.   4903.21          0.        0.    17547.
   125.00     11789.     17312.    376862.   4903.17          0.        0.    17312.
   125.50     11713.     17083.    376637.   4903.13          0.        0.    17083.
   126.00     11639.     16860.    376418.   4903.10          0.        0.    16860.
   126.50     11567.     16644.    376205.   4903.06          0.        0.    16644.
   127.00     11499.     16433.    375998.   4903.03          0.        0.    16433.
   127.50     11432.     16229.    375796.   4903.00          0.        0.    16229.
   128.00     11368.     16030.    375601.   4902.96          0.        0.    16030.
   128.50     11306.     15838.    375412.   4902.93          0.        0.    15838.
   129.00      8502.     15594.    375172.   4902.90          0.        0.    15594.
   129.50      8497.     15301.    374884.   4902.85          0.        0.    15301.
   130.00      8492.     15020.    374607.   4902.80          0.        0.    15020.
   130.50      8486.     14752.    374343.   4902.76          0.        0.    14752.
   131.00      8480.     14495.    374091.   4902.72          0.        0.    14495.
   131.50      8474.     14248.    373848.   4902.68          0.        0.    14248.
   132.00      8469.     14010.    373614.   4902.64          0.        0.    14010.
   132.50      8462.     13781.    373388.   4902.60          0.        0.    13781.
   133.00      8456.     13561.    373172.   4902.57          0.        0.    13561.
   133.50      8450.     13351.    372965.   4902.54          0.        0.    13351.
   134.00      8444.     13149.    372767.   4902.50          0.        0.    13149.
   134.50      8438.     12957.    372578.   4902.47          0.        0.    12957.
   135.00      8431.     12771.    372394.   4902.44          0.        0.    12771.
   135.50      8425.     12591.    372217.   4902.41          0.        0.    12591.
   136.00      8418.     12420.    372049.   4902.39          0.        0.    12420.
   136.50      8412.     12255.    371887.   4902.36          0.        0.    12255.
   137.00      8406.     12097.    371731.   4902.34          0.        0.    12097.
   137.50      8399.     11944.    371581.   4902.31          0.        0.    11944.
   138.00      8393.     11797.    371437.   4902.29          0.        0.    11797.
   138.50      8386.     11657.    371298.   4902.27          0.        0.    11657.
   139.00      8380.     11523.    371166.   4902.24          0.        0.    11523.
   139.50      8374.     11395.    371040.   4902.22          0.        0.    11395.
   140.00      8367.     11270.    370917.   4902.20          0.        0.    11270.
   140.50      8361.     11151.    370800.   4902.18          0.        0.    11151.
   141.00      8355.     11035.    370686.   4902.17          0.        0.    11035.
   141.50      8349.     10925.    370578.   4902.15          0.        0.    10925.
   142.00      8343.     10818.    370473.   4902.13          0.        0.    10818.
   142.50      8337.     10717.    370374.   4902.11          0.        0.    10717.
   143.00      8332.     10620.    370278.   4902.10          0.        0.    10620.
   143.50      8326.     10525.    370184.   4902.08          0.        0.    10525.
   144.00      8321.     10433.    370094.   4902.07          0.        0.    10433.
   144.50      8315.     10345.    370007.   4902.06          0.        0.    10345.
   145.00      8310.     10262.    369926.   4902.04          0.        0.    10262.
   145.50      8305.     10183.    369848.   4902.03          0.        0.    10183.
   146.00      8300.     10107.    369773.   4902.02          0.        0.    10107.
   146.50      8295.     10034.    369701.   4902.01          0.        0.    10034.
   147.00      8290.      9985.    369632.   4901.99          0.        0.     9985.
   147.50      8285.      9957.    369563.   4901.98          0.        0.     9957.
   148.00      8280.      9929.    369494.   4901.97          0.        0.     9929.
   148.50      8274.      9901.    369425.   4901.96          0.        0.     9901.
   149.00      8269.      9874.    369359.   4901.95          0.        0.     9874.
   149.50      8264.      9847.    369293.   4901.94          0.        0.     9847.
   150.00      8259.      9821.    369227.   4901.93          0.        0.     9821.
   150.50      8254.      9795.    369164.   4901.92          0.        0.     9795.
   151.00      8249.      9769.    369101.   4901.91          0.        0.     9769.
   151.50      8244.      9744.    369037.   4901.90          0.        0.     9744.
   152.00      8239.      9719.    368977.   4901.89          0.        0.     9719.
   152.50      8234.      9695.    368917.   4901.88          0.        0.     9695.
   153.00      8229.      9670.    368857.   4901.87          0.        0.     9670.
   153.50      8224.      9646.    368797.   4901.86          0.        0.     9646.
   154.00      8219.      9623.    368740.   4901.85          0.        0.     9623.
   154.50      8214.      9600.    368683.   4901.84          0.        0.     9600.
   155.00      8209.      9576.    368626.   4901.83          0.        0.     9576.
   155.50      8204.      9553.    368569.   4901.82          0.        0.     9553.
   156.00      8199.      9531.    368515.   4901.81          0.        0.     9531.
   156.50      8194.      9509.    368461.   4901.80          0.        0.     9509.
   157.00      8189.      9487.    368407.   4901.79          0.        0.     9487.
   157.50      8183.      9465.    368353.   4901.79          0.        0.     9465.
   158.00      8178.      9443.    368299.   4901.78          0.        0.     9443.
   158.50      8173.      9423.    368248.   4901.77          0.        0.     9423.
   159.00      8168.      9402.    368197.   4901.76          0.        0.     9402.
   159.50      8163.      9381.    368146.   4901.75          0.        0.     9381.
   160.00      8157.      9360.    368095.   4901.74          0.        0.     9360.
   160.50      8152.      9341.    368047.   4901.74          0.        0.     9341.
   161.00      8147.      9321.    367999.   4901.73          0.        0.     9321.
   161.50      8141.      9302.    367950.   4901.72          0.        0.     9302.
   162.00      8136.      9282.    367902.   4901.71          0.        0.     9282.
   162.50      8130.      9263.    367854.   4901.71          0.        0.     9263.
   163.00      8125.      9244.    367809.   4901.70          0.        0.     9244.
   163.50      8119.      9226.    367764.   4901.69          0.        0.     9226.
   164.00      8113.      9208.    367719.   4901.68          0.        0.     9208.
   164.50      8108.      9189.    367674.   4901.68          0.        0.     9189.
   165.00      8102.      9171.    367629.   4901.67          0.        0.     9171.
   165.50      8096.      9153.    367584.   4901.66          0.        0.     9153.
   166.00      8090.      9136.    367542.   4901.65          0.        0.     9136.
   166.50      8084.      9119.    367500.   4901.65          0.        0.     9119.
   167.00      8078.      9102.    367458.   4901.64          0.        0.     9102.
   167.50      8072.      9084.    367416.   4901.63          0.        0.     9084.
   168.00      8066.      9067.    367374.   4901.63          0.        0.     9067.
   168.50      8060.      9050.    367332.   4901.62          0.        0.     9050.
   169.00      8054.      9033.    367290.   4901.61          0.        0.     9033.
   169.50      8047.      9017.    367251.   4901.61          0.        0.     9017.
   170.00      8040.      9001.    367212.   4901.60          0.        0.     9001.
   170.50      8032.      8986.    367173.   4901.59          0.        0.     8986.
   171.00      8024.      8970.    367134.   4901.59          0.        0.     8970.
   171.50      8016.      8954.    367095.   4901.58          0.        0.     8954.
   172.00      8008.      8938.    367056.   4901.58          0.        0.     8938.
   172.50      7999.      8922.    367017.   4901.57          0.        0.     8922.
   173.00      7990.      8906.    366978.   4901.56          0.        0.     8906.
   173.50      7981.      8890.    366939.   4901.56          0.        0.     8890.
   174.00      7972.      8876.    366903.   4901.55          0.        0.     8876.
   174.50      7962.      8861.    366867.   4901.54          0.        0.     8861.
   175.00      7953.      8846.    366830.   4901.54          0.        0.     8846.
   175.50      7943.      8832.    366794.   4901.53          0.        0.     8832.
   176.00      7933.      8817.    366758.   4901.53          0.        0.     8817.
   176.50      7923.      8802.    366722.   4901.52          0.        0.     8802.
   177.00      7913.      8788.    366686.   4901.52          0.        0.     8788.
   177.50      7903.      8773.    366650.   4901.51          0.        0.     8773.
   178.00      7893.      8759.    366614.   4901.50          0.        0.     8759.
   178.50      7883.      8744.    366578.   4901.50          0.        0.     8744.
   179.00      7873.      8729.    366542.   4901.49          0.        0.     8729.
   179.50      7864.      8715.    366506.   4901.49          0.        0.     8715.
   180.00      7854.      8700.    366470.   4901.48          0.        0.     8700.
   180.50      7844.      8685.    366434.   4901.47          0.        0.     8685.
   181.00      7834.      8671.    366398.   4901.47          0.        0.     8671.
   181.50      7825.      8657.    366365.   4901.46          0.        0.     8657.
   182.00      7816.      8644.    366332.   4901.46          0.        0.     8644.
   182.50      7807.      8630.    366299.   4901.45          0.        0.     8630.
   183.00      7798.      8617.    366266.   4901.45          0.        0.     8617.
   183.50      7789.      8604.    366233.   4901.44          0.        0.     8604.
   184.00      7781.      8590.    366200.   4901.44          0.        0.     8590.
   184.50      7773.      8577.    366167.   4901.43          0.        0.     8577.
   185.00      7765.      8563.    366134.   4901.43          0.        0.     8563.
   185.50      7758.      8550.    366101.   4901.42          0.        0.     8550.
   186.00      7751.      8536.    366068.   4901.41          0.        0.     8536.
   186.50      7744.      8523.    366035.   4901.41          0.        0.     8523.
   187.00      7738.      8510.    366002.   4901.40          0.        0.     8510.
   187.50      7732.      8496.    365969.   4901.40          0.        0.     8496.
   188.00      7727.      8484.    365939.   4901.39          0.        0.     8484.
   188.50      7722.      8472.    365909.   4901.39          0.        0.     8472.
   189.00      7718.      8459.    365879.   4901.38          0.        0.     8459.
   189.50      7714.      8447.    365849.   4901.38          0.        0.     8447.
   190.00      7710.      8435.    365819.   4901.37          0.        0.     8435.
   190.50      7708.      8423.    365789.   4901.37          0.        0.     8423.
   191.00      7705.      8411.    365759.   4901.36          0.        0.     8411.
   191.50      7704.      8398.    365728.   4901.36          0.        0.     8398.
   192.00      7703.      8387.    365701.   4901.35          0.        0.     8387.
   192.50      7703.      8376.    365674.   4901.35          0.        0.     8376.
   193.00      7703.      8365.    365647.   4901.35          0.        0.     8365.
   193.50      7703.      8354.    365620.   4901.34          0.        0.     8354.
   194.00      7703.      8344.    365593.   4901.34          0.        0.     8344.
   194.50      7703.      8333.    365566.   4901.33          0.        0.     8333.
   195.00      7703.      8322.    365539.   4901.33          0.        0.     8322.
   195.50      7703.      8312.    365515.   4901.32          0.        0.     8312.
   196.00      7703.      8302.    365491.   4901.32          0.        0.     8302.
   196.50      7703.      8292.    365467.   4901.32          0.        0.     8292.
   197.00      7703.      8282.    365443.   4901.31          0.        0.     8282.
   197.50      7703.      8273.    365419.   4901.31          0.        0.     8273.
   198.00      7703.      8263.    365395.   4901.31          0.        0.     8263.
   198.50      7703.      8253.    365371.   4901.30          0.        0.     8253.
   199.00      7703.      8243.    365347.   4901.30          0.        0.     8243.
   199.50      7703.      8235.    365326.   4901.29          0.        0.     8235.
   200.00      7703.      8226.    365305.   4901.29          0.        0.     8226.
   200.50      7703.      8218.    365284.   4901.29          0.        0.     8218.
   201.00      7703.      8209.    365263.   4901.28          0.        0.     8209.
   201.50      7703.      8201.    365242.   4901.28          0.        0.     8201.
   202.00      7703.      8192.    365221.   4901.28          0.        0.     8192.
   202.50      7703.      8184.    365200.   4901.27          0.        0.     8184.
   203.00      7703.      8175.    365179.   4901.27          0.        0.     8175.
   203.50      7703.      8168.    365161.   4901.27          0.        0.     8168.
   204.00      7703.      8160.    365143.   4901.26          0.        0.     8160.
   204.50      7703.      8153.    365125.   4901.26          0.        0.     8153.
   205.00      7703.      8146.    365107.   4901.26          0.        0.     8146.
   205.50      7703.      8138.    365089.   4901.26          0.        0.     8138.
   206.00      7703.      8131.    365071.   4901.25          0.        0.     8131.
   206.50      7703.      8124.    365053.   4901.25          0.        0.     8124.
   207.00      7703.      8116.    365035.   4901.25          0.        0.     8116.
   207.50      7703.      8109.    365017.   4901.24          0.        0.     8109.
   208.00      7703.      8102.    364999.   4901.24          0.        0.     8102.
   208.50      7703.      8096.    364984.   4901.24          0.        0.     8096.
   209.00      7703.      8090.    364969.   4901.24          0.        0.     8090.
   209.50      7703.      8083.    364954.   4901.23          0.        0.     8083.
   210.00      7703.      8077.    364939.   4901.23          0.        0.     8077.
   210.50      7703.      8071.    364924.   4901.23          0.        0.     8071.
   211.00      7703.      8065.    364909.   4901.23          0.        0.     8065.
   211.50      7703.      8059.    364894.   4901.22          0.        0.     8059.
   212.00      7703.      8053.    364879.   4901.22          0.        0.     8053.
   212.50      7703.      8047.    364864.   4901.22          0.        0.     8047.
   213.00      7703.      8041.    364849.   4901.22          0.        0.     8041.
   213.50      7703.      8035.    364834.   4901.21          0.        0.     8035.
   214.00      7703.      8029.    364819.   4901.21          0.        0.     8029.
   214.50      7703.      8024.    364807.   4901.21          0.        0.     8024.
   215.00      7703.      8019.    364795.   4901.21          0.        0.     8019.
   215.50      7703.      8014.    364783.   4901.21          0.        0.     8014.
   216.00      7703.      8009.    364771.   4901.20          0.        0.     8009.
   216.50      7703.      8004.    364759.   4901.20          0.        0.     8004.
   217.00      7702.      7999.    364747.   4901.20          0.        0.     7999.
   217.50      7702.      7994.    364735.   4901.20          0.        0.     7994.
   218.00      7700.      7990.    364723.   4901.20          0.        0.     7990.
   218.50      7699.      7985.    364711.   4901.19          0.        0.     7985.
   219.00      7697.      7980.    364699.   4901.19          0.        0.     7980.
   219.50      7694.      7975.    364687.   4901.19          0.        0.     7975.
   220.00      7692.      7970.    364675.   4901.19          0.        0.     7970.
   220.50      7688.      7965.    364663.   4901.19          0.        0.     7965.
   221.00      7685.      7960.    364651.   4901.18          0.        0.     7960.
   221.50      7681.      7955.    364639.   4901.18          0.        0.     7955.
   222.00      7677.      7950.    364627.   4901.18          0.        0.     7950.
   222.50      7672.      7946.    364614.   4901.18          0.        0.     7946.
   223.00      7667.      7941.    364602.   4901.18          0.        0.     7941.
   223.50      7662.      7936.    364590.   4901.17          0.        0.     7936.
   224.00      7656.      7931.    364578.   4901.17          0.        0.     7931.
   224.50      7650.      7926.    364566.   4901.17          0.        0.     7926.
   225.00      7644.      7921.    364554.   4901.17          0.        0.     7921.
   225.50      7638.      7916.    364542.   4901.17          0.        0.     7916.
   226.00      7631.      7911.    364530.   4901.16          0.        0.     7911.
   226.50      7624.      7906.    364518.   4901.16          0.        0.     7906.
   227.00      7617.      7902.    364506.   4901.16          0.        0.     7902.
   227.50      7610.      7897.    364494.   4901.16          0.        0.     7897.
   228.00      7603.      7892.    364482.   4901.16          0.        0.     7892.
   228.50      7595.      7887.    364470.   4901.15          0.        0.     7887.
   229.00      7587.      7882.    364458.   4901.15          0.        0.     7882.
   229.50      7579.      7877.    364446.   4901.15          0.        0.     7877.
   230.00      7571.      7872.    364434.   4901.15          0.        0.     7872.
   230.50      7562.      7867.    364422.   4901.15          0.        0.     7867.
   231.00      7554.      7863.    364410.   4901.15          0.        0.     7863.
   231.50      7545.      7858.    364398.   4901.14          0.        0.     7858.
   232.00      7537.      7853.    364386.   4901.14          0.        0.     7853.
   232.50      7528.      7848.    364374.   4901.14          0.        0.     7848.
   233.00      7519.      7843.    364362.   4901.14          0.        0.     7843.
   233.50      7510.      7838.    364350.   4901.14          0.        0.     7838.
   234.00      7501.      7832.    364335.   4901.13          0.        0.     7832.
   234.50      7492.      7826.    364320.   4901.13          0.        0.     7826.
   235.00      7483.      7820.    364305.   4901.13          0.        0.     7820.
   235.50      7474.      7814.    364290.   4901.13          0.        0.     7814.
   236.00      7465.      7808.    364275.   4901.12          0.        0.     7808.
   236.50      7456.      7802.    364260.   4901.12          0.        0.     7802.
   237.00      7447.      7795.    364245.   4901.12          0.        0.     7795.
   237.50      7438.      7789.    364230.   4901.12          0.        0.     7789.
   238.00      7429.      7783.    364215.   4901.11          0.        0.     7783.
   238.50      7420.      7777.    364200.   4901.11          0.        0.     7777.
   239.00      7412.      7771.    364185.   4901.11          0.        0.     7771.
   239.50      7403.      7765.    364170.   4901.11          0.        0.     7765.
   240.00      7394.      7759.    364155.   4901.10          0.        0.     7759.
   240.50      7386.      7753.    364140.   4901.10          0.        0.     7753.
   241.00      7377.      7747.    364125.   4901.10          0.        0.     7747.
   241.50      7367.      7740.    364110.   4901.10          0.        0.     7740.
   242.00      7357.      7734.    364095.   4901.09          0.        0.     7734.
   242.50      7346.      7728.    364080.   4901.09          0.        0.     7728.
   243.00      7335.      7722.    364065.   4901.09          0.        0.     7722.
   243.50      7323.      7716.    364050.   4901.09          0.        0.     7716.
   244.00      7310.      7710.    364035.   4901.08          0.        0.     7710.
   244.50      7297.      7703.    364017.   4901.08          0.        0.     7703.
   245.00      7284.      7695.    363999.   4901.08          0.        0.     7695.
   245.50      7270.      7688.    363981.   4901.08          0.        0.     7688.
   246.00      7256.      7681.    363963.   4901.07          0.        0.     7681.
   246.50      7241.      7673.    363945.   4901.07          0.        0.     7673.
   247.00      7226.      7666.    363927.   4901.07          0.        0.     7666.
   247.50      7211.      7659.    363909.   4901.06          0.        0.     7659.
   248.00      7196.      7651.    363891.   4901.06          0.        0.     7651.
   248.50      7180.      7644.    363873.   4901.06          0.        0.     7644.
   249.00      7164.      7637.    363855.   4901.05          0.        0.     7637.
   249.50      7149.      7628.    363834.   4901.05          0.        0.     7628.
   250.00      7133.      7620.    363813.   4901.05          0.        0.     7620.
   250.50      7117.      7611.    363792.   4901.04          0.        0.     7611.
   251.00      7101.      7603.    363771.   4901.04          0.        0.     7603.
   251.50      7085.      7594.    363750.   4901.04          0.        0.     7594.
   252.00      7070.      7585.    363729.   4901.03          0.        0.     7585.
   252.50      7054.      7577.    363708.   4901.03          0.        0.     7577.
   253.00      7039.      7568.    363687.   4901.03          0.        0.     7568.
   253.50      7024.      7560.    363666.   4901.02          0.        0.     7560.
   254.00      7009.      7551.    363645.   4901.02          0.        0.     7551.
   254.50      6994.      7542.    363621.   4901.02          0.        0.     7542.
   255.00      6980.      7532.    363597.   4901.01          0.        0.     7532.
   255.50      6966.      7522.    363573.   4901.01          0.        0.     7522.
   256.00      6953.      7512.    363549.   4901.00          0.        0.     7512.
   256.50      6940.      7502.    363525.   4901.00          0.        0.     7502.
   257.00      6927.      7493.    363500.   4901.00          0.        0.     7493.
   257.50      6915.      7483.    363476.   4900.99          0.        0.     7483.
   258.00      6904.      7473.    363452.   4900.99          0.        0.     7473.
   258.50      6893.      7463.    363428.   4900.99          0.        0.     7463.
   259.00      6883.      7454.    363404.   4900.98          0.        0.     7454.
   259.50      6873.      7444.    363380.   4900.98          0.        0.     7444.
   260.00      6864.      7434.    363356.   4900.97          0.        0.     7434.
   260.50      6856.      7424.    363332.   4900.97          0.        0.     7424.
   261.00      6849.      7415.    363308.   4900.97          0.        0.     7415.
   261.50      6843.      7405.    363284.   4900.96          0.        0.     7405.
   262.00      6837.      7395.    363260.   4900.96          0.        0.     7395.
   262.50      6832.      7385.    363236.   4900.95          0.        0.     7385.
   263.00      6829.      7375.    363212.   4900.95          0.        0.     7375.
   263.50      6826.      7367.    363191.   4900.95          0.        0.     7367.
   264.00      6825.      7358.    363170.   4900.94          0.        0.     7358.
   264.50      6824.      7350.    363149.   4900.94          0.        0.     7350.
   265.00      6824.      7341.    363128.   4900.94          0.        0.     7341.
   265.50      6824.      7333.    363107.   4900.93          0.        0.     7333.
   266.00      6825.      7324.    363086.   4900.93          0.        0.     7324.
   266.50      6825.      7316.    363065.   4900.93          0.        0.     7316.
   267.00      6826.      7307.    363044.   4900.92          0.        0.     7307.
   267.50      6827.      7299.    363023.   4900.92          0.        0.     7299.
   268.00      6828.      7291.    363005.   4900.92          0.        0.     7291.
   268.50      6829.      7284.    362987.   4900.91          0.        0.     7284.
   269.00      6830.      7277.    362969.   4900.91          0.        0.     7277.
   269.50      6831.      7269.    362951.   4900.91          0.        0.     7269.
   270.00      6832.      7262.    362933.   4900.90          0.        0.     7262.
   270.50      6834.      7255.    362915.   4900.90          0.        0.     7255.
   271.00      6835.      7247.    362897.   4900.90          0.        0.     7247.
   271.50      6837.      7240.    362879.   4900.90          0.        0.     7240.
   272.00      6838.      7234.    362864.   4900.89          0.        0.     7234.
   272.50      6840.      7228.    362849.   4900.89          0.        0.     7228.
   273.00      6842.      7222.    362834.   4900.89          0.        0.     7222.
   273.50      6843.      7216.    362819.   4900.89          0.        0.     7216.
   274.00      6845.      7209.    362804.   4900.88          0.        0.     7209.
   274.50      6847.      7203.    362789.   4900.88          0.        0.     7203.
   275.00      6849.      7197.    362774.   4900.88          0.        0.     7197.
   275.50      6851.      7191.    362759.   4900.88          0.        0.     7191.
   276.00      6853.      7185.    362744.   4900.87          0.        0.     7185.
   276.50      6855.      7179.    362729.   4900.87          0.        0.     7179.
   277.00      6857.      7174.    362717.   4900.87          0.        0.     7174.
   277.50      6858.      7169.    362705.   4900.87          0.        0.     7169.
   278.00      6860.      7164.    362693.   4900.87          0.        0.     7164.
   278.50      6862.      7159.    362681.   4900.86          0.        0.     7159.
   279.00      6864.      7155.    362669.   4900.86          0.        0.     7155.
   279.50      6866.      7150.    362657.   4900.86          0.        0.     7150.
   280.00      6868.      7145.    362645.   4900.86          0.        0.     7145.
   280.50      6869.      7140.    362633.   4900.86          0.        0.     7140.
   281.00      6871.      7135.    362621.   4900.85          0.        0.     7135.
   281.50      6873.      7130.    362609.   4900.85          0.        0.     7130.
   282.00      6874.      7126.    362600.   4900.85          0.        0.     7126.
   282.50      6876.      7123.    362591.   4900.85          0.        0.     7123.
   283.00      6877.      7119.    362582.   4900.85          0.        0.     7119.
   283.50      6878.      7115.    362573.   4900.85          0.        0.     7115.
   284.00      6880.      7112.    362564.   4900.84          0.        0.     7112.
   284.50      6881.      7108.    362555.   4900.84          0.        0.     7108.
   285.00      6882.      7104.    362546.   4900.84          0.        0.     7104.
   285.50      6883.      7101.    362537.   4900.84          0.        0.     7101.
   286.00      6883.      7097.    362528.   4900.84          0.        0.     7097.
   286.50      6884.      7094.    362519.   4900.84          0.        0.     7094.
   287.00      6885.      7090.    362510.   4900.84          0.        0.     7090.
   287.50      6885.      7086.    362501.   4900.83          0.        0.     7086.
   288.00      6885.      7083.    362492.   4900.83          0.        0.     7083.
   288.50      6885.      7079.    362483.   4900.83          0.        0.     7079.
   289.00      6885.      7075.    362474.   4900.83          0.        0.     7075.
   289.50      6884.      7072.    362465.   4900.83          0.        0.     7072.
   290.00      6883.      7068.    362456.   4900.83          0.        0.     7068.
   290.50      6881.      7064.    362447.   4900.83          0.        0.     7064.
   291.00      6879.      7061.    362438.   4900.82          0.        0.     7061.
   291.50      6876.      7057.    362429.   4900.82          0.        0.     7057.
   292.00      6873.      7054.    362423.   4900.82          0.        0.     7054.
   292.50      6870.      7052.    362417.   4900.82          0.        0.     7052.
   293.00      6866.      7048.    362408.   4900.82          0.        0.     7048.
   293.50      6862.      7045.    362399.   4900.82          0.        0.     7045.
   294.00      6857.      7041.    362390.   4900.82          0.        0.     7041.
   294.50      6852.      7037.    362380.   4900.81          0.        0.     7037.
   295.00      6847.      7034.    362371.   4900.81          0.        0.     7034.
   295.50      6842.      7030.    362362.   4900.81          0.        0.     7030.
   296.00      6836.      7026.    362353.   4900.81          0.        0.     7026.
   296.50      6830.      7023.    362344.   4900.81          0.        0.     7023.
   297.00      6824.      7019.    362335.   4900.81          0.        0.     7019.
   297.50      6817.      7015.    362326.   4900.81          0.        0.     7015.
   298.00      6811.      7012.    362317.   4900.80          0.        0.     7012.
   298.50      6804.      7008.    362308.   4900.80          0.        0.     7008.
   299.00      6797.      7004.    362299.   4900.80          0.        0.     7004.
   299.50      6790.      7001.    362290.   4900.80          0.        0.     7001.
   300.00      6783.      6997.    362281.   4900.80          0.        0.     6997.
   300.50      6776.      6993.    362272.   4900.80          0.        0.     6993.
   301.00      6769.      6990.    362263.   4900.80          0.        0.     6990.
   301.50      6761.      6986.    362254.   4900.79          0.        0.     6986.
   302.00      6754.      6982.    362245.   4900.79          0.        0.     6982.
   302.50      6747.      6979.    362236.   4900.79          0.        0.     6979.
   303.00      6739.      6975.    362227.   4900.79          0.        0.     6975.
   303.50      6732.      6971.    362218.   4900.79          0.        0.     6971.
   304.00      6725.      6968.    362209.   4900.79          0.        0.     6968.
   304.50      6718.      6964.    362200.   4900.79          0.        0.     6964.
   305.00      6711.      6960.    362191.   4900.78          0.        0.     6960.
   305.50      6704.      6957.    362182.   4900.78          0.        0.     6957.
   306.00      6697.      6953.    362173.   4900.78          0.        0.     6953.
   306.50      6690.      6948.    362161.   4900.78          0.        0.     6948.
   307.00      6684.      6943.    362149.   4900.78          0.        0.     6943.
   307.50      6678.      6938.    362137.   4900.78          0.        0.     6938.
   308.00      6672.      6934.    362125.   4900.77          0.        0.     6934.
   308.50      6666.      6929.    362113.   4900.77          0.        0.     6929.
   309.00      6660.      6924.    362101.   4900.77          0.        0.     6924.
   309.50      6655.      6919.    362089.   4900.77          0.        0.     6919.
   310.00      6650.      6914.    362077.   4900.77          0.        0.     6914.
   310.50      6645.      6909.    362065.   4900.76          0.        0.     6909.
   311.00      6641.      6904.    362053.   4900.76          0.        0.     6904.
   311.50      6637.      6899.    362041.   4900.76          0.        0.     6899.
   312.00      6633.      6895.    362029.   4900.76          0.        0.     6895.
   312.50      6630.      6890.    362017.   4900.76          0.        0.     6890.
   313.00      6627.      6885.    362005.   4900.75          0.        0.     6885.
   313.50      6624.      6880.    361993.   4900.75          0.        0.     6880.
   314.00      6621.      6875.    361981.   4900.75          0.        0.     6875.
   314.50      6619.      6871.    361972.   4900.75          0.        0.     6871.
   315.00      6616.      6868.    361963.   4900.75          0.        0.     6868.
   315.50      6614.      6864.    361954.   4900.75          0.        0.     6864.
   316.00      6611.      6860.    361945.   4900.74          0.        0.     6860.
   316.50      6609.      6857.    361936.   4900.74          0.        0.     6857.
   317.00      6607.      6853.    361927.   4900.74          0.        0.     6853.
   317.50      6604.      6849.    361918.   4900.74          0.        0.     6849.
   318.00      6602.      6846.    361909.   4900.74          0.        0.     6846.
   318.50      6600.      6842.    361900.   4900.74          0.        0.     6842.
   319.00      6598.      6838.    361891.   4900.74          0.        0.     6838.
   319.50      6596.      6835.    361882.   4900.73          0.        0.     6835.
   320.00      6594.      6831.    361873.   4900.73          0.        0.     6831.
   320.50      6593.      6827.    361864.   4900.73          0.        0.     6827.
   321.00      6591.      6824.    361855.   4900.73          0.        0.     6824.
   321.50      6589.      6820.    361846.   4900.73          0.        0.     6820.
   322.00      6587.      6816.    361837.   4900.73          0.        0.     6816.
   322.50      6586.      6813.    361828.   4900.73          0.        0.     6813.
   323.00      6584.      6809.    361819.   4900.72          0.        0.     6809.
   323.50      6582.      6805.    361810.   4900.72          0.        0.     6805.
   324.00      6580.      6802.    361801.   4900.72          0.        0.     6802.
   324.50      6579.      6798.    361792.   4900.72          0.        0.     6798.
   325.00      6577.      6794.    361783.   4900.72          0.        0.     6794.
   325.50      6575.      6791.    361774.   4900.72          0.        0.     6791.
   326.00      6574.      6787.    361765.   4900.71          0.        0.     6787.
   326.50      6572.      6783.    361756.   4900.71          0.        0.     6783.
   327.00      6570.      6780.    361747.   4900.71          0.        0.     6780.
   327.50      6569.      6776.    361738.   4900.71          0.        0.     6776.
   328.00      6567.      6772.    361729.   4900.71          0.        0.     6772.
   328.50      6565.      6769.    361720.   4900.71          0.        0.     6769.
   329.00      6563.      6765.    361711.   4900.71          0.        0.     6765.
   329.50      6561.      6761.    361702.   4900.70          0.        0.     6761.
   330.00      6559.      6758.    361693.   4900.70          0.        0.     6758.
   330.50      6557.      6754.    361684.   4900.70          0.        0.     6754.
   331.00      6555.      6750.    361675.   4900.70          0.        0.     6750.
   331.50      6553.      6747.    361666.   4900.70          0.        0.     6747.
   332.00      6551.      6743.    361657.   4900.70          0.        0.     6743.
   332.50      6549.      6740.    361648.   4900.70          0.        0.     6740.
   333.00      6546.      6736.    361639.   4900.69          0.        0.     6736.
   333.50      6544.      6732.    361630.   4900.69          0.        0.     6732.
   334.00      6542.      6729.    361621.   4900.69          0.        0.     6729.
   334.50      6539.      6725.    361612.   4900.69          0.        0.     6725.
   335.00      6536.      6721.    361603.   4900.69          0.        0.     6721.
   335.50      6534.      6718.    361594.   4900.69          0.        0.     6718.
   336.00      6531.      6714.    361585.   4900.69          0.        0.     6714.
   336.50      6528.      6710.    361576.   4900.68          0.        0.     6710.
   337.00      6525.      6708.    361570.   4900.68          0.        0.     6708.
   337.50      6521.      6704.    361561.   4900.68          0.        0.     6704.
   338.00      6518.      6700.    361552.   4900.68          0.        0.     6700.
   338.50      6514.      6697.    361543.   4900.68          0.        0.     6697.
   339.00      6511.      6693.    361534.   4900.68          0.        0.     6693.
   339.50      6507.      6689.    361525.   4900.68          0.        0.     6689.
   340.00      6503.      6686.    361516.   4900.67          0.        0.     6686.
   340.50      6499.      6682.    361507.   4900.67          0.        0.     6682.
   341.00      6495.      6678.    361498.   4900.67          0.        0.     6678.
   341.50      6491.      6675.    361489.   4900.67          0.        0.     6675.
   342.00      6486.      6671.    361480.   4900.67          0.        0.     6671.
   342.50      6482.      6667.    361471.   4900.67          0.        0.     6667.
   343.00      6477.      6664.    361462.   4900.67          0.        0.     6664.
   343.50      6473.      6660.    361453.   4900.66          0.        0.     6660.
   344.00      6468.      6656.    361444.   4900.66          0.        0.     6656.
   344.50      6463.      6653.    361435.   4900.66          0.        0.     6653.
   345.00      6458.      6649.    361426.   4900.66          0.        0.     6649.
   345.50      6453.      6646.    361417.   4900.66          0.        0.     6646.
   346.00      6448.      6642.    361408.   4900.66          0.        0.     6642.
   346.50      6443.      6638.    361399.   4900.66          0.        0.     6638.
   347.00      6437.      6635.    361390.   4900.65          0.        0.     6635.
   347.50      6432.      6631.    361381.   4900.65          0.        0.     6631.
   348.00      6427.      6627.    361372.   4900.65          0.        0.     6627.
   348.50      6421.      6624.    361363.   4900.65          0.        0.     6624.
   349.00      6415.      6620.    361354.   4900.65          0.        0.     6620.
   349.50      6410.      6616.    361345.   4900.65          0.        0.     6616.
   350.00      6404.      6613.    361336.   4900.65          0.        0.     6613.
   350.50      6398.      6609.    361327.   4900.64          0.        0.     6609.
   351.00      6392.      6605.    361318.   4900.64          0.        0.     6605.
   351.50      6386.      6602.    361309.   4900.64          0.        0.     6602.
   352.00      6380.      6598.    361300.   4900.64          0.        0.     6598.
   352.50      6374.      6594.    361291.   4900.64          0.        0.     6594.
   353.00      6368.      6591.    361282.   4900.64          0.        0.     6591.
   353.50      6362.      6587.    361273.   4900.63          0.        0.     6587.
   354.00      6356.      6583.    361263.   4900.63          0.        0.     6583.
   354.50      6350.      6580.    361254.   4900.63          0.        0.     6580.
   355.00      6343.      6576.    361245.   4900.63          0.        0.     6576.
   355.50      6337.      6572.    361236.   4900.63          0.        0.     6572.
   356.00      6331.      6569.    361227.   4900.63          0.        0.     6569.
   356.50      6324.      6565.    361218.   4900.63          0.        0.     6565.
   357.00      6318.      6561.    361209.   4900.62          0.        0.     6561.
   357.50      6311.      6558.    361200.   4900.62          0.        0.     6558.
   358.00      6305.      6554.    361191.   4900.62          0.        0.     6554.
   358.50      6298.      6550.    361182.   4900.62          0.        0.     6550.
   359.00      6292.      6547.    361173.   4900.62          0.        0.     6547.
   359.50      6285.      6542.    361161.   4900.62          0.        0.     6542.
   360.00      6279.      6537.    361149.   4900.61          0.        0.     6537.
1



      INFLOW DATA                           STORAGE DATA
      ***********                           ************
     TIME    INFLOW                     ELEVATION     STORAGE

     0.50      5527.                      4753.20          0.
     1.00      5557.                      4754.00          5.
     1.50      5587.                      4760.00        853.
     2.00      5617.                      4770.00       5056.
     2.50      5647.                      4780.00      11677.
     3.00      5677.                      4790.00      20701.
     3.50      5707.                      4800.00      32214.
     4.00      5737.                      4810.00      46676.
     4.50      5766.                      4820.00      64861.
     5.00      5796.                      4830.00      86629.
     5.50      5825.                      4840.00     112286.
     6.00      5855.                      4850.00     141401.
     6.50      5884.                      4860.00     174439.
     7.00      5913.                      4870.00     212059.
     7.50      5941.                      4880.00     254696.
     8.00      5970.                      4890.00     303066.
     8.50      5999.                      4900.00     357369.
     9.00      6027.                      4910.00     418864.
     9.50      6056.                      4920.00     488871.
    10.00      6084.                      4924.00     519654.
    10.50      6112.                      4924.50     523636.
    11.00      6140.                      4925.00     527626.
    11.50      6167.                      4925.50     531626.
    12.00      6195.                      4926.00     535626.
    12.50      6222.                      4930.00     569747.
    13.00      6249.                      4935.00     604527.
    13.50      6276.
    14.00      6303.
    14.50      6330.
    15.00      6357.
    15.50      6383.
    16.00      6409.
    16.50      6435.
    17.00      6461.
    17.50      6487.
    18.00      6512.
    18.50      6537.
    19.00      6562.
    19.50      6587.
    20.00      6612.
    20.50      6636.
    21.00      6661.
    21.50      6685.
    22.00      6708.
    22.50      6732.
    23.00      6755.
    23.50      6778.
    24.00      6801.
    24.50      6824.
    25.00      6846.
    25.50      6869.
    26.00      6890.
    26.50      6912.
    27.00      6934.
    27.50      6955.
    28.00      6976.
    28.50      6997.
    29.00      7017.
    29.50      7038.
    30.00      7058.
    30.50      7078.
    31.00      7098.
    31.50      7117.
    32.00      7137.
    32.50      7156.
    33.00      7175.
    33.50      7195.
    34.00      7214.
    34.50      7233.
    35.00      7251.
    35.50      7270.
    36.00      7289.
    36.50      7307.
    37.00      7326.
    37.50      7344.
    38.00      7363.
    38.50      7381.
    39.00      7399.
    39.50      7418.
    40.00      7436.
    40.50      7454.
    41.00      7473.
    41.50      7491.
    42.00      7509.
    42.50      7528.
    43.00      7546.
    43.50      7565.
    44.00      7583.
    44.50      7602.
    45.00      7620.
    45.50      7639.
    46.00      7658.
    46.50      7677.
    47.00      7696.
    47.50      7715.
    48.00      7734.
    48.50      7754.
    49.00      7773.
    49.50      7794.
    50.00      7815.
    50.50      7838.
    51.00      7860.
    51.50      7883.
    52.00      7907.
    52.50      7931.
    53.00      7956.
    53.50      7981.
    54.00      8006.
    54.50      8032.
    55.00      8058.
    55.50      8084.
    56.00      8110.
    56.50      8136.
    57.00      8162.
    57.50      8195.
    58.00      8226.
    58.50      8285.
    59.00      8347.
    59.50      8415.
    60.00      8494.
    60.50      8618.
    61.00      8855.
    61.50      9233.
    62.00      9737.
    62.50     10506.
    63.00     12103.
    63.50     17068.
    64.00     53619.
    64.50     82402.
    65.00     95301.
    65.50    104176.
    66.00    111616.
    66.50    118416.
    67.00    125014.
    67.50    131608.
    68.00    137932.
    68.50    143437.
    69.00    148033.
    69.50    151792.
    70.00    154906.
    70.50    157541.
    71.00    159658.
    71.50    161129.
    72.00    161863.
    72.50    161990.
    73.00    161765.
    73.50    161458.
    74.00    161254.
    74.50    161158.
    75.00    161065.
    75.50    160861.
    76.00    160292.
    76.50    159165.
    77.00    157446.
    77.50    155222.
    78.00    152576.
    78.50    149584.
    79.00    146300.
    79.50    142757.
    80.00    139004.
    80.50    135062.
    81.00    130948.
    81.50    126680.
    82.00    122330.
    82.50    117984.
    83.00    113701.
    83.50    109493.
    84.00    105333.
    84.50    101207.
    85.00     97110.
    85.50     93045.
    86.00     89081.
    86.50     85243.
    87.00     81472.
    87.50     77755.
    88.00     74167.
    88.50     70750.
    89.00     67473.
    89.50     64351.
    90.00     61402.
    90.50     58632.
    91.00     56046.
    91.50     53620.
    92.00     51325.
    92.50     49149.
    93.00     46945.
    93.50     44810.
    94.00     42793.
    94.50     40846.
    95.00     39041.
    95.50     37354.
    96.00     35733.
    96.50     34279.
    97.00     32846.
    97.50     31574.
    98.00     30295.
    98.50     29148.
    99.00     28101.
    99.50     27075.
   100.00     26105.
   100.50     25194.
   101.00     24426.
   101.50     23667.
   102.00     22951.
   102.50     22288.
   103.00     21671.
   103.50     21124.
   104.00     20624.
   104.50     20130.
   105.00     19645.
   105.50     19175.
   106.00     18730.
   106.50     18310.
   107.00     17919.
   107.50     17565.
   108.00     17231.
   108.50     16901.
   109.00     16608.
   109.50     16339.
   110.00     16079.
   110.50     15815.
   111.00     15557.
   111.50     15309.
   112.00     15090.
   112.50     14893.
   113.00     14702.
   113.50     14512.
   114.00     14334.
   114.50     14169.
   115.00     14003.
   115.50     13843.
   116.00     13697.
   116.50     13555.
   117.00     13414.
   117.50     13279.
   118.00     13154.
   118.50     13032.
   119.00     12912.
   119.50     12797.
   120.00     12689.
   120.50     12589.
   121.00     12489.
   121.50     12393.
   122.00     12298.
   122.50     12207.
   123.00     12118.
   123.50     12032.
   124.00     11949.
   124.50     11868.
   125.00     11789.
   125.50     11713.
   126.00     11639.
   126.50     11567.
   127.00     11499.
   127.50     11432.
   128.00     11368.
   128.50     11306.
   129.00      8502.
   129.50      8497.
   130.00      8492.
   130.50      8486.
   131.00      8480.
   131.50      8474.
   132.00      8469.
   132.50      8462.
   133.00      8456.
   133.50      8450.
   134.00      8444.
   134.50      8438.
   135.00      8431.
   135.50      8425.
   136.00      8418.
   136.50      8412.
   137.00      8406.
   137.50      8399.
   138.00      8393.
   138.50      8386.
   139.00      8380.
   139.50      8374.
   140.00      8367.
   140.50      8361.
   141.00      8355.
   141.50      8349.
   142.00      8343.
   142.50      8337.
   143.00      8332.
   143.50      8326.
   144.00      8321.
   144.50      8315.
   145.00      8310.
   145.50      8305.
   146.00      8300.
   146.50      8295.
   147.00      8290.
   147.50      8285.
   148.00      8280.
   148.50      8274.
   149.00      8269.
   149.50      8264.
   150.00      8259.
   150.50      8254.
   151.00      8249.
   151.50      8244.
   152.00      8239.
   152.50      8234.
   153.00      8229.
   153.50      8224.
   154.00      8219.
   154.50      8214.
   155.00      8209.
   155.50      8204.
   156.00      8199.
   156.50      8194.
   157.00      8189.
   157.50      8183.
   158.00      8178.
   158.50      8173.
   159.00      8168.
   159.50      8163.
   160.00      8157.
   160.50      8152.
   161.00      8147.
   161.50      8141.
   162.00      8136.
   162.50      8130.
   163.00      8125.
   163.50      8119.
   164.00      8113.
   164.50      8108.
   165.00      8102.
   165.50      8096.
   166.00      8090.
   166.50      8084.
   167.00      8078.
   167.50      8072.
   168.00      8066.
   168.50      8060.
   169.00      8054.
   169.50      8047.
   170.00      8040.
   170.50      8032.
   171.00      8024.
   171.50      8016.
   172.00      8008.
   172.50      7999.
   173.00      7990.
   173.50      7981.
   174.00      7972.
   174.50      7962.
   175.00      7953.
   175.50      7943.
   176.00      7933.
   176.50      7923.
   177.00      7913.
   177.50      7903.
   178.00      7893.
   178.50      7883.
   179.00      7873.
   179.50      7864.
   180.00      7854.
   180.50      7844.
   181.00      7834.
   181.50      7825.
   182.00      7816.
   182.50      7807.
   183.00      7798.
   183.50      7789.
   184.00      7781.
   184.50      7773.
   185.00      7765.
   185.50      7758.
   186.00      7751.
   186.50      7744.
   187.00      7738.
   187.50      7732.
   188.00      7727.
   188.50      7722.
   189.00      7718.
   189.50      7714.
   190.00      7710.
   190.50      7708.
   191.00      7705.
   191.50      7704.
   192.00      7703.
   192.50      7703.
   193.00      7703.
   193.50      7703.
   194.00      7703.
   194.50      7703.
   195.00      7703.
   195.50      7703.
   196.00      7703.
   196.50      7703.
   197.00      7703.
   197.50      7703.
   198.00      7703.
   198.50      7703.
   199.00      7703.
   199.50      7703.
   200.00      7703.
   200.50      7703.
   201.00      7703.
   201.50      7703.
   202.00      7703.
   202.50      7703.
   203.00      7703.
   203.50      7703.
   204.00      7703.
   204.50      7703.
   205.00      7703.
   205.50      7703.
   206.00      7703.
   206.50      7703.
   207.00      7703.
   207.50      7703.
   208.00      7703.
   208.50      7703.
   209.00      7703.
   209.50      7703.
   210.00      7703.
   210.50      7703.
   211.00      7703.
   211.50      7703.
   212.00      7703.
   212.50      7703.
   213.00      7703.
   213.50      7703.
   214.00      7703.
   214.50      7703.
   215.00      7703.
   215.50      7703.
   216.00      7703.
   216.50      7703.
   217.00      7702.
   217.50      7702.
   218.00      7700.
   218.50      7699.
   219.00      7697.
   219.50      7694.
   220.00      7692.
   220.50      7688.
   221.00      7685.
   221.50      7681.
   222.00      7677.
   222.50      7672.
   223.00      7667.
   223.50      7662.
   224.00      7656.
   224.50      7650.
   225.00      7644.
   225.50      7638.
   226.00      7631.
   226.50      7624.
   227.00      7617.
   227.50      7610.
   228.00      7603.
   228.50      7595.
   229.00      7587.
   229.50      7579.
   230.00      7571.
   230.50      7562.
   231.00      7554.
   231.50      7545.
   232.00      7537.
   232.50      7528.
   233.00      7519.
   233.50      7510.
   234.00      7501.
   234.50      7492.
   235.00      7483.
   235.50      7474.
   236.00      7465.
   236.50      7456.
   237.00      7447.
   237.50      7438.
   238.00      7429.
   238.50      7420.
   239.00      7412.
   239.50      7403.
   240.00      7394.
   240.50      7386.
   241.00      7377.
   241.50      7367.
   242.00      7357.
   242.50      7346.
   243.00      7335.
   243.50      7323.
   244.00      7310.
   244.50      7297.
   245.00      7284.
   245.50      7270.
   246.00      7256.
   246.50      7241.
   247.00      7226.
   247.50      7211.
   248.00      7196.
   248.50      7180.
   249.00      7164.
   249.50      7149.
   250.00      7133.
   250.50      7117.
   251.00      7101.
   251.50      7085.
   252.00      7070.
   252.50      7054.
   253.00      7039.
   253.50      7024.
   254.00      7009.
   254.50      6994.
   255.00      6980.
   255.50      6966.
   256.00      6953.
   256.50      6940.
   257.00      6927.
   257.50      6915.
   258.00      6904.
   258.50      6893.
   259.00      6883.
   259.50      6873.
   260.00      6864.
   260.50      6856.
   261.00      6849.
   261.50      6843.
   262.00      6837.
   262.50      6832.
   263.00      6829.
   263.50      6826.
   264.00      6825.
   264.50      6824.
   265.00      6824.
   265.50      6824.
   266.00      6825.
   266.50      6825.
   267.00      6826.
   267.50      6827.
   268.00      6828.
   268.50      6829.
   269.00      6830.
   269.50      6831.
   270.00      6832.
   270.50      6834.
   271.00      6835.
   271.50      6837.
   272.00      6838.
   272.50      6840.
   273.00      6842.
   273.50      6843.
   274.00      6845.
   274.50      6847.
   275.00      6849.
   275.50      6851.
   276.00      6853.
   276.50      6855.
   277.00      6857.
   277.50      6858.
   278.00      6860.
   278.50      6862.
   279.00      6864.
   279.50      6866.
   280.00      6868.
   280.50      6869.
   281.00      6871.
   281.50      6873.
   282.00      6874.
   282.50      6876.
   283.00      6877.
   283.50      6878.
   284.00      6880.
   284.50      6881.
   285.00      6882.
   285.50      6883.
   286.00      6883.
   286.50      6884.
   287.00      6885.
   287.50      6885.
   288.00      6885.
   288.50      6885.
   289.00      6885.
   289.50      6884.
   290.00      6883.
   290.50      6881.
   291.00      6879.
   291.50      6876.
   292.00      6873.
   292.50      6870.
   293.00      6866.
   293.50      6862.
   294.00      6857.
   294.50      6852.
   295.00      6847.
   295.50      6842.
   296.00      6836.
   296.50      6830.
   297.00      6824.
   297.50      6817.
   298.00      6811.
   298.50      6804.
   299.00      6797.
   299.50      6790.
   300.00      6783.
   300.50      6776.
   301.00      6769.
   301.50      6761.
   302.00      6754.
   302.50      6747.
   303.00      6739.
   303.50      6732.
   304.00      6725.
   304.50      6718.
   305.00      6711.
   305.50      6704.
   306.00      6697.
   306.50      6690.
   307.00      6684.
   307.50      6678.
   308.00      6672.
   308.50      6666.
   309.00      6660.
   309.50      6655.
   310.00      6650.
   310.50      6645.
   311.00      6641.
   311.50      6637.
   312.00      6633.
   312.50      6630.
   313.00      6627.
   313.50      6624.
   314.00      6621.
   314.50      6619.
   315.00      6616.
   315.50      6614.
   316.00      6611.
   316.50      6609.
   317.00      6607.
   317.50      6604.
   318.00      6602.
   318.50      6600.
   319.00      6598.
   319.50      6596.
   320.00      6594.
   320.50      6593.
   321.00      6591.
   321.50      6589.
   322.00      6587.
   322.50      6586.
   323.00      6584.
   323.50      6582.
   324.00      6580.
   324.50      6579.
   325.00      6577.
   325.50      6575.
   326.00      6574.
   326.50      6572.
   327.00      6570.
   327.50      6569.
   328.00      6567.
   328.50      6565.
   329.00      6563.
   329.50      6561.
   330.00      6559.
   330.50      6557.
   331.00      6555.
   331.50      6553.
   332.00      6551.
   332.50      6549.
   333.00      6546.
   333.50      6544.
   334.00      6542.
   334.50      6539.
   335.00      6536.
   335.50      6534.
   336.00      6531.
   336.50      6528.
   337.00      6525.
   337.50      6521.
   338.00      6518.
   338.50      6514.
   339.00      6511.
   339.50      6507.
   340.00      6503.
   340.50      6499.
   341.00      6495.
   341.50      6491.
   342.00      6486.
   342.50      6482.
   343.00      6477.
   343.50      6473.
   344.00      6468.
   344.50      6463.
   345.00      6458.
   345.50      6453.
   346.00      6448.
   346.50      6443.
   347.00      6437.
   347.50      6432.
   348.00      6427.
   348.50      6421.
   349.00      6415.
   349.50      6410.
   350.00      6404.
   350.50      6398.
   351.00      6392.
   351.50      6386.
   352.00      6380.
   352.50      6374.
   353.00      6368.
   353.50      6362.
   354.00      6356.
   354.50      6350.
   355.00      6343.
   355.50      6337.
   356.00      6331.
   356.50      6324.
   357.00      6318.
   357.50      6311.
   358.00      6305.
   358.50      6298.
   359.00      6292.
   359.50      6285.
   360.00      6279.
1


  DISCHARGE VS ELEVATION
  **********************
  ELEVATION  DISCHARGE

    4880.49      5000.
    4890.00      5000.
    4898.70      5000.
    4900.00      5000.
    4902.00     10000.
    4904.00     22500.
    4906.00     37500.
    4908.00     56000.
    4910.00     77000.
    4912.00    100000.
    4914.00    125000.
    4916.00    153000.
    4920.00    212000.
    4924.00    270000.
    4928.00    328000.
    4930.00    357000.
    4935.00    429500.