
                     UNITED STATES BUREAU OF RECLAMATION
                       ENGINEERING AND RESEARCH CENTER

                            FLOOD ROUTING FOR DAMS
                            ----------------------

      FEATURE: Pueblo Dam                               DATE    **/ 1/  26
      FLOOD: TREX Test Run & PMF snow                   TIME    **:**:03.**
      TITLE: Full TREX Routing             
      DATA FILE: fs12-12sn.in                                                   

      FLOOD ROUTING SUMMARY
      *********************

         BEGINNING HOUR OF ROUTING.......................      0.50
         ENDING HOUR OF ROUTING..........................    360.00
         INITIAL RESERVOIR ELEVATION.....................   4880.49 FT
         MINIMUM OR NORMAL POOL ELEV.....................   4880.49 FT
         MAXIMUM RESERVOIR ELEVATION.....   4918.31 AT HOUR   82.00
         INFLOW PEAK DISCHARGE...........   253132. AT HOUR   72.00
         MAXIMUM TOTAL OUTFLOW...........   187081. AT HOUR   82.00
         ELEVATION TOLERANCE.............................    0.0100 FT
         INFLOW HYDROGRAPH ADJUSTMENT FACTOR.............      1.00
         IPC OPTIONS (1 TO 10)...........................3100100021

      WATERWAY PARAMETERS
      *******************

         WATERWAY NO. 1 - Top of Dam                    

         TYPE-BROAD OR SHARP CRESTED WEIR
         CONSTANT DISCHARGE COEFFICIENT..................      2.67
         CREST ELEVATION.................................   4925.25 FT
         CREST LENGTH....................................   1200.50 FT
         MAXIMUM DISCHARGE...............        0. AT HOUR    0.50

         WATERWAY NO. 2 - Embankment "wings"            

         TYPE-BROAD OR SHARP CRESTED WEIR
         CONSTANT DISCHARGE COEFFICIENT..................      2.62
         CREST ELEVATION.................................   4925.00 FT
         CREST LENGTH....................................   8480.00 FT
         MAXIMUM DISCHARGE...............        0. AT HOUR    0.50
1

                     ROUTING RESULTS                          DISCHARGE RESULTS
                     ***************                          *****************

    TIME     INFLOW    OUTFLOW    STORAGE   ELEVATION        WATERWAY         RATING
                                                           1         2        CURVE

     0.50      5527.      5000.    257067.   4880.49          0.        0.     5000.
     1.00      5557.      5000.    257089.   4880.49          0.        0.     5000.
     1.50      5587.      5000.    257112.   4880.50          0.        0.     5000.
     2.00      5617.      5000.    257138.   4880.50          0.        0.     5000.
     2.50      5647.      5000.    257164.   4880.51          0.        0.     5000.
     3.00      5677.      5000.    257192.   4880.52          0.        0.     5000.
     3.50      5707.      5000.    257221.   4880.52          0.        0.     5000.
     4.00      5737.      5000.    257251.   4880.53          0.        0.     5000.
     4.50      5766.      5000.    257282.   4880.53          0.        0.     5000.
     5.00      5796.      5000.    257315.   4880.54          0.        0.     5000.
     5.50      5825.      5000.    257348.   4880.55          0.        0.     5000.
     6.00      5855.      5000.    257384.   4880.56          0.        0.     5000.
     6.50      5884.      5000.    257419.   4880.56          0.        0.     5000.
     7.00      5913.      5000.    257457.   4880.57          0.        0.     5000.
     7.50      5941.      5000.    257495.   4880.58          0.        0.     5000.
     8.00      5970.      5000.    257535.   4880.59          0.        0.     5000.
     8.50      5999.      5000.    257575.   4880.60          0.        0.     5000.
     9.00      6027.      5000.    257618.   4880.60          0.        0.     5000.
     9.50      6056.      5000.    257660.   4880.61          0.        0.     5000.
    10.00      6084.      5000.    257705.   4880.62          0.        0.     5000.
    10.50      6112.      5000.    257750.   4880.63          0.        0.     5000.
    11.00      6140.      5000.    257797.   4880.64          0.        0.     5000.
    11.50      6167.      5000.    257844.   4880.65          0.        0.     5000.
    12.00      6195.      5000.    257894.   4880.66          0.        0.     5000.
    12.50      6222.      5000.    257944.   4880.67          0.        0.     5000.
    13.00      6249.      5000.    257995.   4880.68          0.        0.     5000.
    13.50      6276.      5000.    258047.   4880.69          0.        0.     5000.
    14.00      6303.      5000.    258102.   4880.70          0.        0.     5000.
    14.50      6330.      5000.    258156.   4880.72          0.        0.     5000.
    15.00      6357.      5000.    258213.   4880.73          0.        0.     5000.
    15.50      6383.      5000.    258269.   4880.74          0.        0.     5000.
    16.00      6409.      5000.    258326.   4880.75          0.        0.     5000.
    16.50      6435.      5000.    258385.   4880.76          0.        0.     5000.
    17.00      6461.      5000.    258444.   4880.77          0.        0.     5000.
    17.50      6487.      5000.    258506.   4880.79          0.        0.     5000.
    18.00      6512.      5000.    258567.   4880.80          0.        0.     5000.
    18.50      6537.      5000.    258631.   4880.81          0.        0.     5000.
    19.00      6562.      5000.    258695.   4880.83          0.        0.     5000.
    19.50      6587.      5000.    258761.   4880.84          0.        0.     5000.
    20.00      6612.      5000.    258827.   4880.85          0.        0.     5000.
    20.50      6636.      5000.    258893.   4880.87          0.        0.     5000.
    21.00      6661.      5000.    258961.   4880.88          0.        0.     5000.
    21.50      6685.      5000.    259030.   4880.90          0.        0.     5000.
    22.00      6708.      5000.    259101.   4880.91          0.        0.     5000.
    22.50      6732.      5000.    259172.   4880.93          0.        0.     5000.
    23.00      6755.      5000.    259245.   4880.94          0.        0.     5000.
    23.50      6778.      5000.    259318.   4880.96          0.        0.     5000.
    24.00      6801.      5000.    259391.   4880.97          0.        0.     5000.
    24.50      6824.      5000.    259467.   4880.99          0.        0.     5000.
    25.00      6846.      5000.    259542.   4881.00          0.        0.     5000.
    25.50      6869.      5000.    259618.   4881.02          0.        0.     5000.
    26.00      6890.      5000.    259696.   4881.03          0.        0.     5000.
    26.50      6912.      5000.    259774.   4881.05          0.        0.     5000.
    27.00      6934.      5000.    259854.   4881.07          0.        0.     5000.
    27.50      6955.      5000.    259935.   4881.08          0.        0.     5000.
    28.00      6976.      5000.    260015.   4881.10          0.        0.     5000.
    28.50      6997.      5000.    260097.   4881.12          0.        0.     5000.
    29.00      7017.      5000.    260180.   4881.13          0.        0.     5000.
    29.50      7038.      5000.    260263.   4881.15          0.        0.     5000.
    30.00      7058.      5000.    260348.   4881.17          0.        0.     5000.
    30.50      7078.      5000.    260433.   4881.19          0.        0.     5000.
    31.00      7098.      5000.    260520.   4881.20          0.        0.     5000.
    31.50      7117.      5000.    260608.   4881.22          0.        0.     5000.
    32.00      7137.      5000.    260695.   4881.24          0.        0.     5000.
    32.50      7156.      5000.    260785.   4881.26          0.        0.     5000.
    33.00      7175.      5000.    260875.   4881.28          0.        0.     5000.
    33.50      7195.      5000.    260964.   4881.30          0.        0.     5000.
    34.00      7214.      5000.    261056.   4881.31          0.        0.     5000.
    34.50      7233.      5000.    261148.   4881.33          0.        0.     5000.
    35.00      7251.      5000.    261241.   4881.35          0.        0.     5000.
    35.50      7270.      5000.    261335.   4881.37          0.        0.     5000.
    36.00      7289.      5000.    261430.   4881.39          0.        0.     5000.
    36.50      7307.      5000.    261524.   4881.41          0.        0.     5000.
    37.00      7326.      5000.    261621.   4881.43          0.        0.     5000.
    37.50      7344.      5000.    261718.   4881.45          0.        0.     5000.
    38.00      7363.      5000.    261815.   4881.47          0.        0.     5000.
    38.50      7381.      5000.    261914.   4881.49          0.        0.     5000.
    39.00      7399.      5000.    262013.   4881.51          0.        0.     5000.
    39.50      7418.      5000.    262112.   4881.53          0.        0.     5000.
    40.00      7436.      5000.    262211.   4881.55          0.        0.     5000.
    40.50      7454.      5000.    262313.   4881.57          0.        0.     5000.
    41.00      7473.      5000.    262414.   4881.60          0.        0.     5000.
    41.50      7491.      5000.    262516.   4881.62          0.        0.     5000.
    42.00      7509.      5000.    262620.   4881.64          0.        0.     5000.
    42.50      7528.      5000.    262724.   4881.66          0.        0.     5000.
    43.00      7546.      5000.    262828.   4881.68          0.        0.     5000.
    43.50      7565.      5000.    262934.   4881.70          0.        0.     5000.
    44.00      7583.      5000.    263040.   4881.73          0.        0.     5000.
    44.50      7602.      5000.    263147.   4881.75          0.        0.     5000.
    45.00      7620.      5000.    263255.   4881.77          0.        0.     5000.
    45.50      7639.      5000.    263364.   4881.79          0.        0.     5000.
    46.00      7658.      5000.    263473.   4881.81          0.        0.     5000.
    46.50      7677.      5000.    263584.   4881.84          0.        0.     5000.
    47.00      7696.      5000.    263695.   4881.86          0.        0.     5000.
    47.50      7715.      5000.    263806.   4881.88          0.        0.     5000.
    48.00      7734.      5000.    263919.   4881.91          0.        0.     5000.
    48.50      7754.      5000.    264032.   4881.93          0.        0.     5000.
    49.00      7773.      5000.    264146.   4881.95          0.        0.     5000.
    49.50      7794.      5000.    264261.   4881.98          0.        0.     5000.
    50.00      7815.      5000.    264377.   4882.00          0.        0.     5000.
    50.50      7838.      5000.    264493.   4882.03          0.        0.     5000.
    51.00      7860.      5000.    264611.   4882.05          0.        0.     5000.
    51.50      7883.      5000.    264729.   4882.07          0.        0.     5000.
    52.00      7907.      5000.    264849.   4882.10          0.        0.     5000.
    52.50      7931.      5000.    264970.   4882.12          0.        0.     5000.
    53.00      7956.      5000.    265090.   4882.15          0.        0.     5000.
    53.50      7981.      5000.    265213.   4882.17          0.        0.     5000.
    54.00      8006.      5000.    265336.   4882.20          0.        0.     5000.
    54.50      8032.      5000.    265461.   4882.23          0.        0.     5000.
    55.00      8058.      5000.    265586.   4882.25          0.        0.     5000.
    55.50      8084.      5000.    265714.   4882.28          0.        0.     5000.
    56.00      8110.      5000.    265841.   4882.30          0.        0.     5000.
    56.50      8136.      5000.    265971.   4882.33          0.        0.     5000.
    57.00      8162.      5000.    266101.   4882.36          0.        0.     5000.
    57.50      8197.      5000.    266233.   4882.39          0.        0.     5000.
    58.00      8267.      5000.    266368.   4882.41          0.        0.     5000.
    58.50      8352.      5000.    266505.   4882.44          0.        0.     5000.
    59.00      8445.      5000.    266644.   4882.47          0.        0.     5000.
    59.50      8558.      5000.    266789.   4882.50          0.        0.     5000.
    60.00      8771.      5000.    266940.   4882.53          0.        0.     5000.
    60.50      9206.      5000.    267105.   4882.57          0.        0.     5000.
    61.00      9884.      5000.    267294.   4882.60          0.        0.     5000.
    61.50     10937.      5000.    267518.   4882.65          0.        0.     5000.
    62.00     13290.      5000.    267811.   4882.71          0.        0.     5000.
    62.50     23833.      5000.    268371.   4882.83          0.        0.     5000.
    63.00     79934.      5000.    270308.   4883.23          0.        0.     5000.
    63.50    110646.      5000.    274039.   4884.00          0.        0.     5000.
    64.00    126974.      5000.    278742.   4884.97          0.        0.     5000.
    64.50    139813.      5000.    284046.   4886.07          0.        0.     5000.
    65.00    151779.      5000.    289863.   4887.27          0.        0.     5000.
    65.50    163658.      5000.    296174.   4888.58          0.        0.     5000.
    66.00    175249.      5000.    302969.   4889.98          0.        0.     5000.
    66.50    185388.      5000.    310214.   4891.32          0.        0.     5000.
    67.00    193999.      5000.    317846.   4892.72          0.        0.     5000.
    67.50    201889.      5000.    325819.   4894.19          0.        0.     5000.
    68.00    209907.      5000.    334121.   4895.72          0.        0.     5000.
    68.50    218358.      5000.    342762.   4897.31          0.        0.     5000.
    69.00    226838.      5000.    351753.   4898.97          0.        0.     5000.
    69.50    234648.      6497.    361050.   4900.60          0.        0.     6497.
    70.00    241263.     10882.    370536.   4902.14          0.        0.    10882.
    70.50    246490.     20464.    379964.   4903.67          0.        0.    20464.
    71.00    250262.     31271.    389158.   4905.17          0.        0.    31271.
    71.50    252473.     43128.    398007.   4906.61          0.        0.    43128.
    72.00    253132.     55770.    406412.   4907.98          0.        0.    55770.
    72.50    252581.     69171.    414279.   4909.25          0.        0.    69171.
    73.00    251398.     81459.    421578.   4910.39          0.        0.    81459.
    73.50    250033.     92571.    428343.   4911.35          0.        0.    92571.
    74.00    248583.    103113.    434609.   4912.25          0.        0.   103113.
    74.50    247009.    113409.    440375.   4913.07          0.        0.   113409.
    75.00    245312.    122858.    445667.   4913.83          0.        0.   122858.
    75.50    243457.    132253.    450494.   4914.52          0.        0.   132253.
    76.00    241237.    140989.    454862.   4915.14          0.        0.   140989.
    76.50    238504.    148837.    458786.   4915.70          0.        0.   148837.
    77.00    235423.    155982.    462283.   4916.20          0.        0.   155982.
    77.50    232431.    162485.    465370.   4916.64          0.        0.   162485.
    78.00    228903.    168175.    468071.   4917.03          0.        0.   168175.
    78.50    224594.    173065.    470392.   4917.36          0.        0.   173065.
    79.00    219775.    177163.    472337.   4917.64          0.        0.   177163.
    79.50    214614.    180505.    473923.   4917.86          0.        0.   180505.
    80.00    209152.    183119.    475164.   4918.04          0.        0.   183119.
    80.50    203410.    185050.    476080.   4918.17          0.        0.   185050.
    81.00    197408.    186332.    476688.   4918.26          0.        0.   186332.
    81.50    191215.    186994.    477003.   4918.30          0.        0.   186994.
    82.00    184928.    187081.    477044.   4918.31          0.        0.   187081.
    82.50    178594.    186634.    476832.   4918.28          0.        0.   186634.
    83.00    172237.    185698.    476387.   4918.22          0.        0.   185698.
    83.50    165843.    184308.    475728.   4918.12          0.        0.   184308.
    84.00    159433.    182500.    474870.   4918.00          0.        0.   182500.
    84.50    153005.    180311.    473830.   4917.85          0.        0.   180311.
    85.00    146580.    177761.    472620.   4917.68          0.        0.   177761.
    85.50    140184.    174895.    471260.   4917.48          0.        0.   174895.
    86.00    133831.    171733.    469759.   4917.27          0.        0.   171733.
    86.50    127577.    168312.    468136.   4917.04          0.        0.   168312.
    87.00    121461.    164660.    466402.   4916.79          0.        0.   164660.
    87.50    115551.    160807.    464574.   4916.53          0.        0.   160807.
    88.00    109881.    156796.    462670.   4916.26          0.        0.   156796.
    88.50    104503.    152672.    460704.   4915.98          0.        0.   152672.
    89.00     99434.    148646.    458691.   4915.69          0.        0.   148646.
    89.50     94660.    144551.    456643.   4915.40          0.        0.   144551.
    90.00     90151.    140415.    454575.   4915.10          0.        0.   140415.
    90.50     85903.    136259.    452497.   4914.80          0.        0.   136259.
    91.00     81894.    132103.    450418.   4914.51          0.        0.   132103.
    91.50     78093.    127967.    448350.   4914.21          0.        0.   127967.
    92.00     74489.    123987.    446299.   4913.92          0.        0.   123987.
    92.50     71100.    120343.    444259.   4913.63          0.        0.   120343.
    93.00     67611.    116718.    442228.   4913.34          0.        0.   116718.
    93.50     64161.    113098.    440201.   4913.05          0.        0.   113098.
    94.00     60757.    109497.    438184.   4912.76          0.        0.   109497.
    94.50     57506.    105914.    436178.   4912.47          0.        0.   105914.
    95.00     54455.    102362.    434188.   4912.19          0.        0.   102362.
    95.50     51625.     98944.    432223.   4911.91          0.        0.    98944.
    96.00     48987.     95749.    430278.   4911.63          0.        0.    95749.
    96.50     46523.     92599.    428360.   4911.36          0.        0.    92599.
    97.00     44220.     89500.    426473.   4911.09          0.        0.    89500.
    97.50     42146.     86456.    424620.   4910.82          0.        0.    86456.
    98.00     40231.     83486.    422812.   4910.56          0.        0.    83486.
    98.50     38486.     80588.    421048.   4910.31          0.        0.    80588.
    99.00     36846.     77769.    419332.   4910.07          0.        0.    77769.
    99.50     35281.     74954.    417666.   4909.81          0.        0.    74954.
   100.00     33893.     72201.    416054.   4909.54          0.        0.    72201.
   100.50     32548.     69545.    414498.   4909.29          0.        0.    69545.
   101.00     31373.     66982.    412997.   4909.05          0.        0.    66982.
   101.50     30176.     64516.    411552.   4908.81          0.        0.    64516.
   102.00     29092.     62137.    410159.   4908.58          0.        0.    62137.
   102.50     28095.     59850.    408820.   4908.37          0.        0.    59850.
   103.00     27137.     57656.    407535.   4908.16          0.        0.    57656.
   103.50     26240.     55598.    406298.   4907.96          0.        0.    55598.
   104.00     25399.     53805.    405106.   4907.76          0.        0.    53805.
   104.50     24668.     52071.    403953.   4907.58          0.        0.    52071.
   105.00     23951.     50395.    402839.   4907.39          0.        0.    50395.
   105.50     23260.     48778.    401764.   4907.22          0.        0.    48778.
   106.00     22609.     47220.    400728.   4907.05          0.        0.    47220.
   106.50     22008.     45720.    399731.   4906.89          0.        0.    45720.
   107.00     21445.     44275.    398770.   4906.73          0.        0.    44275.
   107.50     20943.     42884.    397845.   4906.58          0.        0.    42884.
   108.00     20475.     41547.    396956.   4906.44          0.        0.    41547.
   108.50     20011.     40264.    396104.   4906.30          0.        0.    40264.
   109.00     19554.     39031.    395284.   4906.17          0.        0.    39031.
   109.50     19114.     37843.    394494.   4906.04          0.        0.    37843.
   110.00     18697.     36852.    393735.   4905.91          0.        0.    36852.
   110.50     18305.     35951.    392996.   4905.79          0.        0.    35951.
   111.00     17940.     35076.    392278.   4905.68          0.        0.    35076.
   111.50     17608.     34226.    391582.   4905.56          0.        0.    34226.
   112.00     17302.     33402.    390906.   4905.45          0.        0.    33402.
   112.50     16996.     32604.    390251.   4905.35          0.        0.    32604.
   113.00     16707.     31831.    389618.   4905.24          0.        0.    31831.
   113.50     16444.     31080.    389002.   4905.14          0.        0.    31080.
   114.00     16198.     30355.    388408.   4905.05          0.        0.    30355.
   114.50     15950.     29652.    387831.   4904.95          0.        0.    29652.
   115.00     15703.     28971.    387273.   4904.86          0.        0.    28971.
   115.50     15462.     28312.    386732.   4904.77          0.        0.    28312.
   116.00     15231.     27675.    386210.   4904.69          0.        0.    27675.
   116.50     15028.     27059.    385705.   4904.61          0.        0.    27059.
   117.00     14843.     26462.    385216.   4904.53          0.        0.    26462.
   117.50     14664.     25887.    384744.   4904.45          0.        0.    25887.
   118.00     14487.     25331.    384288.   4904.38          0.        0.    25331.
   118.50     14320.     24792.    383847.   4904.31          0.        0.    24792.
   119.00     14162.     24272.    383420.   4904.24          0.        0.    24272.
   119.50     14005.     23771.    383009.   4904.17          0.        0.    23771.
   120.00     13853.     23287.    382613.   4904.10          0.        0.    23287.
   120.50     13715.     22819.    382228.   4904.04          0.        0.    22819.
   121.00     13580.     22390.    381859.   4903.98          0.        0.    22390.
   121.50     13446.     22024.    381499.   4903.92          0.        0.    22024.
   122.00     13313.     21667.    381147.   4903.87          0.        0.    21667.
   122.50     13190.     21322.    380808.   4903.81          0.        0.    21322.
   123.00     13072.     20986.    380478.   4903.76          0.        0.    20986.
   123.50     12955.     20660.    380156.   4903.71          0.        0.    20660.
   124.00     12842.     20339.    379841.   4903.65          0.        0.    20339.
   124.50     12733.     20028.    379535.   4903.60          0.        0.    20028.
   125.00     12631.     19726.    379238.   4903.56          0.        0.    19726.
   125.50     12535.     19433.    378949.   4903.51          0.        0.    19433.
   126.00     12440.     19146.    378667.   4903.46          0.        0.    19146.
   126.50     12346.     18868.    378394.   4903.42          0.        0.    18868.
   127.00     12254.     18597.    378127.   4903.38          0.        0.    18597.
   127.50     12166.     18334.    377868.   4903.33          0.        0.    18334.
   128.00     12081.     18078.    377616.   4903.29          0.        0.    18078.
   128.50     11999.     17831.    377373.   4903.25          0.        0.    17831.
   129.00      8502.     17520.    377067.   4903.20          0.        0.    17520.
   129.50      8497.     17147.    376700.   4903.14          0.        0.    17147.
   130.00      8492.     16790.    376349.   4903.09          0.        0.    16790.
   130.50      8486.     16448.    376013.   4903.03          0.        0.    16448.
   131.00      8480.     16122.    375691.   4902.98          0.        0.    16122.
   131.50      8474.     15807.    375382.   4902.93          0.        0.    15807.
   132.00      8469.     15505.    375085.   4902.88          0.        0.    15505.
   132.50      8462.     15215.    374800.   4902.83          0.        0.    15215.
   133.00      8456.     14938.    374526.   4902.79          0.        0.    14938.
   133.50      8450.     14672.    374265.   4902.75          0.        0.    14672.
   134.00      8444.     14416.    374013.   4902.71          0.        0.    14416.
   134.50      8438.     14169.    373770.   4902.67          0.        0.    14169.
   135.00      8431.     13934.    373538.   4902.63          0.        0.    13934.
   135.50      8425.     13708.    373316.   4902.59          0.        0.    13708.
   136.00      8418.     13491.    373103.   4902.56          0.        0.    13491.
   136.50      8412.     13284.    372899.   4902.53          0.        0.    13284.
   137.00      8406.     13082.    372701.   4902.49          0.        0.    13082.
   137.50      8399.     12890.    372512.   4902.46          0.        0.    12890.
   138.00      8393.     12704.    372328.   4902.43          0.        0.    12704.
   138.50      8386.     12527.    372154.   4902.40          0.        0.    12527.
   139.00      8380.     12356.    371986.   4902.38          0.        0.    12356.
   139.50      8374.     12191.    371824.   4902.35          0.        0.    12191.
   140.00      8367.     12032.    371668.   4902.33          0.        0.    12032.
   140.50      8361.     11883.    371521.   4902.30          0.        0.    11883.
   141.00      8355.     11736.    371377.   4902.28          0.        0.    11736.
   141.50      8349.     11596.    371238.   4902.26          0.        0.    11596.
   142.00      8343.     11462.    371106.   4902.23          0.        0.    11462.
   142.50      8337.     11334.    370980.   4902.21          0.        0.    11334.
   143.00      8332.     11212.    370860.   4902.19          0.        0.    11212.
   143.50      8326.     11093.    370743.   4902.17          0.        0.    11093.
   144.00      8321.     10980.    370632.   4902.16          0.        0.    10980.
   144.50      8315.     10870.    370524.   4902.14          0.        0.    10870.
   145.00      8310.     10766.    370422.   4902.12          0.        0.    10766.
   145.50      8305.     10665.    370323.   4902.11          0.        0.    10665.
   146.00      8300.     10568.    370227.   4902.09          0.        0.    10568.
   146.50      8295.     10473.    370133.   4902.08          0.        0.    10473.
   147.00      8290.     10385.    370046.   4902.06          0.        0.    10385.
   147.50      8285.     10299.    369962.   4902.05          0.        0.    10299.
   148.00      8280.     10217.    369881.   4902.03          0.        0.    10217.
   148.50      8274.     10137.    369803.   4902.02          0.        0.    10137.
   149.00      8269.     10061.    369728.   4902.01          0.        0.    10061.
   149.50      8264.      9995.    369656.   4902.00          0.        0.     9995.
   150.00      8259.      9966.    369584.   4901.99          0.        0.     9966.
   150.50      8254.      9938.    369515.   4901.98          0.        0.     9938.
   151.00      8249.      9910.    369446.   4901.96          0.        0.     9910.
   151.50      8244.      9882.    369377.   4901.95          0.        0.     9882.
   152.00      8239.      9855.    369311.   4901.94          0.        0.     9855.
   152.50      8234.      9828.    369245.   4901.93          0.        0.     9828.
   153.00      8229.      9801.    369179.   4901.92          0.        0.     9801.
   153.50      8224.      9775.    369116.   4901.91          0.        0.     9775.
   154.00      8219.      9750.    369052.   4901.90          0.        0.     9750.
   154.50      8214.      9724.    368989.   4901.89          0.        0.     9724.
   155.00      8209.      9698.    368926.   4901.88          0.        0.     9698.
   155.50      8204.      9674.    368866.   4901.87          0.        0.     9674.
   156.00      8199.      9650.    368806.   4901.86          0.        0.     9650.
   156.50      8194.      9625.    368746.   4901.85          0.        0.     9625.
   157.00      8189.      9601.    368686.   4901.84          0.        0.     9601.
   157.50      8183.      9578.    368629.   4901.83          0.        0.     9578.
   158.00      8178.      9554.    368572.   4901.82          0.        0.     9554.
   158.50      8173.      9531.    368515.   4901.81          0.        0.     9531.
   159.00      8168.      9508.    368458.   4901.80          0.        0.     9508.
   159.50      8163.      9486.    368404.   4901.79          0.        0.     9486.
   160.00      8157.      9464.    368350.   4901.79          0.        0.     9464.
   160.50      8152.      9442.    368296.   4901.78          0.        0.     9442.
   161.00      8147.      9420.    368242.   4901.77          0.        0.     9420.
   161.50      8141.      9399.    368191.   4901.76          0.        0.     9399.
   162.00      8136.      9379.    368140.   4901.75          0.        0.     9379.
   162.50      8130.      9358.    368089.   4901.74          0.        0.     9358.
   163.00      8125.      9337.    368038.   4901.73          0.        0.     9337.
   163.50      8119.      9316.    367987.   4901.73          0.        0.     9316.
   164.00      8113.      9297.    367938.   4901.72          0.        0.     9297.
   164.50      8108.      9277.    367890.   4901.71          0.        0.     9277.
   165.00      8102.      9258.    367842.   4901.70          0.        0.     9258.
   165.50      8096.      9238.    367794.   4901.70          0.        0.     9238.
   166.00      8090.      9219.    367746.   4901.69          0.        0.     9219.
   166.50      8084.      9200.    367701.   4901.68          0.        0.     9200.
   167.00      8078.      9182.    367656.   4901.67          0.        0.     9182.
   167.50      8072.      9164.    367611.   4901.67          0.        0.     9164.
   168.00      8066.      9146.    367566.   4901.66          0.        0.     9146.
   168.50      8060.      9127.    367521.   4901.65          0.        0.     9127.
   169.00      8054.      9109.    367476.   4901.64          0.        0.     9109.
   169.50      8047.      9092.    367434.   4901.64          0.        0.     9092.
   170.00      8040.      9075.    367392.   4901.63          0.        0.     9075.
   170.50      8032.      9058.    367350.   4901.62          0.        0.     9058.
   171.00      8024.      9041.    367308.   4901.62          0.        0.     9041.
   171.50      8016.      9023.    367266.   4901.61          0.        0.     9023.
   172.00      8008.      9006.    367224.   4901.60          0.        0.     9006.
   172.50      7999.      8989.    367182.   4901.60          0.        0.     8989.
   173.00      7990.      8972.    367140.   4901.59          0.        0.     8972.
   173.50      7981.      8956.    367101.   4901.58          0.        0.     8956.
   174.00      7972.      8940.    367062.   4901.58          0.        0.     8940.
   174.50      7962.      8925.    367023.   4901.57          0.        0.     8925.
   175.00      7953.      8909.    366984.   4901.56          0.        0.     8909.
   175.50      7943.      8893.    366945.   4901.56          0.        0.     8893.
   176.00      7933.      8877.    366906.   4901.55          0.        0.     8877.
   176.50      7923.      8861.    366867.   4901.54          0.        0.     8861.
   177.00      7913.      8845.    366827.   4901.54          0.        0.     8845.
   177.50      7903.      8829.    366788.   4901.53          0.        0.     8829.
   178.00      7893.      8813.    366749.   4901.53          0.        0.     8813.
   178.50      7883.      8798.    366710.   4901.52          0.        0.     8798.
   179.00      7873.      8782.    366671.   4901.51          0.        0.     8782.
   179.50      7864.      8767.    366635.   4901.51          0.        0.     8767.
   180.00      7854.      8752.    366599.   4901.50          0.        0.     8752.
   180.50      7844.      8738.    366563.   4901.50          0.        0.     8738.
   181.00      7834.      8723.    366527.   4901.49          0.        0.     8723.
   181.50      7825.      8708.    366491.   4901.48          0.        0.     8708.
   182.00      7816.      8694.    366455.   4901.48          0.        0.     8694.
   182.50      7807.      8679.    366419.   4901.47          0.        0.     8679.
   183.00      7798.      8665.    366383.   4901.47          0.        0.     8665.
   183.50      7789.      8650.    366347.   4901.46          0.        0.     8650.
   184.00      7781.      8635.    366311.   4901.45          0.        0.     8635.
   184.50      7773.      8621.    366275.   4901.45          0.        0.     8621.
   185.00      7765.      8606.    366239.   4901.44          0.        0.     8606.
   185.50      7758.      8591.    366203.   4901.44          0.        0.     8591.
   186.00      7751.      8578.    366170.   4901.43          0.        0.     8578.
   186.50      7744.      8564.    366137.   4901.43          0.        0.     8564.
   187.00      7738.      8551.    366104.   4901.42          0.        0.     8551.
   187.50      7732.      8538.    366071.   4901.42          0.        0.     8538.
   188.00      7727.      8524.    366038.   4901.41          0.        0.     8524.
   188.50      7722.      8511.    366005.   4901.40          0.        0.     8511.
   189.00      7718.      8497.    365972.   4901.40          0.        0.     8497.
   189.50      7714.      8484.    365939.   4901.39          0.        0.     8484.
   190.00      7710.      8470.    365906.   4901.39          0.        0.     8470.
   190.50      7708.      8458.    365876.   4901.38          0.        0.     8458.
   191.00      7705.      8446.    365846.   4901.38          0.        0.     8446.
   191.50      7704.      8434.    365816.   4901.37          0.        0.     8434.
   192.00      7703.      8422.    365786.   4901.37          0.        0.     8422.
   192.50      7703.      8409.    365756.   4901.36          0.        0.     8409.
   193.00      7703.      8397.    365725.   4901.36          0.        0.     8397.
   193.50      7703.      8386.    365698.   4901.35          0.        0.     8386.
   194.00      7703.      8375.    365671.   4901.35          0.        0.     8375.
   194.50      7703.      8364.    365644.   4901.35          0.        0.     8364.
   195.00      7703.      8353.    365617.   4901.34          0.        0.     8353.
   195.50      7703.      8342.    365590.   4901.34          0.        0.     8342.
   196.00      7703.      8331.    365563.   4901.33          0.        0.     8331.
   196.50      7703.      8320.    365536.   4901.33          0.        0.     8320.
   197.00      7703.      8311.    365512.   4901.32          0.        0.     8311.
   197.50      7703.      8301.    365488.   4901.32          0.        0.     8301.
   198.00      7703.      8291.    365464.   4901.32          0.        0.     8291.
   198.50      7703.      8281.    365440.   4901.31          0.        0.     8281.
   199.00      7703.      8271.    365416.   4901.31          0.        0.     8271.
   199.50      7703.      8262.    365392.   4901.30          0.        0.     8262.
   200.00      7703.      8252.    365368.   4901.30          0.        0.     8252.
   200.50      7703.      8243.    365347.   4901.30          0.        0.     8243.
   201.00      7703.      8235.    365326.   4901.29          0.        0.     8235.
   201.50      7703.      8226.    365305.   4901.29          0.        0.     8226.
   202.00      7703.      8218.    365284.   4901.29          0.        0.     8218.
   202.50      7703.      8209.    365263.   4901.28          0.        0.     8209.
   203.00      7703.      8201.    365242.   4901.28          0.        0.     8201.
   203.50      7703.      8192.    365221.   4901.28          0.        0.     8192.
   204.00      7703.      8184.    365200.   4901.27          0.        0.     8184.
   204.50      7703.      8175.    365179.   4901.27          0.        0.     8175.
   205.00      7703.      8168.    365161.   4901.27          0.        0.     8168.
   205.50      7703.      8160.    365143.   4901.26          0.        0.     8160.
   206.00      7703.      8153.    365125.   4901.26          0.        0.     8153.
   206.50      7703.      8146.    365107.   4901.26          0.        0.     8146.
   207.00      7703.      8138.    365089.   4901.26          0.        0.     8138.
   207.50      7703.      8131.    365071.   4901.25          0.        0.     8131.
   208.00      7703.      8124.    365053.   4901.25          0.        0.     8124.
   208.50      7703.      8116.    365035.   4901.25          0.        0.     8116.
   209.00      7703.      8109.    365017.   4901.24          0.        0.     8109.
   209.50      7703.      8102.    364999.   4901.24          0.        0.     8102.
   210.00      7703.      8096.    364984.   4901.24          0.        0.     8096.
   210.50      7703.      8090.    364969.   4901.24          0.        0.     8090.
   211.00      7703.      8083.    364954.   4901.23          0.        0.     8083.
   211.50      7703.      8077.    364939.   4901.23          0.        0.     8077.
   212.00      7703.      8071.    364924.   4901.23          0.        0.     8071.
   212.50      7703.      8065.    364909.   4901.23          0.        0.     8065.
   213.00      7703.      8059.    364894.   4901.22          0.        0.     8059.
   213.50      7703.      8053.    364879.   4901.22          0.        0.     8053.
   214.00      7703.      8047.    364864.   4901.22          0.        0.     8047.
   214.50      7703.      8041.    364849.   4901.22          0.        0.     8041.
   215.00      7703.      8035.    364834.   4901.21          0.        0.     8035.
   215.50      7703.      8029.    364819.   4901.21          0.        0.     8029.
   216.00      7703.      8024.    364807.   4901.21          0.        0.     8024.
   216.50      7703.      8019.    364795.   4901.21          0.        0.     8019.
   217.00      7702.      8014.    364783.   4901.21          0.        0.     8014.
   217.50      7702.      8009.    364771.   4901.20          0.        0.     8009.
   218.00      7700.      8004.    364759.   4901.20          0.        0.     8004.
   218.50      7699.      7999.    364747.   4901.20          0.        0.     7999.
   219.00      7697.      7994.    364735.   4901.20          0.        0.     7994.
   219.50      7694.      7990.    364723.   4901.20          0.        0.     7990.
   220.00      7692.      7985.    364711.   4901.19          0.        0.     7985.
   220.50      7688.      7980.    364699.   4901.19          0.        0.     7980.
   221.00      7685.      7975.    364687.   4901.19          0.        0.     7975.
   221.50      7681.      7970.    364675.   4901.19          0.        0.     7970.
   222.00      7677.      7965.    364663.   4901.19          0.        0.     7965.
   222.50      7672.      7960.    364651.   4901.18          0.        0.     7960.
   223.00      7667.      7955.    364639.   4901.18          0.        0.     7955.
   223.50      7662.      7950.    364627.   4901.18          0.        0.     7950.
   224.00      7656.      7946.    364614.   4901.18          0.        0.     7946.
   224.50      7650.      7941.    364602.   4901.18          0.        0.     7941.
   225.00      7644.      7936.    364590.   4901.17          0.        0.     7936.
   225.50      7638.      7931.    364578.   4901.17          0.        0.     7931.
   226.00      7631.      7926.    364566.   4901.17          0.        0.     7926.
   226.50      7624.      7921.    364554.   4901.17          0.        0.     7921.
   227.00      7617.      7916.    364542.   4901.17          0.        0.     7916.
   227.50      7610.      7911.    364530.   4901.16          0.        0.     7911.
   228.00      7603.      7906.    364518.   4901.16          0.        0.     7906.
   228.50      7595.      7902.    364506.   4901.16          0.        0.     7902.
   229.00      7587.      7897.    364494.   4901.16          0.        0.     7897.
   229.50      7579.      7892.    364482.   4901.16          0.        0.     7892.
   230.00      7571.      7887.    364470.   4901.15          0.        0.     7887.
   230.50      7562.      7882.    364458.   4901.15          0.        0.     7882.
   231.00      7554.      7877.    364446.   4901.15          0.        0.     7877.
   231.50      7545.      7872.    364434.   4901.15          0.        0.     7872.
   232.00      7537.      7866.    364419.   4901.15          0.        0.     7866.
   232.50      7528.      7860.    364404.   4901.14          0.        0.     7860.
   233.00      7519.      7854.    364389.   4901.14          0.        0.     7854.
   233.50      7510.      7848.    364374.   4901.14          0.        0.     7848.
   234.00      7501.      7842.    364359.   4901.14          0.        0.     7842.
   234.50      7492.      7836.    364344.   4901.13          0.        0.     7836.
   235.00      7483.      7830.    364329.   4901.13          0.        0.     7830.
   235.50      7474.      7823.    364314.   4901.13          0.        0.     7823.
   236.00      7465.      7817.    364299.   4901.13          0.        0.     7817.
   236.50      7456.      7811.    364284.   4901.12          0.        0.     7811.
   237.00      7447.      7805.    364269.   4901.12          0.        0.     7805.
   237.50      7438.      7799.    364254.   4901.12          0.        0.     7799.
   238.00      7429.      7793.    364239.   4901.12          0.        0.     7793.
   238.50      7420.      7787.    364224.   4901.11          0.        0.     7787.
   239.00      7412.      7781.    364209.   4901.11          0.        0.     7781.
   239.50      7403.      7775.    364194.   4901.11          0.        0.     7775.
   240.00      7394.      7769.    364179.   4901.11          0.        0.     7769.
   240.50      7386.      7762.    364164.   4901.10          0.        0.     7762.
   241.00      7377.      7756.    364149.   4901.10          0.        0.     7756.
   241.50      7367.      7750.    364134.   4901.10          0.        0.     7750.
   242.00      7357.      7744.    364119.   4901.10          0.        0.     7744.
   242.50      7346.      7738.    364104.   4901.10          0.        0.     7738.
   243.00      7335.      7732.    364089.   4901.09          0.        0.     7732.
   243.50      7323.      7726.    364074.   4901.09          0.        0.     7726.
   244.00      7310.      7719.    364056.   4901.09          0.        0.     7719.
   244.50      7297.      7711.    364038.   4901.08          0.        0.     7711.
   245.00      7284.      7704.    364020.   4901.08          0.        0.     7704.
   245.50      7270.      7697.    364002.   4901.08          0.        0.     7697.
   246.00      7256.      7689.    363984.   4901.08          0.        0.     7689.
   246.50      7241.      7682.    363966.   4901.07          0.        0.     7682.
   247.00      7226.      7675.    363948.   4901.07          0.        0.     7675.
   247.50      7211.      7667.    363930.   4901.07          0.        0.     7667.
   248.00      7196.      7660.    363912.   4901.06          0.        0.     7660.
   248.50      7180.      7653.    363894.   4901.06          0.        0.     7653.
   249.00      7164.      7644.    363873.   4901.06          0.        0.     7644.
   249.50      7149.      7635.    363852.   4901.05          0.        0.     7635.
   250.00      7133.      7627.    363831.   4901.05          0.        0.     7627.
   250.50      7117.      7618.    363810.   4901.05          0.        0.     7618.
   251.00      7101.      7610.    363789.   4901.04          0.        0.     7610.
   251.50      7085.      7601.    363768.   4901.04          0.        0.     7601.
   252.00      7070.      7593.    363747.   4901.04          0.        0.     7593.
   252.50      7054.      7584.    363726.   4901.03          0.        0.     7584.
   253.00      7039.      7576.    363705.   4901.03          0.        0.     7576.
   253.50      7024.      7567.    363684.   4901.03          0.        0.     7567.
   254.00      7009.      7557.    363660.   4901.02          0.        0.     7557.
   254.50      6994.      7548.    363636.   4901.02          0.        0.     7548.
   255.00      6980.      7538.    363612.   4901.02          0.        0.     7538.
   255.50      6966.      7528.    363588.   4901.01          0.        0.     7528.
   256.00      6953.      7518.    363564.   4901.01          0.        0.     7518.
   256.50      6940.      7509.    363540.   4901.00          0.        0.     7509.
   257.00      6927.      7499.    363516.   4901.00          0.        0.     7499.
   257.50      6915.      7489.    363491.   4901.00          0.        0.     7489.
   258.00      6904.      7479.    363467.   4900.99          0.        0.     7479.
   258.50      6893.      7469.    363443.   4900.99          0.        0.     7469.
   259.00      6883.      7460.    363419.   4900.98          0.        0.     7460.
   259.50      6873.      7450.    363395.   4900.98          0.        0.     7450.
   260.00      6864.      7440.    363371.   4900.98          0.        0.     7440.
   260.50      6856.      7430.    363347.   4900.97          0.        0.     7430.
   261.00      6849.      7421.    363323.   4900.97          0.        0.     7421.
   261.50      6843.      7411.    363299.   4900.96          0.        0.     7411.
   262.00      6837.      7401.    363275.   4900.96          0.        0.     7401.
   262.50      6832.      7391.    363251.   4900.96          0.        0.     7391.
   263.00      6829.      7382.    363227.   4900.95          0.        0.     7382.
   263.50      6826.      7372.    363203.   4900.95          0.        0.     7372.
   264.00      6825.      7363.    363182.   4900.95          0.        0.     7363.
   264.50      6824.      7355.    363161.   4900.94          0.        0.     7355.
   265.00      6824.      7346.    363140.   4900.94          0.        0.     7346.
   265.50      6824.      7338.    363119.   4900.94          0.        0.     7338.
   266.00      6825.      7329.    363098.   4900.93          0.        0.     7329.
   266.50      6825.      7321.    363077.   4900.93          0.        0.     7321.
   267.00      6826.      7312.    363056.   4900.92          0.        0.     7312.
   267.50      6827.      7303.    363035.   4900.92          0.        0.     7303.
   268.00      6828.      7296.    363017.   4900.92          0.        0.     7296.
   268.50      6829.      7289.    362999.   4900.92          0.        0.     7289.
   269.00      6830.      7281.    362981.   4900.91          0.        0.     7281.
   269.50      6831.      7274.    362963.   4900.91          0.        0.     7274.
   270.00      6832.      7267.    362945.   4900.91          0.        0.     7267.
   270.50      6834.      7260.    362927.   4900.90          0.        0.     7260.
   271.00      6835.      7252.    362909.   4900.90          0.        0.     7252.
   271.50      6837.      7245.    362891.   4900.90          0.        0.     7245.
   272.00      6838.      7238.    362873.   4900.90          0.        0.     7238.
   272.50      6840.      7231.    362858.   4900.89          0.        0.     7231.
   273.00      6842.      7225.    362843.   4900.89          0.        0.     7225.
   273.50      6843.      7219.    362828.   4900.89          0.        0.     7219.
   274.00      6845.      7213.    362813.   4900.89          0.        0.     7213.
   274.50      6847.      7207.    362798.   4900.88          0.        0.     7207.
   275.00      6849.      7201.    362783.   4900.88          0.        0.     7201.
   275.50      6851.      7195.    362768.   4900.88          0.        0.     7195.
   276.00      6853.      7189.    362753.   4900.88          0.        0.     7189.
   276.50      6855.      7183.    362738.   4900.87          0.        0.     7183.
   277.00      6857.      7178.    362726.   4900.87          0.        0.     7178.
   277.50      6858.      7173.    362714.   4900.87          0.        0.     7173.
   278.00      6860.      7168.    362702.   4900.87          0.        0.     7168.
   278.50      6862.      7163.    362690.   4900.87          0.        0.     7163.
   279.00      6864.      7158.    362678.   4900.86          0.        0.     7158.
   279.50      6866.      7153.    362666.   4900.86          0.        0.     7153.
   280.00      6868.      7148.    362654.   4900.86          0.        0.     7148.
   280.50      6869.      7144.    362642.   4900.86          0.        0.     7144.
   281.00      6871.      7139.    362630.   4900.86          0.        0.     7139.
   281.50      6873.      7134.    362618.   4900.85          0.        0.     7134.
   282.00      6874.      7129.    362606.   4900.85          0.        0.     7129.
   282.50      6876.      7125.    362597.   4900.85          0.        0.     7125.
   283.00      6877.      7122.    362588.   4900.85          0.        0.     7122.
   283.50      6878.      7118.    362579.   4900.85          0.        0.     7118.
   284.00      6880.      7114.    362570.   4900.85          0.        0.     7114.
   284.50      6881.      7111.    362561.   4900.84          0.        0.     7111.
   285.00      6882.      7107.    362552.   4900.84          0.        0.     7107.
   285.50      6883.      7103.    362543.   4900.84          0.        0.     7103.
   286.00      6883.      7100.    362534.   4900.84          0.        0.     7100.
   286.50      6884.      7096.    362525.   4900.84          0.        0.     7096.
   287.00      6885.      7092.    362516.   4900.84          0.        0.     7092.
   287.50      6885.      7089.    362507.   4900.84          0.        0.     7089.
   288.00      6885.      7085.    362498.   4900.83          0.        0.     7085.
   288.50      6885.      7081.    362489.   4900.83          0.        0.     7081.
   289.00      6885.      7078.    362480.   4900.83          0.        0.     7078.
   289.50      6884.      7074.    362471.   4900.83          0.        0.     7074.
   290.00      6883.      7070.    362462.   4900.83          0.        0.     7070.
   290.50      6881.      7067.    362453.   4900.83          0.        0.     7067.
   291.00      6879.      7063.    362444.   4900.83          0.        0.     7063.
   291.50      6876.      7059.    362435.   4900.82          0.        0.     7059.
   292.00      6873.      7056.    362426.   4900.82          0.        0.     7056.
   292.50      6870.      7052.    362417.   4900.82          0.        0.     7052.
   293.00      6866.      7048.    362408.   4900.82          0.        0.     7048.
   293.50      6862.      7045.    362399.   4900.82          0.        0.     7045.
   294.00      6857.      7041.    362390.   4900.82          0.        0.     7041.
   294.50      6852.      7037.    362380.   4900.81          0.        0.     7037.
   295.00      6847.      7034.    362371.   4900.81          0.        0.     7034.
   295.50      6842.      7030.    362362.   4900.81          0.        0.     7030.
   296.00      6836.      7026.    362353.   4900.81          0.        0.     7026.
   296.50      6830.      7023.    362344.   4900.81          0.        0.     7023.
   297.00      6824.      7019.    362335.   4900.81          0.        0.     7019.
   297.50      6817.      7015.    362326.   4900.81          0.        0.     7015.
   298.00      6811.      7012.    362317.   4900.80          0.        0.     7012.
   298.50      6804.      7008.    362308.   4900.80          0.        0.     7008.
   299.00      6797.      7004.    362299.   4900.80          0.        0.     7004.
   299.50      6790.      7001.    362290.   4900.80          0.        0.     7001.
   300.00      6783.      6997.    362281.   4900.80          0.        0.     6997.
   300.50      6776.      6993.    362272.   4900.80          0.        0.     6993.
   301.00      6769.      6990.    362263.   4900.80          0.        0.     6990.
   301.50      6761.      6986.    362254.   4900.79          0.        0.     6986.
   302.00      6754.      6982.    362245.   4900.79          0.        0.     6982.
   302.50      6747.      6979.    362236.   4900.79          0.        0.     6979.
   303.00      6739.      6975.    362227.   4900.79          0.        0.     6975.
   303.50      6732.      6971.    362218.   4900.79          0.        0.     6971.
   304.00      6725.      6968.    362209.   4900.79          0.        0.     6968.
   304.50      6718.      6964.    362200.   4900.79          0.        0.     6964.
   305.00      6711.      6960.    362191.   4900.78          0.        0.     6960.
   305.50      6704.      6957.    362182.   4900.78          0.        0.     6957.
   306.00      6697.      6953.    362173.   4900.78          0.        0.     6953.
   306.50      6690.      6948.    362161.   4900.78          0.        0.     6948.
   307.00      6684.      6943.    362149.   4900.78          0.        0.     6943.
   307.50      6678.      6938.    362137.   4900.78          0.        0.     6938.
   308.00      6672.      6934.    362125.   4900.77          0.        0.     6934.
   308.50      6666.      6929.    362113.   4900.77          0.        0.     6929.
   309.00      6660.      6924.    362101.   4900.77          0.        0.     6924.
   309.50      6655.      6919.    362089.   4900.77          0.        0.     6919.
   310.00      6650.      6914.    362077.   4900.77          0.        0.     6914.
   310.50      6645.      6909.    362065.   4900.76          0.        0.     6909.
   311.00      6641.      6904.    362053.   4900.76          0.        0.     6904.
   311.50      6637.      6899.    362041.   4900.76          0.        0.     6899.
   312.00      6633.      6895.    362029.   4900.76          0.        0.     6895.
   312.50      6630.      6890.    362017.   4900.76          0.        0.     6890.
   313.00      6627.      6885.    362005.   4900.75          0.        0.     6885.
   313.50      6624.      6880.    361993.   4900.75          0.        0.     6880.
   314.00      6621.      6875.    361981.   4900.75          0.        0.     6875.
   314.50      6619.      6871.    361972.   4900.75          0.        0.     6871.
   315.00      6616.      6868.    361963.   4900.75          0.        0.     6868.
   315.50      6614.      6864.    361954.   4900.75          0.        0.     6864.
   316.00      6611.      6860.    361945.   4900.74          0.        0.     6860.
   316.50      6609.      6857.    361936.   4900.74          0.        0.     6857.
   317.00      6607.      6853.    361927.   4900.74          0.        0.     6853.
   317.50      6604.      6849.    361918.   4900.74          0.        0.     6849.
   318.00      6602.      6846.    361909.   4900.74          0.        0.     6846.
   318.50      6600.      6842.    361900.   4900.74          0.        0.     6842.
   319.00      6598.      6838.    361891.   4900.74          0.        0.     6838.
   319.50      6596.      6835.    361882.   4900.73          0.        0.     6835.
   320.00      6594.      6831.    361873.   4900.73          0.        0.     6831.
   320.50      6593.      6827.    361864.   4900.73          0.        0.     6827.
   321.00      6591.      6824.    361855.   4900.73          0.        0.     6824.
   321.50      6589.      6820.    361846.   4900.73          0.        0.     6820.
   322.00      6587.      6816.    361837.   4900.73          0.        0.     6816.
   322.50      6586.      6813.    361828.   4900.73          0.        0.     6813.
   323.00      6584.      6809.    361819.   4900.72          0.        0.     6809.
   323.50      6582.      6805.    361810.   4900.72          0.        0.     6805.
   324.00      6580.      6802.    361801.   4900.72          0.        0.     6802.
   324.50      6579.      6798.    361792.   4900.72          0.        0.     6798.
   325.00      6577.      6794.    361783.   4900.72          0.        0.     6794.
   325.50      6575.      6791.    361774.   4900.72          0.        0.     6791.
   326.00      6574.      6787.    361765.   4900.71          0.        0.     6787.
   326.50      6572.      6783.    361756.   4900.71          0.        0.     6783.
   327.00      6570.      6780.    361747.   4900.71          0.        0.     6780.
   327.50      6569.      6776.    361738.   4900.71          0.        0.     6776.
   328.00      6567.      6772.    361729.   4900.71          0.        0.     6772.
   328.50      6565.      6769.    361720.   4900.71          0.        0.     6769.
   329.00      6563.      6765.    361711.   4900.71          0.        0.     6765.
   329.50      6561.      6761.    361702.   4900.70          0.        0.     6761.
   330.00      6559.      6758.    361693.   4900.70          0.        0.     6758.
   330.50      6557.      6754.    361684.   4900.70          0.        0.     6754.
   331.00      6555.      6750.    361675.   4900.70          0.        0.     6750.
   331.50      6553.      6747.    361666.   4900.70          0.        0.     6747.
   332.00      6551.      6743.    361657.   4900.70          0.        0.     6743.
   332.50      6549.      6740.    361648.   4900.70          0.        0.     6740.
   333.00      6546.      6736.    361639.   4900.69          0.        0.     6736.
   333.50      6544.      6732.    361630.   4900.69          0.        0.     6732.
   334.00      6542.      6729.    361621.   4900.69          0.        0.     6729.
   334.50      6539.      6725.    361612.   4900.69          0.        0.     6725.
   335.00      6536.      6721.    361603.   4900.69          0.        0.     6721.
   335.50      6534.      6718.    361594.   4900.69          0.        0.     6718.
   336.00      6531.      6714.    361585.   4900.69          0.        0.     6714.
   336.50      6528.      6710.    361576.   4900.68          0.        0.     6710.
   337.00      6525.      6708.    361570.   4900.68          0.        0.     6708.
   337.50      6521.      6704.    361561.   4900.68          0.        0.     6704.
   338.00      6518.      6700.    361552.   4900.68          0.        0.     6700.
   338.50      6514.      6697.    361543.   4900.68          0.        0.     6697.
   339.00      6511.      6693.    361534.   4900.68          0.        0.     6693.
   339.50      6507.      6689.    361525.   4900.68          0.        0.     6689.
   340.00      6503.      6686.    361516.   4900.67          0.        0.     6686.
   340.50      6499.      6682.    361507.   4900.67          0.        0.     6682.
   341.00      6495.      6678.    361498.   4900.67          0.        0.     6678.
   341.50      6491.      6675.    361489.   4900.67          0.        0.     6675.
   342.00      6486.      6671.    361480.   4900.67          0.        0.     6671.
   342.50      6482.      6667.    361471.   4900.67          0.        0.     6667.
   343.00      6477.      6664.    361462.   4900.67          0.        0.     6664.
   343.50      6473.      6660.    361453.   4900.66          0.        0.     6660.
   344.00      6468.      6656.    361444.   4900.66          0.        0.     6656.
   344.50      6463.      6653.    361435.   4900.66          0.        0.     6653.
   345.00      6458.      6649.    361426.   4900.66          0.        0.     6649.
   345.50      6453.      6646.    361417.   4900.66          0.        0.     6646.
   346.00      6448.      6642.    361408.   4900.66          0.        0.     6642.
   346.50      6443.      6638.    361399.   4900.66          0.        0.     6638.
   347.00      6437.      6635.    361390.   4900.65          0.        0.     6635.
   347.50      6432.      6631.    361381.   4900.65          0.        0.     6631.
   348.00      6427.      6627.    361372.   4900.65          0.        0.     6627.
   348.50      6421.      6624.    361363.   4900.65          0.        0.     6624.
   349.00      6415.      6620.    361354.   4900.65          0.        0.     6620.
   349.50      6410.      6616.    361345.   4900.65          0.        0.     6616.
   350.00      6404.      6613.    361336.   4900.65          0.        0.     6613.
   350.50      6398.      6609.    361327.   4900.64          0.        0.     6609.
   351.00      6392.      6605.    361318.   4900.64          0.        0.     6605.
   351.50      6386.      6602.    361309.   4900.64          0.        0.     6602.
   352.00      6380.      6598.    361300.   4900.64          0.        0.     6598.
   352.50      6374.      6594.    361291.   4900.64          0.        0.     6594.
   353.00      6368.      6591.    361282.   4900.64          0.        0.     6591.
   353.50      6362.      6587.    361273.   4900.63          0.        0.     6587.
   354.00      6356.      6583.    361263.   4900.63          0.        0.     6583.
   354.50      6350.      6580.    361254.   4900.63          0.        0.     6580.
   355.00      6343.      6576.    361245.   4900.63          0.        0.     6576.
   355.50      6337.      6572.    361236.   4900.63          0.        0.     6572.
   356.00      6331.      6569.    361227.   4900.63          0.        0.     6569.
   356.50      6324.      6565.    361218.   4900.63          0.        0.     6565.
   357.00      6318.      6561.    361209.   4900.62          0.        0.     6561.
   357.50      6311.      6558.    361200.   4900.62          0.        0.     6558.
   358.00      6305.      6554.    361191.   4900.62          0.        0.     6554.
   358.50      6298.      6550.    361182.   4900.62          0.        0.     6550.
   359.00      6292.      6547.    361173.   4900.62          0.        0.     6547.
   359.50      6285.      6542.    361161.   4900.62          0.        0.     6542.
   360.00      6279.      6537.    361149.   4900.61          0.        0.     6537.
1



      INFLOW DATA                           STORAGE DATA
      ***********                           ************
     TIME    INFLOW                     ELEVATION     STORAGE

     0.50      5527.                      4753.20          0.
     1.00      5557.                      4754.00          5.
     1.50      5587.                      4760.00        853.
     2.00      5617.                      4770.00       5056.
     2.50      5647.                      4780.00      11677.
     3.00      5677.                      4790.00      20701.
     3.50      5707.                      4800.00      32214.
     4.00      5737.                      4810.00      46676.
     4.50      5766.                      4820.00      64861.
     5.00      5796.                      4830.00      86629.
     5.50      5825.                      4840.00     112286.
     6.00      5855.                      4850.00     141401.
     6.50      5884.                      4860.00     174439.
     7.00      5913.                      4870.00     212059.
     7.50      5941.                      4880.00     254696.
     8.00      5970.                      4890.00     303066.
     8.50      5999.                      4900.00     357369.
     9.00      6027.                      4910.00     418864.
     9.50      6056.                      4920.00     488871.
    10.00      6084.                      4924.00     519654.
    10.50      6112.                      4924.50     523636.
    11.00      6140.                      4925.00     527626.
    11.50      6167.                      4925.50     531626.
    12.00      6195.                      4926.00     535626.
    12.50      6222.                      4930.00     569747.
    13.00      6249.                      4935.00     604527.
    13.50      6276.
    14.00      6303.
    14.50      6330.
    15.00      6357.
    15.50      6383.
    16.00      6409.
    16.50      6435.
    17.00      6461.
    17.50      6487.
    18.00      6512.
    18.50      6537.
    19.00      6562.
    19.50      6587.
    20.00      6612.
    20.50      6636.
    21.00      6661.
    21.50      6685.
    22.00      6708.
    22.50      6732.
    23.00      6755.
    23.50      6778.
    24.00      6801.
    24.50      6824.
    25.00      6846.
    25.50      6869.
    26.00      6890.
    26.50      6912.
    27.00      6934.
    27.50      6955.
    28.00      6976.
    28.50      6997.
    29.00      7017.
    29.50      7038.
    30.00      7058.
    30.50      7078.
    31.00      7098.
    31.50      7117.
    32.00      7137.
    32.50      7156.
    33.00      7175.
    33.50      7195.
    34.00      7214.
    34.50      7233.
    35.00      7251.
    35.50      7270.
    36.00      7289.
    36.50      7307.
    37.00      7326.
    37.50      7344.
    38.00      7363.
    38.50      7381.
    39.00      7399.
    39.50      7418.
    40.00      7436.
    40.50      7454.
    41.00      7473.
    41.50      7491.
    42.00      7509.
    42.50      7528.
    43.00      7546.
    43.50      7565.
    44.00      7583.
    44.50      7602.
    45.00      7620.
    45.50      7639.
    46.00      7658.
    46.50      7677.
    47.00      7696.
    47.50      7715.
    48.00      7734.
    48.50      7754.
    49.00      7773.
    49.50      7794.
    50.00      7815.
    50.50      7838.
    51.00      7860.
    51.50      7883.
    52.00      7907.
    52.50      7931.
    53.00      7956.
    53.50      7981.
    54.00      8006.
    54.50      8032.
    55.00      8058.
    55.50      8084.
    56.00      8110.
    56.50      8136.
    57.00      8162.
    57.50      8197.
    58.00      8267.
    58.50      8352.
    59.00      8445.
    59.50      8558.
    60.00      8771.
    60.50      9206.
    61.00      9884.
    61.50     10937.
    62.00     13290.
    62.50     23833.
    63.00     79934.
    63.50    110646.
    64.00    126974.
    64.50    139813.
    65.00    151779.
    65.50    163658.
    66.00    175249.
    66.50    185388.
    67.00    193999.
    67.50    201889.
    68.00    209907.
    68.50    218358.
    69.00    226838.
    69.50    234648.
    70.00    241263.
    70.50    246490.
    71.00    250262.
    71.50    252473.
    72.00    253132.
    72.50    252581.
    73.00    251398.
    73.50    250033.
    74.00    248583.
    74.50    247009.
    75.00    245312.
    75.50    243457.
    76.00    241237.
    76.50    238504.
    77.00    235423.
    77.50    232431.
    78.00    228903.
    78.50    224594.
    79.00    219775.
    79.50    214614.
    80.00    209152.
    80.50    203410.
    81.00    197408.
    81.50    191215.
    82.00    184928.
    82.50    178594.
    83.00    172237.
    83.50    165843.
    84.00    159433.
    84.50    153005.
    85.00    146580.
    85.50    140184.
    86.00    133831.
    86.50    127577.
    87.00    121461.
    87.50    115551.
    88.00    109881.
    88.50    104503.
    89.00     99434.
    89.50     94660.
    90.00     90151.
    90.50     85903.
    91.00     81894.
    91.50     78093.
    92.00     74489.
    92.50     71100.
    93.00     67611.
    93.50     64161.
    94.00     60757.
    94.50     57506.
    95.00     54455.
    95.50     51625.
    96.00     48987.
    96.50     46523.
    97.00     44220.
    97.50     42146.
    98.00     40231.
    98.50     38486.
    99.00     36846.
    99.50     35281.
   100.00     33893.
   100.50     32548.
   101.00     31373.
   101.50     30176.
   102.00     29092.
   102.50     28095.
   103.00     27137.
   103.50     26240.
   104.00     25399.
   104.50     24668.
   105.00     23951.
   105.50     23260.
   106.00     22609.
   106.50     22008.
   107.00     21445.
   107.50     20943.
   108.00     20475.
   108.50     20011.
   109.00     19554.
   109.50     19114.
   110.00     18697.
   110.50     18305.
   111.00     17940.
   111.50     17608.
   112.00     17302.
   112.50     16996.
   113.00     16707.
   113.50     16444.
   114.00     16198.
   114.50     15950.
   115.00     15703.
   115.50     15462.
   116.00     15231.
   116.50     15028.
   117.00     14843.
   117.50     14664.
   118.00     14487.
   118.50     14320.
   119.00     14162.
   119.50     14005.
   120.00     13853.
   120.50     13715.
   121.00     13580.
   121.50     13446.
   122.00     13313.
   122.50     13190.
   123.00     13072.
   123.50     12955.
   124.00     12842.
   124.50     12733.
   125.00     12631.
   125.50     12535.
   126.00     12440.
   126.50     12346.
   127.00     12254.
   127.50     12166.
   128.00     12081.
   128.50     11999.
   129.00      8502.
   129.50      8497.
   130.00      8492.
   130.50      8486.
   131.00      8480.
   131.50      8474.
   132.00      8469.
   132.50      8462.
   133.00      8456.
   133.50      8450.
   134.00      8444.
   134.50      8438.
   135.00      8431.
   135.50      8425.
   136.00      8418.
   136.50      8412.
   137.00      8406.
   137.50      8399.
   138.00      8393.
   138.50      8386.
   139.00      8380.
   139.50      8374.
   140.00      8367.
   140.50      8361.
   141.00      8355.
   141.50      8349.
   142.00      8343.
   142.50      8337.
   143.00      8332.
   143.50      8326.
   144.00      8321.
   144.50      8315.
   145.00      8310.
   145.50      8305.
   146.00      8300.
   146.50      8295.
   147.00      8290.
   147.50      8285.
   148.00      8280.
   148.50      8274.
   149.00      8269.
   149.50      8264.
   150.00      8259.
   150.50      8254.
   151.00      8249.
   151.50      8244.
   152.00      8239.
   152.50      8234.
   153.00      8229.
   153.50      8224.
   154.00      8219.
   154.50      8214.
   155.00      8209.
   155.50      8204.
   156.00      8199.
   156.50      8194.
   157.00      8189.
   157.50      8183.
   158.00      8178.
   158.50      8173.
   159.00      8168.
   159.50      8163.
   160.00      8157.
   160.50      8152.
   161.00      8147.
   161.50      8141.
   162.00      8136.
   162.50      8130.
   163.00      8125.
   163.50      8119.
   164.00      8113.
   164.50      8108.
   165.00      8102.
   165.50      8096.
   166.00      8090.
   166.50      8084.
   167.00      8078.
   167.50      8072.
   168.00      8066.
   168.50      8060.
   169.00      8054.
   169.50      8047.
   170.00      8040.
   170.50      8032.
   171.00      8024.
   171.50      8016.
   172.00      8008.
   172.50      7999.
   173.00      7990.
   173.50      7981.
   174.00      7972.
   174.50      7962.
   175.00      7953.
   175.50      7943.
   176.00      7933.
   176.50      7923.
   177.00      7913.
   177.50      7903.
   178.00      7893.
   178.50      7883.
   179.00      7873.
   179.50      7864.
   180.00      7854.
   180.50      7844.
   181.00      7834.
   181.50      7825.
   182.00      7816.
   182.50      7807.
   183.00      7798.
   183.50      7789.
   184.00      7781.
   184.50      7773.
   185.00      7765.
   185.50      7758.
   186.00      7751.
   186.50      7744.
   187.00      7738.
   187.50      7732.
   188.00      7727.
   188.50      7722.
   189.00      7718.
   189.50      7714.
   190.00      7710.
   190.50      7708.
   191.00      7705.
   191.50      7704.
   192.00      7703.
   192.50      7703.
   193.00      7703.
   193.50      7703.
   194.00      7703.
   194.50      7703.
   195.00      7703.
   195.50      7703.
   196.00      7703.
   196.50      7703.
   197.00      7703.
   197.50      7703.
   198.00      7703.
   198.50      7703.
   199.00      7703.
   199.50      7703.
   200.00      7703.
   200.50      7703.
   201.00      7703.
   201.50      7703.
   202.00      7703.
   202.50      7703.
   203.00      7703.
   203.50      7703.
   204.00      7703.
   204.50      7703.
   205.00      7703.
   205.50      7703.
   206.00      7703.
   206.50      7703.
   207.00      7703.
   207.50      7703.
   208.00      7703.
   208.50      7703.
   209.00      7703.
   209.50      7703.
   210.00      7703.
   210.50      7703.
   211.00      7703.
   211.50      7703.
   212.00      7703.
   212.50      7703.
   213.00      7703.
   213.50      7703.
   214.00      7703.
   214.50      7703.
   215.00      7703.
   215.50      7703.
   216.00      7703.
   216.50      7703.
   217.00      7702.
   217.50      7702.
   218.00      7700.
   218.50      7699.
   219.00      7697.
   219.50      7694.
   220.00      7692.
   220.50      7688.
   221.00      7685.
   221.50      7681.
   222.00      7677.
   222.50      7672.
   223.00      7667.
   223.50      7662.
   224.00      7656.
   224.50      7650.
   225.00      7644.
   225.50      7638.
   226.00      7631.
   226.50      7624.
   227.00      7617.
   227.50      7610.
   228.00      7603.
   228.50      7595.
   229.00      7587.
   229.50      7579.
   230.00      7571.
   230.50      7562.
   231.00      7554.
   231.50      7545.
   232.00      7537.
   232.50      7528.
   233.00      7519.
   233.50      7510.
   234.00      7501.
   234.50      7492.
   235.00      7483.
   235.50      7474.
   236.00      7465.
   236.50      7456.
   237.00      7447.
   237.50      7438.
   238.00      7429.
   238.50      7420.
   239.00      7412.
   239.50      7403.
   240.00      7394.
   240.50      7386.
   241.00      7377.
   241.50      7367.
   242.00      7357.
   242.50      7346.
   243.00      7335.
   243.50      7323.
   244.00      7310.
   244.50      7297.
   245.00      7284.
   245.50      7270.
   246.00      7256.
   246.50      7241.
   247.00      7226.
   247.50      7211.
   248.00      7196.
   248.50      7180.
   249.00      7164.
   249.50      7149.
   250.00      7133.
   250.50      7117.
   251.00      7101.
   251.50      7085.
   252.00      7070.
   252.50      7054.
   253.00      7039.
   253.50      7024.
   254.00      7009.
   254.50      6994.
   255.00      6980.
   255.50      6966.
   256.00      6953.
   256.50      6940.
   257.00      6927.
   257.50      6915.
   258.00      6904.
   258.50      6893.
   259.00      6883.
   259.50      6873.
   260.00      6864.
   260.50      6856.
   261.00      6849.
   261.50      6843.
   262.00      6837.
   262.50      6832.
   263.00      6829.
   263.50      6826.
   264.00      6825.
   264.50      6824.
   265.00      6824.
   265.50      6824.
   266.00      6825.
   266.50      6825.
   267.00      6826.
   267.50      6827.
   268.00      6828.
   268.50      6829.
   269.00      6830.
   269.50      6831.
   270.00      6832.
   270.50      6834.
   271.00      6835.
   271.50      6837.
   272.00      6838.
   272.50      6840.
   273.00      6842.
   273.50      6843.
   274.00      6845.
   274.50      6847.
   275.00      6849.
   275.50      6851.
   276.00      6853.
   276.50      6855.
   277.00      6857.
   277.50      6858.
   278.00      6860.
   278.50      6862.
   279.00      6864.
   279.50      6866.
   280.00      6868.
   280.50      6869.
   281.00      6871.
   281.50      6873.
   282.00      6874.
   282.50      6876.
   283.00      6877.
   283.50      6878.
   284.00      6880.
   284.50      6881.
   285.00      6882.
   285.50      6883.
   286.00      6883.
   286.50      6884.
   287.00      6885.
   287.50      6885.
   288.00      6885.
   288.50      6885.
   289.00      6885.
   289.50      6884.
   290.00      6883.
   290.50      6881.
   291.00      6879.
   291.50      6876.
   292.00      6873.
   292.50      6870.
   293.00      6866.
   293.50      6862.
   294.00      6857.
   294.50      6852.
   295.00      6847.
   295.50      6842.
   296.00      6836.
   296.50      6830.
   297.00      6824.
   297.50      6817.
   298.00      6811.
   298.50      6804.
   299.00      6797.
   299.50      6790.
   300.00      6783.
   300.50      6776.
   301.00      6769.
   301.50      6761.
   302.00      6754.
   302.50      6747.
   303.00      6739.
   303.50      6732.
   304.00      6725.
   304.50      6718.
   305.00      6711.
   305.50      6704.
   306.00      6697.
   306.50      6690.
   307.00      6684.
   307.50      6678.
   308.00      6672.
   308.50      6666.
   309.00      6660.
   309.50      6655.
   310.00      6650.
   310.50      6645.
   311.00      6641.
   311.50      6637.
   312.00      6633.
   312.50      6630.
   313.00      6627.
   313.50      6624.
   314.00      6621.
   314.50      6619.
   315.00      6616.
   315.50      6614.
   316.00      6611.
   316.50      6609.
   317.00      6607.
   317.50      6604.
   318.00      6602.
   318.50      6600.
   319.00      6598.
   319.50      6596.
   320.00      6594.
   320.50      6593.
   321.00      6591.
   321.50      6589.
   322.00      6587.
   322.50      6586.
   323.00      6584.
   323.50      6582.
   324.00      6580.
   324.50      6579.
   325.00      6577.
   325.50      6575.
   326.00      6574.
   326.50      6572.
   327.00      6570.
   327.50      6569.
   328.00      6567.
   328.50      6565.
   329.00      6563.
   329.50      6561.
   330.00      6559.
   330.50      6557.
   331.00      6555.
   331.50      6553.
   332.00      6551.
   332.50      6549.
   333.00      6546.
   333.50      6544.
   334.00      6542.
   334.50      6539.
   335.00      6536.
   335.50      6534.
   336.00      6531.
   336.50      6528.
   337.00      6525.
   337.50      6521.
   338.00      6518.
   338.50      6514.
   339.00      6511.
   339.50      6507.
   340.00      6503.
   340.50      6499.
   341.00      6495.
   341.50      6491.
   342.00      6486.
   342.50      6482.
   343.00      6477.
   343.50      6473.
   344.00      6468.
   344.50      6463.
   345.00      6458.
   345.50      6453.
   346.00      6448.
   346.50      6443.
   347.00      6437.
   347.50      6432.
   348.00      6427.
   348.50      6421.
   349.00      6415.
   349.50      6410.
   350.00      6404.
   350.50      6398.
   351.00      6392.
   351.50      6386.
   352.00      6380.
   352.50      6374.
   353.00      6368.
   353.50      6362.
   354.00      6356.
   354.50      6350.
   355.00      6343.
   355.50      6337.
   356.00      6331.
   356.50      6324.
   357.00      6318.
   357.50      6311.
   358.00      6305.
   358.50      6298.
   359.00      6292.
   359.50      6285.
   360.00      6279.
1


  DISCHARGE VS ELEVATION
  **********************
  ELEVATION  DISCHARGE

    4880.49      5000.
    4890.00      5000.
    4898.70      5000.
    4900.00      5000.
    4902.00     10000.
    4904.00     22500.
    4906.00     37500.
    4908.00     56000.
    4910.00     77000.
    4912.00    100000.
    4914.00    125000.
    4916.00    153000.
    4920.00    212000.
    4924.00    270000.
    4928.00    328000.
    4930.00    357000.
    4935.00    429500.