
                     UNITED STATES BUREAU OF RECLAMATION
                       ENGINEERING AND RESEARCH CENTER

                            FLOOD ROUTING FOR DAMS
                            ----------------------

      FEATURE: Pueblo Dam                               DATE    **/ 1/  26
      FLOOD: TREX Test Run & PMF snow                   TIME    **:**:03.**
      TITLE: Full TREX Routing             
      DATA FILE: fs12-8sn.in                                                    

      FLOOD ROUTING SUMMARY
      *********************

         BEGINNING HOUR OF ROUTING.......................      0.50
         ENDING HOUR OF ROUTING..........................    360.00
         INITIAL RESERVOIR ELEVATION.....................   4880.49 FT
         MINIMUM OR NORMAL POOL ELEV.....................   4880.49 FT
         MAXIMUM RESERVOIR ELEVATION.....   4916.18 AT HOUR   82.50
         INFLOW PEAK DISCHARGE...........   219157. AT HOUR   72.50
         MAXIMUM TOTAL OUTFLOW...........   155722. AT HOUR   82.50
         ELEVATION TOLERANCE.............................    0.0100 FT
         INFLOW HYDROGRAPH ADJUSTMENT FACTOR.............      1.00
         IPC OPTIONS (1 TO 10)...........................3100100021

      WATERWAY PARAMETERS
      *******************

         WATERWAY NO. 1 - Top of Dam                    

         TYPE-BROAD OR SHARP CRESTED WEIR
         CONSTANT DISCHARGE COEFFICIENT..................      2.67
         CREST ELEVATION.................................   4925.25 FT
         CREST LENGTH....................................   1200.50 FT
         MAXIMUM DISCHARGE...............        0. AT HOUR    0.50

         WATERWAY NO. 2 - Embankment "wings"            

         TYPE-BROAD OR SHARP CRESTED WEIR
         CONSTANT DISCHARGE COEFFICIENT..................      2.62
         CREST ELEVATION.................................   4925.00 FT
         CREST LENGTH....................................   8480.00 FT
         MAXIMUM DISCHARGE...............        0. AT HOUR    0.50
1

                     ROUTING RESULTS                          DISCHARGE RESULTS
                     ***************                          *****************

    TIME     INFLOW    OUTFLOW    STORAGE   ELEVATION        WATERWAY         RATING
                                                           1         2        CURVE

     0.50      5527.      5000.    257067.   4880.49          0.        0.     5000.
     1.00      5557.      5000.    257089.   4880.49          0.        0.     5000.
     1.50      5587.      5000.    257112.   4880.50          0.        0.     5000.
     2.00      5617.      5000.    257138.   4880.50          0.        0.     5000.
     2.50      5647.      5000.    257164.   4880.51          0.        0.     5000.
     3.00      5677.      5000.    257192.   4880.52          0.        0.     5000.
     3.50      5707.      5000.    257221.   4880.52          0.        0.     5000.
     4.00      5737.      5000.    257251.   4880.53          0.        0.     5000.
     4.50      5766.      5000.    257282.   4880.53          0.        0.     5000.
     5.00      5796.      5000.    257315.   4880.54          0.        0.     5000.
     5.50      5825.      5000.    257348.   4880.55          0.        0.     5000.
     6.00      5855.      5000.    257384.   4880.56          0.        0.     5000.
     6.50      5884.      5000.    257419.   4880.56          0.        0.     5000.
     7.00      5913.      5000.    257457.   4880.57          0.        0.     5000.
     7.50      5941.      5000.    257495.   4880.58          0.        0.     5000.
     8.00      5970.      5000.    257535.   4880.59          0.        0.     5000.
     8.50      5999.      5000.    257575.   4880.60          0.        0.     5000.
     9.00      6027.      5000.    257618.   4880.60          0.        0.     5000.
     9.50      6056.      5000.    257660.   4880.61          0.        0.     5000.
    10.00      6084.      5000.    257705.   4880.62          0.        0.     5000.
    10.50      6112.      5000.    257750.   4880.63          0.        0.     5000.
    11.00      6140.      5000.    257797.   4880.64          0.        0.     5000.
    11.50      6167.      5000.    257844.   4880.65          0.        0.     5000.
    12.00      6195.      5000.    257894.   4880.66          0.        0.     5000.
    12.50      6222.      5000.    257944.   4880.67          0.        0.     5000.
    13.00      6249.      5000.    257995.   4880.68          0.        0.     5000.
    13.50      6276.      5000.    258047.   4880.69          0.        0.     5000.
    14.00      6303.      5000.    258102.   4880.70          0.        0.     5000.
    14.50      6330.      5000.    258156.   4880.72          0.        0.     5000.
    15.00      6357.      5000.    258213.   4880.73          0.        0.     5000.
    15.50      6383.      5000.    258269.   4880.74          0.        0.     5000.
    16.00      6409.      5000.    258326.   4880.75          0.        0.     5000.
    16.50      6435.      5000.    258385.   4880.76          0.        0.     5000.
    17.00      6461.      5000.    258444.   4880.77          0.        0.     5000.
    17.50      6487.      5000.    258506.   4880.79          0.        0.     5000.
    18.00      6512.      5000.    258567.   4880.80          0.        0.     5000.
    18.50      6537.      5000.    258631.   4880.81          0.        0.     5000.
    19.00      6562.      5000.    258695.   4880.83          0.        0.     5000.
    19.50      6587.      5000.    258761.   4880.84          0.        0.     5000.
    20.00      6612.      5000.    258827.   4880.85          0.        0.     5000.
    20.50      6636.      5000.    258893.   4880.87          0.        0.     5000.
    21.00      6661.      5000.    258961.   4880.88          0.        0.     5000.
    21.50      6685.      5000.    259030.   4880.90          0.        0.     5000.
    22.00      6708.      5000.    259101.   4880.91          0.        0.     5000.
    22.50      6732.      5000.    259172.   4880.93          0.        0.     5000.
    23.00      6755.      5000.    259245.   4880.94          0.        0.     5000.
    23.50      6778.      5000.    259318.   4880.96          0.        0.     5000.
    24.00      6801.      5000.    259391.   4880.97          0.        0.     5000.
    24.50      6824.      5000.    259467.   4880.99          0.        0.     5000.
    25.00      6846.      5000.    259542.   4881.00          0.        0.     5000.
    25.50      6869.      5000.    259618.   4881.02          0.        0.     5000.
    26.00      6890.      5000.    259696.   4881.03          0.        0.     5000.
    26.50      6912.      5000.    259774.   4881.05          0.        0.     5000.
    27.00      6934.      5000.    259854.   4881.07          0.        0.     5000.
    27.50      6955.      5000.    259935.   4881.08          0.        0.     5000.
    28.00      6976.      5000.    260015.   4881.10          0.        0.     5000.
    28.50      6997.      5000.    260097.   4881.12          0.        0.     5000.
    29.00      7017.      5000.    260180.   4881.13          0.        0.     5000.
    29.50      7038.      5000.    260263.   4881.15          0.        0.     5000.
    30.00      7058.      5000.    260348.   4881.17          0.        0.     5000.
    30.50      7078.      5000.    260433.   4881.19          0.        0.     5000.
    31.00      7098.      5000.    260520.   4881.20          0.        0.     5000.
    31.50      7117.      5000.    260608.   4881.22          0.        0.     5000.
    32.00      7137.      5000.    260695.   4881.24          0.        0.     5000.
    32.50      7156.      5000.    260785.   4881.26          0.        0.     5000.
    33.00      7175.      5000.    260875.   4881.28          0.        0.     5000.
    33.50      7195.      5000.    260964.   4881.30          0.        0.     5000.
    34.00      7214.      5000.    261056.   4881.31          0.        0.     5000.
    34.50      7233.      5000.    261148.   4881.33          0.        0.     5000.
    35.00      7251.      5000.    261241.   4881.35          0.        0.     5000.
    35.50      7270.      5000.    261335.   4881.37          0.        0.     5000.
    36.00      7289.      5000.    261430.   4881.39          0.        0.     5000.
    36.50      7307.      5000.    261524.   4881.41          0.        0.     5000.
    37.00      7326.      5000.    261621.   4881.43          0.        0.     5000.
    37.50      7344.      5000.    261718.   4881.45          0.        0.     5000.
    38.00      7363.      5000.    261815.   4881.47          0.        0.     5000.
    38.50      7381.      5000.    261914.   4881.49          0.        0.     5000.
    39.00      7399.      5000.    262013.   4881.51          0.        0.     5000.
    39.50      7418.      5000.    262112.   4881.53          0.        0.     5000.
    40.00      7436.      5000.    262211.   4881.55          0.        0.     5000.
    40.50      7454.      5000.    262313.   4881.57          0.        0.     5000.
    41.00      7473.      5000.    262414.   4881.60          0.        0.     5000.
    41.50      7491.      5000.    262516.   4881.62          0.        0.     5000.
    42.00      7509.      5000.    262620.   4881.64          0.        0.     5000.
    42.50      7528.      5000.    262724.   4881.66          0.        0.     5000.
    43.00      7546.      5000.    262828.   4881.68          0.        0.     5000.
    43.50      7565.      5000.    262934.   4881.70          0.        0.     5000.
    44.00      7583.      5000.    263040.   4881.73          0.        0.     5000.
    44.50      7602.      5000.    263147.   4881.75          0.        0.     5000.
    45.00      7620.      5000.    263255.   4881.77          0.        0.     5000.
    45.50      7639.      5000.    263364.   4881.79          0.        0.     5000.
    46.00      7658.      5000.    263473.   4881.81          0.        0.     5000.
    46.50      7677.      5000.    263584.   4881.84          0.        0.     5000.
    47.00      7696.      5000.    263695.   4881.86          0.        0.     5000.
    47.50      7715.      5000.    263806.   4881.88          0.        0.     5000.
    48.00      7734.      5000.    263919.   4881.91          0.        0.     5000.
    48.50      7754.      5000.    264032.   4881.93          0.        0.     5000.
    49.00      7773.      5000.    264146.   4881.95          0.        0.     5000.
    49.50      7794.      5000.    264261.   4881.98          0.        0.     5000.
    50.00      7815.      5000.    264377.   4882.00          0.        0.     5000.
    50.50      7838.      5000.    264493.   4882.03          0.        0.     5000.
    51.00      7860.      5000.    264611.   4882.05          0.        0.     5000.
    51.50      7883.      5000.    264729.   4882.07          0.        0.     5000.
    52.00      7907.      5000.    264849.   4882.10          0.        0.     5000.
    52.50      7931.      5000.    264970.   4882.12          0.        0.     5000.
    53.00      7956.      5000.    265090.   4882.15          0.        0.     5000.
    53.50      7981.      5000.    265213.   4882.17          0.        0.     5000.
    54.00      8006.      5000.    265336.   4882.20          0.        0.     5000.
    54.50      8032.      5000.    265461.   4882.23          0.        0.     5000.
    55.00      8058.      5000.    265586.   4882.25          0.        0.     5000.
    55.50      8084.      5000.    265714.   4882.28          0.        0.     5000.
    56.00      8110.      5000.    265841.   4882.30          0.        0.     5000.
    56.50      8136.      5000.    265971.   4882.33          0.        0.     5000.
    57.00      8162.      5000.    266101.   4882.36          0.        0.     5000.
    57.50      8196.      5000.    266233.   4882.39          0.        0.     5000.
    58.00      8250.      5000.    266366.   4882.41          0.        0.     5000.
    58.50      8325.      5000.    266503.   4882.44          0.        0.     5000.
    59.00      8405.      5000.    266642.   4882.47          0.        0.     5000.
    59.50      8496.      5000.    266784.   4882.50          0.        0.     5000.
    60.00      8636.      5000.    266930.   4882.53          0.        0.     5000.
    60.50      8925.      5000.    267086.   4882.56          0.        0.     5000.
    61.00      9416.      5000.    267259.   4882.60          0.        0.     5000.
    61.50     10107.      5000.    267455.   4882.64          0.        0.     5000.
    62.00     11313.      5000.    267691.   4882.69          0.        0.     5000.
    62.50     14387.      5000.    268014.   4882.75          0.        0.     5000.
    63.00     32041.      5000.    268768.   4882.91          0.        0.     5000.
    63.50     85326.      5000.    270985.   4883.37          0.        0.     5000.
    64.00    107094.      5000.    274755.   4884.15          0.        0.     5000.
    64.50    120223.      5000.    279245.   4885.08          0.        0.     5000.
    65.00    130982.      5000.    284228.   4886.11          0.        0.     5000.
    65.50    141013.      5000.    289641.   4887.22          0.        0.     5000.
    66.00    150870.      5000.    295466.   4888.43          0.        0.     5000.
    66.50    160495.      5000.    301691.   4889.72          0.        0.     5000.
    67.00    169097.      5000.    308295.   4890.96          0.        0.     5000.
    67.50    176419.      5000.    315226.   4892.24          0.        0.     5000.
    68.00    182899.      5000.    322443.   4893.57          0.        0.     5000.
    68.50    189199.      5000.    329926.   4894.95          0.        0.     5000.
    69.00    195691.      5000.    337671.   4896.37          0.        0.     5000.
    69.50    202103.      5000.    345684.   4897.85          0.        0.     5000.
    70.00    207828.      5000.    353946.   4899.37          0.        0.     5000.
    70.50    212388.      7037.    362380.   4900.81          0.        0.     7037.
    71.00    215695.     11199.    370848.   4902.19          0.        0.    11199.
    71.50    217839.     19656.    379169.   4903.54          0.        0.    19656.
    72.00    218929.     28868.    387189.   4904.85          0.        0.    28868.
    72.50    219157.     38385.    394855.   4906.10          0.        0.    38385.
    73.00    218834.     49275.    402094.   4907.27          0.        0.    49275.
    73.50    218253.     59948.    408877.   4908.38          0.        0.    59948.
    74.00    217483.     70709.    415180.   4909.40          0.        0.    70709.
    74.50    216485.     80543.    421021.   4910.31          0.        0.    80543.
    75.00    215289.     89427.    426429.   4911.08          0.        0.    89427.
    75.50    213862.     97642.    431430.   4911.79          0.        0.    97642.
    76.00    212004.    105664.    436038.   4912.45          0.        0.   105664.
    76.50    209553.    113141.    440225.   4913.05          0.        0.   113141.
    77.00    206538.    119891.    444006.   4913.59          0.        0.   119891.
    77.50    203106.    126046.    447390.   4914.07          0.        0.   126046.
    78.00    199365.    132014.    450374.   4914.50          0.        0.   132014.
    78.50    195362.    137202.    452969.   4914.87          0.        0.   137202.
    79.00    191206.    141652.    455194.   4915.19          0.        0.   141652.
    79.50    187209.    145426.    457081.   4915.46          0.        0.   145426.
    80.00    182986.    148577.    458657.   4915.68          0.        0.   148577.
    80.50    178233.    151120.    459928.   4915.87          0.        0.   151120.
    81.00    173096.    153072.    460902.   4916.00          0.        0.   153072.
    81.50    167694.    154520.    461589.   4916.10          0.        0.   154520.
    82.00    162167.    155391.    462003.   4916.16          0.        0.   155391.
    82.50    156620.    155722.    462160.   4916.18          0.        0.   155722.
    83.00    151090.    155564.    462085.   4916.17          0.        0.   155564.
    83.50    145560.    154959.    461798.   4916.13          0.        0.   154959.
    84.00    140026.    153943.    461316.   4916.06          0.        0.   153943.
    84.50    134520.    152576.    460656.   4915.97          0.        0.   152576.
    85.00    129046.    150929.    459832.   4915.85          0.        0.   150929.
    85.50    123572.    148974.    458855.   4915.71          0.        0.   148974.
    86.00    118104.    146738.    457737.   4915.55          0.        0.   146738.
    86.50    112683.    144250.    456493.   4915.38          0.        0.   144250.
    87.00    107355.    141536.    455136.   4915.18          0.        0.   141536.
    87.50    102224.    138617.    453676.   4914.97          0.        0.   138617.
    88.00     97318.    135534.    452134.   4914.75          0.        0.   135534.
    88.50     92628.    132314.    450524.   4914.52          0.        0.   132314.
    89.00     88167.    128985.    448860.   4914.28          0.        0.   128985.
    89.50     83977.    125581.    447157.   4914.04          0.        0.   125581.
    90.00     80022.    122430.    445428.   4913.79          0.        0.   122430.
    90.50     76273.    119281.    443664.   4913.54          0.        0.   119281.
    91.00     72737.    116095.    441880.   4913.29          0.        0.   116095.
    91.50     69408.    112891.    440085.   4913.03          0.        0.   112891.
    92.00     66259.    109686.    438290.   4912.77          0.        0.   109686.
    92.50     63277.    106488.    436499.   4912.52          0.        0.   106488.
    93.00     60213.    103302.    434715.   4912.26          0.        0.   103302.
    93.50     57210.    100128.    432937.   4912.01          0.        0.   100128.
    94.00     54282.     97215.    431170.   4911.76          0.        0.    97215.
    94.50     51506.     94306.    429399.   4911.50          0.        0.    94306.
    95.00     48896.     91409.    427635.   4911.25          0.        0.    91409.
    95.50     46463.     88539.    425889.   4911.00          0.        0.    88539.
    96.00     44185.     85704.    424162.   4910.76          0.        0.    85704.
    96.50     42110.     82907.    422460.   4910.51          0.        0.    82907.
    97.00     40154.     80167.    420792.   4910.28          0.        0.    80167.
    97.50     38372.     77483.    419158.   4910.04          0.        0.    77483.
    98.00     36687.     74780.    417564.   4909.79          0.        0.    74780.
    98.50     35129.     72129.    416011.   4909.54          0.        0.    72129.
    99.00     33668.     69556.    414504.   4909.29          0.        0.    69556.
    99.50     32305.     67064.    413045.   4909.05          0.        0.    67064.
   100.00     31098.     64654.    411634.   4908.82          0.        0.    64654.
   100.50     29882.     62327.    410270.   4908.60          0.        0.    62327.
   101.00     28825.     60081.    408955.   4908.39          0.        0.    60081.
   101.50     27812.     57917.    407688.   4908.18          0.        0.    57917.
   102.00     26847.     55851.    406466.   4907.98          0.        0.    55851.
   102.50     25941.     54076.    405286.   4907.79          0.        0.    54076.
   103.00     25091.     52355.    404142.   4907.61          0.        0.    52355.
   103.50     24373.     50688.    403034.   4907.43          0.        0.    50688.
   104.00     23650.     49081.    401965.   4907.25          0.        0.    49081.
   104.50     22961.     47527.    400932.   4907.08          0.        0.    47527.
   105.00     22322.     46027.    399935.   4906.92          0.        0.    46027.
   105.50     21726.     44582.    398974.   4906.77          0.        0.    44582.
   106.00     21183.     43186.    398046.   4906.61          0.        0.    43186.
   106.50     20697.     41845.    397155.   4906.47          0.        0.    41845.
   107.00     20221.     40558.    396299.   4906.33          0.        0.    40558.
   107.50     19751.     39316.    395473.   4906.20          0.        0.    39316.
   108.00     19292.     38123.    394680.   4906.07          0.        0.    38123.
   108.50     18857.     37075.    393918.   4905.94          0.        0.    37075.
   109.00     18445.     36171.    393176.   4905.82          0.        0.    36171.
   109.50     18060.     35288.    392452.   4905.71          0.        0.    35288.
   110.00     17709.     34431.    391750.   4905.59          0.        0.    34431.
   110.50     17388.     33600.    391068.   4905.48          0.        0.    33600.
   111.00     17074.     32794.    390408.   4905.37          0.        0.    32794.
   111.50     16766.     32014.    389768.   4905.27          0.        0.    32014.
   112.00     16499.     31260.    389149.   4905.17          0.        0.    31260.
   112.50     16247.     30527.    388549.   4905.07          0.        0.    30527.
   113.00     15996.     29821.    387969.   4904.98          0.        0.    29821.
   113.50     15744.     29136.    387408.   4904.88          0.        0.    29136.
   114.00     15496.     28473.    386864.   4904.80          0.        0.    28473.
   114.50     15260.     27828.    386336.   4904.71          0.        0.    27828.
   115.00     15050.     27206.    385825.   4904.63          0.        0.    27206.
   115.50     14863.     26605.    385333.   4904.55          0.        0.    26605.
   116.00     14679.     26023.    384856.   4904.47          0.        0.    26023.
   116.50     14497.     25463.    384396.   4904.40          0.        0.    25463.
   117.00     14326.     24921.    383952.   4904.32          0.        0.    24921.
   117.50     14167.     24397.    383522.   4904.25          0.        0.    24397.
   118.00     14007.     23892.    383108.   4904.19          0.        0.    23892.
   118.50     13853.     23401.    382706.   4904.12          0.        0.    23401.
   119.00     13713.     22928.    382318.   4904.06          0.        0.    22928.
   119.50     13576.     22476.    381943.   4904.00          0.        0.    22476.
   120.00     13440.     22106.    381580.   4903.94          0.        0.    22106.
   120.50     13308.     21746.    381225.   4903.88          0.        0.    21746.
   121.00     13184.     21395.    380880.   4903.82          0.        0.    21395.
   121.50     13066.     21057.    380547.   4903.77          0.        0.    21057.
   122.00     12949.     20727.    380222.   4903.72          0.        0.    20727.
   122.50     12835.     20403.    379904.   4903.66          0.        0.    20403.
   123.00     12726.     20089.    379595.   4903.61          0.        0.    20089.
   123.50     12625.     19784.    379295.   4903.57          0.        0.    19784.
   124.00     12527.     19488.    379003.   4903.52          0.        0.    19488.
   124.50     12432.     19201.    378721.   4903.47          0.        0.    19201.
   125.00     12337.     18920.    378445.   4903.43          0.        0.    18920.
   125.50     12246.     18649.    378178.   4903.38          0.        0.    18649.
   126.00     12158.     18383.    377916.   4903.34          0.        0.    18383.
   126.50     12071.     18127.    377664.   4903.30          0.        0.    18127.
   127.00     11989.     17877.    377418.   4903.26          0.        0.    17877.
   127.50     11907.     17632.    377178.   4903.22          0.        0.    17632.
   128.00     11829.     17394.    376944.   4903.18          0.        0.    17394.
   128.50     11753.     17162.    376715.   4903.15          0.        0.    17162.
   129.00      8502.     16873.    376430.   4903.10          0.        0.    16873.
   129.50      8497.     16528.    376091.   4903.04          0.        0.    16528.
   130.00      8492.     16198.    375766.   4902.99          0.        0.    16198.
   130.50      8486.     15881.    375454.   4902.94          0.        0.    15881.
   131.00      8480.     15576.    375154.   4902.89          0.        0.    15576.
   131.50      8474.     15283.    374866.   4902.85          0.        0.    15283.
   132.00      8469.     15002.    374589.   4902.80          0.        0.    15002.
   132.50      8462.     14733.    374325.   4902.76          0.        0.    14733.
   133.00      8456.     14474.    374070.   4902.72          0.        0.    14474.
   133.50      8450.     14227.    373827.   4902.68          0.        0.    14227.
   134.00      8444.     13989.    373593.   4902.64          0.        0.    13989.
   134.50      8438.     13760.    373367.   4902.60          0.        0.    13760.
   135.00      8431.     13540.    373151.   4902.57          0.        0.    13540.
   135.50      8425.     13329.    372944.   4902.53          0.        0.    13329.
   136.00      8418.     13128.    372746.   4902.50          0.        0.    13128.
   136.50      8412.     12933.    372554.   4902.47          0.        0.    12933.
   137.00      8406.     12747.    372370.   4902.44          0.        0.    12747.
   137.50      8399.     12567.    372193.   4902.41          0.        0.    12567.
   138.00      8393.     12396.    372025.   4902.38          0.        0.    12396.
   138.50      8386.     12231.    371863.   4902.36          0.        0.    12231.
   139.00      8380.     12072.    371707.   4902.33          0.        0.    12072.
   139.50      8374.     11920.    371557.   4902.31          0.        0.    11920.
   140.00      8367.     11773.    371413.   4902.28          0.        0.    11773.
   140.50      8361.     11633.    371274.   4902.26          0.        0.    11633.
   141.00      8355.     11498.    371142.   4902.24          0.        0.    11498.
   141.50      8349.     11370.    371016.   4902.22          0.        0.    11370.
   142.00      8343.     11245.    370893.   4902.20          0.        0.    11245.
   142.50      8337.     11126.    370776.   4902.18          0.        0.    11126.
   143.00      8332.     11010.    370662.   4902.16          0.        0.    11010.
   143.50      8326.     10900.    370554.   4902.14          0.        0.    10900.
   144.00      8321.     10793.    370449.   4902.13          0.        0.    10793.
   144.50      8315.     10693.    370350.   4902.11          0.        0.    10693.
   145.00      8310.     10595.    370254.   4902.10          0.        0.    10595.
   145.50      8305.     10500.    370160.   4902.08          0.        0.    10500.
   146.00      8300.     10409.    370070.   4902.07          0.        0.    10409.
   146.50      8295.     10323.    369986.   4902.05          0.        0.    10323.
   147.00      8290.     10241.    369905.   4902.04          0.        0.    10241.
   147.50      8285.     10162.    369827.   4902.03          0.        0.    10162.
   148.00      8280.     10085.    369752.   4902.01          0.        0.    10085.
   148.50      8274.     10012.    369680.   4902.00          0.        0.    10012.
   149.00      8269.      9977.    369611.   4901.99          0.        0.     9977.
   149.50      8264.      9949.    369542.   4901.98          0.        0.     9949.
   150.00      8259.      9921.    369473.   4901.97          0.        0.     9921.
   150.50      8254.      9893.    369404.   4901.96          0.        0.     9893.
   151.00      8249.      9866.    369338.   4901.95          0.        0.     9866.
   151.50      8244.      9839.    369272.   4901.94          0.        0.     9839.
   152.00      8239.      9812.    369206.   4901.92          0.        0.     9812.
   152.50      8234.      9786.    369143.   4901.91          0.        0.     9786.
   153.00      8229.      9761.    369079.   4901.90          0.        0.     9761.
   153.50      8224.      9735.    369016.   4901.89          0.        0.     9735.
   154.00      8219.      9709.    368953.   4901.88          0.        0.     9709.
   154.50      8214.      9685.    368893.   4901.87          0.        0.     9685.
   155.00      8209.      9661.    368833.   4901.86          0.        0.     9661.
   155.50      8204.      9636.    368773.   4901.85          0.        0.     9636.
   156.00      8199.      9612.    368713.   4901.84          0.        0.     9612.
   156.50      8194.      9589.    368656.   4901.84          0.        0.     9589.
   157.00      8189.      9565.    368599.   4901.83          0.        0.     9565.
   157.50      8183.      9542.    368542.   4901.82          0.        0.     9542.
   158.00      8178.      9519.    368485.   4901.81          0.        0.     9519.
   158.50      8173.      9497.    368431.   4901.80          0.        0.     9497.
   159.00      8168.      9475.    368377.   4901.79          0.        0.     9475.
   159.50      8163.      9453.    368323.   4901.78          0.        0.     9453.
   160.00      8157.      9431.    368269.   4901.77          0.        0.     9431.
   160.50      8152.      9410.    368218.   4901.76          0.        0.     9410.
   161.00      8147.      9390.    368167.   4901.76          0.        0.     9390.
   161.50      8141.      9369.    368116.   4901.75          0.        0.     9369.
   162.00      8136.      9348.    368065.   4901.74          0.        0.     9348.
   162.50      8130.      9327.    368014.   4901.73          0.        0.     9327.
   163.00      8125.      9308.    367965.   4901.72          0.        0.     9308.
   163.50      8119.      9288.    367917.   4901.72          0.        0.     9288.
   164.00      8113.      9269.    367869.   4901.71          0.        0.     9269.
   164.50      8108.      9249.    367821.   4901.70          0.        0.     9249.
   165.00      8102.      9230.    367773.   4901.69          0.        0.     9230.
   165.50      8096.      9211.    367728.   4901.68          0.        0.     9211.
   166.00      8090.      9193.    367683.   4901.68          0.        0.     9193.
   166.50      8084.      9175.    367638.   4901.67          0.        0.     9175.
   167.00      8078.      9156.    367593.   4901.66          0.        0.     9156.
   167.50      8072.      9138.    367548.   4901.66          0.        0.     9138.
   168.00      8066.      9120.    367503.   4901.65          0.        0.     9120.
   168.50      8060.      9103.    367461.   4901.64          0.        0.     9103.
   169.00      8054.      9086.    367419.   4901.63          0.        0.     9086.
   169.50      8047.      9069.    367377.   4901.63          0.        0.     9069.
   170.00      8040.      9052.    367335.   4901.62          0.        0.     9052.
   170.50      8032.      9034.    367293.   4901.61          0.        0.     9034.
   171.00      8024.      9017.    367251.   4901.61          0.        0.     9017.
   171.50      8016.      9000.    367209.   4901.60          0.        0.     9000.
   172.00      8008.      8984.    367170.   4901.59          0.        0.     8984.
   172.50      7999.      8969.    367131.   4901.59          0.        0.     8969.
   173.00      7990.      8953.    367092.   4901.58          0.        0.     8953.
   173.50      7981.      8937.    367053.   4901.57          0.        0.     8937.
   174.00      7972.      8921.    367014.   4901.57          0.        0.     8921.
   174.50      7962.      8905.    366975.   4901.56          0.        0.     8905.
   175.00      7953.      8889.    366936.   4901.56          0.        0.     8889.
   175.50      7943.      8873.    366897.   4901.55          0.        0.     8873.
   176.00      7933.      8857.    366858.   4901.54          0.        0.     8857.
   176.50      7923.      8842.    366818.   4901.54          0.        0.     8842.
   177.00      7913.      8826.    366779.   4901.53          0.        0.     8826.
   177.50      7903.      8810.    366740.   4901.52          0.        0.     8810.
   178.00      7893.      8795.    366704.   4901.52          0.        0.     8795.
   178.50      7883.      8781.    366668.   4901.51          0.        0.     8781.
   179.00      7873.      8766.    366632.   4901.51          0.        0.     8766.
   179.50      7864.      8751.    366596.   4901.50          0.        0.     8751.
   180.00      7854.      8737.    366560.   4901.49          0.        0.     8737.
   180.50      7844.      8722.    366524.   4901.49          0.        0.     8722.
   181.00      7834.      8707.    366488.   4901.48          0.        0.     8707.
   181.50      7825.      8693.    366452.   4901.48          0.        0.     8693.
   182.00      7816.      8678.    366416.   4901.47          0.        0.     8678.
   182.50      7807.      8663.    366380.   4901.47          0.        0.     8663.
   183.00      7798.      8649.    366344.   4901.46          0.        0.     8649.
   183.50      7789.      8634.    366308.   4901.45          0.        0.     8634.
   184.00      7781.      8619.    366272.   4901.45          0.        0.     8619.
   184.50      7773.      8606.    366239.   4901.44          0.        0.     8606.
   185.00      7765.      8593.    366206.   4901.44          0.        0.     8593.
   185.50      7758.      8579.    366173.   4901.43          0.        0.     8579.
   186.00      7751.      8566.    366140.   4901.43          0.        0.     8566.
   186.50      7744.      8552.    366107.   4901.42          0.        0.     8552.
   187.00      7738.      8539.    366074.   4901.42          0.        0.     8539.
   187.50      7732.      8525.    366041.   4901.41          0.        0.     8525.
   188.00      7727.      8512.    366008.   4901.40          0.        0.     8512.
   188.50      7722.      8499.    365975.   4901.40          0.        0.     8499.
   189.00      7718.      8485.    365942.   4901.39          0.        0.     8485.
   189.50      7714.      8473.    365912.   4901.39          0.        0.     8473.
   190.00      7710.      8461.    365882.   4901.38          0.        0.     8461.
   190.50      7708.      8448.    365852.   4901.38          0.        0.     8448.
   191.00      7705.      8436.    365822.   4901.37          0.        0.     8436.
   191.50      7704.      8424.    365792.   4901.37          0.        0.     8424.
   192.00      7703.      8412.    365762.   4901.36          0.        0.     8412.
   192.50      7703.      8400.    365731.   4901.36          0.        0.     8400.
   193.00      7703.      8389.    365704.   4901.36          0.        0.     8389.
   193.50      7703.      8378.    365677.   4901.35          0.        0.     8378.
   194.00      7703.      8367.    365650.   4901.35          0.        0.     8367.
   194.50      7703.      8356.    365623.   4901.34          0.        0.     8356.
   195.00      7703.      8345.    365596.   4901.34          0.        0.     8345.
   195.50      7703.      8334.    365569.   4901.33          0.        0.     8334.
   196.00      7703.      8323.    365542.   4901.33          0.        0.     8323.
   196.50      7703.      8313.    365518.   4901.33          0.        0.     8313.
   197.00      7703.      8303.    365494.   4901.32          0.        0.     8303.
   197.50      7703.      8293.    365470.   4901.32          0.        0.     8293.
   198.00      7703.      8284.    365446.   4901.31          0.        0.     8284.
   198.50      7703.      8274.    365422.   4901.31          0.        0.     8274.
   199.00      7703.      8264.    365398.   4901.31          0.        0.     8264.
   199.50      7703.      8254.    365374.   4901.30          0.        0.     8254.
   200.00      7703.      8245.    365350.   4901.30          0.        0.     8245.
   200.50      7703.      8236.    365329.   4901.29          0.        0.     8236.
   201.00      7703.      8228.    365308.   4901.29          0.        0.     8228.
   201.50      7703.      8219.    365287.   4901.29          0.        0.     8219.
   202.00      7703.      8210.    365266.   4901.28          0.        0.     8210.
   202.50      7703.      8202.    365245.   4901.28          0.        0.     8202.
   203.00      7703.      8193.    365224.   4901.28          0.        0.     8193.
   203.50      7703.      8185.    365203.   4901.27          0.        0.     8185.
   204.00      7703.      8176.    365182.   4901.27          0.        0.     8176.
   204.50      7703.      8169.    365164.   4901.27          0.        0.     8169.
   205.00      7703.      8162.    365146.   4901.26          0.        0.     8162.
   205.50      7703.      8154.    365128.   4901.26          0.        0.     8154.
   206.00      7703.      8147.    365110.   4901.26          0.        0.     8147.
   206.50      7703.      8140.    365092.   4901.26          0.        0.     8140.
   207.00      7703.      8132.    365074.   4901.25          0.        0.     8132.
   207.50      7703.      8125.    365056.   4901.25          0.        0.     8125.
   208.00      7703.      8118.    365038.   4901.25          0.        0.     8118.
   208.50      7703.      8110.    365020.   4901.24          0.        0.     8110.
   209.00      7703.      8103.    365002.   4901.24          0.        0.     8103.
   209.50      7703.      8097.    364987.   4901.24          0.        0.     8097.
   210.00      7703.      8091.    364972.   4901.24          0.        0.     8091.
   210.50      7703.      8085.    364957.   4901.23          0.        0.     8085.
   211.00      7703.      8079.    364942.   4901.23          0.        0.     8079.
   211.50      7703.      8073.    364927.   4901.23          0.        0.     8073.
   212.00      7703.      8066.    364912.   4901.23          0.        0.     8066.
   212.50      7703.      8060.    364897.   4901.22          0.        0.     8060.
   213.00      7703.      8054.    364882.   4901.22          0.        0.     8054.
   213.50      7703.      8048.    364867.   4901.22          0.        0.     8048.
   214.00      7703.      8042.    364852.   4901.22          0.        0.     8042.
   214.50      7703.      8036.    364837.   4901.21          0.        0.     8036.
   215.00      7703.      8030.    364822.   4901.21          0.        0.     8030.
   215.50      7703.      8025.    364810.   4901.21          0.        0.     8025.
   216.00      7703.      8020.    364798.   4901.21          0.        0.     8020.
   216.50      7703.      8015.    364786.   4901.21          0.        0.     8015.
   217.00      7702.      8010.    364774.   4901.20          0.        0.     8010.
   217.50      7702.      8005.    364762.   4901.20          0.        0.     8005.
   218.00      7700.      8000.    364750.   4901.20          0.        0.     8000.
   218.50      7699.      7996.    364738.   4901.20          0.        0.     7996.
   219.00      7697.      7991.    364726.   4901.20          0.        0.     7991.
   219.50      7694.      7986.    364714.   4901.19          0.        0.     7986.
   220.00      7692.      7981.    364702.   4901.19          0.        0.     7981.
   220.50      7688.      7976.    364690.   4901.19          0.        0.     7976.
   221.00      7685.      7971.    364678.   4901.19          0.        0.     7971.
   221.50      7681.      7966.    364666.   4901.19          0.        0.     7966.
   222.00      7677.      7961.    364654.   4901.18          0.        0.     7961.
   222.50      7672.      7957.    364642.   4901.18          0.        0.     7957.
   223.00      7667.      7952.    364630.   4901.18          0.        0.     7952.
   223.50      7662.      7947.    364617.   4901.18          0.        0.     7947.
   224.00      7656.      7942.    364605.   4901.18          0.        0.     7942.
   224.50      7650.      7937.    364593.   4901.17          0.        0.     7937.
   225.00      7644.      7932.    364581.   4901.17          0.        0.     7932.
   225.50      7638.      7927.    364569.   4901.17          0.        0.     7927.
   226.00      7631.      7922.    364557.   4901.17          0.        0.     7922.
   226.50      7624.      7917.    364545.   4901.17          0.        0.     7917.
   227.00      7617.      7913.    364533.   4901.17          0.        0.     7913.
   227.50      7610.      7908.    364521.   4901.16          0.        0.     7908.
   228.00      7603.      7903.    364509.   4901.16          0.        0.     7903.
   228.50      7595.      7898.    364497.   4901.16          0.        0.     7898.
   229.00      7587.      7893.    364485.   4901.16          0.        0.     7893.
   229.50      7579.      7888.    364473.   4901.16          0.        0.     7888.
   230.00      7571.      7883.    364461.   4901.15          0.        0.     7883.
   230.50      7562.      7878.    364449.   4901.15          0.        0.     7878.
   231.00      7554.      7874.    364437.   4901.15          0.        0.     7874.
   231.50      7545.      7869.    364425.   4901.15          0.        0.     7869.
   232.00      7537.      7864.    364413.   4901.15          0.        0.     7864.
   232.50      7528.      7858.    364398.   4901.14          0.        0.     7858.
   233.00      7519.      7852.    364383.   4901.14          0.        0.     7852.
   233.50      7510.      7845.    364368.   4901.14          0.        0.     7845.
   234.00      7501.      7839.    364353.   4901.14          0.        0.     7839.
   234.50      7492.      7833.    364338.   4901.13          0.        0.     7833.
   235.00      7483.      7827.    364323.   4901.13          0.        0.     7827.
   235.50      7474.      7821.    364308.   4901.13          0.        0.     7821.
   236.00      7465.      7815.    364293.   4901.13          0.        0.     7815.
   236.50      7456.      7809.    364278.   4901.12          0.        0.     7809.
   237.00      7447.      7803.    364263.   4901.12          0.        0.     7803.
   237.50      7438.      7797.    364248.   4901.12          0.        0.     7797.
   238.00      7429.      7791.    364233.   4901.12          0.        0.     7791.
   238.50      7420.      7784.    364218.   4901.11          0.        0.     7784.
   239.00      7412.      7778.    364203.   4901.11          0.        0.     7778.
   239.50      7403.      7772.    364188.   4901.11          0.        0.     7772.
   240.00      7394.      7766.    364173.   4901.11          0.        0.     7766.
   240.50      7386.      7760.    364158.   4901.10          0.        0.     7760.
   241.00      7377.      7754.    364143.   4901.10          0.        0.     7754.
   241.50      7367.      7748.    364128.   4901.10          0.        0.     7748.
   242.00      7357.      7742.    364113.   4901.10          0.        0.     7742.
   242.50      7346.      7736.    364098.   4901.09          0.        0.     7736.
   243.00      7335.      7729.    364083.   4901.09          0.        0.     7729.
   243.50      7323.      7723.    364068.   4901.09          0.        0.     7723.
   244.00      7310.      7716.    364050.   4901.09          0.        0.     7716.
   244.50      7297.      7709.    364032.   4901.08          0.        0.     7709.
   245.00      7284.      7701.    364014.   4901.08          0.        0.     7701.
   245.50      7270.      7694.    363996.   4901.08          0.        0.     7694.
   246.00      7256.      7687.    363978.   4901.07          0.        0.     7687.
   246.50      7241.      7679.    363960.   4901.07          0.        0.     7679.
   247.00      7226.      7672.    363942.   4901.07          0.        0.     7672.
   247.50      7211.      7665.    363924.   4901.07          0.        0.     7665.
   248.00      7196.      7657.    363906.   4901.06          0.        0.     7657.
   248.50      7180.      7650.    363888.   4901.06          0.        0.     7650.
   249.00      7164.      7642.    363867.   4901.06          0.        0.     7642.
   249.50      7149.      7633.    363846.   4901.05          0.        0.     7633.
   250.00      7133.      7625.    363825.   4901.05          0.        0.     7625.
   250.50      7117.      7616.    363804.   4901.05          0.        0.     7616.
   251.00      7101.      7607.    363783.   4901.04          0.        0.     7607.
   251.50      7085.      7599.    363762.   4901.04          0.        0.     7599.
   252.00      7070.      7590.    363741.   4901.04          0.        0.     7590.
   252.50      7054.      7582.    363720.   4901.03          0.        0.     7582.
   253.00      7039.      7573.    363699.   4901.03          0.        0.     7573.
   253.50      7024.      7565.    363678.   4901.03          0.        0.     7565.
   254.00      7009.      7556.    363657.   4901.02          0.        0.     7556.
   254.50      6994.      7546.    363633.   4901.02          0.        0.     7546.
   255.00      6980.      7537.    363609.   4901.01          0.        0.     7537.
   255.50      6966.      7527.    363585.   4901.01          0.        0.     7527.
   256.00      6953.      7517.    363561.   4901.01          0.        0.     7517.
   256.50      6940.      7507.    363537.   4901.00          0.        0.     7507.
   257.00      6927.      7498.    363513.   4901.00          0.        0.     7498.
   257.50      6915.      7488.    363488.   4901.00          0.        0.     7488.
   258.00      6904.      7478.    363464.   4900.99          0.        0.     7478.
   258.50      6893.      7468.    363440.   4900.99          0.        0.     7468.
   259.00      6883.      7458.    363416.   4900.98          0.        0.     7458.
   259.50      6873.      7449.    363392.   4900.98          0.        0.     7449.
   260.00      6864.      7439.    363368.   4900.98          0.        0.     7439.
   260.50      6856.      7429.    363344.   4900.97          0.        0.     7429.
   261.00      6849.      7419.    363320.   4900.97          0.        0.     7419.
   261.50      6843.      7410.    363296.   4900.96          0.        0.     7410.
   262.00      6837.      7400.    363272.   4900.96          0.        0.     7400.
   262.50      6832.      7390.    363248.   4900.96          0.        0.     7390.
   263.00      6829.      7380.    363224.   4900.95          0.        0.     7380.
   263.50      6826.      7371.    363200.   4900.95          0.        0.     7371.
   264.00      6825.      7362.    363179.   4900.94          0.        0.     7362.
   264.50      6824.      7354.    363158.   4900.94          0.        0.     7354.
   265.00      6824.      7345.    363137.   4900.94          0.        0.     7345.
   265.50      6824.      7336.    363116.   4900.93          0.        0.     7336.
   266.00      6825.      7328.    363095.   4900.93          0.        0.     7328.
   266.50      6825.      7319.    363074.   4900.93          0.        0.     7319.
   267.00      6826.      7311.    363053.   4900.92          0.        0.     7311.
   267.50      6827.      7302.    363032.   4900.92          0.        0.     7302.
   268.00      6828.      7295.    363014.   4900.92          0.        0.     7295.
   268.50      6829.      7288.    362996.   4900.92          0.        0.     7288.
   269.00      6830.      7280.    362978.   4900.91          0.        0.     7280.
   269.50      6831.      7273.    362960.   4900.91          0.        0.     7273.
   270.00      6832.      7266.    362942.   4900.91          0.        0.     7266.
   270.50      6834.      7258.    362924.   4900.90          0.        0.     7258.
   271.00      6835.      7251.    362906.   4900.90          0.        0.     7251.
   271.50      6837.      7244.    362888.   4900.90          0.        0.     7244.
   272.00      6838.      7236.    362870.   4900.89          0.        0.     7236.
   272.50      6840.      7230.    362855.   4900.89          0.        0.     7230.
   273.00      6842.      7224.    362840.   4900.89          0.        0.     7224.
   273.50      6843.      7218.    362825.   4900.89          0.        0.     7218.
   274.00      6845.      7212.    362810.   4900.88          0.        0.     7212.
   274.50      6847.      7206.    362795.   4900.88          0.        0.     7206.
   275.00      6849.      7200.    362780.   4900.88          0.        0.     7200.
   275.50      6851.      7194.    362765.   4900.88          0.        0.     7194.
   276.00      6853.      7188.    362750.   4900.88          0.        0.     7188.
   276.50      6855.      7181.    362735.   4900.87          0.        0.     7181.
   277.00      6857.      7177.    362723.   4900.87          0.        0.     7177.
   277.50      6858.      7172.    362711.   4900.87          0.        0.     7172.
   278.00      6860.      7167.    362699.   4900.87          0.        0.     7167.
   278.50      6862.      7162.    362687.   4900.86          0.        0.     7162.
   279.00      6864.      7157.    362675.   4900.86          0.        0.     7157.
   279.50      6866.      7152.    362663.   4900.86          0.        0.     7152.
   280.00      6868.      7147.    362651.   4900.86          0.        0.     7147.
   280.50      6869.      7142.    362639.   4900.86          0.        0.     7142.
   281.00      6871.      7137.    362627.   4900.85          0.        0.     7137.
   281.50      6873.      7133.    362615.   4900.85          0.        0.     7133.
   282.00      6874.      7128.    362603.   4900.85          0.        0.     7128.
   282.50      6876.      7124.    362594.   4900.85          0.        0.     7124.
   283.00      6877.      7120.    362585.   4900.85          0.        0.     7120.
   283.50      6878.      7117.    362576.   4900.85          0.        0.     7117.
   284.00      6880.      7113.    362567.   4900.85          0.        0.     7113.
   284.50      6881.      7109.    362558.   4900.84          0.        0.     7109.
   285.00      6882.      7106.    362549.   4900.84          0.        0.     7106.
   285.50      6883.      7102.    362540.   4900.84          0.        0.     7102.
   286.00      6883.      7098.    362531.   4900.84          0.        0.     7098.
   286.50      6884.      7095.    362522.   4900.84          0.        0.     7095.
   287.00      6885.      7091.    362513.   4900.84          0.        0.     7091.
   287.50      6885.      7087.    362504.   4900.83          0.        0.     7087.
   288.00      6885.      7084.    362495.   4900.83          0.        0.     7084.
   288.50      6885.      7080.    362486.   4900.83          0.        0.     7080.
   289.00      6885.      7076.    362477.   4900.83          0.        0.     7076.
   289.50      6884.      7073.    362468.   4900.83          0.        0.     7073.
   290.00      6883.      7069.    362459.   4900.83          0.        0.     7069.
   290.50      6881.      7065.    362450.   4900.83          0.        0.     7065.
   291.00      6879.      7062.    362441.   4900.82          0.        0.     7062.
   291.50      6876.      7058.    362432.   4900.82          0.        0.     7058.
   292.00      6873.      7056.    362426.   4900.82          0.        0.     7056.
   292.50      6870.      7052.    362417.   4900.82          0.        0.     7052.
   293.00      6866.      7048.    362408.   4900.82          0.        0.     7048.
   293.50      6862.      7045.    362399.   4900.82          0.        0.     7045.
   294.00      6857.      7041.    362390.   4900.82          0.        0.     7041.
   294.50      6852.      7037.    362380.   4900.81          0.        0.     7037.
   295.00      6847.      7034.    362371.   4900.81          0.        0.     7034.
   295.50      6842.      7030.    362362.   4900.81          0.        0.     7030.
   296.00      6836.      7026.    362353.   4900.81          0.        0.     7026.
   296.50      6830.      7023.    362344.   4900.81          0.        0.     7023.
   297.00      6824.      7019.    362335.   4900.81          0.        0.     7019.
   297.50      6817.      7015.    362326.   4900.81          0.        0.     7015.
   298.00      6811.      7012.    362317.   4900.80          0.        0.     7012.
   298.50      6804.      7008.    362308.   4900.80          0.        0.     7008.
   299.00      6797.      7004.    362299.   4900.80          0.        0.     7004.
   299.50      6790.      7001.    362290.   4900.80          0.        0.     7001.
   300.00      6783.      6997.    362281.   4900.80          0.        0.     6997.
   300.50      6776.      6993.    362272.   4900.80          0.        0.     6993.
   301.00      6769.      6990.    362263.   4900.80          0.        0.     6990.
   301.50      6761.      6986.    362254.   4900.79          0.        0.     6986.
   302.00      6754.      6982.    362245.   4900.79          0.        0.     6982.
   302.50      6747.      6979.    362236.   4900.79          0.        0.     6979.
   303.00      6739.      6975.    362227.   4900.79          0.        0.     6975.
   303.50      6732.      6971.    362218.   4900.79          0.        0.     6971.
   304.00      6725.      6968.    362209.   4900.79          0.        0.     6968.
   304.50      6718.      6964.    362200.   4900.79          0.        0.     6964.
   305.00      6711.      6960.    362191.   4900.78          0.        0.     6960.
   305.50      6704.      6957.    362182.   4900.78          0.        0.     6957.
   306.00      6697.      6953.    362173.   4900.78          0.        0.     6953.
   306.50      6690.      6948.    362161.   4900.78          0.        0.     6948.
   307.00      6684.      6943.    362149.   4900.78          0.        0.     6943.
   307.50      6678.      6938.    362137.   4900.78          0.        0.     6938.
   308.00      6672.      6934.    362125.   4900.77          0.        0.     6934.
   308.50      6666.      6929.    362113.   4900.77          0.        0.     6929.
   309.00      6660.      6924.    362101.   4900.77          0.        0.     6924.
   309.50      6655.      6919.    362089.   4900.77          0.        0.     6919.
   310.00      6650.      6914.    362077.   4900.77          0.        0.     6914.
   310.50      6645.      6909.    362065.   4900.76          0.        0.     6909.
   311.00      6641.      6904.    362053.   4900.76          0.        0.     6904.
   311.50      6637.      6899.    362041.   4900.76          0.        0.     6899.
   312.00      6633.      6895.    362029.   4900.76          0.        0.     6895.
   312.50      6630.      6890.    362017.   4900.76          0.        0.     6890.
   313.00      6627.      6885.    362005.   4900.75          0.        0.     6885.
   313.50      6624.      6880.    361993.   4900.75          0.        0.     6880.
   314.00      6621.      6875.    361981.   4900.75          0.        0.     6875.
   314.50      6619.      6871.    361972.   4900.75          0.        0.     6871.
   315.00      6616.      6868.    361963.   4900.75          0.        0.     6868.
   315.50      6614.      6864.    361954.   4900.75          0.        0.     6864.
   316.00      6611.      6860.    361945.   4900.74          0.        0.     6860.
   316.50      6609.      6857.    361936.   4900.74          0.        0.     6857.
   317.00      6607.      6853.    361927.   4900.74          0.        0.     6853.
   317.50      6604.      6849.    361918.   4900.74          0.        0.     6849.
   318.00      6602.      6846.    361909.   4900.74          0.        0.     6846.
   318.50      6600.      6842.    361900.   4900.74          0.        0.     6842.
   319.00      6598.      6838.    361891.   4900.74          0.        0.     6838.
   319.50      6596.      6835.    361882.   4900.73          0.        0.     6835.
   320.00      6594.      6831.    361873.   4900.73          0.        0.     6831.
   320.50      6593.      6827.    361864.   4900.73          0.        0.     6827.
   321.00      6591.      6824.    361855.   4900.73          0.        0.     6824.
   321.50      6589.      6820.    361846.   4900.73          0.        0.     6820.
   322.00      6587.      6816.    361837.   4900.73          0.        0.     6816.
   322.50      6586.      6813.    361828.   4900.73          0.        0.     6813.
   323.00      6584.      6809.    361819.   4900.72          0.        0.     6809.
   323.50      6582.      6805.    361810.   4900.72          0.        0.     6805.
   324.00      6580.      6802.    361801.   4900.72          0.        0.     6802.
   324.50      6579.      6798.    361792.   4900.72          0.        0.     6798.
   325.00      6577.      6794.    361783.   4900.72          0.        0.     6794.
   325.50      6575.      6791.    361774.   4900.72          0.        0.     6791.
   326.00      6574.      6787.    361765.   4900.71          0.        0.     6787.
   326.50      6572.      6783.    361756.   4900.71          0.        0.     6783.
   327.00      6570.      6780.    361747.   4900.71          0.        0.     6780.
   327.50      6569.      6776.    361738.   4900.71          0.        0.     6776.
   328.00      6567.      6772.    361729.   4900.71          0.        0.     6772.
   328.50      6565.      6769.    361720.   4900.71          0.        0.     6769.
   329.00      6563.      6765.    361711.   4900.71          0.        0.     6765.
   329.50      6561.      6761.    361702.   4900.70          0.        0.     6761.
   330.00      6559.      6758.    361693.   4900.70          0.        0.     6758.
   330.50      6557.      6754.    361684.   4900.70          0.        0.     6754.
   331.00      6555.      6750.    361675.   4900.70          0.        0.     6750.
   331.50      6553.      6747.    361666.   4900.70          0.        0.     6747.
   332.00      6551.      6743.    361657.   4900.70          0.        0.     6743.
   332.50      6549.      6740.    361648.   4900.70          0.        0.     6740.
   333.00      6546.      6736.    361639.   4900.69          0.        0.     6736.
   333.50      6544.      6732.    361630.   4900.69          0.        0.     6732.
   334.00      6542.      6729.    361621.   4900.69          0.        0.     6729.
   334.50      6539.      6725.    361612.   4900.69          0.        0.     6725.
   335.00      6536.      6721.    361603.   4900.69          0.        0.     6721.
   335.50      6534.      6718.    361594.   4900.69          0.        0.     6718.
   336.00      6531.      6714.    361585.   4900.69          0.        0.     6714.
   336.50      6528.      6710.    361576.   4900.68          0.        0.     6710.
   337.00      6525.      6708.    361570.   4900.68          0.        0.     6708.
   337.50      6521.      6704.    361561.   4900.68          0.        0.     6704.
   338.00      6518.      6700.    361552.   4900.68          0.        0.     6700.
   338.50      6514.      6697.    361543.   4900.68          0.        0.     6697.
   339.00      6511.      6693.    361534.   4900.68          0.        0.     6693.
   339.50      6507.      6689.    361525.   4900.68          0.        0.     6689.
   340.00      6503.      6686.    361516.   4900.67          0.        0.     6686.
   340.50      6499.      6682.    361507.   4900.67          0.        0.     6682.
   341.00      6495.      6678.    361498.   4900.67          0.        0.     6678.
   341.50      6491.      6675.    361489.   4900.67          0.        0.     6675.
   342.00      6486.      6671.    361480.   4900.67          0.        0.     6671.
   342.50      6482.      6667.    361471.   4900.67          0.        0.     6667.
   343.00      6477.      6664.    361462.   4900.67          0.        0.     6664.
   343.50      6473.      6660.    361453.   4900.66          0.        0.     6660.
   344.00      6468.      6656.    361444.   4900.66          0.        0.     6656.
   344.50      6463.      6653.    361435.   4900.66          0.        0.     6653.
   345.00      6458.      6649.    361426.   4900.66          0.        0.     6649.
   345.50      6453.      6646.    361417.   4900.66          0.        0.     6646.
   346.00      6448.      6642.    361408.   4900.66          0.        0.     6642.
   346.50      6443.      6638.    361399.   4900.66          0.        0.     6638.
   347.00      6437.      6635.    361390.   4900.65          0.        0.     6635.
   347.50      6432.      6631.    361381.   4900.65          0.        0.     6631.
   348.00      6427.      6627.    361372.   4900.65          0.        0.     6627.
   348.50      6421.      6624.    361363.   4900.65          0.        0.     6624.
   349.00      6415.      6620.    361354.   4900.65          0.        0.     6620.
   349.50      6410.      6616.    361345.   4900.65          0.        0.     6616.
   350.00      6404.      6613.    361336.   4900.65          0.        0.     6613.
   350.50      6398.      6609.    361327.   4900.64          0.        0.     6609.
   351.00      6392.      6605.    361318.   4900.64          0.        0.     6605.
   351.50      6386.      6602.    361309.   4900.64          0.        0.     6602.
   352.00      6380.      6598.    361300.   4900.64          0.        0.     6598.
   352.50      6374.      6594.    361291.   4900.64          0.        0.     6594.
   353.00      6368.      6591.    361282.   4900.64          0.        0.     6591.
   353.50      6362.      6587.    361273.   4900.63          0.        0.     6587.
   354.00      6356.      6583.    361263.   4900.63          0.        0.     6583.
   354.50      6350.      6580.    361254.   4900.63          0.        0.     6580.
   355.00      6343.      6576.    361245.   4900.63          0.        0.     6576.
   355.50      6337.      6572.    361236.   4900.63          0.        0.     6572.
   356.00      6331.      6569.    361227.   4900.63          0.        0.     6569.
   356.50      6324.      6565.    361218.   4900.63          0.        0.     6565.
   357.00      6318.      6561.    361209.   4900.62          0.        0.     6561.
   357.50      6311.      6558.    361200.   4900.62          0.        0.     6558.
   358.00      6305.      6554.    361191.   4900.62          0.        0.     6554.
   358.50      6298.      6550.    361182.   4900.62          0.        0.     6550.
   359.00      6292.      6547.    361173.   4900.62          0.        0.     6547.
   359.50      6285.      6542.    361161.   4900.62          0.        0.     6542.
   360.00      6279.      6537.    361149.   4900.61          0.        0.     6537.
1



      INFLOW DATA                           STORAGE DATA
      ***********                           ************
     TIME    INFLOW                     ELEVATION     STORAGE

     0.50      5527.                      4753.20          0.
     1.00      5557.                      4754.00          5.
     1.50      5587.                      4760.00        853.
     2.00      5617.                      4770.00       5056.
     2.50      5647.                      4780.00      11677.
     3.00      5677.                      4790.00      20701.
     3.50      5707.                      4800.00      32214.
     4.00      5737.                      4810.00      46676.
     4.50      5766.                      4820.00      64861.
     5.00      5796.                      4830.00      86629.
     5.50      5825.                      4840.00     112286.
     6.00      5855.                      4850.00     141401.
     6.50      5884.                      4860.00     174439.
     7.00      5913.                      4870.00     212059.
     7.50      5941.                      4880.00     254696.
     8.00      5970.                      4890.00     303066.
     8.50      5999.                      4900.00     357369.
     9.00      6027.                      4910.00     418864.
     9.50      6056.                      4920.00     488871.
    10.00      6084.                      4924.00     519654.
    10.50      6112.                      4924.50     523636.
    11.00      6140.                      4925.00     527626.
    11.50      6167.                      4925.50     531626.
    12.00      6195.                      4926.00     535626.
    12.50      6222.                      4930.00     569747.
    13.00      6249.                      4935.00     604527.
    13.50      6276.
    14.00      6303.
    14.50      6330.
    15.00      6357.
    15.50      6383.
    16.00      6409.
    16.50      6435.
    17.00      6461.
    17.50      6487.
    18.00      6512.
    18.50      6537.
    19.00      6562.
    19.50      6587.
    20.00      6612.
    20.50      6636.
    21.00      6661.
    21.50      6685.
    22.00      6708.
    22.50      6732.
    23.00      6755.
    23.50      6778.
    24.00      6801.
    24.50      6824.
    25.00      6846.
    25.50      6869.
    26.00      6890.
    26.50      6912.
    27.00      6934.
    27.50      6955.
    28.00      6976.
    28.50      6997.
    29.00      7017.
    29.50      7038.
    30.00      7058.
    30.50      7078.
    31.00      7098.
    31.50      7117.
    32.00      7137.
    32.50      7156.
    33.00      7175.
    33.50      7195.
    34.00      7214.
    34.50      7233.
    35.00      7251.
    35.50      7270.
    36.00      7289.
    36.50      7307.
    37.00      7326.
    37.50      7344.
    38.00      7363.
    38.50      7381.
    39.00      7399.
    39.50      7418.
    40.00      7436.
    40.50      7454.
    41.00      7473.
    41.50      7491.
    42.00      7509.
    42.50      7528.
    43.00      7546.
    43.50      7565.
    44.00      7583.
    44.50      7602.
    45.00      7620.
    45.50      7639.
    46.00      7658.
    46.50      7677.
    47.00      7696.
    47.50      7715.
    48.00      7734.
    48.50      7754.
    49.00      7773.
    49.50      7794.
    50.00      7815.
    50.50      7838.
    51.00      7860.
    51.50      7883.
    52.00      7907.
    52.50      7931.
    53.00      7956.
    53.50      7981.
    54.00      8006.
    54.50      8032.
    55.00      8058.
    55.50      8084.
    56.00      8110.
    56.50      8136.
    57.00      8162.
    57.50      8196.
    58.00      8250.
    58.50      8325.
    59.00      8405.
    59.50      8496.
    60.00      8636.
    60.50      8925.
    61.00      9416.
    61.50     10107.
    62.00     11313.
    62.50     14387.
    63.00     32041.
    63.50     85326.
    64.00    107094.
    64.50    120223.
    65.00    130982.
    65.50    141013.
    66.00    150870.
    66.50    160495.
    67.00    169097.
    67.50    176419.
    68.00    182899.
    68.50    189199.
    69.00    195691.
    69.50    202103.
    70.00    207828.
    70.50    212388.
    71.00    215695.
    71.50    217839.
    72.00    218929.
    72.50    219157.
    73.00    218834.
    73.50    218253.
    74.00    217483.
    74.50    216485.
    75.00    215289.
    75.50    213862.
    76.00    212004.
    76.50    209553.
    77.00    206538.
    77.50    203106.
    78.00    199365.
    78.50    195362.
    79.00    191206.
    79.50    187209.
    80.00    182986.
    80.50    178233.
    81.00    173096.
    81.50    167694.
    82.00    162167.
    82.50    156620.
    83.00    151090.
    83.50    145560.
    84.00    140026.
    84.50    134520.
    85.00    129046.
    85.50    123572.
    86.00    118104.
    86.50    112683.
    87.00    107355.
    87.50    102224.
    88.00     97318.
    88.50     92628.
    89.00     88167.
    89.50     83977.
    90.00     80022.
    90.50     76273.
    91.00     72737.
    91.50     69408.
    92.00     66259.
    92.50     63277.
    93.00     60213.
    93.50     57210.
    94.00     54282.
    94.50     51506.
    95.00     48896.
    95.50     46463.
    96.00     44185.
    96.50     42110.
    97.00     40154.
    97.50     38372.
    98.00     36687.
    98.50     35129.
    99.00     33668.
    99.50     32305.
   100.00     31098.
   100.50     29882.
   101.00     28825.
   101.50     27812.
   102.00     26847.
   102.50     25941.
   103.00     25091.
   103.50     24373.
   104.00     23650.
   104.50     22961.
   105.00     22322.
   105.50     21726.
   106.00     21183.
   106.50     20697.
   107.00     20221.
   107.50     19751.
   108.00     19292.
   108.50     18857.
   109.00     18445.
   109.50     18060.
   110.00     17709.
   110.50     17388.
   111.00     17074.
   111.50     16766.
   112.00     16499.
   112.50     16247.
   113.00     15996.
   113.50     15744.
   114.00     15496.
   114.50     15260.
   115.00     15050.
   115.50     14863.
   116.00     14679.
   116.50     14497.
   117.00     14326.
   117.50     14167.
   118.00     14007.
   118.50     13853.
   119.00     13713.
   119.50     13576.
   120.00     13440.
   120.50     13308.
   121.00     13184.
   121.50     13066.
   122.00     12949.
   122.50     12835.
   123.00     12726.
   123.50     12625.
   124.00     12527.
   124.50     12432.
   125.00     12337.
   125.50     12246.
   126.00     12158.
   126.50     12071.
   127.00     11989.
   127.50     11907.
   128.00     11829.
   128.50     11753.
   129.00      8502.
   129.50      8497.
   130.00      8492.
   130.50      8486.
   131.00      8480.
   131.50      8474.
   132.00      8469.
   132.50      8462.
   133.00      8456.
   133.50      8450.
   134.00      8444.
   134.50      8438.
   135.00      8431.
   135.50      8425.
   136.00      8418.
   136.50      8412.
   137.00      8406.
   137.50      8399.
   138.00      8393.
   138.50      8386.
   139.00      8380.
   139.50      8374.
   140.00      8367.
   140.50      8361.
   141.00      8355.
   141.50      8349.
   142.00      8343.
   142.50      8337.
   143.00      8332.
   143.50      8326.
   144.00      8321.
   144.50      8315.
   145.00      8310.
   145.50      8305.
   146.00      8300.
   146.50      8295.
   147.00      8290.
   147.50      8285.
   148.00      8280.
   148.50      8274.
   149.00      8269.
   149.50      8264.
   150.00      8259.
   150.50      8254.
   151.00      8249.
   151.50      8244.
   152.00      8239.
   152.50      8234.
   153.00      8229.
   153.50      8224.
   154.00      8219.
   154.50      8214.
   155.00      8209.
   155.50      8204.
   156.00      8199.
   156.50      8194.
   157.00      8189.
   157.50      8183.
   158.00      8178.
   158.50      8173.
   159.00      8168.
   159.50      8163.
   160.00      8157.
   160.50      8152.
   161.00      8147.
   161.50      8141.
   162.00      8136.
   162.50      8130.
   163.00      8125.
   163.50      8119.
   164.00      8113.
   164.50      8108.
   165.00      8102.
   165.50      8096.
   166.00      8090.
   166.50      8084.
   167.00      8078.
   167.50      8072.
   168.00      8066.
   168.50      8060.
   169.00      8054.
   169.50      8047.
   170.00      8040.
   170.50      8032.
   171.00      8024.
   171.50      8016.
   172.00      8008.
   172.50      7999.
   173.00      7990.
   173.50      7981.
   174.00      7972.
   174.50      7962.
   175.00      7953.
   175.50      7943.
   176.00      7933.
   176.50      7923.
   177.00      7913.
   177.50      7903.
   178.00      7893.
   178.50      7883.
   179.00      7873.
   179.50      7864.
   180.00      7854.
   180.50      7844.
   181.00      7834.
   181.50      7825.
   182.00      7816.
   182.50      7807.
   183.00      7798.
   183.50      7789.
   184.00      7781.
   184.50      7773.
   185.00      7765.
   185.50      7758.
   186.00      7751.
   186.50      7744.
   187.00      7738.
   187.50      7732.
   188.00      7727.
   188.50      7722.
   189.00      7718.
   189.50      7714.
   190.00      7710.
   190.50      7708.
   191.00      7705.
   191.50      7704.
   192.00      7703.
   192.50      7703.
   193.00      7703.
   193.50      7703.
   194.00      7703.
   194.50      7703.
   195.00      7703.
   195.50      7703.
   196.00      7703.
   196.50      7703.
   197.00      7703.
   197.50      7703.
   198.00      7703.
   198.50      7703.
   199.00      7703.
   199.50      7703.
   200.00      7703.
   200.50      7703.
   201.00      7703.
   201.50      7703.
   202.00      7703.
   202.50      7703.
   203.00      7703.
   203.50      7703.
   204.00      7703.
   204.50      7703.
   205.00      7703.
   205.50      7703.
   206.00      7703.
   206.50      7703.
   207.00      7703.
   207.50      7703.
   208.00      7703.
   208.50      7703.
   209.00      7703.
   209.50      7703.
   210.00      7703.
   210.50      7703.
   211.00      7703.
   211.50      7703.
   212.00      7703.
   212.50      7703.
   213.00      7703.
   213.50      7703.
   214.00      7703.
   214.50      7703.
   215.00      7703.
   215.50      7703.
   216.00      7703.
   216.50      7703.
   217.00      7702.
   217.50      7702.
   218.00      7700.
   218.50      7699.
   219.00      7697.
   219.50      7694.
   220.00      7692.
   220.50      7688.
   221.00      7685.
   221.50      7681.
   222.00      7677.
   222.50      7672.
   223.00      7667.
   223.50      7662.
   224.00      7656.
   224.50      7650.
   225.00      7644.
   225.50      7638.
   226.00      7631.
   226.50      7624.
   227.00      7617.
   227.50      7610.
   228.00      7603.
   228.50      7595.
   229.00      7587.
   229.50      7579.
   230.00      7571.
   230.50      7562.
   231.00      7554.
   231.50      7545.
   232.00      7537.
   232.50      7528.
   233.00      7519.
   233.50      7510.
   234.00      7501.
   234.50      7492.
   235.00      7483.
   235.50      7474.
   236.00      7465.
   236.50      7456.
   237.00      7447.
   237.50      7438.
   238.00      7429.
   238.50      7420.
   239.00      7412.
   239.50      7403.
   240.00      7394.
   240.50      7386.
   241.00      7377.
   241.50      7367.
   242.00      7357.
   242.50      7346.
   243.00      7335.
   243.50      7323.
   244.00      7310.
   244.50      7297.
   245.00      7284.
   245.50      7270.
   246.00      7256.
   246.50      7241.
   247.00      7226.
   247.50      7211.
   248.00      7196.
   248.50      7180.
   249.00      7164.
   249.50      7149.
   250.00      7133.
   250.50      7117.
   251.00      7101.
   251.50      7085.
   252.00      7070.
   252.50      7054.
   253.00      7039.
   253.50      7024.
   254.00      7009.
   254.50      6994.
   255.00      6980.
   255.50      6966.
   256.00      6953.
   256.50      6940.
   257.00      6927.
   257.50      6915.
   258.00      6904.
   258.50      6893.
   259.00      6883.
   259.50      6873.
   260.00      6864.
   260.50      6856.
   261.00      6849.
   261.50      6843.
   262.00      6837.
   262.50      6832.
   263.00      6829.
   263.50      6826.
   264.00      6825.
   264.50      6824.
   265.00      6824.
   265.50      6824.
   266.00      6825.
   266.50      6825.
   267.00      6826.
   267.50      6827.
   268.00      6828.
   268.50      6829.
   269.00      6830.
   269.50      6831.
   270.00      6832.
   270.50      6834.
   271.00      6835.
   271.50      6837.
   272.00      6838.
   272.50      6840.
   273.00      6842.
   273.50      6843.
   274.00      6845.
   274.50      6847.
   275.00      6849.
   275.50      6851.
   276.00      6853.
   276.50      6855.
   277.00      6857.
   277.50      6858.
   278.00      6860.
   278.50      6862.
   279.00      6864.
   279.50      6866.
   280.00      6868.
   280.50      6869.
   281.00      6871.
   281.50      6873.
   282.00      6874.
   282.50      6876.
   283.00      6877.
   283.50      6878.
   284.00      6880.
   284.50      6881.
   285.00      6882.
   285.50      6883.
   286.00      6883.
   286.50      6884.
   287.00      6885.
   287.50      6885.
   288.00      6885.
   288.50      6885.
   289.00      6885.
   289.50      6884.
   290.00      6883.
   290.50      6881.
   291.00      6879.
   291.50      6876.
   292.00      6873.
   292.50      6870.
   293.00      6866.
   293.50      6862.
   294.00      6857.
   294.50      6852.
   295.00      6847.
   295.50      6842.
   296.00      6836.
   296.50      6830.
   297.00      6824.
   297.50      6817.
   298.00      6811.
   298.50      6804.
   299.00      6797.
   299.50      6790.
   300.00      6783.
   300.50      6776.
   301.00      6769.
   301.50      6761.
   302.00      6754.
   302.50      6747.
   303.00      6739.
   303.50      6732.
   304.00      6725.
   304.50      6718.
   305.00      6711.
   305.50      6704.
   306.00      6697.
   306.50      6690.
   307.00      6684.
   307.50      6678.
   308.00      6672.
   308.50      6666.
   309.00      6660.
   309.50      6655.
   310.00      6650.
   310.50      6645.
   311.00      6641.
   311.50      6637.
   312.00      6633.
   312.50      6630.
   313.00      6627.
   313.50      6624.
   314.00      6621.
   314.50      6619.
   315.00      6616.
   315.50      6614.
   316.00      6611.
   316.50      6609.
   317.00      6607.
   317.50      6604.
   318.00      6602.
   318.50      6600.
   319.00      6598.
   319.50      6596.
   320.00      6594.
   320.50      6593.
   321.00      6591.
   321.50      6589.
   322.00      6587.
   322.50      6586.
   323.00      6584.
   323.50      6582.
   324.00      6580.
   324.50      6579.
   325.00      6577.
   325.50      6575.
   326.00      6574.
   326.50      6572.
   327.00      6570.
   327.50      6569.
   328.00      6567.
   328.50      6565.
   329.00      6563.
   329.50      6561.
   330.00      6559.
   330.50      6557.
   331.00      6555.
   331.50      6553.
   332.00      6551.
   332.50      6549.
   333.00      6546.
   333.50      6544.
   334.00      6542.
   334.50      6539.
   335.00      6536.
   335.50      6534.
   336.00      6531.
   336.50      6528.
   337.00      6525.
   337.50      6521.
   338.00      6518.
   338.50      6514.
   339.00      6511.
   339.50      6507.
   340.00      6503.
   340.50      6499.
   341.00      6495.
   341.50      6491.
   342.00      6486.
   342.50      6482.
   343.00      6477.
   343.50      6473.
   344.00      6468.
   344.50      6463.
   345.00      6458.
   345.50      6453.
   346.00      6448.
   346.50      6443.
   347.00      6437.
   347.50      6432.
   348.00      6427.
   348.50      6421.
   349.00      6415.
   349.50      6410.
   350.00      6404.
   350.50      6398.
   351.00      6392.
   351.50      6386.
   352.00      6380.
   352.50      6374.
   353.00      6368.
   353.50      6362.
   354.00      6356.
   354.50      6350.
   355.00      6343.
   355.50      6337.
   356.00      6331.
   356.50      6324.
   357.00      6318.
   357.50      6311.
   358.00      6305.
   358.50      6298.
   359.00      6292.
   359.50      6285.
   360.00      6279.
1


  DISCHARGE VS ELEVATION
  **********************
  ELEVATION  DISCHARGE

    4880.49      5000.
    4890.00      5000.
    4898.70      5000.
    4900.00      5000.
    4902.00     10000.
    4904.00     22500.
    4906.00     37500.
    4908.00     56000.
    4910.00     77000.
    4912.00    100000.
    4914.00    125000.
    4916.00    153000.
    4920.00    212000.
    4924.00    270000.
    4928.00    328000.
    4930.00    357000.
    4935.00    429500.