
                     UNITED STATES BUREAU OF RECLAMATION
                       ENGINEERING AND RESEARCH CENTER

                            FLOOD ROUTING FOR DAMS
                            ----------------------

      FEATURE: Pueblo Dam                               DATE    **/ 1/  26
      FLOOD: TREX Test Run & PMF snow                   TIME    **:**:03.**
      TITLE: Full TREX Routing             
      DATA FILE: fs12-14sn.in                                                   

      FLOOD ROUTING SUMMARY
      *********************

         BEGINNING HOUR OF ROUTING.......................      0.50
         ENDING HOUR OF ROUTING..........................    360.00
         INITIAL RESERVOIR ELEVATION.....................   4880.49 FT
         MINIMUM OR NORMAL POOL ELEV.....................   4880.49 FT
         MAXIMUM RESERVOIR ELEVATION.....   4919.17 AT HOUR   81.50
         INFLOW PEAK DISCHARGE...........   266752. AT HOUR   72.00
         MAXIMUM TOTAL OUTFLOW...........   199735. AT HOUR   81.50
         ELEVATION TOLERANCE.............................    0.0100 FT
         INFLOW HYDROGRAPH ADJUSTMENT FACTOR.............      1.00
         IPC OPTIONS (1 TO 10)...........................3100100021

      WATERWAY PARAMETERS
      *******************

         WATERWAY NO. 1 - Top of Dam                    

         TYPE-BROAD OR SHARP CRESTED WEIR
         CONSTANT DISCHARGE COEFFICIENT..................      2.67
         CREST ELEVATION.................................   4925.25 FT
         CREST LENGTH....................................   1200.50 FT
         MAXIMUM DISCHARGE...............        0. AT HOUR    0.50

         WATERWAY NO. 2 - Embankment "wings"            

         TYPE-BROAD OR SHARP CRESTED WEIR
         CONSTANT DISCHARGE COEFFICIENT..................      2.62
         CREST ELEVATION.................................   4925.00 FT
         CREST LENGTH....................................   8480.00 FT
         MAXIMUM DISCHARGE...............        0. AT HOUR    0.50
1

                     ROUTING RESULTS                          DISCHARGE RESULTS
                     ***************                          *****************

    TIME     INFLOW    OUTFLOW    STORAGE   ELEVATION        WATERWAY         RATING
                                                           1         2        CURVE

     0.50      5527.      5000.    257067.   4880.49          0.        0.     5000.
     1.00      5557.      5000.    257089.   4880.49          0.        0.     5000.
     1.50      5587.      5000.    257112.   4880.50          0.        0.     5000.
     2.00      5617.      5000.    257138.   4880.50          0.        0.     5000.
     2.50      5647.      5000.    257164.   4880.51          0.        0.     5000.
     3.00      5677.      5000.    257192.   4880.52          0.        0.     5000.
     3.50      5707.      5000.    257221.   4880.52          0.        0.     5000.
     4.00      5737.      5000.    257251.   4880.53          0.        0.     5000.
     4.50      5766.      5000.    257282.   4880.53          0.        0.     5000.
     5.00      5796.      5000.    257315.   4880.54          0.        0.     5000.
     5.50      5825.      5000.    257348.   4880.55          0.        0.     5000.
     6.00      5855.      5000.    257384.   4880.56          0.        0.     5000.
     6.50      5884.      5000.    257419.   4880.56          0.        0.     5000.
     7.00      5913.      5000.    257457.   4880.57          0.        0.     5000.
     7.50      5941.      5000.    257495.   4880.58          0.        0.     5000.
     8.00      5970.      5000.    257535.   4880.59          0.        0.     5000.
     8.50      5999.      5000.    257575.   4880.60          0.        0.     5000.
     9.00      6027.      5000.    257618.   4880.60          0.        0.     5000.
     9.50      6056.      5000.    257660.   4880.61          0.        0.     5000.
    10.00      6084.      5000.    257705.   4880.62          0.        0.     5000.
    10.50      6112.      5000.    257750.   4880.63          0.        0.     5000.
    11.00      6140.      5000.    257797.   4880.64          0.        0.     5000.
    11.50      6167.      5000.    257844.   4880.65          0.        0.     5000.
    12.00      6195.      5000.    257894.   4880.66          0.        0.     5000.
    12.50      6222.      5000.    257944.   4880.67          0.        0.     5000.
    13.00      6249.      5000.    257995.   4880.68          0.        0.     5000.
    13.50      6276.      5000.    258047.   4880.69          0.        0.     5000.
    14.00      6303.      5000.    258102.   4880.70          0.        0.     5000.
    14.50      6330.      5000.    258156.   4880.72          0.        0.     5000.
    15.00      6357.      5000.    258213.   4880.73          0.        0.     5000.
    15.50      6383.      5000.    258269.   4880.74          0.        0.     5000.
    16.00      6409.      5000.    258326.   4880.75          0.        0.     5000.
    16.50      6435.      5000.    258385.   4880.76          0.        0.     5000.
    17.00      6461.      5000.    258444.   4880.77          0.        0.     5000.
    17.50      6487.      5000.    258506.   4880.79          0.        0.     5000.
    18.00      6512.      5000.    258567.   4880.80          0.        0.     5000.
    18.50      6537.      5000.    258631.   4880.81          0.        0.     5000.
    19.00      6562.      5000.    258695.   4880.83          0.        0.     5000.
    19.50      6587.      5000.    258761.   4880.84          0.        0.     5000.
    20.00      6612.      5000.    258827.   4880.85          0.        0.     5000.
    20.50      6636.      5000.    258893.   4880.87          0.        0.     5000.
    21.00      6661.      5000.    258961.   4880.88          0.        0.     5000.
    21.50      6685.      5000.    259030.   4880.90          0.        0.     5000.
    22.00      6708.      5000.    259101.   4880.91          0.        0.     5000.
    22.50      6732.      5000.    259172.   4880.93          0.        0.     5000.
    23.00      6755.      5000.    259245.   4880.94          0.        0.     5000.
    23.50      6778.      5000.    259318.   4880.96          0.        0.     5000.
    24.00      6801.      5000.    259391.   4880.97          0.        0.     5000.
    24.50      6824.      5000.    259467.   4880.99          0.        0.     5000.
    25.00      6846.      5000.    259542.   4881.00          0.        0.     5000.
    25.50      6869.      5000.    259618.   4881.02          0.        0.     5000.
    26.00      6890.      5000.    259696.   4881.03          0.        0.     5000.
    26.50      6912.      5000.    259774.   4881.05          0.        0.     5000.
    27.00      6934.      5000.    259854.   4881.07          0.        0.     5000.
    27.50      6955.      5000.    259935.   4881.08          0.        0.     5000.
    28.00      6976.      5000.    260015.   4881.10          0.        0.     5000.
    28.50      6997.      5000.    260097.   4881.12          0.        0.     5000.
    29.00      7017.      5000.    260180.   4881.13          0.        0.     5000.
    29.50      7038.      5000.    260263.   4881.15          0.        0.     5000.
    30.00      7058.      5000.    260348.   4881.17          0.        0.     5000.
    30.50      7078.      5000.    260433.   4881.19          0.        0.     5000.
    31.00      7098.      5000.    260520.   4881.20          0.        0.     5000.
    31.50      7117.      5000.    260608.   4881.22          0.        0.     5000.
    32.00      7137.      5000.    260695.   4881.24          0.        0.     5000.
    32.50      7156.      5000.    260785.   4881.26          0.        0.     5000.
    33.00      7175.      5000.    260875.   4881.28          0.        0.     5000.
    33.50      7195.      5000.    260964.   4881.30          0.        0.     5000.
    34.00      7214.      5000.    261056.   4881.31          0.        0.     5000.
    34.50      7233.      5000.    261148.   4881.33          0.        0.     5000.
    35.00      7251.      5000.    261241.   4881.35          0.        0.     5000.
    35.50      7270.      5000.    261335.   4881.37          0.        0.     5000.
    36.00      7289.      5000.    261430.   4881.39          0.        0.     5000.
    36.50      7307.      5000.    261524.   4881.41          0.        0.     5000.
    37.00      7326.      5000.    261621.   4881.43          0.        0.     5000.
    37.50      7344.      5000.    261718.   4881.45          0.        0.     5000.
    38.00      7363.      5000.    261815.   4881.47          0.        0.     5000.
    38.50      7381.      5000.    261914.   4881.49          0.        0.     5000.
    39.00      7399.      5000.    262013.   4881.51          0.        0.     5000.
    39.50      7418.      5000.    262112.   4881.53          0.        0.     5000.
    40.00      7436.      5000.    262211.   4881.55          0.        0.     5000.
    40.50      7454.      5000.    262313.   4881.57          0.        0.     5000.
    41.00      7473.      5000.    262414.   4881.60          0.        0.     5000.
    41.50      7491.      5000.    262516.   4881.62          0.        0.     5000.
    42.00      7509.      5000.    262620.   4881.64          0.        0.     5000.
    42.50      7528.      5000.    262724.   4881.66          0.        0.     5000.
    43.00      7546.      5000.    262828.   4881.68          0.        0.     5000.
    43.50      7565.      5000.    262934.   4881.70          0.        0.     5000.
    44.00      7583.      5000.    263040.   4881.73          0.        0.     5000.
    44.50      7602.      5000.    263147.   4881.75          0.        0.     5000.
    45.00      7620.      5000.    263255.   4881.77          0.        0.     5000.
    45.50      7639.      5000.    263364.   4881.79          0.        0.     5000.
    46.00      7658.      5000.    263473.   4881.81          0.        0.     5000.
    46.50      7677.      5000.    263584.   4881.84          0.        0.     5000.
    47.00      7696.      5000.    263695.   4881.86          0.        0.     5000.
    47.50      7715.      5000.    263806.   4881.88          0.        0.     5000.
    48.00      7734.      5000.    263919.   4881.91          0.        0.     5000.
    48.50      7754.      5000.    264032.   4881.93          0.        0.     5000.
    49.00      7773.      5000.    264146.   4881.95          0.        0.     5000.
    49.50      7794.      5000.    264261.   4881.98          0.        0.     5000.
    50.00      7815.      5000.    264377.   4882.00          0.        0.     5000.
    50.50      7838.      5000.    264493.   4882.03          0.        0.     5000.
    51.00      7860.      5000.    264611.   4882.05          0.        0.     5000.
    51.50      7883.      5000.    264729.   4882.07          0.        0.     5000.
    52.00      7907.      5000.    264849.   4882.10          0.        0.     5000.
    52.50      7931.      5000.    264970.   4882.12          0.        0.     5000.
    53.00      7956.      5000.    265090.   4882.15          0.        0.     5000.
    53.50      7981.      5000.    265213.   4882.17          0.        0.     5000.
    54.00      8006.      5000.    265336.   4882.20          0.        0.     5000.
    54.50      8032.      5000.    265461.   4882.23          0.        0.     5000.
    55.00      8058.      5000.    265586.   4882.25          0.        0.     5000.
    55.50      8084.      5000.    265714.   4882.28          0.        0.     5000.
    56.00      8110.      5000.    265841.   4882.30          0.        0.     5000.
    56.50      8136.      5000.    265971.   4882.33          0.        0.     5000.
    57.00      8162.      5000.    266101.   4882.36          0.        0.     5000.
    57.50      8197.      5000.    266233.   4882.39          0.        0.     5000.
    58.00      8272.      5000.    266368.   4882.41          0.        0.     5000.
    58.50      8361.      5000.    266505.   4882.44          0.        0.     5000.
    59.00      8459.      5000.    266647.   4882.47          0.        0.     5000.
    59.50      8581.      5000.    266793.   4882.50          0.        0.     5000.
    60.00      8825.      5000.    266947.   4882.53          0.        0.     5000.
    60.50      9318.      5000.    267114.   4882.57          0.        0.     5000.
    61.00     10078.      5000.    267308.   4882.61          0.        0.     5000.
    61.50     11324.      5000.    267544.   4882.66          0.        0.     5000.
    62.00     14472.      5000.    267870.   4882.72          0.        0.     5000.
    62.50     33434.      5000.    268654.   4882.89          0.        0.     5000.
    63.00     93178.      5000.    271063.   4883.38          0.        0.     5000.
    63.50    119191.      5000.    275244.   4884.25          0.        0.     5000.
    64.00    134926.      5000.    280289.   4885.29          0.        0.     5000.
    64.50    148080.      5000.    285929.   4886.46          0.        0.     5000.
    65.00    160707.      5000.    292102.   4887.73          0.        0.     5000.
    65.50    173352.      5000.    298798.   4889.12          0.        0.     5000.
    66.00    185205.      5000.    305999.   4890.54          0.        0.     5000.
    66.50    195264.      5000.    313654.   4891.95          0.        0.     5000.
    67.00    204017.      5000.    321696.   4893.43          0.        0.     5000.
    67.50    212451.      5000.    330093.   4894.98          0.        0.     5000.
    68.00    221333.      5000.    338848.   4896.59          0.        0.     5000.
    68.50    230611.      5000.    347980.   4898.27          0.        0.     5000.
    69.00    239689.      5049.    357489.   4900.02          0.        0.     5049.
    69.50    247930.      9026.    367272.   4901.61          0.        0.     9026.
    70.00    254941.     17565.    377112.   4903.21          0.        0.    17565.
    70.50    260479.     28407.    386810.   4904.79          0.        0.    28407.
    71.00    264324.     40472.    396242.   4906.32          0.        0.    40472.
    71.50    266382.     54026.    405253.   4907.79          0.        0.    54026.
    72.00    266752.     68253.    413741.   4909.17          0.        0.    68253.
    72.50    265890.     81576.    421650.   4910.40          0.        0.    81576.
    73.00    264454.     93632.    428989.   4911.45          0.        0.    93632.
    73.50    262891.    105212.    435785.   4912.42          0.        0.   105212.
    74.00    261275.    116376.    442037.   4913.31          0.        0.   116376.
    74.50    259557.    126818.    447776.   4914.13          0.        0.   126818.
    75.00    257771.    137284.    453010.   4914.88          0.        0.   137284.
    75.50    255888.    146772.    457754.   4915.56          0.        0.   146772.
    76.00    253668.    155470.    462041.   4916.17          0.        0.   155470.
    76.50    251239.    163558.    465879.   4916.72          0.        0.   163558.
    77.00    248684.    170768.    469301.   4917.20          0.        0.   170768.
    77.50    245221.    177127.    472320.   4917.64          0.        0.   177127.
    78.00    240967.    182630.    474931.   4918.01          0.        0.   182630.
    78.50    236213.    187297.    477146.   4918.33          0.        0.   187297.
    79.00    231068.    191164.    478982.   4918.59          0.        0.   191164.
    79.50    225560.    194261.    480452.   4918.80          0.        0.   194261.
    80.00    219738.    196631.    481576.   4918.96          0.        0.   196631.
    80.50    213700.    198309.    482373.   4919.07          0.        0.   198309.
    81.00    207429.    199331.    482858.   4919.14          0.        0.   199331.
    81.50    200867.    199735.    483050.   4919.17          0.        0.   199735.
    82.00    194144.    199547.    482961.   4919.16          0.        0.   199547.
    82.50    187388.    198813.    482612.   4919.11          0.        0.   198813.
    83.00    180630.    197581.    482028.   4919.02          0.        0.   197581.
    83.50    173875.    195889.    481224.   4918.91          0.        0.   195889.
    84.00    167110.    193771.    480219.   4918.76          0.        0.   193771.
    84.50    160343.    191265.    479030.   4918.59          0.        0.   191265.
    85.00    153569.    188406.    477673.   4918.40          0.        0.   188406.
    85.50    146818.    185215.    476158.   4918.18          0.        0.   185215.
    86.00    140119.    181729.    474504.   4917.95          0.        0.   181729.
    86.50    133498.    177984.    472726.   4917.69          0.        0.   177984.
    87.00    127044.    174001.    470836.   4917.42          0.        0.   174001.
    87.50    120833.    169824.    468853.   4917.14          0.        0.   169824.
    88.00    114888.    165489.    466796.   4916.85          0.        0.   165489.
    88.50    109237.    161030.    464680.   4916.54          0.        0.   161030.
    89.00    103902.    156486.    462523.   4916.24          0.        0.   156486.
    89.50     98885.    151947.    460342.   4915.92          0.        0.   151947.
    90.00     94172.    147552.    458144.   4915.61          0.        0.   147552.
    90.50     89725.    143143.    455939.   4915.30          0.        0.   143143.
    91.00     85525.    138740.    453738.   4914.98          0.        0.   138740.
    91.50     81566.    134358.    451546.   4914.67          0.        0.   134358.
    92.00     77806.    130018.    449376.   4914.36          0.        0.   130018.
    92.50     74251.    125731.    447233.   4914.05          0.        0.   125731.
    93.00     70610.    121875.    445117.   4913.75          0.        0.   121875.
    93.50     67007.    118097.    443001.   4913.45          0.        0.   118097.
    94.00     63455.    114337.    440895.   4913.15          0.        0.   114337.
    94.50     60053.    110596.    438800.   4912.85          0.        0.   110596.
    95.00     56843.    106885.    436721.   4912.55          0.        0.   106885.
    95.50     53832.    103217.    434667.   4912.26          0.        0.   103217.
    96.00     51035.     99635.    432643.   4911.97          0.        0.    99635.
    96.50     48445.     96361.    430650.   4911.68          0.        0.    96361.
    97.00     46030.     93138.    428688.   4911.40          0.        0.    93138.
    97.50     43791.     89971.    426760.   4911.13          0.        0.    89971.
    98.00     41789.     86872.    424873.   4910.86          0.        0.    86872.
    98.50     39925.     83851.    423034.   4910.60          0.        0.    83851.
    99.00     38236.     80914.    421247.   4910.34          0.        0.    80914.
    99.50     36626.     78061.    419510.   4910.09          0.        0.    78061.
   100.00     35133.     75226.    417825.   4909.83          0.        0.    75226.
   100.50     33748.     72447.    416198.   4909.57          0.        0.    72447.
   101.00     32439.     69766.    414627.   4909.31          0.        0.    69766.
   101.50     31287.     67182.    413114.   4909.06          0.        0.    67182.
   102.00     30112.     64695.    411658.   4908.83          0.        0.    64695.
   102.50     29050.     62301.    410255.   4908.60          0.        0.    62301.
   103.00     28065.     59999.    408907.   4908.38          0.        0.    59999.
   103.50     27119.     57789.    407613.   4908.17          0.        0.    57789.
   104.00     26239.     55706.    406370.   4907.97          0.        0.    55706.
   104.50     25409.     53904.    405172.   4907.77          0.        0.    53904.
   105.00     24686.     52165.    404016.   4907.59          0.        0.    52165.
   105.50     23977.     50490.    402902.   4907.40          0.        0.    50490.
   106.00     23295.     48873.    401827.   4907.23          0.        0.    48873.
   106.50     22650.     47310.    400788.   4907.06          0.        0.    47310.
   107.00     22054.     45806.    399788.   4906.90          0.        0.    45806.
   107.50     21497.     44356.    398824.   4906.74          0.        0.    44356.
   108.00     20996.     42965.    397899.   4906.59          0.        0.    42965.
   108.50     20535.     41628.    397010.   4906.45          0.        0.    41628.
   109.00     20078.     40341.    396155.   4906.31          0.        0.    40341.
   109.50     19627.     39108.    395335.   4906.17          0.        0.    39108.
   110.00     19191.     37920.    394545.   4906.05          0.        0.    37920.
   110.50     18774.     36914.    393786.   4905.92          0.        0.    36914.
   111.00     18383.     36013.    393047.   4905.80          0.        0.    36013.
   111.50     18016.     35138.    392329.   4905.69          0.        0.    35138.
   112.00     17681.     34288.    391633.   4905.57          0.        0.    34288.
   112.50     17375.     33464.    390957.   4905.46          0.        0.    33464.
   113.00     17074.     32666.    390302.   4905.36          0.        0.    32666.
   113.50     16775.     31893.    389669.   4905.25          0.        0.    31893.
   114.00     16514.     31143.    389053.   4905.15          0.        0.    31143.
   114.50     16268.     30417.    388459.   4905.06          0.        0.    30417.
   115.00     16022.     29714.    387882.   4904.96          0.        0.    29714.
   115.50     15777.     29037.    387327.   4904.87          0.        0.    29037.
   116.00     15535.     28378.    386786.   4904.78          0.        0.    28378.
   116.50     15302.     27740.    386264.   4904.70          0.        0.    27740.
   117.00     15091.     27125.    385759.   4904.62          0.        0.    27125.
   117.50     14905.     26528.    385270.   4904.54          0.        0.    26528.
   118.00     14727.     25953.    384799.   4904.46          0.        0.    25953.
   118.50     14550.     25397.    384342.   4904.39          0.        0.    25397.
   119.00     14378.     24858.    383901.   4904.31          0.        0.    24858.
   119.50     14222.     24338.    383474.   4904.25          0.        0.    24338.
   120.00     14066.     23837.    383063.   4904.18          0.        0.    23837.
   120.50     13913.     23353.    382667.   4904.11          0.        0.    23353.
   121.00     13769.     22885.    382282.   4904.05          0.        0.    22885.
   121.50     13635.     22445.    381913.   4903.99          0.        0.    22445.
   122.00     13501.     22079.    381553.   4903.93          0.        0.    22079.
   122.50     13368.     21722.    381201.   4903.88          0.        0.    21722.
   123.00     13240.     21377.    380862.   4903.82          0.        0.    21377.
   123.50     13121.     21041.    380532.   4903.77          0.        0.    21041.
   124.00     13005.     20712.    380207.   4903.71          0.        0.    20712.
   124.50     12890.     20391.    379892.   4903.66          0.        0.    20391.
   125.00     12779.     20080.    379586.   4903.61          0.        0.    20080.
   125.50     12675.     19778.    379289.   4903.56          0.        0.    19778.
   126.00     12577.     19485.    379000.   4903.52          0.        0.    19485.
   126.50     12481.     19198.    378718.   4903.47          0.        0.    19198.
   127.00     12387.     18920.    378445.   4903.43          0.        0.    18920.
   127.50     12294.     18649.    378178.   4903.38          0.        0.    18649.
   128.00     12205.     18386.    377919.   4903.34          0.        0.    18386.
   128.50     12119.     18130.    377667.   4903.30          0.        0.    18130.
   129.00      8502.     17809.    377352.   4903.25          0.        0.    17809.
   129.50      8497.     17428.    376977.   4903.19          0.        0.    17428.
   130.00      8492.     17062.    376616.   4903.13          0.        0.    17062.
   130.50      8486.     16708.    376268.   4903.07          0.        0.    16708.
   131.00      8480.     16369.    375935.   4903.02          0.        0.    16369.
   131.50      8474.     16046.    375616.   4902.97          0.        0.    16046.
   132.00      8469.     15734.    375310.   4902.92          0.        0.    15734.
   132.50      8462.     15435.    375016.   4902.87          0.        0.    15435.
   133.00      8456.     15148.    374734.   4902.82          0.        0.    15148.
   133.50      8450.     14874.    374463.   4902.78          0.        0.    14874.
   134.00      8444.     14608.    374202.   4902.74          0.        0.    14608.
   134.50      8438.     14355.    373953.   4902.70          0.        0.    14355.
   135.00      8431.     14111.    373713.   4902.66          0.        0.    14111.
   135.50      8425.     13876.    373481.   4902.62          0.        0.    13876.
   136.00      8418.     13650.    373259.   4902.58          0.        0.    13650.
   136.50      8412.     13433.    373046.   4902.55          0.        0.    13433.
   137.00      8406.     13226.    372842.   4902.52          0.        0.    13226.
   137.50      8399.     13027.    372647.   4902.48          0.        0.    13027.
   138.00      8393.     12838.    372461.   4902.45          0.        0.    12838.
   138.50      8386.     12655.    372280.   4902.42          0.        0.    12655.
   139.00      8380.     12478.    372106.   4902.40          0.        0.    12478.
   139.50      8374.     12310.    371941.   4902.37          0.        0.    12310.
   140.00      8367.     12148.    371782.   4902.34          0.        0.    12148.
   140.50      8361.     11993.    371629.   4902.32          0.        0.    11993.
   141.00      8355.     11843.    371482.   4902.29          0.        0.    11843.
   141.50      8349.     11700.    371341.   4902.27          0.        0.    11700.
   142.00      8343.     11563.    371205.   4902.25          0.        0.    11563.
   142.50      8337.     11431.    371076.   4902.23          0.        0.    11431.
   143.00      8332.     11303.    370950.   4902.21          0.        0.    11303.
   143.50      8326.     11181.    370830.   4902.19          0.        0.    11181.
   144.00      8321.     11062.    370713.   4902.17          0.        0.    11062.
   144.50      8315.     10949.    370602.   4902.15          0.        0.    10949.
   145.00      8310.     10839.    370494.   4902.13          0.        0.    10839.
   145.50      8305.     10735.    370392.   4902.12          0.        0.    10735.
   146.00      8300.     10635.    370293.   4902.10          0.        0.    10635.
   146.50      8295.     10540.    370199.   4902.09          0.        0.    10540.
   147.00      8290.     10449.    370109.   4902.07          0.        0.    10449.
   147.50      8285.     10360.    370022.   4902.06          0.        0.    10360.
   148.00      8280.     10275.    369938.   4902.04          0.        0.    10275.
   148.50      8274.     10192.    369857.   4902.03          0.        0.    10192.
   149.00      8269.     10113.    369779.   4902.02          0.        0.    10113.
   149.50      8264.     10037.    369704.   4902.01          0.        0.    10037.
   150.00      8259.      9985.    369632.   4901.99          0.        0.     9985.
   150.50      8254.      9956.    369560.   4901.98          0.        0.     9956.
   151.00      8249.      9928.    369491.   4901.97          0.        0.     9928.
   151.50      8244.      9900.    369422.   4901.96          0.        0.     9900.
   152.00      8239.      9872.    369353.   4901.95          0.        0.     9872.
   152.50      8234.      9845.    369287.   4901.94          0.        0.     9845.
   153.00      8229.      9818.    369221.   4901.93          0.        0.     9818.
   153.50      8224.      9791.    369155.   4901.92          0.        0.     9791.
   154.00      8219.      9766.    369092.   4901.91          0.        0.     9766.
   154.50      8214.      9740.    369028.   4901.90          0.        0.     9740.
   155.00      8209.      9714.    368965.   4901.89          0.        0.     9714.
   155.50      8204.      9689.    368902.   4901.88          0.        0.     9689.
   156.00      8199.      9664.    368842.   4901.87          0.        0.     9664.
   156.50      8194.      9640.    368782.   4901.86          0.        0.     9640.
   157.00      8189.      9615.    368722.   4901.85          0.        0.     9615.
   157.50      8183.      9591.    368662.   4901.84          0.        0.     9591.
   158.00      8178.      9568.    368605.   4901.83          0.        0.     9568.
   158.50      8173.      9545.    368548.   4901.82          0.        0.     9545.
   159.00      8168.      9521.    368491.   4901.81          0.        0.     9521.
   159.50      8163.      9498.    368434.   4901.80          0.        0.     9498.
   160.00      8157.      9476.    368380.   4901.79          0.        0.     9476.
   160.50      8152.      9454.    368326.   4901.78          0.        0.     9454.
   161.00      8147.      9432.    368272.   4901.77          0.        0.     9432.
   161.50      8141.      9410.    368218.   4901.76          0.        0.     9410.
   162.00      8136.      9390.    368167.   4901.76          0.        0.     9390.
   162.50      8130.      9369.    368116.   4901.75          0.        0.     9369.
   163.00      8125.      9348.    368065.   4901.74          0.        0.     9348.
   163.50      8119.      9327.    368014.   4901.73          0.        0.     9327.
   164.00      8113.      9307.    367962.   4901.72          0.        0.     9307.
   164.50      8108.      9287.    367914.   4901.71          0.        0.     9287.
   165.00      8102.      9268.    367866.   4901.71          0.        0.     9268.
   165.50      8096.      9248.    367818.   4901.70          0.        0.     9248.
   166.00      8090.      9229.    367770.   4901.69          0.        0.     9229.
   166.50      8084.      9209.    367722.   4901.68          0.        0.     9209.
   167.00      8078.      9191.    367677.   4901.68          0.        0.     9191.
   167.50      8072.      9172.    367632.   4901.67          0.        0.     9172.
   168.00      8066.      9154.    367587.   4901.66          0.        0.     9154.
   168.50      8060.      9136.    367542.   4901.65          0.        0.     9136.
   169.00      8054.      9117.    367497.   4901.65          0.        0.     9117.
   169.50      8047.      9099.    367452.   4901.64          0.        0.     9099.
   170.00      8040.      9082.    367410.   4901.63          0.        0.     9082.
   170.50      8032.      9065.    367368.   4901.63          0.        0.     9065.
   171.00      8024.      9048.    367326.   4901.62          0.        0.     9048.
   171.50      8016.      9031.    367284.   4901.61          0.        0.     9031.
   172.00      8008.      9014.    367242.   4901.61          0.        0.     9014.
   172.50      7999.      8997.    367200.   4901.60          0.        0.     8997.
   173.00      7990.      8979.    367158.   4901.59          0.        0.     8979.
   173.50      7981.      8962.    367116.   4901.58          0.        0.     8962.
   174.00      7972.      8947.    367077.   4901.58          0.        0.     8947.
   174.50      7962.      8931.    367038.   4901.57          0.        0.     8931.
   175.00      7953.      8915.    366999.   4901.57          0.        0.     8915.
   175.50      7943.      8899.    366960.   4901.56          0.        0.     8899.
   176.00      7933.      8883.    366921.   4901.55          0.        0.     8883.
   176.50      7923.      8867.    366882.   4901.55          0.        0.     8867.
   177.00      7913.      8851.    366842.   4901.54          0.        0.     8851.
   177.50      7903.      8835.    366803.   4901.53          0.        0.     8835.
   178.00      7893.      8820.    366764.   4901.53          0.        0.     8820.
   178.50      7883.      8804.    366725.   4901.52          0.        0.     8804.
   179.00      7873.      8788.    366686.   4901.52          0.        0.     8788.
   179.50      7864.      8772.    366647.   4901.51          0.        0.     8772.
   180.00      7854.      8757.    366611.   4901.50          0.        0.     8757.
   180.50      7844.      8743.    366575.   4901.50          0.        0.     8743.
   181.00      7834.      8728.    366539.   4901.49          0.        0.     8728.
   181.50      7825.      8713.    366503.   4901.49          0.        0.     8713.
   182.00      7816.      8699.    366467.   4901.48          0.        0.     8699.
   182.50      7807.      8684.    366431.   4901.47          0.        0.     8684.
   183.00      7798.      8669.    366395.   4901.47          0.        0.     8669.
   183.50      7789.      8655.    366359.   4901.46          0.        0.     8655.
   184.00      7781.      8640.    366323.   4901.46          0.        0.     8640.
   184.50      7773.      8625.    366287.   4901.45          0.        0.     8625.
   185.00      7765.      8611.    366251.   4901.44          0.        0.     8611.
   185.50      7758.      8596.    366215.   4901.44          0.        0.     8596.
   186.00      7751.      8583.    366182.   4901.43          0.        0.     8583.
   186.50      7744.      8569.    366149.   4901.43          0.        0.     8569.
   187.00      7738.      8556.    366116.   4901.42          0.        0.     8556.
   187.50      7732.      8542.    366083.   4901.42          0.        0.     8542.
   188.00      7727.      8529.    366050.   4901.41          0.        0.     8529.
   188.50      7722.      8516.    366017.   4901.41          0.        0.     8516.
   189.00      7718.      8502.    365984.   4901.40          0.        0.     8502.
   189.50      7714.      8489.    365951.   4901.40          0.        0.     8489.
   190.00      7710.      8475.    365918.   4901.39          0.        0.     8475.
   190.50      7708.      8463.    365888.   4901.39          0.        0.     8463.
   191.00      7705.      8451.    365858.   4901.38          0.        0.     8451.
   191.50      7704.      8439.    365828.   4901.38          0.        0.     8439.
   192.00      7703.      8427.    365798.   4901.37          0.        0.     8427.
   192.50      7703.      8414.    365768.   4901.37          0.        0.     8414.
   193.00      7703.      8402.    365738.   4901.36          0.        0.     8402.
   193.50      7703.      8390.    365707.   4901.36          0.        0.     8390.
   194.00      7703.      8379.    365680.   4901.35          0.        0.     8379.
   194.50      7703.      8368.    365653.   4901.35          0.        0.     8368.
   195.00      7703.      8357.    365626.   4901.34          0.        0.     8357.
   195.50      7703.      8346.    365599.   4901.34          0.        0.     8346.
   196.00      7703.      8335.    365572.   4901.33          0.        0.     8335.
   196.50      7703.      8324.    365545.   4901.33          0.        0.     8324.
   197.00      7703.      8314.    365521.   4901.33          0.        0.     8314.
   197.50      7703.      8304.    365497.   4901.32          0.        0.     8304.
   198.00      7703.      8295.    365473.   4901.32          0.        0.     8295.
   198.50      7703.      8285.    365449.   4901.31          0.        0.     8285.
   199.00      7703.      8275.    365425.   4901.31          0.        0.     8275.
   199.50      7703.      8265.    365401.   4901.31          0.        0.     8265.
   200.00      7703.      8256.    365377.   4901.30          0.        0.     8256.
   200.50      7703.      8246.    365353.   4901.30          0.        0.     8246.
   201.00      7703.      8237.    365332.   4901.29          0.        0.     8237.
   201.50      7703.      8229.    365311.   4901.29          0.        0.     8229.
   202.00      7703.      8220.    365290.   4901.29          0.        0.     8220.
   202.50      7703.      8212.    365269.   4901.28          0.        0.     8212.
   203.00      7703.      8203.    365248.   4901.28          0.        0.     8203.
   203.50      7703.      8195.    365227.   4901.28          0.        0.     8195.
   204.00      7703.      8186.    365206.   4901.27          0.        0.     8186.
   204.50      7703.      8177.    365185.   4901.27          0.        0.     8177.
   205.00      7703.      8170.    365167.   4901.27          0.        0.     8170.
   205.50      7703.      8163.    365149.   4901.27          0.        0.     8163.
   206.00      7703.      8156.    365131.   4901.26          0.        0.     8156.
   206.50      7703.      8148.    365113.   4901.26          0.        0.     8148.
   207.00      7703.      8141.    365095.   4901.26          0.        0.     8141.
   207.50      7703.      8134.    365077.   4901.25          0.        0.     8134.
   208.00      7703.      8126.    365059.   4901.25          0.        0.     8126.
   208.50      7703.      8119.    365041.   4901.25          0.        0.     8119.
   209.00      7703.      8112.    365023.   4901.24          0.        0.     8112.
   209.50      7703.      8104.    365005.   4901.24          0.        0.     8104.
   210.00      7703.      8098.    364990.   4901.24          0.        0.     8098.
   210.50      7703.      8092.    364975.   4901.24          0.        0.     8092.
   211.00      7703.      8086.    364960.   4901.23          0.        0.     8086.
   211.50      7703.      8080.    364945.   4901.23          0.        0.     8080.
   212.00      7703.      8074.    364930.   4901.23          0.        0.     8074.
   212.50      7703.      8068.    364915.   4901.23          0.        0.     8068.
   213.00      7703.      8062.    364900.   4901.22          0.        0.     8062.
   213.50      7703.      8055.    364885.   4901.22          0.        0.     8055.
   214.00      7703.      8049.    364870.   4901.22          0.        0.     8049.
   214.50      7703.      8043.    364855.   4901.22          0.        0.     8043.
   215.00      7703.      8037.    364840.   4901.21          0.        0.     8037.
   215.50      7703.      8031.    364825.   4901.21          0.        0.     8031.
   216.00      7703.      8026.    364813.   4901.21          0.        0.     8026.
   216.50      7703.      8021.    364801.   4901.21          0.        0.     8021.
   217.00      7702.      8016.    364789.   4901.21          0.        0.     8016.
   217.50      7702.      8011.    364777.   4901.20          0.        0.     8011.
   218.00      7700.      8007.    364765.   4901.20          0.        0.     8007.
   218.50      7699.      8002.    364753.   4901.20          0.        0.     8002.
   219.00      7697.      7997.    364741.   4901.20          0.        0.     7997.
   219.50      7694.      7992.    364729.   4901.20          0.        0.     7992.
   220.00      7692.      7987.    364717.   4901.19          0.        0.     7987.
   220.50      7688.      7982.    364705.   4901.19          0.        0.     7982.
   221.00      7685.      7977.    364693.   4901.19          0.        0.     7977.
   221.50      7681.      7972.    364681.   4901.19          0.        0.     7972.
   222.00      7677.      7968.    364669.   4901.19          0.        0.     7968.
   222.50      7672.      7963.    364657.   4901.19          0.        0.     7963.
   223.00      7667.      7958.    364645.   4901.18          0.        0.     7958.
   223.50      7662.      7953.    364633.   4901.18          0.        0.     7953.
   224.00      7656.      7948.    364621.   4901.18          0.        0.     7948.
   224.50      7650.      7943.    364608.   4901.18          0.        0.     7943.
   225.00      7644.      7938.    364596.   4901.18          0.        0.     7938.
   225.50      7638.      7933.    364584.   4901.17          0.        0.     7933.
   226.00      7631.      7928.    364572.   4901.17          0.        0.     7928.
   226.50      7624.      7924.    364560.   4901.17          0.        0.     7924.
   227.00      7617.      7919.    364548.   4901.17          0.        0.     7919.
   227.50      7610.      7914.    364536.   4901.17          0.        0.     7914.
   228.00      7603.      7909.    364524.   4901.16          0.        0.     7909.
   228.50      7595.      7904.    364512.   4901.16          0.        0.     7904.
   229.00      7587.      7899.    364500.   4901.16          0.        0.     7899.
   229.50      7579.      7894.    364488.   4901.16          0.        0.     7894.
   230.00      7571.      7889.    364476.   4901.16          0.        0.     7889.
   230.50      7562.      7885.    364464.   4901.15          0.        0.     7885.
   231.00      7554.      7880.    364452.   4901.15          0.        0.     7880.
   231.50      7545.      7874.    364437.   4901.15          0.        0.     7874.
   232.00      7537.      7867.    364422.   4901.15          0.        0.     7867.
   232.50      7528.      7861.    364407.   4901.14          0.        0.     7861.
   233.00      7519.      7855.    364392.   4901.14          0.        0.     7855.
   233.50      7510.      7849.    364377.   4901.14          0.        0.     7849.
   234.00      7501.      7843.    364362.   4901.14          0.        0.     7843.
   234.50      7492.      7837.    364347.   4901.13          0.        0.     7837.
   235.00      7483.      7831.    364332.   4901.13          0.        0.     7831.
   235.50      7474.      7825.    364317.   4901.13          0.        0.     7825.
   236.00      7465.      7819.    364302.   4901.13          0.        0.     7819.
   236.50      7456.      7813.    364287.   4901.13          0.        0.     7813.
   237.00      7447.      7806.    364272.   4901.12          0.        0.     7806.
   237.50      7438.      7800.    364257.   4901.12          0.        0.     7800.
   238.00      7429.      7794.    364242.   4901.12          0.        0.     7794.
   238.50      7420.      7788.    364227.   4901.12          0.        0.     7788.
   239.00      7412.      7782.    364212.   4901.11          0.        0.     7782.
   239.50      7403.      7776.    364197.   4901.11          0.        0.     7776.
   240.00      7394.      7770.    364182.   4901.11          0.        0.     7770.
   240.50      7386.      7764.    364167.   4901.11          0.        0.     7764.
   241.00      7377.      7758.    364152.   4901.10          0.        0.     7758.
   241.50      7367.      7751.    364137.   4901.10          0.        0.     7751.
   242.00      7357.      7745.    364122.   4901.10          0.        0.     7745.
   242.50      7346.      7739.    364107.   4901.10          0.        0.     7739.
   243.00      7335.      7733.    364092.   4901.09          0.        0.     7733.
   243.50      7323.      7726.    364074.   4901.09          0.        0.     7726.
   244.00      7310.      7719.    364056.   4901.09          0.        0.     7719.
   244.50      7297.      7711.    364038.   4901.08          0.        0.     7711.
   245.00      7284.      7704.    364020.   4901.08          0.        0.     7704.
   245.50      7270.      7697.    364002.   4901.08          0.        0.     7697.
   246.00      7256.      7689.    363984.   4901.08          0.        0.     7689.
   246.50      7241.      7682.    363966.   4901.07          0.        0.     7682.
   247.00      7226.      7675.    363948.   4901.07          0.        0.     7675.
   247.50      7211.      7667.    363930.   4901.07          0.        0.     7667.
   248.00      7196.      7660.    363912.   4901.06          0.        0.     7660.
   248.50      7180.      7653.    363894.   4901.06          0.        0.     7653.
   249.00      7164.      7644.    363873.   4901.06          0.        0.     7644.
   249.50      7149.      7635.    363852.   4901.05          0.        0.     7635.
   250.00      7133.      7627.    363831.   4901.05          0.        0.     7627.
   250.50      7117.      7618.    363810.   4901.05          0.        0.     7618.
   251.00      7101.      7610.    363789.   4901.04          0.        0.     7610.
   251.50      7085.      7601.    363768.   4901.04          0.        0.     7601.
   252.00      7070.      7593.    363747.   4901.04          0.        0.     7593.
   252.50      7054.      7584.    363726.   4901.03          0.        0.     7584.
   253.00      7039.      7576.    363705.   4901.03          0.        0.     7576.
   253.50      7024.      7567.    363684.   4901.03          0.        0.     7567.
   254.00      7009.      7557.    363660.   4901.02          0.        0.     7557.
   254.50      6994.      7548.    363636.   4901.02          0.        0.     7548.
   255.00      6980.      7538.    363612.   4901.02          0.        0.     7538.
   255.50      6966.      7528.    363588.   4901.01          0.        0.     7528.
   256.00      6953.      7518.    363564.   4901.01          0.        0.     7518.
   256.50      6940.      7509.    363540.   4901.00          0.        0.     7509.
   257.00      6927.      7499.    363516.   4901.00          0.        0.     7499.
   257.50      6915.      7489.    363491.   4901.00          0.        0.     7489.
   258.00      6904.      7479.    363467.   4900.99          0.        0.     7479.
   258.50      6893.      7469.    363443.   4900.99          0.        0.     7469.
   259.00      6883.      7460.    363419.   4900.98          0.        0.     7460.
   259.50      6873.      7450.    363395.   4900.98          0.        0.     7450.
   260.00      6864.      7440.    363371.   4900.98          0.        0.     7440.
   260.50      6856.      7430.    363347.   4900.97          0.        0.     7430.
   261.00      6849.      7421.    363323.   4900.97          0.        0.     7421.
   261.50      6843.      7411.    363299.   4900.96          0.        0.     7411.
   262.00      6837.      7401.    363275.   4900.96          0.        0.     7401.
   262.50      6832.      7391.    363251.   4900.96          0.        0.     7391.
   263.00      6829.      7382.    363227.   4900.95          0.        0.     7382.
   263.50      6826.      7372.    363203.   4900.95          0.        0.     7372.
   264.00      6825.      7363.    363182.   4900.95          0.        0.     7363.
   264.50      6824.      7355.    363161.   4900.94          0.        0.     7355.
   265.00      6824.      7346.    363140.   4900.94          0.        0.     7346.
   265.50      6824.      7338.    363119.   4900.94          0.        0.     7338.
   266.00      6825.      7329.    363098.   4900.93          0.        0.     7329.
   266.50      6825.      7321.    363077.   4900.93          0.        0.     7321.
   267.00      6826.      7312.    363056.   4900.92          0.        0.     7312.
   267.50      6827.      7303.    363035.   4900.92          0.        0.     7303.
   268.00      6828.      7296.    363017.   4900.92          0.        0.     7296.
   268.50      6829.      7289.    362999.   4900.92          0.        0.     7289.
   269.00      6830.      7281.    362981.   4900.91          0.        0.     7281.
   269.50      6831.      7274.    362963.   4900.91          0.        0.     7274.
   270.00      6832.      7267.    362945.   4900.91          0.        0.     7267.
   270.50      6834.      7260.    362927.   4900.90          0.        0.     7260.
   271.00      6835.      7252.    362909.   4900.90          0.        0.     7252.
   271.50      6837.      7245.    362891.   4900.90          0.        0.     7245.
   272.00      6838.      7238.    362873.   4900.90          0.        0.     7238.
   272.50      6840.      7231.    362858.   4900.89          0.        0.     7231.
   273.00      6842.      7225.    362843.   4900.89          0.        0.     7225.
   273.50      6843.      7219.    362828.   4900.89          0.        0.     7219.
   274.00      6845.      7213.    362813.   4900.89          0.        0.     7213.
   274.50      6847.      7207.    362798.   4900.88          0.        0.     7207.
   275.00      6849.      7201.    362783.   4900.88          0.        0.     7201.
   275.50      6851.      7195.    362768.   4900.88          0.        0.     7195.
   276.00      6853.      7189.    362753.   4900.88          0.        0.     7189.
   276.50      6855.      7183.    362738.   4900.87          0.        0.     7183.
   277.00      6857.      7178.    362726.   4900.87          0.        0.     7178.
   277.50      6858.      7173.    362714.   4900.87          0.        0.     7173.
   278.00      6860.      7168.    362702.   4900.87          0.        0.     7168.
   278.50      6862.      7163.    362690.   4900.87          0.        0.     7163.
   279.00      6864.      7158.    362678.   4900.86          0.        0.     7158.
   279.50      6866.      7153.    362666.   4900.86          0.        0.     7153.
   280.00      6868.      7148.    362654.   4900.86          0.        0.     7148.
   280.50      6869.      7144.    362642.   4900.86          0.        0.     7144.
   281.00      6871.      7139.    362630.   4900.86          0.        0.     7139.
   281.50      6873.      7134.    362618.   4900.85          0.        0.     7134.
   282.00      6874.      7129.    362606.   4900.85          0.        0.     7129.
   282.50      6876.      7125.    362597.   4900.85          0.        0.     7125.
   283.00      6877.      7122.    362588.   4900.85          0.        0.     7122.
   283.50      6878.      7118.    362579.   4900.85          0.        0.     7118.
   284.00      6880.      7114.    362570.   4900.85          0.        0.     7114.
   284.50      6881.      7111.    362561.   4900.84          0.        0.     7111.
   285.00      6882.      7107.    362552.   4900.84          0.        0.     7107.
   285.50      6883.      7103.    362543.   4900.84          0.        0.     7103.
   286.00      6883.      7100.    362534.   4900.84          0.        0.     7100.
   286.50      6884.      7096.    362525.   4900.84          0.        0.     7096.
   287.00      6885.      7092.    362516.   4900.84          0.        0.     7092.
   287.50      6885.      7089.    362507.   4900.84          0.        0.     7089.
   288.00      6885.      7085.    362498.   4900.83          0.        0.     7085.
   288.50      6885.      7081.    362489.   4900.83          0.        0.     7081.
   289.00      6885.      7078.    362480.   4900.83          0.        0.     7078.
   289.50      6884.      7074.    362471.   4900.83          0.        0.     7074.
   290.00      6883.      7070.    362462.   4900.83          0.        0.     7070.
   290.50      6881.      7067.    362453.   4900.83          0.        0.     7067.
   291.00      6879.      7063.    362444.   4900.83          0.        0.     7063.
   291.50      6876.      7059.    362435.   4900.82          0.        0.     7059.
   292.00      6873.      7056.    362426.   4900.82          0.        0.     7056.
   292.50      6870.      7052.    362417.   4900.82          0.        0.     7052.
   293.00      6866.      7048.    362408.   4900.82          0.        0.     7048.
   293.50      6862.      7045.    362399.   4900.82          0.        0.     7045.
   294.00      6857.      7041.    362390.   4900.82          0.        0.     7041.
   294.50      6852.      7037.    362380.   4900.81          0.        0.     7037.
   295.00      6847.      7034.    362371.   4900.81          0.        0.     7034.
   295.50      6842.      7030.    362362.   4900.81          0.        0.     7030.
   296.00      6836.      7026.    362353.   4900.81          0.        0.     7026.
   296.50      6830.      7023.    362344.   4900.81          0.        0.     7023.
   297.00      6824.      7019.    362335.   4900.81          0.        0.     7019.
   297.50      6817.      7015.    362326.   4900.81          0.        0.     7015.
   298.00      6811.      7012.    362317.   4900.80          0.        0.     7012.
   298.50      6804.      7008.    362308.   4900.80          0.        0.     7008.
   299.00      6797.      7004.    362299.   4900.80          0.        0.     7004.
   299.50      6790.      7001.    362290.   4900.80          0.        0.     7001.
   300.00      6783.      6997.    362281.   4900.80          0.        0.     6997.
   300.50      6776.      6993.    362272.   4900.80          0.        0.     6993.
   301.00      6769.      6990.    362263.   4900.80          0.        0.     6990.
   301.50      6761.      6986.    362254.   4900.79          0.        0.     6986.
   302.00      6754.      6982.    362245.   4900.79          0.        0.     6982.
   302.50      6747.      6979.    362236.   4900.79          0.        0.     6979.
   303.00      6739.      6975.    362227.   4900.79          0.        0.     6975.
   303.50      6732.      6971.    362218.   4900.79          0.        0.     6971.
   304.00      6725.      6968.    362209.   4900.79          0.        0.     6968.
   304.50      6718.      6964.    362200.   4900.79          0.        0.     6964.
   305.00      6711.      6960.    362191.   4900.78          0.        0.     6960.
   305.50      6704.      6957.    362182.   4900.78          0.        0.     6957.
   306.00      6697.      6953.    362173.   4900.78          0.        0.     6953.
   306.50      6690.      6948.    362161.   4900.78          0.        0.     6948.
   307.00      6684.      6943.    362149.   4900.78          0.        0.     6943.
   307.50      6678.      6938.    362137.   4900.78          0.        0.     6938.
   308.00      6672.      6934.    362125.   4900.77          0.        0.     6934.
   308.50      6666.      6929.    362113.   4900.77          0.        0.     6929.
   309.00      6660.      6924.    362101.   4900.77          0.        0.     6924.
   309.50      6655.      6919.    362089.   4900.77          0.        0.     6919.
   310.00      6650.      6914.    362077.   4900.77          0.        0.     6914.
   310.50      6645.      6909.    362065.   4900.76          0.        0.     6909.
   311.00      6641.      6904.    362053.   4900.76          0.        0.     6904.
   311.50      6637.      6899.    362041.   4900.76          0.        0.     6899.
   312.00      6633.      6895.    362029.   4900.76          0.        0.     6895.
   312.50      6630.      6890.    362017.   4900.76          0.        0.     6890.
   313.00      6627.      6885.    362005.   4900.75          0.        0.     6885.
   313.50      6624.      6880.    361993.   4900.75          0.        0.     6880.
   314.00      6621.      6875.    361981.   4900.75          0.        0.     6875.
   314.50      6619.      6871.    361972.   4900.75          0.        0.     6871.
   315.00      6616.      6868.    361963.   4900.75          0.        0.     6868.
   315.50      6614.      6864.    361954.   4900.75          0.        0.     6864.
   316.00      6611.      6860.    361945.   4900.74          0.        0.     6860.
   316.50      6609.      6857.    361936.   4900.74          0.        0.     6857.
   317.00      6607.      6853.    361927.   4900.74          0.        0.     6853.
   317.50      6604.      6849.    361918.   4900.74          0.        0.     6849.
   318.00      6602.      6846.    361909.   4900.74          0.        0.     6846.
   318.50      6600.      6842.    361900.   4900.74          0.        0.     6842.
   319.00      6598.      6838.    361891.   4900.74          0.        0.     6838.
   319.50      6596.      6835.    361882.   4900.73          0.        0.     6835.
   320.00      6594.      6831.    361873.   4900.73          0.        0.     6831.
   320.50      6593.      6827.    361864.   4900.73          0.        0.     6827.
   321.00      6591.      6824.    361855.   4900.73          0.        0.     6824.
   321.50      6589.      6820.    361846.   4900.73          0.        0.     6820.
   322.00      6587.      6816.    361837.   4900.73          0.        0.     6816.
   322.50      6586.      6813.    361828.   4900.73          0.        0.     6813.
   323.00      6584.      6809.    361819.   4900.72          0.        0.     6809.
   323.50      6582.      6805.    361810.   4900.72          0.        0.     6805.
   324.00      6580.      6802.    361801.   4900.72          0.        0.     6802.
   324.50      6579.      6798.    361792.   4900.72          0.        0.     6798.
   325.00      6577.      6794.    361783.   4900.72          0.        0.     6794.
   325.50      6575.      6791.    361774.   4900.72          0.        0.     6791.
   326.00      6574.      6787.    361765.   4900.71          0.        0.     6787.
   326.50      6572.      6783.    361756.   4900.71          0.        0.     6783.
   327.00      6570.      6780.    361747.   4900.71          0.        0.     6780.
   327.50      6569.      6776.    361738.   4900.71          0.        0.     6776.
   328.00      6567.      6772.    361729.   4900.71          0.        0.     6772.
   328.50      6565.      6769.    361720.   4900.71          0.        0.     6769.
   329.00      6563.      6765.    361711.   4900.71          0.        0.     6765.
   329.50      6561.      6761.    361702.   4900.70          0.        0.     6761.
   330.00      6559.      6758.    361693.   4900.70          0.        0.     6758.
   330.50      6557.      6754.    361684.   4900.70          0.        0.     6754.
   331.00      6555.      6750.    361675.   4900.70          0.        0.     6750.
   331.50      6553.      6747.    361666.   4900.70          0.        0.     6747.
   332.00      6551.      6743.    361657.   4900.70          0.        0.     6743.
   332.50      6549.      6740.    361648.   4900.70          0.        0.     6740.
   333.00      6546.      6736.    361639.   4900.69          0.        0.     6736.
   333.50      6544.      6732.    361630.   4900.69          0.        0.     6732.
   334.00      6542.      6729.    361621.   4900.69          0.        0.     6729.
   334.50      6539.      6725.    361612.   4900.69          0.        0.     6725.
   335.00      6536.      6721.    361603.   4900.69          0.        0.     6721.
   335.50      6534.      6718.    361594.   4900.69          0.        0.     6718.
   336.00      6531.      6714.    361585.   4900.69          0.        0.     6714.
   336.50      6528.      6710.    361576.   4900.68          0.        0.     6710.
   337.00      6525.      6708.    361570.   4900.68          0.        0.     6708.
   337.50      6521.      6704.    361561.   4900.68          0.        0.     6704.
   338.00      6518.      6700.    361552.   4900.68          0.        0.     6700.
   338.50      6514.      6697.    361543.   4900.68          0.        0.     6697.
   339.00      6511.      6693.    361534.   4900.68          0.        0.     6693.
   339.50      6507.      6689.    361525.   4900.68          0.        0.     6689.
   340.00      6503.      6686.    361516.   4900.67          0.        0.     6686.
   340.50      6499.      6682.    361507.   4900.67          0.        0.     6682.
   341.00      6495.      6678.    361498.   4900.67          0.        0.     6678.
   341.50      6491.      6675.    361489.   4900.67          0.        0.     6675.
   342.00      6486.      6671.    361480.   4900.67          0.        0.     6671.
   342.50      6482.      6667.    361471.   4900.67          0.        0.     6667.
   343.00      6477.      6664.    361462.   4900.67          0.        0.     6664.
   343.50      6473.      6660.    361453.   4900.66          0.        0.     6660.
   344.00      6468.      6656.    361444.   4900.66          0.        0.     6656.
   344.50      6463.      6653.    361435.   4900.66          0.        0.     6653.
   345.00      6458.      6649.    361426.   4900.66          0.        0.     6649.
   345.50      6453.      6646.    361417.   4900.66          0.        0.     6646.
   346.00      6448.      6642.    361408.   4900.66          0.        0.     6642.
   346.50      6443.      6638.    361399.   4900.66          0.        0.     6638.
   347.00      6437.      6635.    361390.   4900.65          0.        0.     6635.
   347.50      6432.      6631.    361381.   4900.65          0.        0.     6631.
   348.00      6427.      6627.    361372.   4900.65          0.        0.     6627.
   348.50      6421.      6624.    361363.   4900.65          0.        0.     6624.
   349.00      6415.      6620.    361354.   4900.65          0.        0.     6620.
   349.50      6410.      6616.    361345.   4900.65          0.        0.     6616.
   350.00      6404.      6613.    361336.   4900.65          0.        0.     6613.
   350.50      6398.      6609.    361327.   4900.64          0.        0.     6609.
   351.00      6392.      6605.    361318.   4900.64          0.        0.     6605.
   351.50      6386.      6602.    361309.   4900.64          0.        0.     6602.
   352.00      6380.      6598.    361300.   4900.64          0.        0.     6598.
   352.50      6374.      6594.    361291.   4900.64          0.        0.     6594.
   353.00      6368.      6591.    361282.   4900.64          0.        0.     6591.
   353.50      6362.      6587.    361273.   4900.63          0.        0.     6587.
   354.00      6356.      6583.    361263.   4900.63          0.        0.     6583.
   354.50      6350.      6580.    361254.   4900.63          0.        0.     6580.
   355.00      6343.      6576.    361245.   4900.63          0.        0.     6576.
   355.50      6337.      6572.    361236.   4900.63          0.        0.     6572.
   356.00      6331.      6569.    361227.   4900.63          0.        0.     6569.
   356.50      6324.      6565.    361218.   4900.63          0.        0.     6565.
   357.00      6318.      6561.    361209.   4900.62          0.        0.     6561.
   357.50      6311.      6558.    361200.   4900.62          0.        0.     6558.
   358.00      6305.      6554.    361191.   4900.62          0.        0.     6554.
   358.50      6298.      6550.    361182.   4900.62          0.        0.     6550.
   359.00      6292.      6547.    361173.   4900.62          0.        0.     6547.
   359.50      6285.      6542.    361161.   4900.62          0.        0.     6542.
   360.00      6279.      6537.    361149.   4900.61          0.        0.     6537.
1



      INFLOW DATA                           STORAGE DATA
      ***********                           ************
     TIME    INFLOW                     ELEVATION     STORAGE

     0.50      5527.                      4753.20          0.
     1.00      5557.                      4754.00          5.
     1.50      5587.                      4760.00        853.
     2.00      5617.                      4770.00       5056.
     2.50      5647.                      4780.00      11677.
     3.00      5677.                      4790.00      20701.
     3.50      5707.                      4800.00      32214.
     4.00      5737.                      4810.00      46676.
     4.50      5766.                      4820.00      64861.
     5.00      5796.                      4830.00      86629.
     5.50      5825.                      4840.00     112286.
     6.00      5855.                      4850.00     141401.
     6.50      5884.                      4860.00     174439.
     7.00      5913.                      4870.00     212059.
     7.50      5941.                      4880.00     254696.
     8.00      5970.                      4890.00     303066.
     8.50      5999.                      4900.00     357369.
     9.00      6027.                      4910.00     418864.
     9.50      6056.                      4920.00     488871.
    10.00      6084.                      4924.00     519654.
    10.50      6112.                      4924.50     523636.
    11.00      6140.                      4925.00     527626.
    11.50      6167.                      4925.50     531626.
    12.00      6195.                      4926.00     535626.
    12.50      6222.                      4930.00     569747.
    13.00      6249.                      4935.00     604527.
    13.50      6276.
    14.00      6303.
    14.50      6330.
    15.00      6357.
    15.50      6383.
    16.00      6409.
    16.50      6435.
    17.00      6461.
    17.50      6487.
    18.00      6512.
    18.50      6537.
    19.00      6562.
    19.50      6587.
    20.00      6612.
    20.50      6636.
    21.00      6661.
    21.50      6685.
    22.00      6708.
    22.50      6732.
    23.00      6755.
    23.50      6778.
    24.00      6801.
    24.50      6824.
    25.00      6846.
    25.50      6869.
    26.00      6890.
    26.50      6912.
    27.00      6934.
    27.50      6955.
    28.00      6976.
    28.50      6997.
    29.00      7017.
    29.50      7038.
    30.00      7058.
    30.50      7078.
    31.00      7098.
    31.50      7117.
    32.00      7137.
    32.50      7156.
    33.00      7175.
    33.50      7195.
    34.00      7214.
    34.50      7233.
    35.00      7251.
    35.50      7270.
    36.00      7289.
    36.50      7307.
    37.00      7326.
    37.50      7344.
    38.00      7363.
    38.50      7381.
    39.00      7399.
    39.50      7418.
    40.00      7436.
    40.50      7454.
    41.00      7473.
    41.50      7491.
    42.00      7509.
    42.50      7528.
    43.00      7546.
    43.50      7565.
    44.00      7583.
    44.50      7602.
    45.00      7620.
    45.50      7639.
    46.00      7658.
    46.50      7677.
    47.00      7696.
    47.50      7715.
    48.00      7734.
    48.50      7754.
    49.00      7773.
    49.50      7794.
    50.00      7815.
    50.50      7838.
    51.00      7860.
    51.50      7883.
    52.00      7907.
    52.50      7931.
    53.00      7956.
    53.50      7981.
    54.00      8006.
    54.50      8032.
    55.00      8058.
    55.50      8084.
    56.00      8110.
    56.50      8136.
    57.00      8162.
    57.50      8197.
    58.00      8272.
    58.50      8361.
    59.00      8459.
    59.50      8581.
    60.00      8825.
    60.50      9318.
    61.00     10078.
    61.50     11324.
    62.00     14472.
    62.50     33434.
    63.00     93178.
    63.50    119191.
    64.00    134926.
    64.50    148080.
    65.00    160707.
    65.50    173352.
    66.00    185205.
    66.50    195264.
    67.00    204017.
    67.50    212451.
    68.00    221333.
    68.50    230611.
    69.00    239689.
    69.50    247930.
    70.00    254941.
    70.50    260479.
    71.00    264324.
    71.50    266382.
    72.00    266752.
    72.50    265890.
    73.00    264454.
    73.50    262891.
    74.00    261275.
    74.50    259557.
    75.00    257771.
    75.50    255888.
    76.00    253668.
    76.50    251239.
    77.00    248684.
    77.50    245221.
    78.00    240967.
    78.50    236213.
    79.00    231068.
    79.50    225560.
    80.00    219738.
    80.50    213700.
    81.00    207429.
    81.50    200867.
    82.00    194144.
    82.50    187388.
    83.00    180630.
    83.50    173875.
    84.00    167110.
    84.50    160343.
    85.00    153569.
    85.50    146818.
    86.00    140119.
    86.50    133498.
    87.00    127044.
    87.50    120833.
    88.00    114888.
    88.50    109237.
    89.00    103902.
    89.50     98885.
    90.00     94172.
    90.50     89725.
    91.00     85525.
    91.50     81566.
    92.00     77806.
    92.50     74251.
    93.00     70610.
    93.50     67007.
    94.00     63455.
    94.50     60053.
    95.00     56843.
    95.50     53832.
    96.00     51035.
    96.50     48445.
    97.00     46030.
    97.50     43791.
    98.00     41789.
    98.50     39925.
    99.00     38236.
    99.50     36626.
   100.00     35133.
   100.50     33748.
   101.00     32439.
   101.50     31287.
   102.00     30112.
   102.50     29050.
   103.00     28065.
   103.50     27119.
   104.00     26239.
   104.50     25409.
   105.00     24686.
   105.50     23977.
   106.00     23295.
   106.50     22650.
   107.00     22054.
   107.50     21497.
   108.00     20996.
   108.50     20535.
   109.00     20078.
   109.50     19627.
   110.00     19191.
   110.50     18774.
   111.00     18383.
   111.50     18016.
   112.00     17681.
   112.50     17375.
   113.00     17074.
   113.50     16775.
   114.00     16514.
   114.50     16268.
   115.00     16022.
   115.50     15777.
   116.00     15535.
   116.50     15302.
   117.00     15091.
   117.50     14905.
   118.00     14727.
   118.50     14550.
   119.00     14378.
   119.50     14222.
   120.00     14066.
   120.50     13913.
   121.00     13769.
   121.50     13635.
   122.00     13501.
   122.50     13368.
   123.00     13240.
   123.50     13121.
   124.00     13005.
   124.50     12890.
   125.00     12779.
   125.50     12675.
   126.00     12577.
   126.50     12481.
   127.00     12387.
   127.50     12294.
   128.00     12205.
   128.50     12119.
   129.00      8502.
   129.50      8497.
   130.00      8492.
   130.50      8486.
   131.00      8480.
   131.50      8474.
   132.00      8469.
   132.50      8462.
   133.00      8456.
   133.50      8450.
   134.00      8444.
   134.50      8438.
   135.00      8431.
   135.50      8425.
   136.00      8418.
   136.50      8412.
   137.00      8406.
   137.50      8399.
   138.00      8393.
   138.50      8386.
   139.00      8380.
   139.50      8374.
   140.00      8367.
   140.50      8361.
   141.00      8355.
   141.50      8349.
   142.00      8343.
   142.50      8337.
   143.00      8332.
   143.50      8326.
   144.00      8321.
   144.50      8315.
   145.00      8310.
   145.50      8305.
   146.00      8300.
   146.50      8295.
   147.00      8290.
   147.50      8285.
   148.00      8280.
   148.50      8274.
   149.00      8269.
   149.50      8264.
   150.00      8259.
   150.50      8254.
   151.00      8249.
   151.50      8244.
   152.00      8239.
   152.50      8234.
   153.00      8229.
   153.50      8224.
   154.00      8219.
   154.50      8214.
   155.00      8209.
   155.50      8204.
   156.00      8199.
   156.50      8194.
   157.00      8189.
   157.50      8183.
   158.00      8178.
   158.50      8173.
   159.00      8168.
   159.50      8163.
   160.00      8157.
   160.50      8152.
   161.00      8147.
   161.50      8141.
   162.00      8136.
   162.50      8130.
   163.00      8125.
   163.50      8119.
   164.00      8113.
   164.50      8108.
   165.00      8102.
   165.50      8096.
   166.00      8090.
   166.50      8084.
   167.00      8078.
   167.50      8072.
   168.00      8066.
   168.50      8060.
   169.00      8054.
   169.50      8047.
   170.00      8040.
   170.50      8032.
   171.00      8024.
   171.50      8016.
   172.00      8008.
   172.50      7999.
   173.00      7990.
   173.50      7981.
   174.00      7972.
   174.50      7962.
   175.00      7953.
   175.50      7943.
   176.00      7933.
   176.50      7923.
   177.00      7913.
   177.50      7903.
   178.00      7893.
   178.50      7883.
   179.00      7873.
   179.50      7864.
   180.00      7854.
   180.50      7844.
   181.00      7834.
   181.50      7825.
   182.00      7816.
   182.50      7807.
   183.00      7798.
   183.50      7789.
   184.00      7781.
   184.50      7773.
   185.00      7765.
   185.50      7758.
   186.00      7751.
   186.50      7744.
   187.00      7738.
   187.50      7732.
   188.00      7727.
   188.50      7722.
   189.00      7718.
   189.50      7714.
   190.00      7710.
   190.50      7708.
   191.00      7705.
   191.50      7704.
   192.00      7703.
   192.50      7703.
   193.00      7703.
   193.50      7703.
   194.00      7703.
   194.50      7703.
   195.00      7703.
   195.50      7703.
   196.00      7703.
   196.50      7703.
   197.00      7703.
   197.50      7703.
   198.00      7703.
   198.50      7703.
   199.00      7703.
   199.50      7703.
   200.00      7703.
   200.50      7703.
   201.00      7703.
   201.50      7703.
   202.00      7703.
   202.50      7703.
   203.00      7703.
   203.50      7703.
   204.00      7703.
   204.50      7703.
   205.00      7703.
   205.50      7703.
   206.00      7703.
   206.50      7703.
   207.00      7703.
   207.50      7703.
   208.00      7703.
   208.50      7703.
   209.00      7703.
   209.50      7703.
   210.00      7703.
   210.50      7703.
   211.00      7703.
   211.50      7703.
   212.00      7703.
   212.50      7703.
   213.00      7703.
   213.50      7703.
   214.00      7703.
   214.50      7703.
   215.00      7703.
   215.50      7703.
   216.00      7703.
   216.50      7703.
   217.00      7702.
   217.50      7702.
   218.00      7700.
   218.50      7699.
   219.00      7697.
   219.50      7694.
   220.00      7692.
   220.50      7688.
   221.00      7685.
   221.50      7681.
   222.00      7677.
   222.50      7672.
   223.00      7667.
   223.50      7662.
   224.00      7656.
   224.50      7650.
   225.00      7644.
   225.50      7638.
   226.00      7631.
   226.50      7624.
   227.00      7617.
   227.50      7610.
   228.00      7603.
   228.50      7595.
   229.00      7587.
   229.50      7579.
   230.00      7571.
   230.50      7562.
   231.00      7554.
   231.50      7545.
   232.00      7537.
   232.50      7528.
   233.00      7519.
   233.50      7510.
   234.00      7501.
   234.50      7492.
   235.00      7483.
   235.50      7474.
   236.00      7465.
   236.50      7456.
   237.00      7447.
   237.50      7438.
   238.00      7429.
   238.50      7420.
   239.00      7412.
   239.50      7403.
   240.00      7394.
   240.50      7386.
   241.00      7377.
   241.50      7367.
   242.00      7357.
   242.50      7346.
   243.00      7335.
   243.50      7323.
   244.00      7310.
   244.50      7297.
   245.00      7284.
   245.50      7270.
   246.00      7256.
   246.50      7241.
   247.00      7226.
   247.50      7211.
   248.00      7196.
   248.50      7180.
   249.00      7164.
   249.50      7149.
   250.00      7133.
   250.50      7117.
   251.00      7101.
   251.50      7085.
   252.00      7070.
   252.50      7054.
   253.00      7039.
   253.50      7024.
   254.00      7009.
   254.50      6994.
   255.00      6980.
   255.50      6966.
   256.00      6953.
   256.50      6940.
   257.00      6927.
   257.50      6915.
   258.00      6904.
   258.50      6893.
   259.00      6883.
   259.50      6873.
   260.00      6864.
   260.50      6856.
   261.00      6849.
   261.50      6843.
   262.00      6837.
   262.50      6832.
   263.00      6829.
   263.50      6826.
   264.00      6825.
   264.50      6824.
   265.00      6824.
   265.50      6824.
   266.00      6825.
   266.50      6825.
   267.00      6826.
   267.50      6827.
   268.00      6828.
   268.50      6829.
   269.00      6830.
   269.50      6831.
   270.00      6832.
   270.50      6834.
   271.00      6835.
   271.50      6837.
   272.00      6838.
   272.50      6840.
   273.00      6842.
   273.50      6843.
   274.00      6845.
   274.50      6847.
   275.00      6849.
   275.50      6851.
   276.00      6853.
   276.50      6855.
   277.00      6857.
   277.50      6858.
   278.00      6860.
   278.50      6862.
   279.00      6864.
   279.50      6866.
   280.00      6868.
   280.50      6869.
   281.00      6871.
   281.50      6873.
   282.00      6874.
   282.50      6876.
   283.00      6877.
   283.50      6878.
   284.00      6880.
   284.50      6881.
   285.00      6882.
   285.50      6883.
   286.00      6883.
   286.50      6884.
   287.00      6885.
   287.50      6885.
   288.00      6885.
   288.50      6885.
   289.00      6885.
   289.50      6884.
   290.00      6883.
   290.50      6881.
   291.00      6879.
   291.50      6876.
   292.00      6873.
   292.50      6870.
   293.00      6866.
   293.50      6862.
   294.00      6857.
   294.50      6852.
   295.00      6847.
   295.50      6842.
   296.00      6836.
   296.50      6830.
   297.00      6824.
   297.50      6817.
   298.00      6811.
   298.50      6804.
   299.00      6797.
   299.50      6790.
   300.00      6783.
   300.50      6776.
   301.00      6769.
   301.50      6761.
   302.00      6754.
   302.50      6747.
   303.00      6739.
   303.50      6732.
   304.00      6725.
   304.50      6718.
   305.00      6711.
   305.50      6704.
   306.00      6697.
   306.50      6690.
   307.00      6684.
   307.50      6678.
   308.00      6672.
   308.50      6666.
   309.00      6660.
   309.50      6655.
   310.00      6650.
   310.50      6645.
   311.00      6641.
   311.50      6637.
   312.00      6633.
   312.50      6630.
   313.00      6627.
   313.50      6624.
   314.00      6621.
   314.50      6619.
   315.00      6616.
   315.50      6614.
   316.00      6611.
   316.50      6609.
   317.00      6607.
   317.50      6604.
   318.00      6602.
   318.50      6600.
   319.00      6598.
   319.50      6596.
   320.00      6594.
   320.50      6593.
   321.00      6591.
   321.50      6589.
   322.00      6587.
   322.50      6586.
   323.00      6584.
   323.50      6582.
   324.00      6580.
   324.50      6579.
   325.00      6577.
   325.50      6575.
   326.00      6574.
   326.50      6572.
   327.00      6570.
   327.50      6569.
   328.00      6567.
   328.50      6565.
   329.00      6563.
   329.50      6561.
   330.00      6559.
   330.50      6557.
   331.00      6555.
   331.50      6553.
   332.00      6551.
   332.50      6549.
   333.00      6546.
   333.50      6544.
   334.00      6542.
   334.50      6539.
   335.00      6536.
   335.50      6534.
   336.00      6531.
   336.50      6528.
   337.00      6525.
   337.50      6521.
   338.00      6518.
   338.50      6514.
   339.00      6511.
   339.50      6507.
   340.00      6503.
   340.50      6499.
   341.00      6495.
   341.50      6491.
   342.00      6486.
   342.50      6482.
   343.00      6477.
   343.50      6473.
   344.00      6468.
   344.50      6463.
   345.00      6458.
   345.50      6453.
   346.00      6448.
   346.50      6443.
   347.00      6437.
   347.50      6432.
   348.00      6427.
   348.50      6421.
   349.00      6415.
   349.50      6410.
   350.00      6404.
   350.50      6398.
   351.00      6392.
   351.50      6386.
   352.00      6380.
   352.50      6374.
   353.00      6368.
   353.50      6362.
   354.00      6356.
   354.50      6350.
   355.00      6343.
   355.50      6337.
   356.00      6331.
   356.50      6324.
   357.00      6318.
   357.50      6311.
   358.00      6305.
   358.50      6298.
   359.00      6292.
   359.50      6285.
   360.00      6279.
1


  DISCHARGE VS ELEVATION
  **********************
  ELEVATION  DISCHARGE

    4880.49      5000.
    4890.00      5000.
    4898.70      5000.
    4900.00      5000.
    4902.00     10000.
    4904.00     22500.
    4906.00     37500.
    4908.00     56000.
    4910.00     77000.
    4912.00    100000.
    4914.00    125000.
    4916.00    153000.
    4920.00    212000.
    4924.00    270000.
    4928.00    328000.
    4930.00    357000.
    4935.00    429500.