
                     UNITED STATES BUREAU OF RECLAMATION
                       ENGINEERING AND RESEARCH CENTER

                            FLOOD ROUTING FOR DAMS
                            ----------------------

      FEATURE: Pueblo Dam                               DATE    **/ 1/  26
      FLOOD: TREX Test Run & PMF snow                   TIME    **:**:03.**
      TITLE: Full TREX Routing             
      DATA FILE: fs12-4sn.in                                                    

      FLOOD ROUTING SUMMARY
      *********************

         BEGINNING HOUR OF ROUTING.......................      0.50
         ENDING HOUR OF ROUTING..........................    360.00
         INITIAL RESERVOIR ELEVATION.....................   4880.49 FT
         MINIMUM OR NORMAL POOL ELEV.....................   4880.49 FT
         MAXIMUM RESERVOIR ELEVATION.....   4907.34 AT HOUR   88.00
         INFLOW PEAK DISCHARGE...........   110045. AT HOUR   71.50
         MAXIMUM TOTAL OUTFLOW...........    49912. AT HOUR   88.00
         ELEVATION TOLERANCE.............................    0.0100 FT
         INFLOW HYDROGRAPH ADJUSTMENT FACTOR.............      1.00
         IPC OPTIONS (1 TO 10)...........................3100100021

      WATERWAY PARAMETERS
      *******************

         WATERWAY NO. 1 - Top of Dam                    

         TYPE-BROAD OR SHARP CRESTED WEIR
         CONSTANT DISCHARGE COEFFICIENT..................      2.67
         CREST ELEVATION.................................   4925.25 FT
         CREST LENGTH....................................   1200.50 FT
         MAXIMUM DISCHARGE...............        0. AT HOUR    0.50

         WATERWAY NO. 2 - Embankment "wings"            

         TYPE-BROAD OR SHARP CRESTED WEIR
         CONSTANT DISCHARGE COEFFICIENT..................      2.62
         CREST ELEVATION.................................   4925.00 FT
         CREST LENGTH....................................   8480.00 FT
         MAXIMUM DISCHARGE...............        0. AT HOUR    0.50
1

                     ROUTING RESULTS                          DISCHARGE RESULTS
                     ***************                          *****************

    TIME     INFLOW    OUTFLOW    STORAGE   ELEVATION        WATERWAY         RATING
                                                           1         2        CURVE

     0.50      5527.      5000.    257067.   4880.49          0.        0.     5000.
     1.00      5557.      5000.    257089.   4880.49          0.        0.     5000.
     1.50      5587.      5000.    257112.   4880.50          0.        0.     5000.
     2.00      5617.      5000.    257138.   4880.50          0.        0.     5000.
     2.50      5647.      5000.    257164.   4880.51          0.        0.     5000.
     3.00      5677.      5000.    257192.   4880.52          0.        0.     5000.
     3.50      5707.      5000.    257221.   4880.52          0.        0.     5000.
     4.00      5737.      5000.    257251.   4880.53          0.        0.     5000.
     4.50      5766.      5000.    257282.   4880.53          0.        0.     5000.
     5.00      5796.      5000.    257315.   4880.54          0.        0.     5000.
     5.50      5825.      5000.    257348.   4880.55          0.        0.     5000.
     6.00      5855.      5000.    257384.   4880.56          0.        0.     5000.
     6.50      5884.      5000.    257419.   4880.56          0.        0.     5000.
     7.00      5913.      5000.    257457.   4880.57          0.        0.     5000.
     7.50      5941.      5000.    257495.   4880.58          0.        0.     5000.
     8.00      5970.      5000.    257535.   4880.59          0.        0.     5000.
     8.50      5999.      5000.    257575.   4880.60          0.        0.     5000.
     9.00      6027.      5000.    257618.   4880.60          0.        0.     5000.
     9.50      6056.      5000.    257660.   4880.61          0.        0.     5000.
    10.00      6084.      5000.    257705.   4880.62          0.        0.     5000.
    10.50      6112.      5000.    257750.   4880.63          0.        0.     5000.
    11.00      6140.      5000.    257797.   4880.64          0.        0.     5000.
    11.50      6167.      5000.    257844.   4880.65          0.        0.     5000.
    12.00      6195.      5000.    257894.   4880.66          0.        0.     5000.
    12.50      6222.      5000.    257944.   4880.67          0.        0.     5000.
    13.00      6249.      5000.    257995.   4880.68          0.        0.     5000.
    13.50      6276.      5000.    258047.   4880.69          0.        0.     5000.
    14.00      6303.      5000.    258102.   4880.70          0.        0.     5000.
    14.50      6330.      5000.    258156.   4880.72          0.        0.     5000.
    15.00      6357.      5000.    258213.   4880.73          0.        0.     5000.
    15.50      6383.      5000.    258269.   4880.74          0.        0.     5000.
    16.00      6409.      5000.    258326.   4880.75          0.        0.     5000.
    16.50      6435.      5000.    258385.   4880.76          0.        0.     5000.
    17.00      6461.      5000.    258444.   4880.77          0.        0.     5000.
    17.50      6487.      5000.    258506.   4880.79          0.        0.     5000.
    18.00      6512.      5000.    258567.   4880.80          0.        0.     5000.
    18.50      6537.      5000.    258631.   4880.81          0.        0.     5000.
    19.00      6562.      5000.    258695.   4880.83          0.        0.     5000.
    19.50      6587.      5000.    258761.   4880.84          0.        0.     5000.
    20.00      6612.      5000.    258827.   4880.85          0.        0.     5000.
    20.50      6636.      5000.    258893.   4880.87          0.        0.     5000.
    21.00      6661.      5000.    258961.   4880.88          0.        0.     5000.
    21.50      6685.      5000.    259030.   4880.90          0.        0.     5000.
    22.00      6708.      5000.    259101.   4880.91          0.        0.     5000.
    22.50      6732.      5000.    259172.   4880.93          0.        0.     5000.
    23.00      6755.      5000.    259245.   4880.94          0.        0.     5000.
    23.50      6778.      5000.    259318.   4880.96          0.        0.     5000.
    24.00      6801.      5000.    259391.   4880.97          0.        0.     5000.
    24.50      6824.      5000.    259467.   4880.99          0.        0.     5000.
    25.00      6846.      5000.    259542.   4881.00          0.        0.     5000.
    25.50      6869.      5000.    259618.   4881.02          0.        0.     5000.
    26.00      6890.      5000.    259696.   4881.03          0.        0.     5000.
    26.50      6912.      5000.    259774.   4881.05          0.        0.     5000.
    27.00      6934.      5000.    259854.   4881.07          0.        0.     5000.
    27.50      6955.      5000.    259935.   4881.08          0.        0.     5000.
    28.00      6976.      5000.    260015.   4881.10          0.        0.     5000.
    28.50      6997.      5000.    260097.   4881.12          0.        0.     5000.
    29.00      7017.      5000.    260180.   4881.13          0.        0.     5000.
    29.50      7038.      5000.    260263.   4881.15          0.        0.     5000.
    30.00      7058.      5000.    260348.   4881.17          0.        0.     5000.
    30.50      7078.      5000.    260433.   4881.19          0.        0.     5000.
    31.00      7098.      5000.    260520.   4881.20          0.        0.     5000.
    31.50      7117.      5000.    260608.   4881.22          0.        0.     5000.
    32.00      7137.      5000.    260695.   4881.24          0.        0.     5000.
    32.50      7156.      5000.    260785.   4881.26          0.        0.     5000.
    33.00      7175.      5000.    260875.   4881.28          0.        0.     5000.
    33.50      7195.      5000.    260964.   4881.30          0.        0.     5000.
    34.00      7214.      5000.    261056.   4881.31          0.        0.     5000.
    34.50      7233.      5000.    261148.   4881.33          0.        0.     5000.
    35.00      7251.      5000.    261241.   4881.35          0.        0.     5000.
    35.50      7270.      5000.    261335.   4881.37          0.        0.     5000.
    36.00      7289.      5000.    261430.   4881.39          0.        0.     5000.
    36.50      7307.      5000.    261524.   4881.41          0.        0.     5000.
    37.00      7326.      5000.    261621.   4881.43          0.        0.     5000.
    37.50      7344.      5000.    261718.   4881.45          0.        0.     5000.
    38.00      7363.      5000.    261815.   4881.47          0.        0.     5000.
    38.50      7381.      5000.    261914.   4881.49          0.        0.     5000.
    39.00      7399.      5000.    262013.   4881.51          0.        0.     5000.
    39.50      7418.      5000.    262112.   4881.53          0.        0.     5000.
    40.00      7436.      5000.    262211.   4881.55          0.        0.     5000.
    40.50      7454.      5000.    262313.   4881.57          0.        0.     5000.
    41.00      7473.      5000.    262414.   4881.60          0.        0.     5000.
    41.50      7491.      5000.    262516.   4881.62          0.        0.     5000.
    42.00      7509.      5000.    262620.   4881.64          0.        0.     5000.
    42.50      7528.      5000.    262724.   4881.66          0.        0.     5000.
    43.00      7546.      5000.    262828.   4881.68          0.        0.     5000.
    43.50      7565.      5000.    262934.   4881.70          0.        0.     5000.
    44.00      7583.      5000.    263040.   4881.73          0.        0.     5000.
    44.50      7602.      5000.    263147.   4881.75          0.        0.     5000.
    45.00      7620.      5000.    263255.   4881.77          0.        0.     5000.
    45.50      7639.      5000.    263364.   4881.79          0.        0.     5000.
    46.00      7658.      5000.    263473.   4881.81          0.        0.     5000.
    46.50      7677.      5000.    263584.   4881.84          0.        0.     5000.
    47.00      7696.      5000.    263695.   4881.86          0.        0.     5000.
    47.50      7715.      5000.    263806.   4881.88          0.        0.     5000.
    48.00      7734.      5000.    263919.   4881.91          0.        0.     5000.
    48.50      7754.      5000.    264032.   4881.93          0.        0.     5000.
    49.00      7773.      5000.    264146.   4881.95          0.        0.     5000.
    49.50      7794.      5000.    264261.   4881.98          0.        0.     5000.
    50.00      7815.      5000.    264377.   4882.00          0.        0.     5000.
    50.50      7838.      5000.    264493.   4882.03          0.        0.     5000.
    51.00      7860.      5000.    264611.   4882.05          0.        0.     5000.
    51.50      7883.      5000.    264729.   4882.07          0.        0.     5000.
    52.00      7907.      5000.    264849.   4882.10          0.        0.     5000.
    52.50      7931.      5000.    264970.   4882.12          0.        0.     5000.
    53.00      7956.      5000.    265090.   4882.15          0.        0.     5000.
    53.50      7981.      5000.    265213.   4882.17          0.        0.     5000.
    54.00      8006.      5000.    265336.   4882.20          0.        0.     5000.
    54.50      8032.      5000.    265461.   4882.23          0.        0.     5000.
    55.00      8058.      5000.    265586.   4882.25          0.        0.     5000.
    55.50      8084.      5000.    265714.   4882.28          0.        0.     5000.
    56.00      8110.      5000.    265841.   4882.30          0.        0.     5000.
    56.50      8136.      5000.    265971.   4882.33          0.        0.     5000.
    57.00      8162.      5000.    266101.   4882.36          0.        0.     5000.
    57.50      8194.      5000.    266233.   4882.39          0.        0.     5000.
    58.00      8222.      5000.    266366.   4882.41          0.        0.     5000.
    58.50      8254.      5000.    266500.   4882.44          0.        0.     5000.
    59.00      8300.      5000.    266635.   4882.47          0.        0.     5000.
    59.50      8349.      5000.    266772.   4882.50          0.        0.     5000.
    60.00      8402.      5000.    266911.   4882.53          0.        0.     5000.
    60.50      8460.      5000.    267053.   4882.55          0.        0.     5000.
    61.00      8540.      5000.    267197.   4882.58          0.        0.     5000.
    61.50      8670.      5000.    267346.   4882.62          0.        0.     5000.
    62.00      8886.      5000.    267502.   4882.65          0.        0.     5000.
    62.50      9182.      5000.    267669.   4882.68          0.        0.     5000.
    63.00      9547.      5000.    267849.   4882.72          0.        0.     5000.
    63.50     10080.      5000.    268047.   4882.76          0.        0.     5000.
    64.00     11098.      5000.    268279.   4882.81          0.        0.     5000.
    64.50     13259.      5000.    268576.   4882.87          0.        0.     5000.
    65.00     22577.      5000.    269110.   4882.98          0.        0.     5000.
    65.50     58511.      5000.    270579.   4883.28          0.        0.     5000.
    66.00     71003.      5000.    273050.   4883.79          0.        0.     5000.
    66.50     77996.      5000.    275922.   4884.39          0.        0.     5000.
    67.00     83252.      5000.    279046.   4885.03          0.        0.     5000.
    67.50     87716.      5000.    282372.   4885.72          0.        0.     5000.
    68.00     91795.      5000.    285874.   4886.45          0.        0.     5000.
    68.50     95617.      5000.    289540.   4887.20          0.        0.     5000.
    69.00     99233.      5000.    293359.   4887.99          0.        0.     5000.
    69.50    102679.      5000.    297324.   4888.81          0.        0.     5000.
    70.00    105798.      5000.    301425.   4889.66          0.        0.     5000.
    70.50    108190.      5000.    305638.   4890.47          0.        0.     5000.
    71.00    109594.      5000.    309931.   4891.26          0.        0.     5000.
    71.50    110045.      5000.    314263.   4892.06          0.        0.     5000.
    72.00    109727.      5000.    318599.   4892.86          0.        0.     5000.
    72.50    108913.      5000.    322910.   4893.65          0.        0.     5000.
    73.00    107937.      5000.    327184.   4894.44          0.        0.     5000.
    73.50    107068.      5000.    331419.   4895.22          0.        0.     5000.
    74.00    106456.      5000.    335624.   4896.00          0.        0.     5000.
    74.50    106119.      5000.    339808.   4896.77          0.        0.     5000.
    75.00    105970.      5000.    343984.   4897.54          0.        0.     5000.
    75.50    105893.      5000.    348155.   4898.30          0.        0.     5000.
    76.00    105726.      5000.    352321.   4899.07          0.        0.     5000.
    76.50    105322.      5000.    356475.   4899.84          0.        0.     5000.
    77.00    104574.      6305.    360579.   4900.52          0.        0.     6305.
    77.50    103464.      7933.    364584.   4901.17          0.        0.     7933.
    78.00    102033.      9513.    368470.   4901.81          0.        0.     9513.
    78.50    100322.     12567.    372193.   4902.41          0.        0.    12567.
    79.00     98368.     16137.    375706.   4902.98          0.        0.    16137.
    79.50     96211.     19476.    378991.   4903.52          0.        0.    19476.
    80.00     93888.     22603.    382051.   4904.01          0.        0.    22603.
    80.50     91427.     26045.    384874.   4904.47          0.        0.    26045.
    81.00     88831.     29194.    387456.   4904.89          0.        0.    29194.
    81.50     86097.     32058.    389804.   4905.27          0.        0.    32058.
    82.00     83274.     34644.    391924.   4905.62          0.        0.    34644.
    82.50     80403.     36965.    393828.   4905.93          0.        0.    36965.
    83.00     77517.     39388.    395521.   4906.20          0.        0.    39388.
    83.50     74633.     41601.    396992.   4906.44          0.        0.    41601.
    84.00     71766.     43507.    398260.   4906.65          0.        0.    43507.
    84.50     68924.     45124.    399335.   4906.82          0.        0.    45124.
    85.00     66120.     46474.    400232.   4906.97          0.        0.    46474.
    85.50     63340.     47577.    400965.   4907.09          0.        0.    47577.
    86.00     60603.     48444.    401542.   4907.18          0.        0.    48444.
    86.50     57892.     49094.    401974.   4907.25          0.        0.    49094.
    87.00     55231.     49546.    402274.   4907.30          0.        0.    49546.
    87.50     52663.     49812.    402451.   4907.33          0.        0.    49812.
    88.00     50231.     49912.    402517.   4907.34          0.        0.    49912.
    88.50     47951.     49862.    402484.   4907.34          0.        0.    49862.
    89.00     45811.     49681.    402364.   4907.32          0.        0.    49681.
    89.50     43852.     49388.    402169.   4907.29          0.        0.    49388.
    90.00     41991.     48999.    401911.   4907.24          0.        0.    48999.
    90.50     40244.     48525.    401596.   4907.19          0.        0.    48525.
    91.00     38645.     47979.    401232.   4907.13          0.        0.    47979.
    91.50     37122.     47369.    400827.   4907.07          0.        0.    47369.
    92.00     35666.     46709.    400388.   4907.00          0.        0.    46709.
    92.50     34343.     46005.    399920.   4906.92          0.        0.    46005.
    93.00     33008.     45260.    399425.   4906.84          0.        0.    45260.
    93.50     31787.     44483.    398908.   4906.75          0.        0.    44483.
    94.00     30591.     43683.    398377.   4906.67          0.        0.    43683.
    94.50     29426.     42857.    397827.   4906.58          0.        0.    42857.
    95.00     28369.     42017.    397269.   4906.49          0.        0.    42017.
    95.50     27316.     41163.    396701.   4906.40          0.        0.    41163.
    96.00     26317.     40300.    396128.   4906.30          0.        0.    40300.
    96.50     25379.     39429.    395548.   4906.21          0.        0.    39429.
    97.00     24584.     38557.    394969.   4906.11          0.        0.    38557.
    97.50     23805.     37690.    394392.   4906.02          0.        0.    37690.
    98.00     23051.     36958.    393822.   4905.93          0.        0.    36958.
    98.50     22337.     36259.    393248.   4905.83          0.        0.    36259.
    99.00     21680.     35559.    392675.   4905.74          0.        0.    35559.
    99.50     21107.     34863.    392104.   4905.65          0.        0.    34863.
   100.00     20563.     34175.    391540.   4905.56          0.        0.    34175.
   100.50     20029.     33494.    390981.   4905.47          0.        0.    33494.
   101.00     19511.     32820.    390429.   4905.38          0.        0.    32820.
   101.50     19021.     32153.    389882.   4905.29          0.        0.    32153.
   102.00     18556.     31498.    389345.   4905.20          0.        0.    31498.
   102.50     18124.     30850.    388813.   4905.11          0.        0.    30850.
   103.00     17730.     30216.    388294.   4905.03          0.        0.    30216.
   103.50     17363.     29594.    387783.   4904.95          0.        0.    29594.
   104.00     17005.     28982.    387282.   4904.86          0.        0.    28982.
   104.50     16677.     28385.    386792.   4904.78          0.        0.    28385.
   105.00     16388.     27803.    386315.   4904.71          0.        0.    27803.
   105.50     16109.     27235.    385849.   4904.63          0.        0.    27235.
   106.00     15827.     26682.    385396.   4904.56          0.        0.    26682.
   106.50     15549.     26140.    384952.   4904.49          0.        0.    26140.
   107.00     15290.     25613.    384519.   4904.42          0.        0.    25613.
   107.50     15065.     25100.    384099.   4904.35          0.        0.    25100.
   108.00     14856.     24602.    383691.   4904.28          0.        0.    24602.
   108.50     14651.     24119.    383294.   4904.22          0.        0.    24119.
   109.00     14449.     23650.    382910.   4904.15          0.        0.    23650.
   109.50     14271.     23192.    382535.   4904.09          0.        0.    23192.
   110.00     14095.     22749.    382171.   4904.03          0.        0.    22749.
   110.50     13920.     22350.    381820.   4903.98          0.        0.    22350.
   111.00     13760.     22000.    381475.   4903.92          0.        0.    22000.
   111.50     13607.     21658.    381138.   4903.87          0.        0.    21658.
   112.00     13459.     21322.    380808.   4903.81          0.        0.    21322.
   112.50     13315.     20995.    380487.   4903.76          0.        0.    20995.
   113.00     13182.     20678.    380174.   4903.71          0.        0.    20678.
   113.50     13053.     20367.    379868.   4903.66          0.        0.    20367.
   114.00     12927.     20065.    379571.   4903.61          0.        0.    20065.
   114.50     12806.     19769.    379280.   4903.56          0.        0.    19769.
   115.00     12694.     19479.    378994.   4903.52          0.        0.    19479.
   115.50     12589.     19198.    378718.   4903.47          0.        0.    19198.
   116.00     12486.     18923.    378448.   4903.43          0.        0.    18923.
   116.50     12385.     18658.    378187.   4903.39          0.        0.    18658.
   117.00     12287.     18398.    377931.   4903.34          0.        0.    18398.
   117.50     12195.     18145.    377682.   4903.30          0.        0.    18145.
   118.00     12105.     17898.    377439.   4903.26          0.        0.    17898.
   118.50     12018.     17657.    377202.   4903.23          0.        0.    17657.
   119.00     11934.     17422.    376971.   4903.19          0.        0.    17422.
   119.50     11853.     17193.    376745.   4903.15          0.        0.    17193.
   120.00     11774.     16970.    376526.   4903.12          0.        0.    16970.
   120.50     11699.     16754.    376313.   4903.08          0.        0.    16754.
   121.00     11626.     16543.    376106.   4903.05          0.        0.    16543.
   121.50     11556.     16339.    375905.   4903.01          0.        0.    16339.
   122.00     11488.     16140.    375709.   4902.98          0.        0.    16140.
   122.50     11423.     15948.    375520.   4902.95          0.        0.    15948.
   123.00     11359.     15762.    375337.   4902.92          0.        0.    15762.
   123.50     11298.     15579.    375157.   4902.89          0.        0.    15579.
   124.00     11238.     15402.    374983.   4902.86          0.        0.    15402.
   124.50     11181.     15228.    374812.   4902.84          0.        0.    15228.
   125.00     11124.     15060.    374646.   4902.81          0.        0.    15060.
   125.50     11071.     14898.    374487.   4902.78          0.        0.    14898.
   126.00     11018.     14739.    374331.   4902.76          0.        0.    14739.
   126.50     10965.     14584.    374178.   4902.73          0.        0.    14584.
   127.00     10916.     14434.    374031.   4902.71          0.        0.    14434.
   127.50     10866.     14288.    373887.   4902.69          0.        0.    14288.
   128.00     10819.     14147.    373749.   4902.66          0.        0.    14147.
   128.50     10772.     14010.    373614.   4902.64          0.        0.    14010.
   129.00      8502.     13830.    373436.   4902.61          0.        0.    13830.
   129.50      8497.     13610.    373220.   4902.58          0.        0.    13610.
   130.00      8492.     13400.    373013.   4902.54          0.        0.    13400.
   130.50      8486.     13198.    372815.   4902.51          0.        0.    13198.
   131.00      8480.     13003.    372623.   4902.48          0.        0.    13003.
   131.50      8474.     12817.    372439.   4902.45          0.        0.    12817.
   132.00      8469.     12637.    372262.   4902.42          0.        0.    12637.
   132.50      8462.     12466.    372094.   4902.39          0.        0.    12466.
   133.00      8456.     12301.    371932.   4902.37          0.        0.    12301.
   133.50      8450.     12142.    371776.   4902.34          0.        0.    12142.
   134.00      8444.     11990.    371626.   4902.32          0.        0.    11990.
   134.50      8438.     11843.    371482.   4902.29          0.        0.    11843.
   135.00      8431.     11703.    371344.   4902.27          0.        0.    11703.
   135.50      8425.     11569.    371211.   4902.25          0.        0.    11569.
   136.00      8418.     11440.    371085.   4902.23          0.        0.    11440.
   136.50      8412.     11315.    370962.   4902.21          0.        0.    11315.
   137.00      8406.     11196.    370845.   4902.19          0.        0.    11196.
   137.50      8399.     11080.    370731.   4902.17          0.        0.    11080.
   138.00      8393.     10970.    370623.   4902.16          0.        0.    10970.
   138.50      8386.     10864.    370518.   4902.14          0.        0.    10864.
   139.00      8380.     10763.    370419.   4902.12          0.        0.    10763.
   139.50      8374.     10665.    370323.   4902.11          0.        0.    10665.
   140.00      8367.     10571.    370230.   4902.09          0.        0.    10571.
   140.50      8361.     10479.    370139.   4902.08          0.        0.    10479.
   141.00      8355.     10391.    370052.   4902.06          0.        0.    10391.
   141.50      8349.     10308.    369971.   4902.05          0.        0.    10308.
   142.00      8343.     10229.    369893.   4902.04          0.        0.    10229.
   142.50      8337.     10153.    369818.   4902.02          0.        0.    10153.
   143.00      8332.     10076.    369743.   4902.01          0.        0.    10076.
   143.50      8326.     10003.    369671.   4902.00          0.        0.    10003.
   144.00      8321.      9973.    369602.   4901.99          0.        0.     9973.
   144.50      8315.      9945.    369533.   4901.98          0.        0.     9945.
   145.00      8310.      9918.    369467.   4901.97          0.        0.     9918.
   145.50      8305.      9891.    369401.   4901.96          0.        0.     9891.
   146.00      8300.      9865.    369335.   4901.95          0.        0.     9865.
   146.50      8295.      9839.    369272.   4901.94          0.        0.     9839.
   147.00      8290.      9813.    369209.   4901.93          0.        0.     9813.
   147.50      8285.      9788.    369146.   4901.92          0.        0.     9788.
   148.00      8280.      9762.    369082.   4901.90          0.        0.     9762.
   148.50      8274.      9738.    369022.   4901.90          0.        0.     9738.
   149.00      8269.      9713.    368962.   4901.89          0.        0.     9713.
   149.50      8264.      9689.    368902.   4901.88          0.        0.     9689.
   150.00      8259.      9666.    368845.   4901.87          0.        0.     9666.
   150.50      8254.      9642.    368788.   4901.86          0.        0.     9642.
   151.00      8249.      9619.    368731.   4901.85          0.        0.     9619.
   151.50      8244.      9596.    368674.   4901.84          0.        0.     9596.
   152.00      8239.      9574.    368620.   4901.83          0.        0.     9574.
   152.50      8234.      9552.    368566.   4901.82          0.        0.     9552.
   153.00      8229.      9530.    368512.   4901.81          0.        0.     9530.
   153.50      8224.      9508.    368458.   4901.80          0.        0.     9508.
   154.00      8219.      9486.    368404.   4901.79          0.        0.     9486.
   154.50      8214.      9465.    368353.   4901.79          0.        0.     9465.
   155.00      8209.      9445.    368302.   4901.78          0.        0.     9445.
   155.50      8204.      9424.    368251.   4901.77          0.        0.     9424.
   156.00      8199.      9403.    368200.   4901.76          0.        0.     9403.
   156.50      8194.      9384.    368152.   4901.75          0.        0.     9384.
   157.00      8189.      9364.    368104.   4901.75          0.        0.     9364.
   157.50      8183.      9344.    368056.   4901.74          0.        0.     9344.
   158.00      8178.      9325.    368008.   4901.73          0.        0.     9325.
   158.50      8173.      9305.    367959.   4901.72          0.        0.     9305.
   159.00      8168.      9287.    367914.   4901.71          0.        0.     9287.
   159.50      8163.      9269.    367869.   4901.71          0.        0.     9269.
   160.00      8157.      9250.    367824.   4901.70          0.        0.     9250.
   160.50      8152.      9232.    367779.   4901.69          0.        0.     9232.
   161.00      8147.      9214.    367734.   4901.69          0.        0.     9214.
   161.50      8141.      9196.    367689.   4901.68          0.        0.     9196.
   162.00      8136.      9178.    367647.   4901.67          0.        0.     9178.
   162.50      8130.      9161.    367605.   4901.66          0.        0.     9161.
   163.00      8125.      9144.    367563.   4901.66          0.        0.     9144.
   163.50      8119.      9127.    367521.   4901.65          0.        0.     9127.
   164.00      8113.      9110.    367479.   4901.64          0.        0.     9110.
   164.50      8108.      9093.    367437.   4901.64          0.        0.     9093.
   165.00      8102.      9077.    367398.   4901.63          0.        0.     9077.
   165.50      8096.      9061.    367359.   4901.62          0.        0.     9061.
   166.00      8090.      9045.    367320.   4901.62          0.        0.     9045.
   166.50      8084.      9030.    367281.   4901.61          0.        0.     9030.
   167.00      8078.      9014.    367242.   4901.61          0.        0.     9014.
   167.50      8072.      8998.    367203.   4901.60          0.        0.     8998.
   168.00      8066.      8982.    367164.   4901.59          0.        0.     8982.
   168.50      8060.      8966.    367125.   4901.59          0.        0.     8966.
   169.00      8054.      8951.    367089.   4901.58          0.        0.     8951.
   169.50      8047.      8937.    367053.   4901.57          0.        0.     8937.
   170.00      8040.      8922.    367017.   4901.57          0.        0.     8922.
   170.50      8032.      8907.    366981.   4901.56          0.        0.     8907.
   171.00      8024.      8893.    366945.   4901.56          0.        0.     8893.
   171.50      8016.      8878.    366909.   4901.55          0.        0.     8878.
   172.00      8008.      8864.    366873.   4901.55          0.        0.     8864.
   172.50      7999.      8849.    366836.   4901.54          0.        0.     8849.
   173.00      7990.      8834.    366800.   4901.53          0.        0.     8834.
   173.50      7981.      8820.    366764.   4901.53          0.        0.     8820.
   174.00      7972.      8805.    366728.   4901.52          0.        0.     8805.
   174.50      7962.      8792.    366695.   4901.52          0.        0.     8792.
   175.00      7953.      8778.    366662.   4901.51          0.        0.     8778.
   175.50      7943.      8765.    366629.   4901.51          0.        0.     8765.
   176.00      7933.      8751.    366596.   4901.50          0.        0.     8751.
   176.50      7923.      8738.    366563.   4901.50          0.        0.     8738.
   177.00      7913.      8724.    366530.   4901.49          0.        0.     8724.
   177.50      7903.      8711.    366497.   4901.48          0.        0.     8711.
   178.00      7893.      8698.    366464.   4901.48          0.        0.     8698.
   178.50      7883.      8684.    366431.   4901.47          0.        0.     8684.
   179.00      7873.      8671.    366398.   4901.47          0.        0.     8671.
   179.50      7864.      8657.    366365.   4901.46          0.        0.     8657.
   180.00      7854.      8644.    366332.   4901.46          0.        0.     8644.
   180.50      7844.      8630.    366299.   4901.45          0.        0.     8630.
   181.00      7834.      8617.    366266.   4901.45          0.        0.     8617.
   181.50      7825.      8604.    366233.   4901.44          0.        0.     8604.
   182.00      7816.      8590.    366200.   4901.44          0.        0.     8590.
   182.50      7807.      8577.    366167.   4901.43          0.        0.     8577.
   183.00      7798.      8563.    366134.   4901.43          0.        0.     8563.
   183.50      7789.      8550.    366101.   4901.42          0.        0.     8550.
   184.00      7781.      8538.    366071.   4901.42          0.        0.     8538.
   184.50      7773.      8525.    366041.   4901.41          0.        0.     8525.
   185.00      7765.      8513.    366011.   4901.41          0.        0.     8513.
   185.50      7758.      8501.    365981.   4901.40          0.        0.     8501.
   186.00      7751.      8489.    365951.   4901.40          0.        0.     8489.
   186.50      7744.      8477.    365921.   4901.39          0.        0.     8477.
   187.00      7738.      8464.    365891.   4901.39          0.        0.     8464.
   187.50      7732.      8452.    365861.   4901.38          0.        0.     8452.
   188.00      7727.      8440.    365831.   4901.38          0.        0.     8440.
   188.50      7722.      8428.    365801.   4901.37          0.        0.     8428.
   189.00      7718.      8416.    365771.   4901.37          0.        0.     8416.
   189.50      7714.      8403.    365741.   4901.36          0.        0.     8403.
   190.00      7710.      8392.    365713.   4901.36          0.        0.     8392.
   190.50      7708.      8381.    365686.   4901.35          0.        0.     8381.
   191.00      7705.      8370.    365659.   4901.35          0.        0.     8370.
   191.50      7704.      8359.    365632.   4901.34          0.        0.     8359.
   192.00      7703.      8348.    365605.   4901.34          0.        0.     8348.
   192.50      7703.      8337.    365578.   4901.33          0.        0.     8337.
   193.00      7703.      8326.    365551.   4901.33          0.        0.     8326.
   193.50      7703.      8315.    365524.   4901.33          0.        0.     8315.
   194.00      7703.      8306.    365500.   4901.32          0.        0.     8306.
   194.50      7703.      8296.    365476.   4901.32          0.        0.     8296.
   195.00      7703.      8286.    365452.   4901.31          0.        0.     8286.
   195.50      7703.      8276.    365428.   4901.31          0.        0.     8276.
   196.00      7703.      8267.    365404.   4901.31          0.        0.     8267.
   196.50      7703.      8257.    365380.   4901.30          0.        0.     8257.
   197.00      7703.      8247.    365356.   4901.30          0.        0.     8247.
   197.50      7703.      8239.    365335.   4901.30          0.        0.     8239.
   198.00      7703.      8230.    365314.   4901.29          0.        0.     8230.
   198.50      7703.      8221.    365293.   4901.29          0.        0.     8221.
   199.00      7703.      8213.    365272.   4901.29          0.        0.     8213.
   199.50      7703.      8204.    365251.   4901.28          0.        0.     8204.
   200.00      7703.      8196.    365230.   4901.28          0.        0.     8196.
   200.50      7703.      8187.    365209.   4901.27          0.        0.     8187.
   201.00      7703.      8179.    365188.   4901.27          0.        0.     8179.
   201.50      7703.      8171.    365170.   4901.27          0.        0.     8171.
   202.00      7703.      8164.    365152.   4901.27          0.        0.     8164.
   202.50      7703.      8157.    365134.   4901.26          0.        0.     8157.
   203.00      7703.      8149.    365116.   4901.26          0.        0.     8149.
   203.50      7703.      8142.    365098.   4901.26          0.        0.     8142.
   204.00      7703.      8135.    365080.   4901.25          0.        0.     8135.
   204.50      7703.      8127.    365062.   4901.25          0.        0.     8127.
   205.00      7703.      8120.    365044.   4901.25          0.        0.     8120.
   205.50      7703.      8113.    365026.   4901.25          0.        0.     8113.
   206.00      7703.      8105.    365008.   4901.24          0.        0.     8105.
   206.50      7703.      8099.    364993.   4901.24          0.        0.     8099.
   207.00      7703.      8093.    364978.   4901.24          0.        0.     8093.
   207.50      7703.      8087.    364963.   4901.23          0.        0.     8087.
   208.00      7703.      8081.    364948.   4901.23          0.        0.     8081.
   208.50      7703.      8075.    364933.   4901.23          0.        0.     8075.
   209.00      7703.      8069.    364918.   4901.23          0.        0.     8069.
   209.50      7703.      8063.    364903.   4901.23          0.        0.     8063.
   210.00      7703.      8057.    364888.   4901.22          0.        0.     8057.
   210.50      7703.      8051.    364873.   4901.22          0.        0.     8051.
   211.00      7703.      8044.    364858.   4901.22          0.        0.     8044.
   211.50      7703.      8038.    364843.   4901.22          0.        0.     8038.
   212.00      7703.      8032.    364828.   4901.21          0.        0.     8032.
   212.50      7703.      8027.    364816.   4901.21          0.        0.     8027.
   213.00      7703.      8022.    364804.   4901.21          0.        0.     8022.
   213.50      7703.      8018.    364792.   4901.21          0.        0.     8018.
   214.00      7703.      8013.    364780.   4901.21          0.        0.     8013.
   214.50      7703.      8008.    364768.   4901.20          0.        0.     8008.
   215.00      7703.      8003.    364756.   4901.20          0.        0.     8003.
   215.50      7703.      7998.    364744.   4901.20          0.        0.     7998.
   216.00      7703.      7993.    364732.   4901.20          0.        0.     7993.
   216.50      7703.      7988.    364720.   4901.20          0.        0.     7988.
   217.00      7702.      7983.    364708.   4901.19          0.        0.     7983.
   217.50      7702.      7979.    364696.   4901.19          0.        0.     7979.
   218.00      7700.      7974.    364684.   4901.19          0.        0.     7974.
   218.50      7699.      7969.    364672.   4901.19          0.        0.     7969.
   219.00      7697.      7964.    364660.   4901.19          0.        0.     7964.
   219.50      7694.      7959.    364648.   4901.18          0.        0.     7959.
   220.00      7692.      7954.    364636.   4901.18          0.        0.     7954.
   220.50      7688.      7949.    364624.   4901.18          0.        0.     7949.
   221.00      7685.      7944.    364611.   4901.18          0.        0.     7944.
   221.50      7681.      7939.    364599.   4901.18          0.        0.     7939.
   222.00      7677.      7935.    364587.   4901.17          0.        0.     7935.
   222.50      7672.      7930.    364575.   4901.17          0.        0.     7930.
   223.00      7667.      7925.    364563.   4901.17          0.        0.     7925.
   223.50      7662.      7920.    364551.   4901.17          0.        0.     7920.
   224.00      7656.      7915.    364539.   4901.17          0.        0.     7915.
   224.50      7650.      7910.    364527.   4901.16          0.        0.     7910.
   225.00      7644.      7905.    364515.   4901.16          0.        0.     7905.
   225.50      7638.      7900.    364503.   4901.16          0.        0.     7900.
   226.00      7631.      7896.    364491.   4901.16          0.        0.     7896.
   226.50      7624.      7891.    364479.   4901.16          0.        0.     7891.
   227.00      7617.      7886.    364467.   4901.15          0.        0.     7886.
   227.50      7610.      7881.    364455.   4901.15          0.        0.     7881.
   228.00      7603.      7876.    364443.   4901.15          0.        0.     7876.
   228.50      7595.      7871.    364431.   4901.15          0.        0.     7871.
   229.00      7587.      7866.    364419.   4901.15          0.        0.     7866.
   229.50      7579.      7861.    364407.   4901.14          0.        0.     7861.
   230.00      7571.      7856.    364395.   4901.14          0.        0.     7856.
   230.50      7562.      7852.    364383.   4901.14          0.        0.     7852.
   231.00      7554.      7847.    364371.   4901.14          0.        0.     7847.
   231.50      7545.      7842.    364359.   4901.14          0.        0.     7842.
   232.00      7537.      7837.    364347.   4901.13          0.        0.     7837.
   232.50      7528.      7832.    364335.   4901.13          0.        0.     7832.
   233.00      7519.      7827.    364323.   4901.13          0.        0.     7827.
   233.50      7510.      7822.    364311.   4901.13          0.        0.     7822.
   234.00      7501.      7817.    364299.   4901.13          0.        0.     7817.
   234.50      7492.      7813.    364287.   4901.13          0.        0.     7813.
   235.00      7483.      7808.    364275.   4901.12          0.        0.     7808.
   235.50      7474.      7803.    364263.   4901.12          0.        0.     7803.
   236.00      7465.      7797.    364248.   4901.12          0.        0.     7797.
   236.50      7456.      7791.    364233.   4901.12          0.        0.     7791.
   237.00      7447.      7784.    364218.   4901.11          0.        0.     7784.
   237.50      7438.      7778.    364203.   4901.11          0.        0.     7778.
   238.00      7429.      7772.    364188.   4901.11          0.        0.     7772.
   238.50      7420.      7766.    364173.   4901.11          0.        0.     7766.
   239.00      7412.      7760.    364158.   4901.10          0.        0.     7760.
   239.50      7403.      7754.    364143.   4901.10          0.        0.     7754.
   240.00      7394.      7748.    364128.   4901.10          0.        0.     7748.
   240.50      7386.      7742.    364113.   4901.10          0.        0.     7742.
   241.00      7377.      7736.    364098.   4901.09          0.        0.     7736.
   241.50      7367.      7729.    364083.   4901.09          0.        0.     7729.
   242.00      7357.      7723.    364068.   4901.09          0.        0.     7723.
   242.50      7346.      7717.    364053.   4901.09          0.        0.     7717.
   243.00      7335.      7711.    364038.   4901.08          0.        0.     7711.
   243.50      7323.      7705.    364023.   4901.08          0.        0.     7705.
   244.00      7310.      7699.    364008.   4901.08          0.        0.     7699.
   244.50      7297.      7693.    363993.   4901.08          0.        0.     7693.
   245.00      7284.      7687.    363978.   4901.07          0.        0.     7687.
   245.50      7270.      7679.    363960.   4901.07          0.        0.     7679.
   246.00      7256.      7672.    363942.   4901.07          0.        0.     7672.
   246.50      7241.      7665.    363924.   4901.07          0.        0.     7665.
   247.00      7226.      7657.    363906.   4901.06          0.        0.     7657.
   247.50      7211.      7650.    363888.   4901.06          0.        0.     7650.
   248.00      7196.      7643.    363870.   4901.06          0.        0.     7643.
   248.50      7180.      7635.    363852.   4901.05          0.        0.     7635.
   249.00      7164.      7628.    363834.   4901.05          0.        0.     7628.
   249.50      7149.      7621.    363816.   4901.05          0.        0.     7621.
   250.00      7133.      7612.    363795.   4901.04          0.        0.     7612.
   250.50      7117.      7604.    363774.   4901.04          0.        0.     7604.
   251.00      7101.      7595.    363753.   4901.04          0.        0.     7595.
   251.50      7085.      7587.    363732.   4901.03          0.        0.     7587.
   252.00      7070.      7578.    363711.   4901.03          0.        0.     7578.
   252.50      7054.      7570.    363690.   4901.03          0.        0.     7570.
   253.00      7039.      7561.    363669.   4901.02          0.        0.     7561.
   253.50      7024.      7552.    363648.   4901.02          0.        0.     7552.
   254.00      7009.      7544.    363627.   4901.02          0.        0.     7544.
   254.50      6994.      7535.    363606.   4901.01          0.        0.     7535.
   255.00      6980.      7527.    363585.   4901.01          0.        0.     7527.
   255.50      6966.      7517.    363561.   4901.01          0.        0.     7517.
   256.00      6953.      7507.    363537.   4901.00          0.        0.     7507.
   256.50      6940.      7498.    363513.   4901.00          0.        0.     7498.
   257.00      6927.      7488.    363488.   4901.00          0.        0.     7488.
   257.50      6915.      7478.    363464.   4900.99          0.        0.     7478.
   258.00      6904.      7468.    363440.   4900.99          0.        0.     7468.
   258.50      6893.      7458.    363416.   4900.98          0.        0.     7458.
   259.00      6883.      7449.    363392.   4900.98          0.        0.     7449.
   259.50      6873.      7439.    363368.   4900.98          0.        0.     7439.
   260.00      6864.      7429.    363344.   4900.97          0.        0.     7429.
   260.50      6856.      7419.    363320.   4900.97          0.        0.     7419.
   261.00      6849.      7410.    363296.   4900.96          0.        0.     7410.
   261.50      6843.      7400.    363272.   4900.96          0.        0.     7400.
   262.00      6837.      7390.    363248.   4900.96          0.        0.     7390.
   262.50      6832.      7380.    363224.   4900.95          0.        0.     7380.
   263.00      6829.      7371.    363200.   4900.95          0.        0.     7371.
   263.50      6826.      7362.    363179.   4900.94          0.        0.     7362.
   264.00      6825.      7354.    363158.   4900.94          0.        0.     7354.
   264.50      6824.      7345.    363137.   4900.94          0.        0.     7345.
   265.00      6824.      7336.    363116.   4900.93          0.        0.     7336.
   265.50      6824.      7328.    363095.   4900.93          0.        0.     7328.
   266.00      6825.      7319.    363074.   4900.93          0.        0.     7319.
   266.50      6825.      7311.    363053.   4900.92          0.        0.     7311.
   267.00      6826.      7302.    363032.   4900.92          0.        0.     7302.
   267.50      6827.      7295.    363014.   4900.92          0.        0.     7295.
   268.00      6828.      7288.    362996.   4900.92          0.        0.     7288.
   268.50      6829.      7280.    362978.   4900.91          0.        0.     7280.
   269.00      6830.      7273.    362960.   4900.91          0.        0.     7273.
   269.50      6831.      7266.    362942.   4900.91          0.        0.     7266.
   270.00      6832.      7258.    362924.   4900.90          0.        0.     7258.
   270.50      6834.      7251.    362906.   4900.90          0.        0.     7251.
   271.00      6835.      7244.    362888.   4900.90          0.        0.     7244.
   271.50      6837.      7236.    362870.   4900.89          0.        0.     7236.
   272.00      6838.      7230.    362855.   4900.89          0.        0.     7230.
   272.50      6840.      7224.    362840.   4900.89          0.        0.     7224.
   273.00      6842.      7218.    362825.   4900.89          0.        0.     7218.
   273.50      6843.      7212.    362810.   4900.88          0.        0.     7212.
   274.00      6845.      7206.    362795.   4900.88          0.        0.     7206.
   274.50      6847.      7200.    362780.   4900.88          0.        0.     7200.
   275.00      6849.      7194.    362765.   4900.88          0.        0.     7194.
   275.50      6851.      7188.    362750.   4900.88          0.        0.     7188.
   276.00      6853.      7181.    362735.   4900.87          0.        0.     7181.
   276.50      6855.      7177.    362723.   4900.87          0.        0.     7177.
   277.00      6857.      7172.    362711.   4900.87          0.        0.     7172.
   277.50      6858.      7167.    362699.   4900.87          0.        0.     7167.
   278.00      6860.      7162.    362687.   4900.86          0.        0.     7162.
   278.50      6862.      7157.    362675.   4900.86          0.        0.     7157.
   279.00      6864.      7152.    362663.   4900.86          0.        0.     7152.
   279.50      6866.      7147.    362651.   4900.86          0.        0.     7147.
   280.00      6868.      7142.    362639.   4900.86          0.        0.     7142.
   280.50      6869.      7137.    362627.   4900.85          0.        0.     7137.
   281.00      6871.      7133.    362615.   4900.85          0.        0.     7133.
   281.50      6873.      7128.    362603.   4900.85          0.        0.     7128.
   282.00      6874.      7124.    362594.   4900.85          0.        0.     7124.
   282.50      6876.      7120.    362585.   4900.85          0.        0.     7120.
   283.00      6877.      7117.    362576.   4900.85          0.        0.     7117.
   283.50      6878.      7113.    362567.   4900.85          0.        0.     7113.
   284.00      6880.      7109.    362558.   4900.84          0.        0.     7109.
   284.50      6881.      7106.    362549.   4900.84          0.        0.     7106.
   285.00      6882.      7102.    362540.   4900.84          0.        0.     7102.
   285.50      6883.      7098.    362531.   4900.84          0.        0.     7098.
   286.00      6883.      7095.    362522.   4900.84          0.        0.     7095.
   286.50      6884.      7091.    362513.   4900.84          0.        0.     7091.
   287.00      6885.      7087.    362504.   4900.83          0.        0.     7087.
   287.50      6885.      7084.    362495.   4900.83          0.        0.     7084.
   288.00      6885.      7080.    362486.   4900.83          0.        0.     7080.
   288.50      6885.      7076.    362477.   4900.83          0.        0.     7076.
   289.00      6885.      7073.    362468.   4900.83          0.        0.     7073.
   289.50      6884.      7069.    362459.   4900.83          0.        0.     7069.
   290.00      6883.      7065.    362450.   4900.83          0.        0.     7065.
   290.50      6881.      7063.    362444.   4900.83          0.        0.     7063.
   291.00      6879.      7061.    362438.   4900.82          0.        0.     7061.
   291.50      6876.      7057.    362429.   4900.82          0.        0.     7057.
   292.00      6873.      7054.    362423.   4900.82          0.        0.     7054.
   292.50      6870.      7052.    362417.   4900.82          0.        0.     7052.
   293.00      6866.      7048.    362408.   4900.82          0.        0.     7048.
   293.50      6862.      7045.    362399.   4900.82          0.        0.     7045.
   294.00      6857.      7041.    362390.   4900.82          0.        0.     7041.
   294.50      6852.      7037.    362380.   4900.81          0.        0.     7037.
   295.00      6847.      7034.    362371.   4900.81          0.        0.     7034.
   295.50      6842.      7030.    362362.   4900.81          0.        0.     7030.
   296.00      6836.      7026.    362353.   4900.81          0.        0.     7026.
   296.50      6830.      7023.    362344.   4900.81          0.        0.     7023.
   297.00      6824.      7019.    362335.   4900.81          0.        0.     7019.
   297.50      6817.      7015.    362326.   4900.81          0.        0.     7015.
   298.00      6811.      7012.    362317.   4900.80          0.        0.     7012.
   298.50      6804.      7008.    362308.   4900.80          0.        0.     7008.
   299.00      6797.      7004.    362299.   4900.80          0.        0.     7004.
   299.50      6790.      7001.    362290.   4900.80          0.        0.     7001.
   300.00      6783.      6997.    362281.   4900.80          0.        0.     6997.
   300.50      6776.      6993.    362272.   4900.80          0.        0.     6993.
   301.00      6769.      6990.    362263.   4900.80          0.        0.     6990.
   301.50      6761.      6986.    362254.   4900.79          0.        0.     6986.
   302.00      6754.      6982.    362245.   4900.79          0.        0.     6982.
   302.50      6747.      6979.    362236.   4900.79          0.        0.     6979.
   303.00      6739.      6975.    362227.   4900.79          0.        0.     6975.
   303.50      6732.      6971.    362218.   4900.79          0.        0.     6971.
   304.00      6725.      6968.    362209.   4900.79          0.        0.     6968.
   304.50      6718.      6964.    362200.   4900.79          0.        0.     6964.
   305.00      6711.      6960.    362191.   4900.78          0.        0.     6960.
   305.50      6704.      6957.    362182.   4900.78          0.        0.     6957.
   306.00      6697.      6953.    362173.   4900.78          0.        0.     6953.
   306.50      6690.      6948.    362161.   4900.78          0.        0.     6948.
   307.00      6684.      6943.    362149.   4900.78          0.        0.     6943.
   307.50      6678.      6938.    362137.   4900.78          0.        0.     6938.
   308.00      6672.      6934.    362125.   4900.77          0.        0.     6934.
   308.50      6666.      6929.    362113.   4900.77          0.        0.     6929.
   309.00      6660.      6924.    362101.   4900.77          0.        0.     6924.
   309.50      6655.      6919.    362089.   4900.77          0.        0.     6919.
   310.00      6650.      6914.    362077.   4900.77          0.        0.     6914.
   310.50      6645.      6909.    362065.   4900.76          0.        0.     6909.
   311.00      6641.      6904.    362053.   4900.76          0.        0.     6904.
   311.50      6637.      6899.    362041.   4900.76          0.        0.     6899.
   312.00      6633.      6895.    362029.   4900.76          0.        0.     6895.
   312.50      6630.      6890.    362017.   4900.76          0.        0.     6890.
   313.00      6627.      6885.    362005.   4900.75          0.        0.     6885.
   313.50      6624.      6880.    361993.   4900.75          0.        0.     6880.
   314.00      6621.      6875.    361981.   4900.75          0.        0.     6875.
   314.50      6619.      6871.    361972.   4900.75          0.        0.     6871.
   315.00      6616.      6868.    361963.   4900.75          0.        0.     6868.
   315.50      6614.      6864.    361954.   4900.75          0.        0.     6864.
   316.00      6611.      6860.    361945.   4900.74          0.        0.     6860.
   316.50      6609.      6857.    361936.   4900.74          0.        0.     6857.
   317.00      6607.      6853.    361927.   4900.74          0.        0.     6853.
   317.50      6604.      6849.    361918.   4900.74          0.        0.     6849.
   318.00      6602.      6846.    361909.   4900.74          0.        0.     6846.
   318.50      6600.      6842.    361900.   4900.74          0.        0.     6842.
   319.00      6598.      6838.    361891.   4900.74          0.        0.     6838.
   319.50      6596.      6835.    361882.   4900.73          0.        0.     6835.
   320.00      6594.      6831.    361873.   4900.73          0.        0.     6831.
   320.50      6593.      6827.    361864.   4900.73          0.        0.     6827.
   321.00      6591.      6824.    361855.   4900.73          0.        0.     6824.
   321.50      6589.      6820.    361846.   4900.73          0.        0.     6820.
   322.00      6587.      6816.    361837.   4900.73          0.        0.     6816.
   322.50      6586.      6813.    361828.   4900.73          0.        0.     6813.
   323.00      6584.      6809.    361819.   4900.72          0.        0.     6809.
   323.50      6582.      6805.    361810.   4900.72          0.        0.     6805.
   324.00      6580.      6802.    361801.   4900.72          0.        0.     6802.
   324.50      6579.      6798.    361792.   4900.72          0.        0.     6798.
   325.00      6577.      6794.    361783.   4900.72          0.        0.     6794.
   325.50      6575.      6791.    361774.   4900.72          0.        0.     6791.
   326.00      6574.      6787.    361765.   4900.71          0.        0.     6787.
   326.50      6572.      6783.    361756.   4900.71          0.        0.     6783.
   327.00      6570.      6780.    361747.   4900.71          0.        0.     6780.
   327.50      6569.      6776.    361738.   4900.71          0.        0.     6776.
   328.00      6567.      6772.    361729.   4900.71          0.        0.     6772.
   328.50      6565.      6769.    361720.   4900.71          0.        0.     6769.
   329.00      6563.      6765.    361711.   4900.71          0.        0.     6765.
   329.50      6561.      6761.    361702.   4900.70          0.        0.     6761.
   330.00      6559.      6758.    361693.   4900.70          0.        0.     6758.
   330.50      6557.      6754.    361684.   4900.70          0.        0.     6754.
   331.00      6555.      6750.    361675.   4900.70          0.        0.     6750.
   331.50      6553.      6747.    361666.   4900.70          0.        0.     6747.
   332.00      6551.      6743.    361657.   4900.70          0.        0.     6743.
   332.50      6549.      6740.    361648.   4900.70          0.        0.     6740.
   333.00      6546.      6736.    361639.   4900.69          0.        0.     6736.
   333.50      6544.      6732.    361630.   4900.69          0.        0.     6732.
   334.00      6542.      6729.    361621.   4900.69          0.        0.     6729.
   334.50      6539.      6725.    361612.   4900.69          0.        0.     6725.
   335.00      6536.      6721.    361603.   4900.69          0.        0.     6721.
   335.50      6534.      6718.    361594.   4900.69          0.        0.     6718.
   336.00      6531.      6714.    361585.   4900.69          0.        0.     6714.
   336.50      6528.      6710.    361576.   4900.68          0.        0.     6710.
   337.00      6525.      6708.    361570.   4900.68          0.        0.     6708.
   337.50      6521.      6704.    361561.   4900.68          0.        0.     6704.
   338.00      6518.      6700.    361552.   4900.68          0.        0.     6700.
   338.50      6514.      6697.    361543.   4900.68          0.        0.     6697.
   339.00      6511.      6693.    361534.   4900.68          0.        0.     6693.
   339.50      6507.      6689.    361525.   4900.68          0.        0.     6689.
   340.00      6503.      6686.    361516.   4900.67          0.        0.     6686.
   340.50      6499.      6682.    361507.   4900.67          0.        0.     6682.
   341.00      6495.      6678.    361498.   4900.67          0.        0.     6678.
   341.50      6491.      6675.    361489.   4900.67          0.        0.     6675.
   342.00      6486.      6671.    361480.   4900.67          0.        0.     6671.
   342.50      6482.      6667.    361471.   4900.67          0.        0.     6667.
   343.00      6477.      6664.    361462.   4900.67          0.        0.     6664.
   343.50      6473.      6660.    361453.   4900.66          0.        0.     6660.
   344.00      6468.      6656.    361444.   4900.66          0.        0.     6656.
   344.50      6463.      6653.    361435.   4900.66          0.        0.     6653.
   345.00      6458.      6649.    361426.   4900.66          0.        0.     6649.
   345.50      6453.      6646.    361417.   4900.66          0.        0.     6646.
   346.00      6448.      6642.    361408.   4900.66          0.        0.     6642.
   346.50      6443.      6638.    361399.   4900.66          0.        0.     6638.
   347.00      6437.      6635.    361390.   4900.65          0.        0.     6635.
   347.50      6432.      6631.    361381.   4900.65          0.        0.     6631.
   348.00      6427.      6627.    361372.   4900.65          0.        0.     6627.
   348.50      6421.      6624.    361363.   4900.65          0.        0.     6624.
   349.00      6415.      6620.    361354.   4900.65          0.        0.     6620.
   349.50      6410.      6616.    361345.   4900.65          0.        0.     6616.
   350.00      6404.      6613.    361336.   4900.65          0.        0.     6613.
   350.50      6398.      6609.    361327.   4900.64          0.        0.     6609.
   351.00      6392.      6605.    361318.   4900.64          0.        0.     6605.
   351.50      6386.      6602.    361309.   4900.64          0.        0.     6602.
   352.00      6380.      6598.    361300.   4900.64          0.        0.     6598.
   352.50      6374.      6594.    361291.   4900.64          0.        0.     6594.
   353.00      6368.      6591.    361282.   4900.64          0.        0.     6591.
   353.50      6362.      6587.    361273.   4900.63          0.        0.     6587.
   354.00      6356.      6583.    361263.   4900.63          0.        0.     6583.
   354.50      6350.      6580.    361254.   4900.63          0.        0.     6580.
   355.00      6343.      6576.    361245.   4900.63          0.        0.     6576.
   355.50      6337.      6572.    361236.   4900.63          0.        0.     6572.
   356.00      6331.      6569.    361227.   4900.63          0.        0.     6569.
   356.50      6324.      6565.    361218.   4900.63          0.        0.     6565.
   357.00      6318.      6561.    361209.   4900.62          0.        0.     6561.
   357.50      6311.      6558.    361200.   4900.62          0.        0.     6558.
   358.00      6305.      6554.    361191.   4900.62          0.        0.     6554.
   358.50      6298.      6550.    361182.   4900.62          0.        0.     6550.
   359.00      6292.      6547.    361173.   4900.62          0.        0.     6547.
   359.50      6285.      6542.    361161.   4900.62          0.        0.     6542.
   360.00      6279.      6537.    361149.   4900.61          0.        0.     6537.
1



      INFLOW DATA                           STORAGE DATA
      ***********                           ************
     TIME    INFLOW                     ELEVATION     STORAGE

     0.50      5527.                      4753.20          0.
     1.00      5557.                      4754.00          5.
     1.50      5587.                      4760.00        853.
     2.00      5617.                      4770.00       5056.
     2.50      5647.                      4780.00      11677.
     3.00      5677.                      4790.00      20701.
     3.50      5707.                      4800.00      32214.
     4.00      5737.                      4810.00      46676.
     4.50      5766.                      4820.00      64861.
     5.00      5796.                      4830.00      86629.
     5.50      5825.                      4840.00     112286.
     6.00      5855.                      4850.00     141401.
     6.50      5884.                      4860.00     174439.
     7.00      5913.                      4870.00     212059.
     7.50      5941.                      4880.00     254696.
     8.00      5970.                      4890.00     303066.
     8.50      5999.                      4900.00     357369.
     9.00      6027.                      4910.00     418864.
     9.50      6056.                      4920.00     488871.
    10.00      6084.                      4924.00     519654.
    10.50      6112.                      4924.50     523636.
    11.00      6140.                      4925.00     527626.
    11.50      6167.                      4925.50     531626.
    12.00      6195.                      4926.00     535626.
    12.50      6222.                      4930.00     569747.
    13.00      6249.                      4935.00     604527.
    13.50      6276.
    14.00      6303.
    14.50      6330.
    15.00      6357.
    15.50      6383.
    16.00      6409.
    16.50      6435.
    17.00      6461.
    17.50      6487.
    18.00      6512.
    18.50      6537.
    19.00      6562.
    19.50      6587.
    20.00      6612.
    20.50      6636.
    21.00      6661.
    21.50      6685.
    22.00      6708.
    22.50      6732.
    23.00      6755.
    23.50      6778.
    24.00      6801.
    24.50      6824.
    25.00      6846.
    25.50      6869.
    26.00      6890.
    26.50      6912.
    27.00      6934.
    27.50      6955.
    28.00      6976.
    28.50      6997.
    29.00      7017.
    29.50      7038.
    30.00      7058.
    30.50      7078.
    31.00      7098.
    31.50      7117.
    32.00      7137.
    32.50      7156.
    33.00      7175.
    33.50      7195.
    34.00      7214.
    34.50      7233.
    35.00      7251.
    35.50      7270.
    36.00      7289.
    36.50      7307.
    37.00      7326.
    37.50      7344.
    38.00      7363.
    38.50      7381.
    39.00      7399.
    39.50      7418.
    40.00      7436.
    40.50      7454.
    41.00      7473.
    41.50      7491.
    42.00      7509.
    42.50      7528.
    43.00      7546.
    43.50      7565.
    44.00      7583.
    44.50      7602.
    45.00      7620.
    45.50      7639.
    46.00      7658.
    46.50      7677.
    47.00      7696.
    47.50      7715.
    48.00      7734.
    48.50      7754.
    49.00      7773.
    49.50      7794.
    50.00      7815.
    50.50      7838.
    51.00      7860.
    51.50      7883.
    52.00      7907.
    52.50      7931.
    53.00      7956.
    53.50      7981.
    54.00      8006.
    54.50      8032.
    55.00      8058.
    55.50      8084.
    56.00      8110.
    56.50      8136.
    57.00      8162.
    57.50      8194.
    58.00      8222.
    58.50      8254.
    59.00      8300.
    59.50      8349.
    60.00      8402.
    60.50      8460.
    61.00      8540.
    61.50      8670.
    62.00      8886.
    62.50      9182.
    63.00      9547.
    63.50     10080.
    64.00     11098.
    64.50     13259.
    65.00     22577.
    65.50     58511.
    66.00     71003.
    66.50     77996.
    67.00     83252.
    67.50     87716.
    68.00     91795.
    68.50     95617.
    69.00     99233.
    69.50    102679.
    70.00    105798.
    70.50    108190.
    71.00    109594.
    71.50    110045.
    72.00    109727.
    72.50    108913.
    73.00    107937.
    73.50    107068.
    74.00    106456.
    74.50    106119.
    75.00    105970.
    75.50    105893.
    76.00    105726.
    76.50    105322.
    77.00    104574.
    77.50    103464.
    78.00    102033.
    78.50    100322.
    79.00     98368.
    79.50     96211.
    80.00     93888.
    80.50     91427.
    81.00     88831.
    81.50     86097.
    82.00     83274.
    82.50     80403.
    83.00     77517.
    83.50     74633.
    84.00     71766.
    84.50     68924.
    85.00     66120.
    85.50     63340.
    86.00     60603.
    86.50     57892.
    87.00     55231.
    87.50     52663.
    88.00     50231.
    88.50     47951.
    89.00     45811.
    89.50     43852.
    90.00     41991.
    90.50     40244.
    91.00     38645.
    91.50     37122.
    92.00     35666.
    92.50     34343.
    93.00     33008.
    93.50     31787.
    94.00     30591.
    94.50     29426.
    95.00     28369.
    95.50     27316.
    96.00     26317.
    96.50     25379.
    97.00     24584.
    97.50     23805.
    98.00     23051.
    98.50     22337.
    99.00     21680.
    99.50     21107.
   100.00     20563.
   100.50     20029.
   101.00     19511.
   101.50     19021.
   102.00     18556.
   102.50     18124.
   103.00     17730.
   103.50     17363.
   104.00     17005.
   104.50     16677.
   105.00     16388.
   105.50     16109.
   106.00     15827.
   106.50     15549.
   107.00     15290.
   107.50     15065.
   108.00     14856.
   108.50     14651.
   109.00     14449.
   109.50     14271.
   110.00     14095.
   110.50     13920.
   111.00     13760.
   111.50     13607.
   112.00     13459.
   112.50     13315.
   113.00     13182.
   113.50     13053.
   114.00     12927.
   114.50     12806.
   115.00     12694.
   115.50     12589.
   116.00     12486.
   116.50     12385.
   117.00     12287.
   117.50     12195.
   118.00     12105.
   118.50     12018.
   119.00     11934.
   119.50     11853.
   120.00     11774.
   120.50     11699.
   121.00     11626.
   121.50     11556.
   122.00     11488.
   122.50     11423.
   123.00     11359.
   123.50     11298.
   124.00     11238.
   124.50     11181.
   125.00     11124.
   125.50     11071.
   126.00     11018.
   126.50     10965.
   127.00     10916.
   127.50     10866.
   128.00     10819.
   128.50     10772.
   129.00      8502.
   129.50      8497.
   130.00      8492.
   130.50      8486.
   131.00      8480.
   131.50      8474.
   132.00      8469.
   132.50      8462.
   133.00      8456.
   133.50      8450.
   134.00      8444.
   134.50      8438.
   135.00      8431.
   135.50      8425.
   136.00      8418.
   136.50      8412.
   137.00      8406.
   137.50      8399.
   138.00      8393.
   138.50      8386.
   139.00      8380.
   139.50      8374.
   140.00      8367.
   140.50      8361.
   141.00      8355.
   141.50      8349.
   142.00      8343.
   142.50      8337.
   143.00      8332.
   143.50      8326.
   144.00      8321.
   144.50      8315.
   145.00      8310.
   145.50      8305.
   146.00      8300.
   146.50      8295.
   147.00      8290.
   147.50      8285.
   148.00      8280.
   148.50      8274.
   149.00      8269.
   149.50      8264.
   150.00      8259.
   150.50      8254.
   151.00      8249.
   151.50      8244.
   152.00      8239.
   152.50      8234.
   153.00      8229.
   153.50      8224.
   154.00      8219.
   154.50      8214.
   155.00      8209.
   155.50      8204.
   156.00      8199.
   156.50      8194.
   157.00      8189.
   157.50      8183.
   158.00      8178.
   158.50      8173.
   159.00      8168.
   159.50      8163.
   160.00      8157.
   160.50      8152.
   161.00      8147.
   161.50      8141.
   162.00      8136.
   162.50      8130.
   163.00      8125.
   163.50      8119.
   164.00      8113.
   164.50      8108.
   165.00      8102.
   165.50      8096.
   166.00      8090.
   166.50      8084.
   167.00      8078.
   167.50      8072.
   168.00      8066.
   168.50      8060.
   169.00      8054.
   169.50      8047.
   170.00      8040.
   170.50      8032.
   171.00      8024.
   171.50      8016.
   172.00      8008.
   172.50      7999.
   173.00      7990.
   173.50      7981.
   174.00      7972.
   174.50      7962.
   175.00      7953.
   175.50      7943.
   176.00      7933.
   176.50      7923.
   177.00      7913.
   177.50      7903.
   178.00      7893.
   178.50      7883.
   179.00      7873.
   179.50      7864.
   180.00      7854.
   180.50      7844.
   181.00      7834.
   181.50      7825.
   182.00      7816.
   182.50      7807.
   183.00      7798.
   183.50      7789.
   184.00      7781.
   184.50      7773.
   185.00      7765.
   185.50      7758.
   186.00      7751.
   186.50      7744.
   187.00      7738.
   187.50      7732.
   188.00      7727.
   188.50      7722.
   189.00      7718.
   189.50      7714.
   190.00      7710.
   190.50      7708.
   191.00      7705.
   191.50      7704.
   192.00      7703.
   192.50      7703.
   193.00      7703.
   193.50      7703.
   194.00      7703.
   194.50      7703.
   195.00      7703.
   195.50      7703.
   196.00      7703.
   196.50      7703.
   197.00      7703.
   197.50      7703.
   198.00      7703.
   198.50      7703.
   199.00      7703.
   199.50      7703.
   200.00      7703.
   200.50      7703.
   201.00      7703.
   201.50      7703.
   202.00      7703.
   202.50      7703.
   203.00      7703.
   203.50      7703.
   204.00      7703.
   204.50      7703.
   205.00      7703.
   205.50      7703.
   206.00      7703.
   206.50      7703.
   207.00      7703.
   207.50      7703.
   208.00      7703.
   208.50      7703.
   209.00      7703.
   209.50      7703.
   210.00      7703.
   210.50      7703.
   211.00      7703.
   211.50      7703.
   212.00      7703.
   212.50      7703.
   213.00      7703.
   213.50      7703.
   214.00      7703.
   214.50      7703.
   215.00      7703.
   215.50      7703.
   216.00      7703.
   216.50      7703.
   217.00      7702.
   217.50      7702.
   218.00      7700.
   218.50      7699.
   219.00      7697.
   219.50      7694.
   220.00      7692.
   220.50      7688.
   221.00      7685.
   221.50      7681.
   222.00      7677.
   222.50      7672.
   223.00      7667.
   223.50      7662.
   224.00      7656.
   224.50      7650.
   225.00      7644.
   225.50      7638.
   226.00      7631.
   226.50      7624.
   227.00      7617.
   227.50      7610.
   228.00      7603.
   228.50      7595.
   229.00      7587.
   229.50      7579.
   230.00      7571.
   230.50      7562.
   231.00      7554.
   231.50      7545.
   232.00      7537.
   232.50      7528.
   233.00      7519.
   233.50      7510.
   234.00      7501.
   234.50      7492.
   235.00      7483.
   235.50      7474.
   236.00      7465.
   236.50      7456.
   237.00      7447.
   237.50      7438.
   238.00      7429.
   238.50      7420.
   239.00      7412.
   239.50      7403.
   240.00      7394.
   240.50      7386.
   241.00      7377.
   241.50      7367.
   242.00      7357.
   242.50      7346.
   243.00      7335.
   243.50      7323.
   244.00      7310.
   244.50      7297.
   245.00      7284.
   245.50      7270.
   246.00      7256.
   246.50      7241.
   247.00      7226.
   247.50      7211.
   248.00      7196.
   248.50      7180.
   249.00      7164.
   249.50      7149.
   250.00      7133.
   250.50      7117.
   251.00      7101.
   251.50      7085.
   252.00      7070.
   252.50      7054.
   253.00      7039.
   253.50      7024.
   254.00      7009.
   254.50      6994.
   255.00      6980.
   255.50      6966.
   256.00      6953.
   256.50      6940.
   257.00      6927.
   257.50      6915.
   258.00      6904.
   258.50      6893.
   259.00      6883.
   259.50      6873.
   260.00      6864.
   260.50      6856.
   261.00      6849.
   261.50      6843.
   262.00      6837.
   262.50      6832.
   263.00      6829.
   263.50      6826.
   264.00      6825.
   264.50      6824.
   265.00      6824.
   265.50      6824.
   266.00      6825.
   266.50      6825.
   267.00      6826.
   267.50      6827.
   268.00      6828.
   268.50      6829.
   269.00      6830.
   269.50      6831.
   270.00      6832.
   270.50      6834.
   271.00      6835.
   271.50      6837.
   272.00      6838.
   272.50      6840.
   273.00      6842.
   273.50      6843.
   274.00      6845.
   274.50      6847.
   275.00      6849.
   275.50      6851.
   276.00      6853.
   276.50      6855.
   277.00      6857.
   277.50      6858.
   278.00      6860.
   278.50      6862.
   279.00      6864.
   279.50      6866.
   280.00      6868.
   280.50      6869.
   281.00      6871.
   281.50      6873.
   282.00      6874.
   282.50      6876.
   283.00      6877.
   283.50      6878.
   284.00      6880.
   284.50      6881.
   285.00      6882.
   285.50      6883.
   286.00      6883.
   286.50      6884.
   287.00      6885.
   287.50      6885.
   288.00      6885.
   288.50      6885.
   289.00      6885.
   289.50      6884.
   290.00      6883.
   290.50      6881.
   291.00      6879.
   291.50      6876.
   292.00      6873.
   292.50      6870.
   293.00      6866.
   293.50      6862.
   294.00      6857.
   294.50      6852.
   295.00      6847.
   295.50      6842.
   296.00      6836.
   296.50      6830.
   297.00      6824.
   297.50      6817.
   298.00      6811.
   298.50      6804.
   299.00      6797.
   299.50      6790.
   300.00      6783.
   300.50      6776.
   301.00      6769.
   301.50      6761.
   302.00      6754.
   302.50      6747.
   303.00      6739.
   303.50      6732.
   304.00      6725.
   304.50      6718.
   305.00      6711.
   305.50      6704.
   306.00      6697.
   306.50      6690.
   307.00      6684.
   307.50      6678.
   308.00      6672.
   308.50      6666.
   309.00      6660.
   309.50      6655.
   310.00      6650.
   310.50      6645.
   311.00      6641.
   311.50      6637.
   312.00      6633.
   312.50      6630.
   313.00      6627.
   313.50      6624.
   314.00      6621.
   314.50      6619.
   315.00      6616.
   315.50      6614.
   316.00      6611.
   316.50      6609.
   317.00      6607.
   317.50      6604.
   318.00      6602.
   318.50      6600.
   319.00      6598.
   319.50      6596.
   320.00      6594.
   320.50      6593.
   321.00      6591.
   321.50      6589.
   322.00      6587.
   322.50      6586.
   323.00      6584.
   323.50      6582.
   324.00      6580.
   324.50      6579.
   325.00      6577.
   325.50      6575.
   326.00      6574.
   326.50      6572.
   327.00      6570.
   327.50      6569.
   328.00      6567.
   328.50      6565.
   329.00      6563.
   329.50      6561.
   330.00      6559.
   330.50      6557.
   331.00      6555.
   331.50      6553.
   332.00      6551.
   332.50      6549.
   333.00      6546.
   333.50      6544.
   334.00      6542.
   334.50      6539.
   335.00      6536.
   335.50      6534.
   336.00      6531.
   336.50      6528.
   337.00      6525.
   337.50      6521.
   338.00      6518.
   338.50      6514.
   339.00      6511.
   339.50      6507.
   340.00      6503.
   340.50      6499.
   341.00      6495.
   341.50      6491.
   342.00      6486.
   342.50      6482.
   343.00      6477.
   343.50      6473.
   344.00      6468.
   344.50      6463.
   345.00      6458.
   345.50      6453.
   346.00      6448.
   346.50      6443.
   347.00      6437.
   347.50      6432.
   348.00      6427.
   348.50      6421.
   349.00      6415.
   349.50      6410.
   350.00      6404.
   350.50      6398.
   351.00      6392.
   351.50      6386.
   352.00      6380.
   352.50      6374.
   353.00      6368.
   353.50      6362.
   354.00      6356.
   354.50      6350.
   355.00      6343.
   355.50      6337.
   356.00      6331.
   356.50      6324.
   357.00      6318.
   357.50      6311.
   358.00      6305.
   358.50      6298.
   359.00      6292.
   359.50      6285.
   360.00      6279.
1


  DISCHARGE VS ELEVATION
  **********************
  ELEVATION  DISCHARGE

    4880.49      5000.
    4890.00      5000.
    4898.70      5000.
    4900.00      5000.
    4902.00     10000.
    4904.00     22500.
    4906.00     37500.
    4908.00     56000.
    4910.00     77000.
    4912.00    100000.
    4914.00    125000.
    4916.00    153000.
    4920.00    212000.
    4924.00    270000.
    4928.00    328000.
    4930.00    357000.
    4935.00    429500.