
                     UNITED STATES BUREAU OF RECLAMATION
                       ENGINEERING AND RESEARCH CENTER

                            FLOOD ROUTING FOR DAMS
                            ----------------------

      FEATURE: Pueblo Dam                               DATE    **/ 1/  26
      FLOOD: TREX Test Run & PMF snow                   TIME    **:**:03.**
      TITLE: Full TREX Routing             
      DATA FILE: fs12-10sn.in                                                   

      FLOOD ROUTING SUMMARY
      *********************

         BEGINNING HOUR OF ROUTING.......................      0.50
         ENDING HOUR OF ROUTING..........................    360.00
         INITIAL RESERVOIR ELEVATION.....................   4880.49 FT
         MINIMUM OR NORMAL POOL ELEV.....................   4880.49 FT
         MAXIMUM RESERVOIR ELEVATION.....   4917.47 AT HOUR   82.00
         INFLOW PEAK DISCHARGE...........   239689. AT HOUR   72.00
         MAXIMUM TOTAL OUTFLOW...........   174700. AT HOUR   82.00
         ELEVATION TOLERANCE.............................    0.0100 FT
         INFLOW HYDROGRAPH ADJUSTMENT FACTOR.............      1.00
         IPC OPTIONS (1 TO 10)...........................3100100021

      WATERWAY PARAMETERS
      *******************

         WATERWAY NO. 1 - Top of Dam                    

         TYPE-BROAD OR SHARP CRESTED WEIR
         CONSTANT DISCHARGE COEFFICIENT..................      2.67
         CREST ELEVATION.................................   4925.25 FT
         CREST LENGTH....................................   1200.50 FT
         MAXIMUM DISCHARGE...............        0. AT HOUR    0.50

         WATERWAY NO. 2 - Embankment "wings"            

         TYPE-BROAD OR SHARP CRESTED WEIR
         CONSTANT DISCHARGE COEFFICIENT..................      2.62
         CREST ELEVATION.................................   4925.00 FT
         CREST LENGTH....................................   8480.00 FT
         MAXIMUM DISCHARGE...............        0. AT HOUR    0.50
1

                     ROUTING RESULTS                          DISCHARGE RESULTS
                     ***************                          *****************

    TIME     INFLOW    OUTFLOW    STORAGE   ELEVATION        WATERWAY         RATING
                                                           1         2        CURVE

     0.50      5527.      5000.    257067.   4880.49          0.        0.     5000.
     1.00      5557.      5000.    257089.   4880.49          0.        0.     5000.
     1.50      5587.      5000.    257112.   4880.50          0.        0.     5000.
     2.00      5617.      5000.    257138.   4880.50          0.        0.     5000.
     2.50      5647.      5000.    257164.   4880.51          0.        0.     5000.
     3.00      5677.      5000.    257192.   4880.52          0.        0.     5000.
     3.50      5707.      5000.    257221.   4880.52          0.        0.     5000.
     4.00      5737.      5000.    257251.   4880.53          0.        0.     5000.
     4.50      5766.      5000.    257282.   4880.53          0.        0.     5000.
     5.00      5796.      5000.    257315.   4880.54          0.        0.     5000.
     5.50      5825.      5000.    257348.   4880.55          0.        0.     5000.
     6.00      5855.      5000.    257384.   4880.56          0.        0.     5000.
     6.50      5884.      5000.    257419.   4880.56          0.        0.     5000.
     7.00      5913.      5000.    257457.   4880.57          0.        0.     5000.
     7.50      5941.      5000.    257495.   4880.58          0.        0.     5000.
     8.00      5970.      5000.    257535.   4880.59          0.        0.     5000.
     8.50      5999.      5000.    257575.   4880.60          0.        0.     5000.
     9.00      6027.      5000.    257618.   4880.60          0.        0.     5000.
     9.50      6056.      5000.    257660.   4880.61          0.        0.     5000.
    10.00      6084.      5000.    257705.   4880.62          0.        0.     5000.
    10.50      6112.      5000.    257750.   4880.63          0.        0.     5000.
    11.00      6140.      5000.    257797.   4880.64          0.        0.     5000.
    11.50      6167.      5000.    257844.   4880.65          0.        0.     5000.
    12.00      6195.      5000.    257894.   4880.66          0.        0.     5000.
    12.50      6222.      5000.    257944.   4880.67          0.        0.     5000.
    13.00      6249.      5000.    257995.   4880.68          0.        0.     5000.
    13.50      6276.      5000.    258047.   4880.69          0.        0.     5000.
    14.00      6303.      5000.    258102.   4880.70          0.        0.     5000.
    14.50      6330.      5000.    258156.   4880.72          0.        0.     5000.
    15.00      6357.      5000.    258213.   4880.73          0.        0.     5000.
    15.50      6383.      5000.    258269.   4880.74          0.        0.     5000.
    16.00      6409.      5000.    258326.   4880.75          0.        0.     5000.
    16.50      6435.      5000.    258385.   4880.76          0.        0.     5000.
    17.00      6461.      5000.    258444.   4880.77          0.        0.     5000.
    17.50      6487.      5000.    258506.   4880.79          0.        0.     5000.
    18.00      6512.      5000.    258567.   4880.80          0.        0.     5000.
    18.50      6537.      5000.    258631.   4880.81          0.        0.     5000.
    19.00      6562.      5000.    258695.   4880.83          0.        0.     5000.
    19.50      6587.      5000.    258761.   4880.84          0.        0.     5000.
    20.00      6612.      5000.    258827.   4880.85          0.        0.     5000.
    20.50      6636.      5000.    258893.   4880.87          0.        0.     5000.
    21.00      6661.      5000.    258961.   4880.88          0.        0.     5000.
    21.50      6685.      5000.    259030.   4880.90          0.        0.     5000.
    22.00      6708.      5000.    259101.   4880.91          0.        0.     5000.
    22.50      6732.      5000.    259172.   4880.93          0.        0.     5000.
    23.00      6755.      5000.    259245.   4880.94          0.        0.     5000.
    23.50      6778.      5000.    259318.   4880.96          0.        0.     5000.
    24.00      6801.      5000.    259391.   4880.97          0.        0.     5000.
    24.50      6824.      5000.    259467.   4880.99          0.        0.     5000.
    25.00      6846.      5000.    259542.   4881.00          0.        0.     5000.
    25.50      6869.      5000.    259618.   4881.02          0.        0.     5000.
    26.00      6890.      5000.    259696.   4881.03          0.        0.     5000.
    26.50      6912.      5000.    259774.   4881.05          0.        0.     5000.
    27.00      6934.      5000.    259854.   4881.07          0.        0.     5000.
    27.50      6955.      5000.    259935.   4881.08          0.        0.     5000.
    28.00      6976.      5000.    260015.   4881.10          0.        0.     5000.
    28.50      6997.      5000.    260097.   4881.12          0.        0.     5000.
    29.00      7017.      5000.    260180.   4881.13          0.        0.     5000.
    29.50      7038.      5000.    260263.   4881.15          0.        0.     5000.
    30.00      7058.      5000.    260348.   4881.17          0.        0.     5000.
    30.50      7078.      5000.    260433.   4881.19          0.        0.     5000.
    31.00      7098.      5000.    260520.   4881.20          0.        0.     5000.
    31.50      7117.      5000.    260608.   4881.22          0.        0.     5000.
    32.00      7137.      5000.    260695.   4881.24          0.        0.     5000.
    32.50      7156.      5000.    260785.   4881.26          0.        0.     5000.
    33.00      7175.      5000.    260875.   4881.28          0.        0.     5000.
    33.50      7195.      5000.    260964.   4881.30          0.        0.     5000.
    34.00      7214.      5000.    261056.   4881.31          0.        0.     5000.
    34.50      7233.      5000.    261148.   4881.33          0.        0.     5000.
    35.00      7251.      5000.    261241.   4881.35          0.        0.     5000.
    35.50      7270.      5000.    261335.   4881.37          0.        0.     5000.
    36.00      7289.      5000.    261430.   4881.39          0.        0.     5000.
    36.50      7307.      5000.    261524.   4881.41          0.        0.     5000.
    37.00      7326.      5000.    261621.   4881.43          0.        0.     5000.
    37.50      7344.      5000.    261718.   4881.45          0.        0.     5000.
    38.00      7363.      5000.    261815.   4881.47          0.        0.     5000.
    38.50      7381.      5000.    261914.   4881.49          0.        0.     5000.
    39.00      7399.      5000.    262013.   4881.51          0.        0.     5000.
    39.50      7418.      5000.    262112.   4881.53          0.        0.     5000.
    40.00      7436.      5000.    262211.   4881.55          0.        0.     5000.
    40.50      7454.      5000.    262313.   4881.57          0.        0.     5000.
    41.00      7473.      5000.    262414.   4881.60          0.        0.     5000.
    41.50      7491.      5000.    262516.   4881.62          0.        0.     5000.
    42.00      7509.      5000.    262620.   4881.64          0.        0.     5000.
    42.50      7528.      5000.    262724.   4881.66          0.        0.     5000.
    43.00      7546.      5000.    262828.   4881.68          0.        0.     5000.
    43.50      7565.      5000.    262934.   4881.70          0.        0.     5000.
    44.00      7583.      5000.    263040.   4881.73          0.        0.     5000.
    44.50      7602.      5000.    263147.   4881.75          0.        0.     5000.
    45.00      7620.      5000.    263255.   4881.77          0.        0.     5000.
    45.50      7639.      5000.    263364.   4881.79          0.        0.     5000.
    46.00      7658.      5000.    263473.   4881.81          0.        0.     5000.
    46.50      7677.      5000.    263584.   4881.84          0.        0.     5000.
    47.00      7696.      5000.    263695.   4881.86          0.        0.     5000.
    47.50      7715.      5000.    263806.   4881.88          0.        0.     5000.
    48.00      7734.      5000.    263919.   4881.91          0.        0.     5000.
    48.50      7754.      5000.    264032.   4881.93          0.        0.     5000.
    49.00      7773.      5000.    264146.   4881.95          0.        0.     5000.
    49.50      7794.      5000.    264261.   4881.98          0.        0.     5000.
    50.00      7815.      5000.    264377.   4882.00          0.        0.     5000.
    50.50      7838.      5000.    264493.   4882.03          0.        0.     5000.
    51.00      7860.      5000.    264611.   4882.05          0.        0.     5000.
    51.50      7883.      5000.    264729.   4882.07          0.        0.     5000.
    52.00      7907.      5000.    264849.   4882.10          0.        0.     5000.
    52.50      7931.      5000.    264970.   4882.12          0.        0.     5000.
    53.00      7956.      5000.    265090.   4882.15          0.        0.     5000.
    53.50      7981.      5000.    265213.   4882.17          0.        0.     5000.
    54.00      8006.      5000.    265336.   4882.20          0.        0.     5000.
    54.50      8032.      5000.    265461.   4882.23          0.        0.     5000.
    55.00      8058.      5000.    265586.   4882.25          0.        0.     5000.
    55.50      8084.      5000.    265714.   4882.28          0.        0.     5000.
    56.00      8110.      5000.    265841.   4882.30          0.        0.     5000.
    56.50      8136.      5000.    265971.   4882.33          0.        0.     5000.
    57.00      8162.      5000.    266101.   4882.36          0.        0.     5000.
    57.50      8196.      5000.    266233.   4882.39          0.        0.     5000.
    58.00      8259.      5000.    266366.   4882.41          0.        0.     5000.
    58.50      8339.      5000.    266503.   4882.44          0.        0.     5000.
    59.00      8428.      5000.    266642.   4882.47          0.        0.     5000.
    59.50      8531.      5000.    266786.   4882.50          0.        0.     5000.
    60.00      8711.      5000.    266935.   4882.53          0.        0.     5000.
    60.50      9085.      5000.    267096.   4882.56          0.        0.     5000.
    61.00      9688.      5000.    267277.   4882.60          0.        0.     5000.
    61.50     10578.      5000.    267490.   4882.65          0.        0.     5000.
    62.00     12377.      5000.    267757.   4882.70          0.        0.     5000.
    62.50     19145.      5000.    268201.   4882.79          0.        0.     5000.
    63.00     64201.      5000.    269717.   4883.11          0.        0.     5000.
    63.50    101895.      5000.    272943.   4883.77          0.        0.     5000.
    64.00    119444.      5000.    277310.   4884.68          0.        0.     5000.
    64.50    132117.      5000.    282301.   4885.71          0.        0.     5000.
    65.00    143414.      5000.    287787.   4886.84          0.        0.     5000.
    65.50    154440.      5000.    293734.   4888.07          0.        0.     5000.
    66.00    165371.      5000.    300135.   4889.39          0.        0.     5000.
    66.50    175405.      5000.    306969.   4890.72          0.        0.     5000.
    67.00    183929.      5000.    314186.   4892.05          0.        0.     5000.
    67.50    191396.      5000.    321735.   4893.44          0.        0.     5000.
    68.00    198638.      5000.    329586.   4894.88          0.        0.     5000.
    68.50    206220.      5000.    337745.   4896.39          0.        0.     5000.
    69.00    214038.      5000.    346222.   4897.95          0.        0.     5000.
    69.50    221412.      5000.    355012.   4899.57          0.        0.     5000.
    70.00    227738.      7708.    364029.   4901.08          0.        0.     7708.
    70.50    232728.     13494.    373106.   4902.56          0.        0.    13494.
    71.00    236384.     22606.    382054.   4904.01          0.        0.    22606.
    71.50    238718.     33171.    390717.   4905.42          0.        0.    33171.
    72.00    239689.     44614.    398995.   4906.77          0.        0.    44614.
    72.50    239521.     56420.    406811.   4908.04          0.        0.    56420.
    73.00    238695.     68869.    414102.   4909.23          0.        0.    68869.
    73.50    237616.     80279.    420860.   4910.29          0.        0.    80279.
    74.00    236395.     90566.    427123.   4911.18          0.        0.    90566.
    74.50    234996.    100104.    432924.   4912.01          0.        0.   100104.
    75.00    233422.    109644.    438266.   4912.77          0.        0.   109644.
    75.50    231651.    118390.    443165.   4913.47          0.        0.   118390.
    76.00    229484.    126538.    447636.   4914.11          0.        0.   126538.
    76.50    226770.    134598.    451666.   4914.69          0.        0.   134598.
    77.00    223568.    141782.    455259.   4915.20          0.        0.   141782.
    77.50    220011.    148133.    458434.   4915.65          0.        0.   148133.
    78.00    216488.    153735.    461217.   4916.05          0.        0.   153735.
    78.50    212902.    158819.    463630.   4916.39          0.        0.   158819.
    79.00    208660.    163155.    465688.   4916.69          0.        0.   163155.
    79.50    203861.    166749.    467394.   4916.93          0.        0.   166749.
    80.00    198721.    169630.    468761.   4917.13          0.        0.   169630.
    80.50    193329.    171834.    469807.   4917.28          0.        0.   171834.
    81.00    187682.    173389.    470545.   4917.38          0.        0.   173389.
    81.50    181789.    174333.    470993.   4917.45          0.        0.   174333.
    82.00    175762.    174700.    471168.   4917.47          0.        0.   174700.
    82.50    169766.    174542.    471092.   4917.46          0.        0.   174542.
    83.00    163802.    173893.    470785.   4917.42          0.        0.   173893.
    83.50    157823.    172799.    470265.   4917.34          0.        0.   172799.
    84.00    151801.    171301.    469554.   4917.24          0.        0.   171301.
    84.50    145742.    169421.    468662.   4917.11          0.        0.   169421.
    85.00    139677.    167195.    467606.   4916.96          0.        0.   167195.
    85.50    133621.    164646.    466396.   4916.79          0.        0.   164646.
    86.00    127630.    161808.    465049.   4916.60          0.        0.   161808.
    86.50    121704.    158711.    463579.   4916.39          0.        0.   158711.
    87.00    115888.    155384.    462000.   4916.16          0.        0.   155384.
    87.50    110249.    151913.    460325.   4915.92          0.        0.   151913.
    88.00    104868.    148393.    458564.   4915.67          0.        0.   148393.
    88.50     99779.    144735.    456735.   4915.41          0.        0.   144735.
    89.00     94963.    140976.    454855.   4915.14          0.        0.   140976.
    89.50     90399.    137141.    452938.   4914.87          0.        0.   137141.
    90.00     86103.    133258.    450996.   4914.59          0.        0.   133258.
    90.50     82049.    129354.    449044.   4914.31          0.        0.   129354.
    91.00     78216.    125451.    447092.   4914.03          0.        0.   125451.
    91.50     74579.    121930.    445147.   4913.75          0.        0.   121930.
    92.00     71160.    118439.    443192.   4913.48          0.        0.   118439.
    92.50     67928.    114960.    441244.   4913.20          0.        0.   114960.
    93.00     64612.    111493.    439302.   4912.92          0.        0.   111493.
    93.50     61338.    108038.    437367.   4912.64          0.        0.   108038.
    94.00     58108.    104602.    435443.   4912.37          0.        0.   104602.
    94.50     55033.    101184.    433529.   4912.09          0.        0.   101184.
    95.00     52172.     97973.    431631.   4911.82          0.        0.    97973.
    95.50     49505.     94879.    429748.   4911.55          0.        0.    94879.
    96.00     47014.     91819.    427885.   4911.29          0.        0.    91819.
    96.50     44674.     88798.    426046.   4911.03          0.        0.    88798.
    97.00     42539.     85833.    424241.   4910.77          0.        0.    85833.
    97.50     40576.     82924.    422470.   4910.52          0.        0.    82924.
    98.00     38770.     80083.    420741.   4910.27          0.        0.    80083.
    98.50     37101.     77314.    419055.   4910.03          0.        0.    77314.
    99.00     35500.     74529.    417417.   4909.76          0.        0.    74529.
    99.50     34076.     71822.    415831.   4909.51          0.        0.    71822.
   100.00     32692.     69202.    414297.   4909.26          0.        0.    69202.
   100.50     31492.     66674.    412817.   4909.02          0.        0.    66674.
   101.00     30277.     64234.    411387.   4908.78          0.        0.    64234.
   101.50     29170.     61881.    410009.   4908.56          0.        0.    61881.
   102.00     28165.     59620.    408685.   4908.34          0.        0.    59620.
   102.50     27193.     57441.    407409.   4908.14          0.        0.    57441.
   103.00     26282.     55426.    406184.   4907.94          0.        0.    55426.
   103.50     25427.     53642.    404998.   4907.75          0.        0.    53642.
   104.00     24683.     51917.    403851.   4907.56          0.        0.    51917.
   104.50     23959.     50255.    402746.   4907.38          0.        0.    50255.
   105.00     23261.     48647.    401677.   4907.21          0.        0.    48647.
   105.50     22604.     47098.    400647.   4907.04          0.        0.    47098.
   106.00     21997.     45603.    399653.   4906.88          0.        0.    45603.
   106.50     21430.     44162.    398695.   4906.72          0.        0.    44162.
   107.00     20926.     42775.    397773.   4906.57          0.        0.    42775.
   107.50     20455.     41443.    396887.   4906.43          0.        0.    41443.
   108.00     19985.     40165.    396038.   4906.29          0.        0.    40165.
   108.50     19526.     38936.    395221.   4906.16          0.        0.    38936.
   109.00     19082.     37753.    394434.   4906.03          0.        0.    37753.
   109.50     18664.     36782.    393677.   4905.90          0.        0.    36782.
   110.00     18271.     35881.    392939.   4905.78          0.        0.    35881.
   110.50     17904.     35006.    392221.   4905.67          0.        0.    35006.
   111.00     17573.     34156.    391525.   4905.55          0.        0.    34156.
   111.50     17264.     33333.    390849.   4905.44          0.        0.    33333.
   112.00     16955.     32534.    390194.   4905.34          0.        0.    32534.
   112.50     16669.     31761.    389561.   4905.23          0.        0.    31761.
   113.00     16408.     31014.    388948.   4905.14          0.        0.    31014.
   113.50     16161.     30289.    388354.   4905.04          0.        0.    30289.
   114.00     15910.     29590.    387780.   4904.95          0.        0.    29590.
   114.50     15663.     28912.    387225.   4904.85          0.        0.    28912.
   115.00     15421.     28257.    386687.   4904.77          0.        0.    28257.
   115.50     15193.     27620.    386165.   4904.68          0.        0.    27620.
   116.00     14994.     27004.    385660.   4904.60          0.        0.    27004.
   116.50     14809.     26411.    385174.   4904.52          0.        0.    26411.
   117.00     14629.     25836.    384702.   4904.44          0.        0.    25836.
   117.50     14451.     25280.    384246.   4904.37          0.        0.    25280.
   118.00     14287.     24745.    383808.   4904.30          0.        0.    24745.
   118.50     14128.     24229.    383384.   4904.23          0.        0.    24229.
   119.00     13971.     23727.    382973.   4904.16          0.        0.    23727.
   119.50     13821.     23243.    382577.   4904.10          0.        0.    23243.
   120.00     13683.     22778.    382195.   4904.04          0.        0.    22778.
   120.50     13548.     22357.    381826.   4903.98          0.        0.    22357.
   121.00     13413.     21990.    381466.   4903.92          0.        0.    21990.
   121.50     13282.     21636.    381117.   4903.86          0.        0.    21636.
   122.00     13161.     21292.    380778.   4903.81          0.        0.    21292.
   122.50     13044.     20956.    380448.   4903.75          0.        0.    20956.
   123.00     12927.     20629.    380126.   4903.70          0.        0.    20629.
   123.50     12814.     20309.    379811.   4903.65          0.        0.    20309.
   124.00     12707.     19998.    379505.   4903.60          0.        0.    19998.
   124.50     12608.     19695.    379208.   4903.55          0.        0.    19695.
   125.00     12511.     19402.    378919.   4903.50          0.        0.    19402.
   125.50     12417.     19116.    378637.   4903.46          0.        0.    19116.
   126.00     12323.     18838.    378364.   4903.41          0.        0.    18838.
   126.50     12231.     18569.    378100.   4903.37          0.        0.    18569.
   127.00     12144.     18307.    377841.   4903.33          0.        0.    18307.
   127.50     12059.     18051.    377589.   4903.29          0.        0.    18051.
   128.00     11978.     17803.    377346.   4903.25          0.        0.    17803.
   128.50     11897.     17562.    377109.   4903.21          0.        0.    17562.
   129.00      8502.     17260.    376811.   4903.16          0.        0.    17260.
   129.50      8497.     16900.    376457.   4903.10          0.        0.    16900.
   130.00      8492.     16555.    376118.   4903.05          0.        0.    16555.
   130.50      8486.     16223.    375790.   4903.00          0.        0.    16223.
   131.00      8480.     15905.    375478.   4902.94          0.        0.    15905.
   131.50      8474.     15600.    375178.   4902.90          0.        0.    15600.
   132.00      8469.     15307.    374890.   4902.85          0.        0.    15307.
   132.50      8462.     15026.    374613.   4902.80          0.        0.    15026.
   133.00      8456.     14755.    374346.   4902.76          0.        0.    14755.
   133.50      8450.     14495.    374091.   4902.72          0.        0.    14495.
   134.00      8444.     14245.    373845.   4902.68          0.        0.    14245.
   134.50      8438.     14007.    373611.   4902.64          0.        0.    14007.
   135.00      8431.     13778.    373385.   4902.60          0.        0.    13778.
   135.50      8425.     13558.    373169.   4902.57          0.        0.    13558.
   136.00      8418.     13348.    372962.   4902.54          0.        0.    13348.
   136.50      8412.     13146.    372764.   4902.50          0.        0.    13146.
   137.00      8406.     12951.    372572.   4902.47          0.        0.    12951.
   137.50      8399.     12765.    372388.   4902.44          0.        0.    12765.
   138.00      8393.     12585.    372211.   4902.41          0.        0.    12585.
   138.50      8386.     12411.    372040.   4902.39          0.        0.    12411.
   139.00      8380.     12246.    371878.   4902.36          0.        0.    12246.
   139.50      8374.     12087.    371722.   4902.33          0.        0.    12087.
   140.00      8367.     11935.    371572.   4902.31          0.        0.    11935.
   140.50      8361.     11788.    371428.   4902.29          0.        0.    11788.
   141.00      8355.     11648.    371289.   4902.26          0.        0.    11648.
   141.50      8349.     11514.    371157.   4902.24          0.        0.    11514.
   142.00      8343.     11382.    371028.   4902.22          0.        0.    11382.
   142.50      8337.     11257.    370905.   4902.20          0.        0.    11257.
   143.00      8332.     11138.    370788.   4902.18          0.        0.    11138.
   143.50      8326.     11022.    370674.   4902.16          0.        0.    11022.
   144.00      8321.     10912.    370566.   4902.15          0.        0.    10912.
   144.50      8315.     10806.    370461.   4902.13          0.        0.    10806.
   145.00      8310.     10702.    370359.   4902.11          0.        0.    10702.
   145.50      8305.     10604.    370263.   4902.10          0.        0.    10604.
   146.00      8300.     10510.    370169.   4902.08          0.        0.    10510.
   146.50      8295.     10418.    370079.   4902.07          0.        0.    10418.
   147.00      8290.     10330.    369992.   4902.05          0.        0.    10330.
   147.50      8285.     10244.    369908.   4902.04          0.        0.    10244.
   148.00      8280.     10165.    369830.   4902.03          0.        0.    10165.
   148.50      8274.     10089.    369755.   4902.01          0.        0.    10089.
   149.00      8269.     10015.    369683.   4902.00          0.        0.    10015.
   149.50      8264.      9977.    369611.   4901.99          0.        0.     9977.
   150.00      8259.      9949.    369542.   4901.98          0.        0.     9949.
   150.50      8254.      9921.    369473.   4901.97          0.        0.     9921.
   151.00      8249.      9893.    369404.   4901.96          0.        0.     9893.
   151.50      8244.      9866.    369338.   4901.95          0.        0.     9866.
   152.00      8239.      9839.    369272.   4901.94          0.        0.     9839.
   152.50      8234.      9812.    369206.   4901.92          0.        0.     9812.
   153.00      8229.      9785.    369140.   4901.91          0.        0.     9785.
   153.50      8224.      9760.    369076.   4901.90          0.        0.     9760.
   154.00      8219.      9734.    369013.   4901.89          0.        0.     9734.
   154.50      8214.      9708.    368950.   4901.88          0.        0.     9708.
   155.00      8209.      9684.    368890.   4901.87          0.        0.     9684.
   155.50      8204.      9659.    368830.   4901.86          0.        0.     9659.
   156.00      8199.      9635.    368770.   4901.85          0.        0.     9635.
   156.50      8194.      9611.    368710.   4901.84          0.        0.     9611.
   157.00      8189.      9587.    368653.   4901.83          0.        0.     9587.
   157.50      8183.      9564.    368596.   4901.83          0.        0.     9564.
   158.00      8178.      9541.    368539.   4901.82          0.        0.     9541.
   158.50      8173.      9518.    368482.   4901.81          0.        0.     9518.
   159.00      8168.      9496.    368428.   4901.80          0.        0.     9496.
   159.50      8163.      9474.    368374.   4901.79          0.        0.     9474.
   160.00      8157.      9452.    368320.   4901.78          0.        0.     9452.
   160.50      8152.      9430.    368266.   4901.77          0.        0.     9430.
   161.00      8147.      9409.    368215.   4901.76          0.        0.     9409.
   161.50      8141.      9388.    368164.   4901.76          0.        0.     9388.
   162.00      8136.      9368.    368113.   4901.75          0.        0.     9368.
   162.50      8130.      9347.    368062.   4901.74          0.        0.     9347.
   163.00      8125.      9326.    368011.   4901.73          0.        0.     9326.
   163.50      8119.      9307.    367962.   4901.72          0.        0.     9307.
   164.00      8113.      9287.    367914.   4901.71          0.        0.     9287.
   164.50      8108.      9268.    367866.   4901.71          0.        0.     9268.
   165.00      8102.      9248.    367818.   4901.70          0.        0.     9248.
   165.50      8096.      9229.    367770.   4901.69          0.        0.     9229.
   166.00      8090.      9209.    367722.   4901.68          0.        0.     9209.
   166.50      8084.      9191.    367677.   4901.68          0.        0.     9191.
   167.00      8078.      9172.    367632.   4901.67          0.        0.     9172.
   167.50      8072.      9154.    367587.   4901.66          0.        0.     9154.
   168.00      8066.      9136.    367542.   4901.65          0.        0.     9136.
   168.50      8060.      9117.    367497.   4901.65          0.        0.     9117.
   169.00      8054.      9100.    367455.   4901.64          0.        0.     9100.
   169.50      8047.      9083.    367413.   4901.63          0.        0.     9083.
   170.00      8040.      9066.    367371.   4901.63          0.        0.     9066.
   170.50      8032.      9049.    367329.   4901.62          0.        0.     9049.
   171.00      8024.      9032.    367287.   4901.61          0.        0.     9032.
   171.50      8016.      9015.    367245.   4901.61          0.        0.     9015.
   172.00      8008.      8998.    367203.   4901.60          0.        0.     8998.
   172.50      7999.      8981.    367161.   4901.59          0.        0.     8981.
   173.00      7990.      8965.    367122.   4901.59          0.        0.     8965.
   173.50      7981.      8949.    367083.   4901.58          0.        0.     8949.
   174.00      7972.      8933.    367044.   4901.57          0.        0.     8933.
   174.50      7962.      8917.    367005.   4901.57          0.        0.     8917.
   175.00      7953.      8901.    366966.   4901.56          0.        0.     8901.
   175.50      7943.      8885.    366927.   4901.55          0.        0.     8885.
   176.00      7933.      8870.    366888.   4901.55          0.        0.     8870.
   176.50      7923.      8854.    366848.   4901.54          0.        0.     8854.
   177.00      7913.      8838.    366809.   4901.54          0.        0.     8838.
   177.50      7903.      8822.    366770.   4901.53          0.        0.     8822.
   178.00      7893.      8806.    366731.   4901.52          0.        0.     8806.
   178.50      7883.      8790.    366692.   4901.52          0.        0.     8790.
   179.00      7873.      8776.    366656.   4901.51          0.        0.     8776.
   179.50      7864.      8761.    366620.   4901.50          0.        0.     8761.
   180.00      7854.      8746.    366584.   4901.50          0.        0.     8746.
   180.50      7844.      8732.    366548.   4901.49          0.        0.     8732.
   181.00      7834.      8717.    366512.   4901.49          0.        0.     8717.
   181.50      7825.      8702.    366476.   4901.48          0.        0.     8702.
   182.00      7816.      8688.    366440.   4901.48          0.        0.     8688.
   182.50      7807.      8673.    366404.   4901.47          0.        0.     8673.
   183.00      7798.      8658.    366368.   4901.46          0.        0.     8658.
   183.50      7789.      8644.    366332.   4901.46          0.        0.     8644.
   184.00      7781.      8629.    366296.   4901.45          0.        0.     8629.
   184.50      7773.      8615.    366260.   4901.45          0.        0.     8615.
   185.00      7765.      8600.    366224.   4901.44          0.        0.     8600.
   185.50      7758.      8586.    366191.   4901.43          0.        0.     8586.
   186.00      7751.      8573.    366158.   4901.43          0.        0.     8573.
   186.50      7744.      8560.    366125.   4901.42          0.        0.     8560.
   187.00      7738.      8546.    366092.   4901.42          0.        0.     8546.
   187.50      7732.      8533.    366059.   4901.41          0.        0.     8533.
   188.00      7727.      8519.    366026.   4901.41          0.        0.     8519.
   188.50      7722.      8506.    365993.   4901.40          0.        0.     8506.
   189.00      7718.      8492.    365960.   4901.40          0.        0.     8492.
   189.50      7714.      8479.    365927.   4901.39          0.        0.     8479.
   190.00      7710.      8467.    365897.   4901.39          0.        0.     8467.
   190.50      7708.      8455.    365867.   4901.38          0.        0.     8455.
   191.00      7705.      8442.    365837.   4901.38          0.        0.     8442.
   191.50      7704.      8430.    365807.   4901.37          0.        0.     8430.
   192.00      7703.      8418.    365777.   4901.37          0.        0.     8418.
   192.50      7703.      8406.    365747.   4901.36          0.        0.     8406.
   193.00      7703.      8394.    365716.   4901.36          0.        0.     8394.
   193.50      7703.      8383.    365689.   4901.35          0.        0.     8383.
   194.00      7703.      8372.    365662.   4901.35          0.        0.     8372.
   194.50      7703.      8361.    365635.   4901.34          0.        0.     8361.
   195.00      7703.      8350.    365608.   4901.34          0.        0.     8350.
   195.50      7703.      8339.    365581.   4901.34          0.        0.     8339.
   196.00      7703.      8328.    365554.   4901.33          0.        0.     8328.
   196.50      7703.      8317.    365527.   4901.33          0.        0.     8317.
   197.00      7703.      8307.    365503.   4901.32          0.        0.     8307.
   197.50      7703.      8297.    365479.   4901.32          0.        0.     8297.
   198.00      7703.      8287.    365455.   4901.31          0.        0.     8287.
   198.50      7703.      8278.    365431.   4901.31          0.        0.     8278.
   199.00      7703.      8268.    365407.   4901.31          0.        0.     8268.
   199.50      7703.      8258.    365383.   4901.30          0.        0.     8258.
   200.00      7703.      8248.    365359.   4901.30          0.        0.     8248.
   200.50      7703.      8240.    365338.   4901.30          0.        0.     8240.
   201.00      7703.      8231.    365317.   4901.29          0.        0.     8231.
   201.50      7703.      8223.    365296.   4901.29          0.        0.     8223.
   202.00      7703.      8214.    365275.   4901.29          0.        0.     8214.
   202.50      7703.      8206.    365254.   4901.28          0.        0.     8206.
   203.00      7703.      8197.    365233.   4901.28          0.        0.     8197.
   203.50      7703.      8188.    365212.   4901.28          0.        0.     8188.
   204.00      7703.      8180.    365191.   4901.27          0.        0.     8180.
   204.50      7703.      8171.    365170.   4901.27          0.        0.     8171.
   205.00      7703.      8164.    365152.   4901.27          0.        0.     8164.
   205.50      7703.      8157.    365134.   4901.26          0.        0.     8157.
   206.00      7703.      8149.    365116.   4901.26          0.        0.     8149.
   206.50      7703.      8142.    365098.   4901.26          0.        0.     8142.
   207.00      7703.      8135.    365080.   4901.25          0.        0.     8135.
   207.50      7703.      8127.    365062.   4901.25          0.        0.     8127.
   208.00      7703.      8120.    365044.   4901.25          0.        0.     8120.
   208.50      7703.      8113.    365026.   4901.25          0.        0.     8113.
   209.00      7703.      8105.    365008.   4901.24          0.        0.     8105.
   209.50      7703.      8099.    364993.   4901.24          0.        0.     8099.
   210.00      7703.      8093.    364978.   4901.24          0.        0.     8093.
   210.50      7703.      8087.    364963.   4901.23          0.        0.     8087.
   211.00      7703.      8081.    364948.   4901.23          0.        0.     8081.
   211.50      7703.      8075.    364933.   4901.23          0.        0.     8075.
   212.00      7703.      8069.    364918.   4901.23          0.        0.     8069.
   212.50      7703.      8063.    364903.   4901.23          0.        0.     8063.
   213.00      7703.      8057.    364888.   4901.22          0.        0.     8057.
   213.50      7703.      8051.    364873.   4901.22          0.        0.     8051.
   214.00      7703.      8044.    364858.   4901.22          0.        0.     8044.
   214.50      7703.      8038.    364843.   4901.22          0.        0.     8038.
   215.00      7703.      8032.    364828.   4901.21          0.        0.     8032.
   215.50      7703.      8027.    364816.   4901.21          0.        0.     8027.
   216.00      7703.      8022.    364804.   4901.21          0.        0.     8022.
   216.50      7703.      8018.    364792.   4901.21          0.        0.     8018.
   217.00      7702.      8013.    364780.   4901.21          0.        0.     8013.
   217.50      7702.      8008.    364768.   4901.20          0.        0.     8008.
   218.00      7700.      8003.    364756.   4901.20          0.        0.     8003.
   218.50      7699.      7998.    364744.   4901.20          0.        0.     7998.
   219.00      7697.      7993.    364732.   4901.20          0.        0.     7993.
   219.50      7694.      7988.    364720.   4901.20          0.        0.     7988.
   220.00      7692.      7983.    364708.   4901.19          0.        0.     7983.
   220.50      7688.      7979.    364696.   4901.19          0.        0.     7979.
   221.00      7685.      7974.    364684.   4901.19          0.        0.     7974.
   221.50      7681.      7969.    364672.   4901.19          0.        0.     7969.
   222.00      7677.      7964.    364660.   4901.19          0.        0.     7964.
   222.50      7672.      7959.    364648.   4901.18          0.        0.     7959.
   223.00      7667.      7954.    364636.   4901.18          0.        0.     7954.
   223.50      7662.      7949.    364624.   4901.18          0.        0.     7949.
   224.00      7656.      7944.    364611.   4901.18          0.        0.     7944.
   224.50      7650.      7939.    364599.   4901.18          0.        0.     7939.
   225.00      7644.      7935.    364587.   4901.17          0.        0.     7935.
   225.50      7638.      7930.    364575.   4901.17          0.        0.     7930.
   226.00      7631.      7925.    364563.   4901.17          0.        0.     7925.
   226.50      7624.      7920.    364551.   4901.17          0.        0.     7920.
   227.00      7617.      7915.    364539.   4901.17          0.        0.     7915.
   227.50      7610.      7910.    364527.   4901.16          0.        0.     7910.
   228.00      7603.      7905.    364515.   4901.16          0.        0.     7905.
   228.50      7595.      7900.    364503.   4901.16          0.        0.     7900.
   229.00      7587.      7896.    364491.   4901.16          0.        0.     7896.
   229.50      7579.      7891.    364479.   4901.16          0.        0.     7891.
   230.00      7571.      7886.    364467.   4901.15          0.        0.     7886.
   230.50      7562.      7881.    364455.   4901.15          0.        0.     7881.
   231.00      7554.      7876.    364443.   4901.15          0.        0.     7876.
   231.50      7545.      7871.    364431.   4901.15          0.        0.     7871.
   232.00      7537.      7865.    364416.   4901.15          0.        0.     7865.
   232.50      7528.      7859.    364401.   4901.14          0.        0.     7859.
   233.00      7519.      7853.    364386.   4901.14          0.        0.     7853.
   233.50      7510.      7847.    364371.   4901.14          0.        0.     7847.
   234.00      7501.      7841.    364356.   4901.14          0.        0.     7841.
   234.50      7492.      7834.    364341.   4901.13          0.        0.     7834.
   235.00      7483.      7828.    364326.   4901.13          0.        0.     7828.
   235.50      7474.      7822.    364311.   4901.13          0.        0.     7822.
   236.00      7465.      7816.    364296.   4901.13          0.        0.     7816.
   236.50      7456.      7810.    364281.   4901.12          0.        0.     7810.
   237.00      7447.      7804.    364266.   4901.12          0.        0.     7804.
   237.50      7438.      7798.    364251.   4901.12          0.        0.     7798.
   238.00      7429.      7792.    364236.   4901.12          0.        0.     7792.
   238.50      7420.      7786.    364221.   4901.11          0.        0.     7786.
   239.00      7412.      7780.    364206.   4901.11          0.        0.     7780.
   239.50      7403.      7773.    364191.   4901.11          0.        0.     7773.
   240.00      7394.      7767.    364176.   4901.11          0.        0.     7767.
   240.50      7386.      7761.    364161.   4901.10          0.        0.     7761.
   241.00      7377.      7755.    364146.   4901.10          0.        0.     7755.
   241.50      7367.      7749.    364131.   4901.10          0.        0.     7749.
   242.00      7357.      7743.    364116.   4901.10          0.        0.     7743.
   242.50      7346.      7737.    364101.   4901.09          0.        0.     7737.
   243.00      7335.      7731.    364086.   4901.09          0.        0.     7731.
   243.50      7323.      7725.    364071.   4901.09          0.        0.     7725.
   244.00      7310.      7717.    364053.   4901.09          0.        0.     7717.
   244.50      7297.      7710.    364035.   4901.08          0.        0.     7710.
   245.00      7284.      7703.    364017.   4901.08          0.        0.     7703.
   245.50      7270.      7695.    363999.   4901.08          0.        0.     7695.
   246.00      7256.      7688.    363981.   4901.08          0.        0.     7688.
   246.50      7241.      7681.    363963.   4901.07          0.        0.     7681.
   247.00      7226.      7673.    363945.   4901.07          0.        0.     7673.
   247.50      7211.      7666.    363927.   4901.07          0.        0.     7666.
   248.00      7196.      7659.    363909.   4901.06          0.        0.     7659.
   248.50      7180.      7651.    363891.   4901.06          0.        0.     7651.
   249.00      7164.      7643.    363870.   4901.06          0.        0.     7643.
   249.50      7149.      7634.    363849.   4901.05          0.        0.     7634.
   250.00      7133.      7626.    363828.   4901.05          0.        0.     7626.
   250.50      7117.      7617.    363807.   4901.05          0.        0.     7617.
   251.00      7101.      7609.    363786.   4901.04          0.        0.     7609.
   251.50      7085.      7600.    363765.   4901.04          0.        0.     7600.
   252.00      7070.      7592.    363744.   4901.04          0.        0.     7592.
   252.50      7054.      7583.    363723.   4901.03          0.        0.     7583.
   253.00      7039.      7574.    363702.   4901.03          0.        0.     7574.
   253.50      7024.      7566.    363681.   4901.03          0.        0.     7566.
   254.00      7009.      7556.    363657.   4901.02          0.        0.     7556.
   254.50      6994.      7546.    363633.   4901.02          0.        0.     7546.
   255.00      6980.      7537.    363609.   4901.01          0.        0.     7537.
   255.50      6966.      7527.    363585.   4901.01          0.        0.     7527.
   256.00      6953.      7517.    363561.   4901.01          0.        0.     7517.
   256.50      6940.      7507.    363537.   4901.00          0.        0.     7507.
   257.00      6927.      7498.    363513.   4901.00          0.        0.     7498.
   257.50      6915.      7488.    363488.   4901.00          0.        0.     7488.
   258.00      6904.      7478.    363464.   4900.99          0.        0.     7478.
   258.50      6893.      7468.    363440.   4900.99          0.        0.     7468.
   259.00      6883.      7458.    363416.   4900.98          0.        0.     7458.
   259.50      6873.      7449.    363392.   4900.98          0.        0.     7449.
   260.00      6864.      7439.    363368.   4900.98          0.        0.     7439.
   260.50      6856.      7429.    363344.   4900.97          0.        0.     7429.
   261.00      6849.      7419.    363320.   4900.97          0.        0.     7419.
   261.50      6843.      7410.    363296.   4900.96          0.        0.     7410.
   262.00      6837.      7400.    363272.   4900.96          0.        0.     7400.
   262.50      6832.      7390.    363248.   4900.96          0.        0.     7390.
   263.00      6829.      7380.    363224.   4900.95          0.        0.     7380.
   263.50      6826.      7371.    363200.   4900.95          0.        0.     7371.
   264.00      6825.      7362.    363179.   4900.94          0.        0.     7362.
   264.50      6824.      7354.    363158.   4900.94          0.        0.     7354.
   265.00      6824.      7345.    363137.   4900.94          0.        0.     7345.
   265.50      6824.      7336.    363116.   4900.93          0.        0.     7336.
   266.00      6825.      7328.    363095.   4900.93          0.        0.     7328.
   266.50      6825.      7319.    363074.   4900.93          0.        0.     7319.
   267.00      6826.      7311.    363053.   4900.92          0.        0.     7311.
   267.50      6827.      7302.    363032.   4900.92          0.        0.     7302.
   268.00      6828.      7295.    363014.   4900.92          0.        0.     7295.
   268.50      6829.      7288.    362996.   4900.92          0.        0.     7288.
   269.00      6830.      7280.    362978.   4900.91          0.        0.     7280.
   269.50      6831.      7273.    362960.   4900.91          0.        0.     7273.
   270.00      6832.      7266.    362942.   4900.91          0.        0.     7266.
   270.50      6834.      7258.    362924.   4900.90          0.        0.     7258.
   271.00      6835.      7251.    362906.   4900.90          0.        0.     7251.
   271.50      6837.      7244.    362888.   4900.90          0.        0.     7244.
   272.00      6838.      7236.    362870.   4900.89          0.        0.     7236.
   272.50      6840.      7230.    362855.   4900.89          0.        0.     7230.
   273.00      6842.      7224.    362840.   4900.89          0.        0.     7224.
   273.50      6843.      7218.    362825.   4900.89          0.        0.     7218.
   274.00      6845.      7212.    362810.   4900.88          0.        0.     7212.
   274.50      6847.      7206.    362795.   4900.88          0.        0.     7206.
   275.00      6849.      7200.    362780.   4900.88          0.        0.     7200.
   275.50      6851.      7194.    362765.   4900.88          0.        0.     7194.
   276.00      6853.      7188.    362750.   4900.88          0.        0.     7188.
   276.50      6855.      7181.    362735.   4900.87          0.        0.     7181.
   277.00      6857.      7177.    362723.   4900.87          0.        0.     7177.
   277.50      6858.      7172.    362711.   4900.87          0.        0.     7172.
   278.00      6860.      7167.    362699.   4900.87          0.        0.     7167.
   278.50      6862.      7162.    362687.   4900.86          0.        0.     7162.
   279.00      6864.      7157.    362675.   4900.86          0.        0.     7157.
   279.50      6866.      7152.    362663.   4900.86          0.        0.     7152.
   280.00      6868.      7147.    362651.   4900.86          0.        0.     7147.
   280.50      6869.      7142.    362639.   4900.86          0.        0.     7142.
   281.00      6871.      7137.    362627.   4900.85          0.        0.     7137.
   281.50      6873.      7133.    362615.   4900.85          0.        0.     7133.
   282.00      6874.      7128.    362603.   4900.85          0.        0.     7128.
   282.50      6876.      7124.    362594.   4900.85          0.        0.     7124.
   283.00      6877.      7120.    362585.   4900.85          0.        0.     7120.
   283.50      6878.      7117.    362576.   4900.85          0.        0.     7117.
   284.00      6880.      7113.    362567.   4900.85          0.        0.     7113.
   284.50      6881.      7109.    362558.   4900.84          0.        0.     7109.
   285.00      6882.      7106.    362549.   4900.84          0.        0.     7106.
   285.50      6883.      7102.    362540.   4900.84          0.        0.     7102.
   286.00      6883.      7098.    362531.   4900.84          0.        0.     7098.
   286.50      6884.      7095.    362522.   4900.84          0.        0.     7095.
   287.00      6885.      7091.    362513.   4900.84          0.        0.     7091.
   287.50      6885.      7087.    362504.   4900.83          0.        0.     7087.
   288.00      6885.      7084.    362495.   4900.83          0.        0.     7084.
   288.50      6885.      7080.    362486.   4900.83          0.        0.     7080.
   289.00      6885.      7076.    362477.   4900.83          0.        0.     7076.
   289.50      6884.      7073.    362468.   4900.83          0.        0.     7073.
   290.00      6883.      7069.    362459.   4900.83          0.        0.     7069.
   290.50      6881.      7065.    362450.   4900.83          0.        0.     7065.
   291.00      6879.      7062.    362441.   4900.82          0.        0.     7062.
   291.50      6876.      7058.    362432.   4900.82          0.        0.     7058.
   292.00      6873.      7056.    362426.   4900.82          0.        0.     7056.
   292.50      6870.      7052.    362417.   4900.82          0.        0.     7052.
   293.00      6866.      7048.    362408.   4900.82          0.        0.     7048.
   293.50      6862.      7045.    362399.   4900.82          0.        0.     7045.
   294.00      6857.      7041.    362390.   4900.82          0.        0.     7041.
   294.50      6852.      7037.    362380.   4900.81          0.        0.     7037.
   295.00      6847.      7034.    362371.   4900.81          0.        0.     7034.
   295.50      6842.      7030.    362362.   4900.81          0.        0.     7030.
   296.00      6836.      7026.    362353.   4900.81          0.        0.     7026.
   296.50      6830.      7023.    362344.   4900.81          0.        0.     7023.
   297.00      6824.      7019.    362335.   4900.81          0.        0.     7019.
   297.50      6817.      7015.    362326.   4900.81          0.        0.     7015.
   298.00      6811.      7012.    362317.   4900.80          0.        0.     7012.
   298.50      6804.      7008.    362308.   4900.80          0.        0.     7008.
   299.00      6797.      7004.    362299.   4900.80          0.        0.     7004.
   299.50      6790.      7001.    362290.   4900.80          0.        0.     7001.
   300.00      6783.      6997.    362281.   4900.80          0.        0.     6997.
   300.50      6776.      6993.    362272.   4900.80          0.        0.     6993.
   301.00      6769.      6990.    362263.   4900.80          0.        0.     6990.
   301.50      6761.      6986.    362254.   4900.79          0.        0.     6986.
   302.00      6754.      6982.    362245.   4900.79          0.        0.     6982.
   302.50      6747.      6979.    362236.   4900.79          0.        0.     6979.
   303.00      6739.      6975.    362227.   4900.79          0.        0.     6975.
   303.50      6732.      6971.    362218.   4900.79          0.        0.     6971.
   304.00      6725.      6968.    362209.   4900.79          0.        0.     6968.
   304.50      6718.      6964.    362200.   4900.79          0.        0.     6964.
   305.00      6711.      6960.    362191.   4900.78          0.        0.     6960.
   305.50      6704.      6957.    362182.   4900.78          0.        0.     6957.
   306.00      6697.      6953.    362173.   4900.78          0.        0.     6953.
   306.50      6690.      6948.    362161.   4900.78          0.        0.     6948.
   307.00      6684.      6943.    362149.   4900.78          0.        0.     6943.
   307.50      6678.      6938.    362137.   4900.78          0.        0.     6938.
   308.00      6672.      6934.    362125.   4900.77          0.        0.     6934.
   308.50      6666.      6929.    362113.   4900.77          0.        0.     6929.
   309.00      6660.      6924.    362101.   4900.77          0.        0.     6924.
   309.50      6655.      6919.    362089.   4900.77          0.        0.     6919.
   310.00      6650.      6914.    362077.   4900.77          0.        0.     6914.
   310.50      6645.      6909.    362065.   4900.76          0.        0.     6909.
   311.00      6641.      6904.    362053.   4900.76          0.        0.     6904.
   311.50      6637.      6899.    362041.   4900.76          0.        0.     6899.
   312.00      6633.      6895.    362029.   4900.76          0.        0.     6895.
   312.50      6630.      6890.    362017.   4900.76          0.        0.     6890.
   313.00      6627.      6885.    362005.   4900.75          0.        0.     6885.
   313.50      6624.      6880.    361993.   4900.75          0.        0.     6880.
   314.00      6621.      6875.    361981.   4900.75          0.        0.     6875.
   314.50      6619.      6871.    361972.   4900.75          0.        0.     6871.
   315.00      6616.      6868.    361963.   4900.75          0.        0.     6868.
   315.50      6614.      6864.    361954.   4900.75          0.        0.     6864.
   316.00      6611.      6860.    361945.   4900.74          0.        0.     6860.
   316.50      6609.      6857.    361936.   4900.74          0.        0.     6857.
   317.00      6607.      6853.    361927.   4900.74          0.        0.     6853.
   317.50      6604.      6849.    361918.   4900.74          0.        0.     6849.
   318.00      6602.      6846.    361909.   4900.74          0.        0.     6846.
   318.50      6600.      6842.    361900.   4900.74          0.        0.     6842.
   319.00      6598.      6838.    361891.   4900.74          0.        0.     6838.
   319.50      6596.      6835.    361882.   4900.73          0.        0.     6835.
   320.00      6594.      6831.    361873.   4900.73          0.        0.     6831.
   320.50      6593.      6827.    361864.   4900.73          0.        0.     6827.
   321.00      6591.      6824.    361855.   4900.73          0.        0.     6824.
   321.50      6589.      6820.    361846.   4900.73          0.        0.     6820.
   322.00      6587.      6816.    361837.   4900.73          0.        0.     6816.
   322.50      6586.      6813.    361828.   4900.73          0.        0.     6813.
   323.00      6584.      6809.    361819.   4900.72          0.        0.     6809.
   323.50      6582.      6805.    361810.   4900.72          0.        0.     6805.
   324.00      6580.      6802.    361801.   4900.72          0.        0.     6802.
   324.50      6579.      6798.    361792.   4900.72          0.        0.     6798.
   325.00      6577.      6794.    361783.   4900.72          0.        0.     6794.
   325.50      6575.      6791.    361774.   4900.72          0.        0.     6791.
   326.00      6574.      6787.    361765.   4900.71          0.        0.     6787.
   326.50      6572.      6783.    361756.   4900.71          0.        0.     6783.
   327.00      6570.      6780.    361747.   4900.71          0.        0.     6780.
   327.50      6569.      6776.    361738.   4900.71          0.        0.     6776.
   328.00      6567.      6772.    361729.   4900.71          0.        0.     6772.
   328.50      6565.      6769.    361720.   4900.71          0.        0.     6769.
   329.00      6563.      6765.    361711.   4900.71          0.        0.     6765.
   329.50      6561.      6761.    361702.   4900.70          0.        0.     6761.
   330.00      6559.      6758.    361693.   4900.70          0.        0.     6758.
   330.50      6557.      6754.    361684.   4900.70          0.        0.     6754.
   331.00      6555.      6750.    361675.   4900.70          0.        0.     6750.
   331.50      6553.      6747.    361666.   4900.70          0.        0.     6747.
   332.00      6551.      6743.    361657.   4900.70          0.        0.     6743.
   332.50      6549.      6740.    361648.   4900.70          0.        0.     6740.
   333.00      6546.      6736.    361639.   4900.69          0.        0.     6736.
   333.50      6544.      6732.    361630.   4900.69          0.        0.     6732.
   334.00      6542.      6729.    361621.   4900.69          0.        0.     6729.
   334.50      6539.      6725.    361612.   4900.69          0.        0.     6725.
   335.00      6536.      6721.    361603.   4900.69          0.        0.     6721.
   335.50      6534.      6718.    361594.   4900.69          0.        0.     6718.
   336.00      6531.      6714.    361585.   4900.69          0.        0.     6714.
   336.50      6528.      6710.    361576.   4900.68          0.        0.     6710.
   337.00      6525.      6708.    361570.   4900.68          0.        0.     6708.
   337.50      6521.      6704.    361561.   4900.68          0.        0.     6704.
   338.00      6518.      6700.    361552.   4900.68          0.        0.     6700.
   338.50      6514.      6697.    361543.   4900.68          0.        0.     6697.
   339.00      6511.      6693.    361534.   4900.68          0.        0.     6693.
   339.50      6507.      6689.    361525.   4900.68          0.        0.     6689.
   340.00      6503.      6686.    361516.   4900.67          0.        0.     6686.
   340.50      6499.      6682.    361507.   4900.67          0.        0.     6682.
   341.00      6495.      6678.    361498.   4900.67          0.        0.     6678.
   341.50      6491.      6675.    361489.   4900.67          0.        0.     6675.
   342.00      6486.      6671.    361480.   4900.67          0.        0.     6671.
   342.50      6482.      6667.    361471.   4900.67          0.        0.     6667.
   343.00      6477.      6664.    361462.   4900.67          0.        0.     6664.
   343.50      6473.      6660.    361453.   4900.66          0.        0.     6660.
   344.00      6468.      6656.    361444.   4900.66          0.        0.     6656.
   344.50      6463.      6653.    361435.   4900.66          0.        0.     6653.
   345.00      6458.      6649.    361426.   4900.66          0.        0.     6649.
   345.50      6453.      6646.    361417.   4900.66          0.        0.     6646.
   346.00      6448.      6642.    361408.   4900.66          0.        0.     6642.
   346.50      6443.      6638.    361399.   4900.66          0.        0.     6638.
   347.00      6437.      6635.    361390.   4900.65          0.        0.     6635.
   347.50      6432.      6631.    361381.   4900.65          0.        0.     6631.
   348.00      6427.      6627.    361372.   4900.65          0.        0.     6627.
   348.50      6421.      6624.    361363.   4900.65          0.        0.     6624.
   349.00      6415.      6620.    361354.   4900.65          0.        0.     6620.
   349.50      6410.      6616.    361345.   4900.65          0.        0.     6616.
   350.00      6404.      6613.    361336.   4900.65          0.        0.     6613.
   350.50      6398.      6609.    361327.   4900.64          0.        0.     6609.
   351.00      6392.      6605.    361318.   4900.64          0.        0.     6605.
   351.50      6386.      6602.    361309.   4900.64          0.        0.     6602.
   352.00      6380.      6598.    361300.   4900.64          0.        0.     6598.
   352.50      6374.      6594.    361291.   4900.64          0.        0.     6594.
   353.00      6368.      6591.    361282.   4900.64          0.        0.     6591.
   353.50      6362.      6587.    361273.   4900.63          0.        0.     6587.
   354.00      6356.      6583.    361263.   4900.63          0.        0.     6583.
   354.50      6350.      6580.    361254.   4900.63          0.        0.     6580.
   355.00      6343.      6576.    361245.   4900.63          0.        0.     6576.
   355.50      6337.      6572.    361236.   4900.63          0.        0.     6572.
   356.00      6331.      6569.    361227.   4900.63          0.        0.     6569.
   356.50      6324.      6565.    361218.   4900.63          0.        0.     6565.
   357.00      6318.      6561.    361209.   4900.62          0.        0.     6561.
   357.50      6311.      6558.    361200.   4900.62          0.        0.     6558.
   358.00      6305.      6554.    361191.   4900.62          0.        0.     6554.
   358.50      6298.      6550.    361182.   4900.62          0.        0.     6550.
   359.00      6292.      6547.    361173.   4900.62          0.        0.     6547.
   359.50      6285.      6542.    361161.   4900.62          0.        0.     6542.
   360.00      6279.      6537.    361149.   4900.61          0.        0.     6537.
1



      INFLOW DATA                           STORAGE DATA
      ***********                           ************
     TIME    INFLOW                     ELEVATION     STORAGE

     0.50      5527.                      4753.20          0.
     1.00      5557.                      4754.00          5.
     1.50      5587.                      4760.00        853.
     2.00      5617.                      4770.00       5056.
     2.50      5647.                      4780.00      11677.
     3.00      5677.                      4790.00      20701.
     3.50      5707.                      4800.00      32214.
     4.00      5737.                      4810.00      46676.
     4.50      5766.                      4820.00      64861.
     5.00      5796.                      4830.00      86629.
     5.50      5825.                      4840.00     112286.
     6.00      5855.                      4850.00     141401.
     6.50      5884.                      4860.00     174439.
     7.00      5913.                      4870.00     212059.
     7.50      5941.                      4880.00     254696.
     8.00      5970.                      4890.00     303066.
     8.50      5999.                      4900.00     357369.
     9.00      6027.                      4910.00     418864.
     9.50      6056.                      4920.00     488871.
    10.00      6084.                      4924.00     519654.
    10.50      6112.                      4924.50     523636.
    11.00      6140.                      4925.00     527626.
    11.50      6167.                      4925.50     531626.
    12.00      6195.                      4926.00     535626.
    12.50      6222.                      4930.00     569747.
    13.00      6249.                      4935.00     604527.
    13.50      6276.
    14.00      6303.
    14.50      6330.
    15.00      6357.
    15.50      6383.
    16.00      6409.
    16.50      6435.
    17.00      6461.
    17.50      6487.
    18.00      6512.
    18.50      6537.
    19.00      6562.
    19.50      6587.
    20.00      6612.
    20.50      6636.
    21.00      6661.
    21.50      6685.
    22.00      6708.
    22.50      6732.
    23.00      6755.
    23.50      6778.
    24.00      6801.
    24.50      6824.
    25.00      6846.
    25.50      6869.
    26.00      6890.
    26.50      6912.
    27.00      6934.
    27.50      6955.
    28.00      6976.
    28.50      6997.
    29.00      7017.
    29.50      7038.
    30.00      7058.
    30.50      7078.
    31.00      7098.
    31.50      7117.
    32.00      7137.
    32.50      7156.
    33.00      7175.
    33.50      7195.
    34.00      7214.
    34.50      7233.
    35.00      7251.
    35.50      7270.
    36.00      7289.
    36.50      7307.
    37.00      7326.
    37.50      7344.
    38.00      7363.
    38.50      7381.
    39.00      7399.
    39.50      7418.
    40.00      7436.
    40.50      7454.
    41.00      7473.
    41.50      7491.
    42.00      7509.
    42.50      7528.
    43.00      7546.
    43.50      7565.
    44.00      7583.
    44.50      7602.
    45.00      7620.
    45.50      7639.
    46.00      7658.
    46.50      7677.
    47.00      7696.
    47.50      7715.
    48.00      7734.
    48.50      7754.
    49.00      7773.
    49.50      7794.
    50.00      7815.
    50.50      7838.
    51.00      7860.
    51.50      7883.
    52.00      7907.
    52.50      7931.
    53.00      7956.
    53.50      7981.
    54.00      8006.
    54.50      8032.
    55.00      8058.
    55.50      8084.
    56.00      8110.
    56.50      8136.
    57.00      8162.
    57.50      8196.
    58.00      8259.
    58.50      8339.
    59.00      8428.
    59.50      8531.
    60.00      8711.
    60.50      9085.
    61.00      9688.
    61.50     10578.
    62.00     12377.
    62.50     19145.
    63.00     64201.
    63.50    101895.
    64.00    119444.
    64.50    132117.
    65.00    143414.
    65.50    154440.
    66.00    165371.
    66.50    175405.
    67.00    183929.
    67.50    191396.
    68.00    198638.
    68.50    206220.
    69.00    214038.
    69.50    221412.
    70.00    227738.
    70.50    232728.
    71.00    236384.
    71.50    238718.
    72.00    239689.
    72.50    239521.
    73.00    238695.
    73.50    237616.
    74.00    236395.
    74.50    234996.
    75.00    233422.
    75.50    231651.
    76.00    229484.
    76.50    226770.
    77.00    223568.
    77.50    220011.
    78.00    216488.
    78.50    212902.
    79.00    208660.
    79.50    203861.
    80.00    198721.
    80.50    193329.
    81.00    187682.
    81.50    181789.
    82.00    175762.
    82.50    169766.
    83.00    163802.
    83.50    157823.
    84.00    151801.
    84.50    145742.
    85.00    139677.
    85.50    133621.
    86.00    127630.
    86.50    121704.
    87.00    115888.
    87.50    110249.
    88.00    104868.
    88.50     99779.
    89.00     94963.
    89.50     90399.
    90.00     86103.
    90.50     82049.
    91.00     78216.
    91.50     74579.
    92.00     71160.
    92.50     67928.
    93.00     64612.
    93.50     61338.
    94.00     58108.
    94.50     55033.
    95.00     52172.
    95.50     49505.
    96.00     47014.
    96.50     44674.
    97.00     42539.
    97.50     40576.
    98.00     38770.
    98.50     37101.
    99.00     35500.
    99.50     34076.
   100.00     32692.
   100.50     31492.
   101.00     30277.
   101.50     29170.
   102.00     28165.
   102.50     27193.
   103.00     26282.
   103.50     25427.
   104.00     24683.
   104.50     23959.
   105.00     23261.
   105.50     22604.
   106.00     21997.
   106.50     21430.
   107.00     20926.
   107.50     20455.
   108.00     19985.
   108.50     19526.
   109.00     19082.
   109.50     18664.
   110.00     18271.
   110.50     17904.
   111.00     17573.
   111.50     17264.
   112.00     16955.
   112.50     16669.
   113.00     16408.
   113.50     16161.
   114.00     15910.
   114.50     15663.
   115.00     15421.
   115.50     15193.
   116.00     14994.
   116.50     14809.
   117.00     14629.
   117.50     14451.
   118.00     14287.
   118.50     14128.
   119.00     13971.
   119.50     13821.
   120.00     13683.
   120.50     13548.
   121.00     13413.
   121.50     13282.
   122.00     13161.
   122.50     13044.
   123.00     12927.
   123.50     12814.
   124.00     12707.
   124.50     12608.
   125.00     12511.
   125.50     12417.
   126.00     12323.
   126.50     12231.
   127.00     12144.
   127.50     12059.
   128.00     11978.
   128.50     11897.
   129.00      8502.
   129.50      8497.
   130.00      8492.
   130.50      8486.
   131.00      8480.
   131.50      8474.
   132.00      8469.
   132.50      8462.
   133.00      8456.
   133.50      8450.
   134.00      8444.
   134.50      8438.
   135.00      8431.
   135.50      8425.
   136.00      8418.
   136.50      8412.
   137.00      8406.
   137.50      8399.
   138.00      8393.
   138.50      8386.
   139.00      8380.
   139.50      8374.
   140.00      8367.
   140.50      8361.
   141.00      8355.
   141.50      8349.
   142.00      8343.
   142.50      8337.
   143.00      8332.
   143.50      8326.
   144.00      8321.
   144.50      8315.
   145.00      8310.
   145.50      8305.
   146.00      8300.
   146.50      8295.
   147.00      8290.
   147.50      8285.
   148.00      8280.
   148.50      8274.
   149.00      8269.
   149.50      8264.
   150.00      8259.
   150.50      8254.
   151.00      8249.
   151.50      8244.
   152.00      8239.
   152.50      8234.
   153.00      8229.
   153.50      8224.
   154.00      8219.
   154.50      8214.
   155.00      8209.
   155.50      8204.
   156.00      8199.
   156.50      8194.
   157.00      8189.
   157.50      8183.
   158.00      8178.
   158.50      8173.
   159.00      8168.
   159.50      8163.
   160.00      8157.
   160.50      8152.
   161.00      8147.
   161.50      8141.
   162.00      8136.
   162.50      8130.
   163.00      8125.
   163.50      8119.
   164.00      8113.
   164.50      8108.
   165.00      8102.
   165.50      8096.
   166.00      8090.
   166.50      8084.
   167.00      8078.
   167.50      8072.
   168.00      8066.
   168.50      8060.
   169.00      8054.
   169.50      8047.
   170.00      8040.
   170.50      8032.
   171.00      8024.
   171.50      8016.
   172.00      8008.
   172.50      7999.
   173.00      7990.
   173.50      7981.
   174.00      7972.
   174.50      7962.
   175.00      7953.
   175.50      7943.
   176.00      7933.
   176.50      7923.
   177.00      7913.
   177.50      7903.
   178.00      7893.
   178.50      7883.
   179.00      7873.
   179.50      7864.
   180.00      7854.
   180.50      7844.
   181.00      7834.
   181.50      7825.
   182.00      7816.
   182.50      7807.
   183.00      7798.
   183.50      7789.
   184.00      7781.
   184.50      7773.
   185.00      7765.
   185.50      7758.
   186.00      7751.
   186.50      7744.
   187.00      7738.
   187.50      7732.
   188.00      7727.
   188.50      7722.
   189.00      7718.
   189.50      7714.
   190.00      7710.
   190.50      7708.
   191.00      7705.
   191.50      7704.
   192.00      7703.
   192.50      7703.
   193.00      7703.
   193.50      7703.
   194.00      7703.
   194.50      7703.
   195.00      7703.
   195.50      7703.
   196.00      7703.
   196.50      7703.
   197.00      7703.
   197.50      7703.
   198.00      7703.
   198.50      7703.
   199.00      7703.
   199.50      7703.
   200.00      7703.
   200.50      7703.
   201.00      7703.
   201.50      7703.
   202.00      7703.
   202.50      7703.
   203.00      7703.
   203.50      7703.
   204.00      7703.
   204.50      7703.
   205.00      7703.
   205.50      7703.
   206.00      7703.
   206.50      7703.
   207.00      7703.
   207.50      7703.
   208.00      7703.
   208.50      7703.
   209.00      7703.
   209.50      7703.
   210.00      7703.
   210.50      7703.
   211.00      7703.
   211.50      7703.
   212.00      7703.
   212.50      7703.
   213.00      7703.
   213.50      7703.
   214.00      7703.
   214.50      7703.
   215.00      7703.
   215.50      7703.
   216.00      7703.
   216.50      7703.
   217.00      7702.
   217.50      7702.
   218.00      7700.
   218.50      7699.
   219.00      7697.
   219.50      7694.
   220.00      7692.
   220.50      7688.
   221.00      7685.
   221.50      7681.
   222.00      7677.
   222.50      7672.
   223.00      7667.
   223.50      7662.
   224.00      7656.
   224.50      7650.
   225.00      7644.
   225.50      7638.
   226.00      7631.
   226.50      7624.
   227.00      7617.
   227.50      7610.
   228.00      7603.
   228.50      7595.
   229.00      7587.
   229.50      7579.
   230.00      7571.
   230.50      7562.
   231.00      7554.
   231.50      7545.
   232.00      7537.
   232.50      7528.
   233.00      7519.
   233.50      7510.
   234.00      7501.
   234.50      7492.
   235.00      7483.
   235.50      7474.
   236.00      7465.
   236.50      7456.
   237.00      7447.
   237.50      7438.
   238.00      7429.
   238.50      7420.
   239.00      7412.
   239.50      7403.
   240.00      7394.
   240.50      7386.
   241.00      7377.
   241.50      7367.
   242.00      7357.
   242.50      7346.
   243.00      7335.
   243.50      7323.
   244.00      7310.
   244.50      7297.
   245.00      7284.
   245.50      7270.
   246.00      7256.
   246.50      7241.
   247.00      7226.
   247.50      7211.
   248.00      7196.
   248.50      7180.
   249.00      7164.
   249.50      7149.
   250.00      7133.
   250.50      7117.
   251.00      7101.
   251.50      7085.
   252.00      7070.
   252.50      7054.
   253.00      7039.
   253.50      7024.
   254.00      7009.
   254.50      6994.
   255.00      6980.
   255.50      6966.
   256.00      6953.
   256.50      6940.
   257.00      6927.
   257.50      6915.
   258.00      6904.
   258.50      6893.
   259.00      6883.
   259.50      6873.
   260.00      6864.
   260.50      6856.
   261.00      6849.
   261.50      6843.
   262.00      6837.
   262.50      6832.
   263.00      6829.
   263.50      6826.
   264.00      6825.
   264.50      6824.
   265.00      6824.
   265.50      6824.
   266.00      6825.
   266.50      6825.
   267.00      6826.
   267.50      6827.
   268.00      6828.
   268.50      6829.
   269.00      6830.
   269.50      6831.
   270.00      6832.
   270.50      6834.
   271.00      6835.
   271.50      6837.
   272.00      6838.
   272.50      6840.
   273.00      6842.
   273.50      6843.
   274.00      6845.
   274.50      6847.
   275.00      6849.
   275.50      6851.
   276.00      6853.
   276.50      6855.
   277.00      6857.
   277.50      6858.
   278.00      6860.
   278.50      6862.
   279.00      6864.
   279.50      6866.
   280.00      6868.
   280.50      6869.
   281.00      6871.
   281.50      6873.
   282.00      6874.
   282.50      6876.
   283.00      6877.
   283.50      6878.
   284.00      6880.
   284.50      6881.
   285.00      6882.
   285.50      6883.
   286.00      6883.
   286.50      6884.
   287.00      6885.
   287.50      6885.
   288.00      6885.
   288.50      6885.
   289.00      6885.
   289.50      6884.
   290.00      6883.
   290.50      6881.
   291.00      6879.
   291.50      6876.
   292.00      6873.
   292.50      6870.
   293.00      6866.
   293.50      6862.
   294.00      6857.
   294.50      6852.
   295.00      6847.
   295.50      6842.
   296.00      6836.
   296.50      6830.
   297.00      6824.
   297.50      6817.
   298.00      6811.
   298.50      6804.
   299.00      6797.
   299.50      6790.
   300.00      6783.
   300.50      6776.
   301.00      6769.
   301.50      6761.
   302.00      6754.
   302.50      6747.
   303.00      6739.
   303.50      6732.
   304.00      6725.
   304.50      6718.
   305.00      6711.
   305.50      6704.
   306.00      6697.
   306.50      6690.
   307.00      6684.
   307.50      6678.
   308.00      6672.
   308.50      6666.
   309.00      6660.
   309.50      6655.
   310.00      6650.
   310.50      6645.
   311.00      6641.
   311.50      6637.
   312.00      6633.
   312.50      6630.
   313.00      6627.
   313.50      6624.
   314.00      6621.
   314.50      6619.
   315.00      6616.
   315.50      6614.
   316.00      6611.
   316.50      6609.
   317.00      6607.
   317.50      6604.
   318.00      6602.
   318.50      6600.
   319.00      6598.
   319.50      6596.
   320.00      6594.
   320.50      6593.
   321.00      6591.
   321.50      6589.
   322.00      6587.
   322.50      6586.
   323.00      6584.
   323.50      6582.
   324.00      6580.
   324.50      6579.
   325.00      6577.
   325.50      6575.
   326.00      6574.
   326.50      6572.
   327.00      6570.
   327.50      6569.
   328.00      6567.
   328.50      6565.
   329.00      6563.
   329.50      6561.
   330.00      6559.
   330.50      6557.
   331.00      6555.
   331.50      6553.
   332.00      6551.
   332.50      6549.
   333.00      6546.
   333.50      6544.
   334.00      6542.
   334.50      6539.
   335.00      6536.
   335.50      6534.
   336.00      6531.
   336.50      6528.
   337.00      6525.
   337.50      6521.
   338.00      6518.
   338.50      6514.
   339.00      6511.
   339.50      6507.
   340.00      6503.
   340.50      6499.
   341.00      6495.
   341.50      6491.
   342.00      6486.
   342.50      6482.
   343.00      6477.
   343.50      6473.
   344.00      6468.
   344.50      6463.
   345.00      6458.
   345.50      6453.
   346.00      6448.
   346.50      6443.
   347.00      6437.
   347.50      6432.
   348.00      6427.
   348.50      6421.
   349.00      6415.
   349.50      6410.
   350.00      6404.
   350.50      6398.
   351.00      6392.
   351.50      6386.
   352.00      6380.
   352.50      6374.
   353.00      6368.
   353.50      6362.
   354.00      6356.
   354.50      6350.
   355.00      6343.
   355.50      6337.
   356.00      6331.
   356.50      6324.
   357.00      6318.
   357.50      6311.
   358.00      6305.
   358.50      6298.
   359.00      6292.
   359.50      6285.
   360.00      6279.
1


  DISCHARGE VS ELEVATION
  **********************
  ELEVATION  DISCHARGE

    4880.49      5000.
    4890.00      5000.
    4898.70      5000.
    4900.00      5000.
    4902.00     10000.
    4904.00     22500.
    4906.00     37500.
    4908.00     56000.
    4910.00     77000.
    4912.00    100000.
    4914.00    125000.
    4916.00    153000.
    4920.00    212000.
    4924.00    270000.
    4928.00    328000.
    4930.00    357000.
    4935.00    429500.