
                     UNITED STATES BUREAU OF RECLAMATION
                       ENGINEERING AND RESEARCH CENTER

                            FLOOD ROUTING FOR DAMS
                            ----------------------

      FEATURE: Pueblo Dam                               DATE    **/ 1/  26
      FLOOD: TREX Test Run & PMF snow                   TIME    **:**:03.**
      TITLE: Full TREX Routing             
      DATA FILE: fs12-3sn.in                                                    

      FLOOD ROUTING SUMMARY
      *********************

         BEGINNING HOUR OF ROUTING.......................      0.50
         ENDING HOUR OF ROUTING..........................    360.00
         INITIAL RESERVOIR ELEVATION.....................   4880.49 FT
         MINIMUM OR NORMAL POOL ELEV.....................   4880.49 FT
         MAXIMUM RESERVOIR ELEVATION.....   4904.60 AT HOUR   93.00
         INFLOW PEAK DISCHARGE...........    87295. AT HOUR   72.00
         MAXIMUM TOTAL OUTFLOW...........    26993. AT HOUR   93.00
         ELEVATION TOLERANCE.............................    0.0100 FT
         INFLOW HYDROGRAPH ADJUSTMENT FACTOR.............      1.00
         IPC OPTIONS (1 TO 10)...........................3100100021

      WATERWAY PARAMETERS
      *******************

         WATERWAY NO. 1 - Top of Dam                    

         TYPE-BROAD OR SHARP CRESTED WEIR
         CONSTANT DISCHARGE COEFFICIENT..................      2.67
         CREST ELEVATION.................................   4925.25 FT
         CREST LENGTH....................................   1200.50 FT
         MAXIMUM DISCHARGE...............        0. AT HOUR    0.50

         WATERWAY NO. 2 - Embankment "wings"            

         TYPE-BROAD OR SHARP CRESTED WEIR
         CONSTANT DISCHARGE COEFFICIENT..................      2.62
         CREST ELEVATION.................................   4925.00 FT
         CREST LENGTH....................................   8480.00 FT
         MAXIMUM DISCHARGE...............        0. AT HOUR    0.50
1

                     ROUTING RESULTS                          DISCHARGE RESULTS
                     ***************                          *****************

    TIME     INFLOW    OUTFLOW    STORAGE   ELEVATION        WATERWAY         RATING
                                                           1         2        CURVE

     0.50      5527.      5000.    257067.   4880.49          0.        0.     5000.
     1.00      5557.      5000.    257089.   4880.49          0.        0.     5000.
     1.50      5587.      5000.    257112.   4880.50          0.        0.     5000.
     2.00      5617.      5000.    257138.   4880.50          0.        0.     5000.
     2.50      5647.      5000.    257164.   4880.51          0.        0.     5000.
     3.00      5677.      5000.    257192.   4880.52          0.        0.     5000.
     3.50      5707.      5000.    257221.   4880.52          0.        0.     5000.
     4.00      5737.      5000.    257251.   4880.53          0.        0.     5000.
     4.50      5766.      5000.    257282.   4880.53          0.        0.     5000.
     5.00      5796.      5000.    257315.   4880.54          0.        0.     5000.
     5.50      5825.      5000.    257348.   4880.55          0.        0.     5000.
     6.00      5855.      5000.    257384.   4880.56          0.        0.     5000.
     6.50      5884.      5000.    257419.   4880.56          0.        0.     5000.
     7.00      5913.      5000.    257457.   4880.57          0.        0.     5000.
     7.50      5941.      5000.    257495.   4880.58          0.        0.     5000.
     8.00      5970.      5000.    257535.   4880.59          0.        0.     5000.
     8.50      5999.      5000.    257575.   4880.60          0.        0.     5000.
     9.00      6027.      5000.    257618.   4880.60          0.        0.     5000.
     9.50      6056.      5000.    257660.   4880.61          0.        0.     5000.
    10.00      6084.      5000.    257705.   4880.62          0.        0.     5000.
    10.50      6112.      5000.    257750.   4880.63          0.        0.     5000.
    11.00      6140.      5000.    257797.   4880.64          0.        0.     5000.
    11.50      6167.      5000.    257844.   4880.65          0.        0.     5000.
    12.00      6195.      5000.    257894.   4880.66          0.        0.     5000.
    12.50      6222.      5000.    257944.   4880.67          0.        0.     5000.
    13.00      6249.      5000.    257995.   4880.68          0.        0.     5000.
    13.50      6276.      5000.    258047.   4880.69          0.        0.     5000.
    14.00      6303.      5000.    258102.   4880.70          0.        0.     5000.
    14.50      6330.      5000.    258156.   4880.72          0.        0.     5000.
    15.00      6357.      5000.    258213.   4880.73          0.        0.     5000.
    15.50      6383.      5000.    258269.   4880.74          0.        0.     5000.
    16.00      6409.      5000.    258326.   4880.75          0.        0.     5000.
    16.50      6435.      5000.    258385.   4880.76          0.        0.     5000.
    17.00      6461.      5000.    258444.   4880.77          0.        0.     5000.
    17.50      6487.      5000.    258506.   4880.79          0.        0.     5000.
    18.00      6512.      5000.    258567.   4880.80          0.        0.     5000.
    18.50      6537.      5000.    258631.   4880.81          0.        0.     5000.
    19.00      6562.      5000.    258695.   4880.83          0.        0.     5000.
    19.50      6587.      5000.    258761.   4880.84          0.        0.     5000.
    20.00      6612.      5000.    258827.   4880.85          0.        0.     5000.
    20.50      6636.      5000.    258893.   4880.87          0.        0.     5000.
    21.00      6661.      5000.    258961.   4880.88          0.        0.     5000.
    21.50      6685.      5000.    259030.   4880.90          0.        0.     5000.
    22.00      6708.      5000.    259101.   4880.91          0.        0.     5000.
    22.50      6732.      5000.    259172.   4880.93          0.        0.     5000.
    23.00      6755.      5000.    259245.   4880.94          0.        0.     5000.
    23.50      6778.      5000.    259318.   4880.96          0.        0.     5000.
    24.00      6801.      5000.    259391.   4880.97          0.        0.     5000.
    24.50      6824.      5000.    259467.   4880.99          0.        0.     5000.
    25.00      6846.      5000.    259542.   4881.00          0.        0.     5000.
    25.50      6869.      5000.    259618.   4881.02          0.        0.     5000.
    26.00      6890.      5000.    259696.   4881.03          0.        0.     5000.
    26.50      6912.      5000.    259774.   4881.05          0.        0.     5000.
    27.00      6934.      5000.    259854.   4881.07          0.        0.     5000.
    27.50      6955.      5000.    259935.   4881.08          0.        0.     5000.
    28.00      6976.      5000.    260015.   4881.10          0.        0.     5000.
    28.50      6997.      5000.    260097.   4881.12          0.        0.     5000.
    29.00      7017.      5000.    260180.   4881.13          0.        0.     5000.
    29.50      7038.      5000.    260263.   4881.15          0.        0.     5000.
    30.00      7058.      5000.    260348.   4881.17          0.        0.     5000.
    30.50      7078.      5000.    260433.   4881.19          0.        0.     5000.
    31.00      7098.      5000.    260520.   4881.20          0.        0.     5000.
    31.50      7117.      5000.    260608.   4881.22          0.        0.     5000.
    32.00      7137.      5000.    260695.   4881.24          0.        0.     5000.
    32.50      7156.      5000.    260785.   4881.26          0.        0.     5000.
    33.00      7175.      5000.    260875.   4881.28          0.        0.     5000.
    33.50      7195.      5000.    260964.   4881.30          0.        0.     5000.
    34.00      7214.      5000.    261056.   4881.31          0.        0.     5000.
    34.50      7233.      5000.    261148.   4881.33          0.        0.     5000.
    35.00      7251.      5000.    261241.   4881.35          0.        0.     5000.
    35.50      7270.      5000.    261335.   4881.37          0.        0.     5000.
    36.00      7289.      5000.    261430.   4881.39          0.        0.     5000.
    36.50      7307.      5000.    261524.   4881.41          0.        0.     5000.
    37.00      7326.      5000.    261621.   4881.43          0.        0.     5000.
    37.50      7344.      5000.    261718.   4881.45          0.        0.     5000.
    38.00      7363.      5000.    261815.   4881.47          0.        0.     5000.
    38.50      7381.      5000.    261914.   4881.49          0.        0.     5000.
    39.00      7399.      5000.    262013.   4881.51          0.        0.     5000.
    39.50      7418.      5000.    262112.   4881.53          0.        0.     5000.
    40.00      7436.      5000.    262211.   4881.55          0.        0.     5000.
    40.50      7454.      5000.    262313.   4881.57          0.        0.     5000.
    41.00      7473.      5000.    262414.   4881.60          0.        0.     5000.
    41.50      7491.      5000.    262516.   4881.62          0.        0.     5000.
    42.00      7509.      5000.    262620.   4881.64          0.        0.     5000.
    42.50      7528.      5000.    262724.   4881.66          0.        0.     5000.
    43.00      7546.      5000.    262828.   4881.68          0.        0.     5000.
    43.50      7565.      5000.    262934.   4881.70          0.        0.     5000.
    44.00      7583.      5000.    263040.   4881.73          0.        0.     5000.
    44.50      7602.      5000.    263147.   4881.75          0.        0.     5000.
    45.00      7620.      5000.    263255.   4881.77          0.        0.     5000.
    45.50      7639.      5000.    263364.   4881.79          0.        0.     5000.
    46.00      7658.      5000.    263473.   4881.81          0.        0.     5000.
    46.50      7677.      5000.    263584.   4881.84          0.        0.     5000.
    47.00      7696.      5000.    263695.   4881.86          0.        0.     5000.
    47.50      7715.      5000.    263806.   4881.88          0.        0.     5000.
    48.00      7734.      5000.    263919.   4881.91          0.        0.     5000.
    48.50      7754.      5000.    264032.   4881.93          0.        0.     5000.
    49.00      7773.      5000.    264146.   4881.95          0.        0.     5000.
    49.50      7794.      5000.    264261.   4881.98          0.        0.     5000.
    50.00      7815.      5000.    264377.   4882.00          0.        0.     5000.
    50.50      7838.      5000.    264493.   4882.03          0.        0.     5000.
    51.00      7860.      5000.    264611.   4882.05          0.        0.     5000.
    51.50      7883.      5000.    264729.   4882.07          0.        0.     5000.
    52.00      7907.      5000.    264849.   4882.10          0.        0.     5000.
    52.50      7931.      5000.    264970.   4882.12          0.        0.     5000.
    53.00      7956.      5000.    265090.   4882.15          0.        0.     5000.
    53.50      7981.      5000.    265213.   4882.17          0.        0.     5000.
    54.00      8006.      5000.    265336.   4882.20          0.        0.     5000.
    54.50      8032.      5000.    265461.   4882.23          0.        0.     5000.
    55.00      8058.      5000.    265586.   4882.25          0.        0.     5000.
    55.50      8084.      5000.    265714.   4882.28          0.        0.     5000.
    56.00      8110.      5000.    265841.   4882.30          0.        0.     5000.
    56.50      8136.      5000.    265971.   4882.33          0.        0.     5000.
    57.00      8162.      5000.    266101.   4882.36          0.        0.     5000.
    57.50      8193.      5000.    266233.   4882.39          0.        0.     5000.
    58.00      8221.      5000.    266366.   4882.41          0.        0.     5000.
    58.50      8248.      5000.    266500.   4882.44          0.        0.     5000.
    59.00      8282.      5000.    266635.   4882.47          0.        0.     5000.
    59.50      8324.      5000.    266772.   4882.50          0.        0.     5000.
    60.00      8368.      5000.    266911.   4882.53          0.        0.     5000.
    60.50      8415.      5000.    267051.   4882.55          0.        0.     5000.
    61.00      8469.      5000.    267192.   4882.58          0.        0.     5000.
    61.50      8537.      5000.    267336.   4882.61          0.        0.     5000.
    62.00      8646.      5000.    267485.   4882.64          0.        0.     5000.
    62.50      8816.      5000.    267639.   4882.68          0.        0.     5000.
    63.00      9049.      5000.    267802.   4882.71          0.        0.     5000.
    63.50      9330.      5000.    267974.   4882.75          0.        0.     5000.
    64.00      9699.      5000.    268161.   4882.78          0.        0.     5000.
    64.50     10315.      5000.    268369.   4882.83          0.        0.     5000.
    65.00     11547.      5000.    268614.   4882.88          0.        0.     5000.
    65.50     14112.      5000.    268938.   4882.94          0.        0.     5000.
    66.00     30821.      5000.    269660.   4883.09          0.        0.     5000.
    66.50     55782.      5000.    271243.   4883.42          0.        0.     5000.
    67.00     63491.      5000.    273501.   4883.89          0.        0.     5000.
    67.50     68133.      5000.    276014.   4884.41          0.        0.     5000.
    68.00     71972.      5000.    278702.   4884.96          0.        0.     5000.
    68.50     75266.      5000.    281538.   4885.55          0.        0.     5000.
    69.00     78200.      5000.    284502.   4886.16          0.        0.     5000.
    69.50     80798.      5000.    287580.   4886.80          0.        0.     5000.
    70.00     82980.      5000.    290756.   4887.46          0.        0.     5000.
    70.50     84722.      5000.    294016.   4888.13          0.        0.     5000.
    71.00     86020.      5000.    297336.   4888.82          0.        0.     5000.
    71.50     86914.      5000.    300702.   4889.51          0.        0.     5000.
    72.00     87295.      5000.    304095.   4890.19          0.        0.     5000.
    72.50     87099.      5000.    307491.   4890.81          0.        0.     5000.
    73.00     86471.      5000.    310872.   4891.44          0.        0.     5000.
    73.50     85607.      5000.    314221.   4892.05          0.        0.     5000.
    74.00     84689.      5000.    317533.   4892.66          0.        0.     5000.
    74.50     83824.      5000.    320807.   4893.27          0.        0.     5000.
    75.00     83095.      5000.    324050.   4893.86          0.        0.     5000.
    75.50     82522.      5000.    327266.   4894.46          0.        0.     5000.
    76.00     82040.      5000.    330459.   4895.04          0.        0.     5000.
    76.50     81561.      5000.    333633.   4895.63          0.        0.     5000.
    77.00     80988.      5000.    336785.   4896.21          0.        0.     5000.
    77.50     80242.      5000.    339909.   4896.78          0.        0.     5000.
    78.00     79274.      5000.    342998.   4897.35          0.        0.     5000.
    78.50     78089.      5000.    346042.   4897.91          0.        0.     5000.
    79.00     76702.      5000.    349033.   4898.46          0.        0.     5000.
    79.50     75134.      5000.    351963.   4899.00          0.        0.     5000.
    80.00     73407.      5000.    354826.   4899.53          0.        0.     5000.
    80.50     71540.      5099.    357612.   4900.04          0.        0.     5099.
    81.00     69534.      6189.    360294.   4900.48          0.        0.     6189.
    81.50     67428.      7227.    362846.   4900.89          0.        0.     7227.
    82.00     65220.      8212.    365269.   4901.28          0.        0.     8212.
    82.50     62946.      9142.    367557.   4901.66          0.        0.     9142.
    83.00     60647.     10049.    369716.   4902.01          0.        0.    10049.
    83.50     58369.     12084.    371719.   4902.33          0.        0.    12084.
    84.00     56099.     13943.    373547.   4902.63          0.        0.    13943.
    84.50     53851.     15630.    375208.   4902.90          0.        0.    15630.
    85.00     51646.     17156.    376709.   4903.15          0.        0.    17156.
    85.50     49472.     18530.    378061.   4903.36          0.        0.    18530.
    86.00     47350.     19760.    379271.   4903.56          0.        0.    19760.
    86.50     45323.     20852.    380346.   4903.74          0.        0.    20852.
    87.00     43339.     21816.    381294.   4903.89          0.        0.    21816.
    87.50     41426.     22694.    382126.   4904.03          0.        0.    22694.
    88.00     39707.     23573.    382847.   4904.14          0.        0.    23573.
    88.50     38053.     24324.    383462.   4904.24          0.        0.    24324.
    89.00     36453.     24961.    383985.   4904.33          0.        0.    24961.
    89.50     34992.     25488.    384417.   4904.40          0.        0.    25488.
    90.00     33643.     25924.    384775.   4904.46          0.        0.    25924.
    90.50     32395.     26272.    385060.   4904.50          0.        0.    26272.
    91.00     31223.     26543.    385282.   4904.54          0.        0.    26543.
    91.50     30052.     26744.    385447.   4904.57          0.        0.    26744.
    92.00     29025.     26884.    385561.   4904.58          0.        0.    26884.
    92.50     28027.     26964.    385627.   4904.60          0.        0.    26964.
    93.00     27032.     26993.    385651.   4904.60          0.        0.    26993.
    93.50     26100.     26971.    385633.   4904.60          0.        0.    26971.
    94.00     25216.     26906.    385579.   4904.59          0.        0.    26906.
    94.50     24473.     26803.    385495.   4904.57          0.        0.    26803.
    95.00     23703.     26671.    385387.   4904.56          0.        0.    26671.
    95.50     22947.     26506.    385252.   4904.53          0.        0.    26506.
    96.00     22223.     26312.    385093.   4904.51          0.        0.    26312.
    96.50     21580.     26096.    384916.   4904.48          0.        0.    26096.
    97.00     20990.     25858.    384720.   4904.45          0.        0.    25858.
    97.50     20412.     25605.    384513.   4904.41          0.        0.    25605.
    98.00     19851.     25338.    384294.   4904.38          0.        0.    25338.
    98.50     19314.     25056.    384063.   4904.34          0.        0.    25056.
    99.00     18805.     24760.    383820.   4904.30          0.        0.    24760.
    99.50     18328.     24456.    383570.   4904.26          0.        0.    24456.
   100.00     17893.     24144.    383315.   4904.22          0.        0.    24144.
   100.50     17496.     23826.    383054.   4904.18          0.        0.    23826.
   101.00     17113.     23503.    382790.   4904.13          0.        0.    23503.
   101.50     16753.     23181.    382526.   4904.09          0.        0.    23181.
   102.00     16447.     22859.    382261.   4904.05          0.        0.    22859.
   102.50     16153.     22537.    381997.   4904.00          0.        0.    22537.
   103.00     15853.     22262.    381733.   4903.96          0.        0.    22262.
   103.50     15558.     21993.    381469.   4903.92          0.        0.    21993.
   104.00     15291.     21722.    381201.   4903.88          0.        0.    21722.
   104.50     15056.     21453.    380937.   4903.83          0.        0.    21453.
   105.00     14836.     21185.    380673.   4903.79          0.        0.    21185.
   105.50     14617.     20919.    380412.   4903.75          0.        0.    20919.
   106.00     14408.     20657.    380153.   4903.71          0.        0.    20657.
   106.50     14223.     20397.    379898.   4903.66          0.        0.    20397.
   107.00     14034.     20141.    379646.   4903.62          0.        0.    20141.
   107.50     13851.     19885.    379394.   4903.58          0.        0.    19885.
   108.00     13683.     19634.    379147.   4903.54          0.        0.    19634.
   108.50     13524.     19387.    378904.   4903.50          0.        0.    19387.
   109.00     13369.     19143.    378664.   4903.46          0.        0.    19143.
   109.50     13224.     18902.    378427.   4903.42          0.        0.    18902.
   110.00     13088.     18667.    378196.   4903.39          0.        0.    18667.
   110.50     12954.     18435.    377967.   4903.35          0.        0.    18435.
   111.00     12825.     18206.    377742.   4903.31          0.        0.    18206.
   111.50     12705.     17983.    377523.   4903.28          0.        0.    17983.
   112.00     12593.     17764.    377307.   4903.24          0.        0.    17764.
   112.50     12484.     17550.    377097.   4903.21          0.        0.    17550.
   113.00     12379.     17339.    376889.   4903.17          0.        0.    17339.
   113.50     12278.     17132.    376685.   4903.14          0.        0.    17132.
   114.00     12181.     16931.    376487.   4903.11          0.        0.    16931.
   114.50     12089.     16732.    376292.   4903.08          0.        0.    16732.
   115.00     11999.     16540.    376103.   4903.05          0.        0.    16540.
   115.50     11914.     16351.    375917.   4903.02          0.        0.    16351.
   116.00     11830.     16168.    375736.   4902.99          0.        0.    16168.
   116.50     11750.     15988.    375559.   4902.96          0.        0.    15988.
   117.00     11673.     15811.    375385.   4902.93          0.        0.    15811.
   117.50     11601.     15640.    375217.   4902.90          0.        0.    15640.
   118.00     11530.     15472.    375052.   4902.88          0.        0.    15472.
   118.50     11462.     15307.    374890.   4902.85          0.        0.    15307.
   119.00     11397.     15148.    374734.   4902.82          0.        0.    15148.
   119.50     11335.     14993.    374580.   4902.80          0.        0.    14993.
   120.00     11274.     14840.    374430.   4902.77          0.        0.    14840.
   120.50     11216.     14694.    374286.   4902.75          0.        0.    14694.
   121.00     11160.     14550.    374145.   4902.73          0.        0.    14550.
   121.50     11106.     14410.    374007.   4902.71          0.        0.    14410.
   122.00     11053.     14272.    373872.   4902.68          0.        0.    14272.
   122.50     11001.     14138.    373740.   4902.66          0.        0.    14138.
   123.00     10951.     14007.    373611.   4902.64          0.        0.    14007.
   123.50     10901.     13879.    373484.   4902.62          0.        0.    13879.
   124.00     10854.     13757.    373364.   4902.60          0.        0.    13757.
   124.50     10807.     13638.    373247.   4902.58          0.        0.    13638.
   125.00     10761.     13522.    373133.   4902.56          0.        0.    13522.
   125.50     10717.     13406.    373019.   4902.54          0.        0.    13406.
   126.00     10673.     13293.    372908.   4902.53          0.        0.    13293.
   126.50     10629.     13183.    372800.   4902.51          0.        0.    13183.
   127.00     10587.     13076.    372695.   4902.49          0.        0.    13076.
   127.50     10545.     12972.    372593.   4902.48          0.        0.    12972.
   128.00     10505.     12872.    372494.   4902.46          0.        0.    12872.
   128.50     10466.     12774.    372397.   4902.44          0.        0.    12774.
   129.00      8502.     12640.    372265.   4902.42          0.        0.    12640.
   129.50      8497.     12469.    372097.   4902.40          0.        0.    12469.
   130.00      8492.     12304.    371935.   4902.37          0.        0.    12304.
   130.50      8486.     12148.    371782.   4902.34          0.        0.    12148.
   131.00      8480.     11999.    371635.   4902.32          0.        0.    11999.
   131.50      8474.     11855.    371494.   4902.30          0.        0.    11855.
   132.00      8469.     11715.    371356.   4902.27          0.        0.    11715.
   132.50      8462.     11581.    371223.   4902.25          0.        0.    11581.
   133.00      8456.     11453.    371097.   4902.23          0.        0.    11453.
   133.50      8450.     11331.    370977.   4902.21          0.        0.    11331.
   134.00      8444.     11212.    370860.   4902.19          0.        0.    11212.
   134.50      8438.     11099.    370749.   4902.18          0.        0.    11099.
   135.00      8431.     10989.    370641.   4902.16          0.        0.    10989.
   135.50      8425.     10882.    370536.   4902.14          0.        0.    10882.
   136.00      8418.     10781.    370437.   4902.13          0.        0.    10781.
   136.50      8412.     10684.    370341.   4902.11          0.        0.    10684.
   137.00      8406.     10589.    370248.   4902.09          0.        0.    10589.
   137.50      8399.     10500.    370160.   4902.08          0.        0.    10500.
   138.00      8393.     10415.    370076.   4902.07          0.        0.    10415.
   138.50      8386.     10333.    369995.   4902.05          0.        0.    10333.
   139.00      8380.     10253.    369917.   4902.04          0.        0.    10253.
   139.50      8374.     10177.    369842.   4902.03          0.        0.    10177.
   140.00      8367.     10104.    369770.   4902.02          0.        0.    10104.
   140.50      8361.     10034.    369701.   4902.01          0.        0.    10034.
   141.00      8355.      9985.    369632.   4901.99          0.        0.     9985.
   141.50      8349.      9958.    369566.   4901.98          0.        0.     9958.
   142.00      8343.      9932.    369500.   4901.97          0.        0.     9932.
   142.50      8337.      9905.    369434.   4901.96          0.        0.     9905.
   143.00      8332.      9879.    369371.   4901.95          0.        0.     9879.
   143.50      8326.      9854.    369308.   4901.94          0.        0.     9854.
   144.00      8321.      9828.    369245.   4901.93          0.        0.     9828.
   144.50      8315.      9802.    369182.   4901.92          0.        0.     9802.
   145.00      8310.      9778.    369122.   4901.91          0.        0.     9778.
   145.50      8305.      9753.    369061.   4901.90          0.        0.     9753.
   146.00      8300.      9729.    369001.   4901.89          0.        0.     9729.
   146.50      8295.      9705.    368941.   4901.88          0.        0.     9705.
   147.00      8290.      9681.    368884.   4901.87          0.        0.     9681.
   147.50      8285.      9658.    368827.   4901.86          0.        0.     9658.
   148.00      8280.      9635.    368770.   4901.85          0.        0.     9635.
   148.50      8274.      9612.    368713.   4901.84          0.        0.     9612.
   149.00      8269.      9590.    368659.   4901.84          0.        0.     9590.
   149.50      8264.      9568.    368605.   4901.83          0.        0.     9568.
   150.00      8259.      9546.    368551.   4901.82          0.        0.     9546.
   150.50      8254.      9524.    368497.   4901.81          0.        0.     9524.
   151.00      8249.      9503.    368446.   4901.80          0.        0.     9503.
   151.50      8244.      9482.    368395.   4901.79          0.        0.     9482.
   152.00      8239.      9462.    368344.   4901.78          0.        0.     9462.
   152.50      8234.      9441.    368293.   4901.78          0.        0.     9441.
   153.00      8229.      9420.    368242.   4901.77          0.        0.     9420.
   153.50      8224.      9401.    368194.   4901.76          0.        0.     9401.
   154.00      8219.      9381.    368146.   4901.75          0.        0.     9381.
   154.50      8214.      9362.    368098.   4901.74          0.        0.     9362.
   155.00      8209.      9342.    368050.   4901.74          0.        0.     9342.
   155.50      8204.      9324.    368005.   4901.73          0.        0.     9324.
   156.00      8199.      9305.    367959.   4901.72          0.        0.     9305.
   156.50      8194.      9287.    367914.   4901.71          0.        0.     9287.
   157.00      8189.      9269.    367869.   4901.71          0.        0.     9269.
   157.50      8183.      9250.    367824.   4901.70          0.        0.     9250.
   158.00      8178.      9232.    367779.   4901.69          0.        0.     9232.
   158.50      8173.      9215.    367737.   4901.69          0.        0.     9215.
   159.00      8168.      9198.    367695.   4901.68          0.        0.     9198.
   159.50      8163.      9181.    367653.   4901.67          0.        0.     9181.
   160.00      8157.      9164.    367611.   4901.67          0.        0.     9164.
   160.50      8152.      9147.    367569.   4901.66          0.        0.     9147.
   161.00      8147.      9130.    367527.   4901.65          0.        0.     9130.
   161.50      8141.      9114.    367488.   4901.65          0.        0.     9114.
   162.00      8136.      9098.    367449.   4901.64          0.        0.     9098.
   162.50      8130.      9082.    367410.   4901.63          0.        0.     9082.
   163.00      8125.      9066.    367371.   4901.63          0.        0.     9066.
   163.50      8119.      9050.    367332.   4901.62          0.        0.     9050.
   164.00      8113.      9034.    367293.   4901.61          0.        0.     9034.
   164.50      8108.      9019.    367254.   4901.61          0.        0.     9019.
   165.00      8102.      9004.    367218.   4901.60          0.        0.     9004.
   165.50      8096.      8989.    367182.   4901.60          0.        0.     8989.
   166.00      8090.      8975.    367146.   4901.59          0.        0.     8975.
   166.50      8084.      8960.    367110.   4901.58          0.        0.     8960.
   167.00      8078.      8945.    367074.   4901.58          0.        0.     8945.
   167.50      8072.      8931.    367038.   4901.57          0.        0.     8931.
   168.00      8066.      8916.    367002.   4901.57          0.        0.     8916.
   168.50      8060.      8901.    366966.   4901.56          0.        0.     8901.
   169.00      8054.      8887.    366930.   4901.55          0.        0.     8887.
   169.50      8047.      8873.    366897.   4901.55          0.        0.     8873.
   170.00      8040.      8860.    366864.   4901.54          0.        0.     8860.
   170.50      8032.      8846.    366830.   4901.54          0.        0.     8846.
   171.00      8024.      8833.    366797.   4901.53          0.        0.     8833.
   171.50      8016.      8820.    366764.   4901.53          0.        0.     8820.
   172.00      8008.      8806.    366731.   4901.52          0.        0.     8806.
   172.50      7999.      8793.    366698.   4901.52          0.        0.     8793.
   173.00      7990.      8779.    366665.   4901.51          0.        0.     8779.
   173.50      7981.      8766.    366632.   4901.51          0.        0.     8766.
   174.00      7972.      8752.    366599.   4901.50          0.        0.     8752.
   174.50      7962.      8739.    366566.   4901.50          0.        0.     8739.
   175.00      7953.      8726.    366533.   4901.49          0.        0.     8726.
   175.50      7943.      8712.    366500.   4901.48          0.        0.     8712.
   176.00      7933.      8699.    366467.   4901.48          0.        0.     8699.
   176.50      7923.      8685.    366434.   4901.47          0.        0.     8685.
   177.00      7913.      8673.    366404.   4901.47          0.        0.     8673.
   177.50      7903.      8661.    366374.   4901.46          0.        0.     8661.
   178.00      7893.      8649.    366344.   4901.46          0.        0.     8649.
   178.50      7883.      8636.    366314.   4901.45          0.        0.     8636.
   179.00      7873.      8624.    366284.   4901.45          0.        0.     8624.
   179.50      7864.      8612.    366254.   4901.44          0.        0.     8612.
   180.00      7854.      8600.    366224.   4901.44          0.        0.     8600.
   180.50      7844.      8588.    366194.   4901.44          0.        0.     8588.
   181.00      7834.      8575.    366164.   4901.43          0.        0.     8575.
   181.50      7825.      8563.    366134.   4901.43          0.        0.     8563.
   182.00      7816.      8551.    366104.   4901.42          0.        0.     8551.
   182.50      7807.      8539.    366074.   4901.42          0.        0.     8539.
   183.00      7798.      8527.    366044.   4901.41          0.        0.     8527.
   183.50      7789.      8514.    366014.   4901.41          0.        0.     8514.
   184.00      7781.      8502.    365984.   4901.40          0.        0.     8502.
   184.50      7773.      8490.    365954.   4901.40          0.        0.     8490.
   185.00      7765.      8478.    365924.   4901.39          0.        0.     8478.
   185.50      7758.      8466.    365894.   4901.39          0.        0.     8466.
   186.00      7751.      8453.    365864.   4901.38          0.        0.     8453.
   186.50      7744.      8441.    365834.   4901.38          0.        0.     8441.
   187.00      7738.      8429.    365804.   4901.37          0.        0.     8429.
   187.50      7732.      8418.    365777.   4901.37          0.        0.     8418.
   188.00      7727.      8407.    365750.   4901.36          0.        0.     8407.
   188.50      7722.      8396.    365722.   4901.36          0.        0.     8396.
   189.00      7718.      8385.    365695.   4901.35          0.        0.     8385.
   189.50      7714.      8374.    365668.   4901.35          0.        0.     8374.
   190.00      7710.      8363.    365641.   4901.35          0.        0.     8363.
   190.50      7708.      8352.    365614.   4901.34          0.        0.     8352.
   191.00      7705.      8341.    365587.   4901.34          0.        0.     8341.
   191.50      7704.      8330.    365560.   4901.33          0.        0.     8330.
   192.00      7703.      8319.    365533.   4901.33          0.        0.     8319.
   192.50      7703.      8309.    365509.   4901.32          0.        0.     8309.
   193.00      7703.      8300.    365485.   4901.32          0.        0.     8300.
   193.50      7703.      8290.    365461.   4901.32          0.        0.     8290.
   194.00      7703.      8280.    365437.   4901.31          0.        0.     8280.
   194.50      7703.      8270.    365413.   4901.31          0.        0.     8270.
   195.00      7703.      8260.    365389.   4901.30          0.        0.     8260.
   195.50      7703.      8251.    365365.   4901.30          0.        0.     8251.
   196.00      7703.      8242.    365344.   4901.30          0.        0.     8242.
   196.50      7703.      8234.    365323.   4901.29          0.        0.     8234.
   197.00      7703.      8225.    365302.   4901.29          0.        0.     8225.
   197.50      7703.      8217.    365281.   4901.29          0.        0.     8217.
   198.00      7703.      8208.    365260.   4901.28          0.        0.     8208.
   198.50      7703.      8199.    365239.   4901.28          0.        0.     8199.
   199.00      7703.      8191.    365218.   4901.28          0.        0.     8191.
   199.50      7703.      8182.    365197.   4901.27          0.        0.     8182.
   200.00      7703.      8174.    365176.   4901.27          0.        0.     8174.
   200.50      7703.      8167.    365158.   4901.27          0.        0.     8167.
   201.00      7703.      8159.    365140.   4901.26          0.        0.     8159.
   201.50      7703.      8152.    365122.   4901.26          0.        0.     8152.
   202.00      7703.      8145.    365104.   4901.26          0.        0.     8145.
   202.50      7703.      8137.    365086.   4901.25          0.        0.     8137.
   203.00      7703.      8130.    365068.   4901.25          0.        0.     8130.
   203.50      7703.      8123.    365050.   4901.25          0.        0.     8123.
   204.00      7703.      8115.    365032.   4901.25          0.        0.     8115.
   204.50      7703.      8108.    365014.   4901.24          0.        0.     8108.
   205.00      7703.      8101.    364996.   4901.24          0.        0.     8101.
   205.50      7703.      8094.    364981.   4901.24          0.        0.     8094.
   206.00      7703.      8088.    364966.   4901.24          0.        0.     8088.
   206.50      7703.      8082.    364951.   4901.23          0.        0.     8082.
   207.00      7703.      8076.    364936.   4901.23          0.        0.     8076.
   207.50      7703.      8070.    364921.   4901.23          0.        0.     8070.
   208.00      7703.      8064.    364906.   4901.23          0.        0.     8064.
   208.50      7703.      8058.    364891.   4901.22          0.        0.     8058.
   209.00      7703.      8052.    364876.   4901.22          0.        0.     8052.
   209.50      7703.      8046.    364861.   4901.22          0.        0.     8046.
   210.00      7703.      8040.    364846.   4901.22          0.        0.     8040.
   210.50      7703.      8033.    364831.   4901.21          0.        0.     8033.
   211.00      7703.      8027.    364816.   4901.21          0.        0.     8027.
   211.50      7703.      8022.    364804.   4901.21          0.        0.     8022.
   212.00      7703.      8018.    364792.   4901.21          0.        0.     8018.
   212.50      7703.      8013.    364780.   4901.21          0.        0.     8013.
   213.00      7703.      8008.    364768.   4901.20          0.        0.     8008.
   213.50      7703.      8003.    364756.   4901.20          0.        0.     8003.
   214.00      7703.      7998.    364744.   4901.20          0.        0.     7998.
   214.50      7703.      7993.    364732.   4901.20          0.        0.     7993.
   215.00      7703.      7988.    364720.   4901.20          0.        0.     7988.
   215.50      7703.      7983.    364708.   4901.19          0.        0.     7983.
   216.00      7703.      7979.    364696.   4901.19          0.        0.     7979.
   216.50      7703.      7974.    364684.   4901.19          0.        0.     7974.
   217.00      7702.      7969.    364672.   4901.19          0.        0.     7969.
   217.50      7702.      7964.    364660.   4901.19          0.        0.     7964.
   218.00      7700.      7959.    364648.   4901.18          0.        0.     7959.
   218.50      7699.      7954.    364636.   4901.18          0.        0.     7954.
   219.00      7697.      7950.    364627.   4901.18          0.        0.     7950.
   219.50      7694.      7947.    364617.   4901.18          0.        0.     7947.
   220.00      7692.      7943.    364608.   4901.18          0.        0.     7943.
   220.50      7688.      7939.    364599.   4901.18          0.        0.     7939.
   221.00      7685.      7936.    364590.   4901.17          0.        0.     7936.
   221.50      7681.      7932.    364581.   4901.17          0.        0.     7932.
   222.00      7677.      7928.    364572.   4901.17          0.        0.     7928.
   222.50      7672.      7925.    364563.   4901.17          0.        0.     7925.
   223.00      7667.      7921.    364554.   4901.17          0.        0.     7921.
   223.50      7662.      7916.    364542.   4901.17          0.        0.     7916.
   224.00      7656.      7911.    364530.   4901.16          0.        0.     7911.
   224.50      7650.      7906.    364518.   4901.16          0.        0.     7906.
   225.00      7644.      7902.    364506.   4901.16          0.        0.     7902.
   225.50      7638.      7897.    364494.   4901.16          0.        0.     7897.
   226.00      7631.      7892.    364482.   4901.16          0.        0.     7892.
   226.50      7624.      7887.    364470.   4901.15          0.        0.     7887.
   227.00      7617.      7882.    364458.   4901.15          0.        0.     7882.
   227.50      7610.      7877.    364446.   4901.15          0.        0.     7877.
   228.00      7603.      7872.    364434.   4901.15          0.        0.     7872.
   228.50      7595.      7867.    364422.   4901.15          0.        0.     7867.
   229.00      7587.      7863.    364410.   4901.15          0.        0.     7863.
   229.50      7579.      7858.    364398.   4901.14          0.        0.     7858.
   230.00      7571.      7853.    364386.   4901.14          0.        0.     7853.
   230.50      7562.      7848.    364374.   4901.14          0.        0.     7848.
   231.00      7554.      7843.    364362.   4901.14          0.        0.     7843.
   231.50      7545.      7838.    364350.   4901.14          0.        0.     7838.
   232.00      7537.      7833.    364338.   4901.13          0.        0.     7833.
   232.50      7528.      7828.    364326.   4901.13          0.        0.     7828.
   233.00      7519.      7823.    364314.   4901.13          0.        0.     7823.
   233.50      7510.      7819.    364302.   4901.13          0.        0.     7819.
   234.00      7501.      7814.    364290.   4901.13          0.        0.     7814.
   234.50      7492.      7809.    364278.   4901.12          0.        0.     7809.
   235.00      7483.      7804.    364266.   4901.12          0.        0.     7804.
   235.50      7474.      7799.    364254.   4901.12          0.        0.     7799.
   236.00      7465.      7794.    364242.   4901.12          0.        0.     7794.
   236.50      7456.      7788.    364227.   4901.12          0.        0.     7788.
   237.00      7447.      7782.    364212.   4901.11          0.        0.     7782.
   237.50      7438.      7776.    364197.   4901.11          0.        0.     7776.
   238.00      7429.      7770.    364182.   4901.11          0.        0.     7770.
   238.50      7420.      7764.    364167.   4901.11          0.        0.     7764.
   239.00      7412.      7758.    364152.   4901.10          0.        0.     7758.
   239.50      7403.      7751.    364137.   4901.10          0.        0.     7751.
   240.00      7394.      7745.    364122.   4901.10          0.        0.     7745.
   240.50      7386.      7739.    364107.   4901.10          0.        0.     7739.
   241.00      7377.      7733.    364092.   4901.09          0.        0.     7733.
   241.50      7367.      7727.    364077.   4901.09          0.        0.     7727.
   242.00      7357.      7721.    364062.   4901.09          0.        0.     7721.
   242.50      7346.      7715.    364047.   4901.09          0.        0.     7715.
   243.00      7335.      7709.    364032.   4901.08          0.        0.     7709.
   243.50      7323.      7703.    364017.   4901.08          0.        0.     7703.
   244.00      7310.      7697.    364002.   4901.08          0.        0.     7697.
   244.50      7297.      7690.    363987.   4901.08          0.        0.     7690.
   245.00      7284.      7684.    363972.   4901.07          0.        0.     7684.
   245.50      7270.      7677.    363954.   4901.07          0.        0.     7677.
   246.00      7256.      7670.    363936.   4901.07          0.        0.     7670.
   246.50      7241.      7662.    363918.   4901.06          0.        0.     7662.
   247.00      7226.      7655.    363900.   4901.06          0.        0.     7655.
   247.50      7211.      7648.    363882.   4901.06          0.        0.     7648.
   248.00      7196.      7640.    363864.   4901.06          0.        0.     7640.
   248.50      7180.      7633.    363846.   4901.05          0.        0.     7633.
   249.00      7164.      7626.    363828.   4901.05          0.        0.     7626.
   249.50      7149.      7618.    363810.   4901.05          0.        0.     7618.
   250.00      7133.      7610.    363789.   4901.04          0.        0.     7610.
   250.50      7117.      7601.    363768.   4901.04          0.        0.     7601.
   251.00      7101.      7593.    363747.   4901.04          0.        0.     7593.
   251.50      7085.      7584.    363726.   4901.03          0.        0.     7584.
   252.00      7070.      7576.    363705.   4901.03          0.        0.     7576.
   252.50      7054.      7567.    363684.   4901.03          0.        0.     7567.
   253.00      7039.      7559.    363663.   4901.02          0.        0.     7559.
   253.50      7024.      7550.    363642.   4901.02          0.        0.     7550.
   254.00      7009.      7542.    363621.   4901.02          0.        0.     7542.
   254.50      6994.      7533.    363600.   4901.01          0.        0.     7533.
   255.00      6980.      7524.    363579.   4901.01          0.        0.     7524.
   255.50      6966.      7515.    363555.   4901.01          0.        0.     7515.
   256.00      6953.      7505.    363531.   4901.00          0.        0.     7505.
   256.50      6940.      7495.    363507.   4901.00          0.        0.     7495.
   257.00      6927.      7485.    363482.   4900.99          0.        0.     7485.
   257.50      6915.      7476.    363458.   4900.99          0.        0.     7476.
   258.00      6904.      7466.    363434.   4900.99          0.        0.     7466.
   258.50      6893.      7456.    363410.   4900.98          0.        0.     7456.
   259.00      6883.      7446.    363386.   4900.98          0.        0.     7446.
   259.50      6873.      7437.    363362.   4900.97          0.        0.     7437.
   260.00      6864.      7427.    363338.   4900.97          0.        0.     7427.
   260.50      6856.      7417.    363314.   4900.97          0.        0.     7417.
   261.00      6849.      7407.    363290.   4900.96          0.        0.     7407.
   261.50      6843.      7397.    363266.   4900.96          0.        0.     7397.
   262.00      6837.      7388.    363242.   4900.96          0.        0.     7388.
   262.50      6832.      7378.    363218.   4900.95          0.        0.     7378.
   263.00      6829.      7369.    363197.   4900.95          0.        0.     7369.
   263.50      6826.      7361.    363176.   4900.94          0.        0.     7361.
   264.00      6825.      7352.    363155.   4900.94          0.        0.     7352.
   264.50      6824.      7344.    363134.   4900.94          0.        0.     7344.
   265.00      6824.      7335.    363113.   4900.93          0.        0.     7335.
   265.50      6824.      7327.    363092.   4900.93          0.        0.     7327.
   266.00      6825.      7318.    363071.   4900.93          0.        0.     7318.
   266.50      6825.      7310.    363050.   4900.92          0.        0.     7310.
   267.00      6826.      7301.    363029.   4900.92          0.        0.     7301.
   267.50      6827.      7294.    363011.   4900.92          0.        0.     7294.
   268.00      6828.      7286.    362993.   4900.91          0.        0.     7286.
   268.50      6829.      7279.    362975.   4900.91          0.        0.     7279.
   269.00      6830.      7272.    362957.   4900.91          0.        0.     7272.
   269.50      6831.      7264.    362939.   4900.91          0.        0.     7264.
   270.00      6832.      7257.    362921.   4900.90          0.        0.     7257.
   270.50      6834.      7250.    362903.   4900.90          0.        0.     7250.
   271.00      6835.      7242.    362885.   4900.90          0.        0.     7242.
   271.50      6837.      7235.    362867.   4900.89          0.        0.     7235.
   272.00      6838.      7229.    362852.   4900.89          0.        0.     7229.
   272.50      6840.      7223.    362837.   4900.89          0.        0.     7223.
   273.00      6842.      7217.    362822.   4900.89          0.        0.     7217.
   273.50      6843.      7211.    362807.   4900.88          0.        0.     7211.
   274.00      6845.      7205.    362792.   4900.88          0.        0.     7205.
   274.50      6847.      7198.    362777.   4900.88          0.        0.     7198.
   275.00      6849.      7192.    362762.   4900.88          0.        0.     7192.
   275.50      6851.      7186.    362747.   4900.87          0.        0.     7186.
   276.00      6853.      7180.    362732.   4900.87          0.        0.     7180.
   276.50      6855.      7175.    362720.   4900.87          0.        0.     7175.
   277.00      6857.      7170.    362708.   4900.87          0.        0.     7170.
   277.50      6858.      7166.    362696.   4900.87          0.        0.     7166.
   278.00      6860.      7161.    362684.   4900.86          0.        0.     7161.
   278.50      6862.      7156.    362672.   4900.86          0.        0.     7156.
   279.00      6864.      7151.    362660.   4900.86          0.        0.     7151.
   279.50      6866.      7146.    362648.   4900.86          0.        0.     7146.
   280.00      6868.      7141.    362636.   4900.86          0.        0.     7141.
   280.50      6869.      7136.    362624.   4900.85          0.        0.     7136.
   281.00      6871.      7131.    362612.   4900.85          0.        0.     7131.
   281.50      6873.      7126.    362600.   4900.85          0.        0.     7126.
   282.00      6874.      7123.    362591.   4900.85          0.        0.     7123.
   282.50      6876.      7119.    362582.   4900.85          0.        0.     7119.
   283.00      6877.      7115.    362573.   4900.85          0.        0.     7115.
   283.50      6878.      7112.    362564.   4900.84          0.        0.     7112.
   284.00      6880.      7108.    362555.   4900.84          0.        0.     7108.
   284.50      6881.      7104.    362546.   4900.84          0.        0.     7104.
   285.00      6882.      7101.    362537.   4900.84          0.        0.     7101.
   285.50      6883.      7097.    362528.   4900.84          0.        0.     7097.
   286.00      6883.      7094.    362519.   4900.84          0.        0.     7094.
   286.50      6884.      7090.    362510.   4900.84          0.        0.     7090.
   287.00      6885.      7086.    362501.   4900.83          0.        0.     7086.
   287.50      6885.      7083.    362492.   4900.83          0.        0.     7083.
   288.00      6885.      7079.    362483.   4900.83          0.        0.     7079.
   288.50      6885.      7075.    362474.   4900.83          0.        0.     7075.
   289.00      6885.      7072.    362465.   4900.83          0.        0.     7072.
   289.50      6884.      7068.    362456.   4900.83          0.        0.     7068.
   290.00      6883.      7064.    362447.   4900.83          0.        0.     7064.
   290.50      6881.      7062.    362441.   4900.82          0.        0.     7062.
   291.00      6879.      7059.    362435.   4900.82          0.        0.     7059.
   291.50      6876.      7057.    362429.   4900.82          0.        0.     7057.
   292.00      6873.      7054.    362423.   4900.82          0.        0.     7054.
   292.50      6870.      7052.    362417.   4900.82          0.        0.     7052.
   293.00      6866.      7048.    362408.   4900.82          0.        0.     7048.
   293.50      6862.      7045.    362399.   4900.82          0.        0.     7045.
   294.00      6857.      7041.    362390.   4900.82          0.        0.     7041.
   294.50      6852.      7037.    362380.   4900.81          0.        0.     7037.
   295.00      6847.      7034.    362371.   4900.81          0.        0.     7034.
   295.50      6842.      7030.    362362.   4900.81          0.        0.     7030.
   296.00      6836.      7026.    362353.   4900.81          0.        0.     7026.
   296.50      6830.      7023.    362344.   4900.81          0.        0.     7023.
   297.00      6824.      7019.    362335.   4900.81          0.        0.     7019.
   297.50      6817.      7015.    362326.   4900.81          0.        0.     7015.
   298.00      6811.      7012.    362317.   4900.80          0.        0.     7012.
   298.50      6804.      7008.    362308.   4900.80          0.        0.     7008.
   299.00      6797.      7004.    362299.   4900.80          0.        0.     7004.
   299.50      6790.      7001.    362290.   4900.80          0.        0.     7001.
   300.00      6783.      6997.    362281.   4900.80          0.        0.     6997.
   300.50      6776.      6993.    362272.   4900.80          0.        0.     6993.
   301.00      6769.      6990.    362263.   4900.80          0.        0.     6990.
   301.50      6761.      6986.    362254.   4900.79          0.        0.     6986.
   302.00      6754.      6982.    362245.   4900.79          0.        0.     6982.
   302.50      6747.      6979.    362236.   4900.79          0.        0.     6979.
   303.00      6739.      6975.    362227.   4900.79          0.        0.     6975.
   303.50      6732.      6971.    362218.   4900.79          0.        0.     6971.
   304.00      6725.      6968.    362209.   4900.79          0.        0.     6968.
   304.50      6718.      6964.    362200.   4900.79          0.        0.     6964.
   305.00      6711.      6960.    362191.   4900.78          0.        0.     6960.
   305.50      6704.      6957.    362182.   4900.78          0.        0.     6957.
   306.00      6697.      6953.    362173.   4900.78          0.        0.     6953.
   306.50      6690.      6948.    362161.   4900.78          0.        0.     6948.
   307.00      6684.      6943.    362149.   4900.78          0.        0.     6943.
   307.50      6678.      6938.    362137.   4900.78          0.        0.     6938.
   308.00      6672.      6934.    362125.   4900.77          0.        0.     6934.
   308.50      6666.      6929.    362113.   4900.77          0.        0.     6929.
   309.00      6660.      6924.    362101.   4900.77          0.        0.     6924.
   309.50      6655.      6919.    362089.   4900.77          0.        0.     6919.
   310.00      6650.      6914.    362077.   4900.77          0.        0.     6914.
   310.50      6645.      6909.    362065.   4900.76          0.        0.     6909.
   311.00      6641.      6904.    362053.   4900.76          0.        0.     6904.
   311.50      6637.      6899.    362041.   4900.76          0.        0.     6899.
   312.00      6633.      6895.    362029.   4900.76          0.        0.     6895.
   312.50      6630.      6890.    362017.   4900.76          0.        0.     6890.
   313.00      6627.      6885.    362005.   4900.75          0.        0.     6885.
   313.50      6624.      6880.    361993.   4900.75          0.        0.     6880.
   314.00      6621.      6875.    361981.   4900.75          0.        0.     6875.
   314.50      6619.      6871.    361972.   4900.75          0.        0.     6871.
   315.00      6616.      6868.    361963.   4900.75          0.        0.     6868.
   315.50      6614.      6864.    361954.   4900.75          0.        0.     6864.
   316.00      6611.      6860.    361945.   4900.74          0.        0.     6860.
   316.50      6609.      6857.    361936.   4900.74          0.        0.     6857.
   317.00      6607.      6853.    361927.   4900.74          0.        0.     6853.
   317.50      6604.      6849.    361918.   4900.74          0.        0.     6849.
   318.00      6602.      6846.    361909.   4900.74          0.        0.     6846.
   318.50      6600.      6842.    361900.   4900.74          0.        0.     6842.
   319.00      6598.      6838.    361891.   4900.74          0.        0.     6838.
   319.50      6596.      6835.    361882.   4900.73          0.        0.     6835.
   320.00      6594.      6831.    361873.   4900.73          0.        0.     6831.
   320.50      6593.      6827.    361864.   4900.73          0.        0.     6827.
   321.00      6591.      6824.    361855.   4900.73          0.        0.     6824.
   321.50      6589.      6820.    361846.   4900.73          0.        0.     6820.
   322.00      6587.      6816.    361837.   4900.73          0.        0.     6816.
   322.50      6586.      6813.    361828.   4900.73          0.        0.     6813.
   323.00      6584.      6809.    361819.   4900.72          0.        0.     6809.
   323.50      6582.      6805.    361810.   4900.72          0.        0.     6805.
   324.00      6580.      6802.    361801.   4900.72          0.        0.     6802.
   324.50      6579.      6798.    361792.   4900.72          0.        0.     6798.
   325.00      6577.      6794.    361783.   4900.72          0.        0.     6794.
   325.50      6575.      6791.    361774.   4900.72          0.        0.     6791.
   326.00      6574.      6787.    361765.   4900.71          0.        0.     6787.
   326.50      6572.      6783.    361756.   4900.71          0.        0.     6783.
   327.00      6570.      6780.    361747.   4900.71          0.        0.     6780.
   327.50      6569.      6776.    361738.   4900.71          0.        0.     6776.
   328.00      6567.      6772.    361729.   4900.71          0.        0.     6772.
   328.50      6565.      6769.    361720.   4900.71          0.        0.     6769.
   329.00      6563.      6765.    361711.   4900.71          0.        0.     6765.
   329.50      6561.      6761.    361702.   4900.70          0.        0.     6761.
   330.00      6559.      6758.    361693.   4900.70          0.        0.     6758.
   330.50      6557.      6754.    361684.   4900.70          0.        0.     6754.
   331.00      6555.      6750.    361675.   4900.70          0.        0.     6750.
   331.50      6553.      6747.    361666.   4900.70          0.        0.     6747.
   332.00      6551.      6743.    361657.   4900.70          0.        0.     6743.
   332.50      6549.      6740.    361648.   4900.70          0.        0.     6740.
   333.00      6546.      6736.    361639.   4900.69          0.        0.     6736.
   333.50      6544.      6732.    361630.   4900.69          0.        0.     6732.
   334.00      6542.      6729.    361621.   4900.69          0.        0.     6729.
   334.50      6539.      6725.    361612.   4900.69          0.        0.     6725.
   335.00      6536.      6721.    361603.   4900.69          0.        0.     6721.
   335.50      6534.      6718.    361594.   4900.69          0.        0.     6718.
   336.00      6531.      6714.    361585.   4900.69          0.        0.     6714.
   336.50      6528.      6710.    361576.   4900.68          0.        0.     6710.
   337.00      6525.      6708.    361570.   4900.68          0.        0.     6708.
   337.50      6521.      6704.    361561.   4900.68          0.        0.     6704.
   338.00      6518.      6700.    361552.   4900.68          0.        0.     6700.
   338.50      6514.      6697.    361543.   4900.68          0.        0.     6697.
   339.00      6511.      6693.    361534.   4900.68          0.        0.     6693.
   339.50      6507.      6689.    361525.   4900.68          0.        0.     6689.
   340.00      6503.      6686.    361516.   4900.67          0.        0.     6686.
   340.50      6499.      6682.    361507.   4900.67          0.        0.     6682.
   341.00      6495.      6678.    361498.   4900.67          0.        0.     6678.
   341.50      6491.      6675.    361489.   4900.67          0.        0.     6675.
   342.00      6486.      6671.    361480.   4900.67          0.        0.     6671.
   342.50      6482.      6667.    361471.   4900.67          0.        0.     6667.
   343.00      6477.      6664.    361462.   4900.67          0.        0.     6664.
   343.50      6473.      6660.    361453.   4900.66          0.        0.     6660.
   344.00      6468.      6656.    361444.   4900.66          0.        0.     6656.
   344.50      6463.      6653.    361435.   4900.66          0.        0.     6653.
   345.00      6458.      6649.    361426.   4900.66          0.        0.     6649.
   345.50      6453.      6646.    361417.   4900.66          0.        0.     6646.
   346.00      6448.      6642.    361408.   4900.66          0.        0.     6642.
   346.50      6443.      6638.    361399.   4900.66          0.        0.     6638.
   347.00      6437.      6635.    361390.   4900.65          0.        0.     6635.
   347.50      6432.      6631.    361381.   4900.65          0.        0.     6631.
   348.00      6427.      6627.    361372.   4900.65          0.        0.     6627.
   348.50      6421.      6624.    361363.   4900.65          0.        0.     6624.
   349.00      6415.      6620.    361354.   4900.65          0.        0.     6620.
   349.50      6410.      6616.    361345.   4900.65          0.        0.     6616.
   350.00      6404.      6613.    361336.   4900.65          0.        0.     6613.
   350.50      6398.      6609.    361327.   4900.64          0.        0.     6609.
   351.00      6392.      6605.    361318.   4900.64          0.        0.     6605.
   351.50      6386.      6602.    361309.   4900.64          0.        0.     6602.
   352.00      6380.      6598.    361300.   4900.64          0.        0.     6598.
   352.50      6374.      6594.    361291.   4900.64          0.        0.     6594.
   353.00      6368.      6591.    361282.   4900.64          0.        0.     6591.
   353.50      6362.      6587.    361273.   4900.63          0.        0.     6587.
   354.00      6356.      6583.    361263.   4900.63          0.        0.     6583.
   354.50      6350.      6580.    361254.   4900.63          0.        0.     6580.
   355.00      6343.      6576.    361245.   4900.63          0.        0.     6576.
   355.50      6337.      6572.    361236.   4900.63          0.        0.     6572.
   356.00      6331.      6569.    361227.   4900.63          0.        0.     6569.
   356.50      6324.      6565.    361218.   4900.63          0.        0.     6565.
   357.00      6318.      6561.    361209.   4900.62          0.        0.     6561.
   357.50      6311.      6558.    361200.   4900.62          0.        0.     6558.
   358.00      6305.      6554.    361191.   4900.62          0.        0.     6554.
   358.50      6298.      6550.    361182.   4900.62          0.        0.     6550.
   359.00      6292.      6547.    361173.   4900.62          0.        0.     6547.
   359.50      6285.      6542.    361161.   4900.62          0.        0.     6542.
   360.00      6279.      6537.    361149.   4900.61          0.        0.     6537.
1



      INFLOW DATA                           STORAGE DATA
      ***********                           ************
     TIME    INFLOW                     ELEVATION     STORAGE

     0.50      5527.                      4753.20          0.
     1.00      5557.                      4754.00          5.
     1.50      5587.                      4760.00        853.
     2.00      5617.                      4770.00       5056.
     2.50      5647.                      4780.00      11677.
     3.00      5677.                      4790.00      20701.
     3.50      5707.                      4800.00      32214.
     4.00      5737.                      4810.00      46676.
     4.50      5766.                      4820.00      64861.
     5.00      5796.                      4830.00      86629.
     5.50      5825.                      4840.00     112286.
     6.00      5855.                      4850.00     141401.
     6.50      5884.                      4860.00     174439.
     7.00      5913.                      4870.00     212059.
     7.50      5941.                      4880.00     254696.
     8.00      5970.                      4890.00     303066.
     8.50      5999.                      4900.00     357369.
     9.00      6027.                      4910.00     418864.
     9.50      6056.                      4920.00     488871.
    10.00      6084.                      4924.00     519654.
    10.50      6112.                      4924.50     523636.
    11.00      6140.                      4925.00     527626.
    11.50      6167.                      4925.50     531626.
    12.00      6195.                      4926.00     535626.
    12.50      6222.                      4930.00     569747.
    13.00      6249.                      4935.00     604527.
    13.50      6276.
    14.00      6303.
    14.50      6330.
    15.00      6357.
    15.50      6383.
    16.00      6409.
    16.50      6435.
    17.00      6461.
    17.50      6487.
    18.00      6512.
    18.50      6537.
    19.00      6562.
    19.50      6587.
    20.00      6612.
    20.50      6636.
    21.00      6661.
    21.50      6685.
    22.00      6708.
    22.50      6732.
    23.00      6755.
    23.50      6778.
    24.00      6801.
    24.50      6824.
    25.00      6846.
    25.50      6869.
    26.00      6890.
    26.50      6912.
    27.00      6934.
    27.50      6955.
    28.00      6976.
    28.50      6997.
    29.00      7017.
    29.50      7038.
    30.00      7058.
    30.50      7078.
    31.00      7098.
    31.50      7117.
    32.00      7137.
    32.50      7156.
    33.00      7175.
    33.50      7195.
    34.00      7214.
    34.50      7233.
    35.00      7251.
    35.50      7270.
    36.00      7289.
    36.50      7307.
    37.00      7326.
    37.50      7344.
    38.00      7363.
    38.50      7381.
    39.00      7399.
    39.50      7418.
    40.00      7436.
    40.50      7454.
    41.00      7473.
    41.50      7491.
    42.00      7509.
    42.50      7528.
    43.00      7546.
    43.50      7565.
    44.00      7583.
    44.50      7602.
    45.00      7620.
    45.50      7639.
    46.00      7658.
    46.50      7677.
    47.00      7696.
    47.50      7715.
    48.00      7734.
    48.50      7754.
    49.00      7773.
    49.50      7794.
    50.00      7815.
    50.50      7838.
    51.00      7860.
    51.50      7883.
    52.00      7907.
    52.50      7931.
    53.00      7956.
    53.50      7981.
    54.00      8006.
    54.50      8032.
    55.00      8058.
    55.50      8084.
    56.00      8110.
    56.50      8136.
    57.00      8162.
    57.50      8193.
    58.00      8221.
    58.50      8248.
    59.00      8282.
    59.50      8324.
    60.00      8368.
    60.50      8415.
    61.00      8469.
    61.50      8537.
    62.00      8646.
    62.50      8816.
    63.00      9049.
    63.50      9330.
    64.00      9699.
    64.50     10315.
    65.00     11547.
    65.50     14112.
    66.00     30821.
    66.50     55782.
    67.00     63491.
    67.50     68133.
    68.00     71972.
    68.50     75266.
    69.00     78200.
    69.50     80798.
    70.00     82980.
    70.50     84722.
    71.00     86020.
    71.50     86914.
    72.00     87295.
    72.50     87099.
    73.00     86471.
    73.50     85607.
    74.00     84689.
    74.50     83824.
    75.00     83095.
    75.50     82522.
    76.00     82040.
    76.50     81561.
    77.00     80988.
    77.50     80242.
    78.00     79274.
    78.50     78089.
    79.00     76702.
    79.50     75134.
    80.00     73407.
    80.50     71540.
    81.00     69534.
    81.50     67428.
    82.00     65220.
    82.50     62946.
    83.00     60647.
    83.50     58369.
    84.00     56099.
    84.50     53851.
    85.00     51646.
    85.50     49472.
    86.00     47350.
    86.50     45323.
    87.00     43339.
    87.50     41426.
    88.00     39707.
    88.50     38053.
    89.00     36453.
    89.50     34992.
    90.00     33643.
    90.50     32395.
    91.00     31223.
    91.50     30052.
    92.00     29025.
    92.50     28027.
    93.00     27032.
    93.50     26100.
    94.00     25216.
    94.50     24473.
    95.00     23703.
    95.50     22947.
    96.00     22223.
    96.50     21580.
    97.00     20990.
    97.50     20412.
    98.00     19851.
    98.50     19314.
    99.00     18805.
    99.50     18328.
   100.00     17893.
   100.50     17496.
   101.00     17113.
   101.50     16753.
   102.00     16447.
   102.50     16153.
   103.00     15853.
   103.50     15558.
   104.00     15291.
   104.50     15056.
   105.00     14836.
   105.50     14617.
   106.00     14408.
   106.50     14223.
   107.00     14034.
   107.50     13851.
   108.00     13683.
   108.50     13524.
   109.00     13369.
   109.50     13224.
   110.00     13088.
   110.50     12954.
   111.00     12825.
   111.50     12705.
   112.00     12593.
   112.50     12484.
   113.00     12379.
   113.50     12278.
   114.00     12181.
   114.50     12089.
   115.00     11999.
   115.50     11914.
   116.00     11830.
   116.50     11750.
   117.00     11673.
   117.50     11601.
   118.00     11530.
   118.50     11462.
   119.00     11397.
   119.50     11335.
   120.00     11274.
   120.50     11216.
   121.00     11160.
   121.50     11106.
   122.00     11053.
   122.50     11001.
   123.00     10951.
   123.50     10901.
   124.00     10854.
   124.50     10807.
   125.00     10761.
   125.50     10717.
   126.00     10673.
   126.50     10629.
   127.00     10587.
   127.50     10545.
   128.00     10505.
   128.50     10466.
   129.00      8502.
   129.50      8497.
   130.00      8492.
   130.50      8486.
   131.00      8480.
   131.50      8474.
   132.00      8469.
   132.50      8462.
   133.00      8456.
   133.50      8450.
   134.00      8444.
   134.50      8438.
   135.00      8431.
   135.50      8425.
   136.00      8418.
   136.50      8412.
   137.00      8406.
   137.50      8399.
   138.00      8393.
   138.50      8386.
   139.00      8380.
   139.50      8374.
   140.00      8367.
   140.50      8361.
   141.00      8355.
   141.50      8349.
   142.00      8343.
   142.50      8337.
   143.00      8332.
   143.50      8326.
   144.00      8321.
   144.50      8315.
   145.00      8310.
   145.50      8305.
   146.00      8300.
   146.50      8295.
   147.00      8290.
   147.50      8285.
   148.00      8280.
   148.50      8274.
   149.00      8269.
   149.50      8264.
   150.00      8259.
   150.50      8254.
   151.00      8249.
   151.50      8244.
   152.00      8239.
   152.50      8234.
   153.00      8229.
   153.50      8224.
   154.00      8219.
   154.50      8214.
   155.00      8209.
   155.50      8204.
   156.00      8199.
   156.50      8194.
   157.00      8189.
   157.50      8183.
   158.00      8178.
   158.50      8173.
   159.00      8168.
   159.50      8163.
   160.00      8157.
   160.50      8152.
   161.00      8147.
   161.50      8141.
   162.00      8136.
   162.50      8130.
   163.00      8125.
   163.50      8119.
   164.00      8113.
   164.50      8108.
   165.00      8102.
   165.50      8096.
   166.00      8090.
   166.50      8084.
   167.00      8078.
   167.50      8072.
   168.00      8066.
   168.50      8060.
   169.00      8054.
   169.50      8047.
   170.00      8040.
   170.50      8032.
   171.00      8024.
   171.50      8016.
   172.00      8008.
   172.50      7999.
   173.00      7990.
   173.50      7981.
   174.00      7972.
   174.50      7962.
   175.00      7953.
   175.50      7943.
   176.00      7933.
   176.50      7923.
   177.00      7913.
   177.50      7903.
   178.00      7893.
   178.50      7883.
   179.00      7873.
   179.50      7864.
   180.00      7854.
   180.50      7844.
   181.00      7834.
   181.50      7825.
   182.00      7816.
   182.50      7807.
   183.00      7798.
   183.50      7789.
   184.00      7781.
   184.50      7773.
   185.00      7765.
   185.50      7758.
   186.00      7751.
   186.50      7744.
   187.00      7738.
   187.50      7732.
   188.00      7727.
   188.50      7722.
   189.00      7718.
   189.50      7714.
   190.00      7710.
   190.50      7708.
   191.00      7705.
   191.50      7704.
   192.00      7703.
   192.50      7703.
   193.00      7703.
   193.50      7703.
   194.00      7703.
   194.50      7703.
   195.00      7703.
   195.50      7703.
   196.00      7703.
   196.50      7703.
   197.00      7703.
   197.50      7703.
   198.00      7703.
   198.50      7703.
   199.00      7703.
   199.50      7703.
   200.00      7703.
   200.50      7703.
   201.00      7703.
   201.50      7703.
   202.00      7703.
   202.50      7703.
   203.00      7703.
   203.50      7703.
   204.00      7703.
   204.50      7703.
   205.00      7703.
   205.50      7703.
   206.00      7703.
   206.50      7703.
   207.00      7703.
   207.50      7703.
   208.00      7703.
   208.50      7703.
   209.00      7703.
   209.50      7703.
   210.00      7703.
   210.50      7703.
   211.00      7703.
   211.50      7703.
   212.00      7703.
   212.50      7703.
   213.00      7703.
   213.50      7703.
   214.00      7703.
   214.50      7703.
   215.00      7703.
   215.50      7703.
   216.00      7703.
   216.50      7703.
   217.00      7702.
   217.50      7702.
   218.00      7700.
   218.50      7699.
   219.00      7697.
   219.50      7694.
   220.00      7692.
   220.50      7688.
   221.00      7685.
   221.50      7681.
   222.00      7677.
   222.50      7672.
   223.00      7667.
   223.50      7662.
   224.00      7656.
   224.50      7650.
   225.00      7644.
   225.50      7638.
   226.00      7631.
   226.50      7624.
   227.00      7617.
   227.50      7610.
   228.00      7603.
   228.50      7595.
   229.00      7587.
   229.50      7579.
   230.00      7571.
   230.50      7562.
   231.00      7554.
   231.50      7545.
   232.00      7537.
   232.50      7528.
   233.00      7519.
   233.50      7510.
   234.00      7501.
   234.50      7492.
   235.00      7483.
   235.50      7474.
   236.00      7465.
   236.50      7456.
   237.00      7447.
   237.50      7438.
   238.00      7429.
   238.50      7420.
   239.00      7412.
   239.50      7403.
   240.00      7394.
   240.50      7386.
   241.00      7377.
   241.50      7367.
   242.00      7357.
   242.50      7346.
   243.00      7335.
   243.50      7323.
   244.00      7310.
   244.50      7297.
   245.00      7284.
   245.50      7270.
   246.00      7256.
   246.50      7241.
   247.00      7226.
   247.50      7211.
   248.00      7196.
   248.50      7180.
   249.00      7164.
   249.50      7149.
   250.00      7133.
   250.50      7117.
   251.00      7101.
   251.50      7085.
   252.00      7070.
   252.50      7054.
   253.00      7039.
   253.50      7024.
   254.00      7009.
   254.50      6994.
   255.00      6980.
   255.50      6966.
   256.00      6953.
   256.50      6940.
   257.00      6927.
   257.50      6915.
   258.00      6904.
   258.50      6893.
   259.00      6883.
   259.50      6873.
   260.00      6864.
   260.50      6856.
   261.00      6849.
   261.50      6843.
   262.00      6837.
   262.50      6832.
   263.00      6829.
   263.50      6826.
   264.00      6825.
   264.50      6824.
   265.00      6824.
   265.50      6824.
   266.00      6825.
   266.50      6825.
   267.00      6826.
   267.50      6827.
   268.00      6828.
   268.50      6829.
   269.00      6830.
   269.50      6831.
   270.00      6832.
   270.50      6834.
   271.00      6835.
   271.50      6837.
   272.00      6838.
   272.50      6840.
   273.00      6842.
   273.50      6843.
   274.00      6845.
   274.50      6847.
   275.00      6849.
   275.50      6851.
   276.00      6853.
   276.50      6855.
   277.00      6857.
   277.50      6858.
   278.00      6860.
   278.50      6862.
   279.00      6864.
   279.50      6866.
   280.00      6868.
   280.50      6869.
   281.00      6871.
   281.50      6873.
   282.00      6874.
   282.50      6876.
   283.00      6877.
   283.50      6878.
   284.00      6880.
   284.50      6881.
   285.00      6882.
   285.50      6883.
   286.00      6883.
   286.50      6884.
   287.00      6885.
   287.50      6885.
   288.00      6885.
   288.50      6885.
   289.00      6885.
   289.50      6884.
   290.00      6883.
   290.50      6881.
   291.00      6879.
   291.50      6876.
   292.00      6873.
   292.50      6870.
   293.00      6866.
   293.50      6862.
   294.00      6857.
   294.50      6852.
   295.00      6847.
   295.50      6842.
   296.00      6836.
   296.50      6830.
   297.00      6824.
   297.50      6817.
   298.00      6811.
   298.50      6804.
   299.00      6797.
   299.50      6790.
   300.00      6783.
   300.50      6776.
   301.00      6769.
   301.50      6761.
   302.00      6754.
   302.50      6747.
   303.00      6739.
   303.50      6732.
   304.00      6725.
   304.50      6718.
   305.00      6711.
   305.50      6704.
   306.00      6697.
   306.50      6690.
   307.00      6684.
   307.50      6678.
   308.00      6672.
   308.50      6666.
   309.00      6660.
   309.50      6655.
   310.00      6650.
   310.50      6645.
   311.00      6641.
   311.50      6637.
   312.00      6633.
   312.50      6630.
   313.00      6627.
   313.50      6624.
   314.00      6621.
   314.50      6619.
   315.00      6616.
   315.50      6614.
   316.00      6611.
   316.50      6609.
   317.00      6607.
   317.50      6604.
   318.00      6602.
   318.50      6600.
   319.00      6598.
   319.50      6596.
   320.00      6594.
   320.50      6593.
   321.00      6591.
   321.50      6589.
   322.00      6587.
   322.50      6586.
   323.00      6584.
   323.50      6582.
   324.00      6580.
   324.50      6579.
   325.00      6577.
   325.50      6575.
   326.00      6574.
   326.50      6572.
   327.00      6570.
   327.50      6569.
   328.00      6567.
   328.50      6565.
   329.00      6563.
   329.50      6561.
   330.00      6559.
   330.50      6557.
   331.00      6555.
   331.50      6553.
   332.00      6551.
   332.50      6549.
   333.00      6546.
   333.50      6544.
   334.00      6542.
   334.50      6539.
   335.00      6536.
   335.50      6534.
   336.00      6531.
   336.50      6528.
   337.00      6525.
   337.50      6521.
   338.00      6518.
   338.50      6514.
   339.00      6511.
   339.50      6507.
   340.00      6503.
   340.50      6499.
   341.00      6495.
   341.50      6491.
   342.00      6486.
   342.50      6482.
   343.00      6477.
   343.50      6473.
   344.00      6468.
   344.50      6463.
   345.00      6458.
   345.50      6453.
   346.00      6448.
   346.50      6443.
   347.00      6437.
   347.50      6432.
   348.00      6427.
   348.50      6421.
   349.00      6415.
   349.50      6410.
   350.00      6404.
   350.50      6398.
   351.00      6392.
   351.50      6386.
   352.00      6380.
   352.50      6374.
   353.00      6368.
   353.50      6362.
   354.00      6356.
   354.50      6350.
   355.00      6343.
   355.50      6337.
   356.00      6331.
   356.50      6324.
   357.00      6318.
   357.50      6311.
   358.00      6305.
   358.50      6298.
   359.00      6292.
   359.50      6285.
   360.00      6279.
1


  DISCHARGE VS ELEVATION
  **********************
  ELEVATION  DISCHARGE

    4880.49      5000.
    4890.00      5000.
    4898.70      5000.
    4900.00      5000.
    4902.00     10000.
    4904.00     22500.
    4906.00     37500.
    4908.00     56000.
    4910.00     77000.
    4912.00    100000.
    4914.00    125000.
    4916.00    153000.
    4920.00    212000.
    4924.00    270000.
    4928.00    328000.
    4930.00    357000.
    4935.00    429500.