
                     UNITED STATES BUREAU OF RECLAMATION
                       ENGINEERING AND RESEARCH CENTER

                            FLOOD ROUTING FOR DAMS
                            ----------------------

      FEATURE: Pueblo Dam                               DATE    **/ 1/  26
      FLOOD: TREX Test Run & PMF snow                   TIME    **:**:03.**
      TITLE: Full TREX Routing             
      DATA FILE: fs12-2sn.in                                                    

      FLOOD ROUTING SUMMARY
      *********************

         BEGINNING HOUR OF ROUTING.......................      0.50
         ENDING HOUR OF ROUTING..........................    360.00
         INITIAL RESERVOIR ELEVATION.....................   4880.49 FT
         MINIMUM OR NORMAL POOL ELEV.....................   4880.49 FT
         MAXIMUM RESERVOIR ELEVATION.....   4902.18 AT HOUR  116.00
         INFLOW PEAK DISCHARGE...........    66420. AT HOUR   72.00
         MAXIMUM TOTAL OUTFLOW...........    11147. AT HOUR  116.00
         ELEVATION TOLERANCE.............................    0.0100 FT
         INFLOW HYDROGRAPH ADJUSTMENT FACTOR.............      1.00
         IPC OPTIONS (1 TO 10)...........................3100100021

      WATERWAY PARAMETERS
      *******************

         WATERWAY NO. 1 - Top of Dam                    

         TYPE-BROAD OR SHARP CRESTED WEIR
         CONSTANT DISCHARGE COEFFICIENT..................      2.67
         CREST ELEVATION.................................   4925.25 FT
         CREST LENGTH....................................   1200.50 FT
         MAXIMUM DISCHARGE...............        0. AT HOUR    0.50

         WATERWAY NO. 2 - Embankment "wings"            

         TYPE-BROAD OR SHARP CRESTED WEIR
         CONSTANT DISCHARGE COEFFICIENT..................      2.62
         CREST ELEVATION.................................   4925.00 FT
         CREST LENGTH....................................   8480.00 FT
         MAXIMUM DISCHARGE...............        0. AT HOUR    0.50
1

                     ROUTING RESULTS                          DISCHARGE RESULTS
                     ***************                          *****************

    TIME     INFLOW    OUTFLOW    STORAGE   ELEVATION        WATERWAY         RATING
                                                           1         2        CURVE

     0.50      5527.      5000.    257067.   4880.49          0.        0.     5000.
     1.00      5557.      5000.    257089.   4880.49          0.        0.     5000.
     1.50      5587.      5000.    257112.   4880.50          0.        0.     5000.
     2.00      5617.      5000.    257138.   4880.50          0.        0.     5000.
     2.50      5647.      5000.    257164.   4880.51          0.        0.     5000.
     3.00      5677.      5000.    257192.   4880.52          0.        0.     5000.
     3.50      5707.      5000.    257221.   4880.52          0.        0.     5000.
     4.00      5737.      5000.    257251.   4880.53          0.        0.     5000.
     4.50      5766.      5000.    257282.   4880.53          0.        0.     5000.
     5.00      5796.      5000.    257315.   4880.54          0.        0.     5000.
     5.50      5825.      5000.    257348.   4880.55          0.        0.     5000.
     6.00      5855.      5000.    257384.   4880.56          0.        0.     5000.
     6.50      5884.      5000.    257419.   4880.56          0.        0.     5000.
     7.00      5913.      5000.    257457.   4880.57          0.        0.     5000.
     7.50      5941.      5000.    257495.   4880.58          0.        0.     5000.
     8.00      5970.      5000.    257535.   4880.59          0.        0.     5000.
     8.50      5999.      5000.    257575.   4880.60          0.        0.     5000.
     9.00      6027.      5000.    257618.   4880.60          0.        0.     5000.
     9.50      6056.      5000.    257660.   4880.61          0.        0.     5000.
    10.00      6084.      5000.    257705.   4880.62          0.        0.     5000.
    10.50      6112.      5000.    257750.   4880.63          0.        0.     5000.
    11.00      6140.      5000.    257797.   4880.64          0.        0.     5000.
    11.50      6167.      5000.    257844.   4880.65          0.        0.     5000.
    12.00      6195.      5000.    257894.   4880.66          0.        0.     5000.
    12.50      6222.      5000.    257944.   4880.67          0.        0.     5000.
    13.00      6249.      5000.    257995.   4880.68          0.        0.     5000.
    13.50      6276.      5000.    258047.   4880.69          0.        0.     5000.
    14.00      6303.      5000.    258102.   4880.70          0.        0.     5000.
    14.50      6330.      5000.    258156.   4880.72          0.        0.     5000.
    15.00      6357.      5000.    258213.   4880.73          0.        0.     5000.
    15.50      6383.      5000.    258269.   4880.74          0.        0.     5000.
    16.00      6409.      5000.    258326.   4880.75          0.        0.     5000.
    16.50      6435.      5000.    258385.   4880.76          0.        0.     5000.
    17.00      6461.      5000.    258444.   4880.77          0.        0.     5000.
    17.50      6487.      5000.    258506.   4880.79          0.        0.     5000.
    18.00      6512.      5000.    258567.   4880.80          0.        0.     5000.
    18.50      6537.      5000.    258631.   4880.81          0.        0.     5000.
    19.00      6562.      5000.    258695.   4880.83          0.        0.     5000.
    19.50      6587.      5000.    258761.   4880.84          0.        0.     5000.
    20.00      6612.      5000.    258827.   4880.85          0.        0.     5000.
    20.50      6636.      5000.    258893.   4880.87          0.        0.     5000.
    21.00      6661.      5000.    258961.   4880.88          0.        0.     5000.
    21.50      6685.      5000.    259030.   4880.90          0.        0.     5000.
    22.00      6708.      5000.    259101.   4880.91          0.        0.     5000.
    22.50      6732.      5000.    259172.   4880.93          0.        0.     5000.
    23.00      6755.      5000.    259245.   4880.94          0.        0.     5000.
    23.50      6778.      5000.    259318.   4880.96          0.        0.     5000.
    24.00      6801.      5000.    259391.   4880.97          0.        0.     5000.
    24.50      6824.      5000.    259467.   4880.99          0.        0.     5000.
    25.00      6846.      5000.    259542.   4881.00          0.        0.     5000.
    25.50      6869.      5000.    259618.   4881.02          0.        0.     5000.
    26.00      6890.      5000.    259696.   4881.03          0.        0.     5000.
    26.50      6912.      5000.    259774.   4881.05          0.        0.     5000.
    27.00      6934.      5000.    259854.   4881.07          0.        0.     5000.
    27.50      6955.      5000.    259935.   4881.08          0.        0.     5000.
    28.00      6976.      5000.    260015.   4881.10          0.        0.     5000.
    28.50      6997.      5000.    260097.   4881.12          0.        0.     5000.
    29.00      7017.      5000.    260180.   4881.13          0.        0.     5000.
    29.50      7038.      5000.    260263.   4881.15          0.        0.     5000.
    30.00      7058.      5000.    260348.   4881.17          0.        0.     5000.
    30.50      7078.      5000.    260433.   4881.19          0.        0.     5000.
    31.00      7098.      5000.    260520.   4881.20          0.        0.     5000.
    31.50      7117.      5000.    260608.   4881.22          0.        0.     5000.
    32.00      7137.      5000.    260695.   4881.24          0.        0.     5000.
    32.50      7156.      5000.    260785.   4881.26          0.        0.     5000.
    33.00      7175.      5000.    260875.   4881.28          0.        0.     5000.
    33.50      7195.      5000.    260964.   4881.30          0.        0.     5000.
    34.00      7214.      5000.    261056.   4881.31          0.        0.     5000.
    34.50      7233.      5000.    261148.   4881.33          0.        0.     5000.
    35.00      7251.      5000.    261241.   4881.35          0.        0.     5000.
    35.50      7270.      5000.    261335.   4881.37          0.        0.     5000.
    36.00      7289.      5000.    261430.   4881.39          0.        0.     5000.
    36.50      7307.      5000.    261524.   4881.41          0.        0.     5000.
    37.00      7326.      5000.    261621.   4881.43          0.        0.     5000.
    37.50      7344.      5000.    261718.   4881.45          0.        0.     5000.
    38.00      7363.      5000.    261815.   4881.47          0.        0.     5000.
    38.50      7381.      5000.    261914.   4881.49          0.        0.     5000.
    39.00      7399.      5000.    262013.   4881.51          0.        0.     5000.
    39.50      7418.      5000.    262112.   4881.53          0.        0.     5000.
    40.00      7436.      5000.    262211.   4881.55          0.        0.     5000.
    40.50      7454.      5000.    262313.   4881.57          0.        0.     5000.
    41.00      7473.      5000.    262414.   4881.60          0.        0.     5000.
    41.50      7491.      5000.    262516.   4881.62          0.        0.     5000.
    42.00      7509.      5000.    262620.   4881.64          0.        0.     5000.
    42.50      7528.      5000.    262724.   4881.66          0.        0.     5000.
    43.00      7546.      5000.    262828.   4881.68          0.        0.     5000.
    43.50      7565.      5000.    262934.   4881.70          0.        0.     5000.
    44.00      7583.      5000.    263040.   4881.73          0.        0.     5000.
    44.50      7602.      5000.    263147.   4881.75          0.        0.     5000.
    45.00      7620.      5000.    263255.   4881.77          0.        0.     5000.
    45.50      7639.      5000.    263364.   4881.79          0.        0.     5000.
    46.00      7658.      5000.    263473.   4881.81          0.        0.     5000.
    46.50      7677.      5000.    263584.   4881.84          0.        0.     5000.
    47.00      7696.      5000.    263695.   4881.86          0.        0.     5000.
    47.50      7715.      5000.    263806.   4881.88          0.        0.     5000.
    48.00      7734.      5000.    263919.   4881.91          0.        0.     5000.
    48.50      7754.      5000.    264032.   4881.93          0.        0.     5000.
    49.00      7773.      5000.    264146.   4881.95          0.        0.     5000.
    49.50      7794.      5000.    264261.   4881.98          0.        0.     5000.
    50.00      7815.      5000.    264377.   4882.00          0.        0.     5000.
    50.50      7838.      5000.    264493.   4882.03          0.        0.     5000.
    51.00      7860.      5000.    264611.   4882.05          0.        0.     5000.
    51.50      7883.      5000.    264729.   4882.07          0.        0.     5000.
    52.00      7907.      5000.    264849.   4882.10          0.        0.     5000.
    52.50      7931.      5000.    264970.   4882.12          0.        0.     5000.
    53.00      7956.      5000.    265090.   4882.15          0.        0.     5000.
    53.50      7981.      5000.    265213.   4882.17          0.        0.     5000.
    54.00      8006.      5000.    265336.   4882.20          0.        0.     5000.
    54.50      8032.      5000.    265461.   4882.23          0.        0.     5000.
    55.00      8058.      5000.    265586.   4882.25          0.        0.     5000.
    55.50      8084.      5000.    265714.   4882.28          0.        0.     5000.
    56.00      8110.      5000.    265841.   4882.30          0.        0.     5000.
    56.50      8136.      5000.    265971.   4882.33          0.        0.     5000.
    57.00      8162.      5000.    266101.   4882.36          0.        0.     5000.
    57.50      8193.      5000.    266233.   4882.39          0.        0.     5000.
    58.00      8220.      5000.    266366.   4882.41          0.        0.     5000.
    58.50      8247.      5000.    266500.   4882.44          0.        0.     5000.
    59.00      8273.      5000.    266635.   4882.47          0.        0.     5000.
    59.50      8305.      5000.    266772.   4882.50          0.        0.     5000.
    60.00      8342.      5000.    266909.   4882.52          0.        0.     5000.
    60.50      8380.      5000.    267048.   4882.55          0.        0.     5000.
    61.00      8422.      5000.    267190.   4882.58          0.        0.     5000.
    61.50      8466.      5000.    267332.   4882.61          0.        0.     5000.
    62.00      8520.      5000.    267476.   4882.64          0.        0.     5000.
    62.50      8597.      5000.    267622.   4882.67          0.        0.     5000.
    63.00      8714.      5000.    267773.   4882.70          0.        0.     5000.
    63.50      8875.      5000.    267929.   4882.74          0.        0.     5000.
    64.00      9076.      5000.    268095.   4882.77          0.        0.     5000.
    64.50      9314.      5000.    268267.   4882.81          0.        0.     5000.
    65.00      9632.      5000.    268451.   4882.84          0.        0.     5000.
    65.50     10161.      5000.    268654.   4882.89          0.        0.     5000.
    66.00     11175.      5000.    268888.   4882.93          0.        0.     5000.
    66.50     13027.      5000.    269181.   4882.99          0.        0.     5000.
    67.00     21273.      5000.    269684.   4883.10          0.        0.     5000.
    67.50     45395.      5000.    270856.   4883.34          0.        0.     5000.
    68.00     52673.      5000.    272674.   4883.72          0.        0.     5000.
    68.50     56287.      5000.    274719.   4884.14          0.        0.     5000.
    69.00     58894.      5000.    276892.   4884.59          0.        0.     5000.
    69.50     61133.      5000.    279167.   4885.06          0.        0.     5000.
    70.00     63067.      5000.    281526.   4885.55          0.        0.     5000.
    70.50     64603.      5000.    283957.   4886.05          0.        0.     5000.
    71.00     65673.      5000.    286441.   4886.56          0.        0.     5000.
    71.50     66272.      5000.    288961.   4887.08          0.        0.     5000.
    72.00     66420.      5000.    291495.   4887.61          0.        0.     5000.
    72.50     66206.      5000.    294030.   4888.13          0.        0.     5000.
    73.00     65768.      5000.    296550.   4888.65          0.        0.     5000.
    73.50     65241.      5000.    299051.   4889.17          0.        0.     5000.
    74.00     64710.      5000.    301528.   4889.68          0.        0.     5000.
    74.50     64209.      5000.    303986.   4890.17          0.        0.     5000.
    75.00     63737.      5000.    306423.   4890.62          0.        0.     5000.
    75.50     63288.      5000.    308841.   4891.06          0.        0.     5000.
    76.00     62826.      5000.    311241.   4891.51          0.        0.     5000.
    76.50     62304.      5000.    313619.   4891.94          0.        0.     5000.
    77.00     61678.      5000.    315974.   4892.38          0.        0.     5000.
    77.50     60908.      5000.    318299.   4892.81          0.        0.     5000.
    78.00     59980.      5000.    320590.   4893.23          0.        0.     5000.
    78.50     58904.      5000.    322838.   4893.64          0.        0.     5000.
    79.00     57709.      5000.    325042.   4894.05          0.        0.     5000.
    79.50     56416.      5000.    327192.   4894.44          0.        0.     5000.
    80.00     55039.      5000.    329289.   4894.83          0.        0.     5000.
    80.50     53586.      5000.    331328.   4895.20          0.        0.     5000.
    81.00     52052.      5000.    333304.   4895.57          0.        0.     5000.
    81.50     50465.      5000.    335216.   4895.92          0.        0.     5000.
    82.00     48827.      5000.    337061.   4896.26          0.        0.     5000.
    82.50     47161.      5000.    338838.   4896.59          0.        0.     5000.
    83.00     45483.      5000.    340545.   4896.90          0.        0.     5000.
    83.50     43791.      5000.    342184.   4897.20          0.        0.     5000.
    84.00     42122.      5000.    343753.   4897.49          0.        0.     5000.
    84.50     40537.      5000.    345254.   4897.77          0.        0.     5000.
    85.00     38941.      5000.    346689.   4898.03          0.        0.     5000.
    85.50     37357.      5000.    348060.   4898.29          0.        0.     5000.
    86.00     35834.      5000.    349364.   4898.53          0.        0.     5000.
    86.50     34448.      5000.    350610.   4898.76          0.        0.     5000.
    87.00     33086.      5000.    351798.   4898.97          0.        0.     5000.
    87.50     31777.      5000.    352933.   4899.18          0.        0.     5000.
    88.00     30502.      5000.    354012.   4899.38          0.        0.     5000.
    88.50     29342.      5000.    355041.   4899.57          0.        0.     5000.
    89.00     28269.      5000.    356025.   4899.75          0.        0.     5000.
    89.50     27237.      5000.    356966.   4899.93          0.        0.     5000.
    90.00     26274.      5200.    357861.   4900.08          0.        0.     5200.
    90.50     25373.      5543.    358705.   4900.22          0.        0.     5543.
    91.00     24620.      5867.    359501.   4900.35          0.        0.     5867.
    91.50     23845.      6173.    360255.   4900.47          0.        0.     6173.
    92.00     23086.      6461.    360963.   4900.58          0.        0.     6461.
    92.50     22383.      6732.    361630.   4900.69          0.        0.     6732.
    93.00     21739.      6987.    362257.   4900.79          0.        0.     6987.
    93.50     21116.      7228.    362849.   4900.89          0.        0.     7228.
    94.00     20496.      7454.    363404.   4900.98          0.        0.     7454.
    94.50     19886.      7666.    363927.   4901.07          0.        0.     7666.
    95.00     19295.      7865.    364416.   4901.15          0.        0.     7865.
    95.50     18736.      8051.    364873.   4901.22          0.        0.     8051.
    96.00     18228.      8224.    365299.   4901.29          0.        0.     8224.
    96.50     17768.      8386.    365698.   4901.35          0.        0.     8386.
    97.00     17340.      8539.    366074.   4901.42          0.        0.     8539.
    97.50     16930.      8682.    366425.   4901.47          0.        0.     8682.
    98.00     16580.      8816.    366755.   4901.53          0.        0.     8816.
    98.50     16265.      8943.    367068.   4901.58          0.        0.     8943.
    99.00     15946.      9063.    367362.   4901.63          0.        0.     9063.
    99.50     15637.      9175.    367638.   4901.67          0.        0.     9175.
   100.00     15354.      9280.    367896.   4901.71          0.        0.     9280.
   100.50     15102.      9379.    368140.   4901.75          0.        0.     9379.
   101.00     14859.      9471.    368368.   4901.79          0.        0.     9471.
   101.50     14622.      9559.    368584.   4901.82          0.        0.     9559.
   102.00     14394.      9642.    368788.   4901.86          0.        0.     9642.
   102.50     14189.      9719.    368977.   4901.89          0.        0.     9719.
   103.00     13979.      9792.    369158.   4901.92          0.        0.     9792.
   103.50     13783.      9861.    369326.   4901.94          0.        0.     9861.
   104.00     13604.      9924.    369482.   4901.97          0.        0.     9924.
   104.50     13431.      9984.    369629.   4901.99          0.        0.     9984.
   105.00     13266.     10101.    369767.   4902.02          0.        0.    10101.
   105.50     13112.     10229.    369893.   4902.04          0.        0.    10229.
   106.00     12962.     10345.    370007.   4902.06          0.        0.    10345.
   106.50     12817.     10449.    370109.   4902.07          0.        0.    10449.
   107.00     12683.     10543.    370202.   4902.09          0.        0.    10543.
   107.50     12558.     10629.    370287.   4902.10          0.        0.    10629.
   108.00     12435.     10705.    370362.   4902.11          0.        0.    10705.
   108.50     12319.     10775.    370431.   4902.12          0.        0.    10775.
   109.00     12208.     10836.    370491.   4902.13          0.        0.    10836.
   109.50     12103.     10891.    370545.   4902.14          0.        0.    10891.
   110.00     12002.     10940.    370593.   4902.15          0.        0.    10940.
   110.50     11905.     10983.    370635.   4902.16          0.        0.    10983.
   111.00     11812.     11019.    370671.   4902.16          0.        0.    11019.
   111.50     11723.     11050.    370701.   4902.17          0.        0.    11050.
   112.00     11639.     11077.    370728.   4902.17          0.        0.    11077.
   112.50     11558.     11099.    370749.   4902.18          0.        0.    11099.
   113.00     11482.     11117.    370767.   4902.18          0.        0.    11117.
   113.50     11408.     11129.    370779.   4902.18          0.        0.    11129.
   114.00     11337.     11138.    370788.   4902.18          0.        0.    11138.
   114.50     11271.     11144.    370794.   4902.18          0.        0.    11144.
   115.00     11206.     11147.    370797.   4902.18          0.        0.    11147.
   115.50     11145.     11147.    370797.   4902.18          0.        0.    11147.
   116.00     11086.     11147.    370797.   4902.18          0.        0.    11147.
   116.50     11029.     11144.    370794.   4902.18          0.        0.    11144.
   117.00     10974.     11138.    370788.   4902.18          0.        0.    11138.
   117.50     10922.     11129.    370779.   4902.18          0.        0.    11129.
   118.00     10870.     11120.    370770.   4902.18          0.        0.    11120.
   118.50     10821.     11108.    370758.   4902.18          0.        0.    11108.
   119.00     10773.     11096.    370746.   4902.18          0.        0.    11096.
   119.50     10726.     11080.    370731.   4902.17          0.        0.    11080.
   120.00     10681.     11065.    370716.   4902.17          0.        0.    11065.
   120.50     10638.     11050.    370701.   4902.17          0.        0.    11050.
   121.00     10594.     11031.    370683.   4902.17          0.        0.    11031.
   121.50     10553.     11013.    370665.   4902.16          0.        0.    11013.
   122.00     10513.     10995.    370647.   4902.16          0.        0.    10995.
   122.50     10473.     10974.    370626.   4902.16          0.        0.    10974.
   123.00     10434.     10952.    370605.   4902.15          0.        0.    10952.
   123.50     10396.     10931.    370584.   4902.15          0.        0.    10931.
   124.00     10358.     10909.    370563.   4902.15          0.        0.    10909.
   124.50     10322.     10885.    370539.   4902.14          0.        0.    10885.
   125.00     10286.     10861.    370515.   4902.14          0.        0.    10861.
   125.50     10252.     10836.    370491.   4902.13          0.        0.    10836.
   126.00     10218.     10812.    370467.   4902.13          0.        0.    10812.
   126.50     10184.     10787.    370443.   4902.13          0.        0.    10787.
   127.00     10152.     10763.    370419.   4902.12          0.        0.    10763.
   127.50     10120.     10739.    370395.   4902.12          0.        0.    10739.
   128.00     10089.     10711.    370368.   4902.11          0.        0.    10711.
   128.50     10058.     10684.    370341.   4902.11          0.        0.    10684.
   129.00      8502.     10626.    370284.   4902.10          0.        0.    10626.
   129.50      8497.     10537.    370196.   4902.09          0.        0.    10537.
   130.00      8492.     10452.    370112.   4902.07          0.        0.    10452.
   130.50      8486.     10372.    370034.   4902.06          0.        0.    10372.
   131.00      8480.     10296.    369959.   4902.05          0.        0.    10296.
   131.50      8474.     10220.    369884.   4902.04          0.        0.    10220.
   132.00      8469.     10146.    369812.   4902.02          0.        0.    10146.
   132.50      8462.     10076.    369743.   4902.01          0.        0.    10076.
   133.00      8456.     10009.    369677.   4902.00          0.        0.    10009.
   133.50      8450.      9978.    369614.   4901.99          0.        0.     9978.
   134.00      8444.      9952.    369551.   4901.98          0.        0.     9952.
   134.50      8438.      9927.    369488.   4901.97          0.        0.     9927.
   135.00      8431.      9902.    369428.   4901.96          0.        0.     9902.
   135.50      8425.      9878.    369368.   4901.95          0.        0.     9878.
   136.00      8418.      9854.    369308.   4901.94          0.        0.     9854.
   136.50      8412.      9829.    369248.   4901.93          0.        0.     9829.
   137.00      8406.      9806.    369191.   4901.92          0.        0.     9806.
   137.50      8399.      9783.    369134.   4901.91          0.        0.     9783.
   138.00      8393.      9760.    369076.   4901.90          0.        0.     9760.
   138.50      8386.      9736.    369019.   4901.89          0.        0.     9736.
   139.00      8380.      9714.    368965.   4901.89          0.        0.     9714.
   139.50      8374.      9692.    368911.   4901.88          0.        0.     9692.
   140.00      8367.      9670.    368857.   4901.87          0.        0.     9670.
   140.50      8361.      9648.    368803.   4901.86          0.        0.     9648.
   141.00      8355.      9626.    368749.   4901.85          0.        0.     9626.
   141.50      8349.      9606.    368698.   4901.84          0.        0.     9606.
   142.00      8343.      9585.    368647.   4901.83          0.        0.     9585.
   142.50      8337.      9564.    368596.   4901.83          0.        0.     9564.
   143.00      8332.      9543.    368545.   4901.82          0.        0.     9543.
   143.50      8326.      9523.    368494.   4901.81          0.        0.     9523.
   144.00      8321.      9503.    368446.   4901.80          0.        0.     9503.
   144.50      8315.      9484.    368398.   4901.79          0.        0.     9484.
   145.00      8310.      9464.    368350.   4901.79          0.        0.     9464.
   145.50      8305.      9445.    368302.   4901.78          0.        0.     9445.
   146.00      8300.      9425.    368254.   4901.77          0.        0.     9425.
   146.50      8295.      9407.    368209.   4901.76          0.        0.     9407.
   147.00      8290.      9388.    368164.   4901.76          0.        0.     9388.
   147.50      8285.      9370.    368119.   4901.75          0.        0.     9370.
   148.00      8280.      9352.    368074.   4901.74          0.        0.     9352.
   148.50      8274.      9333.    368029.   4901.73          0.        0.     9333.
   149.00      8269.      9316.    367987.   4901.73          0.        0.     9316.
   149.50      8264.      9299.    367944.   4901.72          0.        0.     9299.
   150.00      8259.      9282.    367902.   4901.71          0.        0.     9282.
   150.50      8254.      9265.    367860.   4901.71          0.        0.     9265.
   151.00      8249.      9248.    367818.   4901.70          0.        0.     9248.
   151.50      8244.      9231.    367776.   4901.69          0.        0.     9231.
   152.00      8239.      9215.    367737.   4901.69          0.        0.     9215.
   152.50      8234.      9199.    367698.   4901.68          0.        0.     9199.
   153.00      8229.      9183.    367659.   4901.67          0.        0.     9183.
   153.50      8224.      9167.    367620.   4901.67          0.        0.     9167.
   154.00      8219.      9152.    367581.   4901.66          0.        0.     9152.
   154.50      8214.      9136.    367542.   4901.65          0.        0.     9136.
   155.00      8209.      9120.    367503.   4901.65          0.        0.     9120.
   155.50      8204.      9105.    367467.   4901.64          0.        0.     9105.
   156.00      8199.      9091.    367431.   4901.64          0.        0.     9091.
   156.50      8194.      9076.    367395.   4901.63          0.        0.     9076.
   157.00      8189.      9061.    367359.   4901.62          0.        0.     9061.
   157.50      8183.      9047.    367323.   4901.62          0.        0.     9047.
   158.00      8178.      9032.    367287.   4901.61          0.        0.     9032.
   158.50      8173.      9017.    367251.   4901.61          0.        0.     9017.
   159.00      8168.      9003.    367215.   4901.60          0.        0.     9003.
   159.50      8163.      8989.    367182.   4901.60          0.        0.     8989.
   160.00      8157.      8976.    367149.   4901.59          0.        0.     8976.
   160.50      8152.      8962.    367116.   4901.58          0.        0.     8962.
   161.00      8147.      8949.    367083.   4901.58          0.        0.     8949.
   161.50      8141.      8936.    367050.   4901.57          0.        0.     8936.
   162.00      8136.      8922.    367017.   4901.57          0.        0.     8922.
   162.50      8130.      8909.    366984.   4901.56          0.        0.     8909.
   163.00      8125.      8895.    366951.   4901.56          0.        0.     8895.
   163.50      8119.      8882.    366918.   4901.55          0.        0.     8882.
   164.00      8113.      8870.    366888.   4901.55          0.        0.     8870.
   164.50      8108.      8857.    366858.   4901.54          0.        0.     8857.
   165.00      8102.      8845.    366827.   4901.54          0.        0.     8845.
   165.50      8096.      8833.    366797.   4901.53          0.        0.     8833.
   166.00      8090.      8821.    366767.   4901.53          0.        0.     8821.
   166.50      8084.      8809.    366737.   4901.52          0.        0.     8809.
   167.00      8078.      8796.    366707.   4901.52          0.        0.     8796.
   167.50      8072.      8784.    366677.   4901.51          0.        0.     8784.
   168.00      8066.      8772.    366647.   4901.51          0.        0.     8772.
   168.50      8060.      8760.    366617.   4901.50          0.        0.     8760.
   169.00      8054.      8748.    366587.   4901.50          0.        0.     8748.
   169.50      8047.      8735.    366557.   4901.49          0.        0.     8735.
   170.00      8040.      8724.    366530.   4901.49          0.        0.     8724.
   170.50      8032.      8713.    366503.   4901.49          0.        0.     8713.
   171.00      8024.      8702.    366476.   4901.48          0.        0.     8702.
   171.50      8016.      8691.    366449.   4901.48          0.        0.     8691.
   172.00      8008.      8680.    366422.   4901.47          0.        0.     8680.
   172.50      7999.      8669.    366395.   4901.47          0.        0.     8669.
   173.00      7990.      8658.    366368.   4901.46          0.        0.     8658.
   173.50      7981.      8647.    366341.   4901.46          0.        0.     8647.
   174.00      7972.      8636.    366314.   4901.45          0.        0.     8636.
   174.50      7962.      8625.    366287.   4901.45          0.        0.     8625.
   175.00      7953.      8615.    366260.   4901.45          0.        0.     8615.
   175.50      7943.      8604.    366233.   4901.44          0.        0.     8604.
   176.00      7933.      8593.    366206.   4901.44          0.        0.     8593.
   176.50      7923.      8582.    366179.   4901.43          0.        0.     8582.
   177.00      7913.      8571.    366152.   4901.43          0.        0.     8571.
   177.50      7903.      8560.    366125.   4901.42          0.        0.     8560.
   178.00      7893.      8549.    366098.   4901.42          0.        0.     8549.
   178.50      7883.      8538.    366071.   4901.42          0.        0.     8538.
   179.00      7873.      8527.    366044.   4901.41          0.        0.     8527.
   179.50      7864.      8516.    366017.   4901.41          0.        0.     8516.
   180.00      7854.      8505.    365990.   4901.40          0.        0.     8505.
   180.50      7844.      8494.    365963.   4901.40          0.        0.     8494.
   181.00      7834.      8483.    365936.   4901.39          0.        0.     8483.
   181.50      7825.      8472.    365909.   4901.39          0.        0.     8472.
   182.00      7816.      8461.    365882.   4901.38          0.        0.     8461.
   182.50      7807.      8450.    365855.   4901.38          0.        0.     8450.
   183.00      7798.      8439.    365828.   4901.38          0.        0.     8439.
   183.50      7789.      8428.    365801.   4901.37          0.        0.     8428.
   184.00      7781.      8417.    365774.   4901.37          0.        0.     8417.
   184.50      7773.      8406.    365747.   4901.36          0.        0.     8406.
   185.00      7765.      8395.    365719.   4901.36          0.        0.     8395.
   185.50      7758.      8384.    365692.   4901.35          0.        0.     8384.
   186.00      7751.      8373.    365665.   4901.35          0.        0.     8373.
   186.50      7744.      8362.    365638.   4901.34          0.        0.     8362.
   187.00      7738.      8352.    365614.   4901.34          0.        0.     8352.
   187.50      7732.      8342.    365590.   4901.34          0.        0.     8342.
   188.00      7727.      8333.    365566.   4901.33          0.        0.     8333.
   188.50      7722.      8323.    365542.   4901.33          0.        0.     8323.
   189.00      7718.      8313.    365518.   4901.33          0.        0.     8313.
   189.50      7714.      8303.    365494.   4901.32          0.        0.     8303.
   190.00      7710.      8293.    365470.   4901.32          0.        0.     8293.
   190.50      7708.      8284.    365446.   4901.31          0.        0.     8284.
   191.00      7705.      8274.    365422.   4901.31          0.        0.     8274.
   191.50      7704.      8264.    365398.   4901.31          0.        0.     8264.
   192.00      7703.      8254.    365374.   4901.30          0.        0.     8254.
   192.50      7703.      8245.    365350.   4901.30          0.        0.     8245.
   193.00      7703.      8236.    365329.   4901.29          0.        0.     8236.
   193.50      7703.      8228.    365308.   4901.29          0.        0.     8228.
   194.00      7703.      8219.    365287.   4901.29          0.        0.     8219.
   194.50      7703.      8210.    365266.   4901.28          0.        0.     8210.
   195.00      7703.      8202.    365245.   4901.28          0.        0.     8202.
   195.50      7703.      8193.    365224.   4901.28          0.        0.     8193.
   196.00      7703.      8185.    365203.   4901.27          0.        0.     8185.
   196.50      7703.      8176.    365182.   4901.27          0.        0.     8176.
   197.00      7703.      8169.    365164.   4901.27          0.        0.     8169.
   197.50      7703.      8162.    365146.   4901.26          0.        0.     8162.
   198.00      7703.      8154.    365128.   4901.26          0.        0.     8154.
   198.50      7703.      8147.    365110.   4901.26          0.        0.     8147.
   199.00      7703.      8140.    365092.   4901.26          0.        0.     8140.
   199.50      7703.      8132.    365074.   4901.25          0.        0.     8132.
   200.00      7703.      8125.    365056.   4901.25          0.        0.     8125.
   200.50      7703.      8118.    365038.   4901.25          0.        0.     8118.
   201.00      7703.      8110.    365020.   4901.24          0.        0.     8110.
   201.50      7703.      8103.    365002.   4901.24          0.        0.     8103.
   202.00      7703.      8097.    364987.   4901.24          0.        0.     8097.
   202.50      7703.      8091.    364972.   4901.24          0.        0.     8091.
   203.00      7703.      8085.    364957.   4901.23          0.        0.     8085.
   203.50      7703.      8079.    364942.   4901.23          0.        0.     8079.
   204.00      7703.      8073.    364927.   4901.23          0.        0.     8073.
   204.50      7703.      8066.    364912.   4901.23          0.        0.     8066.
   205.00      7703.      8060.    364897.   4901.22          0.        0.     8060.
   205.50      7703.      8054.    364882.   4901.22          0.        0.     8054.
   206.00      7703.      8048.    364867.   4901.22          0.        0.     8048.
   206.50      7703.      8042.    364852.   4901.22          0.        0.     8042.
   207.00      7703.      8036.    364837.   4901.21          0.        0.     8036.
   207.50      7703.      8030.    364822.   4901.21          0.        0.     8030.
   208.00      7703.      8025.    364810.   4901.21          0.        0.     8025.
   208.50      7703.      8020.    364798.   4901.21          0.        0.     8020.
   209.00      7703.      8015.    364786.   4901.21          0.        0.     8015.
   209.50      7703.      8010.    364774.   4901.20          0.        0.     8010.
   210.00      7703.      8005.    364762.   4901.20          0.        0.     8005.
   210.50      7703.      8000.    364750.   4901.20          0.        0.     8000.
   211.00      7703.      7996.    364738.   4901.20          0.        0.     7996.
   211.50      7703.      7991.    364726.   4901.20          0.        0.     7991.
   212.00      7703.      7986.    364714.   4901.19          0.        0.     7986.
   212.50      7703.      7981.    364702.   4901.19          0.        0.     7981.
   213.00      7703.      7976.    364690.   4901.19          0.        0.     7976.
   213.50      7703.      7971.    364678.   4901.19          0.        0.     7971.
   214.00      7703.      7966.    364666.   4901.19          0.        0.     7966.
   214.50      7703.      7961.    364654.   4901.18          0.        0.     7961.
   215.00      7703.      7957.    364642.   4901.18          0.        0.     7957.
   215.50      7703.      7953.    364633.   4901.18          0.        0.     7953.
   216.00      7703.      7949.    364624.   4901.18          0.        0.     7949.
   216.50      7703.      7946.    364614.   4901.18          0.        0.     7946.
   217.00      7702.      7942.    364605.   4901.18          0.        0.     7942.
   217.50      7702.      7938.    364596.   4901.18          0.        0.     7938.
   218.00      7700.      7935.    364587.   4901.17          0.        0.     7935.
   218.50      7699.      7931.    364578.   4901.17          0.        0.     7931.
   219.00      7697.      7927.    364569.   4901.17          0.        0.     7927.
   219.50      7694.      7924.    364560.   4901.17          0.        0.     7924.
   220.00      7692.      7920.    364551.   4901.17          0.        0.     7920.
   220.50      7688.      7916.    364542.   4901.17          0.        0.     7916.
   221.00      7685.      7913.    364533.   4901.17          0.        0.     7913.
   221.50      7681.      7909.    364524.   4901.16          0.        0.     7909.
   222.00      7677.      7905.    364515.   4901.16          0.        0.     7905.
   222.50      7672.      7902.    364506.   4901.16          0.        0.     7902.
   223.00      7667.      7898.    364497.   4901.16          0.        0.     7898.
   223.50      7662.      7894.    364488.   4901.16          0.        0.     7894.
   224.00      7656.      7891.    364479.   4901.16          0.        0.     7891.
   224.50      7650.      7887.    364470.   4901.15          0.        0.     7887.
   225.00      7644.      7883.    364461.   4901.15          0.        0.     7883.
   225.50      7638.      7880.    364452.   4901.15          0.        0.     7880.
   226.00      7631.      7876.    364443.   4901.15          0.        0.     7876.
   226.50      7624.      7872.    364434.   4901.15          0.        0.     7872.
   227.00      7617.      7869.    364425.   4901.15          0.        0.     7869.
   227.50      7610.      7865.    364416.   4901.15          0.        0.     7865.
   228.00      7603.      7860.    364404.   4901.14          0.        0.     7860.
   228.50      7595.      7855.    364392.   4901.14          0.        0.     7855.
   229.00      7587.      7850.    364380.   4901.14          0.        0.     7850.
   229.50      7579.      7845.    364368.   4901.14          0.        0.     7845.
   230.00      7571.      7841.    364356.   4901.14          0.        0.     7841.
   230.50      7562.      7836.    364344.   4901.13          0.        0.     7836.
   231.00      7554.      7831.    364332.   4901.13          0.        0.     7831.
   231.50      7545.      7826.    364320.   4901.13          0.        0.     7826.
   232.00      7537.      7821.    364308.   4901.13          0.        0.     7821.
   232.50      7528.      7816.    364296.   4901.13          0.        0.     7816.
   233.00      7519.      7811.    364284.   4901.12          0.        0.     7811.
   233.50      7510.      7806.    364272.   4901.12          0.        0.     7806.
   234.00      7501.      7802.    364260.   4901.12          0.        0.     7802.
   234.50      7492.      7797.    364248.   4901.12          0.        0.     7797.
   235.00      7483.      7792.    364236.   4901.12          0.        0.     7792.
   235.50      7474.      7787.    364224.   4901.11          0.        0.     7787.
   236.00      7465.      7782.    364212.   4901.11          0.        0.     7782.
   236.50      7456.      7777.    364200.   4901.11          0.        0.     7777.
   237.00      7447.      7772.    364188.   4901.11          0.        0.     7772.
   237.50      7438.      7766.    364173.   4901.11          0.        0.     7766.
   238.00      7429.      7760.    364158.   4901.10          0.        0.     7760.
   238.50      7420.      7754.    364143.   4901.10          0.        0.     7754.
   239.00      7412.      7748.    364128.   4901.10          0.        0.     7748.
   239.50      7403.      7742.    364113.   4901.10          0.        0.     7742.
   240.00      7394.      7736.    364098.   4901.09          0.        0.     7736.
   240.50      7386.      7729.    364083.   4901.09          0.        0.     7729.
   241.00      7377.      7723.    364068.   4901.09          0.        0.     7723.
   241.50      7367.      7717.    364053.   4901.09          0.        0.     7717.
   242.00      7357.      7711.    364038.   4901.08          0.        0.     7711.
   242.50      7346.      7705.    364023.   4901.08          0.        0.     7705.
   243.00      7335.      7699.    364008.   4901.08          0.        0.     7699.
   243.50      7323.      7693.    363993.   4901.08          0.        0.     7693.
   244.00      7310.      7687.    363978.   4901.07          0.        0.     7687.
   244.50      7297.      7681.    363963.   4901.07          0.        0.     7681.
   245.00      7284.      7675.    363948.   4901.07          0.        0.     7675.
   245.50      7270.      7668.    363933.   4901.07          0.        0.     7668.
   246.00      7256.      7661.    363915.   4901.06          0.        0.     7661.
   246.50      7241.      7654.    363897.   4901.06          0.        0.     7654.
   247.00      7226.      7646.    363879.   4901.06          0.        0.     7646.
   247.50      7211.      7639.    363861.   4901.06          0.        0.     7639.
   248.00      7196.      7632.    363843.   4901.05          0.        0.     7632.
   248.50      7180.      7625.    363825.   4901.05          0.        0.     7625.
   249.00      7164.      7617.    363807.   4901.05          0.        0.     7617.
   249.50      7149.      7610.    363789.   4901.04          0.        0.     7610.
   250.00      7133.      7603.    363771.   4901.04          0.        0.     7603.
   250.50      7117.      7594.    363750.   4901.04          0.        0.     7594.
   251.00      7101.      7585.    363729.   4901.03          0.        0.     7585.
   251.50      7085.      7577.    363708.   4901.03          0.        0.     7577.
   252.00      7070.      7568.    363687.   4901.03          0.        0.     7568.
   252.50      7054.      7560.    363666.   4901.02          0.        0.     7560.
   253.00      7039.      7551.    363645.   4901.02          0.        0.     7551.
   253.50      7024.      7543.    363624.   4901.02          0.        0.     7543.
   254.00      7009.      7534.    363603.   4901.01          0.        0.     7534.
   254.50      6994.      7526.    363582.   4901.01          0.        0.     7526.
   255.00      6980.      7517.    363561.   4901.01          0.        0.     7517.
   255.50      6966.      7509.    363540.   4901.00          0.        0.     7509.
   256.00      6953.      7500.    363519.   4901.00          0.        0.     7500.
   256.50      6940.      7490.    363494.   4901.00          0.        0.     7490.
   257.00      6927.      7480.    363470.   4900.99          0.        0.     7480.
   257.50      6915.      7471.    363446.   4900.99          0.        0.     7471.
   258.00      6904.      7461.    363422.   4900.98          0.        0.     7461.
   258.50      6893.      7451.    363398.   4900.98          0.        0.     7451.
   259.00      6883.      7441.    363374.   4900.98          0.        0.     7441.
   259.50      6873.      7432.    363350.   4900.97          0.        0.     7432.
   260.00      6864.      7422.    363326.   4900.97          0.        0.     7422.
   260.50      6856.      7412.    363302.   4900.96          0.        0.     7412.
   261.00      6849.      7402.    363278.   4900.96          0.        0.     7402.
   261.50      6843.      7393.    363254.   4900.96          0.        0.     7393.
   262.00      6837.      7383.    363230.   4900.95          0.        0.     7383.
   262.50      6832.      7374.    363209.   4900.95          0.        0.     7374.
   263.00      6829.      7366.    363188.   4900.95          0.        0.     7366.
   263.50      6826.      7357.    363167.   4900.94          0.        0.     7357.
   264.00      6825.      7349.    363146.   4900.94          0.        0.     7349.
   264.50      6824.      7340.    363125.   4900.94          0.        0.     7340.
   265.00      6824.      7332.    363104.   4900.93          0.        0.     7332.
   265.50      6824.      7323.    363083.   4900.93          0.        0.     7323.
   266.00      6825.      7314.    363062.   4900.93          0.        0.     7314.
   266.50      6825.      7306.    363041.   4900.92          0.        0.     7306.
   267.00      6826.      7297.    363020.   4900.92          0.        0.     7297.
   267.50      6827.      7290.    363002.   4900.92          0.        0.     7290.
   268.00      6828.      7283.    362984.   4900.91          0.        0.     7283.
   268.50      6829.      7275.    362966.   4900.91          0.        0.     7275.
   269.00      6830.      7268.    362948.   4900.91          0.        0.     7268.
   269.50      6831.      7261.    362930.   4900.90          0.        0.     7261.
   270.00      6832.      7253.    362912.   4900.90          0.        0.     7253.
   270.50      6834.      7246.    362894.   4900.90          0.        0.     7246.
   271.00      6835.      7239.    362876.   4900.90          0.        0.     7239.
   271.50      6837.      7233.    362861.   4900.89          0.        0.     7233.
   272.00      6838.      7227.    362846.   4900.89          0.        0.     7227.
   272.50      6840.      7220.    362831.   4900.89          0.        0.     7220.
   273.00      6842.      7214.    362816.   4900.89          0.        0.     7214.
   273.50      6843.      7208.    362801.   4900.88          0.        0.     7208.
   274.00      6845.      7202.    362786.   4900.88          0.        0.     7202.
   274.50      6847.      7196.    362771.   4900.88          0.        0.     7196.
   275.00      6849.      7190.    362756.   4900.88          0.        0.     7190.
   275.50      6851.      7184.    362741.   4900.87          0.        0.     7184.
   276.00      6853.      7178.    362726.   4900.87          0.        0.     7178.
   276.50      6855.      7173.    362714.   4900.87          0.        0.     7173.
   277.00      6857.      7168.    362702.   4900.87          0.        0.     7168.
   277.50      6858.      7163.    362690.   4900.87          0.        0.     7163.
   278.00      6860.      7158.    362678.   4900.86          0.        0.     7158.
   278.50      6862.      7153.    362666.   4900.86          0.        0.     7153.
   279.00      6864.      7148.    362654.   4900.86          0.        0.     7148.
   279.50      6866.      7144.    362642.   4900.86          0.        0.     7144.
   280.00      6868.      7139.    362630.   4900.86          0.        0.     7139.
   280.50      6869.      7134.    362618.   4900.85          0.        0.     7134.
   281.00      6871.      7129.    362606.   4900.85          0.        0.     7129.
   281.50      6873.      7124.    362594.   4900.85          0.        0.     7124.
   282.00      6874.      7120.    362585.   4900.85          0.        0.     7120.
   282.50      6876.      7117.    362576.   4900.85          0.        0.     7117.
   283.00      6877.      7113.    362567.   4900.85          0.        0.     7113.
   283.50      6878.      7109.    362558.   4900.84          0.        0.     7109.
   284.00      6880.      7106.    362549.   4900.84          0.        0.     7106.
   284.50      6881.      7102.    362540.   4900.84          0.        0.     7102.
   285.00      6882.      7098.    362531.   4900.84          0.        0.     7098.
   285.50      6883.      7095.    362522.   4900.84          0.        0.     7095.
   286.00      6883.      7091.    362513.   4900.84          0.        0.     7091.
   286.50      6884.      7087.    362504.   4900.83          0.        0.     7087.
   287.00      6885.      7084.    362495.   4900.83          0.        0.     7084.
   287.50      6885.      7080.    362486.   4900.83          0.        0.     7080.
   288.00      6885.      7076.    362477.   4900.83          0.        0.     7076.
   288.50      6885.      7073.    362468.   4900.83          0.        0.     7073.
   289.00      6885.      7069.    362459.   4900.83          0.        0.     7069.
   289.50      6884.      7065.    362450.   4900.83          0.        0.     7065.
   290.00      6883.      7063.    362444.   4900.83          0.        0.     7063.
   290.50      6881.      7061.    362438.   4900.82          0.        0.     7061.
   291.00      6879.      7058.    362432.   4900.82          0.        0.     7058.
   291.50      6876.      7056.    362426.   4900.82          0.        0.     7056.
   292.00      6873.      7053.    362420.   4900.82          0.        0.     7053.
   292.50      6870.      7051.    362414.   4900.82          0.        0.     7051.
   293.00      6866.      7048.    362408.   4900.82          0.        0.     7048.
   293.50      6862.      7045.    362399.   4900.82          0.        0.     7045.
   294.00      6857.      7041.    362390.   4900.82          0.        0.     7041.
   294.50      6852.      7037.    362380.   4900.81          0.        0.     7037.
   295.00      6847.      7034.    362371.   4900.81          0.        0.     7034.
   295.50      6842.      7030.    362362.   4900.81          0.        0.     7030.
   296.00      6836.      7026.    362353.   4900.81          0.        0.     7026.
   296.50      6830.      7023.    362344.   4900.81          0.        0.     7023.
   297.00      6824.      7019.    362335.   4900.81          0.        0.     7019.
   297.50      6817.      7015.    362326.   4900.81          0.        0.     7015.
   298.00      6811.      7012.    362317.   4900.80          0.        0.     7012.
   298.50      6804.      7008.    362308.   4900.80          0.        0.     7008.
   299.00      6797.      7004.    362299.   4900.80          0.        0.     7004.
   299.50      6790.      7001.    362290.   4900.80          0.        0.     7001.
   300.00      6783.      6997.    362281.   4900.80          0.        0.     6997.
   300.50      6776.      6993.    362272.   4900.80          0.        0.     6993.
   301.00      6769.      6990.    362263.   4900.80          0.        0.     6990.
   301.50      6761.      6986.    362254.   4900.79          0.        0.     6986.
   302.00      6754.      6982.    362245.   4900.79          0.        0.     6982.
   302.50      6747.      6979.    362236.   4900.79          0.        0.     6979.
   303.00      6739.      6975.    362227.   4900.79          0.        0.     6975.
   303.50      6732.      6971.    362218.   4900.79          0.        0.     6971.
   304.00      6725.      6968.    362209.   4900.79          0.        0.     6968.
   304.50      6718.      6964.    362200.   4900.79          0.        0.     6964.
   305.00      6711.      6960.    362191.   4900.78          0.        0.     6960.
   305.50      6704.      6957.    362182.   4900.78          0.        0.     6957.
   306.00      6697.      6953.    362173.   4900.78          0.        0.     6953.
   306.50      6690.      6948.    362161.   4900.78          0.        0.     6948.
   307.00      6684.      6943.    362149.   4900.78          0.        0.     6943.
   307.50      6678.      6938.    362137.   4900.78          0.        0.     6938.
   308.00      6672.      6934.    362125.   4900.77          0.        0.     6934.
   308.50      6666.      6929.    362113.   4900.77          0.        0.     6929.
   309.00      6660.      6924.    362101.   4900.77          0.        0.     6924.
   309.50      6655.      6919.    362089.   4900.77          0.        0.     6919.
   310.00      6650.      6914.    362077.   4900.77          0.        0.     6914.
   310.50      6645.      6909.    362065.   4900.76          0.        0.     6909.
   311.00      6641.      6904.    362053.   4900.76          0.        0.     6904.
   311.50      6637.      6899.    362041.   4900.76          0.        0.     6899.
   312.00      6633.      6895.    362029.   4900.76          0.        0.     6895.
   312.50      6630.      6890.    362017.   4900.76          0.        0.     6890.
   313.00      6627.      6885.    362005.   4900.75          0.        0.     6885.
   313.50      6624.      6880.    361993.   4900.75          0.        0.     6880.
   314.00      6621.      6875.    361981.   4900.75          0.        0.     6875.
   314.50      6619.      6871.    361972.   4900.75          0.        0.     6871.
   315.00      6616.      6868.    361963.   4900.75          0.        0.     6868.
   315.50      6614.      6864.    361954.   4900.75          0.        0.     6864.
   316.00      6611.      6860.    361945.   4900.74          0.        0.     6860.
   316.50      6609.      6857.    361936.   4900.74          0.        0.     6857.
   317.00      6607.      6853.    361927.   4900.74          0.        0.     6853.
   317.50      6604.      6849.    361918.   4900.74          0.        0.     6849.
   318.00      6602.      6846.    361909.   4900.74          0.        0.     6846.
   318.50      6600.      6842.    361900.   4900.74          0.        0.     6842.
   319.00      6598.      6838.    361891.   4900.74          0.        0.     6838.
   319.50      6596.      6835.    361882.   4900.73          0.        0.     6835.
   320.00      6594.      6831.    361873.   4900.73          0.        0.     6831.
   320.50      6593.      6827.    361864.   4900.73          0.        0.     6827.
   321.00      6591.      6824.    361855.   4900.73          0.        0.     6824.
   321.50      6589.      6820.    361846.   4900.73          0.        0.     6820.
   322.00      6587.      6816.    361837.   4900.73          0.        0.     6816.
   322.50      6586.      6813.    361828.   4900.73          0.        0.     6813.
   323.00      6584.      6809.    361819.   4900.72          0.        0.     6809.
   323.50      6582.      6805.    361810.   4900.72          0.        0.     6805.
   324.00      6580.      6802.    361801.   4900.72          0.        0.     6802.
   324.50      6579.      6798.    361792.   4900.72          0.        0.     6798.
   325.00      6577.      6794.    361783.   4900.72          0.        0.     6794.
   325.50      6575.      6791.    361774.   4900.72          0.        0.     6791.
   326.00      6574.      6787.    361765.   4900.71          0.        0.     6787.
   326.50      6572.      6783.    361756.   4900.71          0.        0.     6783.
   327.00      6570.      6780.    361747.   4900.71          0.        0.     6780.
   327.50      6569.      6776.    361738.   4900.71          0.        0.     6776.
   328.00      6567.      6772.    361729.   4900.71          0.        0.     6772.
   328.50      6565.      6769.    361720.   4900.71          0.        0.     6769.
   329.00      6563.      6765.    361711.   4900.71          0.        0.     6765.
   329.50      6561.      6761.    361702.   4900.70          0.        0.     6761.
   330.00      6559.      6758.    361693.   4900.70          0.        0.     6758.
   330.50      6557.      6754.    361684.   4900.70          0.        0.     6754.
   331.00      6555.      6750.    361675.   4900.70          0.        0.     6750.
   331.50      6553.      6747.    361666.   4900.70          0.        0.     6747.
   332.00      6551.      6743.    361657.   4900.70          0.        0.     6743.
   332.50      6549.      6740.    361648.   4900.70          0.        0.     6740.
   333.00      6546.      6736.    361639.   4900.69          0.        0.     6736.
   333.50      6544.      6732.    361630.   4900.69          0.        0.     6732.
   334.00      6542.      6729.    361621.   4900.69          0.        0.     6729.
   334.50      6539.      6725.    361612.   4900.69          0.        0.     6725.
   335.00      6536.      6721.    361603.   4900.69          0.        0.     6721.
   335.50      6534.      6718.    361594.   4900.69          0.        0.     6718.
   336.00      6531.      6714.    361585.   4900.69          0.        0.     6714.
   336.50      6528.      6710.    361576.   4900.68          0.        0.     6710.
   337.00      6525.      6708.    361570.   4900.68          0.        0.     6708.
   337.50      6521.      6704.    361561.   4900.68          0.        0.     6704.
   338.00      6518.      6700.    361552.   4900.68          0.        0.     6700.
   338.50      6514.      6697.    361543.   4900.68          0.        0.     6697.
   339.00      6511.      6693.    361534.   4900.68          0.        0.     6693.
   339.50      6507.      6689.    361525.   4900.68          0.        0.     6689.
   340.00      6503.      6686.    361516.   4900.67          0.        0.     6686.
   340.50      6499.      6682.    361507.   4900.67          0.        0.     6682.
   341.00      6495.      6678.    361498.   4900.67          0.        0.     6678.
   341.50      6491.      6675.    361489.   4900.67          0.        0.     6675.
   342.00      6486.      6671.    361480.   4900.67          0.        0.     6671.
   342.50      6482.      6667.    361471.   4900.67          0.        0.     6667.
   343.00      6477.      6664.    361462.   4900.67          0.        0.     6664.
   343.50      6473.      6660.    361453.   4900.66          0.        0.     6660.
   344.00      6468.      6656.    361444.   4900.66          0.        0.     6656.
   344.50      6463.      6653.    361435.   4900.66          0.        0.     6653.
   345.00      6458.      6649.    361426.   4900.66          0.        0.     6649.
   345.50      6453.      6646.    361417.   4900.66          0.        0.     6646.
   346.00      6448.      6642.    361408.   4900.66          0.        0.     6642.
   346.50      6443.      6638.    361399.   4900.66          0.        0.     6638.
   347.00      6437.      6635.    361390.   4900.65          0.        0.     6635.
   347.50      6432.      6631.    361381.   4900.65          0.        0.     6631.
   348.00      6427.      6627.    361372.   4900.65          0.        0.     6627.
   348.50      6421.      6624.    361363.   4900.65          0.        0.     6624.
   349.00      6415.      6620.    361354.   4900.65          0.        0.     6620.
   349.50      6410.      6616.    361345.   4900.65          0.        0.     6616.
   350.00      6404.      6613.    361336.   4900.65          0.        0.     6613.
   350.50      6398.      6609.    361327.   4900.64          0.        0.     6609.
   351.00      6392.      6605.    361318.   4900.64          0.        0.     6605.
   351.50      6386.      6602.    361309.   4900.64          0.        0.     6602.
   352.00      6380.      6598.    361300.   4900.64          0.        0.     6598.
   352.50      6374.      6594.    361291.   4900.64          0.        0.     6594.
   353.00      6368.      6591.    361282.   4900.64          0.        0.     6591.
   353.50      6362.      6587.    361273.   4900.63          0.        0.     6587.
   354.00      6356.      6583.    361263.   4900.63          0.        0.     6583.
   354.50      6350.      6580.    361254.   4900.63          0.        0.     6580.
   355.00      6343.      6576.    361245.   4900.63          0.        0.     6576.
   355.50      6337.      6572.    361236.   4900.63          0.        0.     6572.
   356.00      6331.      6569.    361227.   4900.63          0.        0.     6569.
   356.50      6324.      6565.    361218.   4900.63          0.        0.     6565.
   357.00      6318.      6561.    361209.   4900.62          0.        0.     6561.
   357.50      6311.      6558.    361200.   4900.62          0.        0.     6558.
   358.00      6305.      6554.    361191.   4900.62          0.        0.     6554.
   358.50      6298.      6550.    361182.   4900.62          0.        0.     6550.
   359.00      6292.      6547.    361173.   4900.62          0.        0.     6547.
   359.50      6285.      6542.    361161.   4900.62          0.        0.     6542.
   360.00      6279.      6537.    361149.   4900.61          0.        0.     6537.
1



      INFLOW DATA                           STORAGE DATA
      ***********                           ************
     TIME    INFLOW                     ELEVATION     STORAGE

     0.50      5527.                      4753.20          0.
     1.00      5557.                      4754.00          5.
     1.50      5587.                      4760.00        853.
     2.00      5617.                      4770.00       5056.
     2.50      5647.                      4780.00      11677.
     3.00      5677.                      4790.00      20701.
     3.50      5707.                      4800.00      32214.
     4.00      5737.                      4810.00      46676.
     4.50      5766.                      4820.00      64861.
     5.00      5796.                      4830.00      86629.
     5.50      5825.                      4840.00     112286.
     6.00      5855.                      4850.00     141401.
     6.50      5884.                      4860.00     174439.
     7.00      5913.                      4870.00     212059.
     7.50      5941.                      4880.00     254696.
     8.00      5970.                      4890.00     303066.
     8.50      5999.                      4900.00     357369.
     9.00      6027.                      4910.00     418864.
     9.50      6056.                      4920.00     488871.
    10.00      6084.                      4924.00     519654.
    10.50      6112.                      4924.50     523636.
    11.00      6140.                      4925.00     527626.
    11.50      6167.                      4925.50     531626.
    12.00      6195.                      4926.00     535626.
    12.50      6222.                      4930.00     569747.
    13.00      6249.                      4935.00     604527.
    13.50      6276.
    14.00      6303.
    14.50      6330.
    15.00      6357.
    15.50      6383.
    16.00      6409.
    16.50      6435.
    17.00      6461.
    17.50      6487.
    18.00      6512.
    18.50      6537.
    19.00      6562.
    19.50      6587.
    20.00      6612.
    20.50      6636.
    21.00      6661.
    21.50      6685.
    22.00      6708.
    22.50      6732.
    23.00      6755.
    23.50      6778.
    24.00      6801.
    24.50      6824.
    25.00      6846.
    25.50      6869.
    26.00      6890.
    26.50      6912.
    27.00      6934.
    27.50      6955.
    28.00      6976.
    28.50      6997.
    29.00      7017.
    29.50      7038.
    30.00      7058.
    30.50      7078.
    31.00      7098.
    31.50      7117.
    32.00      7137.
    32.50      7156.
    33.00      7175.
    33.50      7195.
    34.00      7214.
    34.50      7233.
    35.00      7251.
    35.50      7270.
    36.00      7289.
    36.50      7307.
    37.00      7326.
    37.50      7344.
    38.00      7363.
    38.50      7381.
    39.00      7399.
    39.50      7418.
    40.00      7436.
    40.50      7454.
    41.00      7473.
    41.50      7491.
    42.00      7509.
    42.50      7528.
    43.00      7546.
    43.50      7565.
    44.00      7583.
    44.50      7602.
    45.00      7620.
    45.50      7639.
    46.00      7658.
    46.50      7677.
    47.00      7696.
    47.50      7715.
    48.00      7734.
    48.50      7754.
    49.00      7773.
    49.50      7794.
    50.00      7815.
    50.50      7838.
    51.00      7860.
    51.50      7883.
    52.00      7907.
    52.50      7931.
    53.00      7956.
    53.50      7981.
    54.00      8006.
    54.50      8032.
    55.00      8058.
    55.50      8084.
    56.00      8110.
    56.50      8136.
    57.00      8162.
    57.50      8193.
    58.00      8220.
    58.50      8247.
    59.00      8273.
    59.50      8305.
    60.00      8342.
    60.50      8380.
    61.00      8422.
    61.50      8466.
    62.00      8520.
    62.50      8597.
    63.00      8714.
    63.50      8875.
    64.00      9076.
    64.50      9314.
    65.00      9632.
    65.50     10161.
    66.00     11175.
    66.50     13027.
    67.00     21273.
    67.50     45395.
    68.00     52673.
    68.50     56287.
    69.00     58894.
    69.50     61133.
    70.00     63067.
    70.50     64603.
    71.00     65673.
    71.50     66272.
    72.00     66420.
    72.50     66206.
    73.00     65768.
    73.50     65241.
    74.00     64710.
    74.50     64209.
    75.00     63737.
    75.50     63288.
    76.00     62826.
    76.50     62304.
    77.00     61678.
    77.50     60908.
    78.00     59980.
    78.50     58904.
    79.00     57709.
    79.50     56416.
    80.00     55039.
    80.50     53586.
    81.00     52052.
    81.50     50465.
    82.00     48827.
    82.50     47161.
    83.00     45483.
    83.50     43791.
    84.00     42122.
    84.50     40537.
    85.00     38941.
    85.50     37357.
    86.00     35834.
    86.50     34448.
    87.00     33086.
    87.50     31777.
    88.00     30502.
    88.50     29342.
    89.00     28269.
    89.50     27237.
    90.00     26274.
    90.50     25373.
    91.00     24620.
    91.50     23845.
    92.00     23086.
    92.50     22383.
    93.00     21739.
    93.50     21116.
    94.00     20496.
    94.50     19886.
    95.00     19295.
    95.50     18736.
    96.00     18228.
    96.50     17768.
    97.00     17340.
    97.50     16930.
    98.00     16580.
    98.50     16265.
    99.00     15946.
    99.50     15637.
   100.00     15354.
   100.50     15102.
   101.00     14859.
   101.50     14622.
   102.00     14394.
   102.50     14189.
   103.00     13979.
   103.50     13783.
   104.00     13604.
   104.50     13431.
   105.00     13266.
   105.50     13112.
   106.00     12962.
   106.50     12817.
   107.00     12683.
   107.50     12558.
   108.00     12435.
   108.50     12319.
   109.00     12208.
   109.50     12103.
   110.00     12002.
   110.50     11905.
   111.00     11812.
   111.50     11723.
   112.00     11639.
   112.50     11558.
   113.00     11482.
   113.50     11408.
   114.00     11337.
   114.50     11271.
   115.00     11206.
   115.50     11145.
   116.00     11086.
   116.50     11029.
   117.00     10974.
   117.50     10922.
   118.00     10870.
   118.50     10821.
   119.00     10773.
   119.50     10726.
   120.00     10681.
   120.50     10638.
   121.00     10594.
   121.50     10553.
   122.00     10513.
   122.50     10473.
   123.00     10434.
   123.50     10396.
   124.00     10358.
   124.50     10322.
   125.00     10286.
   125.50     10252.
   126.00     10218.
   126.50     10184.
   127.00     10152.
   127.50     10120.
   128.00     10089.
   128.50     10058.
   129.00      8502.
   129.50      8497.
   130.00      8492.
   130.50      8486.
   131.00      8480.
   131.50      8474.
   132.00      8469.
   132.50      8462.
   133.00      8456.
   133.50      8450.
   134.00      8444.
   134.50      8438.
   135.00      8431.
   135.50      8425.
   136.00      8418.
   136.50      8412.
   137.00      8406.
   137.50      8399.
   138.00      8393.
   138.50      8386.
   139.00      8380.
   139.50      8374.
   140.00      8367.
   140.50      8361.
   141.00      8355.
   141.50      8349.
   142.00      8343.
   142.50      8337.
   143.00      8332.
   143.50      8326.
   144.00      8321.
   144.50      8315.
   145.00      8310.
   145.50      8305.
   146.00      8300.
   146.50      8295.
   147.00      8290.
   147.50      8285.
   148.00      8280.
   148.50      8274.
   149.00      8269.
   149.50      8264.
   150.00      8259.
   150.50      8254.
   151.00      8249.
   151.50      8244.
   152.00      8239.
   152.50      8234.
   153.00      8229.
   153.50      8224.
   154.00      8219.
   154.50      8214.
   155.00      8209.
   155.50      8204.
   156.00      8199.
   156.50      8194.
   157.00      8189.
   157.50      8183.
   158.00      8178.
   158.50      8173.
   159.00      8168.
   159.50      8163.
   160.00      8157.
   160.50      8152.
   161.00      8147.
   161.50      8141.
   162.00      8136.
   162.50      8130.
   163.00      8125.
   163.50      8119.
   164.00      8113.
   164.50      8108.
   165.00      8102.
   165.50      8096.
   166.00      8090.
   166.50      8084.
   167.00      8078.
   167.50      8072.
   168.00      8066.
   168.50      8060.
   169.00      8054.
   169.50      8047.
   170.00      8040.
   170.50      8032.
   171.00      8024.
   171.50      8016.
   172.00      8008.
   172.50      7999.
   173.00      7990.
   173.50      7981.
   174.00      7972.
   174.50      7962.
   175.00      7953.
   175.50      7943.
   176.00      7933.
   176.50      7923.
   177.00      7913.
   177.50      7903.
   178.00      7893.
   178.50      7883.
   179.00      7873.
   179.50      7864.
   180.00      7854.
   180.50      7844.
   181.00      7834.
   181.50      7825.
   182.00      7816.
   182.50      7807.
   183.00      7798.
   183.50      7789.
   184.00      7781.
   184.50      7773.
   185.00      7765.
   185.50      7758.
   186.00      7751.
   186.50      7744.
   187.00      7738.
   187.50      7732.
   188.00      7727.
   188.50      7722.
   189.00      7718.
   189.50      7714.
   190.00      7710.
   190.50      7708.
   191.00      7705.
   191.50      7704.
   192.00      7703.
   192.50      7703.
   193.00      7703.
   193.50      7703.
   194.00      7703.
   194.50      7703.
   195.00      7703.
   195.50      7703.
   196.00      7703.
   196.50      7703.
   197.00      7703.
   197.50      7703.
   198.00      7703.
   198.50      7703.
   199.00      7703.
   199.50      7703.
   200.00      7703.
   200.50      7703.
   201.00      7703.
   201.50      7703.
   202.00      7703.
   202.50      7703.
   203.00      7703.
   203.50      7703.
   204.00      7703.
   204.50      7703.
   205.00      7703.
   205.50      7703.
   206.00      7703.
   206.50      7703.
   207.00      7703.
   207.50      7703.
   208.00      7703.
   208.50      7703.
   209.00      7703.
   209.50      7703.
   210.00      7703.
   210.50      7703.
   211.00      7703.
   211.50      7703.
   212.00      7703.
   212.50      7703.
   213.00      7703.
   213.50      7703.
   214.00      7703.
   214.50      7703.
   215.00      7703.
   215.50      7703.
   216.00      7703.
   216.50      7703.
   217.00      7702.
   217.50      7702.
   218.00      7700.
   218.50      7699.
   219.00      7697.
   219.50      7694.
   220.00      7692.
   220.50      7688.
   221.00      7685.
   221.50      7681.
   222.00      7677.
   222.50      7672.
   223.00      7667.
   223.50      7662.
   224.00      7656.
   224.50      7650.
   225.00      7644.
   225.50      7638.
   226.00      7631.
   226.50      7624.
   227.00      7617.
   227.50      7610.
   228.00      7603.
   228.50      7595.
   229.00      7587.
   229.50      7579.
   230.00      7571.
   230.50      7562.
   231.00      7554.
   231.50      7545.
   232.00      7537.
   232.50      7528.
   233.00      7519.
   233.50      7510.
   234.00      7501.
   234.50      7492.
   235.00      7483.
   235.50      7474.
   236.00      7465.
   236.50      7456.
   237.00      7447.
   237.50      7438.
   238.00      7429.
   238.50      7420.
   239.00      7412.
   239.50      7403.
   240.00      7394.
   240.50      7386.
   241.00      7377.
   241.50      7367.
   242.00      7357.
   242.50      7346.
   243.00      7335.
   243.50      7323.
   244.00      7310.
   244.50      7297.
   245.00      7284.
   245.50      7270.
   246.00      7256.
   246.50      7241.
   247.00      7226.
   247.50      7211.
   248.00      7196.
   248.50      7180.
   249.00      7164.
   249.50      7149.
   250.00      7133.
   250.50      7117.
   251.00      7101.
   251.50      7085.
   252.00      7070.
   252.50      7054.
   253.00      7039.
   253.50      7024.
   254.00      7009.
   254.50      6994.
   255.00      6980.
   255.50      6966.
   256.00      6953.
   256.50      6940.
   257.00      6927.
   257.50      6915.
   258.00      6904.
   258.50      6893.
   259.00      6883.
   259.50      6873.
   260.00      6864.
   260.50      6856.
   261.00      6849.
   261.50      6843.
   262.00      6837.
   262.50      6832.
   263.00      6829.
   263.50      6826.
   264.00      6825.
   264.50      6824.
   265.00      6824.
   265.50      6824.
   266.00      6825.
   266.50      6825.
   267.00      6826.
   267.50      6827.
   268.00      6828.
   268.50      6829.
   269.00      6830.
   269.50      6831.
   270.00      6832.
   270.50      6834.
   271.00      6835.
   271.50      6837.
   272.00      6838.
   272.50      6840.
   273.00      6842.
   273.50      6843.
   274.00      6845.
   274.50      6847.
   275.00      6849.
   275.50      6851.
   276.00      6853.
   276.50      6855.
   277.00      6857.
   277.50      6858.
   278.00      6860.
   278.50      6862.
   279.00      6864.
   279.50      6866.
   280.00      6868.
   280.50      6869.
   281.00      6871.
   281.50      6873.
   282.00      6874.
   282.50      6876.
   283.00      6877.
   283.50      6878.
   284.00      6880.
   284.50      6881.
   285.00      6882.
   285.50      6883.
   286.00      6883.
   286.50      6884.
   287.00      6885.
   287.50      6885.
   288.00      6885.
   288.50      6885.
   289.00      6885.
   289.50      6884.
   290.00      6883.
   290.50      6881.
   291.00      6879.
   291.50      6876.
   292.00      6873.
   292.50      6870.
   293.00      6866.
   293.50      6862.
   294.00      6857.
   294.50      6852.
   295.00      6847.
   295.50      6842.
   296.00      6836.
   296.50      6830.
   297.00      6824.
   297.50      6817.
   298.00      6811.
   298.50      6804.
   299.00      6797.
   299.50      6790.
   300.00      6783.
   300.50      6776.
   301.00      6769.
   301.50      6761.
   302.00      6754.
   302.50      6747.
   303.00      6739.
   303.50      6732.
   304.00      6725.
   304.50      6718.
   305.00      6711.
   305.50      6704.
   306.00      6697.
   306.50      6690.
   307.00      6684.
   307.50      6678.
   308.00      6672.
   308.50      6666.
   309.00      6660.
   309.50      6655.
   310.00      6650.
   310.50      6645.
   311.00      6641.
   311.50      6637.
   312.00      6633.
   312.50      6630.
   313.00      6627.
   313.50      6624.
   314.00      6621.
   314.50      6619.
   315.00      6616.
   315.50      6614.
   316.00      6611.
   316.50      6609.
   317.00      6607.
   317.50      6604.
   318.00      6602.
   318.50      6600.
   319.00      6598.
   319.50      6596.
   320.00      6594.
   320.50      6593.
   321.00      6591.
   321.50      6589.
   322.00      6587.
   322.50      6586.
   323.00      6584.
   323.50      6582.
   324.00      6580.
   324.50      6579.
   325.00      6577.
   325.50      6575.
   326.00      6574.
   326.50      6572.
   327.00      6570.
   327.50      6569.
   328.00      6567.
   328.50      6565.
   329.00      6563.
   329.50      6561.
   330.00      6559.
   330.50      6557.
   331.00      6555.
   331.50      6553.
   332.00      6551.
   332.50      6549.
   333.00      6546.
   333.50      6544.
   334.00      6542.
   334.50      6539.
   335.00      6536.
   335.50      6534.
   336.00      6531.
   336.50      6528.
   337.00      6525.
   337.50      6521.
   338.00      6518.
   338.50      6514.
   339.00      6511.
   339.50      6507.
   340.00      6503.
   340.50      6499.
   341.00      6495.
   341.50      6491.
   342.00      6486.
   342.50      6482.
   343.00      6477.
   343.50      6473.
   344.00      6468.
   344.50      6463.
   345.00      6458.
   345.50      6453.
   346.00      6448.
   346.50      6443.
   347.00      6437.
   347.50      6432.
   348.00      6427.
   348.50      6421.
   349.00      6415.
   349.50      6410.
   350.00      6404.
   350.50      6398.
   351.00      6392.
   351.50      6386.
   352.00      6380.
   352.50      6374.
   353.00      6368.
   353.50      6362.
   354.00      6356.
   354.50      6350.
   355.00      6343.
   355.50      6337.
   356.00      6331.
   356.50      6324.
   357.00      6318.
   357.50      6311.
   358.00      6305.
   358.50      6298.
   359.00      6292.
   359.50      6285.
   360.00      6279.
1


  DISCHARGE VS ELEVATION
  **********************
  ELEVATION  DISCHARGE

    4880.49      5000.
    4890.00      5000.
    4898.70      5000.
    4900.00      5000.
    4902.00     10000.
    4904.00     22500.
    4906.00     37500.
    4908.00     56000.
    4910.00     77000.
    4912.00    100000.
    4914.00    125000.
    4916.00    153000.
    4920.00    212000.
    4924.00    270000.
    4928.00    328000.
    4930.00    357000.
    4935.00    429500.