
                     UNITED STATES BUREAU OF RECLAMATION
                       ENGINEERING AND RESEARCH CENTER

                            FLOOD ROUTING FOR DAMS
                            ----------------------

      FEATURE: Pueblo Dam                               DATE    **/ 1/  26
      FLOOD: TREX Test Run & PMF snow                   TIME    **:**:03.**
      TITLE: Full TREX Routing             
      DATA FILE: fs12-11sn.in                                                   

      FLOOD ROUTING SUMMARY
      *********************

         BEGINNING HOUR OF ROUTING.......................      0.50
         ENDING HOUR OF ROUTING..........................    360.00
         INITIAL RESERVOIR ELEVATION.....................   4880.49 FT
         MINIMUM OR NORMAL POOL ELEV.....................   4880.49 FT
         MAXIMUM RESERVOIR ELEVATION.....   4917.90 AT HOUR   82.00
         INFLOW PEAK DISCHARGE...........   246297. AT HOUR   72.00
         MAXIMUM TOTAL OUTFLOW...........   181038. AT HOUR   82.00
         ELEVATION TOLERANCE.............................    0.0100 FT
         INFLOW HYDROGRAPH ADJUSTMENT FACTOR.............      1.00
         IPC OPTIONS (1 TO 10)...........................3100100021

      WATERWAY PARAMETERS
      *******************

         WATERWAY NO. 1 - Top of Dam                    

         TYPE-BROAD OR SHARP CRESTED WEIR
         CONSTANT DISCHARGE COEFFICIENT..................      2.67
         CREST ELEVATION.................................   4925.25 FT
         CREST LENGTH....................................   1200.50 FT
         MAXIMUM DISCHARGE...............        0. AT HOUR    0.50

         WATERWAY NO. 2 - Embankment "wings"            

         TYPE-BROAD OR SHARP CRESTED WEIR
         CONSTANT DISCHARGE COEFFICIENT..................      2.62
         CREST ELEVATION.................................   4925.00 FT
         CREST LENGTH....................................   8480.00 FT
         MAXIMUM DISCHARGE...............        0. AT HOUR    0.50
1

                     ROUTING RESULTS                          DISCHARGE RESULTS
                     ***************                          *****************

    TIME     INFLOW    OUTFLOW    STORAGE   ELEVATION        WATERWAY         RATING
                                                           1         2        CURVE

     0.50      5527.      5000.    257067.   4880.49          0.        0.     5000.
     1.00      5557.      5000.    257089.   4880.49          0.        0.     5000.
     1.50      5587.      5000.    257112.   4880.50          0.        0.     5000.
     2.00      5617.      5000.    257138.   4880.50          0.        0.     5000.
     2.50      5647.      5000.    257164.   4880.51          0.        0.     5000.
     3.00      5677.      5000.    257192.   4880.52          0.        0.     5000.
     3.50      5707.      5000.    257221.   4880.52          0.        0.     5000.
     4.00      5737.      5000.    257251.   4880.53          0.        0.     5000.
     4.50      5766.      5000.    257282.   4880.53          0.        0.     5000.
     5.00      5796.      5000.    257315.   4880.54          0.        0.     5000.
     5.50      5825.      5000.    257348.   4880.55          0.        0.     5000.
     6.00      5855.      5000.    257384.   4880.56          0.        0.     5000.
     6.50      5884.      5000.    257419.   4880.56          0.        0.     5000.
     7.00      5913.      5000.    257457.   4880.57          0.        0.     5000.
     7.50      5941.      5000.    257495.   4880.58          0.        0.     5000.
     8.00      5970.      5000.    257535.   4880.59          0.        0.     5000.
     8.50      5999.      5000.    257575.   4880.60          0.        0.     5000.
     9.00      6027.      5000.    257618.   4880.60          0.        0.     5000.
     9.50      6056.      5000.    257660.   4880.61          0.        0.     5000.
    10.00      6084.      5000.    257705.   4880.62          0.        0.     5000.
    10.50      6112.      5000.    257750.   4880.63          0.        0.     5000.
    11.00      6140.      5000.    257797.   4880.64          0.        0.     5000.
    11.50      6167.      5000.    257844.   4880.65          0.        0.     5000.
    12.00      6195.      5000.    257894.   4880.66          0.        0.     5000.
    12.50      6222.      5000.    257944.   4880.67          0.        0.     5000.
    13.00      6249.      5000.    257995.   4880.68          0.        0.     5000.
    13.50      6276.      5000.    258047.   4880.69          0.        0.     5000.
    14.00      6303.      5000.    258102.   4880.70          0.        0.     5000.
    14.50      6330.      5000.    258156.   4880.72          0.        0.     5000.
    15.00      6357.      5000.    258213.   4880.73          0.        0.     5000.
    15.50      6383.      5000.    258269.   4880.74          0.        0.     5000.
    16.00      6409.      5000.    258326.   4880.75          0.        0.     5000.
    16.50      6435.      5000.    258385.   4880.76          0.        0.     5000.
    17.00      6461.      5000.    258444.   4880.77          0.        0.     5000.
    17.50      6487.      5000.    258506.   4880.79          0.        0.     5000.
    18.00      6512.      5000.    258567.   4880.80          0.        0.     5000.
    18.50      6537.      5000.    258631.   4880.81          0.        0.     5000.
    19.00      6562.      5000.    258695.   4880.83          0.        0.     5000.
    19.50      6587.      5000.    258761.   4880.84          0.        0.     5000.
    20.00      6612.      5000.    258827.   4880.85          0.        0.     5000.
    20.50      6636.      5000.    258893.   4880.87          0.        0.     5000.
    21.00      6661.      5000.    258961.   4880.88          0.        0.     5000.
    21.50      6685.      5000.    259030.   4880.90          0.        0.     5000.
    22.00      6708.      5000.    259101.   4880.91          0.        0.     5000.
    22.50      6732.      5000.    259172.   4880.93          0.        0.     5000.
    23.00      6755.      5000.    259245.   4880.94          0.        0.     5000.
    23.50      6778.      5000.    259318.   4880.96          0.        0.     5000.
    24.00      6801.      5000.    259391.   4880.97          0.        0.     5000.
    24.50      6824.      5000.    259467.   4880.99          0.        0.     5000.
    25.00      6846.      5000.    259542.   4881.00          0.        0.     5000.
    25.50      6869.      5000.    259618.   4881.02          0.        0.     5000.
    26.00      6890.      5000.    259696.   4881.03          0.        0.     5000.
    26.50      6912.      5000.    259774.   4881.05          0.        0.     5000.
    27.00      6934.      5000.    259854.   4881.07          0.        0.     5000.
    27.50      6955.      5000.    259935.   4881.08          0.        0.     5000.
    28.00      6976.      5000.    260015.   4881.10          0.        0.     5000.
    28.50      6997.      5000.    260097.   4881.12          0.        0.     5000.
    29.00      7017.      5000.    260180.   4881.13          0.        0.     5000.
    29.50      7038.      5000.    260263.   4881.15          0.        0.     5000.
    30.00      7058.      5000.    260348.   4881.17          0.        0.     5000.
    30.50      7078.      5000.    260433.   4881.19          0.        0.     5000.
    31.00      7098.      5000.    260520.   4881.20          0.        0.     5000.
    31.50      7117.      5000.    260608.   4881.22          0.        0.     5000.
    32.00      7137.      5000.    260695.   4881.24          0.        0.     5000.
    32.50      7156.      5000.    260785.   4881.26          0.        0.     5000.
    33.00      7175.      5000.    260875.   4881.28          0.        0.     5000.
    33.50      7195.      5000.    260964.   4881.30          0.        0.     5000.
    34.00      7214.      5000.    261056.   4881.31          0.        0.     5000.
    34.50      7233.      5000.    261148.   4881.33          0.        0.     5000.
    35.00      7251.      5000.    261241.   4881.35          0.        0.     5000.
    35.50      7270.      5000.    261335.   4881.37          0.        0.     5000.
    36.00      7289.      5000.    261430.   4881.39          0.        0.     5000.
    36.50      7307.      5000.    261524.   4881.41          0.        0.     5000.
    37.00      7326.      5000.    261621.   4881.43          0.        0.     5000.
    37.50      7344.      5000.    261718.   4881.45          0.        0.     5000.
    38.00      7363.      5000.    261815.   4881.47          0.        0.     5000.
    38.50      7381.      5000.    261914.   4881.49          0.        0.     5000.
    39.00      7399.      5000.    262013.   4881.51          0.        0.     5000.
    39.50      7418.      5000.    262112.   4881.53          0.        0.     5000.
    40.00      7436.      5000.    262211.   4881.55          0.        0.     5000.
    40.50      7454.      5000.    262313.   4881.57          0.        0.     5000.
    41.00      7473.      5000.    262414.   4881.60          0.        0.     5000.
    41.50      7491.      5000.    262516.   4881.62          0.        0.     5000.
    42.00      7509.      5000.    262620.   4881.64          0.        0.     5000.
    42.50      7528.      5000.    262724.   4881.66          0.        0.     5000.
    43.00      7546.      5000.    262828.   4881.68          0.        0.     5000.
    43.50      7565.      5000.    262934.   4881.70          0.        0.     5000.
    44.00      7583.      5000.    263040.   4881.73          0.        0.     5000.
    44.50      7602.      5000.    263147.   4881.75          0.        0.     5000.
    45.00      7620.      5000.    263255.   4881.77          0.        0.     5000.
    45.50      7639.      5000.    263364.   4881.79          0.        0.     5000.
    46.00      7658.      5000.    263473.   4881.81          0.        0.     5000.
    46.50      7677.      5000.    263584.   4881.84          0.        0.     5000.
    47.00      7696.      5000.    263695.   4881.86          0.        0.     5000.
    47.50      7715.      5000.    263806.   4881.88          0.        0.     5000.
    48.00      7734.      5000.    263919.   4881.91          0.        0.     5000.
    48.50      7754.      5000.    264032.   4881.93          0.        0.     5000.
    49.00      7773.      5000.    264146.   4881.95          0.        0.     5000.
    49.50      7794.      5000.    264261.   4881.98          0.        0.     5000.
    50.00      7815.      5000.    264377.   4882.00          0.        0.     5000.
    50.50      7838.      5000.    264493.   4882.03          0.        0.     5000.
    51.00      7860.      5000.    264611.   4882.05          0.        0.     5000.
    51.50      7883.      5000.    264729.   4882.07          0.        0.     5000.
    52.00      7907.      5000.    264849.   4882.10          0.        0.     5000.
    52.50      7931.      5000.    264970.   4882.12          0.        0.     5000.
    53.00      7956.      5000.    265090.   4882.15          0.        0.     5000.
    53.50      7981.      5000.    265213.   4882.17          0.        0.     5000.
    54.00      8006.      5000.    265336.   4882.20          0.        0.     5000.
    54.50      8032.      5000.    265461.   4882.23          0.        0.     5000.
    55.00      8058.      5000.    265586.   4882.25          0.        0.     5000.
    55.50      8084.      5000.    265714.   4882.28          0.        0.     5000.
    56.00      8110.      5000.    265841.   4882.30          0.        0.     5000.
    56.50      8136.      5000.    265971.   4882.33          0.        0.     5000.
    57.00      8162.      5000.    266101.   4882.36          0.        0.     5000.
    57.50      8196.      5000.    266233.   4882.39          0.        0.     5000.
    58.00      8263.      5000.    266368.   4882.41          0.        0.     5000.
    58.50      8346.      5000.    266505.   4882.44          0.        0.     5000.
    59.00      8437.      5000.    266644.   4882.47          0.        0.     5000.
    59.50      8544.      5000.    266789.   4882.50          0.        0.     5000.
    60.00      8740.      5000.    266940.   4882.53          0.        0.     5000.
    60.50      9144.      5000.    267103.   4882.56          0.        0.     5000.
    61.00      9782.      5000.    267287.   4882.60          0.        0.     5000.
    61.50     10746.      5000.    267504.   4882.65          0.        0.     5000.
    62.00     12782.      5000.    267783.   4882.71          0.        0.     5000.
    62.50     21079.      5000.    268276.   4882.81          0.        0.     5000.
    63.00     71913.      5000.    269991.   4883.16          0.        0.     5000.
    63.50    106169.      5000.    273463.   4883.88          0.        0.     5000.
    64.00    123129.      5000.    277993.   4884.82          0.        0.     5000.
    64.50    135944.      5000.    283139.   4885.88          0.        0.     5000.
    65.00    147619.      5000.    288791.   4887.05          0.        0.     5000.
    65.50    159105.      5000.    294922.   4888.32          0.        0.     5000.
    66.00    170419.      5000.    301524.   4889.68          0.        0.     5000.
    66.50    180531.      5000.    308568.   4891.01          0.        0.     5000.
    67.00    189067.      5000.    315997.   4892.38          0.        0.     5000.
    67.50    196679.      5000.    323761.   4893.81          0.        0.     5000.
    68.00    204242.      5000.    331838.   4895.30          0.        0.     5000.
    68.50    212195.      5000.    340235.   4896.84          0.        0.     5000.
    69.00    220307.      5000.    348964.   4898.45          0.        0.     5000.
    69.50    227875.      5261.    358012.   4900.10          0.        0.     5261.
    70.00    234336.      9023.    367266.   4901.61          0.        0.     9023.
    70.50    239433.     16961.    376517.   4903.11          0.        0.    16961.
    71.00    243162.     26909.    385582.   4904.59          0.        0.    26909.
    71.50    245459.     37617.    394344.   4906.01          0.        0.    37617.
    72.00    246297.     50174.    402692.   4907.37          0.        0.    50174.
    72.50    245959.     62768.    410529.   4908.64          0.        0.    62768.
    73.00    244978.     75221.    417822.   4909.83          0.        0.    75221.
    73.50    243786.     86394.    424583.   4910.82          0.        0.    86394.
    74.00    242485.     96687.    430849.   4911.71          0.        0.    96687.
    74.50    241044.    106750.    436646.   4912.54          0.        0.   106750.
    75.00    239459.    116248.    441965.   4913.30          0.        0.   116248.
    75.50    237685.    124951.    446839.   4914.00          0.        0.   124951.
    76.00    235529.    133805.    451270.   4914.63          0.        0.   133805.
    76.50    232833.    141769.    455252.   4915.20          0.        0.   141769.
    77.00    229643.    148871.    458804.   4915.71          0.        0.   148871.
    77.50    226324.    155261.    461942.   4916.15          0.        0.   155261.
    78.00    223035.    161052.    464690.   4916.55          0.        0.   161052.
    78.50    219105.    166058.    467066.   4916.89          0.        0.   166058.
    79.00    214505.    170292.    469076.   4917.17          0.        0.   170292.
    79.50    209475.    173771.    470727.   4917.41          0.        0.   173771.
    80.00    204139.    176529.    472036.   4917.60          0.        0.   176529.
    80.50    198539.    178596.    473017.   4917.74          0.        0.   178596.
    81.00    192663.    180015.    473690.   4917.83          0.        0.   180015.
    81.50    186554.    180815.    474070.   4917.89          0.        0.   180815.
    82.00    180379.    181038.    474176.   4917.90          0.        0.   181038.
    82.50    174209.    180728.    474029.   4917.88          0.        0.   180728.
    83.00    168026.    179929.    473649.   4917.83          0.        0.   179929.
    83.50    161814.    178676.    473054.   4917.74          0.        0.   178676.
    84.00    155581.    177012.    472265.   4917.63          0.        0.   177012.
    84.50    149324.    174959.    471291.   4917.49          0.        0.   174959.
    85.00    143077.    172561.    470152.   4917.33          0.        0.   172561.
    85.50    136851.    169839.    468860.   4917.14          0.        0.   169839.
    86.00    130683.    166828.    467431.   4916.94          0.        0.   166828.
    86.50    124610.    163558.    465879.   4916.72          0.        0.   163558.
    87.00    118656.    160058.    464218.   4916.48          0.        0.   160058.
    87.50    112892.    156363.    462465.   4916.23          0.        0.   156363.
    88.00    107370.    152528.    460632.   4915.97          0.        0.   152528.
    88.50    102143.    148734.    458735.   4915.70          0.        0.   148734.
    89.00     97213.    144845.    456790.   4915.42          0.        0.   144845.
    89.50     92553.    140880.    454808.   4915.13          0.        0.   140880.
    90.00     88155.    136867.    452801.   4914.85          0.        0.   136867.
    90.50     84006.    132834.    450784.   4914.56          0.        0.   132834.
    91.00     80092.    128801.    448767.   4914.27          0.        0.   128801.
    91.50     76368.    124811.    446761.   4913.98          0.        0.   124811.
    92.00     72854.    121240.    444761.   4913.70          0.        0.   121240.
    92.50     69546.    117682.    442768.   4913.41          0.        0.   117682.
    93.00     66141.    114136.    440782.   4913.13          0.        0.   114136.
    93.50     62781.    110602.    438803.   4912.85          0.        0.   110602.
    94.00     59461.    107080.    436831.   4912.57          0.        0.   107080.
    94.50     56294.    103577.    434869.   4912.29          0.        0.   103577.
    95.00     53333.    100110.    432927.   4912.01          0.        0.   100110.
    95.50     50586.     96951.    431009.   4911.73          0.        0.    96951.
    96.00     48019.     93823.    429105.   4911.46          0.        0.    93823.
    96.50     45615.     90735.    427225.   4911.19          0.        0.    90735.
    97.00     43385.     87697.    425376.   4910.93          0.        0.    87697.
    97.50     41376.     84721.    423564.   4910.67          0.        0.    84721.
    98.00     39497.     81812.    421794.   4910.42          0.        0.    81812.
    98.50     37810.     78977.    420067.   4910.17          0.        0.    78977.
    99.00     36181.     76190.    418390.   4909.92          0.        0.    76190.
    99.50     34716.     73411.    416762.   4909.66          0.        0.    73411.
   100.00     33294.     70725.    415189.   4909.40          0.        0.    70725.
   100.50     32005.     68130.    413669.   4909.16          0.        0.    68130.
   101.00     30836.     65628.    412204.   4908.92          0.        0.    65628.
   101.50     29654.     63219.    410793.   4908.69          0.        0.    63219.
   102.00     28639.     60896.    409433.   4908.47          0.        0.    60896.
   102.50     27649.     58666.    408126.   4908.25          0.        0.    58666.
   103.00     26714.     56518.    406868.   4908.05          0.        0.    56518.
   103.50     25839.     54641.    405661.   4907.85          0.        0.    54641.
   104.00     25024.     52879.    404490.   4907.66          0.        0.    52879.
   104.50     24319.     51181.    403361.   4907.48          0.        0.    51181.
   105.00     23611.     49541.    402271.   4907.30          0.        0.    49541.
   105.50     22933.     47956.    401217.   4907.13          0.        0.    47956.
   106.00     22304.     46429.    400202.   4906.97          0.        0.    46429.
   106.50     21720.     44957.    399223.   4906.81          0.        0.    44957.
   107.00     21181.     43539.    398281.   4906.65          0.        0.    43539.
   107.50     20702.     42175.    397374.   4906.51          0.        0.    42175.
   108.00     20234.     40865.    396503.   4906.36          0.        0.    40865.
   108.50     19770.     39609.    395668.   4906.23          0.        0.    39609.
   109.00     19318.     38399.    394864.   4906.10          0.        0.    38399.
   109.50     18887.     37284.    394089.   4905.97          0.        0.    37284.
   110.00     18482.     36368.    393338.   4905.85          0.        0.    36368.
   110.50     18102.     35479.    392609.   4905.73          0.        0.    35479.
   111.00     17752.     34614.    391900.   4905.62          0.        0.    34614.
   111.50     17436.     33779.    391215.   4905.50          0.        0.    33779.
   112.00     17129.     32970.    390552.   4905.40          0.        0.    32970.
   112.50     16822.     32183.    389906.   4905.29          0.        0.    32183.
   113.00     16555.     31421.    389282.   4905.19          0.        0.    31421.
   113.50     16302.     30685.    388678.   4905.09          0.        0.    30685.
   114.00     16054.     29971.    388092.   4905.00          0.        0.    29971.
   114.50     15805.     29282.    387528.   4904.90          0.        0.    29282.
   115.00     15560.     28612.    386978.   4904.81          0.        0.    28612.
   115.50     15323.     27964.    386447.   4904.73          0.        0.    27964.
   116.00     15106.     27338.    385934.   4904.65          0.        0.    27338.
   116.50     14916.     26733.    385438.   4904.56          0.        0.    26733.
   117.00     14734.     26147.    384958.   4904.49          0.        0.    26147.
   117.50     14556.     25583.    384495.   4904.41          0.        0.    25583.
   118.00     14381.     25038.    384048.   4904.34          0.        0.    25038.
   118.50     14223.     24510.    383615.   4904.27          0.        0.    24510.
   119.00     14064.     24001.    383198.   4904.20          0.        0.    24001.
   119.50     13909.     23511.    382796.   4904.13          0.        0.    23511.
   120.00     13765.     23035.    382405.   4904.07          0.        0.    23035.
   120.50     13630.     22577.    382030.   4904.01          0.        0.    22577.
   121.00     13494.     22195.    381667.   4903.95          0.        0.    22195.
   121.50     13361.     21835.    381312.   4903.89          0.        0.    21835.
   122.00     13233.     21484.    380967.   4903.84          0.        0.    21484.
   122.50     13115.     21142.    380631.   4903.78          0.        0.    21142.
   123.00     12998.     20809.    380304.   4903.73          0.        0.    20809.
   123.50     12883.     20486.    379985.   4903.68          0.        0.    20486.
   124.00     12772.     20172.    379676.   4903.63          0.        0.    20172.
   124.50     12668.     19866.    379376.   4903.58          0.        0.    19866.
   125.00     12569.     19567.    379081.   4903.53          0.        0.    19567.
   125.50     12474.     19277.    378796.   4903.48          0.        0.    19277.
   126.00     12380.     18997.    378520.   4903.44          0.        0.    18997.
   126.50     12286.     18722.    378250.   4903.40          0.        0.    18722.
   127.00     12197.     18456.    377988.   4903.35          0.        0.    18456.
   127.50     12111.     18197.    377733.   4903.31          0.        0.    18197.
   128.00     12028.     17944.    377484.   4903.27          0.        0.    17944.
   128.50     11947.     17700.    377244.   4903.23          0.        0.    17700.
   129.00      8502.     17391.    376941.   4903.18          0.        0.    17391.
   129.50      8497.     17025.    376580.   4903.12          0.        0.    17025.
   130.00      8492.     16674.    376235.   4903.07          0.        0.    16674.
   130.50      8486.     16339.    375905.   4903.01          0.        0.    16339.
   131.00      8480.     16015.    375586.   4902.96          0.        0.    16015.
   131.50      8474.     15704.    375280.   4902.91          0.        0.    15704.
   132.00      8469.     15408.    374989.   4902.87          0.        0.    15408.
   132.50      8462.     15121.    374707.   4902.82          0.        0.    15121.
   133.00      8456.     14846.    374436.   4902.78          0.        0.    14846.
   133.50      8450.     14584.    374178.   4902.73          0.        0.    14584.
   134.00      8444.     14330.    373929.   4902.69          0.        0.    14330.
   134.50      8438.     14089.    373692.   4902.65          0.        0.    14089.
   135.00      8431.     13857.    373463.   4902.62          0.        0.    13857.
   135.50      8425.     13635.    373244.   4902.58          0.        0.    13635.
   136.00      8418.     13421.    373034.   4902.55          0.        0.    13421.
   136.50      8412.     13217.    372833.   4902.51          0.        0.    13217.
   137.00      8406.     13018.    372638.   4902.48          0.        0.    13018.
   137.50      8399.     12829.    372452.   4902.45          0.        0.    12829.
   138.00      8393.     12646.    372271.   4902.42          0.        0.    12646.
   138.50      8386.     12472.    372100.   4902.40          0.        0.    12472.
   139.00      8380.     12304.    371935.   4902.37          0.        0.    12304.
   139.50      8374.     12142.    371776.   4902.34          0.        0.    12142.
   140.00      8367.     11987.    371623.   4902.32          0.        0.    11987.
   140.50      8361.     11837.    371476.   4902.29          0.        0.    11837.
   141.00      8355.     11694.    371335.   4902.27          0.        0.    11694.
   141.50      8349.     11556.    371199.   4902.25          0.        0.    11556.
   142.00      8343.     11425.    371070.   4902.23          0.        0.    11425.
   142.50      8337.     11297.    370944.   4902.21          0.        0.    11297.
   143.00      8332.     11175.    370824.   4902.19          0.        0.    11175.
   143.50      8326.     11059.    370710.   4902.17          0.        0.    11059.
   144.00      8321.     10946.    370599.   4902.15          0.        0.    10946.
   144.50      8315.     10839.    370494.   4902.13          0.        0.    10839.
   145.00      8310.     10735.    370392.   4902.12          0.        0.    10735.
   145.50      8305.     10635.    370293.   4902.10          0.        0.    10635.
   146.00      8300.     10540.    370199.   4902.09          0.        0.    10540.
   146.50      8295.     10449.    370109.   4902.07          0.        0.    10449.
   147.00      8290.     10360.    370022.   4902.06          0.        0.    10360.
   147.50      8285.     10275.    369938.   4902.04          0.        0.    10275.
   148.00      8280.     10192.    369857.   4902.03          0.        0.    10192.
   148.50      8274.     10113.    369779.   4902.02          0.        0.    10113.
   149.00      8269.     10037.    369704.   4902.01          0.        0.    10037.
   149.50      8264.      9985.    369632.   4901.99          0.        0.     9985.
   150.00      8259.      9956.    369560.   4901.98          0.        0.     9956.
   150.50      8254.      9928.    369491.   4901.97          0.        0.     9928.
   151.00      8249.      9900.    369422.   4901.96          0.        0.     9900.
   151.50      8244.      9872.    369353.   4901.95          0.        0.     9872.
   152.00      8239.      9845.    369287.   4901.94          0.        0.     9845.
   152.50      8234.      9818.    369221.   4901.93          0.        0.     9818.
   153.00      8229.      9791.    369155.   4901.92          0.        0.     9791.
   153.50      8224.      9766.    369092.   4901.91          0.        0.     9766.
   154.00      8219.      9740.    369028.   4901.90          0.        0.     9740.
   154.50      8214.      9714.    368965.   4901.89          0.        0.     9714.
   155.00      8209.      9689.    368902.   4901.88          0.        0.     9689.
   155.50      8204.      9664.    368842.   4901.87          0.        0.     9664.
   156.00      8199.      9640.    368782.   4901.86          0.        0.     9640.
   156.50      8194.      9615.    368722.   4901.85          0.        0.     9615.
   157.00      8189.      9592.    368665.   4901.84          0.        0.     9592.
   157.50      8183.      9569.    368608.   4901.83          0.        0.     9569.
   158.00      8178.      9546.    368551.   4901.82          0.        0.     9546.
   158.50      8173.      9523.    368494.   4901.81          0.        0.     9523.
   159.00      8168.      9501.    368440.   4901.80          0.        0.     9501.
   159.50      8163.      9479.    368386.   4901.79          0.        0.     9479.
   160.00      8157.      9457.    368332.   4901.78          0.        0.     9457.
   160.50      8152.      9435.    368278.   4901.77          0.        0.     9435.
   161.00      8147.      9413.    368224.   4901.77          0.        0.     9413.
   161.50      8141.      9392.    368173.   4901.76          0.        0.     9392.
   162.00      8136.      9371.    368122.   4901.75          0.        0.     9371.
   162.50      8130.      9351.    368071.   4901.74          0.        0.     9351.
   163.00      8125.      9330.    368020.   4901.73          0.        0.     9330.
   163.50      8119.      9310.    367971.   4901.72          0.        0.     9310.
   164.00      8113.      9291.    367923.   4901.72          0.        0.     9291.
   164.50      8108.      9271.    367875.   4901.71          0.        0.     9271.
   165.00      8102.      9252.    367827.   4901.70          0.        0.     9252.
   165.50      8096.      9232.    367779.   4901.69          0.        0.     9232.
   166.00      8090.      9213.    367731.   4901.69          0.        0.     9213.
   166.50      8084.      9194.    367686.   4901.68          0.        0.     9194.
   167.00      8078.      9176.    367641.   4901.67          0.        0.     9176.
   167.50      8072.      9158.    367596.   4901.66          0.        0.     9158.
   168.00      8066.      9139.    367551.   4901.66          0.        0.     9139.
   168.50      8060.      9121.    367506.   4901.65          0.        0.     9121.
   169.00      8054.      9103.    367461.   4901.64          0.        0.     9103.
   169.50      8047.      9086.    367419.   4901.63          0.        0.     9086.
   170.00      8040.      9069.    367377.   4901.63          0.        0.     9069.
   170.50      8032.      9052.    367335.   4901.62          0.        0.     9052.
   171.00      8024.      9034.    367293.   4901.61          0.        0.     9034.
   171.50      8016.      9017.    367251.   4901.61          0.        0.     9017.
   172.00      8008.      9000.    367209.   4901.60          0.        0.     9000.
   172.50      7999.      8983.    367167.   4901.59          0.        0.     8983.
   173.00      7990.      8967.    367128.   4901.59          0.        0.     8967.
   173.50      7981.      8951.    367089.   4901.58          0.        0.     8951.
   174.00      7972.      8936.    367050.   4901.57          0.        0.     8936.
   174.50      7962.      8920.    367011.   4901.57          0.        0.     8920.
   175.00      7953.      8904.    366972.   4901.56          0.        0.     8904.
   175.50      7943.      8888.    366933.   4901.56          0.        0.     8888.
   176.00      7933.      8872.    366894.   4901.55          0.        0.     8872.
   176.50      7923.      8856.    366854.   4901.54          0.        0.     8856.
   177.00      7913.      8840.    366815.   4901.54          0.        0.     8840.
   177.50      7903.      8824.    366776.   4901.53          0.        0.     8824.
   178.00      7893.      8809.    366737.   4901.52          0.        0.     8809.
   178.50      7883.      8793.    366698.   4901.52          0.        0.     8793.
   179.00      7873.      8778.    366662.   4901.51          0.        0.     8778.
   179.50      7864.      8763.    366626.   4901.51          0.        0.     8763.
   180.00      7854.      8749.    366590.   4901.50          0.        0.     8749.
   180.50      7844.      8734.    366554.   4901.49          0.        0.     8734.
   181.00      7834.      8719.    366518.   4901.49          0.        0.     8719.
   181.50      7825.      8705.    366482.   4901.48          0.        0.     8705.
   182.00      7816.      8690.    366446.   4901.48          0.        0.     8690.
   182.50      7807.      8676.    366410.   4901.47          0.        0.     8676.
   183.00      7798.      8661.    366374.   4901.46          0.        0.     8661.
   183.50      7789.      8646.    366338.   4901.46          0.        0.     8646.
   184.00      7781.      8632.    366302.   4901.45          0.        0.     8632.
   184.50      7773.      8617.    366266.   4901.45          0.        0.     8617.
   185.00      7765.      8602.    366230.   4901.44          0.        0.     8602.
   185.50      7758.      8589.    366197.   4901.44          0.        0.     8589.
   186.00      7751.      8575.    366164.   4901.43          0.        0.     8575.
   186.50      7744.      8562.    366131.   4901.42          0.        0.     8562.
   187.00      7738.      8549.    366098.   4901.42          0.        0.     8549.
   187.50      7732.      8535.    366065.   4901.41          0.        0.     8535.
   188.00      7727.      8522.    366032.   4901.41          0.        0.     8522.
   188.50      7722.      8508.    365999.   4901.40          0.        0.     8508.
   189.00      7718.      8495.    365966.   4901.40          0.        0.     8495.
   189.50      7714.      8481.    365933.   4901.39          0.        0.     8481.
   190.00      7710.      8469.    365903.   4901.39          0.        0.     8469.
   190.50      7708.      8457.    365873.   4901.38          0.        0.     8457.
   191.00      7705.      8445.    365843.   4901.38          0.        0.     8445.
   191.50      7704.      8433.    365813.   4901.37          0.        0.     8433.
   192.00      7703.      8420.    365783.   4901.37          0.        0.     8420.
   192.50      7703.      8408.    365753.   4901.36          0.        0.     8408.
   193.00      7703.      8396.    365722.   4901.36          0.        0.     8396.
   193.50      7703.      8385.    365695.   4901.35          0.        0.     8385.
   194.00      7703.      8374.    365668.   4901.35          0.        0.     8374.
   194.50      7703.      8363.    365641.   4901.35          0.        0.     8363.
   195.00      7703.      8352.    365614.   4901.34          0.        0.     8352.
   195.50      7703.      8341.    365587.   4901.34          0.        0.     8341.
   196.00      7703.      8330.    365560.   4901.33          0.        0.     8330.
   196.50      7703.      8319.    365533.   4901.33          0.        0.     8319.
   197.00      7703.      8309.    365509.   4901.32          0.        0.     8309.
   197.50      7703.      8300.    365485.   4901.32          0.        0.     8300.
   198.00      7703.      8290.    365461.   4901.32          0.        0.     8290.
   198.50      7703.      8280.    365437.   4901.31          0.        0.     8280.
   199.00      7703.      8270.    365413.   4901.31          0.        0.     8270.
   199.50      7703.      8260.    365389.   4901.30          0.        0.     8260.
   200.00      7703.      8251.    365365.   4901.30          0.        0.     8251.
   200.50      7703.      8242.    365344.   4901.30          0.        0.     8242.
   201.00      7703.      8234.    365323.   4901.29          0.        0.     8234.
   201.50      7703.      8225.    365302.   4901.29          0.        0.     8225.
   202.00      7703.      8217.    365281.   4901.29          0.        0.     8217.
   202.50      7703.      8208.    365260.   4901.28          0.        0.     8208.
   203.00      7703.      8199.    365239.   4901.28          0.        0.     8199.
   203.50      7703.      8191.    365218.   4901.28          0.        0.     8191.
   204.00      7703.      8182.    365197.   4901.27          0.        0.     8182.
   204.50      7703.      8174.    365176.   4901.27          0.        0.     8174.
   205.00      7703.      8167.    365158.   4901.27          0.        0.     8167.
   205.50      7703.      8159.    365140.   4901.26          0.        0.     8159.
   206.00      7703.      8152.    365122.   4901.26          0.        0.     8152.
   206.50      7703.      8145.    365104.   4901.26          0.        0.     8145.
   207.00      7703.      8137.    365086.   4901.25          0.        0.     8137.
   207.50      7703.      8130.    365068.   4901.25          0.        0.     8130.
   208.00      7703.      8123.    365050.   4901.25          0.        0.     8123.
   208.50      7703.      8115.    365032.   4901.25          0.        0.     8115.
   209.00      7703.      8108.    365014.   4901.24          0.        0.     8108.
   209.50      7703.      8101.    364996.   4901.24          0.        0.     8101.
   210.00      7703.      8094.    364981.   4901.24          0.        0.     8094.
   210.50      7703.      8088.    364966.   4901.24          0.        0.     8088.
   211.00      7703.      8082.    364951.   4901.23          0.        0.     8082.
   211.50      7703.      8076.    364936.   4901.23          0.        0.     8076.
   212.00      7703.      8070.    364921.   4901.23          0.        0.     8070.
   212.50      7703.      8064.    364906.   4901.23          0.        0.     8064.
   213.00      7703.      8058.    364891.   4901.22          0.        0.     8058.
   213.50      7703.      8052.    364876.   4901.22          0.        0.     8052.
   214.00      7703.      8046.    364861.   4901.22          0.        0.     8046.
   214.50      7703.      8040.    364846.   4901.22          0.        0.     8040.
   215.00      7703.      8033.    364831.   4901.21          0.        0.     8033.
   215.50      7703.      8027.    364816.   4901.21          0.        0.     8027.
   216.00      7703.      8022.    364804.   4901.21          0.        0.     8022.
   216.50      7703.      8018.    364792.   4901.21          0.        0.     8018.
   217.00      7702.      8013.    364780.   4901.21          0.        0.     8013.
   217.50      7702.      8008.    364768.   4901.20          0.        0.     8008.
   218.00      7700.      8003.    364756.   4901.20          0.        0.     8003.
   218.50      7699.      7998.    364744.   4901.20          0.        0.     7998.
   219.00      7697.      7993.    364732.   4901.20          0.        0.     7993.
   219.50      7694.      7988.    364720.   4901.20          0.        0.     7988.
   220.00      7692.      7983.    364708.   4901.19          0.        0.     7983.
   220.50      7688.      7979.    364696.   4901.19          0.        0.     7979.
   221.00      7685.      7974.    364684.   4901.19          0.        0.     7974.
   221.50      7681.      7969.    364672.   4901.19          0.        0.     7969.
   222.00      7677.      7964.    364660.   4901.19          0.        0.     7964.
   222.50      7672.      7959.    364648.   4901.18          0.        0.     7959.
   223.00      7667.      7954.    364636.   4901.18          0.        0.     7954.
   223.50      7662.      7949.    364624.   4901.18          0.        0.     7949.
   224.00      7656.      7944.    364611.   4901.18          0.        0.     7944.
   224.50      7650.      7939.    364599.   4901.18          0.        0.     7939.
   225.00      7644.      7935.    364587.   4901.17          0.        0.     7935.
   225.50      7638.      7930.    364575.   4901.17          0.        0.     7930.
   226.00      7631.      7925.    364563.   4901.17          0.        0.     7925.
   226.50      7624.      7920.    364551.   4901.17          0.        0.     7920.
   227.00      7617.      7915.    364539.   4901.17          0.        0.     7915.
   227.50      7610.      7910.    364527.   4901.16          0.        0.     7910.
   228.00      7603.      7905.    364515.   4901.16          0.        0.     7905.
   228.50      7595.      7900.    364503.   4901.16          0.        0.     7900.
   229.00      7587.      7896.    364491.   4901.16          0.        0.     7896.
   229.50      7579.      7891.    364479.   4901.16          0.        0.     7891.
   230.00      7571.      7886.    364467.   4901.15          0.        0.     7886.
   230.50      7562.      7881.    364455.   4901.15          0.        0.     7881.
   231.00      7554.      7876.    364443.   4901.15          0.        0.     7876.
   231.50      7545.      7871.    364431.   4901.15          0.        0.     7871.
   232.00      7537.      7865.    364416.   4901.15          0.        0.     7865.
   232.50      7528.      7859.    364401.   4901.14          0.        0.     7859.
   233.00      7519.      7853.    364386.   4901.14          0.        0.     7853.
   233.50      7510.      7847.    364371.   4901.14          0.        0.     7847.
   234.00      7501.      7841.    364356.   4901.14          0.        0.     7841.
   234.50      7492.      7834.    364341.   4901.13          0.        0.     7834.
   235.00      7483.      7828.    364326.   4901.13          0.        0.     7828.
   235.50      7474.      7822.    364311.   4901.13          0.        0.     7822.
   236.00      7465.      7816.    364296.   4901.13          0.        0.     7816.
   236.50      7456.      7810.    364281.   4901.12          0.        0.     7810.
   237.00      7447.      7804.    364266.   4901.12          0.        0.     7804.
   237.50      7438.      7798.    364251.   4901.12          0.        0.     7798.
   238.00      7429.      7792.    364236.   4901.12          0.        0.     7792.
   238.50      7420.      7786.    364221.   4901.11          0.        0.     7786.
   239.00      7412.      7780.    364206.   4901.11          0.        0.     7780.
   239.50      7403.      7773.    364191.   4901.11          0.        0.     7773.
   240.00      7394.      7767.    364176.   4901.11          0.        0.     7767.
   240.50      7386.      7761.    364161.   4901.10          0.        0.     7761.
   241.00      7377.      7755.    364146.   4901.10          0.        0.     7755.
   241.50      7367.      7749.    364131.   4901.10          0.        0.     7749.
   242.00      7357.      7743.    364116.   4901.10          0.        0.     7743.
   242.50      7346.      7737.    364101.   4901.09          0.        0.     7737.
   243.00      7335.      7731.    364086.   4901.09          0.        0.     7731.
   243.50      7323.      7725.    364071.   4901.09          0.        0.     7725.
   244.00      7310.      7717.    364053.   4901.09          0.        0.     7717.
   244.50      7297.      7710.    364035.   4901.08          0.        0.     7710.
   245.00      7284.      7703.    364017.   4901.08          0.        0.     7703.
   245.50      7270.      7695.    363999.   4901.08          0.        0.     7695.
   246.00      7256.      7688.    363981.   4901.08          0.        0.     7688.
   246.50      7241.      7681.    363963.   4901.07          0.        0.     7681.
   247.00      7226.      7673.    363945.   4901.07          0.        0.     7673.
   247.50      7211.      7666.    363927.   4901.07          0.        0.     7666.
   248.00      7196.      7659.    363909.   4901.06          0.        0.     7659.
   248.50      7180.      7651.    363891.   4901.06          0.        0.     7651.
   249.00      7164.      7643.    363870.   4901.06          0.        0.     7643.
   249.50      7149.      7634.    363849.   4901.05          0.        0.     7634.
   250.00      7133.      7626.    363828.   4901.05          0.        0.     7626.
   250.50      7117.      7617.    363807.   4901.05          0.        0.     7617.
   251.00      7101.      7609.    363786.   4901.04          0.        0.     7609.
   251.50      7085.      7600.    363765.   4901.04          0.        0.     7600.
   252.00      7070.      7592.    363744.   4901.04          0.        0.     7592.
   252.50      7054.      7583.    363723.   4901.03          0.        0.     7583.
   253.00      7039.      7574.    363702.   4901.03          0.        0.     7574.
   253.50      7024.      7566.    363681.   4901.03          0.        0.     7566.
   254.00      7009.      7556.    363657.   4901.02          0.        0.     7556.
   254.50      6994.      7546.    363633.   4901.02          0.        0.     7546.
   255.00      6980.      7537.    363609.   4901.01          0.        0.     7537.
   255.50      6966.      7527.    363585.   4901.01          0.        0.     7527.
   256.00      6953.      7517.    363561.   4901.01          0.        0.     7517.
   256.50      6940.      7507.    363537.   4901.00          0.        0.     7507.
   257.00      6927.      7498.    363513.   4901.00          0.        0.     7498.
   257.50      6915.      7488.    363488.   4901.00          0.        0.     7488.
   258.00      6904.      7478.    363464.   4900.99          0.        0.     7478.
   258.50      6893.      7468.    363440.   4900.99          0.        0.     7468.
   259.00      6883.      7458.    363416.   4900.98          0.        0.     7458.
   259.50      6873.      7449.    363392.   4900.98          0.        0.     7449.
   260.00      6864.      7439.    363368.   4900.98          0.        0.     7439.
   260.50      6856.      7429.    363344.   4900.97          0.        0.     7429.
   261.00      6849.      7419.    363320.   4900.97          0.        0.     7419.
   261.50      6843.      7410.    363296.   4900.96          0.        0.     7410.
   262.00      6837.      7400.    363272.   4900.96          0.        0.     7400.
   262.50      6832.      7390.    363248.   4900.96          0.        0.     7390.
   263.00      6829.      7380.    363224.   4900.95          0.        0.     7380.
   263.50      6826.      7371.    363200.   4900.95          0.        0.     7371.
   264.00      6825.      7362.    363179.   4900.94          0.        0.     7362.
   264.50      6824.      7354.    363158.   4900.94          0.        0.     7354.
   265.00      6824.      7345.    363137.   4900.94          0.        0.     7345.
   265.50      6824.      7336.    363116.   4900.93          0.        0.     7336.
   266.00      6825.      7328.    363095.   4900.93          0.        0.     7328.
   266.50      6825.      7319.    363074.   4900.93          0.        0.     7319.
   267.00      6826.      7311.    363053.   4900.92          0.        0.     7311.
   267.50      6827.      7302.    363032.   4900.92          0.        0.     7302.
   268.00      6828.      7295.    363014.   4900.92          0.        0.     7295.
   268.50      6829.      7288.    362996.   4900.92          0.        0.     7288.
   269.00      6830.      7280.    362978.   4900.91          0.        0.     7280.
   269.50      6831.      7273.    362960.   4900.91          0.        0.     7273.
   270.00      6832.      7266.    362942.   4900.91          0.        0.     7266.
   270.50      6834.      7258.    362924.   4900.90          0.        0.     7258.
   271.00      6835.      7251.    362906.   4900.90          0.        0.     7251.
   271.50      6837.      7244.    362888.   4900.90          0.        0.     7244.
   272.00      6838.      7236.    362870.   4900.89          0.        0.     7236.
   272.50      6840.      7230.    362855.   4900.89          0.        0.     7230.
   273.00      6842.      7224.    362840.   4900.89          0.        0.     7224.
   273.50      6843.      7218.    362825.   4900.89          0.        0.     7218.
   274.00      6845.      7212.    362810.   4900.88          0.        0.     7212.
   274.50      6847.      7206.    362795.   4900.88          0.        0.     7206.
   275.00      6849.      7200.    362780.   4900.88          0.        0.     7200.
   275.50      6851.      7194.    362765.   4900.88          0.        0.     7194.
   276.00      6853.      7188.    362750.   4900.88          0.        0.     7188.
   276.50      6855.      7181.    362735.   4900.87          0.        0.     7181.
   277.00      6857.      7177.    362723.   4900.87          0.        0.     7177.
   277.50      6858.      7172.    362711.   4900.87          0.        0.     7172.
   278.00      6860.      7167.    362699.   4900.87          0.        0.     7167.
   278.50      6862.      7162.    362687.   4900.86          0.        0.     7162.
   279.00      6864.      7157.    362675.   4900.86          0.        0.     7157.
   279.50      6866.      7152.    362663.   4900.86          0.        0.     7152.
   280.00      6868.      7147.    362651.   4900.86          0.        0.     7147.
   280.50      6869.      7142.    362639.   4900.86          0.        0.     7142.
   281.00      6871.      7137.    362627.   4900.85          0.        0.     7137.
   281.50      6873.      7133.    362615.   4900.85          0.        0.     7133.
   282.00      6874.      7128.    362603.   4900.85          0.        0.     7128.
   282.50      6876.      7124.    362594.   4900.85          0.        0.     7124.
   283.00      6877.      7120.    362585.   4900.85          0.        0.     7120.
   283.50      6878.      7117.    362576.   4900.85          0.        0.     7117.
   284.00      6880.      7113.    362567.   4900.85          0.        0.     7113.
   284.50      6881.      7109.    362558.   4900.84          0.        0.     7109.
   285.00      6882.      7106.    362549.   4900.84          0.        0.     7106.
   285.50      6883.      7102.    362540.   4900.84          0.        0.     7102.
   286.00      6883.      7098.    362531.   4900.84          0.        0.     7098.
   286.50      6884.      7095.    362522.   4900.84          0.        0.     7095.
   287.00      6885.      7091.    362513.   4900.84          0.        0.     7091.
   287.50      6885.      7087.    362504.   4900.83          0.        0.     7087.
   288.00      6885.      7084.    362495.   4900.83          0.        0.     7084.
   288.50      6885.      7080.    362486.   4900.83          0.        0.     7080.
   289.00      6885.      7076.    362477.   4900.83          0.        0.     7076.
   289.50      6884.      7073.    362468.   4900.83          0.        0.     7073.
   290.00      6883.      7069.    362459.   4900.83          0.        0.     7069.
   290.50      6881.      7065.    362450.   4900.83          0.        0.     7065.
   291.00      6879.      7062.    362441.   4900.82          0.        0.     7062.
   291.50      6876.      7058.    362432.   4900.82          0.        0.     7058.
   292.00      6873.      7056.    362426.   4900.82          0.        0.     7056.
   292.50      6870.      7052.    362417.   4900.82          0.        0.     7052.
   293.00      6866.      7048.    362408.   4900.82          0.        0.     7048.
   293.50      6862.      7045.    362399.   4900.82          0.        0.     7045.
   294.00      6857.      7041.    362390.   4900.82          0.        0.     7041.
   294.50      6852.      7037.    362380.   4900.81          0.        0.     7037.
   295.00      6847.      7034.    362371.   4900.81          0.        0.     7034.
   295.50      6842.      7030.    362362.   4900.81          0.        0.     7030.
   296.00      6836.      7026.    362353.   4900.81          0.        0.     7026.
   296.50      6830.      7023.    362344.   4900.81          0.        0.     7023.
   297.00      6824.      7019.    362335.   4900.81          0.        0.     7019.
   297.50      6817.      7015.    362326.   4900.81          0.        0.     7015.
   298.00      6811.      7012.    362317.   4900.80          0.        0.     7012.
   298.50      6804.      7008.    362308.   4900.80          0.        0.     7008.
   299.00      6797.      7004.    362299.   4900.80          0.        0.     7004.
   299.50      6790.      7001.    362290.   4900.80          0.        0.     7001.
   300.00      6783.      6997.    362281.   4900.80          0.        0.     6997.
   300.50      6776.      6993.    362272.   4900.80          0.        0.     6993.
   301.00      6769.      6990.    362263.   4900.80          0.        0.     6990.
   301.50      6761.      6986.    362254.   4900.79          0.        0.     6986.
   302.00      6754.      6982.    362245.   4900.79          0.        0.     6982.
   302.50      6747.      6979.    362236.   4900.79          0.        0.     6979.
   303.00      6739.      6975.    362227.   4900.79          0.        0.     6975.
   303.50      6732.      6971.    362218.   4900.79          0.        0.     6971.
   304.00      6725.      6968.    362209.   4900.79          0.        0.     6968.
   304.50      6718.      6964.    362200.   4900.79          0.        0.     6964.
   305.00      6711.      6960.    362191.   4900.78          0.        0.     6960.
   305.50      6704.      6957.    362182.   4900.78          0.        0.     6957.
   306.00      6697.      6953.    362173.   4900.78          0.        0.     6953.
   306.50      6690.      6948.    362161.   4900.78          0.        0.     6948.
   307.00      6684.      6943.    362149.   4900.78          0.        0.     6943.
   307.50      6678.      6938.    362137.   4900.78          0.        0.     6938.
   308.00      6672.      6934.    362125.   4900.77          0.        0.     6934.
   308.50      6666.      6929.    362113.   4900.77          0.        0.     6929.
   309.00      6660.      6924.    362101.   4900.77          0.        0.     6924.
   309.50      6655.      6919.    362089.   4900.77          0.        0.     6919.
   310.00      6650.      6914.    362077.   4900.77          0.        0.     6914.
   310.50      6645.      6909.    362065.   4900.76          0.        0.     6909.
   311.00      6641.      6904.    362053.   4900.76          0.        0.     6904.
   311.50      6637.      6899.    362041.   4900.76          0.        0.     6899.
   312.00      6633.      6895.    362029.   4900.76          0.        0.     6895.
   312.50      6630.      6890.    362017.   4900.76          0.        0.     6890.
   313.00      6627.      6885.    362005.   4900.75          0.        0.     6885.
   313.50      6624.      6880.    361993.   4900.75          0.        0.     6880.
   314.00      6621.      6875.    361981.   4900.75          0.        0.     6875.
   314.50      6619.      6871.    361972.   4900.75          0.        0.     6871.
   315.00      6616.      6868.    361963.   4900.75          0.        0.     6868.
   315.50      6614.      6864.    361954.   4900.75          0.        0.     6864.
   316.00      6611.      6860.    361945.   4900.74          0.        0.     6860.
   316.50      6609.      6857.    361936.   4900.74          0.        0.     6857.
   317.00      6607.      6853.    361927.   4900.74          0.        0.     6853.
   317.50      6604.      6849.    361918.   4900.74          0.        0.     6849.
   318.00      6602.      6846.    361909.   4900.74          0.        0.     6846.
   318.50      6600.      6842.    361900.   4900.74          0.        0.     6842.
   319.00      6598.      6838.    361891.   4900.74          0.        0.     6838.
   319.50      6596.      6835.    361882.   4900.73          0.        0.     6835.
   320.00      6594.      6831.    361873.   4900.73          0.        0.     6831.
   320.50      6593.      6827.    361864.   4900.73          0.        0.     6827.
   321.00      6591.      6824.    361855.   4900.73          0.        0.     6824.
   321.50      6589.      6820.    361846.   4900.73          0.        0.     6820.
   322.00      6587.      6816.    361837.   4900.73          0.        0.     6816.
   322.50      6586.      6813.    361828.   4900.73          0.        0.     6813.
   323.00      6584.      6809.    361819.   4900.72          0.        0.     6809.
   323.50      6582.      6805.    361810.   4900.72          0.        0.     6805.
   324.00      6580.      6802.    361801.   4900.72          0.        0.     6802.
   324.50      6579.      6798.    361792.   4900.72          0.        0.     6798.
   325.00      6577.      6794.    361783.   4900.72          0.        0.     6794.
   325.50      6575.      6791.    361774.   4900.72          0.        0.     6791.
   326.00      6574.      6787.    361765.   4900.71          0.        0.     6787.
   326.50      6572.      6783.    361756.   4900.71          0.        0.     6783.
   327.00      6570.      6780.    361747.   4900.71          0.        0.     6780.
   327.50      6569.      6776.    361738.   4900.71          0.        0.     6776.
   328.00      6567.      6772.    361729.   4900.71          0.        0.     6772.
   328.50      6565.      6769.    361720.   4900.71          0.        0.     6769.
   329.00      6563.      6765.    361711.   4900.71          0.        0.     6765.
   329.50      6561.      6761.    361702.   4900.70          0.        0.     6761.
   330.00      6559.      6758.    361693.   4900.70          0.        0.     6758.
   330.50      6557.      6754.    361684.   4900.70          0.        0.     6754.
   331.00      6555.      6750.    361675.   4900.70          0.        0.     6750.
   331.50      6553.      6747.    361666.   4900.70          0.        0.     6747.
   332.00      6551.      6743.    361657.   4900.70          0.        0.     6743.
   332.50      6549.      6740.    361648.   4900.70          0.        0.     6740.
   333.00      6546.      6736.    361639.   4900.69          0.        0.     6736.
   333.50      6544.      6732.    361630.   4900.69          0.        0.     6732.
   334.00      6542.      6729.    361621.   4900.69          0.        0.     6729.
   334.50      6539.      6725.    361612.   4900.69          0.        0.     6725.
   335.00      6536.      6721.    361603.   4900.69          0.        0.     6721.
   335.50      6534.      6718.    361594.   4900.69          0.        0.     6718.
   336.00      6531.      6714.    361585.   4900.69          0.        0.     6714.
   336.50      6528.      6710.    361576.   4900.68          0.        0.     6710.
   337.00      6525.      6708.    361570.   4900.68          0.        0.     6708.
   337.50      6521.      6704.    361561.   4900.68          0.        0.     6704.
   338.00      6518.      6700.    361552.   4900.68          0.        0.     6700.
   338.50      6514.      6697.    361543.   4900.68          0.        0.     6697.
   339.00      6511.      6693.    361534.   4900.68          0.        0.     6693.
   339.50      6507.      6689.    361525.   4900.68          0.        0.     6689.
   340.00      6503.      6686.    361516.   4900.67          0.        0.     6686.
   340.50      6499.      6682.    361507.   4900.67          0.        0.     6682.
   341.00      6495.      6678.    361498.   4900.67          0.        0.     6678.
   341.50      6491.      6675.    361489.   4900.67          0.        0.     6675.
   342.00      6486.      6671.    361480.   4900.67          0.        0.     6671.
   342.50      6482.      6667.    361471.   4900.67          0.        0.     6667.
   343.00      6477.      6664.    361462.   4900.67          0.        0.     6664.
   343.50      6473.      6660.    361453.   4900.66          0.        0.     6660.
   344.00      6468.      6656.    361444.   4900.66          0.        0.     6656.
   344.50      6463.      6653.    361435.   4900.66          0.        0.     6653.
   345.00      6458.      6649.    361426.   4900.66          0.        0.     6649.
   345.50      6453.      6646.    361417.   4900.66          0.        0.     6646.
   346.00      6448.      6642.    361408.   4900.66          0.        0.     6642.
   346.50      6443.      6638.    361399.   4900.66          0.        0.     6638.
   347.00      6437.      6635.    361390.   4900.65          0.        0.     6635.
   347.50      6432.      6631.    361381.   4900.65          0.        0.     6631.
   348.00      6427.      6627.    361372.   4900.65          0.        0.     6627.
   348.50      6421.      6624.    361363.   4900.65          0.        0.     6624.
   349.00      6415.      6620.    361354.   4900.65          0.        0.     6620.
   349.50      6410.      6616.    361345.   4900.65          0.        0.     6616.
   350.00      6404.      6613.    361336.   4900.65          0.        0.     6613.
   350.50      6398.      6609.    361327.   4900.64          0.        0.     6609.
   351.00      6392.      6605.    361318.   4900.64          0.        0.     6605.
   351.50      6386.      6602.    361309.   4900.64          0.        0.     6602.
   352.00      6380.      6598.    361300.   4900.64          0.        0.     6598.
   352.50      6374.      6594.    361291.   4900.64          0.        0.     6594.
   353.00      6368.      6591.    361282.   4900.64          0.        0.     6591.
   353.50      6362.      6587.    361273.   4900.63          0.        0.     6587.
   354.00      6356.      6583.    361263.   4900.63          0.        0.     6583.
   354.50      6350.      6580.    361254.   4900.63          0.        0.     6580.
   355.00      6343.      6576.    361245.   4900.63          0.        0.     6576.
   355.50      6337.      6572.    361236.   4900.63          0.        0.     6572.
   356.00      6331.      6569.    361227.   4900.63          0.        0.     6569.
   356.50      6324.      6565.    361218.   4900.63          0.        0.     6565.
   357.00      6318.      6561.    361209.   4900.62          0.        0.     6561.
   357.50      6311.      6558.    361200.   4900.62          0.        0.     6558.
   358.00      6305.      6554.    361191.   4900.62          0.        0.     6554.
   358.50      6298.      6550.    361182.   4900.62          0.        0.     6550.
   359.00      6292.      6547.    361173.   4900.62          0.        0.     6547.
   359.50      6285.      6542.    361161.   4900.62          0.        0.     6542.
   360.00      6279.      6537.    361149.   4900.61          0.        0.     6537.
1



      INFLOW DATA                           STORAGE DATA
      ***********                           ************
     TIME    INFLOW                     ELEVATION     STORAGE

     0.50      5527.                      4753.20          0.
     1.00      5557.                      4754.00          5.
     1.50      5587.                      4760.00        853.
     2.00      5617.                      4770.00       5056.
     2.50      5647.                      4780.00      11677.
     3.00      5677.                      4790.00      20701.
     3.50      5707.                      4800.00      32214.
     4.00      5737.                      4810.00      46676.
     4.50      5766.                      4820.00      64861.
     5.00      5796.                      4830.00      86629.
     5.50      5825.                      4840.00     112286.
     6.00      5855.                      4850.00     141401.
     6.50      5884.                      4860.00     174439.
     7.00      5913.                      4870.00     212059.
     7.50      5941.                      4880.00     254696.
     8.00      5970.                      4890.00     303066.
     8.50      5999.                      4900.00     357369.
     9.00      6027.                      4910.00     418864.
     9.50      6056.                      4920.00     488871.
    10.00      6084.                      4924.00     519654.
    10.50      6112.                      4924.50     523636.
    11.00      6140.                      4925.00     527626.
    11.50      6167.                      4925.50     531626.
    12.00      6195.                      4926.00     535626.
    12.50      6222.                      4930.00     569747.
    13.00      6249.                      4935.00     604527.
    13.50      6276.
    14.00      6303.
    14.50      6330.
    15.00      6357.
    15.50      6383.
    16.00      6409.
    16.50      6435.
    17.00      6461.
    17.50      6487.
    18.00      6512.
    18.50      6537.
    19.00      6562.
    19.50      6587.
    20.00      6612.
    20.50      6636.
    21.00      6661.
    21.50      6685.
    22.00      6708.
    22.50      6732.
    23.00      6755.
    23.50      6778.
    24.00      6801.
    24.50      6824.
    25.00      6846.
    25.50      6869.
    26.00      6890.
    26.50      6912.
    27.00      6934.
    27.50      6955.
    28.00      6976.
    28.50      6997.
    29.00      7017.
    29.50      7038.
    30.00      7058.
    30.50      7078.
    31.00      7098.
    31.50      7117.
    32.00      7137.
    32.50      7156.
    33.00      7175.
    33.50      7195.
    34.00      7214.
    34.50      7233.
    35.00      7251.
    35.50      7270.
    36.00      7289.
    36.50      7307.
    37.00      7326.
    37.50      7344.
    38.00      7363.
    38.50      7381.
    39.00      7399.
    39.50      7418.
    40.00      7436.
    40.50      7454.
    41.00      7473.
    41.50      7491.
    42.00      7509.
    42.50      7528.
    43.00      7546.
    43.50      7565.
    44.00      7583.
    44.50      7602.
    45.00      7620.
    45.50      7639.
    46.00      7658.
    46.50      7677.
    47.00      7696.
    47.50      7715.
    48.00      7734.
    48.50      7754.
    49.00      7773.
    49.50      7794.
    50.00      7815.
    50.50      7838.
    51.00      7860.
    51.50      7883.
    52.00      7907.
    52.50      7931.
    53.00      7956.
    53.50      7981.
    54.00      8006.
    54.50      8032.
    55.00      8058.
    55.50      8084.
    56.00      8110.
    56.50      8136.
    57.00      8162.
    57.50      8196.
    58.00      8263.
    58.50      8346.
    59.00      8437.
    59.50      8544.
    60.00      8740.
    60.50      9144.
    61.00      9782.
    61.50     10746.
    62.00     12782.
    62.50     21079.
    63.00     71913.
    63.50    106169.
    64.00    123129.
    64.50    135944.
    65.00    147619.
    65.50    159105.
    66.00    170419.
    66.50    180531.
    67.00    189067.
    67.50    196679.
    68.00    204242.
    68.50    212195.
    69.00    220307.
    69.50    227875.
    70.00    234336.
    70.50    239433.
    71.00    243162.
    71.50    245459.
    72.00    246297.
    72.50    245959.
    73.00    244978.
    73.50    243786.
    74.00    242485.
    74.50    241044.
    75.00    239459.
    75.50    237685.
    76.00    235529.
    76.50    232833.
    77.00    229643.
    77.50    226324.
    78.00    223035.
    78.50    219105.
    79.00    214505.
    79.50    209475.
    80.00    204139.
    80.50    198539.
    81.00    192663.
    81.50    186554.
    82.00    180379.
    82.50    174209.
    83.00    168026.
    83.50    161814.
    84.00    155581.
    84.50    149324.
    85.00    143077.
    85.50    136851.
    86.00    130683.
    86.50    124610.
    87.00    118656.
    87.50    112892.
    88.00    107370.
    88.50    102143.
    89.00     97213.
    89.50     92553.
    90.00     88155.
    90.50     84006.
    91.00     80092.
    91.50     76368.
    92.00     72854.
    92.50     69546.
    93.00     66141.
    93.50     62781.
    94.00     59461.
    94.50     56294.
    95.00     53333.
    95.50     50586.
    96.00     48019.
    96.50     45615.
    97.00     43385.
    97.50     41376.
    98.00     39497.
    98.50     37810.
    99.00     36181.
    99.50     34716.
   100.00     33294.
   100.50     32005.
   101.00     30836.
   101.50     29654.
   102.00     28639.
   102.50     27649.
   103.00     26714.
   103.50     25839.
   104.00     25024.
   104.50     24319.
   105.00     23611.
   105.50     22933.
   106.00     22304.
   106.50     21720.
   107.00     21181.
   107.50     20702.
   108.00     20234.
   108.50     19770.
   109.00     19318.
   109.50     18887.
   110.00     18482.
   110.50     18102.
   111.00     17752.
   111.50     17436.
   112.00     17129.
   112.50     16822.
   113.00     16555.
   113.50     16302.
   114.00     16054.
   114.50     15805.
   115.00     15560.
   115.50     15323.
   116.00     15106.
   116.50     14916.
   117.00     14734.
   117.50     14556.
   118.00     14381.
   118.50     14223.
   119.00     14064.
   119.50     13909.
   120.00     13765.
   120.50     13630.
   121.00     13494.
   121.50     13361.
   122.00     13233.
   122.50     13115.
   123.00     12998.
   123.50     12883.
   124.00     12772.
   124.50     12668.
   125.00     12569.
   125.50     12474.
   126.00     12380.
   126.50     12286.
   127.00     12197.
   127.50     12111.
   128.00     12028.
   128.50     11947.
   129.00      8502.
   129.50      8497.
   130.00      8492.
   130.50      8486.
   131.00      8480.
   131.50      8474.
   132.00      8469.
   132.50      8462.
   133.00      8456.
   133.50      8450.
   134.00      8444.
   134.50      8438.
   135.00      8431.
   135.50      8425.
   136.00      8418.
   136.50      8412.
   137.00      8406.
   137.50      8399.
   138.00      8393.
   138.50      8386.
   139.00      8380.
   139.50      8374.
   140.00      8367.
   140.50      8361.
   141.00      8355.
   141.50      8349.
   142.00      8343.
   142.50      8337.
   143.00      8332.
   143.50      8326.
   144.00      8321.
   144.50      8315.
   145.00      8310.
   145.50      8305.
   146.00      8300.
   146.50      8295.
   147.00      8290.
   147.50      8285.
   148.00      8280.
   148.50      8274.
   149.00      8269.
   149.50      8264.
   150.00      8259.
   150.50      8254.
   151.00      8249.
   151.50      8244.
   152.00      8239.
   152.50      8234.
   153.00      8229.
   153.50      8224.
   154.00      8219.
   154.50      8214.
   155.00      8209.
   155.50      8204.
   156.00      8199.
   156.50      8194.
   157.00      8189.
   157.50      8183.
   158.00      8178.
   158.50      8173.
   159.00      8168.
   159.50      8163.
   160.00      8157.
   160.50      8152.
   161.00      8147.
   161.50      8141.
   162.00      8136.
   162.50      8130.
   163.00      8125.
   163.50      8119.
   164.00      8113.
   164.50      8108.
   165.00      8102.
   165.50      8096.
   166.00      8090.
   166.50      8084.
   167.00      8078.
   167.50      8072.
   168.00      8066.
   168.50      8060.
   169.00      8054.
   169.50      8047.
   170.00      8040.
   170.50      8032.
   171.00      8024.
   171.50      8016.
   172.00      8008.
   172.50      7999.
   173.00      7990.
   173.50      7981.
   174.00      7972.
   174.50      7962.
   175.00      7953.
   175.50      7943.
   176.00      7933.
   176.50      7923.
   177.00      7913.
   177.50      7903.
   178.00      7893.
   178.50      7883.
   179.00      7873.
   179.50      7864.
   180.00      7854.
   180.50      7844.
   181.00      7834.
   181.50      7825.
   182.00      7816.
   182.50      7807.
   183.00      7798.
   183.50      7789.
   184.00      7781.
   184.50      7773.
   185.00      7765.
   185.50      7758.
   186.00      7751.
   186.50      7744.
   187.00      7738.
   187.50      7732.
   188.00      7727.
   188.50      7722.
   189.00      7718.
   189.50      7714.
   190.00      7710.
   190.50      7708.
   191.00      7705.
   191.50      7704.
   192.00      7703.
   192.50      7703.
   193.00      7703.
   193.50      7703.
   194.00      7703.
   194.50      7703.
   195.00      7703.
   195.50      7703.
   196.00      7703.
   196.50      7703.
   197.00      7703.
   197.50      7703.
   198.00      7703.
   198.50      7703.
   199.00      7703.
   199.50      7703.
   200.00      7703.
   200.50      7703.
   201.00      7703.
   201.50      7703.
   202.00      7703.
   202.50      7703.
   203.00      7703.
   203.50      7703.
   204.00      7703.
   204.50      7703.
   205.00      7703.
   205.50      7703.
   206.00      7703.
   206.50      7703.
   207.00      7703.
   207.50      7703.
   208.00      7703.
   208.50      7703.
   209.00      7703.
   209.50      7703.
   210.00      7703.
   210.50      7703.
   211.00      7703.
   211.50      7703.
   212.00      7703.
   212.50      7703.
   213.00      7703.
   213.50      7703.
   214.00      7703.
   214.50      7703.
   215.00      7703.
   215.50      7703.
   216.00      7703.
   216.50      7703.
   217.00      7702.
   217.50      7702.
   218.00      7700.
   218.50      7699.
   219.00      7697.
   219.50      7694.
   220.00      7692.
   220.50      7688.
   221.00      7685.
   221.50      7681.
   222.00      7677.
   222.50      7672.
   223.00      7667.
   223.50      7662.
   224.00      7656.
   224.50      7650.
   225.00      7644.
   225.50      7638.
   226.00      7631.
   226.50      7624.
   227.00      7617.
   227.50      7610.
   228.00      7603.
   228.50      7595.
   229.00      7587.
   229.50      7579.
   230.00      7571.
   230.50      7562.
   231.00      7554.
   231.50      7545.
   232.00      7537.
   232.50      7528.
   233.00      7519.
   233.50      7510.
   234.00      7501.
   234.50      7492.
   235.00      7483.
   235.50      7474.
   236.00      7465.
   236.50      7456.
   237.00      7447.
   237.50      7438.
   238.00      7429.
   238.50      7420.
   239.00      7412.
   239.50      7403.
   240.00      7394.
   240.50      7386.
   241.00      7377.
   241.50      7367.
   242.00      7357.
   242.50      7346.
   243.00      7335.
   243.50      7323.
   244.00      7310.
   244.50      7297.
   245.00      7284.
   245.50      7270.
   246.00      7256.
   246.50      7241.
   247.00      7226.
   247.50      7211.
   248.00      7196.
   248.50      7180.
   249.00      7164.
   249.50      7149.
   250.00      7133.
   250.50      7117.
   251.00      7101.
   251.50      7085.
   252.00      7070.
   252.50      7054.
   253.00      7039.
   253.50      7024.
   254.00      7009.
   254.50      6994.
   255.00      6980.
   255.50      6966.
   256.00      6953.
   256.50      6940.
   257.00      6927.
   257.50      6915.
   258.00      6904.
   258.50      6893.
   259.00      6883.
   259.50      6873.
   260.00      6864.
   260.50      6856.
   261.00      6849.
   261.50      6843.
   262.00      6837.
   262.50      6832.
   263.00      6829.
   263.50      6826.
   264.00      6825.
   264.50      6824.
   265.00      6824.
   265.50      6824.
   266.00      6825.
   266.50      6825.
   267.00      6826.
   267.50      6827.
   268.00      6828.
   268.50      6829.
   269.00      6830.
   269.50      6831.
   270.00      6832.
   270.50      6834.
   271.00      6835.
   271.50      6837.
   272.00      6838.
   272.50      6840.
   273.00      6842.
   273.50      6843.
   274.00      6845.
   274.50      6847.
   275.00      6849.
   275.50      6851.
   276.00      6853.
   276.50      6855.
   277.00      6857.
   277.50      6858.
   278.00      6860.
   278.50      6862.
   279.00      6864.
   279.50      6866.
   280.00      6868.
   280.50      6869.
   281.00      6871.
   281.50      6873.
   282.00      6874.
   282.50      6876.
   283.00      6877.
   283.50      6878.
   284.00      6880.
   284.50      6881.
   285.00      6882.
   285.50      6883.
   286.00      6883.
   286.50      6884.
   287.00      6885.
   287.50      6885.
   288.00      6885.
   288.50      6885.
   289.00      6885.
   289.50      6884.
   290.00      6883.
   290.50      6881.
   291.00      6879.
   291.50      6876.
   292.00      6873.
   292.50      6870.
   293.00      6866.
   293.50      6862.
   294.00      6857.
   294.50      6852.
   295.00      6847.
   295.50      6842.
   296.00      6836.
   296.50      6830.
   297.00      6824.
   297.50      6817.
   298.00      6811.
   298.50      6804.
   299.00      6797.
   299.50      6790.
   300.00      6783.
   300.50      6776.
   301.00      6769.
   301.50      6761.
   302.00      6754.
   302.50      6747.
   303.00      6739.
   303.50      6732.
   304.00      6725.
   304.50      6718.
   305.00      6711.
   305.50      6704.
   306.00      6697.
   306.50      6690.
   307.00      6684.
   307.50      6678.
   308.00      6672.
   308.50      6666.
   309.00      6660.
   309.50      6655.
   310.00      6650.
   310.50      6645.
   311.00      6641.
   311.50      6637.
   312.00      6633.
   312.50      6630.
   313.00      6627.
   313.50      6624.
   314.00      6621.
   314.50      6619.
   315.00      6616.
   315.50      6614.
   316.00      6611.
   316.50      6609.
   317.00      6607.
   317.50      6604.
   318.00      6602.
   318.50      6600.
   319.00      6598.
   319.50      6596.
   320.00      6594.
   320.50      6593.
   321.00      6591.
   321.50      6589.
   322.00      6587.
   322.50      6586.
   323.00      6584.
   323.50      6582.
   324.00      6580.
   324.50      6579.
   325.00      6577.
   325.50      6575.
   326.00      6574.
   326.50      6572.
   327.00      6570.
   327.50      6569.
   328.00      6567.
   328.50      6565.
   329.00      6563.
   329.50      6561.
   330.00      6559.
   330.50      6557.
   331.00      6555.
   331.50      6553.
   332.00      6551.
   332.50      6549.
   333.00      6546.
   333.50      6544.
   334.00      6542.
   334.50      6539.
   335.00      6536.
   335.50      6534.
   336.00      6531.
   336.50      6528.
   337.00      6525.
   337.50      6521.
   338.00      6518.
   338.50      6514.
   339.00      6511.
   339.50      6507.
   340.00      6503.
   340.50      6499.
   341.00      6495.
   341.50      6491.
   342.00      6486.
   342.50      6482.
   343.00      6477.
   343.50      6473.
   344.00      6468.
   344.50      6463.
   345.00      6458.
   345.50      6453.
   346.00      6448.
   346.50      6443.
   347.00      6437.
   347.50      6432.
   348.00      6427.
   348.50      6421.
   349.00      6415.
   349.50      6410.
   350.00      6404.
   350.50      6398.
   351.00      6392.
   351.50      6386.
   352.00      6380.
   352.50      6374.
   353.00      6368.
   353.50      6362.
   354.00      6356.
   354.50      6350.
   355.00      6343.
   355.50      6337.
   356.00      6331.
   356.50      6324.
   357.00      6318.
   357.50      6311.
   358.00      6305.
   358.50      6298.
   359.00      6292.
   359.50      6285.
   360.00      6279.
1


  DISCHARGE VS ELEVATION
  **********************
  ELEVATION  DISCHARGE

    4880.49      5000.
    4890.00      5000.
    4898.70      5000.
    4900.00      5000.
    4902.00     10000.
    4904.00     22500.
    4906.00     37500.
    4908.00     56000.
    4910.00     77000.
    4912.00    100000.
    4914.00    125000.
    4916.00    153000.
    4920.00    212000.
    4924.00    270000.
    4928.00    328000.
    4930.00    357000.
    4935.00    429500.