
                     UNITED STATES BUREAU OF RECLAMATION
                       ENGINEERING AND RESEARCH CENTER

                            FLOOD ROUTING FOR DAMS
                            ----------------------

      FEATURE: Pueblo Dam                               DATE    **/ 1/  26
      FLOOD: TREX Test Run & PMF snow                   TIME    **:**:03.**
      TITLE: Full TREX Routing             
      DATA FILE: fs12-1sn.in                                                    

      FLOOD ROUTING SUMMARY
      *********************

         BEGINNING HOUR OF ROUTING.......................      0.50
         ENDING HOUR OF ROUTING..........................    360.00
         INITIAL RESERVOIR ELEVATION.....................   4880.49 FT
         MINIMUM OR NORMAL POOL ELEV.....................   4880.49 FT
         MAXIMUM RESERVOIR ELEVATION.....   4900.56 AT HOUR  353.50
         INFLOW PEAK DISCHARGE...........    33548. AT HOUR   73.00
         MAXIMUM TOTAL OUTFLOW...........     6399. AT HOUR  353.50
         ELEVATION TOLERANCE.............................    0.0100 FT
         INFLOW HYDROGRAPH ADJUSTMENT FACTOR.............      1.00
         IPC OPTIONS (1 TO 10)...........................3100100021

      WATERWAY PARAMETERS
      *******************

         WATERWAY NO. 1 - Top of Dam                    

         TYPE-BROAD OR SHARP CRESTED WEIR
         CONSTANT DISCHARGE COEFFICIENT..................      2.67
         CREST ELEVATION.................................   4925.25 FT
         CREST LENGTH....................................   1200.50 FT
         MAXIMUM DISCHARGE...............        0. AT HOUR    0.50

         WATERWAY NO. 2 - Embankment "wings"            

         TYPE-BROAD OR SHARP CRESTED WEIR
         CONSTANT DISCHARGE COEFFICIENT..................      2.62
         CREST ELEVATION.................................   4925.00 FT
         CREST LENGTH....................................   8480.00 FT
         MAXIMUM DISCHARGE...............        0. AT HOUR    0.50
1

                     ROUTING RESULTS                          DISCHARGE RESULTS
                     ***************                          *****************

    TIME     INFLOW    OUTFLOW    STORAGE   ELEVATION        WATERWAY         RATING
                                                           1         2        CURVE

     0.50      5527.      5000.    257067.   4880.49          0.        0.     5000.
     1.00      5557.      5000.    257089.   4880.49          0.        0.     5000.
     1.50      5587.      5000.    257112.   4880.50          0.        0.     5000.
     2.00      5617.      5000.    257138.   4880.50          0.        0.     5000.
     2.50      5647.      5000.    257164.   4880.51          0.        0.     5000.
     3.00      5677.      5000.    257192.   4880.52          0.        0.     5000.
     3.50      5707.      5000.    257221.   4880.52          0.        0.     5000.
     4.00      5737.      5000.    257251.   4880.53          0.        0.     5000.
     4.50      5766.      5000.    257282.   4880.53          0.        0.     5000.
     5.00      5796.      5000.    257315.   4880.54          0.        0.     5000.
     5.50      5825.      5000.    257348.   4880.55          0.        0.     5000.
     6.00      5855.      5000.    257384.   4880.56          0.        0.     5000.
     6.50      5884.      5000.    257419.   4880.56          0.        0.     5000.
     7.00      5913.      5000.    257457.   4880.57          0.        0.     5000.
     7.50      5941.      5000.    257495.   4880.58          0.        0.     5000.
     8.00      5970.      5000.    257535.   4880.59          0.        0.     5000.
     8.50      5999.      5000.    257575.   4880.60          0.        0.     5000.
     9.00      6027.      5000.    257618.   4880.60          0.        0.     5000.
     9.50      6056.      5000.    257660.   4880.61          0.        0.     5000.
    10.00      6084.      5000.    257705.   4880.62          0.        0.     5000.
    10.50      6112.      5000.    257750.   4880.63          0.        0.     5000.
    11.00      6140.      5000.    257797.   4880.64          0.        0.     5000.
    11.50      6167.      5000.    257844.   4880.65          0.        0.     5000.
    12.00      6195.      5000.    257894.   4880.66          0.        0.     5000.
    12.50      6222.      5000.    257944.   4880.67          0.        0.     5000.
    13.00      6249.      5000.    257995.   4880.68          0.        0.     5000.
    13.50      6276.      5000.    258047.   4880.69          0.        0.     5000.
    14.00      6303.      5000.    258102.   4880.70          0.        0.     5000.
    14.50      6330.      5000.    258156.   4880.72          0.        0.     5000.
    15.00      6357.      5000.    258213.   4880.73          0.        0.     5000.
    15.50      6383.      5000.    258269.   4880.74          0.        0.     5000.
    16.00      6409.      5000.    258326.   4880.75          0.        0.     5000.
    16.50      6435.      5000.    258385.   4880.76          0.        0.     5000.
    17.00      6461.      5000.    258444.   4880.77          0.        0.     5000.
    17.50      6487.      5000.    258506.   4880.79          0.        0.     5000.
    18.00      6512.      5000.    258567.   4880.80          0.        0.     5000.
    18.50      6537.      5000.    258631.   4880.81          0.        0.     5000.
    19.00      6562.      5000.    258695.   4880.83          0.        0.     5000.
    19.50      6587.      5000.    258761.   4880.84          0.        0.     5000.
    20.00      6612.      5000.    258827.   4880.85          0.        0.     5000.
    20.50      6636.      5000.    258893.   4880.87          0.        0.     5000.
    21.00      6661.      5000.    258961.   4880.88          0.        0.     5000.
    21.50      6685.      5000.    259030.   4880.90          0.        0.     5000.
    22.00      6708.      5000.    259101.   4880.91          0.        0.     5000.
    22.50      6732.      5000.    259172.   4880.93          0.        0.     5000.
    23.00      6755.      5000.    259245.   4880.94          0.        0.     5000.
    23.50      6778.      5000.    259318.   4880.96          0.        0.     5000.
    24.00      6801.      5000.    259391.   4880.97          0.        0.     5000.
    24.50      6824.      5000.    259467.   4880.99          0.        0.     5000.
    25.00      6846.      5000.    259542.   4881.00          0.        0.     5000.
    25.50      6869.      5000.    259618.   4881.02          0.        0.     5000.
    26.00      6890.      5000.    259696.   4881.03          0.        0.     5000.
    26.50      6912.      5000.    259774.   4881.05          0.        0.     5000.
    27.00      6934.      5000.    259854.   4881.07          0.        0.     5000.
    27.50      6955.      5000.    259935.   4881.08          0.        0.     5000.
    28.00      6976.      5000.    260015.   4881.10          0.        0.     5000.
    28.50      6997.      5000.    260097.   4881.12          0.        0.     5000.
    29.00      7017.      5000.    260180.   4881.13          0.        0.     5000.
    29.50      7038.      5000.    260263.   4881.15          0.        0.     5000.
    30.00      7058.      5000.    260348.   4881.17          0.        0.     5000.
    30.50      7078.      5000.    260433.   4881.19          0.        0.     5000.
    31.00      7098.      5000.    260520.   4881.20          0.        0.     5000.
    31.50      7117.      5000.    260608.   4881.22          0.        0.     5000.
    32.00      7137.      5000.    260695.   4881.24          0.        0.     5000.
    32.50      7156.      5000.    260785.   4881.26          0.        0.     5000.
    33.00      7175.      5000.    260875.   4881.28          0.        0.     5000.
    33.50      7195.      5000.    260964.   4881.30          0.        0.     5000.
    34.00      7214.      5000.    261056.   4881.31          0.        0.     5000.
    34.50      7233.      5000.    261148.   4881.33          0.        0.     5000.
    35.00      7251.      5000.    261241.   4881.35          0.        0.     5000.
    35.50      7270.      5000.    261335.   4881.37          0.        0.     5000.
    36.00      7289.      5000.    261430.   4881.39          0.        0.     5000.
    36.50      7307.      5000.    261524.   4881.41          0.        0.     5000.
    37.00      7326.      5000.    261621.   4881.43          0.        0.     5000.
    37.50      7344.      5000.    261718.   4881.45          0.        0.     5000.
    38.00      7363.      5000.    261815.   4881.47          0.        0.     5000.
    38.50      7381.      5000.    261914.   4881.49          0.        0.     5000.
    39.00      7399.      5000.    262013.   4881.51          0.        0.     5000.
    39.50      7418.      5000.    262112.   4881.53          0.        0.     5000.
    40.00      7436.      5000.    262211.   4881.55          0.        0.     5000.
    40.50      7454.      5000.    262313.   4881.57          0.        0.     5000.
    41.00      7473.      5000.    262414.   4881.60          0.        0.     5000.
    41.50      7491.      5000.    262516.   4881.62          0.        0.     5000.
    42.00      7509.      5000.    262620.   4881.64          0.        0.     5000.
    42.50      7528.      5000.    262724.   4881.66          0.        0.     5000.
    43.00      7546.      5000.    262828.   4881.68          0.        0.     5000.
    43.50      7565.      5000.    262934.   4881.70          0.        0.     5000.
    44.00      7583.      5000.    263040.   4881.73          0.        0.     5000.
    44.50      7602.      5000.    263147.   4881.75          0.        0.     5000.
    45.00      7620.      5000.    263255.   4881.77          0.        0.     5000.
    45.50      7639.      5000.    263364.   4881.79          0.        0.     5000.
    46.00      7658.      5000.    263473.   4881.81          0.        0.     5000.
    46.50      7677.      5000.    263584.   4881.84          0.        0.     5000.
    47.00      7696.      5000.    263695.   4881.86          0.        0.     5000.
    47.50      7715.      5000.    263806.   4881.88          0.        0.     5000.
    48.00      7734.      5000.    263919.   4881.91          0.        0.     5000.
    48.50      7754.      5000.    264032.   4881.93          0.        0.     5000.
    49.00      7773.      5000.    264146.   4881.95          0.        0.     5000.
    49.50      7794.      5000.    264261.   4881.98          0.        0.     5000.
    50.00      7815.      5000.    264377.   4882.00          0.        0.     5000.
    50.50      7838.      5000.    264493.   4882.03          0.        0.     5000.
    51.00      7860.      5000.    264611.   4882.05          0.        0.     5000.
    51.50      7883.      5000.    264729.   4882.07          0.        0.     5000.
    52.00      7907.      5000.    264849.   4882.10          0.        0.     5000.
    52.50      7931.      5000.    264970.   4882.12          0.        0.     5000.
    53.00      7956.      5000.    265090.   4882.15          0.        0.     5000.
    53.50      7981.      5000.    265213.   4882.17          0.        0.     5000.
    54.00      8006.      5000.    265336.   4882.20          0.        0.     5000.
    54.50      8032.      5000.    265461.   4882.23          0.        0.     5000.
    55.00      8058.      5000.    265586.   4882.25          0.        0.     5000.
    55.50      8084.      5000.    265714.   4882.28          0.        0.     5000.
    56.00      8110.      5000.    265841.   4882.30          0.        0.     5000.
    56.50      8136.      5000.    265971.   4882.33          0.        0.     5000.
    57.00      8162.      5000.    266101.   4882.36          0.        0.     5000.
    57.50      8192.      5000.    266233.   4882.39          0.        0.     5000.
    58.00      8219.      5000.    266366.   4882.41          0.        0.     5000.
    58.50      8246.      5000.    266500.   4882.44          0.        0.     5000.
    59.00      8271.      5000.    266635.   4882.47          0.        0.     5000.
    59.50      8298.      5000.    266770.   4882.50          0.        0.     5000.
    60.00      8324.      5000.    266907.   4882.52          0.        0.     5000.
    60.50      8348.      5000.    267044.   4882.55          0.        0.     5000.
    61.00      8374.      5000.    267183.   4882.58          0.        0.     5000.
    61.50      8398.      5000.    267322.   4882.61          0.        0.     5000.
    62.00      8427.      5000.    267464.   4882.64          0.        0.     5000.
    62.50      8456.      5000.    267606.   4882.67          0.        0.     5000.
    63.00      8486.      5000.    267750.   4882.70          0.        0.     5000.
    63.50      8517.      5000.    267894.   4882.73          0.        0.     5000.
    64.00      8552.      5000.    268040.   4882.76          0.        0.     5000.
    64.50      8595.      5000.    268189.   4882.79          0.        0.     5000.
    65.00      8651.      5000.    268338.   4882.82          0.        0.     5000.
    65.50      8725.      5000.    268491.   4882.85          0.        0.     5000.
    66.00      8815.      5000.    268647.   4882.88          0.        0.     5000.
    66.50      8919.      5000.    268808.   4882.92          0.        0.     5000.
    67.00      9036.      5000.    268973.   4882.95          0.        0.     5000.
    67.50      9171.      5000.    269143.   4882.99          0.        0.     5000.
    68.00      9346.      5000.    269320.   4883.02          0.        0.     5000.
    68.50      9622.      5000.    269505.   4883.06          0.        0.     5000.
    69.00     10116.      5000.    269705.   4883.10          0.        0.     5000.
    69.50     10922.      5000.    269934.   4883.15          0.        0.     5000.
    70.00     12019.      5000.    270201.   4883.21          0.        0.     5000.
    70.50     14076.      5000.    270534.   4883.27          0.        0.     5000.
    71.00     23545.      5000.    271106.   4883.39          0.        0.     5000.
    71.50     30298.      5000.    272013.   4883.58          0.        0.     5000.
    72.00     32563.      5000.    273104.   4883.81          0.        0.     5000.
    72.50     33323.      5000.    274259.   4884.04          0.        0.     5000.
    73.00     33548.      5000.    275433.   4884.29          0.        0.     5000.
    73.50     33474.      5000.    276611.   4884.53          0.        0.     5000.
    74.00     33214.      5000.    277783.   4884.77          0.        0.     5000.
    74.50     32848.      5000.    278940.   4885.01          0.        0.     5000.
    75.00     32428.      5000.    280083.   4885.25          0.        0.     5000.
    75.50     31999.      5000.    281207.   4885.48          0.        0.     5000.
    76.00     31597.      5000.    282315.   4885.71          0.        0.     5000.
    76.50     31196.      5000.    283406.   4885.94          0.        0.     5000.
    77.00     30815.      5000.    284481.   4886.16          0.        0.     5000.
    77.50     30445.      5000.    285539.   4886.38          0.        0.     5000.
    78.00     30066.      5000.    286583.   4886.59          0.        0.     5000.
    78.50     29685.      5000.    287610.   4886.80          0.        0.     5000.
    79.00     29260.      5000.    288621.   4887.01          0.        0.     5000.
    79.50     28775.      5000.    289613.   4887.22          0.        0.     5000.
    80.00     28238.      5000.    290584.   4887.42          0.        0.     5000.
    80.50     27656.      5000.    291531.   4887.62          0.        0.     5000.
    81.00     27037.      5000.    292454.   4887.81          0.        0.     5000.
    81.50     26378.      5000.    293352.   4887.99          0.        0.     5000.
    82.00     25679.      5000.    294221.   4888.17          0.        0.     5000.
    82.50     25005.      5000.    295062.   4888.35          0.        0.     5000.
    83.00     24318.      5000.    295874.   4888.51          0.        0.     5000.
    83.50     23566.      5000.    296656.   4888.67          0.        0.     5000.
    84.00     22821.      5000.    297407.   4888.83          0.        0.     5000.
    84.50     22109.      5000.    298130.   4888.98          0.        0.     5000.
    85.00     21435.      5000.    298822.   4889.12          0.        0.     5000.
    85.50     20756.      5000.    299488.   4889.26          0.        0.     5000.
    86.00     20078.      5000.    300126.   4889.39          0.        0.     5000.
    86.50     19420.      5000.    300735.   4889.52          0.        0.     5000.
    87.00     18804.      5000.    301318.   4889.64          0.        0.     5000.
    87.50     18250.      5000.    301878.   4889.75          0.        0.     5000.
    88.00     17754.      5000.    302414.   4889.87          0.        0.     5000.
    88.50     17274.      5000.    302931.   4889.97          0.        0.     5000.
    89.00     16815.      5000.    303429.   4890.07          0.        0.     5000.
    89.50     16447.      5000.    303909.   4890.16          0.        0.     5000.
    90.00     16074.      5000.    304373.   4890.24          0.        0.     5000.
    90.50     15714.      5000.    304824.   4890.32          0.        0.     5000.
    91.00     15387.      5000.    305259.   4890.40          0.        0.     5000.
    91.50     15090.      5000.    305683.   4890.48          0.        0.     5000.
    92.00     14804.      5000.    306094.   4890.56          0.        0.     5000.
    92.50     14527.      5000.    306494.   4890.63          0.        0.     5000.
    93.00     14273.      5000.    306884.   4890.70          0.        0.     5000.
    93.50     14026.      5000.    307263.   4890.77          0.        0.     5000.
    94.00     13802.      5000.    307632.   4890.84          0.        0.     5000.
    94.50     13597.      5000.    307993.   4890.91          0.        0.     5000.
    95.00     13397.      5000.    308343.   4890.97          0.        0.     5000.
    95.50     13209.      5000.    308685.   4891.03          0.        0.     5000.
    96.00     13027.      5000.    309021.   4891.10          0.        0.     5000.
    96.50     12851.      5000.    309350.   4891.16          0.        0.     5000.
    97.00     12686.      5000.    309671.   4891.22          0.        0.     5000.
    97.50     12530.      5000.    309986.   4891.27          0.        0.     5000.
    98.00     12380.      5000.    310294.   4891.33          0.        0.     5000.
    98.50     12237.      5000.    310596.   4891.39          0.        0.     5000.
    99.00     12100.      5000.    310893.   4891.44          0.        0.     5000.
    99.50     11968.      5000.    311185.   4891.50          0.        0.     5000.
   100.00     11842.      5000.    311471.   4891.55          0.        0.     5000.
   100.50     11722.      5000.    311752.   4891.60          0.        0.     5000.
   101.00     11607.      5000.    312028.   4891.65          0.        0.     5000.
   101.50     11498.      5000.    312299.   4891.70          0.        0.     5000.
   102.00     11393.      5000.    312564.   4891.75          0.        0.     5000.
   102.50     11294.      5000.    312826.   4891.80          0.        0.     5000.
   103.00     11200.      5000.    313083.   4891.84          0.        0.     5000.
   103.50     11109.      5000.    313338.   4891.89          0.        0.     5000.
   104.00     11023.      5000.    313590.   4891.94          0.        0.     5000.
   104.50     10940.      5000.    313836.   4891.98          0.        0.     5000.
   105.00     10861.      5000.    314080.   4892.03          0.        0.     5000.
   105.50     10785.      5000.    314322.   4892.07          0.        0.     5000.
   106.00     10713.      5000.    314560.   4892.12          0.        0.     5000.
   106.50     10644.      5000.    314796.   4892.16          0.        0.     5000.
   107.00     10577.      5000.    315027.   4892.20          0.        0.     5000.
   107.50     10514.      5000.    315255.   4892.24          0.        0.     5000.
   108.00     10452.      5000.    315480.   4892.29          0.        0.     5000.
   108.50     10394.      5000.    315706.   4892.33          0.        0.     5000.
   109.00     10337.      5000.    315929.   4892.37          0.        0.     5000.
   109.50     10284.      5000.    316149.   4892.41          0.        0.     5000.
   110.00     10233.      5000.    316366.   4892.45          0.        0.     5000.
   110.50     10182.      5000.    316581.   4892.49          0.        0.     5000.
   111.00     10135.      5000.    316793.   4892.53          0.        0.     5000.
   111.50     10089.      5000.    317005.   4892.57          0.        0.     5000.
   112.00     10045.      5000.    317214.   4892.61          0.        0.     5000.
   112.50     10002.      5000.    317421.   4892.64          0.        0.     5000.
   113.00      9962.      5000.    317628.   4892.68          0.        0.     5000.
   113.50      9923.      5000.    317832.   4892.72          0.        0.     5000.
   114.00      9884.      5000.    318034.   4892.76          0.        0.     5000.
   114.50      9849.      5000.    318235.   4892.79          0.        0.     5000.
   115.00      9813.      5000.    318434.   4892.83          0.        0.     5000.
   115.50      9780.      5000.    318633.   4892.87          0.        0.     5000.
   116.00      9748.      5000.    318829.   4892.90          0.        0.     5000.
   116.50      9716.      5000.    319025.   4892.94          0.        0.     5000.
   117.00      9686.      5000.    319219.   4892.97          0.        0.     5000.
   117.50      9657.      5000.    319413.   4893.01          0.        0.     5000.
   118.00      9629.      5000.    319604.   4893.05          0.        0.     5000.
   118.50      9602.      5000.    319794.   4893.08          0.        0.     5000.
   119.00      9575.      5000.    319985.   4893.12          0.        0.     5000.
   119.50      9550.      5000.    320174.   4893.15          0.        0.     5000.
   120.00      9525.      5000.    320362.   4893.19          0.        0.     5000.
   120.50      9502.      5000.    320547.   4893.22          0.        0.     5000.
   121.00      9478.      5000.    320733.   4893.25          0.        0.     5000.
   121.50      9456.      5000.    320919.   4893.29          0.        0.     5000.
   122.00      9433.      5000.    321102.   4893.32          0.        0.     5000.
   122.50      9412.      5000.    321285.   4893.35          0.        0.     5000.
   123.00      9390.      5000.    321468.   4893.39          0.        0.     5000.
   123.50      9369.      5000.    321648.   4893.42          0.        0.     5000.
   124.00      9348.      5000.    321828.   4893.46          0.        0.     5000.
   124.50      9328.      5000.    322008.   4893.49          0.        0.     5000.
   125.00      9308.      5000.    322186.   4893.52          0.        0.     5000.
   125.50      9289.      5000.    322364.   4893.55          0.        0.     5000.
   126.00      9270.      5000.    322541.   4893.59          0.        0.     5000.
   126.50      9251.      5000.    322716.   4893.62          0.        0.     5000.
   127.00      9233.      5000.    322891.   4893.65          0.        0.     5000.
   127.50      9214.      5000.    323066.   4893.68          0.        0.     5000.
   128.00      9197.      5000.    323241.   4893.72          0.        0.     5000.
   128.50      9179.      5000.    323414.   4893.75          0.        0.     5000.
   129.00      8502.      5000.    323573.   4893.78          0.        0.     5000.
   129.50      8497.      5000.    323719.   4893.80          0.        0.     5000.
   130.00      8492.      5000.    323862.   4893.83          0.        0.     5000.
   130.50      8486.      5000.    324005.   4893.86          0.        0.     5000.
   131.00      8480.      5000.    324148.   4893.88          0.        0.     5000.
   131.50      8474.      5000.    324291.   4893.91          0.        0.     5000.
   132.00      8469.      5000.    324435.   4893.94          0.        0.     5000.
   132.50      8462.      5000.    324578.   4893.96          0.        0.     5000.
   133.00      8456.      5000.    324721.   4893.99          0.        0.     5000.
   133.50      8450.      5000.    324864.   4894.01          0.        0.     5000.
   134.00      8444.      5000.    325007.   4894.04          0.        0.     5000.
   134.50      8438.      5000.    325150.   4894.07          0.        0.     5000.
   135.00      8431.      5000.    325294.   4894.09          0.        0.     5000.
   135.50      8425.      5000.    325434.   4894.12          0.        0.     5000.
   136.00      8418.      5000.    325575.   4894.15          0.        0.     5000.
   136.50      8412.      5000.    325715.   4894.17          0.        0.     5000.
   137.00      8406.      5000.    325856.   4894.20          0.        0.     5000.
   137.50      8399.      5000.    325996.   4894.22          0.        0.     5000.
   138.00      8393.      5000.    326137.   4894.25          0.        0.     5000.
   138.50      8386.      5000.    326277.   4894.27          0.        0.     5000.
   139.00      8380.      5000.    326418.   4894.30          0.        0.     5000.
   139.50      8374.      5000.    326558.   4894.33          0.        0.     5000.
   140.00      8367.      5000.    326699.   4894.35          0.        0.     5000.
   140.50      8361.      5000.    326837.   4894.38          0.        0.     5000.
   141.00      8355.      5000.    326975.   4894.40          0.        0.     5000.
   141.50      8349.      5000.    327113.   4894.43          0.        0.     5000.
   142.00      8343.      5000.    327250.   4894.45          0.        0.     5000.
   142.50      8337.      5000.    327388.   4894.48          0.        0.     5000.
   143.00      8332.      5000.    327526.   4894.50          0.        0.     5000.
   143.50      8326.      5000.    327664.   4894.53          0.        0.     5000.
   144.00      8321.      5000.    327802.   4894.56          0.        0.     5000.
   144.50      8315.      5000.    327940.   4894.58          0.        0.     5000.
   145.00      8310.      5000.    328078.   4894.61          0.        0.     5000.
   145.50      8305.      5000.    328216.   4894.63          0.        0.     5000.
   146.00      8300.      5000.    328351.   4894.66          0.        0.     5000.
   146.50      8295.      5000.    328486.   4894.68          0.        0.     5000.
   147.00      8290.      5000.    328621.   4894.71          0.        0.     5000.
   147.50      8285.      5000.    328757.   4894.73          0.        0.     5000.
   148.00      8280.      5000.    328892.   4894.76          0.        0.     5000.
   148.50      8274.      5000.    329027.   4894.78          0.        0.     5000.
   149.00      8269.      5000.    329162.   4894.81          0.        0.     5000.
   149.50      8264.      5000.    329297.   4894.83          0.        0.     5000.
   150.00      8259.      5000.    329433.   4894.86          0.        0.     5000.
   150.50      8254.      5000.    329568.   4894.88          0.        0.     5000.
   151.00      8249.      5000.    329703.   4894.91          0.        0.     5000.
   151.50      8244.      5000.    329838.   4894.93          0.        0.     5000.
   152.00      8239.      5000.    329974.   4894.96          0.        0.     5000.
   152.50      8234.      5000.    330106.   4894.98          0.        0.     5000.
   153.00      8229.      5000.    330239.   4895.00          0.        0.     5000.
   153.50      8224.      5000.    330371.   4895.03          0.        0.     5000.
   154.00      8219.      5000.    330504.   4895.05          0.        0.     5000.
   154.50      8214.      5000.    330636.   4895.08          0.        0.     5000.
   155.00      8209.      5000.    330769.   4895.10          0.        0.     5000.
   155.50      8204.      5000.    330902.   4895.13          0.        0.     5000.
   156.00      8199.      5000.    331034.   4895.15          0.        0.     5000.
   156.50      8194.      5000.    331167.   4895.17          0.        0.     5000.
   157.00      8189.      5000.    331299.   4895.20          0.        0.     5000.
   157.50      8183.      5000.    331432.   4895.22          0.        0.     5000.
   158.00      8178.      5000.    331564.   4895.25          0.        0.     5000.
   158.50      8173.      5000.    331694.   4895.27          0.        0.     5000.
   159.00      8168.      5000.    331824.   4895.30          0.        0.     5000.
   159.50      8163.      5000.    331954.   4895.32          0.        0.     5000.
   160.00      8157.      5000.    332084.   4895.34          0.        0.     5000.
   160.50      8152.      5000.    332214.   4895.37          0.        0.     5000.
   161.00      8147.      5000.    332344.   4895.39          0.        0.     5000.
   161.50      8141.      5000.    332474.   4895.42          0.        0.     5000.
   162.00      8136.      5000.    332604.   4895.44          0.        0.     5000.
   162.50      8130.      5000.    332734.   4895.46          0.        0.     5000.
   163.00      8125.      5000.    332864.   4895.49          0.        0.     5000.
   163.50      8119.      5000.    332994.   4895.51          0.        0.     5000.
   164.00      8113.      5000.    333124.   4895.54          0.        0.     5000.
   164.50      8108.      5000.    333251.   4895.56          0.        0.     5000.
   165.00      8102.      5000.    333378.   4895.58          0.        0.     5000.
   165.50      8096.      5000.    333505.   4895.61          0.        0.     5000.
   166.00      8090.      5000.    333633.   4895.63          0.        0.     5000.
   166.50      8084.      5000.    333760.   4895.65          0.        0.     5000.
   167.00      8078.      5000.    333887.   4895.68          0.        0.     5000.
   167.50      8072.      5000.    334014.   4895.70          0.        0.     5000.
   168.00      8066.      5000.    334142.   4895.72          0.        0.     5000.
   168.50      8060.      5000.    334269.   4895.75          0.        0.     5000.
   169.00      8054.      5000.    334396.   4895.77          0.        0.     5000.
   169.50      8047.      5000.    334524.   4895.79          0.        0.     5000.
   170.00      8040.      5000.    334648.   4895.82          0.        0.     5000.
   170.50      8032.      5000.    334773.   4895.84          0.        0.     5000.
   171.00      8024.      5000.    334897.   4895.86          0.        0.     5000.
   171.50      8016.      5000.    335022.   4895.88          0.        0.     5000.
   172.00      8008.      5000.    335147.   4895.91          0.        0.     5000.
   172.50      7999.      5000.    335271.   4895.93          0.        0.     5000.
   173.00      7990.      5000.    335396.   4895.95          0.        0.     5000.
   173.50      7981.      5000.    335521.   4895.98          0.        0.     5000.
   174.00      7972.      5000.    335643.   4896.00          0.        0.     5000.
   174.50      7962.      5000.    335764.   4896.02          0.        0.     5000.
   175.00      7953.      5000.    335886.   4896.04          0.        0.     5000.
   175.50      7943.      5000.    336008.   4896.07          0.        0.     5000.
   176.00      7933.      5000.    336130.   4896.09          0.        0.     5000.
   176.50      7923.      5000.    336252.   4896.11          0.        0.     5000.
   177.00      7913.      5000.    336372.   4896.13          0.        0.     5000.
   177.50      7903.      5000.    336491.   4896.16          0.        0.     5000.
   178.00      7893.      5000.    336610.   4896.18          0.        0.     5000.
   178.50      7883.      5000.    336730.   4896.20          0.        0.     5000.
   179.00      7873.      5000.    336849.   4896.22          0.        0.     5000.
   179.50      7864.      5000.    336968.   4896.24          0.        0.     5000.
   180.00      7854.      5000.    337088.   4896.27          0.        0.     5000.
   180.50      7844.      5000.    337204.   4896.29          0.        0.     5000.
   181.00      7834.      5000.    337321.   4896.31          0.        0.     5000.
   181.50      7825.      5000.    337438.   4896.33          0.        0.     5000.
   182.00      7816.      5000.    337554.   4896.35          0.        0.     5000.
   182.50      7807.      5000.    337671.   4896.37          0.        0.     5000.
   183.00      7798.      5000.    337788.   4896.39          0.        0.     5000.
   183.50      7789.      5000.    337904.   4896.42          0.        0.     5000.
   184.00      7781.      5000.    338018.   4896.44          0.        0.     5000.
   184.50      7773.      5000.    338132.   4896.46          0.        0.     5000.
   185.00      7765.      5000.    338246.   4896.48          0.        0.     5000.
   185.50      7758.      5000.    338360.   4896.50          0.        0.     5000.
   186.00      7751.      5000.    338474.   4896.52          0.        0.     5000.
   186.50      7744.      5000.    338588.   4896.54          0.        0.     5000.
   187.00      7738.      5000.    338702.   4896.56          0.        0.     5000.
   187.50      7732.      5000.    338816.   4896.58          0.        0.     5000.
   188.00      7727.      5000.    338930.   4896.60          0.        0.     5000.
   188.50      7722.      5000.    339042.   4896.63          0.        0.     5000.
   189.00      7718.      5000.    339153.   4896.65          0.        0.     5000.
   189.50      7714.      5000.    339264.   4896.67          0.        0.     5000.
   190.00      7710.      5000.    339376.   4896.69          0.        0.     5000.
   190.50      7708.      5000.    339487.   4896.71          0.        0.     5000.
   191.00      7705.      5000.    339599.   4896.73          0.        0.     5000.
   191.50      7704.      5000.    339710.   4896.75          0.        0.     5000.
   192.00      7703.      5000.    339821.   4896.77          0.        0.     5000.
   192.50      7703.      5000.    339933.   4896.79          0.        0.     5000.
   193.00      7703.      5000.    340044.   4896.81          0.        0.     5000.
   193.50      7703.      5000.    340155.   4896.83          0.        0.     5000.
   194.00      7703.      5000.    340267.   4896.85          0.        0.     5000.
   194.50      7703.      5000.    340378.   4896.87          0.        0.     5000.
   195.00      7703.      5000.    340489.   4896.89          0.        0.     5000.
   195.50      7703.      5000.    340601.   4896.91          0.        0.     5000.
   196.00      7703.      5000.    340712.   4896.93          0.        0.     5000.
   196.50      7703.      5000.    340824.   4896.95          0.        0.     5000.
   197.00      7703.      5000.    340935.   4896.97          0.        0.     5000.
   197.50      7703.      5000.    341046.   4896.99          0.        0.     5000.
   198.00      7703.      5000.    341158.   4897.01          0.        0.     5000.
   198.50      7703.      5000.    341269.   4897.04          0.        0.     5000.
   199.00      7703.      5000.    341380.   4897.06          0.        0.     5000.
   199.50      7703.      5000.    341492.   4897.08          0.        0.     5000.
   200.00      7703.      5000.    341603.   4897.10          0.        0.     5000.
   200.50      7703.      5000.    341714.   4897.12          0.        0.     5000.
   201.00      7703.      5000.    341826.   4897.14          0.        0.     5000.
   201.50      7703.      5000.    341937.   4897.16          0.        0.     5000.
   202.00      7703.      5000.    342049.   4897.18          0.        0.     5000.
   202.50      7703.      5000.    342160.   4897.20          0.        0.     5000.
   203.00      7703.      5000.    342271.   4897.22          0.        0.     5000.
   203.50      7703.      5000.    342383.   4897.24          0.        0.     5000.
   204.00      7703.      5000.    342494.   4897.26          0.        0.     5000.
   204.50      7703.      5000.    342605.   4897.28          0.        0.     5000.
   205.00      7703.      5000.    342717.   4897.30          0.        0.     5000.
   205.50      7703.      5000.    342828.   4897.32          0.        0.     5000.
   206.00      7703.      5000.    342939.   4897.34          0.        0.     5000.
   206.50      7703.      5000.    343051.   4897.36          0.        0.     5000.
   207.00      7703.      5000.    343162.   4897.38          0.        0.     5000.
   207.50      7703.      5000.    343274.   4897.40          0.        0.     5000.
   208.00      7703.      5000.    343385.   4897.42          0.        0.     5000.
   208.50      7703.      5000.    343496.   4897.45          0.        0.     5000.
   209.00      7703.      5000.    343608.   4897.47          0.        0.     5000.
   209.50      7703.      5000.    343719.   4897.49          0.        0.     5000.
   210.00      7703.      5000.    343830.   4897.51          0.        0.     5000.
   210.50      7703.      5000.    343942.   4897.53          0.        0.     5000.
   211.00      7703.      5000.    344053.   4897.55          0.        0.     5000.
   211.50      7703.      5000.    344164.   4897.57          0.        0.     5000.
   212.00      7703.      5000.    344276.   4897.59          0.        0.     5000.
   212.50      7703.      5000.    344387.   4897.61          0.        0.     5000.
   213.00      7703.      5000.    344499.   4897.63          0.        0.     5000.
   213.50      7703.      5000.    344610.   4897.65          0.        0.     5000.
   214.00      7703.      5000.    344721.   4897.67          0.        0.     5000.
   214.50      7703.      5000.    344833.   4897.69          0.        0.     5000.
   215.00      7703.      5000.    344944.   4897.71          0.        0.     5000.
   215.50      7703.      5000.    345055.   4897.73          0.        0.     5000.
   216.00      7703.      5000.    345167.   4897.75          0.        0.     5000.
   216.50      7703.      5000.    345278.   4897.77          0.        0.     5000.
   217.00      7702.      5000.    345389.   4897.79          0.        0.     5000.
   217.50      7702.      5000.    345501.   4897.81          0.        0.     5000.
   218.00      7700.      5000.    345612.   4897.83          0.        0.     5000.
   218.50      7699.      5000.    345724.   4897.86          0.        0.     5000.
   219.00      7697.      5000.    345835.   4897.88          0.        0.     5000.
   219.50      7694.      5000.    345946.   4897.90          0.        0.     5000.
   220.00      7692.      5000.    346058.   4897.92          0.        0.     5000.
   220.50      7688.      5000.    346169.   4897.94          0.        0.     5000.
   221.00      7685.      5000.    346280.   4897.96          0.        0.     5000.
   221.50      7681.      5000.    346392.   4897.98          0.        0.     5000.
   222.00      7677.      5000.    346503.   4898.00          0.        0.     5000.
   222.50      7672.      5000.    346614.   4898.02          0.        0.     5000.
   223.00      7667.      5000.    346726.   4898.04          0.        0.     5000.
   223.50      7662.      5000.    346837.   4898.06          0.        0.     5000.
   224.00      7656.      5000.    346946.   4898.08          0.        0.     5000.
   224.50      7650.      5000.    347055.   4898.10          0.        0.     5000.
   225.00      7644.      5000.    347163.   4898.12          0.        0.     5000.
   225.50      7638.      5000.    347272.   4898.14          0.        0.     5000.
   226.00      7631.      5000.    347381.   4898.16          0.        0.     5000.
   226.50      7624.      5000.    347489.   4898.18          0.        0.     5000.
   227.00      7617.      5000.    347598.   4898.20          0.        0.     5000.
   227.50      7610.      5000.    347707.   4898.22          0.        0.     5000.
   228.00      7603.      5000.    347816.   4898.24          0.        0.     5000.
   228.50      7595.      5000.    347924.   4898.26          0.        0.     5000.
   229.00      7587.      5000.    348030.   4898.28          0.        0.     5000.
   229.50      7579.      5000.    348136.   4898.30          0.        0.     5000.
   230.00      7571.      5000.    348243.   4898.32          0.        0.     5000.
   230.50      7562.      5000.    348349.   4898.34          0.        0.     5000.
   231.00      7554.      5000.    348455.   4898.36          0.        0.     5000.
   231.50      7545.      5000.    348561.   4898.38          0.        0.     5000.
   232.00      7537.      5000.    348667.   4898.40          0.        0.     5000.
   232.50      7528.      5000.    348770.   4898.42          0.        0.     5000.
   233.00      7519.      5000.    348874.   4898.44          0.        0.     5000.
   233.50      7510.      5000.    348977.   4898.45          0.        0.     5000.
   234.00      7501.      5000.    349080.   4898.47          0.        0.     5000.
   234.50      7492.      5000.    349184.   4898.49          0.        0.     5000.
   235.00      7483.      5000.    349287.   4898.51          0.        0.     5000.
   235.50      7474.      5000.    349391.   4898.53          0.        0.     5000.
   236.00      7465.      5000.    349491.   4898.55          0.        0.     5000.
   236.50      7456.      5000.    349592.   4898.57          0.        0.     5000.
   237.00      7447.      5000.    349693.   4898.59          0.        0.     5000.
   237.50      7438.      5000.    349794.   4898.60          0.        0.     5000.
   238.00      7429.      5000.    349894.   4898.62          0.        0.     5000.
   238.50      7420.      5000.    349995.   4898.64          0.        0.     5000.
   239.00      7412.      5000.    350096.   4898.66          0.        0.     5000.
   239.50      7403.      5000.    350197.   4898.68          0.        0.     5000.
   240.00      7394.      5000.    350295.   4898.70          0.        0.     5000.
   240.50      7386.      5000.    350393.   4898.72          0.        0.     5000.
   241.00      7377.      5000.    350491.   4898.73          0.        0.     5000.
   241.50      7367.      5000.    350589.   4898.75          0.        0.     5000.
   242.00      7357.      5000.    350687.   4898.77          0.        0.     5000.
   242.50      7346.      5000.    350785.   4898.79          0.        0.     5000.
   243.00      7335.      5000.    350881.   4898.81          0.        0.     5000.
   243.50      7323.      5000.    350976.   4898.82          0.        0.     5000.
   244.00      7310.      5000.    351072.   4898.84          0.        0.     5000.
   244.50      7297.      5000.    351167.   4898.86          0.        0.     5000.
   245.00      7284.      5000.    351263.   4898.88          0.        0.     5000.
   245.50      7270.      5000.    351355.   4898.89          0.        0.     5000.
   246.00      7256.      5000.    351448.   4898.91          0.        0.     5000.
   246.50      7241.      5000.    351541.   4898.93          0.        0.     5000.
   247.00      7226.      5000.    351634.   4898.94          0.        0.     5000.
   247.50      7211.      5000.    351727.   4898.96          0.        0.     5000.
   248.00      7196.      5000.    351817.   4898.98          0.        0.     5000.
   248.50      7180.      5000.    351907.   4898.99          0.        0.     5000.
   249.00      7164.      5000.    351997.   4899.01          0.        0.     5000.
   249.50      7149.      5000.    352087.   4899.03          0.        0.     5000.
   250.00      7133.      5000.    352175.   4899.04          0.        0.     5000.
   250.50      7117.      5000.    352262.   4899.06          0.        0.     5000.
   251.00      7101.      5000.    352350.   4899.08          0.        0.     5000.
   251.50      7085.      5000.    352437.   4899.09          0.        0.     5000.
   252.00      7070.      5000.    352522.   4899.11          0.        0.     5000.
   252.50      7054.      5000.    352607.   4899.12          0.        0.     5000.
   253.00      7039.      5000.    352692.   4899.14          0.        0.     5000.
   253.50      7024.      5000.    352777.   4899.15          0.        0.     5000.
   254.00      7009.      5000.    352859.   4899.17          0.        0.     5000.
   254.50      6994.      5000.    352941.   4899.18          0.        0.     5000.
   255.00      6980.      5000.    353023.   4899.20          0.        0.     5000.
   255.50      6966.      5000.    353105.   4899.21          0.        0.     5000.
   256.00      6953.      5000.    353188.   4899.23          0.        0.     5000.
   256.50      6940.      5000.    353267.   4899.24          0.        0.     5000.
   257.00      6927.      5000.    353347.   4899.26          0.        0.     5000.
   257.50      6915.      5000.    353426.   4899.27          0.        0.     5000.
   258.00      6904.      5000.    353506.   4899.29          0.        0.     5000.
   258.50      6893.      5000.    353585.   4899.30          0.        0.     5000.
   259.00      6883.      5000.    353662.   4899.32          0.        0.     5000.
   259.50      6873.      5000.    353739.   4899.33          0.        0.     5000.
   260.00      6864.      5000.    353816.   4899.35          0.        0.     5000.
   260.50      6856.      5000.    353893.   4899.36          0.        0.     5000.
   261.00      6849.      5000.    353970.   4899.37          0.        0.     5000.
   261.50      6843.      5000.    354047.   4899.39          0.        0.     5000.
   262.00      6837.      5000.    354124.   4899.40          0.        0.     5000.
   262.50      6832.      5000.    354200.   4899.42          0.        0.     5000.
   263.00      6829.      5000.    354277.   4899.43          0.        0.     5000.
   263.50      6826.      5000.    354352.   4899.44          0.        0.     5000.
   264.00      6825.      5000.    354426.   4899.46          0.        0.     5000.
   264.50      6824.      5000.    354500.   4899.47          0.        0.     5000.
   265.00      6824.      5000.    354574.   4899.49          0.        0.     5000.
   265.50      6824.      5000.    354649.   4899.50          0.        0.     5000.
   266.00      6825.      5000.    354723.   4899.51          0.        0.     5000.
   266.50      6825.      5000.    354797.   4899.53          0.        0.     5000.
   267.00      6826.      5000.    354871.   4899.54          0.        0.     5000.
   267.50      6827.      5000.    354946.   4899.55          0.        0.     5000.
   268.00      6828.      5000.    355020.   4899.57          0.        0.     5000.
   268.50      6829.      5000.    355094.   4899.58          0.        0.     5000.
   269.00      6830.      5000.    355171.   4899.60          0.        0.     5000.
   269.50      6831.      5000.    355248.   4899.61          0.        0.     5000.
   270.00      6832.      5000.    355325.   4899.62          0.        0.     5000.
   270.50      6834.      5000.    355402.   4899.64          0.        0.     5000.
   271.00      6835.      5000.    355478.   4899.65          0.        0.     5000.
   271.50      6837.      5000.    355555.   4899.67          0.        0.     5000.
   272.00      6838.      5000.    355632.   4899.68          0.        0.     5000.
   272.50      6840.      5000.    355709.   4899.69          0.        0.     5000.
   273.00      6842.      5000.    355786.   4899.71          0.        0.     5000.
   273.50      6843.      5000.    355863.   4899.72          0.        0.     5000.
   274.00      6845.      5000.    355940.   4899.74          0.        0.     5000.
   274.50      6847.      5000.    356017.   4899.75          0.        0.     5000.
   275.00      6849.      5000.    356094.   4899.77          0.        0.     5000.
   275.50      6851.      5000.    356171.   4899.78          0.        0.     5000.
   276.00      6853.      5000.    356247.   4899.79          0.        0.     5000.
   276.50      6855.      5000.    356324.   4899.81          0.        0.     5000.
   277.00      6857.      5000.    356401.   4899.82          0.        0.     5000.
   277.50      6858.      5000.    356478.   4899.84          0.        0.     5000.
   278.00      6860.      5000.    356555.   4899.85          0.        0.     5000.
   278.50      6862.      5000.    356632.   4899.86          0.        0.     5000.
   279.00      6864.      5000.    356709.   4899.88          0.        0.     5000.
   279.50      6866.      5000.    356786.   4899.89          0.        0.     5000.
   280.00      6868.      5000.    356863.   4899.91          0.        0.     5000.
   280.50      6869.      5000.    356939.   4899.92          0.        0.     5000.
   281.00      6871.      5000.    357016.   4899.94          0.        0.     5000.
   281.50      6873.      5000.    357093.   4899.95          0.        0.     5000.
   282.00      6874.      5000.    357170.   4899.96          0.        0.     5000.
   282.50      6876.      5000.    357247.   4899.98          0.        0.     5000.
   283.00      6877.      5000.    357324.   4899.99          0.        0.     5000.
   283.50      6878.      5015.    357405.   4900.01          0.        0.     5015.
   284.00      6880.      5045.    357480.   4900.02          0.        0.     5045.
   284.50      6881.      5076.    357555.   4900.03          0.        0.     5076.
   285.00      6882.      5106.    357630.   4900.04          0.        0.     5106.
   285.50      6883.      5135.    357702.   4900.05          0.        0.     5135.
   286.00      6883.      5165.    357774.   4900.07          0.        0.     5165.
   286.50      6884.      5193.    357843.   4900.08          0.        0.     5193.
   287.00      6885.      5221.    357913.   4900.09          0.        0.     5221.
   287.50      6885.      5249.    357982.   4900.10          0.        0.     5249.
   288.00      6885.      5276.    358048.   4900.11          0.        0.     5276.
   288.50      6885.      5303.    358114.   4900.12          0.        0.     5303.
   289.00      6885.      5330.    358180.   4900.13          0.        0.     5330.
   289.50      6884.      5355.    358243.   4900.14          0.        0.     5355.
   290.00      6883.      5381.    358306.   4900.15          0.        0.     5381.
   290.50      6881.      5405.    358366.   4900.16          0.        0.     5405.
   291.00      6879.      5430.    358426.   4900.17          0.        0.     5430.
   291.50      6876.      5454.    358486.   4900.18          0.        0.     5454.
   292.00      6873.      5477.    358543.   4900.19          0.        0.     5477.
   292.50      6870.      5500.    358600.   4900.20          0.        0.     5500.
   293.00      6866.      5524.    358657.   4900.21          0.        0.     5524.
   293.50      6862.      5546.    358711.   4900.22          0.        0.     5546.
   294.00      6857.      5568.    358765.   4900.23          0.        0.     5568.
   294.50      6852.      5590.    358819.   4900.24          0.        0.     5590.
   295.00      6847.      5610.    358870.   4900.24          0.        0.     5610.
   295.50      6842.      5631.    358921.   4900.25          0.        0.     5631.
   296.00      6836.      5651.    358969.   4900.26          0.        0.     5651.
   296.50      6830.      5670.    359017.   4900.27          0.        0.     5670.
   297.00      6824.      5690.    359066.   4900.28          0.        0.     5690.
   297.50      6817.      5708.    359111.   4900.28          0.        0.     5708.
   298.00      6811.      5726.    359156.   4900.29          0.        0.     5726.
   298.50      6804.      5745.    359201.   4900.30          0.        0.     5745.
   299.00      6797.      5762.    359243.   4900.30          0.        0.     5762.
   299.50      6790.      5779.    359285.   4900.31          0.        0.     5779.
   300.00      6783.      5796.    359327.   4900.32          0.        0.     5796.
   300.50      6776.      5812.    359366.   4900.32          0.        0.     5812.
   301.00      6769.      5828.    359405.   4900.33          0.        0.     5828.
   301.50      6761.      5844.    359444.   4900.34          0.        0.     5844.
   302.00      6754.      5858.    359480.   4900.34          0.        0.     5858.
   302.50      6747.      5873.    359516.   4900.35          0.        0.     5873.
   303.00      6739.      5887.    359552.   4900.35          0.        0.     5887.
   303.50      6732.      5902.    359588.   4900.36          0.        0.     5902.
   304.00      6725.      5916.    359621.   4900.37          0.        0.     5916.
   304.50      6718.      5929.    359654.   4900.37          0.        0.     5929.
   305.00      6711.      5942.    359687.   4900.38          0.        0.     5942.
   305.50      6704.      5955.    359717.   4900.38          0.        0.     5955.
   306.00      6697.      5967.    359747.   4900.39          0.        0.     5967.
   306.50      6690.      5979.    359777.   4900.39          0.        0.     5979.
   307.00      6684.      5991.    359807.   4900.40          0.        0.     5991.
   307.50      6678.      6002.    359834.   4900.40          0.        0.     6002.
   308.00      6672.      6013.    359861.   4900.41          0.        0.     6013.
   308.50      6666.      6024.    359888.   4900.41          0.        0.     6024.
   309.00      6660.      6035.    359915.   4900.41          0.        0.     6035.
   309.50      6655.      6046.    359942.   4900.42          0.        0.     6046.
   310.00      6650.      6056.    359966.   4900.42          0.        0.     6056.
   310.50      6645.      6066.    359990.   4900.43          0.        0.     6066.
   311.00      6641.      6075.    360014.   4900.43          0.        0.     6075.
   311.50      6637.      6085.    360038.   4900.43          0.        0.     6085.
   312.00      6633.      6095.    360062.   4900.44          0.        0.     6095.
   312.50      6630.      6104.    360083.   4900.44          0.        0.     6104.
   313.00      6627.      6112.    360104.   4900.44          0.        0.     6112.
   313.50      6624.      6121.    360125.   4900.45          0.        0.     6121.
   314.00      6621.      6129.    360146.   4900.45          0.        0.     6129.
   314.50      6619.      6138.    360168.   4900.46          0.        0.     6138.
   315.00      6616.      6146.    360189.   4900.46          0.        0.     6146.
   315.50      6614.      6154.    360207.   4900.46          0.        0.     6154.
   316.00      6611.      6161.    360225.   4900.46          0.        0.     6161.
   316.50      6609.      6168.    360243.   4900.47          0.        0.     6168.
   317.00      6607.      6176.    360261.   4900.47          0.        0.     6176.
   317.50      6604.      6183.    360279.   4900.47          0.        0.     6183.
   318.00      6602.      6190.    360297.   4900.48          0.        0.     6190.
   318.50      6600.      6198.    360315.   4900.48          0.        0.     6198.
   319.00      6598.      6204.    360330.   4900.48          0.        0.     6204.
   319.50      6596.      6210.    360345.   4900.48          0.        0.     6210.
   320.00      6594.      6216.    360360.   4900.49          0.        0.     6216.
   320.50      6593.      6222.    360375.   4900.49          0.        0.     6222.
   321.00      6591.      6228.    360390.   4900.49          0.        0.     6228.
   321.50      6589.      6234.    360405.   4900.49          0.        0.     6234.
   322.00      6587.      6240.    360420.   4900.50          0.        0.     6240.
   322.50      6586.      6246.    360435.   4900.50          0.        0.     6246.
   323.00      6584.      6252.    360450.   4900.50          0.        0.     6252.
   323.50      6582.      6259.    360465.   4900.50          0.        0.     6259.
   324.00      6580.      6263.    360477.   4900.51          0.        0.     6263.
   324.50      6579.      6268.    360489.   4900.51          0.        0.     6268.
   325.00      6577.      6273.    360501.   4900.51          0.        0.     6273.
   325.50      6575.      6278.    360513.   4900.51          0.        0.     6278.
   326.00      6574.      6283.    360525.   4900.51          0.        0.     6283.
   326.50      6572.      6288.    360537.   4900.52          0.        0.     6288.
   327.00      6570.      6293.    360549.   4900.52          0.        0.     6293.
   327.50      6569.      6298.    360561.   4900.52          0.        0.     6298.
   328.00      6567.      6302.    360573.   4900.52          0.        0.     6302.
   328.50      6565.      6307.    360585.   4900.52          0.        0.     6307.
   329.00      6563.      6311.    360594.   4900.52          0.        0.     6311.
   329.50      6561.      6315.    360603.   4900.53          0.        0.     6315.
   330.00      6559.      6318.    360612.   4900.53          0.        0.     6318.
   330.50      6557.      6322.    360621.   4900.53          0.        0.     6322.
   331.00      6555.      6326.    360630.   4900.53          0.        0.     6326.
   331.50      6553.      6329.    360639.   4900.53          0.        0.     6329.
   332.00      6551.      6333.    360648.   4900.53          0.        0.     6333.
   332.50      6549.      6337.    360657.   4900.53          0.        0.     6337.
   333.00      6546.      6340.    360666.   4900.54          0.        0.     6340.
   333.50      6544.      6344.    360675.   4900.54          0.        0.     6344.
   334.00      6542.      6348.    360684.   4900.54          0.        0.     6348.
   334.50      6539.      6351.    360693.   4900.54          0.        0.     6351.
   335.00      6536.      6355.    360702.   4900.54          0.        0.     6355.
   335.50      6534.      6357.    360708.   4900.54          0.        0.     6357.
   336.00      6531.      6360.    360714.   4900.54          0.        0.     6360.
   336.50      6528.      6362.    360720.   4900.54          0.        0.     6362.
   337.00      6525.      6365.    360726.   4900.55          0.        0.     6365.
   337.50      6521.      6367.    360732.   4900.55          0.        0.     6367.
   338.00      6518.      6370.    360738.   4900.55          0.        0.     6370.
   338.50      6514.      6372.    360744.   4900.55          0.        0.     6372.
   339.00      6511.      6375.    360750.   4900.55          0.        0.     6375.
   339.50      6507.      6377.    360756.   4900.55          0.        0.     6377.
   340.00      6503.      6379.    360762.   4900.55          0.        0.     6379.
   340.50      6499.      6382.    360768.   4900.55          0.        0.     6382.
   341.00      6495.      6384.    360774.   4900.55          0.        0.     6384.
   341.50      6491.      6385.    360777.   4900.55          0.        0.     6385.
   342.00      6486.      6387.    360780.   4900.55          0.        0.     6387.
   342.50      6482.      6388.    360783.   4900.56          0.        0.     6388.
   343.00      6477.      6389.    360786.   4900.56          0.        0.     6389.
   343.50      6473.      6390.    360789.   4900.56          0.        0.     6390.
   344.00      6468.      6392.    360792.   4900.56          0.        0.     6392.
   344.50      6463.      6393.    360795.   4900.56          0.        0.     6393.
   345.00      6458.      6394.    360798.   4900.56          0.        0.     6394.
   345.50      6453.      6395.    360801.   4900.56          0.        0.     6395.
   346.00      6448.      6396.    360804.   4900.56          0.        0.     6396.
   346.50      6443.      6398.    360807.   4900.56          0.        0.     6398.
   347.00      6437.      6399.    360810.   4900.56          0.        0.     6399.
   347.50      6432.      6399.    360810.   4900.56          0.        0.     6399.
   348.00      6427.      6399.    360810.   4900.56          0.        0.     6399.
   348.50      6421.      6399.    360810.   4900.56          0.        0.     6399.
   349.00      6415.      6399.    360810.   4900.56          0.        0.     6399.
   349.50      6410.      6399.    360810.   4900.56          0.        0.     6399.
   350.00      6404.      6399.    360810.   4900.56          0.        0.     6399.
   350.50      6398.      6399.    360810.   4900.56          0.        0.     6399.
   351.00      6392.      6399.    360810.   4900.56          0.        0.     6399.
   351.50      6386.      6399.    360810.   4900.56          0.        0.     6399.
   352.00      6380.      6399.    360810.   4900.56          0.        0.     6399.
   352.50      6374.      6399.    360810.   4900.56          0.        0.     6399.
   353.00      6368.      6399.    360810.   4900.56          0.        0.     6399.
   353.50      6362.      6399.    360810.   4900.56          0.        0.     6399.
   354.00      6356.      6398.    360807.   4900.56          0.        0.     6398.
   354.50      6350.      6396.    360804.   4900.56          0.        0.     6396.
   355.00      6343.      6395.    360801.   4900.56          0.        0.     6395.
   355.50      6337.      6394.    360798.   4900.56          0.        0.     6394.
   356.00      6331.      6393.    360795.   4900.56          0.        0.     6393.
   356.50      6324.      6392.    360792.   4900.56          0.        0.     6392.
   357.00      6318.      6390.    360789.   4900.56          0.        0.     6390.
   357.50      6311.      6389.    360786.   4900.56          0.        0.     6389.
   358.00      6305.      6388.    360783.   4900.56          0.        0.     6388.
   358.50      6298.      6387.    360780.   4900.55          0.        0.     6387.
   359.00      6292.      6385.    360777.   4900.55          0.        0.     6385.
   359.50      6285.      6384.    360774.   4900.55          0.        0.     6384.
   360.00      6279.      6383.    360771.   4900.55          0.        0.     6383.
1



      INFLOW DATA                           STORAGE DATA
      ***********                           ************
     TIME    INFLOW                     ELEVATION     STORAGE

     0.50      5527.                      4753.20          0.
     1.00      5557.                      4754.00          5.
     1.50      5587.                      4760.00        853.
     2.00      5617.                      4770.00       5056.
     2.50      5647.                      4780.00      11677.
     3.00      5677.                      4790.00      20701.
     3.50      5707.                      4800.00      32214.
     4.00      5737.                      4810.00      46676.
     4.50      5766.                      4820.00      64861.
     5.00      5796.                      4830.00      86629.
     5.50      5825.                      4840.00     112286.
     6.00      5855.                      4850.00     141401.
     6.50      5884.                      4860.00     174439.
     7.00      5913.                      4870.00     212059.
     7.50      5941.                      4880.00     254696.
     8.00      5970.                      4890.00     303066.
     8.50      5999.                      4900.00     357369.
     9.00      6027.                      4910.00     418864.
     9.50      6056.                      4920.00     488871.
    10.00      6084.                      4924.00     519654.
    10.50      6112.                      4924.50     523636.
    11.00      6140.                      4925.00     527626.
    11.50      6167.                      4925.50     531626.
    12.00      6195.                      4926.00     535626.
    12.50      6222.                      4930.00     569747.
    13.00      6249.                      4935.00     604527.
    13.50      6276.
    14.00      6303.
    14.50      6330.
    15.00      6357.
    15.50      6383.
    16.00      6409.
    16.50      6435.
    17.00      6461.
    17.50      6487.
    18.00      6512.
    18.50      6537.
    19.00      6562.
    19.50      6587.
    20.00      6612.
    20.50      6636.
    21.00      6661.
    21.50      6685.
    22.00      6708.
    22.50      6732.
    23.00      6755.
    23.50      6778.
    24.00      6801.
    24.50      6824.
    25.00      6846.
    25.50      6869.
    26.00      6890.
    26.50      6912.
    27.00      6934.
    27.50      6955.
    28.00      6976.
    28.50      6997.
    29.00      7017.
    29.50      7038.
    30.00      7058.
    30.50      7078.
    31.00      7098.
    31.50      7117.
    32.00      7137.
    32.50      7156.
    33.00      7175.
    33.50      7195.
    34.00      7214.
    34.50      7233.
    35.00      7251.
    35.50      7270.
    36.00      7289.
    36.50      7307.
    37.00      7326.
    37.50      7344.
    38.00      7363.
    38.50      7381.
    39.00      7399.
    39.50      7418.
    40.00      7436.
    40.50      7454.
    41.00      7473.
    41.50      7491.
    42.00      7509.
    42.50      7528.
    43.00      7546.
    43.50      7565.
    44.00      7583.
    44.50      7602.
    45.00      7620.
    45.50      7639.
    46.00      7658.
    46.50      7677.
    47.00      7696.
    47.50      7715.
    48.00      7734.
    48.50      7754.
    49.00      7773.
    49.50      7794.
    50.00      7815.
    50.50      7838.
    51.00      7860.
    51.50      7883.
    52.00      7907.
    52.50      7931.
    53.00      7956.
    53.50      7981.
    54.00      8006.
    54.50      8032.
    55.00      8058.
    55.50      8084.
    56.00      8110.
    56.50      8136.
    57.00      8162.
    57.50      8192.
    58.00      8219.
    58.50      8246.
    59.00      8271.
    59.50      8298.
    60.00      8324.
    60.50      8348.
    61.00      8374.
    61.50      8398.
    62.00      8427.
    62.50      8456.
    63.00      8486.
    63.50      8517.
    64.00      8552.
    64.50      8595.
    65.00      8651.
    65.50      8725.
    66.00      8815.
    66.50      8919.
    67.00      9036.
    67.50      9171.
    68.00      9346.
    68.50      9622.
    69.00     10116.
    69.50     10922.
    70.00     12019.
    70.50     14076.
    71.00     23545.
    71.50     30298.
    72.00     32563.
    72.50     33323.
    73.00     33548.
    73.50     33474.
    74.00     33214.
    74.50     32848.
    75.00     32428.
    75.50     31999.
    76.00     31597.
    76.50     31196.
    77.00     30815.
    77.50     30445.
    78.00     30066.
    78.50     29685.
    79.00     29260.
    79.50     28775.
    80.00     28238.
    80.50     27656.
    81.00     27037.
    81.50     26378.
    82.00     25679.
    82.50     25005.
    83.00     24318.
    83.50     23566.
    84.00     22821.
    84.50     22109.
    85.00     21435.
    85.50     20756.
    86.00     20078.
    86.50     19420.
    87.00     18804.
    87.50     18250.
    88.00     17754.
    88.50     17274.
    89.00     16815.
    89.50     16447.
    90.00     16074.
    90.50     15714.
    91.00     15387.
    91.50     15090.
    92.00     14804.
    92.50     14527.
    93.00     14273.
    93.50     14026.
    94.00     13802.
    94.50     13597.
    95.00     13397.
    95.50     13209.
    96.00     13027.
    96.50     12851.
    97.00     12686.
    97.50     12530.
    98.00     12380.
    98.50     12237.
    99.00     12100.
    99.50     11968.
   100.00     11842.
   100.50     11722.
   101.00     11607.
   101.50     11498.
   102.00     11393.
   102.50     11294.
   103.00     11200.
   103.50     11109.
   104.00     11023.
   104.50     10940.
   105.00     10861.
   105.50     10785.
   106.00     10713.
   106.50     10644.
   107.00     10577.
   107.50     10514.
   108.00     10452.
   108.50     10394.
   109.00     10337.
   109.50     10284.
   110.00     10233.
   110.50     10182.
   111.00     10135.
   111.50     10089.
   112.00     10045.
   112.50     10002.
   113.00      9962.
   113.50      9923.
   114.00      9884.
   114.50      9849.
   115.00      9813.
   115.50      9780.
   116.00      9748.
   116.50      9716.
   117.00      9686.
   117.50      9657.
   118.00      9629.
   118.50      9602.
   119.00      9575.
   119.50      9550.
   120.00      9525.
   120.50      9502.
   121.00      9478.
   121.50      9456.
   122.00      9433.
   122.50      9412.
   123.00      9390.
   123.50      9369.
   124.00      9348.
   124.50      9328.
   125.00      9308.
   125.50      9289.
   126.00      9270.
   126.50      9251.
   127.00      9233.
   127.50      9214.
   128.00      9197.
   128.50      9179.
   129.00      8502.
   129.50      8497.
   130.00      8492.
   130.50      8486.
   131.00      8480.
   131.50      8474.
   132.00      8469.
   132.50      8462.
   133.00      8456.
   133.50      8450.
   134.00      8444.
   134.50      8438.
   135.00      8431.
   135.50      8425.
   136.00      8418.
   136.50      8412.
   137.00      8406.
   137.50      8399.
   138.00      8393.
   138.50      8386.
   139.00      8380.
   139.50      8374.
   140.00      8367.
   140.50      8361.
   141.00      8355.
   141.50      8349.
   142.00      8343.
   142.50      8337.
   143.00      8332.
   143.50      8326.
   144.00      8321.
   144.50      8315.
   145.00      8310.
   145.50      8305.
   146.00      8300.
   146.50      8295.
   147.00      8290.
   147.50      8285.
   148.00      8280.
   148.50      8274.
   149.00      8269.
   149.50      8264.
   150.00      8259.
   150.50      8254.
   151.00      8249.
   151.50      8244.
   152.00      8239.
   152.50      8234.
   153.00      8229.
   153.50      8224.
   154.00      8219.
   154.50      8214.
   155.00      8209.
   155.50      8204.
   156.00      8199.
   156.50      8194.
   157.00      8189.
   157.50      8183.
   158.00      8178.
   158.50      8173.
   159.00      8168.
   159.50      8163.
   160.00      8157.
   160.50      8152.
   161.00      8147.
   161.50      8141.
   162.00      8136.
   162.50      8130.
   163.00      8125.
   163.50      8119.
   164.00      8113.
   164.50      8108.
   165.00      8102.
   165.50      8096.
   166.00      8090.
   166.50      8084.
   167.00      8078.
   167.50      8072.
   168.00      8066.
   168.50      8060.
   169.00      8054.
   169.50      8047.
   170.00      8040.
   170.50      8032.
   171.00      8024.
   171.50      8016.
   172.00      8008.
   172.50      7999.
   173.00      7990.
   173.50      7981.
   174.00      7972.
   174.50      7962.
   175.00      7953.
   175.50      7943.
   176.00      7933.
   176.50      7923.
   177.00      7913.
   177.50      7903.
   178.00      7893.
   178.50      7883.
   179.00      7873.
   179.50      7864.
   180.00      7854.
   180.50      7844.
   181.00      7834.
   181.50      7825.
   182.00      7816.
   182.50      7807.
   183.00      7798.
   183.50      7789.
   184.00      7781.
   184.50      7773.
   185.00      7765.
   185.50      7758.
   186.00      7751.
   186.50      7744.
   187.00      7738.
   187.50      7732.
   188.00      7727.
   188.50      7722.
   189.00      7718.
   189.50      7714.
   190.00      7710.
   190.50      7708.
   191.00      7705.
   191.50      7704.
   192.00      7703.
   192.50      7703.
   193.00      7703.
   193.50      7703.
   194.00      7703.
   194.50      7703.
   195.00      7703.
   195.50      7703.
   196.00      7703.
   196.50      7703.
   197.00      7703.
   197.50      7703.
   198.00      7703.
   198.50      7703.
   199.00      7703.
   199.50      7703.
   200.00      7703.
   200.50      7703.
   201.00      7703.
   201.50      7703.
   202.00      7703.
   202.50      7703.
   203.00      7703.
   203.50      7703.
   204.00      7703.
   204.50      7703.
   205.00      7703.
   205.50      7703.
   206.00      7703.
   206.50      7703.
   207.00      7703.
   207.50      7703.
   208.00      7703.
   208.50      7703.
   209.00      7703.
   209.50      7703.
   210.00      7703.
   210.50      7703.
   211.00      7703.
   211.50      7703.
   212.00      7703.
   212.50      7703.
   213.00      7703.
   213.50      7703.
   214.00      7703.
   214.50      7703.
   215.00      7703.
   215.50      7703.
   216.00      7703.
   216.50      7703.
   217.00      7702.
   217.50      7702.
   218.00      7700.
   218.50      7699.
   219.00      7697.
   219.50      7694.
   220.00      7692.
   220.50      7688.
   221.00      7685.
   221.50      7681.
   222.00      7677.
   222.50      7672.
   223.00      7667.
   223.50      7662.
   224.00      7656.
   224.50      7650.
   225.00      7644.
   225.50      7638.
   226.00      7631.
   226.50      7624.
   227.00      7617.
   227.50      7610.
   228.00      7603.
   228.50      7595.
   229.00      7587.
   229.50      7579.
   230.00      7571.
   230.50      7562.
   231.00      7554.
   231.50      7545.
   232.00      7537.
   232.50      7528.
   233.00      7519.
   233.50      7510.
   234.00      7501.
   234.50      7492.
   235.00      7483.
   235.50      7474.
   236.00      7465.
   236.50      7456.
   237.00      7447.
   237.50      7438.
   238.00      7429.
   238.50      7420.
   239.00      7412.
   239.50      7403.
   240.00      7394.
   240.50      7386.
   241.00      7377.
   241.50      7367.
   242.00      7357.
   242.50      7346.
   243.00      7335.
   243.50      7323.
   244.00      7310.
   244.50      7297.
   245.00      7284.
   245.50      7270.
   246.00      7256.
   246.50      7241.
   247.00      7226.
   247.50      7211.
   248.00      7196.
   248.50      7180.
   249.00      7164.
   249.50      7149.
   250.00      7133.
   250.50      7117.
   251.00      7101.
   251.50      7085.
   252.00      7070.
   252.50      7054.
   253.00      7039.
   253.50      7024.
   254.00      7009.
   254.50      6994.
   255.00      6980.
   255.50      6966.
   256.00      6953.
   256.50      6940.
   257.00      6927.
   257.50      6915.
   258.00      6904.
   258.50      6893.
   259.00      6883.
   259.50      6873.
   260.00      6864.
   260.50      6856.
   261.00      6849.
   261.50      6843.
   262.00      6837.
   262.50      6832.
   263.00      6829.
   263.50      6826.
   264.00      6825.
   264.50      6824.
   265.00      6824.
   265.50      6824.
   266.00      6825.
   266.50      6825.
   267.00      6826.
   267.50      6827.
   268.00      6828.
   268.50      6829.
   269.00      6830.
   269.50      6831.
   270.00      6832.
   270.50      6834.
   271.00      6835.
   271.50      6837.
   272.00      6838.
   272.50      6840.
   273.00      6842.
   273.50      6843.
   274.00      6845.
   274.50      6847.
   275.00      6849.
   275.50      6851.
   276.00      6853.
   276.50      6855.
   277.00      6857.
   277.50      6858.
   278.00      6860.
   278.50      6862.
   279.00      6864.
   279.50      6866.
   280.00      6868.
   280.50      6869.
   281.00      6871.
   281.50      6873.
   282.00      6874.
   282.50      6876.
   283.00      6877.
   283.50      6878.
   284.00      6880.
   284.50      6881.
   285.00      6882.
   285.50      6883.
   286.00      6883.
   286.50      6884.
   287.00      6885.
   287.50      6885.
   288.00      6885.
   288.50      6885.
   289.00      6885.
   289.50      6884.
   290.00      6883.
   290.50      6881.
   291.00      6879.
   291.50      6876.
   292.00      6873.
   292.50      6870.
   293.00      6866.
   293.50      6862.
   294.00      6857.
   294.50      6852.
   295.00      6847.
   295.50      6842.
   296.00      6836.
   296.50      6830.
   297.00      6824.
   297.50      6817.
   298.00      6811.
   298.50      6804.
   299.00      6797.
   299.50      6790.
   300.00      6783.
   300.50      6776.
   301.00      6769.
   301.50      6761.
   302.00      6754.
   302.50      6747.
   303.00      6739.
   303.50      6732.
   304.00      6725.
   304.50      6718.
   305.00      6711.
   305.50      6704.
   306.00      6697.
   306.50      6690.
   307.00      6684.
   307.50      6678.
   308.00      6672.
   308.50      6666.
   309.00      6660.
   309.50      6655.
   310.00      6650.
   310.50      6645.
   311.00      6641.
   311.50      6637.
   312.00      6633.
   312.50      6630.
   313.00      6627.
   313.50      6624.
   314.00      6621.
   314.50      6619.
   315.00      6616.
   315.50      6614.
   316.00      6611.
   316.50      6609.
   317.00      6607.
   317.50      6604.
   318.00      6602.
   318.50      6600.
   319.00      6598.
   319.50      6596.
   320.00      6594.
   320.50      6593.
   321.00      6591.
   321.50      6589.
   322.00      6587.
   322.50      6586.
   323.00      6584.
   323.50      6582.
   324.00      6580.
   324.50      6579.
   325.00      6577.
   325.50      6575.
   326.00      6574.
   326.50      6572.
   327.00      6570.
   327.50      6569.
   328.00      6567.
   328.50      6565.
   329.00      6563.
   329.50      6561.
   330.00      6559.
   330.50      6557.
   331.00      6555.
   331.50      6553.
   332.00      6551.
   332.50      6549.
   333.00      6546.
   333.50      6544.
   334.00      6542.
   334.50      6539.
   335.00      6536.
   335.50      6534.
   336.00      6531.
   336.50      6528.
   337.00      6525.
   337.50      6521.
   338.00      6518.
   338.50      6514.
   339.00      6511.
   339.50      6507.
   340.00      6503.
   340.50      6499.
   341.00      6495.
   341.50      6491.
   342.00      6486.
   342.50      6482.
   343.00      6477.
   343.50      6473.
   344.00      6468.
   344.50      6463.
   345.00      6458.
   345.50      6453.
   346.00      6448.
   346.50      6443.
   347.00      6437.
   347.50      6432.
   348.00      6427.
   348.50      6421.
   349.00      6415.
   349.50      6410.
   350.00      6404.
   350.50      6398.
   351.00      6392.
   351.50      6386.
   352.00      6380.
   352.50      6374.
   353.00      6368.
   353.50      6362.
   354.00      6356.
   354.50      6350.
   355.00      6343.
   355.50      6337.
   356.00      6331.
   356.50      6324.
   357.00      6318.
   357.50      6311.
   358.00      6305.
   358.50      6298.
   359.00      6292.
   359.50      6285.
   360.00      6279.
1


  DISCHARGE VS ELEVATION
  **********************
  ELEVATION  DISCHARGE

    4880.49      5000.
    4890.00      5000.
    4898.70      5000.
    4900.00      5000.
    4902.00     10000.
    4904.00     22500.
    4906.00     37500.
    4908.00     56000.
    4910.00     77000.
    4912.00    100000.
    4914.00    125000.
    4916.00    153000.
    4920.00    212000.
    4924.00    270000.
    4928.00    328000.
    4930.00    357000.
    4935.00    429500.