
                     UNITED STATES BUREAU OF RECLAMATION
                       ENGINEERING AND RESEARCH CENTER

                            FLOOD ROUTING FOR DAMS
                            ----------------------

      FEATURE: Pueblo Dam                               DATE    **/ 1/  26
      FLOOD: TREX Test Run & PMF snow                   TIME    **:**:03.**
      TITLE: Full TREX Routing             
      DATA FILE: fs5-10sn.in                                                    

      FLOOD ROUTING SUMMARY
      *********************

         BEGINNING HOUR OF ROUTING.......................      0.50
         ENDING HOUR OF ROUTING..........................    360.00
         INITIAL RESERVOIR ELEVATION.....................   4880.49 FT
         MINIMUM OR NORMAL POOL ELEV.....................   4880.49 FT
         MAXIMUM RESERVOIR ELEVATION.....   4918.42 AT HOUR   82.00
         INFLOW PEAK DISCHARGE...........   252976. AT HOUR   72.00
         MAXIMUM TOTAL OUTFLOW...........   188708. AT HOUR   82.00
         ELEVATION TOLERANCE.............................    0.0100 FT
         INFLOW HYDROGRAPH ADJUSTMENT FACTOR.............      1.00
         IPC OPTIONS (1 TO 10)...........................3100100021

      WATERWAY PARAMETERS
      *******************

         WATERWAY NO. 1 - Top of Dam                    

         TYPE-BROAD OR SHARP CRESTED WEIR
         CONSTANT DISCHARGE COEFFICIENT..................      2.67
         CREST ELEVATION.................................   4925.25 FT
         CREST LENGTH....................................   1200.50 FT
         MAXIMUM DISCHARGE...............        0. AT HOUR    0.50

         WATERWAY NO. 2 - Embankment "wings"            

         TYPE-BROAD OR SHARP CRESTED WEIR
         CONSTANT DISCHARGE COEFFICIENT..................      2.62
         CREST ELEVATION.................................   4925.00 FT
         CREST LENGTH....................................   8480.00 FT
         MAXIMUM DISCHARGE...............        0. AT HOUR    0.50
1

                     ROUTING RESULTS                          DISCHARGE RESULTS
                     ***************                          *****************

    TIME     INFLOW    OUTFLOW    STORAGE   ELEVATION        WATERWAY         RATING
                                                           1         2        CURVE

     0.50      5527.      5000.    257067.   4880.49          0.        0.     5000.
     1.00      5557.      5000.    257089.   4880.49          0.        0.     5000.
     1.50      5587.      5000.    257112.   4880.50          0.        0.     5000.
     2.00      5617.      5000.    257138.   4880.50          0.        0.     5000.
     2.50      5647.      5000.    257164.   4880.51          0.        0.     5000.
     3.00      5677.      5000.    257192.   4880.52          0.        0.     5000.
     3.50      5707.      5000.    257221.   4880.52          0.        0.     5000.
     4.00      5737.      5000.    257251.   4880.53          0.        0.     5000.
     4.50      5766.      5000.    257282.   4880.53          0.        0.     5000.
     5.00      5796.      5000.    257315.   4880.54          0.        0.     5000.
     5.50      5825.      5000.    257348.   4880.55          0.        0.     5000.
     6.00      5855.      5000.    257384.   4880.56          0.        0.     5000.
     6.50      5884.      5000.    257419.   4880.56          0.        0.     5000.
     7.00      5913.      5000.    257457.   4880.57          0.        0.     5000.
     7.50      5941.      5000.    257495.   4880.58          0.        0.     5000.
     8.00      5970.      5000.    257535.   4880.59          0.        0.     5000.
     8.50      5999.      5000.    257575.   4880.60          0.        0.     5000.
     9.00      6027.      5000.    257618.   4880.60          0.        0.     5000.
     9.50      6056.      5000.    257660.   4880.61          0.        0.     5000.
    10.00      6084.      5000.    257705.   4880.62          0.        0.     5000.
    10.50      6112.      5000.    257750.   4880.63          0.        0.     5000.
    11.00      6140.      5000.    257797.   4880.64          0.        0.     5000.
    11.50      6167.      5000.    257844.   4880.65          0.        0.     5000.
    12.00      6195.      5000.    257894.   4880.66          0.        0.     5000.
    12.50      6222.      5000.    257944.   4880.67          0.        0.     5000.
    13.00      6249.      5000.    257995.   4880.68          0.        0.     5000.
    13.50      6276.      5000.    258047.   4880.69          0.        0.     5000.
    14.00      6303.      5000.    258102.   4880.70          0.        0.     5000.
    14.50      6330.      5000.    258156.   4880.72          0.        0.     5000.
    15.00      6357.      5000.    258213.   4880.73          0.        0.     5000.
    15.50      6383.      5000.    258269.   4880.74          0.        0.     5000.
    16.00      6409.      5000.    258326.   4880.75          0.        0.     5000.
    16.50      6435.      5000.    258385.   4880.76          0.        0.     5000.
    17.00      6461.      5000.    258444.   4880.77          0.        0.     5000.
    17.50      6487.      5000.    258506.   4880.79          0.        0.     5000.
    18.00      6512.      5000.    258567.   4880.80          0.        0.     5000.
    18.50      6537.      5000.    258631.   4880.81          0.        0.     5000.
    19.00      6562.      5000.    258695.   4880.83          0.        0.     5000.
    19.50      6587.      5000.    258761.   4880.84          0.        0.     5000.
    20.00      6612.      5000.    258827.   4880.85          0.        0.     5000.
    20.50      6636.      5000.    258893.   4880.87          0.        0.     5000.
    21.00      6661.      5000.    258961.   4880.88          0.        0.     5000.
    21.50      6685.      5000.    259030.   4880.90          0.        0.     5000.
    22.00      6708.      5000.    259101.   4880.91          0.        0.     5000.
    22.50      6732.      5000.    259172.   4880.93          0.        0.     5000.
    23.00      6755.      5000.    259245.   4880.94          0.        0.     5000.
    23.50      6778.      5000.    259318.   4880.96          0.        0.     5000.
    24.00      6801.      5000.    259391.   4880.97          0.        0.     5000.
    24.50      6824.      5000.    259467.   4880.99          0.        0.     5000.
    25.00      6846.      5000.    259542.   4881.00          0.        0.     5000.
    25.50      6869.      5000.    259618.   4881.02          0.        0.     5000.
    26.00      6890.      5000.    259696.   4881.03          0.        0.     5000.
    26.50      6912.      5000.    259774.   4881.05          0.        0.     5000.
    27.00      6934.      5000.    259854.   4881.07          0.        0.     5000.
    27.50      6955.      5000.    259935.   4881.08          0.        0.     5000.
    28.00      6976.      5000.    260015.   4881.10          0.        0.     5000.
    28.50      6997.      5000.    260097.   4881.12          0.        0.     5000.
    29.00      7017.      5000.    260180.   4881.13          0.        0.     5000.
    29.50      7038.      5000.    260263.   4881.15          0.        0.     5000.
    30.00      7058.      5000.    260348.   4881.17          0.        0.     5000.
    30.50      7078.      5000.    260433.   4881.19          0.        0.     5000.
    31.00      7098.      5000.    260520.   4881.20          0.        0.     5000.
    31.50      7117.      5000.    260608.   4881.22          0.        0.     5000.
    32.00      7137.      5000.    260695.   4881.24          0.        0.     5000.
    32.50      7156.      5000.    260785.   4881.26          0.        0.     5000.
    33.00      7175.      5000.    260875.   4881.28          0.        0.     5000.
    33.50      7195.      5000.    260964.   4881.30          0.        0.     5000.
    34.00      7214.      5000.    261056.   4881.31          0.        0.     5000.
    34.50      7233.      5000.    261148.   4881.33          0.        0.     5000.
    35.00      7251.      5000.    261241.   4881.35          0.        0.     5000.
    35.50      7270.      5000.    261335.   4881.37          0.        0.     5000.
    36.00      7289.      5000.    261430.   4881.39          0.        0.     5000.
    36.50      7307.      5000.    261524.   4881.41          0.        0.     5000.
    37.00      7326.      5000.    261621.   4881.43          0.        0.     5000.
    37.50      7344.      5000.    261718.   4881.45          0.        0.     5000.
    38.00      7363.      5000.    261815.   4881.47          0.        0.     5000.
    38.50      7381.      5000.    261914.   4881.49          0.        0.     5000.
    39.00      7399.      5000.    262013.   4881.51          0.        0.     5000.
    39.50      7418.      5000.    262112.   4881.53          0.        0.     5000.
    40.00      7436.      5000.    262211.   4881.55          0.        0.     5000.
    40.50      7454.      5000.    262313.   4881.57          0.        0.     5000.
    41.00      7473.      5000.    262414.   4881.60          0.        0.     5000.
    41.50      7491.      5000.    262516.   4881.62          0.        0.     5000.
    42.00      7509.      5000.    262620.   4881.64          0.        0.     5000.
    42.50      7528.      5000.    262724.   4881.66          0.        0.     5000.
    43.00      7546.      5000.    262828.   4881.68          0.        0.     5000.
    43.50      7565.      5000.    262934.   4881.70          0.        0.     5000.
    44.00      7583.      5000.    263040.   4881.73          0.        0.     5000.
    44.50      7602.      5000.    263147.   4881.75          0.        0.     5000.
    45.00      7620.      5000.    263255.   4881.77          0.        0.     5000.
    45.50      7639.      5000.    263364.   4881.79          0.        0.     5000.
    46.00      7658.      5000.    263473.   4881.81          0.        0.     5000.
    46.50      7677.      5000.    263584.   4881.84          0.        0.     5000.
    47.00      7696.      5000.    263695.   4881.86          0.        0.     5000.
    47.50      7715.      5000.    263806.   4881.88          0.        0.     5000.
    48.00      7734.      5000.    263919.   4881.91          0.        0.     5000.
    48.50      7754.      5000.    264032.   4881.93          0.        0.     5000.
    49.00      7773.      5000.    264146.   4881.95          0.        0.     5000.
    49.50      7794.      5000.    264261.   4881.98          0.        0.     5000.
    50.00      7815.      5000.    264377.   4882.00          0.        0.     5000.
    50.50      7838.      5000.    264493.   4882.03          0.        0.     5000.
    51.00      7860.      5000.    264611.   4882.05          0.        0.     5000.
    51.50      7883.      5000.    264729.   4882.07          0.        0.     5000.
    52.00      7907.      5000.    264849.   4882.10          0.        0.     5000.
    52.50      7931.      5000.    264970.   4882.12          0.        0.     5000.
    53.00      7956.      5000.    265090.   4882.15          0.        0.     5000.
    53.50      7981.      5000.    265213.   4882.17          0.        0.     5000.
    54.00      8006.      5000.    265336.   4882.20          0.        0.     5000.
    54.50      8032.      5000.    265461.   4882.23          0.        0.     5000.
    55.00      8058.      5000.    265586.   4882.25          0.        0.     5000.
    55.50      8084.      5000.    265714.   4882.28          0.        0.     5000.
    56.00      8110.      5000.    265841.   4882.30          0.        0.     5000.
    56.50      8136.      5000.    265971.   4882.33          0.        0.     5000.
    57.00      8162.      5000.    266101.   4882.36          0.        0.     5000.
    57.50      8197.      5000.    266233.   4882.39          0.        0.     5000.
    58.00      8263.      5000.    266368.   4882.41          0.        0.     5000.
    58.50      8347.      5000.    266505.   4882.44          0.        0.     5000.
    59.00      8439.      5000.    266644.   4882.47          0.        0.     5000.
    59.50      8549.      5000.    266789.   4882.50          0.        0.     5000.
    60.00      8749.      5000.    266940.   4882.53          0.        0.     5000.
    60.50      9165.      5000.    267103.   4882.56          0.        0.     5000.
    61.00      9824.      5000.    267289.   4882.60          0.        0.     5000.
    61.50     10829.      5000.    267509.   4882.65          0.        0.     5000.
    62.00     13008.      5000.    267795.   4882.71          0.        0.     5000.
    62.50     22502.      5000.    268321.   4882.82          0.        0.     5000.
    63.00     77347.      5000.    270178.   4883.20          0.        0.     5000.
    63.50    109200.      5000.    273824.   4883.95          0.        0.     5000.
    64.00    125705.      5000.    278470.   4884.92          0.        0.     5000.
    64.50    138515.      5000.    283723.   4886.00          0.        0.     5000.
    65.00    150355.      5000.    289486.   4887.19          0.        0.     5000.
    65.50    162074.      5000.    295735.   4888.48          0.        0.     5000.
    66.00    173583.      5000.    302464.   4889.88          0.        0.     5000.
    66.50    183761.      5000.    309639.   4891.21          0.        0.     5000.
    67.00    192381.      5000.    317204.   4892.60          0.        0.     5000.
    67.50    200199.      5000.    325108.   4894.06          0.        0.     5000.
    68.00    208116.      5000.    333338.   4895.57          0.        0.     5000.
    68.50    216542.      5000.    341905.   4897.15          0.        0.     5000.
    69.00    225129.      5000.    350825.   4898.79          0.        0.     5000.
    69.50    233134.      6096.    360065.   4900.44          0.        0.     6096.
    70.00    239987.      9935.    369509.   4901.97          0.        0.     9935.
    70.50    245476.     19415.    378931.   4903.51          0.        0.    19415.
    71.00    249524.     30026.    388138.   4905.00          0.        0.    30026.
    71.50    252025.     41642.    397019.   4906.45          0.        0.    41642.
    72.00    252976.     54351.    405469.   4907.82          0.        0.    54351.
    72.50    252692.     67664.    413396.   4909.11          0.        0.    67664.
    73.00    251744.     80122.    420765.   4910.27          0.        0.    80122.
    73.50    250575.     91353.    427601.   4911.25          0.        0.    91353.
    74.00    249300.    101917.    433939.   4912.15          0.        0.   101917.
    74.50    247930.    112354.    439784.   4912.99          0.        0.   112354.
    75.00    246529.    121948.    445158.   4913.76          0.        0.   121948.
    75.50    245088.    131453.    450094.   4914.46          0.        0.   131453.
    76.00    243352.    140401.    454568.   4915.10          0.        0.   140401.
    76.50    241053.    148481.    458609.   4915.68          0.        0.   148481.
    77.00    238243.    155859.    462225.   4916.19          0.        0.   155859.
    77.50    235400.    162615.    465432.   4916.65          0.        0.   162615.
    78.00    232093.    168549.    468248.   4917.05          0.        0.   168549.
    78.50    227876.    173677.    470682.   4917.40          0.        0.   173677.
    79.00    223025.    177999.    472733.   4917.69          0.        0.   177999.
    79.50    217751.    181535.    474412.   4917.93          0.        0.   181535.
    80.00    212147.    184322.    475734.   4918.12          0.        0.   184322.
    80.50    206245.    186396.    476719.   4918.26          0.        0.   186396.
    81.00    200065.    187794.    477382.   4918.36          0.        0.   187794.
    81.50    193675.    188550.    477741.   4918.41          0.        0.   188550.
    82.00    187216.    188708.    477816.   4918.42          0.        0.   188708.
    82.50    180725.    188312.    477628.   4918.39          0.        0.   188312.
    83.00    174215.    187405.    477197.   4918.33          0.        0.   187405.
    83.50    167685.    186029.    476545.   4918.24          0.        0.   186029.
    84.00    161144.    184229.    475690.   4918.12          0.        0.   184229.
    84.50    154588.    182032.    474647.   4917.97          0.        0.   182032.
    85.00    148044.    179468.    473431.   4917.79          0.        0.   179468.
    85.50    141533.    176573.    472056.   4917.60          0.        0.   176573.
    86.00    135067.    173382.    470542.   4917.38          0.        0.   173382.
    86.50    128688.    169918.    468898.   4917.15          0.        0.   169918.
    87.00    122463.    166216.    467141.   4916.90          0.        0.   166216.
    87.50    116464.    162312.    465288.   4916.63          0.        0.   162312.
    88.00    110722.    158250.    463360.   4916.36          0.        0.   158250.
    88.50    105273.    154059.    461371.   4916.07          0.        0.   154059.
    89.00    100118.    149938.    459337.   4915.78          0.        0.   149938.
    89.50     95264.    145788.    457262.   4915.48          0.        0.   145788.
    90.00     90707.    141598.    455166.   4915.19          0.        0.   141598.
    90.50     86417.    137387.    453061.   4914.88          0.        0.   137387.
    91.00     82355.    133183.    450959.   4914.58          0.        0.   133183.
    91.50     78500.    128999.    448867.   4914.29          0.        0.   128999.
    92.00     74866.    124866.    446792.   4913.99          0.        0.   124866.
    92.50     71448.    121185.    444730.   4913.69          0.        0.   121185.
    93.00     67936.    117523.    442679.   4913.40          0.        0.   117523.
    93.50     64465.    113873.    440635.   4913.11          0.        0.   113873.
    94.00     61047.    110236.    438598.   4912.82          0.        0.   110236.
    94.50     57784.    106622.    436574.   4912.53          0.        0.   106622.
    95.00     54717.    103040.    434568.   4912.24          0.        0.   103040.
    95.50     51867.     99540.    432585.   4911.96          0.        0.    99540.
    96.00     49224.     96322.    430626.   4911.68          0.        0.    96322.
    96.50     46758.     93149.    428695.   4911.40          0.        0.    93149.
    97.00     44444.     90027.    426794.   4911.13          0.        0.    90027.
    97.50     42348.     86967.    424932.   4910.87          0.        0.    86967.
    98.00     40429.     83974.    423110.   4910.61          0.        0.    83974.
    98.50     38669.     81060.    421335.   4910.35          0.        0.    81060.
    99.00     37029.     78224.    419609.   4910.11          0.        0.    78224.
    99.50     35454.     75411.    417933.   4909.85          0.        0.    75411.
   100.00     34059.     72642.    416312.   4909.58          0.        0.    72642.
   100.50     32704.     69966.    414744.   4909.33          0.        0.    69966.
   101.00     31526.     67387.    413234.   4909.08          0.        0.    67387.
   101.50     30332.     64900.    411778.   4908.85          0.        0.    64900.
   102.00     29224.     62506.    410375.   4908.62          0.        0.    62506.
   102.50     28230.     60204.    409027.   4908.40          0.        0.    60204.
   103.00     27268.     57994.    407733.   4908.19          0.        0.    57994.
   103.50     26370.     55887.    406490.   4907.99          0.        0.    55887.
   104.00     25528.     54080.    405289.   4907.79          0.        0.    54080.
   104.50     24784.     52337.    404130.   4907.60          0.        0.    52337.
   105.00     24070.     50652.    403010.   4907.42          0.        0.    50652.
   105.50     23376.     49031.    401932.   4907.25          0.        0.    49031.
   106.00     22719.     47464.    400890.   4907.08          0.        0.    47464.
   106.50     22111.     45955.    399887.   4906.91          0.        0.    45955.
   107.00     21544.     44501.    398920.   4906.76          0.        0.    44501.
   107.50     21033.     43101.    397989.   4906.61          0.        0.    43101.
   108.00     20565.     41755.    397095.   4906.46          0.        0.    41755.
   108.50     20103.     40463.    396236.   4906.32          0.        0.    40463.
   109.00     19647.     39221.    395410.   4906.19          0.        0.    39221.
   109.50     19206.     38028.    394617.   4906.06          0.        0.    38028.
   110.00     18786.     36998.    393855.   4905.93          0.        0.    36998.
   110.50     18392.     36094.    393113.   4905.81          0.        0.    36094.
   111.00     18024.     35215.    392392.   4905.70          0.        0.    35215.
   111.50     17687.     34362.    391693.   4905.58          0.        0.    34362.
   112.00     17381.     33534.    391014.   4905.47          0.        0.    33534.
   112.50     17080.     32732.    390357.   4905.36          0.        0.    32732.
   113.00     16782.     31956.    389720.   4905.26          0.        0.    31956.
   113.50     16521.     31205.    389104.   4905.16          0.        0.    31205.
   114.00     16274.     30476.    388507.   4905.06          0.        0.    30476.
   114.50     16030.     29773.    387930.   4904.97          0.        0.    29773.
   115.00     15784.     29092.    387372.   4904.88          0.        0.    29092.
   115.50     15543.     28433.    386831.   4904.79          0.        0.    28433.
   116.00     15310.     27792.    386306.   4904.71          0.        0.    27792.
   116.50     15097.     27173.    385798.   4904.62          0.        0.    27173.
   117.00     14910.     26576.    385309.   4904.54          0.        0.    26576.
   117.50     14732.     25997.    384835.   4904.47          0.        0.    25997.
   118.00     14555.     25441.    384378.   4904.39          0.        0.    25441.
   118.50     14382.     24902.    383937.   4904.32          0.        0.    24902.
   119.00     14226.     24382.    383510.   4904.25          0.        0.    24382.
   119.50     14070.     23881.    383099.   4904.18          0.        0.    23881.
   120.00     13917.     23394.    382700.   4904.12          0.        0.    23394.
   120.50     13774.     22925.    382315.   4904.06          0.        0.    22925.
   121.00     13641.     22476.    381943.   4904.00          0.        0.    22476.
   121.50     13508.     22109.    381583.   4903.94          0.        0.    22109.
   122.00     13376.     21752.    381231.   4903.88          0.        0.    21752.
   122.50     13249.     21404.    380889.   4903.82          0.        0.    21404.
   123.00     13131.     21066.    380556.   4903.77          0.        0.    21066.
   123.50     13015.     20736.    380231.   4903.72          0.        0.    20736.
   124.00     12902.     20416.    379916.   4903.67          0.        0.    20416.
   124.50     12792.     20104.    379610.   4903.62          0.        0.    20104.
   125.00     12687.     19802.    379313.   4903.57          0.        0.    19802.
   125.50     12591.     19506.    379021.   4903.52          0.        0.    19506.
   126.00     12496.     19219.    378739.   4903.48          0.        0.    19219.
   126.50     12402.     18942.    378466.   4903.43          0.        0.    18942.
   127.00     12311.     18670.    378199.   4903.39          0.        0.    18670.
   127.50     12221.     18408.    377940.   4903.35          0.        0.    18408.
   128.00     12136.     18151.    377688.   4903.30          0.        0.    18151.
   128.50     12053.     17901.    377442.   4903.26          0.        0.    17901.
   129.00      8502.     17587.    377133.   4903.21          0.        0.    17587.
   129.50      8497.     17214.    376766.   4903.15          0.        0.    17214.
   130.00      8492.     16854.    376412.   4903.10          0.        0.    16854.
   130.50      8486.     16509.    376073.   4903.04          0.        0.    16509.
   131.00      8480.     16180.    375748.   4902.99          0.        0.    16180.
   131.50      8474.     15862.    375436.   4902.94          0.        0.    15862.
   132.00      8469.     15557.    375136.   4902.89          0.        0.    15557.
   132.50      8462.     15264.    374848.   4902.84          0.        0.    15264.
   133.00      8456.     14984.    374571.   4902.80          0.        0.    14984.
   133.50      8450.     14715.    374307.   4902.75          0.        0.    14715.
   134.00      8444.     14459.    374055.   4902.71          0.        0.    14459.
   134.50      8438.     14211.    373812.   4902.67          0.        0.    14211.
   135.00      8431.     13973.    373578.   4902.64          0.        0.    13973.
   135.50      8425.     13745.    373352.   4902.60          0.        0.    13745.
   136.00      8418.     13525.    373136.   4902.56          0.        0.    13525.
   136.50      8412.     13314.    372929.   4902.53          0.        0.    13314.
   137.00      8406.     13113.    372731.   4902.50          0.        0.    13113.
   137.50      8399.     12921.    372542.   4902.47          0.        0.    12921.
   138.00      8393.     12734.    372358.   4902.44          0.        0.    12734.
   138.50      8386.     12554.    372181.   4902.41          0.        0.    12554.
   139.00      8380.     12383.    372013.   4902.38          0.        0.    12383.
   139.50      8374.     12219.    371851.   4902.35          0.        0.    12219.
   140.00      8367.     12060.    371695.   4902.33          0.        0.    12060.
   140.50      8361.     11907.    371545.   4902.31          0.        0.    11907.
   141.00      8355.     11761.    371401.   4902.28          0.        0.    11761.
   141.50      8349.     11620.    371262.   4902.26          0.        0.    11620.
   142.00      8343.     11486.    371130.   4902.24          0.        0.    11486.
   142.50      8337.     11358.    371004.   4902.22          0.        0.    11358.
   143.00      8332.     11233.    370881.   4902.20          0.        0.    11233.
   143.50      8326.     11114.    370764.   4902.18          0.        0.    11114.
   144.00      8321.     10998.    370650.   4902.16          0.        0.    10998.
   144.50      8315.     10888.    370542.   4902.14          0.        0.    10888.
   145.00      8310.     10781.    370437.   4902.13          0.        0.    10781.
   145.50      8305.     10681.    370338.   4902.11          0.        0.    10681.
   146.00      8300.     10583.    370242.   4902.09          0.        0.    10583.
   146.50      8295.     10488.    370148.   4902.08          0.        0.    10488.
   147.00      8290.     10397.    370058.   4902.06          0.        0.    10397.
   147.50      8285.     10311.    369974.   4902.05          0.        0.    10311.
   148.00      8280.     10229.    369893.   4902.04          0.        0.    10229.
   148.50      8274.     10150.    369815.   4902.02          0.        0.    10150.
   149.00      8269.     10073.    369740.   4902.01          0.        0.    10073.
   149.50      8264.     10000.    369668.   4902.00          0.        0.    10000.
   150.00      8259.      9972.    369599.   4901.99          0.        0.     9972.
   150.50      8254.      9944.    369530.   4901.98          0.        0.     9944.
   151.00      8249.      9916.    369461.   4901.97          0.        0.     9916.
   151.50      8244.      9888.    369392.   4901.96          0.        0.     9888.
   152.00      8239.      9861.    369326.   4901.94          0.        0.     9861.
   152.50      8234.      9834.    369260.   4901.93          0.        0.     9834.
   153.00      8229.      9807.    369194.   4901.92          0.        0.     9807.
   153.50      8224.      9780.    369128.   4901.91          0.        0.     9780.
   154.00      8219.      9755.    369064.   4901.90          0.        0.     9755.
   154.50      8214.      9729.    369001.   4901.89          0.        0.     9729.
   155.00      8209.      9703.    368938.   4901.88          0.        0.     9703.
   155.50      8204.      9679.    368878.   4901.87          0.        0.     9679.
   156.00      8199.      9655.    368818.   4901.86          0.        0.     9655.
   156.50      8194.      9630.    368758.   4901.85          0.        0.     9630.
   157.00      8189.      9606.    368698.   4901.84          0.        0.     9606.
   157.50      8183.      9583.    368641.   4901.83          0.        0.     9583.
   158.00      8178.      9559.    368584.   4901.82          0.        0.     9559.
   158.50      8173.      9536.    368527.   4901.81          0.        0.     9536.
   159.00      8168.      9513.    368470.   4901.81          0.        0.     9513.
   159.50      8163.      9491.    368416.   4901.80          0.        0.     9491.
   160.00      8157.      9469.    368362.   4901.79          0.        0.     9469.
   160.50      8152.      9447.    368308.   4901.78          0.        0.     9447.
   161.00      8147.      9425.    368254.   4901.77          0.        0.     9425.
   161.50      8141.      9404.    368203.   4901.76          0.        0.     9404.
   162.00      8136.      9384.    368152.   4901.75          0.        0.     9384.
   162.50      8130.      9363.    368101.   4901.75          0.        0.     9363.
   163.00      8125.      9342.    368050.   4901.74          0.        0.     9342.
   163.50      8119.      9321.    367999.   4901.73          0.        0.     9321.
   164.00      8113.      9302.    367950.   4901.72          0.        0.     9302.
   164.50      8108.      9282.    367902.   4901.71          0.        0.     9282.
   165.00      8102.      9263.    367854.   4901.71          0.        0.     9263.
   165.50      8096.      9243.    367806.   4901.70          0.        0.     9243.
   166.00      8090.      9224.    367758.   4901.69          0.        0.     9224.
   166.50      8084.      9204.    367710.   4901.68          0.        0.     9204.
   167.00      8078.      9186.    367665.   4901.67          0.        0.     9186.
   167.50      8072.      9167.    367620.   4901.67          0.        0.     9167.
   168.00      8066.      9149.    367575.   4901.66          0.        0.     9149.
   168.50      8060.      9131.    367530.   4901.65          0.        0.     9131.
   169.00      8054.      9113.    367485.   4901.65          0.        0.     9113.
   169.50      8047.      9095.    367443.   4901.64          0.        0.     9095.
   170.00      8040.      9078.    367401.   4901.63          0.        0.     9078.
   170.50      8032.      9061.    367359.   4901.62          0.        0.     9061.
   171.00      8024.      9044.    367317.   4901.62          0.        0.     9044.
   171.50      8016.      9027.    367275.   4901.61          0.        0.     9027.
   172.00      8008.      9010.    367233.   4901.60          0.        0.     9010.
   172.50      7999.      8993.    367191.   4901.60          0.        0.     8993.
   173.00      7990.      8976.    367149.   4901.59          0.        0.     8976.
   173.50      7981.      8959.    367107.   4901.58          0.        0.     8959.
   174.00      7972.      8943.    367068.   4901.58          0.        0.     8943.
   174.50      7962.      8927.    367029.   4901.57          0.        0.     8927.
   175.00      7953.      8911.    366990.   4901.56          0.        0.     8911.
   175.50      7943.      8895.    366951.   4901.56          0.        0.     8895.
   176.00      7933.      8879.    366912.   4901.55          0.        0.     8879.
   176.50      7923.      8864.    366873.   4901.55          0.        0.     8864.
   177.00      7913.      8848.    366833.   4901.54          0.        0.     8848.
   177.50      7903.      8832.    366794.   4901.53          0.        0.     8832.
   178.00      7893.      8816.    366755.   4901.53          0.        0.     8816.
   178.50      7883.      8800.    366716.   4901.52          0.        0.     8800.
   179.00      7873.      8784.    366677.   4901.51          0.        0.     8784.
   179.50      7864.      8768.    366638.   4901.51          0.        0.     8768.
   180.00      7854.      8754.    366602.   4901.50          0.        0.     8754.
   180.50      7844.      8739.    366566.   4901.50          0.        0.     8739.
   181.00      7834.      8724.    366530.   4901.49          0.        0.     8724.
   181.50      7825.      8710.    366494.   4901.48          0.        0.     8710.
   182.00      7816.      8695.    366458.   4901.48          0.        0.     8695.
   182.50      7807.      8680.    366422.   4901.47          0.        0.     8680.
   183.00      7798.      8666.    366386.   4901.47          0.        0.     8666.
   183.50      7789.      8651.    366350.   4901.46          0.        0.     8651.
   184.00      7781.      8636.    366314.   4901.45          0.        0.     8636.
   184.50      7773.      8622.    366278.   4901.45          0.        0.     8622.
   185.00      7765.      8607.    366242.   4901.44          0.        0.     8607.
   185.50      7758.      8593.    366206.   4901.44          0.        0.     8593.
   186.00      7751.      8579.    366173.   4901.43          0.        0.     8579.
   186.50      7744.      8566.    366140.   4901.43          0.        0.     8566.
   187.00      7738.      8552.    366107.   4901.42          0.        0.     8552.
   187.50      7732.      8539.    366074.   4901.42          0.        0.     8539.
   188.00      7727.      8525.    366041.   4901.41          0.        0.     8525.
   188.50      7722.      8512.    366008.   4901.40          0.        0.     8512.
   189.00      7718.      8499.    365975.   4901.40          0.        0.     8499.
   189.50      7714.      8485.    365942.   4901.39          0.        0.     8485.
   190.00      7710.      8472.    365909.   4901.39          0.        0.     8472.
   190.50      7708.      8459.    365879.   4901.38          0.        0.     8459.
   191.00      7705.      8447.    365849.   4901.38          0.        0.     8447.
   191.50      7704.      8435.    365819.   4901.37          0.        0.     8435.
   192.00      7703.      8423.    365789.   4901.37          0.        0.     8423.
   192.50      7703.      8411.    365759.   4901.36          0.        0.     8411.
   193.00      7703.      8398.    365728.   4901.36          0.        0.     8398.
   193.50      7703.      8387.    365701.   4901.35          0.        0.     8387.
   194.00      7703.      8376.    365674.   4901.35          0.        0.     8376.
   194.50      7703.      8365.    365647.   4901.35          0.        0.     8365.
   195.00      7703.      8354.    365620.   4901.34          0.        0.     8354.
   195.50      7703.      8344.    365593.   4901.34          0.        0.     8344.
   196.00      7703.      8333.    365566.   4901.33          0.        0.     8333.
   196.50      7703.      8322.    365539.   4901.33          0.        0.     8322.
   197.00      7703.      8312.    365515.   4901.32          0.        0.     8312.
   197.50      7703.      8302.    365491.   4901.32          0.        0.     8302.
   198.00      7703.      8292.    365467.   4901.32          0.        0.     8292.
   198.50      7703.      8282.    365443.   4901.31          0.        0.     8282.
   199.00      7703.      8273.    365419.   4901.31          0.        0.     8273.
   199.50      7703.      8263.    365395.   4901.31          0.        0.     8263.
   200.00      7703.      8253.    365371.   4901.30          0.        0.     8253.
   200.50      7703.      8243.    365347.   4901.30          0.        0.     8243.
   201.00      7703.      8235.    365326.   4901.29          0.        0.     8235.
   201.50      7703.      8226.    365305.   4901.29          0.        0.     8226.
   202.00      7703.      8218.    365284.   4901.29          0.        0.     8218.
   202.50      7703.      8209.    365263.   4901.28          0.        0.     8209.
   203.00      7703.      8201.    365242.   4901.28          0.        0.     8201.
   203.50      7703.      8192.    365221.   4901.28          0.        0.     8192.
   204.00      7703.      8184.    365200.   4901.27          0.        0.     8184.
   204.50      7703.      8175.    365179.   4901.27          0.        0.     8175.
   205.00      7703.      8168.    365161.   4901.27          0.        0.     8168.
   205.50      7703.      8160.    365143.   4901.26          0.        0.     8160.
   206.00      7703.      8153.    365125.   4901.26          0.        0.     8153.
   206.50      7703.      8146.    365107.   4901.26          0.        0.     8146.
   207.00      7703.      8138.    365089.   4901.26          0.        0.     8138.
   207.50      7703.      8131.    365071.   4901.25          0.        0.     8131.
   208.00      7703.      8124.    365053.   4901.25          0.        0.     8124.
   208.50      7703.      8116.    365035.   4901.25          0.        0.     8116.
   209.00      7703.      8109.    365017.   4901.24          0.        0.     8109.
   209.50      7703.      8102.    364999.   4901.24          0.        0.     8102.
   210.00      7703.      8096.    364984.   4901.24          0.        0.     8096.
   210.50      7703.      8090.    364969.   4901.24          0.        0.     8090.
   211.00      7703.      8083.    364954.   4901.23          0.        0.     8083.
   211.50      7703.      8077.    364939.   4901.23          0.        0.     8077.
   212.00      7703.      8071.    364924.   4901.23          0.        0.     8071.
   212.50      7703.      8065.    364909.   4901.23          0.        0.     8065.
   213.00      7703.      8059.    364894.   4901.22          0.        0.     8059.
   213.50      7703.      8053.    364879.   4901.22          0.        0.     8053.
   214.00      7703.      8047.    364864.   4901.22          0.        0.     8047.
   214.50      7703.      8041.    364849.   4901.22          0.        0.     8041.
   215.00      7703.      8035.    364834.   4901.21          0.        0.     8035.
   215.50      7703.      8029.    364819.   4901.21          0.        0.     8029.
   216.00      7703.      8024.    364807.   4901.21          0.        0.     8024.
   216.50      7703.      8019.    364795.   4901.21          0.        0.     8019.
   217.00      7702.      8014.    364783.   4901.21          0.        0.     8014.
   217.50      7702.      8009.    364771.   4901.20          0.        0.     8009.
   218.00      7700.      8004.    364759.   4901.20          0.        0.     8004.
   218.50      7699.      7999.    364747.   4901.20          0.        0.     7999.
   219.00      7697.      7994.    364735.   4901.20          0.        0.     7994.
   219.50      7694.      7990.    364723.   4901.20          0.        0.     7990.
   220.00      7692.      7985.    364711.   4901.19          0.        0.     7985.
   220.50      7688.      7980.    364699.   4901.19          0.        0.     7980.
   221.00      7685.      7975.    364687.   4901.19          0.        0.     7975.
   221.50      7681.      7970.    364675.   4901.19          0.        0.     7970.
   222.00      7677.      7965.    364663.   4901.19          0.        0.     7965.
   222.50      7672.      7960.    364651.   4901.18          0.        0.     7960.
   223.00      7667.      7955.    364639.   4901.18          0.        0.     7955.
   223.50      7662.      7950.    364627.   4901.18          0.        0.     7950.
   224.00      7656.      7946.    364614.   4901.18          0.        0.     7946.
   224.50      7650.      7941.    364602.   4901.18          0.        0.     7941.
   225.00      7644.      7936.    364590.   4901.17          0.        0.     7936.
   225.50      7638.      7931.    364578.   4901.17          0.        0.     7931.
   226.00      7631.      7926.    364566.   4901.17          0.        0.     7926.
   226.50      7624.      7921.    364554.   4901.17          0.        0.     7921.
   227.00      7617.      7916.    364542.   4901.17          0.        0.     7916.
   227.50      7610.      7911.    364530.   4901.16          0.        0.     7911.
   228.00      7603.      7906.    364518.   4901.16          0.        0.     7906.
   228.50      7595.      7902.    364506.   4901.16          0.        0.     7902.
   229.00      7587.      7897.    364494.   4901.16          0.        0.     7897.
   229.50      7579.      7892.    364482.   4901.16          0.        0.     7892.
   230.00      7571.      7887.    364470.   4901.15          0.        0.     7887.
   230.50      7562.      7882.    364458.   4901.15          0.        0.     7882.
   231.00      7554.      7877.    364446.   4901.15          0.        0.     7877.
   231.50      7545.      7872.    364434.   4901.15          0.        0.     7872.
   232.00      7537.      7866.    364419.   4901.15          0.        0.     7866.
   232.50      7528.      7860.    364404.   4901.14          0.        0.     7860.
   233.00      7519.      7854.    364389.   4901.14          0.        0.     7854.
   233.50      7510.      7848.    364374.   4901.14          0.        0.     7848.
   234.00      7501.      7842.    364359.   4901.14          0.        0.     7842.
   234.50      7492.      7836.    364344.   4901.13          0.        0.     7836.
   235.00      7483.      7830.    364329.   4901.13          0.        0.     7830.
   235.50      7474.      7823.    364314.   4901.13          0.        0.     7823.
   236.00      7465.      7817.    364299.   4901.13          0.        0.     7817.
   236.50      7456.      7811.    364284.   4901.12          0.        0.     7811.
   237.00      7447.      7805.    364269.   4901.12          0.        0.     7805.
   237.50      7438.      7799.    364254.   4901.12          0.        0.     7799.
   238.00      7429.      7793.    364239.   4901.12          0.        0.     7793.
   238.50      7420.      7787.    364224.   4901.11          0.        0.     7787.
   239.00      7412.      7781.    364209.   4901.11          0.        0.     7781.
   239.50      7403.      7775.    364194.   4901.11          0.        0.     7775.
   240.00      7394.      7769.    364179.   4901.11          0.        0.     7769.
   240.50      7386.      7762.    364164.   4901.10          0.        0.     7762.
   241.00      7377.      7756.    364149.   4901.10          0.        0.     7756.
   241.50      7367.      7750.    364134.   4901.10          0.        0.     7750.
   242.00      7357.      7744.    364119.   4901.10          0.        0.     7744.
   242.50      7346.      7738.    364104.   4901.10          0.        0.     7738.
   243.00      7335.      7732.    364089.   4901.09          0.        0.     7732.
   243.50      7323.      7726.    364074.   4901.09          0.        0.     7726.
   244.00      7310.      7719.    364056.   4901.09          0.        0.     7719.
   244.50      7297.      7711.    364038.   4901.08          0.        0.     7711.
   245.00      7284.      7704.    364020.   4901.08          0.        0.     7704.
   245.50      7270.      7697.    364002.   4901.08          0.        0.     7697.
   246.00      7256.      7689.    363984.   4901.08          0.        0.     7689.
   246.50      7241.      7682.    363966.   4901.07          0.        0.     7682.
   247.00      7226.      7675.    363948.   4901.07          0.        0.     7675.
   247.50      7211.      7667.    363930.   4901.07          0.        0.     7667.
   248.00      7196.      7660.    363912.   4901.06          0.        0.     7660.
   248.50      7180.      7653.    363894.   4901.06          0.        0.     7653.
   249.00      7164.      7644.    363873.   4901.06          0.        0.     7644.
   249.50      7149.      7635.    363852.   4901.05          0.        0.     7635.
   250.00      7133.      7627.    363831.   4901.05          0.        0.     7627.
   250.50      7117.      7618.    363810.   4901.05          0.        0.     7618.
   251.00      7101.      7610.    363789.   4901.04          0.        0.     7610.
   251.50      7085.      7601.    363768.   4901.04          0.        0.     7601.
   252.00      7070.      7593.    363747.   4901.04          0.        0.     7593.
   252.50      7054.      7584.    363726.   4901.03          0.        0.     7584.
   253.00      7039.      7576.    363705.   4901.03          0.        0.     7576.
   253.50      7024.      7567.    363684.   4901.03          0.        0.     7567.
   254.00      7009.      7557.    363660.   4901.02          0.        0.     7557.
   254.50      6994.      7548.    363636.   4901.02          0.        0.     7548.
   255.00      6980.      7538.    363612.   4901.02          0.        0.     7538.
   255.50      6966.      7528.    363588.   4901.01          0.        0.     7528.
   256.00      6953.      7518.    363564.   4901.01          0.        0.     7518.
   256.50      6940.      7509.    363540.   4901.00          0.        0.     7509.
   257.00      6927.      7499.    363516.   4901.00          0.        0.     7499.
   257.50      6915.      7489.    363491.   4901.00          0.        0.     7489.
   258.00      6904.      7479.    363467.   4900.99          0.        0.     7479.
   258.50      6893.      7469.    363443.   4900.99          0.        0.     7469.
   259.00      6883.      7460.    363419.   4900.98          0.        0.     7460.
   259.50      6873.      7450.    363395.   4900.98          0.        0.     7450.
   260.00      6864.      7440.    363371.   4900.98          0.        0.     7440.
   260.50      6856.      7430.    363347.   4900.97          0.        0.     7430.
   261.00      6849.      7421.    363323.   4900.97          0.        0.     7421.
   261.50      6843.      7411.    363299.   4900.96          0.        0.     7411.
   262.00      6837.      7401.    363275.   4900.96          0.        0.     7401.
   262.50      6832.      7391.    363251.   4900.96          0.        0.     7391.
   263.00      6829.      7382.    363227.   4900.95          0.        0.     7382.
   263.50      6826.      7372.    363203.   4900.95          0.        0.     7372.
   264.00      6825.      7363.    363182.   4900.95          0.        0.     7363.
   264.50      6824.      7355.    363161.   4900.94          0.        0.     7355.
   265.00      6824.      7346.    363140.   4900.94          0.        0.     7346.
   265.50      6824.      7338.    363119.   4900.94          0.        0.     7338.
   266.00      6825.      7329.    363098.   4900.93          0.        0.     7329.
   266.50      6825.      7321.    363077.   4900.93          0.        0.     7321.
   267.00      6826.      7312.    363056.   4900.92          0.        0.     7312.
   267.50      6827.      7303.    363035.   4900.92          0.        0.     7303.
   268.00      6828.      7296.    363017.   4900.92          0.        0.     7296.
   268.50      6829.      7289.    362999.   4900.92          0.        0.     7289.
   269.00      6830.      7281.    362981.   4900.91          0.        0.     7281.
   269.50      6831.      7274.    362963.   4900.91          0.        0.     7274.
   270.00      6832.      7267.    362945.   4900.91          0.        0.     7267.
   270.50      6834.      7260.    362927.   4900.90          0.        0.     7260.
   271.00      6835.      7252.    362909.   4900.90          0.        0.     7252.
   271.50      6837.      7245.    362891.   4900.90          0.        0.     7245.
   272.00      6838.      7238.    362873.   4900.90          0.        0.     7238.
   272.50      6840.      7231.    362858.   4900.89          0.        0.     7231.
   273.00      6842.      7225.    362843.   4900.89          0.        0.     7225.
   273.50      6843.      7219.    362828.   4900.89          0.        0.     7219.
   274.00      6845.      7213.    362813.   4900.89          0.        0.     7213.
   274.50      6847.      7207.    362798.   4900.88          0.        0.     7207.
   275.00      6849.      7201.    362783.   4900.88          0.        0.     7201.
   275.50      6851.      7195.    362768.   4900.88          0.        0.     7195.
   276.00      6853.      7189.    362753.   4900.88          0.        0.     7189.
   276.50      6855.      7183.    362738.   4900.87          0.        0.     7183.
   277.00      6857.      7178.    362726.   4900.87          0.        0.     7178.
   277.50      6858.      7173.    362714.   4900.87          0.        0.     7173.
   278.00      6860.      7168.    362702.   4900.87          0.        0.     7168.
   278.50      6862.      7163.    362690.   4900.87          0.        0.     7163.
   279.00      6864.      7158.    362678.   4900.86          0.        0.     7158.
   279.50      6866.      7153.    362666.   4900.86          0.        0.     7153.
   280.00      6868.      7148.    362654.   4900.86          0.        0.     7148.
   280.50      6869.      7144.    362642.   4900.86          0.        0.     7144.
   281.00      6871.      7139.    362630.   4900.86          0.        0.     7139.
   281.50      6873.      7134.    362618.   4900.85          0.        0.     7134.
   282.00      6874.      7129.    362606.   4900.85          0.        0.     7129.
   282.50      6876.      7125.    362597.   4900.85          0.        0.     7125.
   283.00      6877.      7122.    362588.   4900.85          0.        0.     7122.
   283.50      6878.      7118.    362579.   4900.85          0.        0.     7118.
   284.00      6880.      7114.    362570.   4900.85          0.        0.     7114.
   284.50      6881.      7111.    362561.   4900.84          0.        0.     7111.
   285.00      6882.      7107.    362552.   4900.84          0.        0.     7107.
   285.50      6883.      7103.    362543.   4900.84          0.        0.     7103.
   286.00      6883.      7100.    362534.   4900.84          0.        0.     7100.
   286.50      6884.      7096.    362525.   4900.84          0.        0.     7096.
   287.00      6885.      7092.    362516.   4900.84          0.        0.     7092.
   287.50      6885.      7089.    362507.   4900.84          0.        0.     7089.
   288.00      6885.      7085.    362498.   4900.83          0.        0.     7085.
   288.50      6885.      7081.    362489.   4900.83          0.        0.     7081.
   289.00      6885.      7078.    362480.   4900.83          0.        0.     7078.
   289.50      6884.      7074.    362471.   4900.83          0.        0.     7074.
   290.00      6883.      7070.    362462.   4900.83          0.        0.     7070.
   290.50      6881.      7067.    362453.   4900.83          0.        0.     7067.
   291.00      6879.      7063.    362444.   4900.83          0.        0.     7063.
   291.50      6876.      7059.    362435.   4900.82          0.        0.     7059.
   292.00      6873.      7056.    362426.   4900.82          0.        0.     7056.
   292.50      6870.      7052.    362417.   4900.82          0.        0.     7052.
   293.00      6866.      7048.    362408.   4900.82          0.        0.     7048.
   293.50      6862.      7045.    362399.   4900.82          0.        0.     7045.
   294.00      6857.      7041.    362390.   4900.82          0.        0.     7041.
   294.50      6852.      7037.    362380.   4900.81          0.        0.     7037.
   295.00      6847.      7034.    362371.   4900.81          0.        0.     7034.
   295.50      6842.      7030.    362362.   4900.81          0.        0.     7030.
   296.00      6836.      7026.    362353.   4900.81          0.        0.     7026.
   296.50      6830.      7023.    362344.   4900.81          0.        0.     7023.
   297.00      6824.      7019.    362335.   4900.81          0.        0.     7019.
   297.50      6817.      7015.    362326.   4900.81          0.        0.     7015.
   298.00      6811.      7012.    362317.   4900.80          0.        0.     7012.
   298.50      6804.      7008.    362308.   4900.80          0.        0.     7008.
   299.00      6797.      7004.    362299.   4900.80          0.        0.     7004.
   299.50      6790.      7001.    362290.   4900.80          0.        0.     7001.
   300.00      6783.      6997.    362281.   4900.80          0.        0.     6997.
   300.50      6776.      6993.    362272.   4900.80          0.        0.     6993.
   301.00      6769.      6990.    362263.   4900.80          0.        0.     6990.
   301.50      6761.      6986.    362254.   4900.79          0.        0.     6986.
   302.00      6754.      6982.    362245.   4900.79          0.        0.     6982.
   302.50      6747.      6979.    362236.   4900.79          0.        0.     6979.
   303.00      6739.      6975.    362227.   4900.79          0.        0.     6975.
   303.50      6732.      6971.    362218.   4900.79          0.        0.     6971.
   304.00      6725.      6968.    362209.   4900.79          0.        0.     6968.
   304.50      6718.      6964.    362200.   4900.79          0.        0.     6964.
   305.00      6711.      6960.    362191.   4900.78          0.        0.     6960.
   305.50      6704.      6957.    362182.   4900.78          0.        0.     6957.
   306.00      6697.      6953.    362173.   4900.78          0.        0.     6953.
   306.50      6690.      6948.    362161.   4900.78          0.        0.     6948.
   307.00      6684.      6943.    362149.   4900.78          0.        0.     6943.
   307.50      6678.      6938.    362137.   4900.78          0.        0.     6938.
   308.00      6672.      6934.    362125.   4900.77          0.        0.     6934.
   308.50      6666.      6929.    362113.   4900.77          0.        0.     6929.
   309.00      6660.      6924.    362101.   4900.77          0.        0.     6924.
   309.50      6655.      6919.    362089.   4900.77          0.        0.     6919.
   310.00      6650.      6914.    362077.   4900.77          0.        0.     6914.
   310.50      6645.      6909.    362065.   4900.76          0.        0.     6909.
   311.00      6641.      6904.    362053.   4900.76          0.        0.     6904.
   311.50      6637.      6899.    362041.   4900.76          0.        0.     6899.
   312.00      6633.      6895.    362029.   4900.76          0.        0.     6895.
   312.50      6630.      6890.    362017.   4900.76          0.        0.     6890.
   313.00      6627.      6885.    362005.   4900.75          0.        0.     6885.
   313.50      6624.      6880.    361993.   4900.75          0.        0.     6880.
   314.00      6621.      6875.    361981.   4900.75          0.        0.     6875.
   314.50      6619.      6871.    361972.   4900.75          0.        0.     6871.
   315.00      6616.      6868.    361963.   4900.75          0.        0.     6868.
   315.50      6614.      6864.    361954.   4900.75          0.        0.     6864.
   316.00      6611.      6860.    361945.   4900.74          0.        0.     6860.
   316.50      6609.      6857.    361936.   4900.74          0.        0.     6857.
   317.00      6607.      6853.    361927.   4900.74          0.        0.     6853.
   317.50      6604.      6849.    361918.   4900.74          0.        0.     6849.
   318.00      6602.      6846.    361909.   4900.74          0.        0.     6846.
   318.50      6600.      6842.    361900.   4900.74          0.        0.     6842.
   319.00      6598.      6838.    361891.   4900.74          0.        0.     6838.
   319.50      6596.      6835.    361882.   4900.73          0.        0.     6835.
   320.00      6594.      6831.    361873.   4900.73          0.        0.     6831.
   320.50      6593.      6827.    361864.   4900.73          0.        0.     6827.
   321.00      6591.      6824.    361855.   4900.73          0.        0.     6824.
   321.50      6589.      6820.    361846.   4900.73          0.        0.     6820.
   322.00      6587.      6816.    361837.   4900.73          0.        0.     6816.
   322.50      6586.      6813.    361828.   4900.73          0.        0.     6813.
   323.00      6584.      6809.    361819.   4900.72          0.        0.     6809.
   323.50      6582.      6805.    361810.   4900.72          0.        0.     6805.
   324.00      6580.      6802.    361801.   4900.72          0.        0.     6802.
   324.50      6579.      6798.    361792.   4900.72          0.        0.     6798.
   325.00      6577.      6794.    361783.   4900.72          0.        0.     6794.
   325.50      6575.      6791.    361774.   4900.72          0.        0.     6791.
   326.00      6574.      6787.    361765.   4900.71          0.        0.     6787.
   326.50      6572.      6783.    361756.   4900.71          0.        0.     6783.
   327.00      6570.      6780.    361747.   4900.71          0.        0.     6780.
   327.50      6569.      6776.    361738.   4900.71          0.        0.     6776.
   328.00      6567.      6772.    361729.   4900.71          0.        0.     6772.
   328.50      6565.      6769.    361720.   4900.71          0.        0.     6769.
   329.00      6563.      6765.    361711.   4900.71          0.        0.     6765.
   329.50      6561.      6761.    361702.   4900.70          0.        0.     6761.
   330.00      6559.      6758.    361693.   4900.70          0.        0.     6758.
   330.50      6557.      6754.    361684.   4900.70          0.        0.     6754.
   331.00      6555.      6750.    361675.   4900.70          0.        0.     6750.
   331.50      6553.      6747.    361666.   4900.70          0.        0.     6747.
   332.00      6551.      6743.    361657.   4900.70          0.        0.     6743.
   332.50      6549.      6740.    361648.   4900.70          0.        0.     6740.
   333.00      6546.      6736.    361639.   4900.69          0.        0.     6736.
   333.50      6544.      6732.    361630.   4900.69          0.        0.     6732.
   334.00      6542.      6729.    361621.   4900.69          0.        0.     6729.
   334.50      6539.      6725.    361612.   4900.69          0.        0.     6725.
   335.00      6536.      6721.    361603.   4900.69          0.        0.     6721.
   335.50      6534.      6718.    361594.   4900.69          0.        0.     6718.
   336.00      6531.      6714.    361585.   4900.69          0.        0.     6714.
   336.50      6528.      6710.    361576.   4900.68          0.        0.     6710.
   337.00      6525.      6708.    361570.   4900.68          0.        0.     6708.
   337.50      6521.      6704.    361561.   4900.68          0.        0.     6704.
   338.00      6518.      6700.    361552.   4900.68          0.        0.     6700.
   338.50      6514.      6697.    361543.   4900.68          0.        0.     6697.
   339.00      6511.      6693.    361534.   4900.68          0.        0.     6693.
   339.50      6507.      6689.    361525.   4900.68          0.        0.     6689.
   340.00      6503.      6686.    361516.   4900.67          0.        0.     6686.
   340.50      6499.      6682.    361507.   4900.67          0.        0.     6682.
   341.00      6495.      6678.    361498.   4900.67          0.        0.     6678.
   341.50      6491.      6675.    361489.   4900.67          0.        0.     6675.
   342.00      6486.      6671.    361480.   4900.67          0.        0.     6671.
   342.50      6482.      6667.    361471.   4900.67          0.        0.     6667.
   343.00      6477.      6664.    361462.   4900.67          0.        0.     6664.
   343.50      6473.      6660.    361453.   4900.66          0.        0.     6660.
   344.00      6468.      6656.    361444.   4900.66          0.        0.     6656.
   344.50      6463.      6653.    361435.   4900.66          0.        0.     6653.
   345.00      6458.      6649.    361426.   4900.66          0.        0.     6649.
   345.50      6453.      6646.    361417.   4900.66          0.        0.     6646.
   346.00      6448.      6642.    361408.   4900.66          0.        0.     6642.
   346.50      6443.      6638.    361399.   4900.66          0.        0.     6638.
   347.00      6437.      6635.    361390.   4900.65          0.        0.     6635.
   347.50      6432.      6631.    361381.   4900.65          0.        0.     6631.
   348.00      6427.      6627.    361372.   4900.65          0.        0.     6627.
   348.50      6421.      6624.    361363.   4900.65          0.        0.     6624.
   349.00      6415.      6620.    361354.   4900.65          0.        0.     6620.
   349.50      6410.      6616.    361345.   4900.65          0.        0.     6616.
   350.00      6404.      6613.    361336.   4900.65          0.        0.     6613.
   350.50      6398.      6609.    361327.   4900.64          0.        0.     6609.
   351.00      6392.      6605.    361318.   4900.64          0.        0.     6605.
   351.50      6386.      6602.    361309.   4900.64          0.        0.     6602.
   352.00      6380.      6598.    361300.   4900.64          0.        0.     6598.
   352.50      6374.      6594.    361291.   4900.64          0.        0.     6594.
   353.00      6368.      6591.    361282.   4900.64          0.        0.     6591.
   353.50      6362.      6587.    361273.   4900.63          0.        0.     6587.
   354.00      6356.      6583.    361263.   4900.63          0.        0.     6583.
   354.50      6350.      6580.    361254.   4900.63          0.        0.     6580.
   355.00      6343.      6576.    361245.   4900.63          0.        0.     6576.
   355.50      6337.      6572.    361236.   4900.63          0.        0.     6572.
   356.00      6331.      6569.    361227.   4900.63          0.        0.     6569.
   356.50      6324.      6565.    361218.   4900.63          0.        0.     6565.
   357.00      6318.      6561.    361209.   4900.62          0.        0.     6561.
   357.50      6311.      6558.    361200.   4900.62          0.        0.     6558.
   358.00      6305.      6554.    361191.   4900.62          0.        0.     6554.
   358.50      6298.      6550.    361182.   4900.62          0.        0.     6550.
   359.00      6292.      6547.    361173.   4900.62          0.        0.     6547.
   359.50      6285.      6542.    361161.   4900.62          0.        0.     6542.
   360.00      6279.      6537.    361149.   4900.61          0.        0.     6537.
1



      INFLOW DATA                           STORAGE DATA
      ***********                           ************
     TIME    INFLOW                     ELEVATION     STORAGE

     0.50      5527.                      4753.20          0.
     1.00      5557.                      4754.00          5.
     1.50      5587.                      4760.00        853.
     2.00      5617.                      4770.00       5056.
     2.50      5647.                      4780.00      11677.
     3.00      5677.                      4790.00      20701.
     3.50      5707.                      4800.00      32214.
     4.00      5737.                      4810.00      46676.
     4.50      5766.                      4820.00      64861.
     5.00      5796.                      4830.00      86629.
     5.50      5825.                      4840.00     112286.
     6.00      5855.                      4850.00     141401.
     6.50      5884.                      4860.00     174439.
     7.00      5913.                      4870.00     212059.
     7.50      5941.                      4880.00     254696.
     8.00      5970.                      4890.00     303066.
     8.50      5999.                      4900.00     357369.
     9.00      6027.                      4910.00     418864.
     9.50      6056.                      4920.00     488871.
    10.00      6084.                      4924.00     519654.
    10.50      6112.                      4924.50     523636.
    11.00      6140.                      4925.00     527626.
    11.50      6167.                      4925.50     531626.
    12.00      6195.                      4926.00     535626.
    12.50      6222.                      4930.00     569747.
    13.00      6249.                      4935.00     604527.
    13.50      6276.
    14.00      6303.
    14.50      6330.
    15.00      6357.
    15.50      6383.
    16.00      6409.
    16.50      6435.
    17.00      6461.
    17.50      6487.
    18.00      6512.
    18.50      6537.
    19.00      6562.
    19.50      6587.
    20.00      6612.
    20.50      6636.
    21.00      6661.
    21.50      6685.
    22.00      6708.
    22.50      6732.
    23.00      6755.
    23.50      6778.
    24.00      6801.
    24.50      6824.
    25.00      6846.
    25.50      6869.
    26.00      6890.
    26.50      6912.
    27.00      6934.
    27.50      6955.
    28.00      6976.
    28.50      6997.
    29.00      7017.
    29.50      7038.
    30.00      7058.
    30.50      7078.
    31.00      7098.
    31.50      7117.
    32.00      7137.
    32.50      7156.
    33.00      7175.
    33.50      7195.
    34.00      7214.
    34.50      7233.
    35.00      7251.
    35.50      7270.
    36.00      7289.
    36.50      7307.
    37.00      7326.
    37.50      7344.
    38.00      7363.
    38.50      7381.
    39.00      7399.
    39.50      7418.
    40.00      7436.
    40.50      7454.
    41.00      7473.
    41.50      7491.
    42.00      7509.
    42.50      7528.
    43.00      7546.
    43.50      7565.
    44.00      7583.
    44.50      7602.
    45.00      7620.
    45.50      7639.
    46.00      7658.
    46.50      7677.
    47.00      7696.
    47.50      7715.
    48.00      7734.
    48.50      7754.
    49.00      7773.
    49.50      7794.
    50.00      7815.
    50.50      7838.
    51.00      7860.
    51.50      7883.
    52.00      7907.
    52.50      7931.
    53.00      7956.
    53.50      7981.
    54.00      8006.
    54.50      8032.
    55.00      8058.
    55.50      8084.
    56.00      8110.
    56.50      8136.
    57.00      8162.
    57.50      8197.
    58.00      8263.
    58.50      8347.
    59.00      8439.
    59.50      8549.
    60.00      8749.
    60.50      9165.
    61.00      9824.
    61.50     10829.
    62.00     13008.
    62.50     22502.
    63.00     77347.
    63.50    109200.
    64.00    125705.
    64.50    138515.
    65.00    150355.
    65.50    162074.
    66.00    173583.
    66.50    183761.
    67.00    192381.
    67.50    200199.
    68.00    208116.
    68.50    216542.
    69.00    225129.
    69.50    233134.
    70.00    239987.
    70.50    245476.
    71.00    249524.
    71.50    252025.
    72.00    252976.
    72.50    252692.
    73.00    251744.
    73.50    250575.
    74.00    249300.
    74.50    247930.
    75.00    246529.
    75.50    245088.
    76.00    243352.
    76.50    241053.
    77.00    238243.
    77.50    235400.
    78.00    232093.
    78.50    227876.
    79.00    223025.
    79.50    217751.
    80.00    212147.
    80.50    206245.
    81.00    200065.
    81.50    193675.
    82.00    187216.
    82.50    180725.
    83.00    174215.
    83.50    167685.
    84.00    161144.
    84.50    154588.
    85.00    148044.
    85.50    141533.
    86.00    135067.
    86.50    128688.
    87.00    122463.
    87.50    116464.
    88.00    110722.
    88.50    105273.
    89.00    100118.
    89.50     95264.
    90.00     90707.
    90.50     86417.
    91.00     82355.
    91.50     78500.
    92.00     74866.
    92.50     71448.
    93.00     67936.
    93.50     64465.
    94.00     61047.
    94.50     57784.
    95.00     54717.
    95.50     51867.
    96.00     49224.
    96.50     46758.
    97.00     44444.
    97.50     42348.
    98.00     40429.
    98.50     38669.
    99.00     37029.
    99.50     35454.
   100.00     34059.
   100.50     32704.
   101.00     31526.
   101.50     30332.
   102.00     29224.
   102.50     28230.
   103.00     27268.
   103.50     26370.
   104.00     25528.
   104.50     24784.
   105.00     24070.
   105.50     23376.
   106.00     22719.
   106.50     22111.
   107.00     21544.
   107.50     21033.
   108.00     20565.
   108.50     20103.
   109.00     19647.
   109.50     19206.
   110.00     18786.
   110.50     18392.
   111.00     18024.
   111.50     17687.
   112.00     17381.
   112.50     17080.
   113.00     16782.
   113.50     16521.
   114.00     16274.
   114.50     16030.
   115.00     15784.
   115.50     15543.
   116.00     15310.
   116.50     15097.
   117.00     14910.
   117.50     14732.
   118.00     14555.
   118.50     14382.
   119.00     14226.
   119.50     14070.
   120.00     13917.
   120.50     13774.
   121.00     13641.
   121.50     13508.
   122.00     13376.
   122.50     13249.
   123.00     13131.
   123.50     13015.
   124.00     12902.
   124.50     12792.
   125.00     12687.
   125.50     12591.
   126.00     12496.
   126.50     12402.
   127.00     12311.
   127.50     12221.
   128.00     12136.
   128.50     12053.
   129.00      8502.
   129.50      8497.
   130.00      8492.
   130.50      8486.
   131.00      8480.
   131.50      8474.
   132.00      8469.
   132.50      8462.
   133.00      8456.
   133.50      8450.
   134.00      8444.
   134.50      8438.
   135.00      8431.
   135.50      8425.
   136.00      8418.
   136.50      8412.
   137.00      8406.
   137.50      8399.
   138.00      8393.
   138.50      8386.
   139.00      8380.
   139.50      8374.
   140.00      8367.
   140.50      8361.
   141.00      8355.
   141.50      8349.
   142.00      8343.
   142.50      8337.
   143.00      8332.
   143.50      8326.
   144.00      8321.
   144.50      8315.
   145.00      8310.
   145.50      8305.
   146.00      8300.
   146.50      8295.
   147.00      8290.
   147.50      8285.
   148.00      8280.
   148.50      8274.
   149.00      8269.
   149.50      8264.
   150.00      8259.
   150.50      8254.
   151.00      8249.
   151.50      8244.
   152.00      8239.
   152.50      8234.
   153.00      8229.
   153.50      8224.
   154.00      8219.
   154.50      8214.
   155.00      8209.
   155.50      8204.
   156.00      8199.
   156.50      8194.
   157.00      8189.
   157.50      8183.
   158.00      8178.
   158.50      8173.
   159.00      8168.
   159.50      8163.
   160.00      8157.
   160.50      8152.
   161.00      8147.
   161.50      8141.
   162.00      8136.
   162.50      8130.
   163.00      8125.
   163.50      8119.
   164.00      8113.
   164.50      8108.
   165.00      8102.
   165.50      8096.
   166.00      8090.
   166.50      8084.
   167.00      8078.
   167.50      8072.
   168.00      8066.
   168.50      8060.
   169.00      8054.
   169.50      8047.
   170.00      8040.
   170.50      8032.
   171.00      8024.
   171.50      8016.
   172.00      8008.
   172.50      7999.
   173.00      7990.
   173.50      7981.
   174.00      7972.
   174.50      7962.
   175.00      7953.
   175.50      7943.
   176.00      7933.
   176.50      7923.
   177.00      7913.
   177.50      7903.
   178.00      7893.
   178.50      7883.
   179.00      7873.
   179.50      7864.
   180.00      7854.
   180.50      7844.
   181.00      7834.
   181.50      7825.
   182.00      7816.
   182.50      7807.
   183.00      7798.
   183.50      7789.
   184.00      7781.
   184.50      7773.
   185.00      7765.
   185.50      7758.
   186.00      7751.
   186.50      7744.
   187.00      7738.
   187.50      7732.
   188.00      7727.
   188.50      7722.
   189.00      7718.
   189.50      7714.
   190.00      7710.
   190.50      7708.
   191.00      7705.
   191.50      7704.
   192.00      7703.
   192.50      7703.
   193.00      7703.
   193.50      7703.
   194.00      7703.
   194.50      7703.
   195.00      7703.
   195.50      7703.
   196.00      7703.
   196.50      7703.
   197.00      7703.
   197.50      7703.
   198.00      7703.
   198.50      7703.
   199.00      7703.
   199.50      7703.
   200.00      7703.
   200.50      7703.
   201.00      7703.
   201.50      7703.
   202.00      7703.
   202.50      7703.
   203.00      7703.
   203.50      7703.
   204.00      7703.
   204.50      7703.
   205.00      7703.
   205.50      7703.
   206.00      7703.
   206.50      7703.
   207.00      7703.
   207.50      7703.
   208.00      7703.
   208.50      7703.
   209.00      7703.
   209.50      7703.
   210.00      7703.
   210.50      7703.
   211.00      7703.
   211.50      7703.
   212.00      7703.
   212.50      7703.
   213.00      7703.
   213.50      7703.
   214.00      7703.
   214.50      7703.
   215.00      7703.
   215.50      7703.
   216.00      7703.
   216.50      7703.
   217.00      7702.
   217.50      7702.
   218.00      7700.
   218.50      7699.
   219.00      7697.
   219.50      7694.
   220.00      7692.
   220.50      7688.
   221.00      7685.
   221.50      7681.
   222.00      7677.
   222.50      7672.
   223.00      7667.
   223.50      7662.
   224.00      7656.
   224.50      7650.
   225.00      7644.
   225.50      7638.
   226.00      7631.
   226.50      7624.
   227.00      7617.
   227.50      7610.
   228.00      7603.
   228.50      7595.
   229.00      7587.
   229.50      7579.
   230.00      7571.
   230.50      7562.
   231.00      7554.
   231.50      7545.
   232.00      7537.
   232.50      7528.
   233.00      7519.
   233.50      7510.
   234.00      7501.
   234.50      7492.
   235.00      7483.
   235.50      7474.
   236.00      7465.
   236.50      7456.
   237.00      7447.
   237.50      7438.
   238.00      7429.
   238.50      7420.
   239.00      7412.
   239.50      7403.
   240.00      7394.
   240.50      7386.
   241.00      7377.
   241.50      7367.
   242.00      7357.
   242.50      7346.
   243.00      7335.
   243.50      7323.
   244.00      7310.
   244.50      7297.
   245.00      7284.
   245.50      7270.
   246.00      7256.
   246.50      7241.
   247.00      7226.
   247.50      7211.
   248.00      7196.
   248.50      7180.
   249.00      7164.
   249.50      7149.
   250.00      7133.
   250.50      7117.
   251.00      7101.
   251.50      7085.
   252.00      7070.
   252.50      7054.
   253.00      7039.
   253.50      7024.
   254.00      7009.
   254.50      6994.
   255.00      6980.
   255.50      6966.
   256.00      6953.
   256.50      6940.
   257.00      6927.
   257.50      6915.
   258.00      6904.
   258.50      6893.
   259.00      6883.
   259.50      6873.
   260.00      6864.
   260.50      6856.
   261.00      6849.
   261.50      6843.
   262.00      6837.
   262.50      6832.
   263.00      6829.
   263.50      6826.
   264.00      6825.
   264.50      6824.
   265.00      6824.
   265.50      6824.
   266.00      6825.
   266.50      6825.
   267.00      6826.
   267.50      6827.
   268.00      6828.
   268.50      6829.
   269.00      6830.
   269.50      6831.
   270.00      6832.
   270.50      6834.
   271.00      6835.
   271.50      6837.
   272.00      6838.
   272.50      6840.
   273.00      6842.
   273.50      6843.
   274.00      6845.
   274.50      6847.
   275.00      6849.
   275.50      6851.
   276.00      6853.
   276.50      6855.
   277.00      6857.
   277.50      6858.
   278.00      6860.
   278.50      6862.
   279.00      6864.
   279.50      6866.
   280.00      6868.
   280.50      6869.
   281.00      6871.
   281.50      6873.
   282.00      6874.
   282.50      6876.
   283.00      6877.
   283.50      6878.
   284.00      6880.
   284.50      6881.
   285.00      6882.
   285.50      6883.
   286.00      6883.
   286.50      6884.
   287.00      6885.
   287.50      6885.
   288.00      6885.
   288.50      6885.
   289.00      6885.
   289.50      6884.
   290.00      6883.
   290.50      6881.
   291.00      6879.
   291.50      6876.
   292.00      6873.
   292.50      6870.
   293.00      6866.
   293.50      6862.
   294.00      6857.
   294.50      6852.
   295.00      6847.
   295.50      6842.
   296.00      6836.
   296.50      6830.
   297.00      6824.
   297.50      6817.
   298.00      6811.
   298.50      6804.
   299.00      6797.
   299.50      6790.
   300.00      6783.
   300.50      6776.
   301.00      6769.
   301.50      6761.
   302.00      6754.
   302.50      6747.
   303.00      6739.
   303.50      6732.
   304.00      6725.
   304.50      6718.
   305.00      6711.
   305.50      6704.
   306.00      6697.
   306.50      6690.
   307.00      6684.
   307.50      6678.
   308.00      6672.
   308.50      6666.
   309.00      6660.
   309.50      6655.
   310.00      6650.
   310.50      6645.
   311.00      6641.
   311.50      6637.
   312.00      6633.
   312.50      6630.
   313.00      6627.
   313.50      6624.
   314.00      6621.
   314.50      6619.
   315.00      6616.
   315.50      6614.
   316.00      6611.
   316.50      6609.
   317.00      6607.
   317.50      6604.
   318.00      6602.
   318.50      6600.
   319.00      6598.
   319.50      6596.
   320.00      6594.
   320.50      6593.
   321.00      6591.
   321.50      6589.
   322.00      6587.
   322.50      6586.
   323.00      6584.
   323.50      6582.
   324.00      6580.
   324.50      6579.
   325.00      6577.
   325.50      6575.
   326.00      6574.
   326.50      6572.
   327.00      6570.
   327.50      6569.
   328.00      6567.
   328.50      6565.
   329.00      6563.
   329.50      6561.
   330.00      6559.
   330.50      6557.
   331.00      6555.
   331.50      6553.
   332.00      6551.
   332.50      6549.
   333.00      6546.
   333.50      6544.
   334.00      6542.
   334.50      6539.
   335.00      6536.
   335.50      6534.
   336.00      6531.
   336.50      6528.
   337.00      6525.
   337.50      6521.
   338.00      6518.
   338.50      6514.
   339.00      6511.
   339.50      6507.
   340.00      6503.
   340.50      6499.
   341.00      6495.
   341.50      6491.
   342.00      6486.
   342.50      6482.
   343.00      6477.
   343.50      6473.
   344.00      6468.
   344.50      6463.
   345.00      6458.
   345.50      6453.
   346.00      6448.
   346.50      6443.
   347.00      6437.
   347.50      6432.
   348.00      6427.
   348.50      6421.
   349.00      6415.
   349.50      6410.
   350.00      6404.
   350.50      6398.
   351.00      6392.
   351.50      6386.
   352.00      6380.
   352.50      6374.
   353.00      6368.
   353.50      6362.
   354.00      6356.
   354.50      6350.
   355.00      6343.
   355.50      6337.
   356.00      6331.
   356.50      6324.
   357.00      6318.
   357.50      6311.
   358.00      6305.
   358.50      6298.
   359.00      6292.
   359.50      6285.
   360.00      6279.
1


  DISCHARGE VS ELEVATION
  **********************
  ELEVATION  DISCHARGE

    4880.49      5000.
    4890.00      5000.
    4898.70      5000.
    4900.00      5000.
    4902.00     10000.
    4904.00     22500.
    4906.00     37500.
    4908.00     56000.
    4910.00     77000.
    4912.00    100000.
    4914.00    125000.
    4916.00    153000.
    4920.00    212000.
    4924.00    270000.
    4928.00    328000.
    4930.00    357000.
    4935.00    429500.