
                     UNITED STATES BUREAU OF RECLAMATION
                       ENGINEERING AND RESEARCH CENTER

                            FLOOD ROUTING FOR DAMS
                            ----------------------

      FEATURE: Pueblo Dam                               DATE    **/ 1/  26
      FLOOD: TREX Test Run & PMF snow                   TIME    **:**:03.**
      TITLE: Full TREX Routing             
      DATA FILE: fs5-6sn.in                                                     

      FLOOD ROUTING SUMMARY
      *********************

         BEGINNING HOUR OF ROUTING.......................      0.50
         ENDING HOUR OF ROUTING..........................    360.00
         INITIAL RESERVOIR ELEVATION.....................   4880.49 FT
         MINIMUM OR NORMAL POOL ELEV.....................   4880.49 FT
         MAXIMUM RESERVOIR ELEVATION.....   4914.77 AT HOUR   83.00
         INFLOW PEAK DISCHARGE...........   197366. AT HOUR   73.00
         MAXIMUM TOTAL OUTFLOW...........   135842. AT HOUR   83.00
         ELEVATION TOLERANCE.............................    0.0100 FT
         INFLOW HYDROGRAPH ADJUSTMENT FACTOR.............      1.00
         IPC OPTIONS (1 TO 10)...........................3100100021

      WATERWAY PARAMETERS
      *******************

         WATERWAY NO. 1 - Top of Dam                    

         TYPE-BROAD OR SHARP CRESTED WEIR
         CONSTANT DISCHARGE COEFFICIENT..................      2.67
         CREST ELEVATION.................................   4925.25 FT
         CREST LENGTH....................................   1200.50 FT
         MAXIMUM DISCHARGE...............        0. AT HOUR    0.50

         WATERWAY NO. 2 - Embankment "wings"            

         TYPE-BROAD OR SHARP CRESTED WEIR
         CONSTANT DISCHARGE COEFFICIENT..................      2.62
         CREST ELEVATION.................................   4925.00 FT
         CREST LENGTH....................................   8480.00 FT
         MAXIMUM DISCHARGE...............        0. AT HOUR    0.50
1

                     ROUTING RESULTS                          DISCHARGE RESULTS
                     ***************                          *****************

    TIME     INFLOW    OUTFLOW    STORAGE   ELEVATION        WATERWAY         RATING
                                                           1         2        CURVE

     0.50      5527.      5000.    257067.   4880.49          0.        0.     5000.
     1.00      5557.      5000.    257089.   4880.49          0.        0.     5000.
     1.50      5587.      5000.    257112.   4880.50          0.        0.     5000.
     2.00      5617.      5000.    257138.   4880.50          0.        0.     5000.
     2.50      5647.      5000.    257164.   4880.51          0.        0.     5000.
     3.00      5677.      5000.    257192.   4880.52          0.        0.     5000.
     3.50      5707.      5000.    257221.   4880.52          0.        0.     5000.
     4.00      5737.      5000.    257251.   4880.53          0.        0.     5000.
     4.50      5766.      5000.    257282.   4880.53          0.        0.     5000.
     5.00      5796.      5000.    257315.   4880.54          0.        0.     5000.
     5.50      5825.      5000.    257348.   4880.55          0.        0.     5000.
     6.00      5855.      5000.    257384.   4880.56          0.        0.     5000.
     6.50      5884.      5000.    257419.   4880.56          0.        0.     5000.
     7.00      5913.      5000.    257457.   4880.57          0.        0.     5000.
     7.50      5941.      5000.    257495.   4880.58          0.        0.     5000.
     8.00      5970.      5000.    257535.   4880.59          0.        0.     5000.
     8.50      5999.      5000.    257575.   4880.60          0.        0.     5000.
     9.00      6027.      5000.    257618.   4880.60          0.        0.     5000.
     9.50      6056.      5000.    257660.   4880.61          0.        0.     5000.
    10.00      6084.      5000.    257705.   4880.62          0.        0.     5000.
    10.50      6112.      5000.    257750.   4880.63          0.        0.     5000.
    11.00      6140.      5000.    257797.   4880.64          0.        0.     5000.
    11.50      6167.      5000.    257844.   4880.65          0.        0.     5000.
    12.00      6195.      5000.    257894.   4880.66          0.        0.     5000.
    12.50      6222.      5000.    257944.   4880.67          0.        0.     5000.
    13.00      6249.      5000.    257995.   4880.68          0.        0.     5000.
    13.50      6276.      5000.    258047.   4880.69          0.        0.     5000.
    14.00      6303.      5000.    258102.   4880.70          0.        0.     5000.
    14.50      6330.      5000.    258156.   4880.72          0.        0.     5000.
    15.00      6357.      5000.    258213.   4880.73          0.        0.     5000.
    15.50      6383.      5000.    258269.   4880.74          0.        0.     5000.
    16.00      6409.      5000.    258326.   4880.75          0.        0.     5000.
    16.50      6435.      5000.    258385.   4880.76          0.        0.     5000.
    17.00      6461.      5000.    258444.   4880.77          0.        0.     5000.
    17.50      6487.      5000.    258506.   4880.79          0.        0.     5000.
    18.00      6512.      5000.    258567.   4880.80          0.        0.     5000.
    18.50      6537.      5000.    258631.   4880.81          0.        0.     5000.
    19.00      6562.      5000.    258695.   4880.83          0.        0.     5000.
    19.50      6587.      5000.    258761.   4880.84          0.        0.     5000.
    20.00      6612.      5000.    258827.   4880.85          0.        0.     5000.
    20.50      6636.      5000.    258893.   4880.87          0.        0.     5000.
    21.00      6661.      5000.    258961.   4880.88          0.        0.     5000.
    21.50      6685.      5000.    259030.   4880.90          0.        0.     5000.
    22.00      6708.      5000.    259101.   4880.91          0.        0.     5000.
    22.50      6732.      5000.    259172.   4880.93          0.        0.     5000.
    23.00      6755.      5000.    259245.   4880.94          0.        0.     5000.
    23.50      6778.      5000.    259318.   4880.96          0.        0.     5000.
    24.00      6801.      5000.    259391.   4880.97          0.        0.     5000.
    24.50      6824.      5000.    259467.   4880.99          0.        0.     5000.
    25.00      6846.      5000.    259542.   4881.00          0.        0.     5000.
    25.50      6869.      5000.    259618.   4881.02          0.        0.     5000.
    26.00      6890.      5000.    259696.   4881.03          0.        0.     5000.
    26.50      6912.      5000.    259774.   4881.05          0.        0.     5000.
    27.00      6934.      5000.    259854.   4881.07          0.        0.     5000.
    27.50      6955.      5000.    259935.   4881.08          0.        0.     5000.
    28.00      6976.      5000.    260015.   4881.10          0.        0.     5000.
    28.50      6997.      5000.    260097.   4881.12          0.        0.     5000.
    29.00      7017.      5000.    260180.   4881.13          0.        0.     5000.
    29.50      7038.      5000.    260263.   4881.15          0.        0.     5000.
    30.00      7058.      5000.    260348.   4881.17          0.        0.     5000.
    30.50      7078.      5000.    260433.   4881.19          0.        0.     5000.
    31.00      7098.      5000.    260520.   4881.20          0.        0.     5000.
    31.50      7117.      5000.    260608.   4881.22          0.        0.     5000.
    32.00      7137.      5000.    260695.   4881.24          0.        0.     5000.
    32.50      7156.      5000.    260785.   4881.26          0.        0.     5000.
    33.00      7175.      5000.    260875.   4881.28          0.        0.     5000.
    33.50      7195.      5000.    260964.   4881.30          0.        0.     5000.
    34.00      7214.      5000.    261056.   4881.31          0.        0.     5000.
    34.50      7233.      5000.    261148.   4881.33          0.        0.     5000.
    35.00      7251.      5000.    261241.   4881.35          0.        0.     5000.
    35.50      7270.      5000.    261335.   4881.37          0.        0.     5000.
    36.00      7289.      5000.    261430.   4881.39          0.        0.     5000.
    36.50      7307.      5000.    261524.   4881.41          0.        0.     5000.
    37.00      7326.      5000.    261621.   4881.43          0.        0.     5000.
    37.50      7344.      5000.    261718.   4881.45          0.        0.     5000.
    38.00      7363.      5000.    261815.   4881.47          0.        0.     5000.
    38.50      7381.      5000.    261914.   4881.49          0.        0.     5000.
    39.00      7399.      5000.    262013.   4881.51          0.        0.     5000.
    39.50      7418.      5000.    262112.   4881.53          0.        0.     5000.
    40.00      7436.      5000.    262211.   4881.55          0.        0.     5000.
    40.50      7454.      5000.    262313.   4881.57          0.        0.     5000.
    41.00      7473.      5000.    262414.   4881.60          0.        0.     5000.
    41.50      7491.      5000.    262516.   4881.62          0.        0.     5000.
    42.00      7509.      5000.    262620.   4881.64          0.        0.     5000.
    42.50      7528.      5000.    262724.   4881.66          0.        0.     5000.
    43.00      7546.      5000.    262828.   4881.68          0.        0.     5000.
    43.50      7565.      5000.    262934.   4881.70          0.        0.     5000.
    44.00      7583.      5000.    263040.   4881.73          0.        0.     5000.
    44.50      7602.      5000.    263147.   4881.75          0.        0.     5000.
    45.00      7620.      5000.    263255.   4881.77          0.        0.     5000.
    45.50      7639.      5000.    263364.   4881.79          0.        0.     5000.
    46.00      7658.      5000.    263473.   4881.81          0.        0.     5000.
    46.50      7677.      5000.    263584.   4881.84          0.        0.     5000.
    47.00      7696.      5000.    263695.   4881.86          0.        0.     5000.
    47.50      7715.      5000.    263806.   4881.88          0.        0.     5000.
    48.00      7734.      5000.    263919.   4881.91          0.        0.     5000.
    48.50      7754.      5000.    264032.   4881.93          0.        0.     5000.
    49.00      7773.      5000.    264146.   4881.95          0.        0.     5000.
    49.50      7794.      5000.    264261.   4881.98          0.        0.     5000.
    50.00      7815.      5000.    264377.   4882.00          0.        0.     5000.
    50.50      7838.      5000.    264493.   4882.03          0.        0.     5000.
    51.00      7860.      5000.    264611.   4882.05          0.        0.     5000.
    51.50      7883.      5000.    264729.   4882.07          0.        0.     5000.
    52.00      7907.      5000.    264849.   4882.10          0.        0.     5000.
    52.50      7931.      5000.    264970.   4882.12          0.        0.     5000.
    53.00      7956.      5000.    265090.   4882.15          0.        0.     5000.
    53.50      7981.      5000.    265213.   4882.17          0.        0.     5000.
    54.00      8006.      5000.    265336.   4882.20          0.        0.     5000.
    54.50      8032.      5000.    265461.   4882.23          0.        0.     5000.
    55.00      8058.      5000.    265586.   4882.25          0.        0.     5000.
    55.50      8084.      5000.    265714.   4882.28          0.        0.     5000.
    56.00      8110.      5000.    265841.   4882.30          0.        0.     5000.
    56.50      8136.      5000.    265971.   4882.33          0.        0.     5000.
    57.00      8162.      5000.    266101.   4882.36          0.        0.     5000.
    57.50      8196.      5000.    266233.   4882.39          0.        0.     5000.
    58.00      8239.      5000.    266366.   4882.41          0.        0.     5000.
    58.50      8307.      5000.    266500.   4882.44          0.        0.     5000.
    59.00      8380.      5000.    266637.   4882.47          0.        0.     5000.
    59.50      8461.      5000.    266779.   4882.50          0.        0.     5000.
    60.00      8570.      5000.    266923.   4882.53          0.        0.     5000.
    60.50      8778.      5000.    267074.   4882.56          0.        0.     5000.
    61.00      9163.      5000.    267237.   4882.59          0.        0.     5000.
    61.50      9711.      5000.    267421.   4882.63          0.        0.     5000.
    62.00     10525.      5000.    267634.   4882.67          0.        0.     5000.
    62.50     12206.      5000.    267896.   4882.73          0.        0.     5000.
    63.00     18014.      5000.    268314.   4882.82          0.        0.     5000.
    63.50     59199.      5000.    269703.   4883.10          0.        0.     5000.
    64.00     91778.      5000.    272615.   4883.70          0.        0.     5000.
    64.50    106721.      5000.    276510.   4884.51          0.        0.     5000.
    65.00    117264.      5000.    280931.   4885.42          0.        0.     5000.
    65.50    126370.      5000.    285759.   4886.42          0.        0.     5000.
    66.00    135015.      5000.    290952.   4887.50          0.        0.     5000.
    66.50    143515.      5000.    296500.   4888.64          0.        0.     5000.
    67.00    151796.      5000.    302395.   4889.86          0.        0.     5000.
    67.50    159174.      5000.    308613.   4891.02          0.        0.     5000.
    68.00    165463.      5000.    315114.   4892.22          0.        0.     5000.
    68.50    171012.      5000.    321860.   4893.46          0.        0.     5000.
    69.00    176306.      5000.    328828.   4894.74          0.        0.     5000.
    69.50    181534.      5000.    336014.   4896.07          0.        0.     5000.
    70.00    186463.      5000.    343411.   4897.43          0.        0.     5000.
    70.50    190704.      5000.    350997.   4898.83          0.        0.     5000.
    71.00    193873.      5552.    358726.   4900.22          0.        0.     5552.
    71.50    195903.      8706.    366485.   4901.48          0.        0.     8706.
    72.00    196965.     14526.    374121.   4902.72          0.        0.    14526.
    72.50    197337.     22039.    381514.   4903.93          0.        0.    22039.
    73.00    197366.     30568.    388582.   4905.08          0.        0.    30568.
    73.50    197269.     39058.    395302.   4906.17          0.        0.    39058.
    74.00    197041.     48588.    401638.   4907.20          0.        0.    48588.
    74.50    196580.     57728.    407577.   4908.16          0.        0.    57728.
    75.00    195869.     67167.    413105.   4909.06          0.        0.    67167.
    75.50    194883.     75903.    418221.   4909.90          0.        0.    75903.
    76.00    193447.     83705.    422945.   4910.58          0.        0.    83705.
    76.50    191416.     90842.    427290.   4911.20          0.        0.    90842.
    77.00    188800.     97361.    431259.   4911.77          0.        0.    97361.
    77.50    185712.    103546.    434851.   4912.28          0.        0.   103546.
    78.00    182243.    109271.    438058.   4912.74          0.        0.   109271.
    78.50    178472.    114331.    440892.   4913.15          0.        0.   114331.
    79.00    174476.    118750.    443366.   4913.50          0.        0.   118750.
    79.50    170303.    122565.    445503.   4913.81          0.        0.   122565.
    80.00    165989.    125902.    447318.   4914.06          0.        0.   125902.
    80.50    161535.    128903.    448819.   4914.28          0.        0.   128903.
    81.00    157013.    131316.    450025.   4914.45          0.        0.   131316.
    81.50    152589.    133183.    450959.   4914.58          0.        0.   133183.
    82.00    148011.    134543.    451639.   4914.68          0.        0.   134543.
    82.50    143202.    135418.    452076.   4914.74          0.        0.   135418.
    83.00    138273.    135842.    452288.   4914.77          0.        0.   135842.
    83.50    133311.    135835.    452285.   4914.77          0.        0.   135835.
    84.00    128328.    135438.    452087.   4914.75          0.        0.   135438.
    84.50    123320.    134673.    451704.   4914.69          0.        0.   134673.
    85.00    118311.    133572.    451153.   4914.61          0.        0.   133572.
    85.50    113306.    132164.    450449.   4914.51          0.        0.   132164.
    86.00    108360.    130469.    449601.   4914.39          0.        0.   130469.
    86.50    103463.    128521.    448627.   4914.25          0.        0.   128521.
    87.00     98660.    126340.    447537.   4914.10          0.        0.   126340.
    87.50     94018.    124072.    446347.   4913.93          0.        0.   124072.
    88.00     89563.    121777.    445062.   4913.74          0.        0.   121777.
    88.50     85321.    119336.    443695.   4913.55          0.        0.   119336.
    89.00     81303.    116772.    442259.   4913.34          0.        0.   116772.
    89.50     77484.    114111.    440769.   4913.13          0.        0.   114111.
    90.00     73869.    111377.    439237.   4912.91          0.        0.   111377.
    90.50     70456.    108588.    437675.   4912.69          0.        0.   108588.
    91.00     67220.    105762.    436092.   4912.46          0.        0.   105762.
    91.50     64163.    102911.    434496.   4912.23          0.        0.   102911.
    92.00     61272.    100049.    432893.   4912.00          0.        0.   100049.
    92.50     58539.     97417.    431293.   4911.78          0.        0.    97417.
    93.00     55777.     94772.    429683.   4911.55          0.        0.    94772.
    93.50     53104.     92122.    428070.   4911.31          0.        0.    92122.
    94.00     50478.     89471.    426456.   4911.08          0.        0.    89471.
    94.50     47964.     86827.    424846.   4910.85          0.        0.    86827.
    95.00     45610.     84199.    423246.   4910.63          0.        0.    84199.
    95.50     43426.     81593.    421660.   4910.40          0.        0.    81593.
    96.00     41428.     79021.    420095.   4910.18          0.        0.    79021.
    96.50     39529.     76472.    418555.   4909.95          0.        0.    76472.
    97.00     37804.     73893.    417044.   4909.70          0.        0.    73893.
    97.50     36135.     71376.    415570.   4909.46          0.        0.    71376.
    98.00     34635.     68925.    414135.   4909.23          0.        0.    68925.
    98.50     33164.     66536.    412736.   4909.00          0.        0.    66536.
    99.00     31838.     64219.    411378.   4908.78          0.        0.    64219.
    99.50     30627.     61973.    410063.   4908.57          0.        0.    61973.
   100.00     29440.     59794.    408787.   4908.36          0.        0.    59794.
   100.50     28416.     57692.    407556.   4908.16          0.        0.    57692.
   101.00     27407.     55702.    406367.   4907.97          0.        0.    55702.
   101.50     26459.     53968.    405214.   4907.78          0.        0.    53968.
   102.00     25567.     52283.    404094.   4907.60          0.        0.    52283.
   102.50     24782.     50648.    403007.   4907.42          0.        0.    50648.
   103.00     24042.     49067.    401956.   4907.25          0.        0.    49067.
   103.50     23326.     47536.    400938.   4907.08          0.        0.    47536.
   104.00     22657.     46054.    399953.   4906.92          0.        0.    46054.
   104.50     22037.     44627.    399004.   4906.77          0.        0.    44627.
   105.00     21461.     43250.    398088.   4906.62          0.        0.    43250.
   105.50     20949.     41922.    397206.   4906.48          0.        0.    41922.
   106.00     20470.     40644.    396356.   4906.34          0.        0.    40644.
   106.50     19993.     39415.    395539.   4906.21          0.        0.    39415.
   107.00     19524.     38232.    394752.   4906.08          0.        0.    38232.
   107.50     19073.     37167.    393993.   4905.96          0.        0.    37167.
   108.00     18645.     36266.    393254.   4905.84          0.        0.    36266.
   108.50     18243.     35391.    392536.   4905.72          0.        0.    35391.
   109.00     17870.     34537.    391837.   4905.60          0.        0.    34537.
   109.50     17535.     33710.    391158.   4905.49          0.        0.    33710.
   110.00     17218.     32908.    390501.   4905.39          0.        0.    32908.
   110.50     16901.     32128.    389861.   4905.28          0.        0.    32128.
   111.00     16620.     31373.    389243.   4905.18          0.        0.    31373.
   111.50     16358.     30641.    388642.   4905.09          0.        0.    30641.
   112.00     16108.     29934.    388062.   4904.99          0.        0.    29934.
   112.50     15854.     29249.    387501.   4904.90          0.        0.    29249.
   113.00     15605.     28586.    386957.   4904.81          0.        0.    28586.
   113.50     15361.     27942.    386429.   4904.73          0.        0.    27942.
   114.00     15138.     27319.    385919.   4904.64          0.        0.    27319.
   114.50     14943.     26715.    385423.   4904.56          0.        0.    26715.
   115.00     14757.     26133.    384946.   4904.48          0.        0.    26133.
   115.50     14575.     25569.    384483.   4904.41          0.        0.    25569.
   116.00     14395.     25023.    384036.   4904.34          0.        0.    25023.
   116.50     14234.     24496.    383603.   4904.27          0.        0.    24496.
   117.00     14073.     23987.    383186.   4904.20          0.        0.    23987.
   117.50     13917.     23496.    382784.   4904.13          0.        0.    23496.
   118.00     13771.     23020.    382393.   4904.07          0.        0.    23020.
   118.50     13634.     22562.    382018.   4904.01          0.        0.    22562.
   119.00     13497.     22183.    381655.   4903.95          0.        0.    22183.
   119.50     13363.     21823.    381300.   4903.89          0.        0.    21823.
   120.00     13235.     21472.    380955.   4903.84          0.        0.    21472.
   120.50     13117.     21130.    380619.   4903.78          0.        0.    21130.
   121.00     12999.     20797.    380292.   4903.73          0.        0.    20797.
   121.50     12885.     20474.    379973.   4903.68          0.        0.    20474.
   122.00     12774.     20159.    379664.   4903.63          0.        0.    20159.
   122.50     12671.     19854.    379364.   4903.58          0.        0.    19854.
   123.00     12573.     19558.    379072.   4903.53          0.        0.    19558.
   123.50     12477.     19268.    378787.   4903.48          0.        0.    19268.
   124.00     12382.     18987.    378511.   4903.44          0.        0.    18987.
   124.50     12290.     18713.    378241.   4903.39          0.        0.    18713.
   125.00     12200.     18447.    377979.   4903.35          0.        0.    18447.
   125.50     12115.     18188.    377724.   4903.31          0.        0.    18188.
   126.00     12032.     17938.    377478.   4903.27          0.        0.    17938.
   126.50     11949.     17693.    377238.   4903.23          0.        0.    17693.
   127.00     11871.     17455.    377004.   4903.19          0.        0.    17455.
   127.50     11793.     17224.    376775.   4903.16          0.        0.    17224.
   128.00     11719.     16998.    376553.   4903.12          0.        0.    16998.
   128.50     11647.     16778.    376337.   4903.08          0.        0.    16778.
   129.00      8502.     16503.    376067.   4903.04          0.        0.    16503.
   129.50      8497.     16174.    375742.   4902.99          0.        0.    16174.
   130.00      8492.     15856.    375430.   4902.94          0.        0.    15856.
   130.50      8486.     15554.    375133.   4902.89          0.        0.    15554.
   131.00      8480.     15264.    374848.   4902.84          0.        0.    15264.
   131.50      8474.     14987.    374574.   4902.80          0.        0.    14987.
   132.00      8469.     14718.    374310.   4902.75          0.        0.    14718.
   132.50      8462.     14462.    374058.   4902.71          0.        0.    14462.
   133.00      8456.     14214.    373815.   4902.67          0.        0.    14214.
   133.50      8450.     13976.    373581.   4902.64          0.        0.    13976.
   134.00      8444.     13748.    373355.   4902.60          0.        0.    13748.
   134.50      8438.     13528.    373139.   4902.56          0.        0.    13528.
   135.00      8431.     13317.    372932.   4902.53          0.        0.    13317.
   135.50      8425.     13116.    372734.   4902.50          0.        0.    13116.
   136.00      8418.     12924.    372545.   4902.47          0.        0.    12924.
   136.50      8412.     12737.    372361.   4902.44          0.        0.    12737.
   137.00      8406.     12560.    372187.   4902.41          0.        0.    12560.
   137.50      8399.     12390.    372019.   4902.38          0.        0.    12390.
   138.00      8393.     12225.    371857.   4902.36          0.        0.    12225.
   138.50      8386.     12066.    371701.   4902.33          0.        0.    12066.
   139.00      8380.     11913.    371551.   4902.31          0.        0.    11913.
   139.50      8374.     11767.    371407.   4902.28          0.        0.    11767.
   140.00      8367.     11627.    371268.   4902.26          0.        0.    11627.
   140.50      8361.     11492.    371136.   4902.24          0.        0.    11492.
   141.00      8355.     11364.    371010.   4902.22          0.        0.    11364.
   141.50      8349.     11239.    370887.   4902.20          0.        0.    11239.
   142.00      8343.     11120.    370770.   4902.18          0.        0.    11120.
   142.50      8337.     11007.    370659.   4902.16          0.        0.    11007.
   143.00      8332.     10897.    370551.   4902.14          0.        0.    10897.
   143.50      8326.     10790.    370446.   4902.13          0.        0.    10790.
   144.00      8321.     10690.    370347.   4902.11          0.        0.    10690.
   144.50      8315.     10592.    370251.   4902.09          0.        0.    10592.
   145.00      8310.     10497.    370157.   4902.08          0.        0.    10497.
   145.50      8305.     10406.    370067.   4902.06          0.        0.    10406.
   146.00      8300.     10320.    369983.   4902.05          0.        0.    10320.
   146.50      8295.     10238.    369902.   4902.04          0.        0.    10238.
   147.00      8290.     10159.    369824.   4902.03          0.        0.    10159.
   147.50      8285.     10082.    369749.   4902.01          0.        0.    10082.
   148.00      8280.     10009.    369677.   4902.00          0.        0.    10009.
   148.50      8274.      9976.    369608.   4901.99          0.        0.     9976.
   149.00      8269.      9948.    369539.   4901.98          0.        0.     9948.
   149.50      8264.      9919.    369470.   4901.97          0.        0.     9919.
   150.00      8259.      9891.    369401.   4901.96          0.        0.     9891.
   150.50      8254.      9865.    369335.   4901.95          0.        0.     9865.
   151.00      8249.      9838.    369269.   4901.94          0.        0.     9838.
   151.50      8244.      9811.    369203.   4901.92          0.        0.     9811.
   152.00      8239.      9785.    369140.   4901.91          0.        0.     9785.
   152.50      8234.      9760.    369076.   4901.90          0.        0.     9760.
   153.00      8229.      9734.    369013.   4901.89          0.        0.     9734.
   153.50      8224.      9708.    368950.   4901.88          0.        0.     9708.
   154.00      8219.      9684.    368890.   4901.87          0.        0.     9684.
   154.50      8214.      9659.    368830.   4901.86          0.        0.     9659.
   155.00      8209.      9635.    368770.   4901.85          0.        0.     9635.
   155.50      8204.      9612.    368713.   4901.84          0.        0.     9612.
   156.00      8199.      9589.    368656.   4901.84          0.        0.     9589.
   156.50      8194.      9565.    368599.   4901.83          0.        0.     9565.
   157.00      8189.      9542.    368542.   4901.82          0.        0.     9542.
   157.50      8183.      9519.    368485.   4901.81          0.        0.     9519.
   158.00      8178.      9497.    368431.   4901.80          0.        0.     9497.
   158.50      8173.      9475.    368377.   4901.79          0.        0.     9475.
   159.00      8168.      9453.    368323.   4901.78          0.        0.     9453.
   159.50      8163.      9431.    368269.   4901.77          0.        0.     9431.
   160.00      8157.      9410.    368218.   4901.76          0.        0.     9410.
   160.50      8152.      9390.    368167.   4901.76          0.        0.     9390.
   161.00      8147.      9369.    368116.   4901.75          0.        0.     9369.
   161.50      8141.      9348.    368065.   4901.74          0.        0.     9348.
   162.00      8136.      9329.    368017.   4901.73          0.        0.     9329.
   162.50      8130.      9309.    367968.   4901.72          0.        0.     9309.
   163.00      8125.      9290.    367920.   4901.72          0.        0.     9290.
   163.50      8119.      9270.    367872.   4901.71          0.        0.     9270.
   164.00      8113.      9250.    367824.   4901.70          0.        0.     9250.
   164.50      8108.      9231.    367776.   4901.69          0.        0.     9231.
   165.00      8102.      9213.    367731.   4901.69          0.        0.     9213.
   165.50      8096.      9194.    367686.   4901.68          0.        0.     9194.
   166.00      8090.      9176.    367641.   4901.67          0.        0.     9176.
   166.50      8084.      9158.    367596.   4901.66          0.        0.     9158.
   167.00      8078.      9139.    367551.   4901.66          0.        0.     9139.
   167.50      8072.      9121.    367506.   4901.65          0.        0.     9121.
   168.00      8066.      9104.    367464.   4901.64          0.        0.     9104.
   168.50      8060.      9087.    367422.   4901.63          0.        0.     9087.
   169.00      8054.      9070.    367380.   4901.63          0.        0.     9070.
   169.50      8047.      9053.    367338.   4901.62          0.        0.     9053.
   170.00      8040.      9036.    367296.   4901.61          0.        0.     9036.
   170.50      8032.      9019.    367254.   4901.61          0.        0.     9019.
   171.00      8024.      9001.    367212.   4901.60          0.        0.     9001.
   171.50      8016.      8986.    367173.   4901.59          0.        0.     8986.
   172.00      8008.      8970.    367134.   4901.59          0.        0.     8970.
   172.50      7999.      8954.    367095.   4901.58          0.        0.     8954.
   173.00      7990.      8938.    367056.   4901.58          0.        0.     8938.
   173.50      7981.      8922.    367017.   4901.57          0.        0.     8922.
   174.00      7972.      8906.    366978.   4901.56          0.        0.     8906.
   174.50      7962.      8890.    366939.   4901.56          0.        0.     8890.
   175.00      7953.      8875.    366900.   4901.55          0.        0.     8875.
   175.50      7943.      8859.    366861.   4901.54          0.        0.     8859.
   176.00      7933.      8843.    366821.   4901.54          0.        0.     8843.
   176.50      7923.      8828.    366785.   4901.53          0.        0.     8828.
   177.00      7913.      8813.    366749.   4901.53          0.        0.     8813.
   177.50      7903.      8799.    366713.   4901.52          0.        0.     8799.
   178.00      7893.      8784.    366677.   4901.51          0.        0.     8784.
   178.50      7883.      8770.    366641.   4901.51          0.        0.     8770.
   179.00      7873.      8755.    366605.   4901.50          0.        0.     8755.
   179.50      7864.      8740.    366569.   4901.50          0.        0.     8740.
   180.00      7854.      8726.    366533.   4901.49          0.        0.     8726.
   180.50      7844.      8711.    366497.   4901.48          0.        0.     8711.
   181.00      7834.      8696.    366461.   4901.48          0.        0.     8696.
   181.50      7825.      8682.    366425.   4901.47          0.        0.     8682.
   182.00      7816.      8667.    366389.   4901.47          0.        0.     8667.
   182.50      7807.      8652.    366353.   4901.46          0.        0.     8652.
   183.00      7798.      8638.    366317.   4901.46          0.        0.     8638.
   183.50      7789.      8623.    366281.   4901.45          0.        0.     8623.
   184.00      7781.      8610.    366248.   4901.44          0.        0.     8610.
   184.50      7773.      8596.    366215.   4901.44          0.        0.     8596.
   185.00      7765.      8583.    366182.   4901.43          0.        0.     8583.
   185.50      7758.      8569.    366149.   4901.43          0.        0.     8569.
   186.00      7751.      8556.    366116.   4901.42          0.        0.     8556.
   186.50      7744.      8542.    366083.   4901.42          0.        0.     8542.
   187.00      7738.      8529.    366050.   4901.41          0.        0.     8529.
   187.50      7732.      8516.    366017.   4901.41          0.        0.     8516.
   188.00      7727.      8502.    365984.   4901.40          0.        0.     8502.
   188.50      7722.      8489.    365951.   4901.40          0.        0.     8489.
   189.00      7718.      8477.    365921.   4901.39          0.        0.     8477.
   189.50      7714.      8464.    365891.   4901.39          0.        0.     8464.
   190.00      7710.      8452.    365861.   4901.38          0.        0.     8452.
   190.50      7708.      8440.    365831.   4901.38          0.        0.     8440.
   191.00      7705.      8428.    365801.   4901.37          0.        0.     8428.
   191.50      7704.      8416.    365771.   4901.37          0.        0.     8416.
   192.00      7703.      8403.    365741.   4901.36          0.        0.     8403.
   192.50      7703.      8391.    365710.   4901.36          0.        0.     8391.
   193.00      7703.      8380.    365683.   4901.35          0.        0.     8380.
   193.50      7703.      8369.    365656.   4901.35          0.        0.     8369.
   194.00      7703.      8358.    365629.   4901.34          0.        0.     8358.
   194.50      7703.      8347.    365602.   4901.34          0.        0.     8347.
   195.00      7703.      8336.    365575.   4901.33          0.        0.     8336.
   195.50      7703.      8325.    365548.   4901.33          0.        0.     8325.
   196.00      7703.      8315.    365524.   4901.33          0.        0.     8315.
   196.50      7703.      8306.    365500.   4901.32          0.        0.     8306.
   197.00      7703.      8296.    365476.   4901.32          0.        0.     8296.
   197.50      7703.      8286.    365452.   4901.31          0.        0.     8286.
   198.00      7703.      8276.    365428.   4901.31          0.        0.     8276.
   198.50      7703.      8267.    365404.   4901.31          0.        0.     8267.
   199.00      7703.      8257.    365380.   4901.30          0.        0.     8257.
   199.50      7703.      8247.    365356.   4901.30          0.        0.     8247.
   200.00      7703.      8239.    365335.   4901.30          0.        0.     8239.
   200.50      7703.      8230.    365314.   4901.29          0.        0.     8230.
   201.00      7703.      8221.    365293.   4901.29          0.        0.     8221.
   201.50      7703.      8213.    365272.   4901.29          0.        0.     8213.
   202.00      7703.      8204.    365251.   4901.28          0.        0.     8204.
   202.50      7703.      8196.    365230.   4901.28          0.        0.     8196.
   203.00      7703.      8187.    365209.   4901.27          0.        0.     8187.
   203.50      7703.      8179.    365188.   4901.27          0.        0.     8179.
   204.00      7703.      8171.    365170.   4901.27          0.        0.     8171.
   204.50      7703.      8164.    365152.   4901.27          0.        0.     8164.
   205.00      7703.      8157.    365134.   4901.26          0.        0.     8157.
   205.50      7703.      8149.    365116.   4901.26          0.        0.     8149.
   206.00      7703.      8142.    365098.   4901.26          0.        0.     8142.
   206.50      7703.      8135.    365080.   4901.25          0.        0.     8135.
   207.00      7703.      8127.    365062.   4901.25          0.        0.     8127.
   207.50      7703.      8120.    365044.   4901.25          0.        0.     8120.
   208.00      7703.      8113.    365026.   4901.25          0.        0.     8113.
   208.50      7703.      8105.    365008.   4901.24          0.        0.     8105.
   209.00      7703.      8099.    364993.   4901.24          0.        0.     8099.
   209.50      7703.      8093.    364978.   4901.24          0.        0.     8093.
   210.00      7703.      8087.    364963.   4901.23          0.        0.     8087.
   210.50      7703.      8081.    364948.   4901.23          0.        0.     8081.
   211.00      7703.      8075.    364933.   4901.23          0.        0.     8075.
   211.50      7703.      8069.    364918.   4901.23          0.        0.     8069.
   212.00      7703.      8063.    364903.   4901.23          0.        0.     8063.
   212.50      7703.      8057.    364888.   4901.22          0.        0.     8057.
   213.00      7703.      8051.    364873.   4901.22          0.        0.     8051.
   213.50      7703.      8044.    364858.   4901.22          0.        0.     8044.
   214.00      7703.      8038.    364843.   4901.22          0.        0.     8038.
   214.50      7703.      8032.    364828.   4901.21          0.        0.     8032.
   215.00      7703.      8027.    364816.   4901.21          0.        0.     8027.
   215.50      7703.      8022.    364804.   4901.21          0.        0.     8022.
   216.00      7703.      8018.    364792.   4901.21          0.        0.     8018.
   216.50      7703.      8013.    364780.   4901.21          0.        0.     8013.
   217.00      7702.      8008.    364768.   4901.20          0.        0.     8008.
   217.50      7702.      8003.    364756.   4901.20          0.        0.     8003.
   218.00      7700.      7998.    364744.   4901.20          0.        0.     7998.
   218.50      7699.      7993.    364732.   4901.20          0.        0.     7993.
   219.00      7697.      7988.    364720.   4901.20          0.        0.     7988.
   219.50      7694.      7983.    364708.   4901.19          0.        0.     7983.
   220.00      7692.      7979.    364696.   4901.19          0.        0.     7979.
   220.50      7688.      7974.    364684.   4901.19          0.        0.     7974.
   221.00      7685.      7969.    364672.   4901.19          0.        0.     7969.
   221.50      7681.      7964.    364660.   4901.19          0.        0.     7964.
   222.00      7677.      7959.    364648.   4901.18          0.        0.     7959.
   222.50      7672.      7954.    364636.   4901.18          0.        0.     7954.
   223.00      7667.      7949.    364624.   4901.18          0.        0.     7949.
   223.50      7662.      7944.    364611.   4901.18          0.        0.     7944.
   224.00      7656.      7939.    364599.   4901.18          0.        0.     7939.
   224.50      7650.      7935.    364587.   4901.17          0.        0.     7935.
   225.00      7644.      7930.    364575.   4901.17          0.        0.     7930.
   225.50      7638.      7925.    364563.   4901.17          0.        0.     7925.
   226.00      7631.      7920.    364551.   4901.17          0.        0.     7920.
   226.50      7624.      7915.    364539.   4901.17          0.        0.     7915.
   227.00      7617.      7910.    364527.   4901.16          0.        0.     7910.
   227.50      7610.      7905.    364515.   4901.16          0.        0.     7905.
   228.00      7603.      7900.    364503.   4901.16          0.        0.     7900.
   228.50      7595.      7896.    364491.   4901.16          0.        0.     7896.
   229.00      7587.      7891.    364479.   4901.16          0.        0.     7891.
   229.50      7579.      7886.    364467.   4901.15          0.        0.     7886.
   230.00      7571.      7881.    364455.   4901.15          0.        0.     7881.
   230.50      7562.      7876.    364443.   4901.15          0.        0.     7876.
   231.00      7554.      7871.    364431.   4901.15          0.        0.     7871.
   231.50      7545.      7866.    364419.   4901.15          0.        0.     7866.
   232.00      7537.      7861.    364407.   4901.14          0.        0.     7861.
   232.50      7528.      7856.    364395.   4901.14          0.        0.     7856.
   233.00      7519.      7850.    364380.   4901.14          0.        0.     7850.
   233.50      7510.      7844.    364365.   4901.14          0.        0.     7844.
   234.00      7501.      7838.    364350.   4901.14          0.        0.     7838.
   234.50      7492.      7832.    364335.   4901.13          0.        0.     7832.
   235.00      7483.      7826.    364320.   4901.13          0.        0.     7826.
   235.50      7474.      7820.    364305.   4901.13          0.        0.     7820.
   236.00      7465.      7814.    364290.   4901.13          0.        0.     7814.
   236.50      7456.      7808.    364275.   4901.12          0.        0.     7808.
   237.00      7447.      7802.    364260.   4901.12          0.        0.     7802.
   237.50      7438.      7795.    364245.   4901.12          0.        0.     7795.
   238.00      7429.      7789.    364230.   4901.12          0.        0.     7789.
   238.50      7420.      7783.    364215.   4901.11          0.        0.     7783.
   239.00      7412.      7777.    364200.   4901.11          0.        0.     7777.
   239.50      7403.      7771.    364185.   4901.11          0.        0.     7771.
   240.00      7394.      7765.    364170.   4901.11          0.        0.     7765.
   240.50      7386.      7759.    364155.   4901.10          0.        0.     7759.
   241.00      7377.      7753.    364140.   4901.10          0.        0.     7753.
   241.50      7367.      7747.    364125.   4901.10          0.        0.     7747.
   242.00      7357.      7740.    364110.   4901.10          0.        0.     7740.
   242.50      7346.      7734.    364095.   4901.09          0.        0.     7734.
   243.00      7335.      7728.    364080.   4901.09          0.        0.     7728.
   243.50      7323.      7722.    364065.   4901.09          0.        0.     7722.
   244.00      7310.      7715.    364047.   4901.09          0.        0.     7715.
   244.50      7297.      7708.    364029.   4901.08          0.        0.     7708.
   245.00      7284.      7700.    364011.   4901.08          0.        0.     7700.
   245.50      7270.      7693.    363993.   4901.08          0.        0.     7693.
   246.00      7256.      7686.    363975.   4901.07          0.        0.     7686.
   246.50      7241.      7678.    363957.   4901.07          0.        0.     7678.
   247.00      7226.      7671.    363939.   4901.07          0.        0.     7671.
   247.50      7211.      7664.    363921.   4901.07          0.        0.     7664.
   248.00      7196.      7656.    363903.   4901.06          0.        0.     7656.
   248.50      7180.      7649.    363885.   4901.06          0.        0.     7649.
   249.00      7164.      7640.    363864.   4901.06          0.        0.     7640.
   249.50      7149.      7632.    363843.   4901.05          0.        0.     7632.
   250.00      7133.      7623.    363822.   4901.05          0.        0.     7623.
   250.50      7117.      7615.    363801.   4901.05          0.        0.     7615.
   251.00      7101.      7606.    363780.   4901.04          0.        0.     7606.
   251.50      7085.      7598.    363759.   4901.04          0.        0.     7598.
   252.00      7070.      7589.    363738.   4901.04          0.        0.     7589.
   252.50      7054.      7581.    363717.   4901.03          0.        0.     7581.
   253.00      7039.      7572.    363696.   4901.03          0.        0.     7572.
   253.50      7024.      7563.    363675.   4901.03          0.        0.     7563.
   254.00      7009.      7555.    363654.   4901.02          0.        0.     7555.
   254.50      6994.      7545.    363630.   4901.02          0.        0.     7545.
   255.00      6980.      7535.    363606.   4901.01          0.        0.     7535.
   255.50      6966.      7526.    363582.   4901.01          0.        0.     7526.
   256.00      6953.      7516.    363558.   4901.01          0.        0.     7516.
   256.50      6940.      7506.    363534.   4901.00          0.        0.     7506.
   257.00      6927.      7496.    363510.   4901.00          0.        0.     7496.
   257.50      6915.      7487.    363485.   4900.99          0.        0.     7487.
   258.00      6904.      7477.    363461.   4900.99          0.        0.     7477.
   258.50      6893.      7467.    363437.   4900.99          0.        0.     7467.
   259.00      6883.      7457.    363413.   4900.98          0.        0.     7457.
   259.50      6873.      7448.    363389.   4900.98          0.        0.     7448.
   260.00      6864.      7438.    363365.   4900.98          0.        0.     7438.
   260.50      6856.      7428.    363341.   4900.97          0.        0.     7428.
   261.00      6849.      7418.    363317.   4900.97          0.        0.     7418.
   261.50      6843.      7408.    363293.   4900.96          0.        0.     7408.
   262.00      6837.      7399.    363269.   4900.96          0.        0.     7399.
   262.50      6832.      7389.    363245.   4900.96          0.        0.     7389.
   263.00      6829.      7379.    363221.   4900.95          0.        0.     7379.
   263.50      6826.      7369.    363197.   4900.95          0.        0.     7369.
   264.00      6825.      7361.    363176.   4900.94          0.        0.     7361.
   264.50      6824.      7352.    363155.   4900.94          0.        0.     7352.
   265.00      6824.      7344.    363134.   4900.94          0.        0.     7344.
   265.50      6824.      7335.    363113.   4900.93          0.        0.     7335.
   266.00      6825.      7327.    363092.   4900.93          0.        0.     7327.
   266.50      6825.      7318.    363071.   4900.93          0.        0.     7318.
   267.00      6826.      7310.    363050.   4900.92          0.        0.     7310.
   267.50      6827.      7301.    363029.   4900.92          0.        0.     7301.
   268.00      6828.      7294.    363011.   4900.92          0.        0.     7294.
   268.50      6829.      7286.    362993.   4900.91          0.        0.     7286.
   269.00      6830.      7279.    362975.   4900.91          0.        0.     7279.
   269.50      6831.      7272.    362957.   4900.91          0.        0.     7272.
   270.00      6832.      7264.    362939.   4900.91          0.        0.     7264.
   270.50      6834.      7257.    362921.   4900.90          0.        0.     7257.
   271.00      6835.      7250.    362903.   4900.90          0.        0.     7250.
   271.50      6837.      7242.    362885.   4900.90          0.        0.     7242.
   272.00      6838.      7235.    362867.   4900.89          0.        0.     7235.
   272.50      6840.      7229.    362852.   4900.89          0.        0.     7229.
   273.00      6842.      7223.    362837.   4900.89          0.        0.     7223.
   273.50      6843.      7217.    362822.   4900.89          0.        0.     7217.
   274.00      6845.      7211.    362807.   4900.88          0.        0.     7211.
   274.50      6847.      7205.    362792.   4900.88          0.        0.     7205.
   275.00      6849.      7198.    362777.   4900.88          0.        0.     7198.
   275.50      6851.      7192.    362762.   4900.88          0.        0.     7192.
   276.00      6853.      7186.    362747.   4900.87          0.        0.     7186.
   276.50      6855.      7180.    362732.   4900.87          0.        0.     7180.
   277.00      6857.      7175.    362720.   4900.87          0.        0.     7175.
   277.50      6858.      7170.    362708.   4900.87          0.        0.     7170.
   278.00      6860.      7166.    362696.   4900.87          0.        0.     7166.
   278.50      6862.      7161.    362684.   4900.86          0.        0.     7161.
   279.00      6864.      7156.    362672.   4900.86          0.        0.     7156.
   279.50      6866.      7151.    362660.   4900.86          0.        0.     7151.
   280.00      6868.      7146.    362648.   4900.86          0.        0.     7146.
   280.50      6869.      7141.    362636.   4900.86          0.        0.     7141.
   281.00      6871.      7136.    362624.   4900.85          0.        0.     7136.
   281.50      6873.      7131.    362612.   4900.85          0.        0.     7131.
   282.00      6874.      7126.    362600.   4900.85          0.        0.     7126.
   282.50      6876.      7123.    362591.   4900.85          0.        0.     7123.
   283.00      6877.      7119.    362582.   4900.85          0.        0.     7119.
   283.50      6878.      7115.    362573.   4900.85          0.        0.     7115.
   284.00      6880.      7112.    362564.   4900.84          0.        0.     7112.
   284.50      6881.      7108.    362555.   4900.84          0.        0.     7108.
   285.00      6882.      7104.    362546.   4900.84          0.        0.     7104.
   285.50      6883.      7101.    362537.   4900.84          0.        0.     7101.
   286.00      6883.      7097.    362528.   4900.84          0.        0.     7097.
   286.50      6884.      7094.    362519.   4900.84          0.        0.     7094.
   287.00      6885.      7090.    362510.   4900.84          0.        0.     7090.
   287.50      6885.      7086.    362501.   4900.83          0.        0.     7086.
   288.00      6885.      7083.    362492.   4900.83          0.        0.     7083.
   288.50      6885.      7079.    362483.   4900.83          0.        0.     7079.
   289.00      6885.      7075.    362474.   4900.83          0.        0.     7075.
   289.50      6884.      7072.    362465.   4900.83          0.        0.     7072.
   290.00      6883.      7068.    362456.   4900.83          0.        0.     7068.
   290.50      6881.      7064.    362447.   4900.83          0.        0.     7064.
   291.00      6879.      7061.    362438.   4900.82          0.        0.     7061.
   291.50      6876.      7057.    362429.   4900.82          0.        0.     7057.
   292.00      6873.      7054.    362423.   4900.82          0.        0.     7054.
   292.50      6870.      7052.    362417.   4900.82          0.        0.     7052.
   293.00      6866.      7048.    362408.   4900.82          0.        0.     7048.
   293.50      6862.      7045.    362399.   4900.82          0.        0.     7045.
   294.00      6857.      7041.    362390.   4900.82          0.        0.     7041.
   294.50      6852.      7037.    362380.   4900.81          0.        0.     7037.
   295.00      6847.      7034.    362371.   4900.81          0.        0.     7034.
   295.50      6842.      7030.    362362.   4900.81          0.        0.     7030.
   296.00      6836.      7026.    362353.   4900.81          0.        0.     7026.
   296.50      6830.      7023.    362344.   4900.81          0.        0.     7023.
   297.00      6824.      7019.    362335.   4900.81          0.        0.     7019.
   297.50      6817.      7015.    362326.   4900.81          0.        0.     7015.
   298.00      6811.      7012.    362317.   4900.80          0.        0.     7012.
   298.50      6804.      7008.    362308.   4900.80          0.        0.     7008.
   299.00      6797.      7004.    362299.   4900.80          0.        0.     7004.
   299.50      6790.      7001.    362290.   4900.80          0.        0.     7001.
   300.00      6783.      6997.    362281.   4900.80          0.        0.     6997.
   300.50      6776.      6993.    362272.   4900.80          0.        0.     6993.
   301.00      6769.      6990.    362263.   4900.80          0.        0.     6990.
   301.50      6761.      6986.    362254.   4900.79          0.        0.     6986.
   302.00      6754.      6982.    362245.   4900.79          0.        0.     6982.
   302.50      6747.      6979.    362236.   4900.79          0.        0.     6979.
   303.00      6739.      6975.    362227.   4900.79          0.        0.     6975.
   303.50      6732.      6971.    362218.   4900.79          0.        0.     6971.
   304.00      6725.      6968.    362209.   4900.79          0.        0.     6968.
   304.50      6718.      6964.    362200.   4900.79          0.        0.     6964.
   305.00      6711.      6960.    362191.   4900.78          0.        0.     6960.
   305.50      6704.      6957.    362182.   4900.78          0.        0.     6957.
   306.00      6697.      6953.    362173.   4900.78          0.        0.     6953.
   306.50      6690.      6948.    362161.   4900.78          0.        0.     6948.
   307.00      6684.      6943.    362149.   4900.78          0.        0.     6943.
   307.50      6678.      6938.    362137.   4900.78          0.        0.     6938.
   308.00      6672.      6934.    362125.   4900.77          0.        0.     6934.
   308.50      6666.      6929.    362113.   4900.77          0.        0.     6929.
   309.00      6660.      6924.    362101.   4900.77          0.        0.     6924.
   309.50      6655.      6919.    362089.   4900.77          0.        0.     6919.
   310.00      6650.      6914.    362077.   4900.77          0.        0.     6914.
   310.50      6645.      6909.    362065.   4900.76          0.        0.     6909.
   311.00      6641.      6904.    362053.   4900.76          0.        0.     6904.
   311.50      6637.      6899.    362041.   4900.76          0.        0.     6899.
   312.00      6633.      6895.    362029.   4900.76          0.        0.     6895.
   312.50      6630.      6890.    362017.   4900.76          0.        0.     6890.
   313.00      6627.      6885.    362005.   4900.75          0.        0.     6885.
   313.50      6624.      6880.    361993.   4900.75          0.        0.     6880.
   314.00      6621.      6875.    361981.   4900.75          0.        0.     6875.
   314.50      6619.      6871.    361972.   4900.75          0.        0.     6871.
   315.00      6616.      6868.    361963.   4900.75          0.        0.     6868.
   315.50      6614.      6864.    361954.   4900.75          0.        0.     6864.
   316.00      6611.      6860.    361945.   4900.74          0.        0.     6860.
   316.50      6609.      6857.    361936.   4900.74          0.        0.     6857.
   317.00      6607.      6853.    361927.   4900.74          0.        0.     6853.
   317.50      6604.      6849.    361918.   4900.74          0.        0.     6849.
   318.00      6602.      6846.    361909.   4900.74          0.        0.     6846.
   318.50      6600.      6842.    361900.   4900.74          0.        0.     6842.
   319.00      6598.      6838.    361891.   4900.74          0.        0.     6838.
   319.50      6596.      6835.    361882.   4900.73          0.        0.     6835.
   320.00      6594.      6831.    361873.   4900.73          0.        0.     6831.
   320.50      6593.      6827.    361864.   4900.73          0.        0.     6827.
   321.00      6591.      6824.    361855.   4900.73          0.        0.     6824.
   321.50      6589.      6820.    361846.   4900.73          0.        0.     6820.
   322.00      6587.      6816.    361837.   4900.73          0.        0.     6816.
   322.50      6586.      6813.    361828.   4900.73          0.        0.     6813.
   323.00      6584.      6809.    361819.   4900.72          0.        0.     6809.
   323.50      6582.      6805.    361810.   4900.72          0.        0.     6805.
   324.00      6580.      6802.    361801.   4900.72          0.        0.     6802.
   324.50      6579.      6798.    361792.   4900.72          0.        0.     6798.
   325.00      6577.      6794.    361783.   4900.72          0.        0.     6794.
   325.50      6575.      6791.    361774.   4900.72          0.        0.     6791.
   326.00      6574.      6787.    361765.   4900.71          0.        0.     6787.
   326.50      6572.      6783.    361756.   4900.71          0.        0.     6783.
   327.00      6570.      6780.    361747.   4900.71          0.        0.     6780.
   327.50      6569.      6776.    361738.   4900.71          0.        0.     6776.
   328.00      6567.      6772.    361729.   4900.71          0.        0.     6772.
   328.50      6565.      6769.    361720.   4900.71          0.        0.     6769.
   329.00      6563.      6765.    361711.   4900.71          0.        0.     6765.
   329.50      6561.      6761.    361702.   4900.70          0.        0.     6761.
   330.00      6559.      6758.    361693.   4900.70          0.        0.     6758.
   330.50      6557.      6754.    361684.   4900.70          0.        0.     6754.
   331.00      6555.      6750.    361675.   4900.70          0.        0.     6750.
   331.50      6553.      6747.    361666.   4900.70          0.        0.     6747.
   332.00      6551.      6743.    361657.   4900.70          0.        0.     6743.
   332.50      6549.      6740.    361648.   4900.70          0.        0.     6740.
   333.00      6546.      6736.    361639.   4900.69          0.        0.     6736.
   333.50      6544.      6732.    361630.   4900.69          0.        0.     6732.
   334.00      6542.      6729.    361621.   4900.69          0.        0.     6729.
   334.50      6539.      6725.    361612.   4900.69          0.        0.     6725.
   335.00      6536.      6721.    361603.   4900.69          0.        0.     6721.
   335.50      6534.      6718.    361594.   4900.69          0.        0.     6718.
   336.00      6531.      6714.    361585.   4900.69          0.        0.     6714.
   336.50      6528.      6710.    361576.   4900.68          0.        0.     6710.
   337.00      6525.      6708.    361570.   4900.68          0.        0.     6708.
   337.50      6521.      6704.    361561.   4900.68          0.        0.     6704.
   338.00      6518.      6700.    361552.   4900.68          0.        0.     6700.
   338.50      6514.      6697.    361543.   4900.68          0.        0.     6697.
   339.00      6511.      6693.    361534.   4900.68          0.        0.     6693.
   339.50      6507.      6689.    361525.   4900.68          0.        0.     6689.
   340.00      6503.      6686.    361516.   4900.67          0.        0.     6686.
   340.50      6499.      6682.    361507.   4900.67          0.        0.     6682.
   341.00      6495.      6678.    361498.   4900.67          0.        0.     6678.
   341.50      6491.      6675.    361489.   4900.67          0.        0.     6675.
   342.00      6486.      6671.    361480.   4900.67          0.        0.     6671.
   342.50      6482.      6667.    361471.   4900.67          0.        0.     6667.
   343.00      6477.      6664.    361462.   4900.67          0.        0.     6664.
   343.50      6473.      6660.    361453.   4900.66          0.        0.     6660.
   344.00      6468.      6656.    361444.   4900.66          0.        0.     6656.
   344.50      6463.      6653.    361435.   4900.66          0.        0.     6653.
   345.00      6458.      6649.    361426.   4900.66          0.        0.     6649.
   345.50      6453.      6646.    361417.   4900.66          0.        0.     6646.
   346.00      6448.      6642.    361408.   4900.66          0.        0.     6642.
   346.50      6443.      6638.    361399.   4900.66          0.        0.     6638.
   347.00      6437.      6635.    361390.   4900.65          0.        0.     6635.
   347.50      6432.      6631.    361381.   4900.65          0.        0.     6631.
   348.00      6427.      6627.    361372.   4900.65          0.        0.     6627.
   348.50      6421.      6624.    361363.   4900.65          0.        0.     6624.
   349.00      6415.      6620.    361354.   4900.65          0.        0.     6620.
   349.50      6410.      6616.    361345.   4900.65          0.        0.     6616.
   350.00      6404.      6613.    361336.   4900.65          0.        0.     6613.
   350.50      6398.      6609.    361327.   4900.64          0.        0.     6609.
   351.00      6392.      6605.    361318.   4900.64          0.        0.     6605.
   351.50      6386.      6602.    361309.   4900.64          0.        0.     6602.
   352.00      6380.      6598.    361300.   4900.64          0.        0.     6598.
   352.50      6374.      6594.    361291.   4900.64          0.        0.     6594.
   353.00      6368.      6591.    361282.   4900.64          0.        0.     6591.
   353.50      6362.      6587.    361273.   4900.63          0.        0.     6587.
   354.00      6356.      6583.    361263.   4900.63          0.        0.     6583.
   354.50      6350.      6580.    361254.   4900.63          0.        0.     6580.
   355.00      6343.      6576.    361245.   4900.63          0.        0.     6576.
   355.50      6337.      6572.    361236.   4900.63          0.        0.     6572.
   356.00      6331.      6569.    361227.   4900.63          0.        0.     6569.
   356.50      6324.      6565.    361218.   4900.63          0.        0.     6565.
   357.00      6318.      6561.    361209.   4900.62          0.        0.     6561.
   357.50      6311.      6558.    361200.   4900.62          0.        0.     6558.
   358.00      6305.      6554.    361191.   4900.62          0.        0.     6554.
   358.50      6298.      6550.    361182.   4900.62          0.        0.     6550.
   359.00      6292.      6547.    361173.   4900.62          0.        0.     6547.
   359.50      6285.      6542.    361161.   4900.62          0.        0.     6542.
   360.00      6279.      6537.    361149.   4900.61          0.        0.     6537.
1



      INFLOW DATA                           STORAGE DATA
      ***********                           ************
     TIME    INFLOW                     ELEVATION     STORAGE

     0.50      5527.                      4753.20          0.
     1.00      5557.                      4754.00          5.
     1.50      5587.                      4760.00        853.
     2.00      5617.                      4770.00       5056.
     2.50      5647.                      4780.00      11677.
     3.00      5677.                      4790.00      20701.
     3.50      5707.                      4800.00      32214.
     4.00      5737.                      4810.00      46676.
     4.50      5766.                      4820.00      64861.
     5.00      5796.                      4830.00      86629.
     5.50      5825.                      4840.00     112286.
     6.00      5855.                      4850.00     141401.
     6.50      5884.                      4860.00     174439.
     7.00      5913.                      4870.00     212059.
     7.50      5941.                      4880.00     254696.
     8.00      5970.                      4890.00     303066.
     8.50      5999.                      4900.00     357369.
     9.00      6027.                      4910.00     418864.
     9.50      6056.                      4920.00     488871.
    10.00      6084.                      4924.00     519654.
    10.50      6112.                      4924.50     523636.
    11.00      6140.                      4925.00     527626.
    11.50      6167.                      4925.50     531626.
    12.00      6195.                      4926.00     535626.
    12.50      6222.                      4930.00     569747.
    13.00      6249.                      4935.00     604527.
    13.50      6276.
    14.00      6303.
    14.50      6330.
    15.00      6357.
    15.50      6383.
    16.00      6409.
    16.50      6435.
    17.00      6461.
    17.50      6487.
    18.00      6512.
    18.50      6537.
    19.00      6562.
    19.50      6587.
    20.00      6612.
    20.50      6636.
    21.00      6661.
    21.50      6685.
    22.00      6708.
    22.50      6732.
    23.00      6755.
    23.50      6778.
    24.00      6801.
    24.50      6824.
    25.00      6846.
    25.50      6869.
    26.00      6890.
    26.50      6912.
    27.00      6934.
    27.50      6955.
    28.00      6976.
    28.50      6997.
    29.00      7017.
    29.50      7038.
    30.00      7058.
    30.50      7078.
    31.00      7098.
    31.50      7117.
    32.00      7137.
    32.50      7156.
    33.00      7175.
    33.50      7195.
    34.00      7214.
    34.50      7233.
    35.00      7251.
    35.50      7270.
    36.00      7289.
    36.50      7307.
    37.00      7326.
    37.50      7344.
    38.00      7363.
    38.50      7381.
    39.00      7399.
    39.50      7418.
    40.00      7436.
    40.50      7454.
    41.00      7473.
    41.50      7491.
    42.00      7509.
    42.50      7528.
    43.00      7546.
    43.50      7565.
    44.00      7583.
    44.50      7602.
    45.00      7620.
    45.50      7639.
    46.00      7658.
    46.50      7677.
    47.00      7696.
    47.50      7715.
    48.00      7734.
    48.50      7754.
    49.00      7773.
    49.50      7794.
    50.00      7815.
    50.50      7838.
    51.00      7860.
    51.50      7883.
    52.00      7907.
    52.50      7931.
    53.00      7956.
    53.50      7981.
    54.00      8006.
    54.50      8032.
    55.00      8058.
    55.50      8084.
    56.00      8110.
    56.50      8136.
    57.00      8162.
    57.50      8196.
    58.00      8239.
    58.50      8307.
    59.00      8380.
    59.50      8461.
    60.00      8570.
    60.50      8778.
    61.00      9163.
    61.50      9711.
    62.00     10525.
    62.50     12206.
    63.00     18014.
    63.50     59199.
    64.00     91778.
    64.50    106721.
    65.00    117264.
    65.50    126370.
    66.00    135015.
    66.50    143515.
    67.00    151796.
    67.50    159174.
    68.00    165463.
    68.50    171012.
    69.00    176306.
    69.50    181534.
    70.00    186463.
    70.50    190704.
    71.00    193873.
    71.50    195903.
    72.00    196965.
    72.50    197337.
    73.00    197366.
    73.50    197269.
    74.00    197041.
    74.50    196580.
    75.00    195869.
    75.50    194883.
    76.00    193447.
    76.50    191416.
    77.00    188800.
    77.50    185712.
    78.00    182243.
    78.50    178472.
    79.00    174476.
    79.50    170303.
    80.00    165989.
    80.50    161535.
    81.00    157013.
    81.50    152589.
    82.00    148011.
    82.50    143202.
    83.00    138273.
    83.50    133311.
    84.00    128328.
    84.50    123320.
    85.00    118311.
    85.50    113306.
    86.00    108360.
    86.50    103463.
    87.00     98660.
    87.50     94018.
    88.00     89563.
    88.50     85321.
    89.00     81303.
    89.50     77484.
    90.00     73869.
    90.50     70456.
    91.00     67220.
    91.50     64163.
    92.00     61272.
    92.50     58539.
    93.00     55777.
    93.50     53104.
    94.00     50478.
    94.50     47964.
    95.00     45610.
    95.50     43426.
    96.00     41428.
    96.50     39529.
    97.00     37804.
    97.50     36135.
    98.00     34635.
    98.50     33164.
    99.00     31838.
    99.50     30627.
   100.00     29440.
   100.50     28416.
   101.00     27407.
   101.50     26459.
   102.00     25567.
   102.50     24782.
   103.00     24042.
   103.50     23326.
   104.00     22657.
   104.50     22037.
   105.00     21461.
   105.50     20949.
   106.00     20470.
   106.50     19993.
   107.00     19524.
   107.50     19073.
   108.00     18645.
   108.50     18243.
   109.00     17870.
   109.50     17535.
   110.00     17218.
   110.50     16901.
   111.00     16620.
   111.50     16358.
   112.00     16108.
   112.50     15854.
   113.00     15605.
   113.50     15361.
   114.00     15138.
   114.50     14943.
   115.00     14757.
   115.50     14575.
   116.00     14395.
   116.50     14234.
   117.00     14073.
   117.50     13917.
   118.00     13771.
   118.50     13634.
   119.00     13497.
   119.50     13363.
   120.00     13235.
   120.50     13117.
   121.00     12999.
   121.50     12885.
   122.00     12774.
   122.50     12671.
   123.00     12573.
   123.50     12477.
   124.00     12382.
   124.50     12290.
   125.00     12200.
   125.50     12115.
   126.00     12032.
   126.50     11949.
   127.00     11871.
   127.50     11793.
   128.00     11719.
   128.50     11647.
   129.00      8502.
   129.50      8497.
   130.00      8492.
   130.50      8486.
   131.00      8480.
   131.50      8474.
   132.00      8469.
   132.50      8462.
   133.00      8456.
   133.50      8450.
   134.00      8444.
   134.50      8438.
   135.00      8431.
   135.50      8425.
   136.00      8418.
   136.50      8412.
   137.00      8406.
   137.50      8399.
   138.00      8393.
   138.50      8386.
   139.00      8380.
   139.50      8374.
   140.00      8367.
   140.50      8361.
   141.00      8355.
   141.50      8349.
   142.00      8343.
   142.50      8337.
   143.00      8332.
   143.50      8326.
   144.00      8321.
   144.50      8315.
   145.00      8310.
   145.50      8305.
   146.00      8300.
   146.50      8295.
   147.00      8290.
   147.50      8285.
   148.00      8280.
   148.50      8274.
   149.00      8269.
   149.50      8264.
   150.00      8259.
   150.50      8254.
   151.00      8249.
   151.50      8244.
   152.00      8239.
   152.50      8234.
   153.00      8229.
   153.50      8224.
   154.00      8219.
   154.50      8214.
   155.00      8209.
   155.50      8204.
   156.00      8199.
   156.50      8194.
   157.00      8189.
   157.50      8183.
   158.00      8178.
   158.50      8173.
   159.00      8168.
   159.50      8163.
   160.00      8157.
   160.50      8152.
   161.00      8147.
   161.50      8141.
   162.00      8136.
   162.50      8130.
   163.00      8125.
   163.50      8119.
   164.00      8113.
   164.50      8108.
   165.00      8102.
   165.50      8096.
   166.00      8090.
   166.50      8084.
   167.00      8078.
   167.50      8072.
   168.00      8066.
   168.50      8060.
   169.00      8054.
   169.50      8047.
   170.00      8040.
   170.50      8032.
   171.00      8024.
   171.50      8016.
   172.00      8008.
   172.50      7999.
   173.00      7990.
   173.50      7981.
   174.00      7972.
   174.50      7962.
   175.00      7953.
   175.50      7943.
   176.00      7933.
   176.50      7923.
   177.00      7913.
   177.50      7903.
   178.00      7893.
   178.50      7883.
   179.00      7873.
   179.50      7864.
   180.00      7854.
   180.50      7844.
   181.00      7834.
   181.50      7825.
   182.00      7816.
   182.50      7807.
   183.00      7798.
   183.50      7789.
   184.00      7781.
   184.50      7773.
   185.00      7765.
   185.50      7758.
   186.00      7751.
   186.50      7744.
   187.00      7738.
   187.50      7732.
   188.00      7727.
   188.50      7722.
   189.00      7718.
   189.50      7714.
   190.00      7710.
   190.50      7708.
   191.00      7705.
   191.50      7704.
   192.00      7703.
   192.50      7703.
   193.00      7703.
   193.50      7703.
   194.00      7703.
   194.50      7703.
   195.00      7703.
   195.50      7703.
   196.00      7703.
   196.50      7703.
   197.00      7703.
   197.50      7703.
   198.00      7703.
   198.50      7703.
   199.00      7703.
   199.50      7703.
   200.00      7703.
   200.50      7703.
   201.00      7703.
   201.50      7703.
   202.00      7703.
   202.50      7703.
   203.00      7703.
   203.50      7703.
   204.00      7703.
   204.50      7703.
   205.00      7703.
   205.50      7703.
   206.00      7703.
   206.50      7703.
   207.00      7703.
   207.50      7703.
   208.00      7703.
   208.50      7703.
   209.00      7703.
   209.50      7703.
   210.00      7703.
   210.50      7703.
   211.00      7703.
   211.50      7703.
   212.00      7703.
   212.50      7703.
   213.00      7703.
   213.50      7703.
   214.00      7703.
   214.50      7703.
   215.00      7703.
   215.50      7703.
   216.00      7703.
   216.50      7703.
   217.00      7702.
   217.50      7702.
   218.00      7700.
   218.50      7699.
   219.00      7697.
   219.50      7694.
   220.00      7692.
   220.50      7688.
   221.00      7685.
   221.50      7681.
   222.00      7677.
   222.50      7672.
   223.00      7667.
   223.50      7662.
   224.00      7656.
   224.50      7650.
   225.00      7644.
   225.50      7638.
   226.00      7631.
   226.50      7624.
   227.00      7617.
   227.50      7610.
   228.00      7603.
   228.50      7595.
   229.00      7587.
   229.50      7579.
   230.00      7571.
   230.50      7562.
   231.00      7554.
   231.50      7545.
   232.00      7537.
   232.50      7528.
   233.00      7519.
   233.50      7510.
   234.00      7501.
   234.50      7492.
   235.00      7483.
   235.50      7474.
   236.00      7465.
   236.50      7456.
   237.00      7447.
   237.50      7438.
   238.00      7429.
   238.50      7420.
   239.00      7412.
   239.50      7403.
   240.00      7394.
   240.50      7386.
   241.00      7377.
   241.50      7367.
   242.00      7357.
   242.50      7346.
   243.00      7335.
   243.50      7323.
   244.00      7310.
   244.50      7297.
   245.00      7284.
   245.50      7270.
   246.00      7256.
   246.50      7241.
   247.00      7226.
   247.50      7211.
   248.00      7196.
   248.50      7180.
   249.00      7164.
   249.50      7149.
   250.00      7133.
   250.50      7117.
   251.00      7101.
   251.50      7085.
   252.00      7070.
   252.50      7054.
   253.00      7039.
   253.50      7024.
   254.00      7009.
   254.50      6994.
   255.00      6980.
   255.50      6966.
   256.00      6953.
   256.50      6940.
   257.00      6927.
   257.50      6915.
   258.00      6904.
   258.50      6893.
   259.00      6883.
   259.50      6873.
   260.00      6864.
   260.50      6856.
   261.00      6849.
   261.50      6843.
   262.00      6837.
   262.50      6832.
   263.00      6829.
   263.50      6826.
   264.00      6825.
   264.50      6824.
   265.00      6824.
   265.50      6824.
   266.00      6825.
   266.50      6825.
   267.00      6826.
   267.50      6827.
   268.00      6828.
   268.50      6829.
   269.00      6830.
   269.50      6831.
   270.00      6832.
   270.50      6834.
   271.00      6835.
   271.50      6837.
   272.00      6838.
   272.50      6840.
   273.00      6842.
   273.50      6843.
   274.00      6845.
   274.50      6847.
   275.00      6849.
   275.50      6851.
   276.00      6853.
   276.50      6855.
   277.00      6857.
   277.50      6858.
   278.00      6860.
   278.50      6862.
   279.00      6864.
   279.50      6866.
   280.00      6868.
   280.50      6869.
   281.00      6871.
   281.50      6873.
   282.00      6874.
   282.50      6876.
   283.00      6877.
   283.50      6878.
   284.00      6880.
   284.50      6881.
   285.00      6882.
   285.50      6883.
   286.00      6883.
   286.50      6884.
   287.00      6885.
   287.50      6885.
   288.00      6885.
   288.50      6885.
   289.00      6885.
   289.50      6884.
   290.00      6883.
   290.50      6881.
   291.00      6879.
   291.50      6876.
   292.00      6873.
   292.50      6870.
   293.00      6866.
   293.50      6862.
   294.00      6857.
   294.50      6852.
   295.00      6847.
   295.50      6842.
   296.00      6836.
   296.50      6830.
   297.00      6824.
   297.50      6817.
   298.00      6811.
   298.50      6804.
   299.00      6797.
   299.50      6790.
   300.00      6783.
   300.50      6776.
   301.00      6769.
   301.50      6761.
   302.00      6754.
   302.50      6747.
   303.00      6739.
   303.50      6732.
   304.00      6725.
   304.50      6718.
   305.00      6711.
   305.50      6704.
   306.00      6697.
   306.50      6690.
   307.00      6684.
   307.50      6678.
   308.00      6672.
   308.50      6666.
   309.00      6660.
   309.50      6655.
   310.00      6650.
   310.50      6645.
   311.00      6641.
   311.50      6637.
   312.00      6633.
   312.50      6630.
   313.00      6627.
   313.50      6624.
   314.00      6621.
   314.50      6619.
   315.00      6616.
   315.50      6614.
   316.00      6611.
   316.50      6609.
   317.00      6607.
   317.50      6604.
   318.00      6602.
   318.50      6600.
   319.00      6598.
   319.50      6596.
   320.00      6594.
   320.50      6593.
   321.00      6591.
   321.50      6589.
   322.00      6587.
   322.50      6586.
   323.00      6584.
   323.50      6582.
   324.00      6580.
   324.50      6579.
   325.00      6577.
   325.50      6575.
   326.00      6574.
   326.50      6572.
   327.00      6570.
   327.50      6569.
   328.00      6567.
   328.50      6565.
   329.00      6563.
   329.50      6561.
   330.00      6559.
   330.50      6557.
   331.00      6555.
   331.50      6553.
   332.00      6551.
   332.50      6549.
   333.00      6546.
   333.50      6544.
   334.00      6542.
   334.50      6539.
   335.00      6536.
   335.50      6534.
   336.00      6531.
   336.50      6528.
   337.00      6525.
   337.50      6521.
   338.00      6518.
   338.50      6514.
   339.00      6511.
   339.50      6507.
   340.00      6503.
   340.50      6499.
   341.00      6495.
   341.50      6491.
   342.00      6486.
   342.50      6482.
   343.00      6477.
   343.50      6473.
   344.00      6468.
   344.50      6463.
   345.00      6458.
   345.50      6453.
   346.00      6448.
   346.50      6443.
   347.00      6437.
   347.50      6432.
   348.00      6427.
   348.50      6421.
   349.00      6415.
   349.50      6410.
   350.00      6404.
   350.50      6398.
   351.00      6392.
   351.50      6386.
   352.00      6380.
   352.50      6374.
   353.00      6368.
   353.50      6362.
   354.00      6356.
   354.50      6350.
   355.00      6343.
   355.50      6337.
   356.00      6331.
   356.50      6324.
   357.00      6318.
   357.50      6311.
   358.00      6305.
   358.50      6298.
   359.00      6292.
   359.50      6285.
   360.00      6279.
1


  DISCHARGE VS ELEVATION
  **********************
  ELEVATION  DISCHARGE

    4880.49      5000.
    4890.00      5000.
    4898.70      5000.
    4900.00      5000.
    4902.00     10000.
    4904.00     22500.
    4906.00     37500.
    4908.00     56000.
    4910.00     77000.
    4912.00    100000.
    4914.00    125000.
    4916.00    153000.
    4920.00    212000.
    4924.00    270000.
    4928.00    328000.
    4930.00    357000.
    4935.00    429500.