
                     UNITED STATES BUREAU OF RECLAMATION
                       ENGINEERING AND RESEARCH CENTER

                            FLOOD ROUTING FOR DAMS
                            ----------------------

      FEATURE: Pueblo Dam                               DATE    **/ 1/  26
      FLOOD: TREX Test Run & PMF snow                   TIME    **:**:03.**
      TITLE: Full TREX Routing             
      DATA FILE: fs5-4sn.in                                                     

      FLOOD ROUTING SUMMARY
      *********************

         BEGINNING HOUR OF ROUTING.......................      0.50
         ENDING HOUR OF ROUTING..........................    360.00
         INITIAL RESERVOIR ELEVATION.....................   4880.49 FT
         MINIMUM OR NORMAL POOL ELEV.....................   4880.49 FT
         MAXIMUM RESERVOIR ELEVATION.....   4913.30 AT HOUR   84.00
         INFLOW PEAK DISCHARGE...........   176491. AT HOUR   72.50
         MAXIMUM TOTAL OUTFLOW...........   116229. AT HOUR   84.00
         ELEVATION TOLERANCE.............................    0.0100 FT
         INFLOW HYDROGRAPH ADJUSTMENT FACTOR.............      1.00
         IPC OPTIONS (1 TO 10)...........................3100100021

      WATERWAY PARAMETERS
      *******************

         WATERWAY NO. 1 - Top of Dam                    

         TYPE-BROAD OR SHARP CRESTED WEIR
         CONSTANT DISCHARGE COEFFICIENT..................      2.67
         CREST ELEVATION.................................   4925.25 FT
         CREST LENGTH....................................   1200.50 FT
         MAXIMUM DISCHARGE...............        0. AT HOUR    0.50

         WATERWAY NO. 2 - Embankment "wings"            

         TYPE-BROAD OR SHARP CRESTED WEIR
         CONSTANT DISCHARGE COEFFICIENT..................      2.62
         CREST ELEVATION.................................   4925.00 FT
         CREST LENGTH....................................   8480.00 FT
         MAXIMUM DISCHARGE...............        0. AT HOUR    0.50
1

                     ROUTING RESULTS                          DISCHARGE RESULTS
                     ***************                          *****************

    TIME     INFLOW    OUTFLOW    STORAGE   ELEVATION        WATERWAY         RATING
                                                           1         2        CURVE

     0.50      5527.      5000.    257067.   4880.49          0.        0.     5000.
     1.00      5557.      5000.    257089.   4880.49          0.        0.     5000.
     1.50      5587.      5000.    257112.   4880.50          0.        0.     5000.
     2.00      5617.      5000.    257138.   4880.50          0.        0.     5000.
     2.50      5647.      5000.    257164.   4880.51          0.        0.     5000.
     3.00      5677.      5000.    257192.   4880.52          0.        0.     5000.
     3.50      5707.      5000.    257221.   4880.52          0.        0.     5000.
     4.00      5737.      5000.    257251.   4880.53          0.        0.     5000.
     4.50      5766.      5000.    257282.   4880.53          0.        0.     5000.
     5.00      5796.      5000.    257315.   4880.54          0.        0.     5000.
     5.50      5825.      5000.    257348.   4880.55          0.        0.     5000.
     6.00      5855.      5000.    257384.   4880.56          0.        0.     5000.
     6.50      5884.      5000.    257419.   4880.56          0.        0.     5000.
     7.00      5913.      5000.    257457.   4880.57          0.        0.     5000.
     7.50      5941.      5000.    257495.   4880.58          0.        0.     5000.
     8.00      5970.      5000.    257535.   4880.59          0.        0.     5000.
     8.50      5999.      5000.    257575.   4880.60          0.        0.     5000.
     9.00      6027.      5000.    257618.   4880.60          0.        0.     5000.
     9.50      6056.      5000.    257660.   4880.61          0.        0.     5000.
    10.00      6084.      5000.    257705.   4880.62          0.        0.     5000.
    10.50      6112.      5000.    257750.   4880.63          0.        0.     5000.
    11.00      6140.      5000.    257797.   4880.64          0.        0.     5000.
    11.50      6167.      5000.    257844.   4880.65          0.        0.     5000.
    12.00      6195.      5000.    257894.   4880.66          0.        0.     5000.
    12.50      6222.      5000.    257944.   4880.67          0.        0.     5000.
    13.00      6249.      5000.    257995.   4880.68          0.        0.     5000.
    13.50      6276.      5000.    258047.   4880.69          0.        0.     5000.
    14.00      6303.      5000.    258102.   4880.70          0.        0.     5000.
    14.50      6330.      5000.    258156.   4880.72          0.        0.     5000.
    15.00      6357.      5000.    258213.   4880.73          0.        0.     5000.
    15.50      6383.      5000.    258269.   4880.74          0.        0.     5000.
    16.00      6409.      5000.    258326.   4880.75          0.        0.     5000.
    16.50      6435.      5000.    258385.   4880.76          0.        0.     5000.
    17.00      6461.      5000.    258444.   4880.77          0.        0.     5000.
    17.50      6487.      5000.    258506.   4880.79          0.        0.     5000.
    18.00      6512.      5000.    258567.   4880.80          0.        0.     5000.
    18.50      6537.      5000.    258631.   4880.81          0.        0.     5000.
    19.00      6562.      5000.    258695.   4880.83          0.        0.     5000.
    19.50      6587.      5000.    258761.   4880.84          0.        0.     5000.
    20.00      6612.      5000.    258827.   4880.85          0.        0.     5000.
    20.50      6636.      5000.    258893.   4880.87          0.        0.     5000.
    21.00      6661.      5000.    258961.   4880.88          0.        0.     5000.
    21.50      6685.      5000.    259030.   4880.90          0.        0.     5000.
    22.00      6708.      5000.    259101.   4880.91          0.        0.     5000.
    22.50      6732.      5000.    259172.   4880.93          0.        0.     5000.
    23.00      6755.      5000.    259245.   4880.94          0.        0.     5000.
    23.50      6778.      5000.    259318.   4880.96          0.        0.     5000.
    24.00      6801.      5000.    259391.   4880.97          0.        0.     5000.
    24.50      6824.      5000.    259467.   4880.99          0.        0.     5000.
    25.00      6846.      5000.    259542.   4881.00          0.        0.     5000.
    25.50      6869.      5000.    259618.   4881.02          0.        0.     5000.
    26.00      6890.      5000.    259696.   4881.03          0.        0.     5000.
    26.50      6912.      5000.    259774.   4881.05          0.        0.     5000.
    27.00      6934.      5000.    259854.   4881.07          0.        0.     5000.
    27.50      6955.      5000.    259935.   4881.08          0.        0.     5000.
    28.00      6976.      5000.    260015.   4881.10          0.        0.     5000.
    28.50      6997.      5000.    260097.   4881.12          0.        0.     5000.
    29.00      7017.      5000.    260180.   4881.13          0.        0.     5000.
    29.50      7038.      5000.    260263.   4881.15          0.        0.     5000.
    30.00      7058.      5000.    260348.   4881.17          0.        0.     5000.
    30.50      7078.      5000.    260433.   4881.19          0.        0.     5000.
    31.00      7098.      5000.    260520.   4881.20          0.        0.     5000.
    31.50      7117.      5000.    260608.   4881.22          0.        0.     5000.
    32.00      7137.      5000.    260695.   4881.24          0.        0.     5000.
    32.50      7156.      5000.    260785.   4881.26          0.        0.     5000.
    33.00      7175.      5000.    260875.   4881.28          0.        0.     5000.
    33.50      7195.      5000.    260964.   4881.30          0.        0.     5000.
    34.00      7214.      5000.    261056.   4881.31          0.        0.     5000.
    34.50      7233.      5000.    261148.   4881.33          0.        0.     5000.
    35.00      7251.      5000.    261241.   4881.35          0.        0.     5000.
    35.50      7270.      5000.    261335.   4881.37          0.        0.     5000.
    36.00      7289.      5000.    261430.   4881.39          0.        0.     5000.
    36.50      7307.      5000.    261524.   4881.41          0.        0.     5000.
    37.00      7326.      5000.    261621.   4881.43          0.        0.     5000.
    37.50      7344.      5000.    261718.   4881.45          0.        0.     5000.
    38.00      7363.      5000.    261815.   4881.47          0.        0.     5000.
    38.50      7381.      5000.    261914.   4881.49          0.        0.     5000.
    39.00      7399.      5000.    262013.   4881.51          0.        0.     5000.
    39.50      7418.      5000.    262112.   4881.53          0.        0.     5000.
    40.00      7436.      5000.    262211.   4881.55          0.        0.     5000.
    40.50      7454.      5000.    262313.   4881.57          0.        0.     5000.
    41.00      7473.      5000.    262414.   4881.60          0.        0.     5000.
    41.50      7491.      5000.    262516.   4881.62          0.        0.     5000.
    42.00      7509.      5000.    262620.   4881.64          0.        0.     5000.
    42.50      7528.      5000.    262724.   4881.66          0.        0.     5000.
    43.00      7546.      5000.    262828.   4881.68          0.        0.     5000.
    43.50      7565.      5000.    262934.   4881.70          0.        0.     5000.
    44.00      7583.      5000.    263040.   4881.73          0.        0.     5000.
    44.50      7602.      5000.    263147.   4881.75          0.        0.     5000.
    45.00      7620.      5000.    263255.   4881.77          0.        0.     5000.
    45.50      7639.      5000.    263364.   4881.79          0.        0.     5000.
    46.00      7658.      5000.    263473.   4881.81          0.        0.     5000.
    46.50      7677.      5000.    263584.   4881.84          0.        0.     5000.
    47.00      7696.      5000.    263695.   4881.86          0.        0.     5000.
    47.50      7715.      5000.    263806.   4881.88          0.        0.     5000.
    48.00      7734.      5000.    263919.   4881.91          0.        0.     5000.
    48.50      7754.      5000.    264032.   4881.93          0.        0.     5000.
    49.00      7773.      5000.    264146.   4881.95          0.        0.     5000.
    49.50      7794.      5000.    264261.   4881.98          0.        0.     5000.
    50.00      7815.      5000.    264377.   4882.00          0.        0.     5000.
    50.50      7838.      5000.    264493.   4882.03          0.        0.     5000.
    51.00      7860.      5000.    264611.   4882.05          0.        0.     5000.
    51.50      7883.      5000.    264729.   4882.07          0.        0.     5000.
    52.00      7907.      5000.    264849.   4882.10          0.        0.     5000.
    52.50      7931.      5000.    264970.   4882.12          0.        0.     5000.
    53.00      7956.      5000.    265090.   4882.15          0.        0.     5000.
    53.50      7981.      5000.    265213.   4882.17          0.        0.     5000.
    54.00      8006.      5000.    265336.   4882.20          0.        0.     5000.
    54.50      8032.      5000.    265461.   4882.23          0.        0.     5000.
    55.00      8058.      5000.    265586.   4882.25          0.        0.     5000.
    55.50      8084.      5000.    265714.   4882.28          0.        0.     5000.
    56.00      8110.      5000.    265841.   4882.30          0.        0.     5000.
    56.50      8136.      5000.    265971.   4882.33          0.        0.     5000.
    57.00      8162.      5000.    266101.   4882.36          0.        0.     5000.
    57.50      8195.      5000.    266233.   4882.39          0.        0.     5000.
    58.00      8232.      5000.    266366.   4882.41          0.        0.     5000.
    58.50      8295.      5000.    266500.   4882.44          0.        0.     5000.
    59.00      8362.      5000.    266637.   4882.47          0.        0.     5000.
    59.50      8435.      5000.    266777.   4882.50          0.        0.     5000.
    60.00      8526.      5000.    266921.   4882.53          0.        0.     5000.
    60.50      8683.      5000.    267070.   4882.56          0.        0.     5000.
    61.00      8982.      5000.    267228.   4882.59          0.        0.     5000.
    61.50      9429.      5000.    267403.   4882.63          0.        0.     5000.
    62.00     10036.      5000.    267599.   4882.67          0.        0.     5000.
    62.50     11092.      5000.    267828.   4882.71          0.        0.     5000.
    63.00     13529.      5000.    268130.   4882.78          0.        0.     5000.
    63.50     24449.      5000.    268709.   4882.90          0.        0.     5000.
    64.00     72702.      5000.    270508.   4883.27          0.        0.     5000.
    64.50     93089.      5000.    273728.   4883.93          0.        0.     5000.
    65.00    104404.      5000.    277601.   4884.74          0.        0.     5000.
    65.50    113189.      5000.    281890.   4885.62          0.        0.     5000.
    66.00    120966.      5000.    286521.   4886.58          0.        0.     5000.
    66.50    128387.      5000.    291467.   4887.60          0.        0.     5000.
    67.00    135729.      5000.    296717.   4888.69          0.        0.     5000.
    67.50    142884.      5000.    302268.   4889.83          0.        0.     5000.
    68.00    149249.      5000.    308096.   4890.93          0.        0.     5000.
    68.50    154664.      5000.    314168.   4892.04          0.        0.     5000.
    69.00    159314.      5000.    320449.   4893.20          0.        0.     5000.
    69.50    163453.      5000.    326911.   4894.39          0.        0.     5000.
    70.00    167283.      5000.    333537.   4895.61          0.        0.     5000.
    70.50    170692.      5000.    340314.   4896.86          0.        0.     5000.
    71.00    173415.      5000.    347216.   4898.13          0.        0.     5000.
    71.50    175296.      5000.    354214.   4899.42          0.        0.     5000.
    72.00    176255.      6573.    361239.   4900.63          0.        0.     6573.
    72.50    176491.      9402.    368197.   4901.76          0.        0.     9402.
    73.00    176436.     15396.    374977.   4902.86          0.        0.    15396.
    73.50    176410.     22018.    381493.   4903.92          0.        0.    22018.
    74.00    176437.     29513.    387717.   4904.94          0.        0.    29513.
    74.50    176384.     36735.    393638.   4905.90          0.        0.    36735.
    75.00    176143.     44970.    399232.   4906.81          0.        0.    44970.
    75.50    175638.     52861.    404478.   4907.66          0.        0.    52861.
    76.00    174698.     60804.    409379.   4908.46          0.        0.    60804.
    76.50    173177.     68515.    413895.   4909.19          0.        0.    68515.
    77.00    171057.     75575.    418029.   4909.86          0.        0.    75575.
    77.50    168430.     81807.    421790.   4910.42          0.        0.    81807.
    78.00    165392.     87394.    425191.   4910.90          0.        0.    87394.
    78.50    162019.     92403.    428240.   4911.34          0.        0.    92403.
    79.00    158357.     96855.    430951.   4911.73          0.        0.    96855.
    79.50    154461.    100830.    433330.   4912.07          0.        0.   100830.
    80.00    150356.    104498.    435385.   4912.36          0.        0.   104498.
    80.50    146076.    107611.    437128.   4912.61          0.        0.   107611.
    81.00    141648.    110193.    438574.   4912.82          0.        0.   110193.
    81.50    137112.    112268.    439736.   4912.98          0.        0.   112268.
    82.00    132514.    113873.    440635.   4913.11          0.        0.   113873.
    82.50    127915.    115039.    441288.   4913.20          0.        0.   115039.
    83.00    123373.    115796.    441712.   4913.26          0.        0.   115796.
    83.50    118961.    116180.    441927.   4913.29          0.        0.   116180.
    84.00    114748.    116229.    441955.   4913.30          0.        0.   116229.
    84.50    110566.    115973.    441811.   4913.28          0.        0.   115973.
    85.00    106304.    115436.    441510.   4913.23          0.        0.   115436.
    85.50    101980.    114630.    441059.   4913.17          0.        0.   114630.
    86.00     97615.    113574.    440468.   4913.09          0.        0.   113574.
    86.50     93279.    112286.    439746.   4912.98          0.        0.   112286.
    87.00     89019.    110785.    438906.   4912.86          0.        0.   110785.
    87.50     84894.    109088.    437955.   4912.73          0.        0.   109088.
    88.00     80915.    107227.    436913.   4912.58          0.        0.   107227.
    88.50     77114.    105219.    435788.   4912.42          0.        0.   105219.
    89.00     73519.    103088.    434595.   4912.25          0.        0.   103088.
    89.50     70101.    100861.    433347.   4912.07          0.        0.   100861.
    90.00     66865.     98675.    432059.   4911.88          0.        0.    98675.
    90.50     63805.     96485.    430726.   4911.69          0.        0.    96485.
    91.00     60919.     94244.    429362.   4911.50          0.        0.    94244.
    91.50     58202.     91965.    427974.   4911.30          0.        0.    91965.
    92.00     55663.     89662.    426572.   4911.10          0.        0.    89662.
    92.50     53290.     87354.    425167.   4910.90          0.        0.    87354.
    93.00     50876.     85041.    423759.   4910.70          0.        0.    85041.
    93.50     48508.     82722.    422347.   4910.50          0.        0.    82722.
    94.00     46184.     80397.    420932.   4910.30          0.        0.    80397.
    94.50     43987.     78078.    419520.   4910.09          0.        0.    78078.
    95.00     41990.     75729.    418119.   4909.88          0.        0.    75729.
    95.50     40085.     73365.    416735.   4909.65          0.        0.    73365.
    96.00     38343.     71037.    415372.   4909.43          0.        0.    71037.
    96.50     36667.     68751.    414033.   4909.21          0.        0.    68751.
    97.00     35118.     66510.    412721.   4909.00          0.        0.    66510.
    97.50     33643.     64321.    411438.   4908.79          0.        0.    64321.
    98.00     32260.     62183.    410186.   4908.59          0.        0.    62183.
    98.50     31013.     60102.    408967.   4908.39          0.        0.    60102.
    99.00     29768.     58076.    407781.   4908.20          0.        0.    58076.
    99.50     28707.     56113.    406631.   4908.01          0.        0.    56113.
   100.00     27672.     54424.    405517.   4907.83          0.        0.    54424.
   100.50     26688.     52780.    404424.   4907.65          0.        0.    52780.
   101.00     25763.     51181.    403361.   4907.48          0.        0.    51181.
   101.50     24926.     49623.    402325.   4907.31          0.        0.    49623.
   102.00     24179.     48109.    401319.   4907.15          0.        0.    48109.
   102.50     23446.     46646.    400346.   4906.99          0.        0.    46646.
   103.00     22759.     45228.    399404.   4906.84          0.        0.    45228.
   103.50     22124.     43855.    398491.   4906.69          0.        0.    43855.
   104.00     21532.     42527.    397608.   4906.54          0.        0.    42527.
   104.50     21009.     41244.    396755.   4906.40          0.        0.    41244.
   105.00     20521.     40011.    395936.   4906.27          0.        0.    40011.
   105.50     20035.     38823.    395146.   4906.14          0.        0.    38823.
   106.00     19559.     37676.    394383.   4906.02          0.        0.    37676.
   106.50     19100.     36746.    393647.   4905.90          0.        0.    36746.
   107.00     18664.     35867.    392927.   4905.78          0.        0.    35867.
   107.50     18254.     35010.    392224.   4905.67          0.        0.    35010.
   108.00     17874.     34178.    391543.   4905.56          0.        0.    34178.
   108.50     17532.     33369.    390879.   4905.45          0.        0.    33369.
   109.00     17207.     32582.    390233.   4905.34          0.        0.    32582.
   109.50     16885.     31816.    389606.   4905.24          0.        0.    31816.
   110.00     16602.     31077.    388999.   4905.14          0.        0.    31077.
   110.50     16338.     30359.    388411.   4905.05          0.        0.    30359.
   111.00     16083.     29663.    387840.   4904.96          0.        0.    29663.
   111.50     15825.     28989.    387288.   4904.87          0.        0.    28989.
   112.00     15572.     28337.    386753.   4904.78          0.        0.    28337.
   112.50     15328.     27704.    386234.   4904.69          0.        0.    27704.
   113.00     15108.     27089.    385729.   4904.61          0.        0.    27089.
   113.50     14913.     26495.    385243.   4904.53          0.        0.    26495.
   114.00     14725.     25920.    384772.   4904.46          0.        0.    25920.
   114.50     14539.     25364.    384315.   4904.38          0.        0.    25364.
   115.00     14360.     24825.    383874.   4904.31          0.        0.    24825.
   115.50     14199.     24305.    383447.   4904.24          0.        0.    24305.
   116.00     14035.     23804.    383036.   4904.17          0.        0.    23804.
   116.50     13876.     23320.    382640.   4904.11          0.        0.    23320.
   117.00     13731.     22852.    382255.   4904.05          0.        0.    22852.
   117.50     13593.     22418.    381886.   4903.99          0.        0.    22418.
   118.00     13455.     22051.    381526.   4903.93          0.        0.    22051.
   118.50     13320.     21694.    381174.   4903.87          0.        0.    21694.
   119.00     13194.     21346.    380832.   4903.82          0.        0.    21346.
   119.50     13074.     21008.    380499.   4903.76          0.        0.    21008.
   120.00     12956.     20678.    380174.   4903.71          0.        0.    20678.
   120.50     12842.     20358.    379859.   4903.66          0.        0.    20358.
   121.00     12732.     20046.    379553.   4903.61          0.        0.    20046.
   121.50     12632.     19744.    379256.   4903.56          0.        0.    19744.
   122.00     12534.     19448.    378964.   4903.51          0.        0.    19448.
   122.50     12438.     19161.    378682.   4903.47          0.        0.    19161.
   123.00     12343.     18884.    378409.   4903.42          0.        0.    18884.
   123.50     12251.     18612.    378142.   4903.38          0.        0.    18612.
   124.00     12163.     18350.    377883.   4903.34          0.        0.    18350.
   124.50     12078.     18093.    377631.   4903.29          0.        0.    18093.
   125.00     11994.     17843.    377385.   4903.25          0.        0.    17843.
   125.50     11914.     17602.    377148.   4903.22          0.        0.    17602.
   126.00     11835.     17367.    376916.   4903.18          0.        0.    17367.
   126.50     11758.     17138.    376691.   4903.14          0.        0.    17138.
   127.00     11684.     16915.    376472.   4903.11          0.        0.    16915.
   127.50     11612.     16699.    376259.   4903.07          0.        0.    16699.
   128.00     11543.     16488.    376052.   4903.04          0.        0.    16488.
   128.50     11476.     16284.    375851.   4903.01          0.        0.    16284.
   129.00      8502.     16024.    375595.   4902.96          0.        0.    16024.
   129.50      8497.     15716.    375292.   4902.91          0.        0.    15716.
   130.00      8492.     15420.    375001.   4902.87          0.        0.    15420.
   130.50      8486.     15136.    374722.   4902.82          0.        0.    15136.
   131.00      8480.     14861.    374451.   4902.78          0.        0.    14861.
   131.50      8474.     14599.    374193.   4902.74          0.        0.    14599.
   132.00      8469.     14346.    373944.   4902.70          0.        0.    14346.
   132.50      8462.     14105.    373707.   4902.66          0.        0.    14105.
   133.00      8456.     13873.    373478.   4902.62          0.        0.    13873.
   133.50      8450.     13650.    373259.   4902.58          0.        0.    13650.
   134.00      8444.     13436.    373049.   4902.55          0.        0.    13436.
   134.50      8438.     13232.    372848.   4902.52          0.        0.    13232.
   135.00      8431.     13033.    372653.   4902.49          0.        0.    13033.
   135.50      8425.     12844.    372467.   4902.46          0.        0.    12844.
   136.00      8418.     12661.    372286.   4902.43          0.        0.    12661.
   136.50      8412.     12487.    372115.   4902.40          0.        0.    12487.
   137.00      8406.     12319.    371950.   4902.37          0.        0.    12319.
   137.50      8399.     12158.    371791.   4902.35          0.        0.    12158.
   138.00      8393.     12002.    371638.   4902.32          0.        0.    12002.
   138.50      8386.     11852.    371491.   4902.30          0.        0.    11852.
   139.00      8380.     11709.    371350.   4902.27          0.        0.    11709.
   139.50      8374.     11572.    371214.   4902.25          0.        0.    11572.
   140.00      8367.     11440.    371085.   4902.23          0.        0.    11440.
   140.50      8361.     11315.    370962.   4902.21          0.        0.    11315.
   141.00      8355.     11193.    370842.   4902.19          0.        0.    11193.
   141.50      8349.     11077.    370728.   4902.17          0.        0.    11077.
   142.00      8343.     10964.    370617.   4902.15          0.        0.    10964.
   142.50      8337.     10858.    370512.   4902.14          0.        0.    10858.
   143.00      8332.     10754.    370410.   4902.12          0.        0.    10754.
   143.50      8326.     10653.    370311.   4902.10          0.        0.    10653.
   144.00      8321.     10558.    370218.   4902.09          0.        0.    10558.
   144.50      8315.     10467.    370127.   4902.07          0.        0.    10467.
   145.00      8310.     10378.    370040.   4902.06          0.        0.    10378.
   145.50      8305.     10293.    369956.   4902.05          0.        0.    10293.
   146.00      8300.     10211.    369875.   4902.03          0.        0.    10211.
   146.50      8295.     10131.    369797.   4902.02          0.        0.    10131.
   147.00      8290.     10055.    369722.   4902.01          0.        0.    10055.
   147.50      8285.      9993.    369650.   4902.00          0.        0.     9993.
   148.00      8280.      9965.    369581.   4901.99          0.        0.     9965.
   148.50      8274.      9937.    369512.   4901.97          0.        0.     9937.
   149.00      8269.      9908.    369443.   4901.96          0.        0.     9908.
   149.50      8264.      9882.    369377.   4901.95          0.        0.     9882.
   150.00      8259.      9855.    369311.   4901.94          0.        0.     9855.
   150.50      8254.      9828.    369245.   4901.93          0.        0.     9828.
   151.00      8249.      9801.    369179.   4901.92          0.        0.     9801.
   151.50      8244.      9775.    369116.   4901.91          0.        0.     9775.
   152.00      8239.      9750.    369052.   4901.90          0.        0.     9750.
   152.50      8234.      9724.    368989.   4901.89          0.        0.     9724.
   153.00      8229.      9700.    368929.   4901.88          0.        0.     9700.
   153.50      8224.      9675.    368869.   4901.87          0.        0.     9675.
   154.00      8219.      9651.    368809.   4901.86          0.        0.     9651.
   154.50      8214.      9626.    368749.   4901.85          0.        0.     9626.
   155.00      8209.      9603.    368692.   4901.84          0.        0.     9603.
   155.50      8204.      9580.    368635.   4901.83          0.        0.     9580.
   156.00      8199.      9557.    368578.   4901.82          0.        0.     9557.
   156.50      8194.      9534.    368521.   4901.81          0.        0.     9534.
   157.00      8189.      9512.    368467.   4901.80          0.        0.     9512.
   157.50      8183.      9490.    368413.   4901.80          0.        0.     9490.
   158.00      8178.      9468.    368359.   4901.79          0.        0.     9468.
   158.50      8173.      9446.    368305.   4901.78          0.        0.     9446.
   159.00      8168.      9425.    368254.   4901.77          0.        0.     9425.
   159.50      8163.      9404.    368203.   4901.76          0.        0.     9404.
   160.00      8157.      9384.    368152.   4901.75          0.        0.     9384.
   160.50      8152.      9363.    368101.   4901.75          0.        0.     9363.
   161.00      8147.      9342.    368050.   4901.74          0.        0.     9342.
   161.50      8141.      9323.    368002.   4901.73          0.        0.     9323.
   162.00      8136.      9303.    367953.   4901.72          0.        0.     9303.
   162.50      8130.      9283.    367905.   4901.71          0.        0.     9283.
   163.00      8125.      9264.    367857.   4901.71          0.        0.     9264.
   163.50      8119.      9244.    367809.   4901.70          0.        0.     9244.
   164.00      8113.      9226.    367764.   4901.69          0.        0.     9226.
   164.50      8108.      9208.    367719.   4901.68          0.        0.     9208.
   165.00      8102.      9189.    367674.   4901.68          0.        0.     9189.
   165.50      8096.      9171.    367629.   4901.67          0.        0.     9171.
   166.00      8090.      9153.    367584.   4901.66          0.        0.     9153.
   166.50      8084.      9135.    367539.   4901.65          0.        0.     9135.
   167.00      8078.      9117.    367497.   4901.65          0.        0.     9117.
   167.50      8072.      9100.    367455.   4901.64          0.        0.     9100.
   168.00      8066.      9083.    367413.   4901.63          0.        0.     9083.
   168.50      8060.      9066.    367371.   4901.63          0.        0.     9066.
   169.00      8054.      9049.    367329.   4901.62          0.        0.     9049.
   169.50      8047.      9032.    367287.   4901.61          0.        0.     9032.
   170.00      8040.      9016.    367248.   4901.61          0.        0.     9016.
   170.50      8032.      9000.    367209.   4901.60          0.        0.     9000.
   171.00      8024.      8984.    367170.   4901.59          0.        0.     8984.
   171.50      8016.      8969.    367131.   4901.59          0.        0.     8969.
   172.00      8008.      8953.    367092.   4901.58          0.        0.     8953.
   172.50      7999.      8937.    367053.   4901.57          0.        0.     8937.
   173.00      7990.      8921.    367014.   4901.57          0.        0.     8921.
   173.50      7981.      8905.    366975.   4901.56          0.        0.     8905.
   174.00      7972.      8889.    366936.   4901.56          0.        0.     8889.
   174.50      7962.      8873.    366897.   4901.55          0.        0.     8873.
   175.00      7953.      8857.    366858.   4901.54          0.        0.     8857.
   175.50      7943.      8843.    366821.   4901.54          0.        0.     8843.
   176.00      7933.      8828.    366785.   4901.53          0.        0.     8828.
   176.50      7923.      8813.    366749.   4901.53          0.        0.     8813.
   177.00      7913.      8799.    366713.   4901.52          0.        0.     8799.
   177.50      7903.      8784.    366677.   4901.51          0.        0.     8784.
   178.00      7893.      8770.    366641.   4901.51          0.        0.     8770.
   178.50      7883.      8755.    366605.   4901.50          0.        0.     8755.
   179.00      7873.      8740.    366569.   4901.50          0.        0.     8740.
   179.50      7864.      8726.    366533.   4901.49          0.        0.     8726.
   180.00      7854.      8711.    366497.   4901.48          0.        0.     8711.
   180.50      7844.      8696.    366461.   4901.48          0.        0.     8696.
   181.00      7834.      8682.    366425.   4901.47          0.        0.     8682.
   181.50      7825.      8667.    366389.   4901.47          0.        0.     8667.
   182.00      7816.      8652.    366353.   4901.46          0.        0.     8652.
   182.50      7807.      8639.    366320.   4901.46          0.        0.     8639.
   183.00      7798.      8625.    366287.   4901.45          0.        0.     8625.
   183.50      7789.      8612.    366254.   4901.44          0.        0.     8612.
   184.00      7781.      8599.    366221.   4901.44          0.        0.     8599.
   184.50      7773.      8585.    366188.   4901.43          0.        0.     8585.
   185.00      7765.      8572.    366155.   4901.43          0.        0.     8572.
   185.50      7758.      8558.    366122.   4901.42          0.        0.     8558.
   186.00      7751.      8545.    366089.   4901.42          0.        0.     8545.
   186.50      7744.      8531.    366056.   4901.41          0.        0.     8531.
   187.00      7738.      8518.    366023.   4901.41          0.        0.     8518.
   187.50      7732.      8505.    365990.   4901.40          0.        0.     8505.
   188.00      7727.      8491.    365957.   4901.40          0.        0.     8491.
   188.50      7722.      8479.    365927.   4901.39          0.        0.     8479.
   189.00      7718.      8467.    365897.   4901.39          0.        0.     8467.
   189.50      7714.      8455.    365867.   4901.38          0.        0.     8455.
   190.00      7710.      8442.    365837.   4901.38          0.        0.     8442.
   190.50      7708.      8430.    365807.   4901.37          0.        0.     8430.
   191.00      7705.      8418.    365777.   4901.37          0.        0.     8418.
   191.50      7704.      8406.    365747.   4901.36          0.        0.     8406.
   192.00      7703.      8394.    365716.   4901.36          0.        0.     8394.
   192.50      7703.      8383.    365689.   4901.35          0.        0.     8383.
   193.00      7703.      8372.    365662.   4901.35          0.        0.     8372.
   193.50      7703.      8361.    365635.   4901.34          0.        0.     8361.
   194.00      7703.      8350.    365608.   4901.34          0.        0.     8350.
   194.50      7703.      8339.    365581.   4901.34          0.        0.     8339.
   195.00      7703.      8328.    365554.   4901.33          0.        0.     8328.
   195.50      7703.      8317.    365527.   4901.33          0.        0.     8317.
   196.00      7703.      8307.    365503.   4901.32          0.        0.     8307.
   196.50      7703.      8297.    365479.   4901.32          0.        0.     8297.
   197.00      7703.      8287.    365455.   4901.31          0.        0.     8287.
   197.50      7703.      8278.    365431.   4901.31          0.        0.     8278.
   198.00      7703.      8268.    365407.   4901.31          0.        0.     8268.
   198.50      7703.      8258.    365383.   4901.30          0.        0.     8258.
   199.00      7703.      8248.    365359.   4901.30          0.        0.     8248.
   199.50      7703.      8240.    365338.   4901.30          0.        0.     8240.
   200.00      7703.      8231.    365317.   4901.29          0.        0.     8231.
   200.50      7703.      8223.    365296.   4901.29          0.        0.     8223.
   201.00      7703.      8214.    365275.   4901.29          0.        0.     8214.
   201.50      7703.      8206.    365254.   4901.28          0.        0.     8206.
   202.00      7703.      8197.    365233.   4901.28          0.        0.     8197.
   202.50      7703.      8188.    365212.   4901.28          0.        0.     8188.
   203.00      7703.      8180.    365191.   4901.27          0.        0.     8180.
   203.50      7703.      8171.    365170.   4901.27          0.        0.     8171.
   204.00      7703.      8164.    365152.   4901.27          0.        0.     8164.
   204.50      7703.      8157.    365134.   4901.26          0.        0.     8157.
   205.00      7703.      8149.    365116.   4901.26          0.        0.     8149.
   205.50      7703.      8142.    365098.   4901.26          0.        0.     8142.
   206.00      7703.      8135.    365080.   4901.25          0.        0.     8135.
   206.50      7703.      8127.    365062.   4901.25          0.        0.     8127.
   207.00      7703.      8120.    365044.   4901.25          0.        0.     8120.
   207.50      7703.      8113.    365026.   4901.25          0.        0.     8113.
   208.00      7703.      8105.    365008.   4901.24          0.        0.     8105.
   208.50      7703.      8099.    364993.   4901.24          0.        0.     8099.
   209.00      7703.      8093.    364978.   4901.24          0.        0.     8093.
   209.50      7703.      8087.    364963.   4901.23          0.        0.     8087.
   210.00      7703.      8081.    364948.   4901.23          0.        0.     8081.
   210.50      7703.      8075.    364933.   4901.23          0.        0.     8075.
   211.00      7703.      8069.    364918.   4901.23          0.        0.     8069.
   211.50      7703.      8063.    364903.   4901.23          0.        0.     8063.
   212.00      7703.      8057.    364888.   4901.22          0.        0.     8057.
   212.50      7703.      8051.    364873.   4901.22          0.        0.     8051.
   213.00      7703.      8044.    364858.   4901.22          0.        0.     8044.
   213.50      7703.      8038.    364843.   4901.22          0.        0.     8038.
   214.00      7703.      8032.    364828.   4901.21          0.        0.     8032.
   214.50      7703.      8027.    364816.   4901.21          0.        0.     8027.
   215.00      7703.      8022.    364804.   4901.21          0.        0.     8022.
   215.50      7703.      8018.    364792.   4901.21          0.        0.     8018.
   216.00      7703.      8013.    364780.   4901.21          0.        0.     8013.
   216.50      7703.      8008.    364768.   4901.20          0.        0.     8008.
   217.00      7702.      8003.    364756.   4901.20          0.        0.     8003.
   217.50      7702.      7998.    364744.   4901.20          0.        0.     7998.
   218.00      7700.      7993.    364732.   4901.20          0.        0.     7993.
   218.50      7699.      7988.    364720.   4901.20          0.        0.     7988.
   219.00      7697.      7983.    364708.   4901.19          0.        0.     7983.
   219.50      7694.      7979.    364696.   4901.19          0.        0.     7979.
   220.00      7692.      7974.    364684.   4901.19          0.        0.     7974.
   220.50      7688.      7969.    364672.   4901.19          0.        0.     7969.
   221.00      7685.      7964.    364660.   4901.19          0.        0.     7964.
   221.50      7681.      7959.    364648.   4901.18          0.        0.     7959.
   222.00      7677.      7954.    364636.   4901.18          0.        0.     7954.
   222.50      7672.      7949.    364624.   4901.18          0.        0.     7949.
   223.00      7667.      7944.    364611.   4901.18          0.        0.     7944.
   223.50      7662.      7939.    364599.   4901.18          0.        0.     7939.
   224.00      7656.      7935.    364587.   4901.17          0.        0.     7935.
   224.50      7650.      7930.    364575.   4901.17          0.        0.     7930.
   225.00      7644.      7925.    364563.   4901.17          0.        0.     7925.
   225.50      7638.      7920.    364551.   4901.17          0.        0.     7920.
   226.00      7631.      7915.    364539.   4901.17          0.        0.     7915.
   226.50      7624.      7910.    364527.   4901.16          0.        0.     7910.
   227.00      7617.      7905.    364515.   4901.16          0.        0.     7905.
   227.50      7610.      7900.    364503.   4901.16          0.        0.     7900.
   228.00      7603.      7896.    364491.   4901.16          0.        0.     7896.
   228.50      7595.      7891.    364479.   4901.16          0.        0.     7891.
   229.00      7587.      7886.    364467.   4901.15          0.        0.     7886.
   229.50      7579.      7881.    364455.   4901.15          0.        0.     7881.
   230.00      7571.      7876.    364443.   4901.15          0.        0.     7876.
   230.50      7562.      7871.    364431.   4901.15          0.        0.     7871.
   231.00      7554.      7866.    364419.   4901.15          0.        0.     7866.
   231.50      7545.      7861.    364407.   4901.14          0.        0.     7861.
   232.00      7537.      7856.    364395.   4901.14          0.        0.     7856.
   232.50      7528.      7852.    364383.   4901.14          0.        0.     7852.
   233.00      7519.      7847.    364371.   4901.14          0.        0.     7847.
   233.50      7510.      7841.    364356.   4901.14          0.        0.     7841.
   234.00      7501.      7834.    364341.   4901.13          0.        0.     7834.
   234.50      7492.      7828.    364326.   4901.13          0.        0.     7828.
   235.00      7483.      7822.    364311.   4901.13          0.        0.     7822.
   235.50      7474.      7816.    364296.   4901.13          0.        0.     7816.
   236.00      7465.      7810.    364281.   4901.12          0.        0.     7810.
   236.50      7456.      7804.    364266.   4901.12          0.        0.     7804.
   237.00      7447.      7798.    364251.   4901.12          0.        0.     7798.
   237.50      7438.      7792.    364236.   4901.12          0.        0.     7792.
   238.00      7429.      7786.    364221.   4901.11          0.        0.     7786.
   238.50      7420.      7780.    364206.   4901.11          0.        0.     7780.
   239.00      7412.      7773.    364191.   4901.11          0.        0.     7773.
   239.50      7403.      7767.    364176.   4901.11          0.        0.     7767.
   240.00      7394.      7761.    364161.   4901.10          0.        0.     7761.
   240.50      7386.      7755.    364146.   4901.10          0.        0.     7755.
   241.00      7377.      7749.    364131.   4901.10          0.        0.     7749.
   241.50      7367.      7743.    364116.   4901.10          0.        0.     7743.
   242.00      7357.      7737.    364101.   4901.09          0.        0.     7737.
   242.50      7346.      7731.    364086.   4901.09          0.        0.     7731.
   243.00      7335.      7725.    364071.   4901.09          0.        0.     7725.
   243.50      7323.      7719.    364056.   4901.09          0.        0.     7719.
   244.00      7310.      7712.    364041.   4901.08          0.        0.     7712.
   244.50      7297.      7705.    364023.   4901.08          0.        0.     7705.
   245.00      7284.      7698.    364005.   4901.08          0.        0.     7698.
   245.50      7270.      7690.    363987.   4901.08          0.        0.     7690.
   246.00      7256.      7683.    363969.   4901.07          0.        0.     7683.
   246.50      7241.      7676.    363951.   4901.07          0.        0.     7676.
   247.00      7226.      7668.    363933.   4901.07          0.        0.     7668.
   247.50      7211.      7661.    363915.   4901.06          0.        0.     7661.
   248.00      7196.      7654.    363897.   4901.06          0.        0.     7654.
   248.50      7180.      7646.    363879.   4901.06          0.        0.     7646.
   249.00      7164.      7639.    363861.   4901.06          0.        0.     7639.
   249.50      7149.      7631.    363840.   4901.05          0.        0.     7631.
   250.00      7133.      7622.    363819.   4901.05          0.        0.     7622.
   250.50      7117.      7614.    363798.   4901.05          0.        0.     7614.
   251.00      7101.      7605.    363777.   4901.04          0.        0.     7605.
   251.50      7085.      7596.    363756.   4901.04          0.        0.     7596.
   252.00      7070.      7588.    363735.   4901.04          0.        0.     7588.
   252.50      7054.      7579.    363714.   4901.03          0.        0.     7579.
   253.00      7039.      7571.    363693.   4901.03          0.        0.     7571.
   253.50      7024.      7562.    363672.   4901.02          0.        0.     7562.
   254.00      7009.      7554.    363651.   4901.02          0.        0.     7554.
   254.50      6994.      7544.    363627.   4901.02          0.        0.     7544.
   255.00      6980.      7534.    363603.   4901.01          0.        0.     7534.
   255.50      6966.      7524.    363579.   4901.01          0.        0.     7524.
   256.00      6953.      7515.    363555.   4901.01          0.        0.     7515.
   256.50      6940.      7505.    363531.   4901.00          0.        0.     7505.
   257.00      6927.      7495.    363507.   4901.00          0.        0.     7495.
   257.50      6915.      7485.    363482.   4900.99          0.        0.     7485.
   258.00      6904.      7476.    363458.   4900.99          0.        0.     7476.
   258.50      6893.      7466.    363434.   4900.99          0.        0.     7466.
   259.00      6883.      7456.    363410.   4900.98          0.        0.     7456.
   259.50      6873.      7446.    363386.   4900.98          0.        0.     7446.
   260.00      6864.      7437.    363362.   4900.97          0.        0.     7437.
   260.50      6856.      7427.    363338.   4900.97          0.        0.     7427.
   261.00      6849.      7417.    363314.   4900.97          0.        0.     7417.
   261.50      6843.      7407.    363290.   4900.96          0.        0.     7407.
   262.00      6837.      7397.    363266.   4900.96          0.        0.     7397.
   262.50      6832.      7388.    363242.   4900.96          0.        0.     7388.
   263.00      6829.      7378.    363218.   4900.95          0.        0.     7378.
   263.50      6826.      7368.    363194.   4900.95          0.        0.     7368.
   264.00      6825.      7360.    363173.   4900.94          0.        0.     7360.
   264.50      6824.      7351.    363152.   4900.94          0.        0.     7351.
   265.00      6824.      7343.    363131.   4900.94          0.        0.     7343.
   265.50      6824.      7334.    363110.   4900.93          0.        0.     7334.
   266.00      6825.      7325.    363089.   4900.93          0.        0.     7325.
   266.50      6825.      7317.    363068.   4900.93          0.        0.     7317.
   267.00      6826.      7308.    363047.   4900.92          0.        0.     7308.
   267.50      6827.      7300.    363026.   4900.92          0.        0.     7300.
   268.00      6828.      7292.    363008.   4900.92          0.        0.     7292.
   268.50      6829.      7285.    362990.   4900.91          0.        0.     7285.
   269.00      6830.      7278.    362972.   4900.91          0.        0.     7278.
   269.50      6831.      7271.    362954.   4900.91          0.        0.     7271.
   270.00      6832.      7263.    362936.   4900.91          0.        0.     7263.
   270.50      6834.      7256.    362918.   4900.90          0.        0.     7256.
   271.00      6835.      7249.    362900.   4900.90          0.        0.     7249.
   271.50      6837.      7241.    362882.   4900.90          0.        0.     7241.
   272.00      6838.      7235.    362867.   4900.89          0.        0.     7235.
   272.50      6840.      7229.    362852.   4900.89          0.        0.     7229.
   273.00      6842.      7223.    362837.   4900.89          0.        0.     7223.
   273.50      6843.      7217.    362822.   4900.89          0.        0.     7217.
   274.00      6845.      7211.    362807.   4900.88          0.        0.     7211.
   274.50      6847.      7205.    362792.   4900.88          0.        0.     7205.
   275.00      6849.      7198.    362777.   4900.88          0.        0.     7198.
   275.50      6851.      7192.    362762.   4900.88          0.        0.     7192.
   276.00      6853.      7186.    362747.   4900.87          0.        0.     7186.
   276.50      6855.      7180.    362732.   4900.87          0.        0.     7180.
   277.00      6857.      7175.    362720.   4900.87          0.        0.     7175.
   277.50      6858.      7170.    362708.   4900.87          0.        0.     7170.
   278.00      6860.      7166.    362696.   4900.87          0.        0.     7166.
   278.50      6862.      7161.    362684.   4900.86          0.        0.     7161.
   279.00      6864.      7156.    362672.   4900.86          0.        0.     7156.
   279.50      6866.      7151.    362660.   4900.86          0.        0.     7151.
   280.00      6868.      7146.    362648.   4900.86          0.        0.     7146.
   280.50      6869.      7141.    362636.   4900.86          0.        0.     7141.
   281.00      6871.      7136.    362624.   4900.85          0.        0.     7136.
   281.50      6873.      7131.    362612.   4900.85          0.        0.     7131.
   282.00      6874.      7126.    362600.   4900.85          0.        0.     7126.
   282.50      6876.      7123.    362591.   4900.85          0.        0.     7123.
   283.00      6877.      7119.    362582.   4900.85          0.        0.     7119.
   283.50      6878.      7115.    362573.   4900.85          0.        0.     7115.
   284.00      6880.      7112.    362564.   4900.84          0.        0.     7112.
   284.50      6881.      7108.    362555.   4900.84          0.        0.     7108.
   285.00      6882.      7104.    362546.   4900.84          0.        0.     7104.
   285.50      6883.      7101.    362537.   4900.84          0.        0.     7101.
   286.00      6883.      7097.    362528.   4900.84          0.        0.     7097.
   286.50      6884.      7094.    362519.   4900.84          0.        0.     7094.
   287.00      6885.      7090.    362510.   4900.84          0.        0.     7090.
   287.50      6885.      7086.    362501.   4900.83          0.        0.     7086.
   288.00      6885.      7083.    362492.   4900.83          0.        0.     7083.
   288.50      6885.      7079.    362483.   4900.83          0.        0.     7079.
   289.00      6885.      7075.    362474.   4900.83          0.        0.     7075.
   289.50      6884.      7072.    362465.   4900.83          0.        0.     7072.
   290.00      6883.      7068.    362456.   4900.83          0.        0.     7068.
   290.50      6881.      7064.    362447.   4900.83          0.        0.     7064.
   291.00      6879.      7061.    362438.   4900.82          0.        0.     7061.
   291.50      6876.      7057.    362429.   4900.82          0.        0.     7057.
   292.00      6873.      7054.    362423.   4900.82          0.        0.     7054.
   292.50      6870.      7052.    362417.   4900.82          0.        0.     7052.
   293.00      6866.      7048.    362408.   4900.82          0.        0.     7048.
   293.50      6862.      7045.    362399.   4900.82          0.        0.     7045.
   294.00      6857.      7041.    362390.   4900.82          0.        0.     7041.
   294.50      6852.      7037.    362380.   4900.81          0.        0.     7037.
   295.00      6847.      7034.    362371.   4900.81          0.        0.     7034.
   295.50      6842.      7030.    362362.   4900.81          0.        0.     7030.
   296.00      6836.      7026.    362353.   4900.81          0.        0.     7026.
   296.50      6830.      7023.    362344.   4900.81          0.        0.     7023.
   297.00      6824.      7019.    362335.   4900.81          0.        0.     7019.
   297.50      6817.      7015.    362326.   4900.81          0.        0.     7015.
   298.00      6811.      7012.    362317.   4900.80          0.        0.     7012.
   298.50      6804.      7008.    362308.   4900.80          0.        0.     7008.
   299.00      6797.      7004.    362299.   4900.80          0.        0.     7004.
   299.50      6790.      7001.    362290.   4900.80          0.        0.     7001.
   300.00      6783.      6997.    362281.   4900.80          0.        0.     6997.
   300.50      6776.      6993.    362272.   4900.80          0.        0.     6993.
   301.00      6769.      6990.    362263.   4900.80          0.        0.     6990.
   301.50      6761.      6986.    362254.   4900.79          0.        0.     6986.
   302.00      6754.      6982.    362245.   4900.79          0.        0.     6982.
   302.50      6747.      6979.    362236.   4900.79          0.        0.     6979.
   303.00      6739.      6975.    362227.   4900.79          0.        0.     6975.
   303.50      6732.      6971.    362218.   4900.79          0.        0.     6971.
   304.00      6725.      6968.    362209.   4900.79          0.        0.     6968.
   304.50      6718.      6964.    362200.   4900.79          0.        0.     6964.
   305.00      6711.      6960.    362191.   4900.78          0.        0.     6960.
   305.50      6704.      6957.    362182.   4900.78          0.        0.     6957.
   306.00      6697.      6953.    362173.   4900.78          0.        0.     6953.
   306.50      6690.      6948.    362161.   4900.78          0.        0.     6948.
   307.00      6684.      6943.    362149.   4900.78          0.        0.     6943.
   307.50      6678.      6938.    362137.   4900.78          0.        0.     6938.
   308.00      6672.      6934.    362125.   4900.77          0.        0.     6934.
   308.50      6666.      6929.    362113.   4900.77          0.        0.     6929.
   309.00      6660.      6924.    362101.   4900.77          0.        0.     6924.
   309.50      6655.      6919.    362089.   4900.77          0.        0.     6919.
   310.00      6650.      6914.    362077.   4900.77          0.        0.     6914.
   310.50      6645.      6909.    362065.   4900.76          0.        0.     6909.
   311.00      6641.      6904.    362053.   4900.76          0.        0.     6904.
   311.50      6637.      6899.    362041.   4900.76          0.        0.     6899.
   312.00      6633.      6895.    362029.   4900.76          0.        0.     6895.
   312.50      6630.      6890.    362017.   4900.76          0.        0.     6890.
   313.00      6627.      6885.    362005.   4900.75          0.        0.     6885.
   313.50      6624.      6880.    361993.   4900.75          0.        0.     6880.
   314.00      6621.      6875.    361981.   4900.75          0.        0.     6875.
   314.50      6619.      6871.    361972.   4900.75          0.        0.     6871.
   315.00      6616.      6868.    361963.   4900.75          0.        0.     6868.
   315.50      6614.      6864.    361954.   4900.75          0.        0.     6864.
   316.00      6611.      6860.    361945.   4900.74          0.        0.     6860.
   316.50      6609.      6857.    361936.   4900.74          0.        0.     6857.
   317.00      6607.      6853.    361927.   4900.74          0.        0.     6853.
   317.50      6604.      6849.    361918.   4900.74          0.        0.     6849.
   318.00      6602.      6846.    361909.   4900.74          0.        0.     6846.
   318.50      6600.      6842.    361900.   4900.74          0.        0.     6842.
   319.00      6598.      6838.    361891.   4900.74          0.        0.     6838.
   319.50      6596.      6835.    361882.   4900.73          0.        0.     6835.
   320.00      6594.      6831.    361873.   4900.73          0.        0.     6831.
   320.50      6593.      6827.    361864.   4900.73          0.        0.     6827.
   321.00      6591.      6824.    361855.   4900.73          0.        0.     6824.
   321.50      6589.      6820.    361846.   4900.73          0.        0.     6820.
   322.00      6587.      6816.    361837.   4900.73          0.        0.     6816.
   322.50      6586.      6813.    361828.   4900.73          0.        0.     6813.
   323.00      6584.      6809.    361819.   4900.72          0.        0.     6809.
   323.50      6582.      6805.    361810.   4900.72          0.        0.     6805.
   324.00      6580.      6802.    361801.   4900.72          0.        0.     6802.
   324.50      6579.      6798.    361792.   4900.72          0.        0.     6798.
   325.00      6577.      6794.    361783.   4900.72          0.        0.     6794.
   325.50      6575.      6791.    361774.   4900.72          0.        0.     6791.
   326.00      6574.      6787.    361765.   4900.71          0.        0.     6787.
   326.50      6572.      6783.    361756.   4900.71          0.        0.     6783.
   327.00      6570.      6780.    361747.   4900.71          0.        0.     6780.
   327.50      6569.      6776.    361738.   4900.71          0.        0.     6776.
   328.00      6567.      6772.    361729.   4900.71          0.        0.     6772.
   328.50      6565.      6769.    361720.   4900.71          0.        0.     6769.
   329.00      6563.      6765.    361711.   4900.71          0.        0.     6765.
   329.50      6561.      6761.    361702.   4900.70          0.        0.     6761.
   330.00      6559.      6758.    361693.   4900.70          0.        0.     6758.
   330.50      6557.      6754.    361684.   4900.70          0.        0.     6754.
   331.00      6555.      6750.    361675.   4900.70          0.        0.     6750.
   331.50      6553.      6747.    361666.   4900.70          0.        0.     6747.
   332.00      6551.      6743.    361657.   4900.70          0.        0.     6743.
   332.50      6549.      6740.    361648.   4900.70          0.        0.     6740.
   333.00      6546.      6736.    361639.   4900.69          0.        0.     6736.
   333.50      6544.      6732.    361630.   4900.69          0.        0.     6732.
   334.00      6542.      6729.    361621.   4900.69          0.        0.     6729.
   334.50      6539.      6725.    361612.   4900.69          0.        0.     6725.
   335.00      6536.      6721.    361603.   4900.69          0.        0.     6721.
   335.50      6534.      6718.    361594.   4900.69          0.        0.     6718.
   336.00      6531.      6714.    361585.   4900.69          0.        0.     6714.
   336.50      6528.      6710.    361576.   4900.68          0.        0.     6710.
   337.00      6525.      6708.    361570.   4900.68          0.        0.     6708.
   337.50      6521.      6704.    361561.   4900.68          0.        0.     6704.
   338.00      6518.      6700.    361552.   4900.68          0.        0.     6700.
   338.50      6514.      6697.    361543.   4900.68          0.        0.     6697.
   339.00      6511.      6693.    361534.   4900.68          0.        0.     6693.
   339.50      6507.      6689.    361525.   4900.68          0.        0.     6689.
   340.00      6503.      6686.    361516.   4900.67          0.        0.     6686.
   340.50      6499.      6682.    361507.   4900.67          0.        0.     6682.
   341.00      6495.      6678.    361498.   4900.67          0.        0.     6678.
   341.50      6491.      6675.    361489.   4900.67          0.        0.     6675.
   342.00      6486.      6671.    361480.   4900.67          0.        0.     6671.
   342.50      6482.      6667.    361471.   4900.67          0.        0.     6667.
   343.00      6477.      6664.    361462.   4900.67          0.        0.     6664.
   343.50      6473.      6660.    361453.   4900.66          0.        0.     6660.
   344.00      6468.      6656.    361444.   4900.66          0.        0.     6656.
   344.50      6463.      6653.    361435.   4900.66          0.        0.     6653.
   345.00      6458.      6649.    361426.   4900.66          0.        0.     6649.
   345.50      6453.      6646.    361417.   4900.66          0.        0.     6646.
   346.00      6448.      6642.    361408.   4900.66          0.        0.     6642.
   346.50      6443.      6638.    361399.   4900.66          0.        0.     6638.
   347.00      6437.      6635.    361390.   4900.65          0.        0.     6635.
   347.50      6432.      6631.    361381.   4900.65          0.        0.     6631.
   348.00      6427.      6627.    361372.   4900.65          0.        0.     6627.
   348.50      6421.      6624.    361363.   4900.65          0.        0.     6624.
   349.00      6415.      6620.    361354.   4900.65          0.        0.     6620.
   349.50      6410.      6616.    361345.   4900.65          0.        0.     6616.
   350.00      6404.      6613.    361336.   4900.65          0.        0.     6613.
   350.50      6398.      6609.    361327.   4900.64          0.        0.     6609.
   351.00      6392.      6605.    361318.   4900.64          0.        0.     6605.
   351.50      6386.      6602.    361309.   4900.64          0.        0.     6602.
   352.00      6380.      6598.    361300.   4900.64          0.        0.     6598.
   352.50      6374.      6594.    361291.   4900.64          0.        0.     6594.
   353.00      6368.      6591.    361282.   4900.64          0.        0.     6591.
   353.50      6362.      6587.    361273.   4900.63          0.        0.     6587.
   354.00      6356.      6583.    361263.   4900.63          0.        0.     6583.
   354.50      6350.      6580.    361254.   4900.63          0.        0.     6580.
   355.00      6343.      6576.    361245.   4900.63          0.        0.     6576.
   355.50      6337.      6572.    361236.   4900.63          0.        0.     6572.
   356.00      6331.      6569.    361227.   4900.63          0.        0.     6569.
   356.50      6324.      6565.    361218.   4900.63          0.        0.     6565.
   357.00      6318.      6561.    361209.   4900.62          0.        0.     6561.
   357.50      6311.      6558.    361200.   4900.62          0.        0.     6558.
   358.00      6305.      6554.    361191.   4900.62          0.        0.     6554.
   358.50      6298.      6550.    361182.   4900.62          0.        0.     6550.
   359.00      6292.      6547.    361173.   4900.62          0.        0.     6547.
   359.50      6285.      6542.    361161.   4900.62          0.        0.     6542.
   360.00      6279.      6537.    361149.   4900.61          0.        0.     6537.
1



      INFLOW DATA                           STORAGE DATA
      ***********                           ************
     TIME    INFLOW                     ELEVATION     STORAGE

     0.50      5527.                      4753.20          0.
     1.00      5557.                      4754.00          5.
     1.50      5587.                      4760.00        853.
     2.00      5617.                      4770.00       5056.
     2.50      5647.                      4780.00      11677.
     3.00      5677.                      4790.00      20701.
     3.50      5707.                      4800.00      32214.
     4.00      5737.                      4810.00      46676.
     4.50      5766.                      4820.00      64861.
     5.00      5796.                      4830.00      86629.
     5.50      5825.                      4840.00     112286.
     6.00      5855.                      4850.00     141401.
     6.50      5884.                      4860.00     174439.
     7.00      5913.                      4870.00     212059.
     7.50      5941.                      4880.00     254696.
     8.00      5970.                      4890.00     303066.
     8.50      5999.                      4900.00     357369.
     9.00      6027.                      4910.00     418864.
     9.50      6056.                      4920.00     488871.
    10.00      6084.                      4924.00     519654.
    10.50      6112.                      4924.50     523636.
    11.00      6140.                      4925.00     527626.
    11.50      6167.                      4925.50     531626.
    12.00      6195.                      4926.00     535626.
    12.50      6222.                      4930.00     569747.
    13.00      6249.                      4935.00     604527.
    13.50      6276.
    14.00      6303.
    14.50      6330.
    15.00      6357.
    15.50      6383.
    16.00      6409.
    16.50      6435.
    17.00      6461.
    17.50      6487.
    18.00      6512.
    18.50      6537.
    19.00      6562.
    19.50      6587.
    20.00      6612.
    20.50      6636.
    21.00      6661.
    21.50      6685.
    22.00      6708.
    22.50      6732.
    23.00      6755.
    23.50      6778.
    24.00      6801.
    24.50      6824.
    25.00      6846.
    25.50      6869.
    26.00      6890.
    26.50      6912.
    27.00      6934.
    27.50      6955.
    28.00      6976.
    28.50      6997.
    29.00      7017.
    29.50      7038.
    30.00      7058.
    30.50      7078.
    31.00      7098.
    31.50      7117.
    32.00      7137.
    32.50      7156.
    33.00      7175.
    33.50      7195.
    34.00      7214.
    34.50      7233.
    35.00      7251.
    35.50      7270.
    36.00      7289.
    36.50      7307.
    37.00      7326.
    37.50      7344.
    38.00      7363.
    38.50      7381.
    39.00      7399.
    39.50      7418.
    40.00      7436.
    40.50      7454.
    41.00      7473.
    41.50      7491.
    42.00      7509.
    42.50      7528.
    43.00      7546.
    43.50      7565.
    44.00      7583.
    44.50      7602.
    45.00      7620.
    45.50      7639.
    46.00      7658.
    46.50      7677.
    47.00      7696.
    47.50      7715.
    48.00      7734.
    48.50      7754.
    49.00      7773.
    49.50      7794.
    50.00      7815.
    50.50      7838.
    51.00      7860.
    51.50      7883.
    52.00      7907.
    52.50      7931.
    53.00      7956.
    53.50      7981.
    54.00      8006.
    54.50      8032.
    55.00      8058.
    55.50      8084.
    56.00      8110.
    56.50      8136.
    57.00      8162.
    57.50      8195.
    58.00      8232.
    58.50      8295.
    59.00      8362.
    59.50      8435.
    60.00      8526.
    60.50      8683.
    61.00      8982.
    61.50      9429.
    62.00     10036.
    62.50     11092.
    63.00     13529.
    63.50     24449.
    64.00     72702.
    64.50     93089.
    65.00    104404.
    65.50    113189.
    66.00    120966.
    66.50    128387.
    67.00    135729.
    67.50    142884.
    68.00    149249.
    68.50    154664.
    69.00    159314.
    69.50    163453.
    70.00    167283.
    70.50    170692.
    71.00    173415.
    71.50    175296.
    72.00    176255.
    72.50    176491.
    73.00    176436.
    73.50    176410.
    74.00    176437.
    74.50    176384.
    75.00    176143.
    75.50    175638.
    76.00    174698.
    76.50    173177.
    77.00    171057.
    77.50    168430.
    78.00    165392.
    78.50    162019.
    79.00    158357.
    79.50    154461.
    80.00    150356.
    80.50    146076.
    81.00    141648.
    81.50    137112.
    82.00    132514.
    82.50    127915.
    83.00    123373.
    83.50    118961.
    84.00    114748.
    84.50    110566.
    85.00    106304.
    85.50    101980.
    86.00     97615.
    86.50     93279.
    87.00     89019.
    87.50     84894.
    88.00     80915.
    88.50     77114.
    89.00     73519.
    89.50     70101.
    90.00     66865.
    90.50     63805.
    91.00     60919.
    91.50     58202.
    92.00     55663.
    92.50     53290.
    93.00     50876.
    93.50     48508.
    94.00     46184.
    94.50     43987.
    95.00     41990.
    95.50     40085.
    96.00     38343.
    96.50     36667.
    97.00     35118.
    97.50     33643.
    98.00     32260.
    98.50     31013.
    99.00     29768.
    99.50     28707.
   100.00     27672.
   100.50     26688.
   101.00     25763.
   101.50     24926.
   102.00     24179.
   102.50     23446.
   103.00     22759.
   103.50     22124.
   104.00     21532.
   104.50     21009.
   105.00     20521.
   105.50     20035.
   106.00     19559.
   106.50     19100.
   107.00     18664.
   107.50     18254.
   108.00     17874.
   108.50     17532.
   109.00     17207.
   109.50     16885.
   110.00     16602.
   110.50     16338.
   111.00     16083.
   111.50     15825.
   112.00     15572.
   112.50     15328.
   113.00     15108.
   113.50     14913.
   114.00     14725.
   114.50     14539.
   115.00     14360.
   115.50     14199.
   116.00     14035.
   116.50     13876.
   117.00     13731.
   117.50     13593.
   118.00     13455.
   118.50     13320.
   119.00     13194.
   119.50     13074.
   120.00     12956.
   120.50     12842.
   121.00     12732.
   121.50     12632.
   122.00     12534.
   122.50     12438.
   123.00     12343.
   123.50     12251.
   124.00     12163.
   124.50     12078.
   125.00     11994.
   125.50     11914.
   126.00     11835.
   126.50     11758.
   127.00     11684.
   127.50     11612.
   128.00     11543.
   128.50     11476.
   129.00      8502.
   129.50      8497.
   130.00      8492.
   130.50      8486.
   131.00      8480.
   131.50      8474.
   132.00      8469.
   132.50      8462.
   133.00      8456.
   133.50      8450.
   134.00      8444.
   134.50      8438.
   135.00      8431.
   135.50      8425.
   136.00      8418.
   136.50      8412.
   137.00      8406.
   137.50      8399.
   138.00      8393.
   138.50      8386.
   139.00      8380.
   139.50      8374.
   140.00      8367.
   140.50      8361.
   141.00      8355.
   141.50      8349.
   142.00      8343.
   142.50      8337.
   143.00      8332.
   143.50      8326.
   144.00      8321.
   144.50      8315.
   145.00      8310.
   145.50      8305.
   146.00      8300.
   146.50      8295.
   147.00      8290.
   147.50      8285.
   148.00      8280.
   148.50      8274.
   149.00      8269.
   149.50      8264.
   150.00      8259.
   150.50      8254.
   151.00      8249.
   151.50      8244.
   152.00      8239.
   152.50      8234.
   153.00      8229.
   153.50      8224.
   154.00      8219.
   154.50      8214.
   155.00      8209.
   155.50      8204.
   156.00      8199.
   156.50      8194.
   157.00      8189.
   157.50      8183.
   158.00      8178.
   158.50      8173.
   159.00      8168.
   159.50      8163.
   160.00      8157.
   160.50      8152.
   161.00      8147.
   161.50      8141.
   162.00      8136.
   162.50      8130.
   163.00      8125.
   163.50      8119.
   164.00      8113.
   164.50      8108.
   165.00      8102.
   165.50      8096.
   166.00      8090.
   166.50      8084.
   167.00      8078.
   167.50      8072.
   168.00      8066.
   168.50      8060.
   169.00      8054.
   169.50      8047.
   170.00      8040.
   170.50      8032.
   171.00      8024.
   171.50      8016.
   172.00      8008.
   172.50      7999.
   173.00      7990.
   173.50      7981.
   174.00      7972.
   174.50      7962.
   175.00      7953.
   175.50      7943.
   176.00      7933.
   176.50      7923.
   177.00      7913.
   177.50      7903.
   178.00      7893.
   178.50      7883.
   179.00      7873.
   179.50      7864.
   180.00      7854.
   180.50      7844.
   181.00      7834.
   181.50      7825.
   182.00      7816.
   182.50      7807.
   183.00      7798.
   183.50      7789.
   184.00      7781.
   184.50      7773.
   185.00      7765.
   185.50      7758.
   186.00      7751.
   186.50      7744.
   187.00      7738.
   187.50      7732.
   188.00      7727.
   188.50      7722.
   189.00      7718.
   189.50      7714.
   190.00      7710.
   190.50      7708.
   191.00      7705.
   191.50      7704.
   192.00      7703.
   192.50      7703.
   193.00      7703.
   193.50      7703.
   194.00      7703.
   194.50      7703.
   195.00      7703.
   195.50      7703.
   196.00      7703.
   196.50      7703.
   197.00      7703.
   197.50      7703.
   198.00      7703.
   198.50      7703.
   199.00      7703.
   199.50      7703.
   200.00      7703.
   200.50      7703.
   201.00      7703.
   201.50      7703.
   202.00      7703.
   202.50      7703.
   203.00      7703.
   203.50      7703.
   204.00      7703.
   204.50      7703.
   205.00      7703.
   205.50      7703.
   206.00      7703.
   206.50      7703.
   207.00      7703.
   207.50      7703.
   208.00      7703.
   208.50      7703.
   209.00      7703.
   209.50      7703.
   210.00      7703.
   210.50      7703.
   211.00      7703.
   211.50      7703.
   212.00      7703.
   212.50      7703.
   213.00      7703.
   213.50      7703.
   214.00      7703.
   214.50      7703.
   215.00      7703.
   215.50      7703.
   216.00      7703.
   216.50      7703.
   217.00      7702.
   217.50      7702.
   218.00      7700.
   218.50      7699.
   219.00      7697.
   219.50      7694.
   220.00      7692.
   220.50      7688.
   221.00      7685.
   221.50      7681.
   222.00      7677.
   222.50      7672.
   223.00      7667.
   223.50      7662.
   224.00      7656.
   224.50      7650.
   225.00      7644.
   225.50      7638.
   226.00      7631.
   226.50      7624.
   227.00      7617.
   227.50      7610.
   228.00      7603.
   228.50      7595.
   229.00      7587.
   229.50      7579.
   230.00      7571.
   230.50      7562.
   231.00      7554.
   231.50      7545.
   232.00      7537.
   232.50      7528.
   233.00      7519.
   233.50      7510.
   234.00      7501.
   234.50      7492.
   235.00      7483.
   235.50      7474.
   236.00      7465.
   236.50      7456.
   237.00      7447.
   237.50      7438.
   238.00      7429.
   238.50      7420.
   239.00      7412.
   239.50      7403.
   240.00      7394.
   240.50      7386.
   241.00      7377.
   241.50      7367.
   242.00      7357.
   242.50      7346.
   243.00      7335.
   243.50      7323.
   244.00      7310.
   244.50      7297.
   245.00      7284.
   245.50      7270.
   246.00      7256.
   246.50      7241.
   247.00      7226.
   247.50      7211.
   248.00      7196.
   248.50      7180.
   249.00      7164.
   249.50      7149.
   250.00      7133.
   250.50      7117.
   251.00      7101.
   251.50      7085.
   252.00      7070.
   252.50      7054.
   253.00      7039.
   253.50      7024.
   254.00      7009.
   254.50      6994.
   255.00      6980.
   255.50      6966.
   256.00      6953.
   256.50      6940.
   257.00      6927.
   257.50      6915.
   258.00      6904.
   258.50      6893.
   259.00      6883.
   259.50      6873.
   260.00      6864.
   260.50      6856.
   261.00      6849.
   261.50      6843.
   262.00      6837.
   262.50      6832.
   263.00      6829.
   263.50      6826.
   264.00      6825.
   264.50      6824.
   265.00      6824.
   265.50      6824.
   266.00      6825.
   266.50      6825.
   267.00      6826.
   267.50      6827.
   268.00      6828.
   268.50      6829.
   269.00      6830.
   269.50      6831.
   270.00      6832.
   270.50      6834.
   271.00      6835.
   271.50      6837.
   272.00      6838.
   272.50      6840.
   273.00      6842.
   273.50      6843.
   274.00      6845.
   274.50      6847.
   275.00      6849.
   275.50      6851.
   276.00      6853.
   276.50      6855.
   277.00      6857.
   277.50      6858.
   278.00      6860.
   278.50      6862.
   279.00      6864.
   279.50      6866.
   280.00      6868.
   280.50      6869.
   281.00      6871.
   281.50      6873.
   282.00      6874.
   282.50      6876.
   283.00      6877.
   283.50      6878.
   284.00      6880.
   284.50      6881.
   285.00      6882.
   285.50      6883.
   286.00      6883.
   286.50      6884.
   287.00      6885.
   287.50      6885.
   288.00      6885.
   288.50      6885.
   289.00      6885.
   289.50      6884.
   290.00      6883.
   290.50      6881.
   291.00      6879.
   291.50      6876.
   292.00      6873.
   292.50      6870.
   293.00      6866.
   293.50      6862.
   294.00      6857.
   294.50      6852.
   295.00      6847.
   295.50      6842.
   296.00      6836.
   296.50      6830.
   297.00      6824.
   297.50      6817.
   298.00      6811.
   298.50      6804.
   299.00      6797.
   299.50      6790.
   300.00      6783.
   300.50      6776.
   301.00      6769.
   301.50      6761.
   302.00      6754.
   302.50      6747.
   303.00      6739.
   303.50      6732.
   304.00      6725.
   304.50      6718.
   305.00      6711.
   305.50      6704.
   306.00      6697.
   306.50      6690.
   307.00      6684.
   307.50      6678.
   308.00      6672.
   308.50      6666.
   309.00      6660.
   309.50      6655.
   310.00      6650.
   310.50      6645.
   311.00      6641.
   311.50      6637.
   312.00      6633.
   312.50      6630.
   313.00      6627.
   313.50      6624.
   314.00      6621.
   314.50      6619.
   315.00      6616.
   315.50      6614.
   316.00      6611.
   316.50      6609.
   317.00      6607.
   317.50      6604.
   318.00      6602.
   318.50      6600.
   319.00      6598.
   319.50      6596.
   320.00      6594.
   320.50      6593.
   321.00      6591.
   321.50      6589.
   322.00      6587.
   322.50      6586.
   323.00      6584.
   323.50      6582.
   324.00      6580.
   324.50      6579.
   325.00      6577.
   325.50      6575.
   326.00      6574.
   326.50      6572.
   327.00      6570.
   327.50      6569.
   328.00      6567.
   328.50      6565.
   329.00      6563.
   329.50      6561.
   330.00      6559.
   330.50      6557.
   331.00      6555.
   331.50      6553.
   332.00      6551.
   332.50      6549.
   333.00      6546.
   333.50      6544.
   334.00      6542.
   334.50      6539.
   335.00      6536.
   335.50      6534.
   336.00      6531.
   336.50      6528.
   337.00      6525.
   337.50      6521.
   338.00      6518.
   338.50      6514.
   339.00      6511.
   339.50      6507.
   340.00      6503.
   340.50      6499.
   341.00      6495.
   341.50      6491.
   342.00      6486.
   342.50      6482.
   343.00      6477.
   343.50      6473.
   344.00      6468.
   344.50      6463.
   345.00      6458.
   345.50      6453.
   346.00      6448.
   346.50      6443.
   347.00      6437.
   347.50      6432.
   348.00      6427.
   348.50      6421.
   349.00      6415.
   349.50      6410.
   350.00      6404.
   350.50      6398.
   351.00      6392.
   351.50      6386.
   352.00      6380.
   352.50      6374.
   353.00      6368.
   353.50      6362.
   354.00      6356.
   354.50      6350.
   355.00      6343.
   355.50      6337.
   356.00      6331.
   356.50      6324.
   357.00      6318.
   357.50      6311.
   358.00      6305.
   358.50      6298.
   359.00      6292.
   359.50      6285.
   360.00      6279.
1


  DISCHARGE VS ELEVATION
  **********************
  ELEVATION  DISCHARGE

    4880.49      5000.
    4890.00      5000.
    4898.70      5000.
    4900.00      5000.
    4902.00     10000.
    4904.00     22500.
    4906.00     37500.
    4908.00     56000.
    4910.00     77000.
    4912.00    100000.
    4914.00    125000.
    4916.00    153000.
    4920.00    212000.
    4924.00    270000.
    4928.00    328000.
    4930.00    357000.
    4935.00    429500.