
                     UNITED STATES BUREAU OF RECLAMATION
                       ENGINEERING AND RESEARCH CENTER

                            FLOOD ROUTING FOR DAMS
                            ----------------------

      FEATURE: Pueblo Dam                               DATE    **/ 1/  26
      FLOOD: TREX Test Run & PMF snow                   TIME    **:**:03.**
      TITLE: Full TREX Routing             
      DATA FILE: fs5-8sn.in                                                     

      FLOOD ROUTING SUMMARY
      *********************

         BEGINNING HOUR OF ROUTING.......................      0.50
         ENDING HOUR OF ROUTING..........................    360.00
         INITIAL RESERVOIR ELEVATION.....................   4880.49 FT
         MINIMUM OR NORMAL POOL ELEV.....................   4880.49 FT
         MAXIMUM RESERVOIR ELEVATION.....   4916.62 AT HOUR   82.50
         INFLOW PEAK DISCHARGE...........   224892. AT HOUR   72.50
         MAXIMUM TOTAL OUTFLOW...........   162082. AT HOUR   82.50
         ELEVATION TOLERANCE.............................    0.0100 FT
         INFLOW HYDROGRAPH ADJUSTMENT FACTOR.............      1.00
         IPC OPTIONS (1 TO 10)...........................3100100021

      WATERWAY PARAMETERS
      *******************

         WATERWAY NO. 1 - Top of Dam                    

         TYPE-BROAD OR SHARP CRESTED WEIR
         CONSTANT DISCHARGE COEFFICIENT..................      2.67
         CREST ELEVATION.................................   4925.25 FT
         CREST LENGTH....................................   1200.50 FT
         MAXIMUM DISCHARGE...............        0. AT HOUR    0.50

         WATERWAY NO. 2 - Embankment "wings"            

         TYPE-BROAD OR SHARP CRESTED WEIR
         CONSTANT DISCHARGE COEFFICIENT..................      2.62
         CREST ELEVATION.................................   4925.00 FT
         CREST LENGTH....................................   8480.00 FT
         MAXIMUM DISCHARGE...............        0. AT HOUR    0.50
1

                     ROUTING RESULTS                          DISCHARGE RESULTS
                     ***************                          *****************

    TIME     INFLOW    OUTFLOW    STORAGE   ELEVATION        WATERWAY         RATING
                                                           1         2        CURVE

     0.50      5527.      5000.    257067.   4880.49          0.        0.     5000.
     1.00      5557.      5000.    257089.   4880.49          0.        0.     5000.
     1.50      5587.      5000.    257112.   4880.50          0.        0.     5000.
     2.00      5617.      5000.    257138.   4880.50          0.        0.     5000.
     2.50      5647.      5000.    257164.   4880.51          0.        0.     5000.
     3.00      5677.      5000.    257192.   4880.52          0.        0.     5000.
     3.50      5707.      5000.    257221.   4880.52          0.        0.     5000.
     4.00      5737.      5000.    257251.   4880.53          0.        0.     5000.
     4.50      5766.      5000.    257282.   4880.53          0.        0.     5000.
     5.00      5796.      5000.    257315.   4880.54          0.        0.     5000.
     5.50      5825.      5000.    257348.   4880.55          0.        0.     5000.
     6.00      5855.      5000.    257384.   4880.56          0.        0.     5000.
     6.50      5884.      5000.    257419.   4880.56          0.        0.     5000.
     7.00      5913.      5000.    257457.   4880.57          0.        0.     5000.
     7.50      5941.      5000.    257495.   4880.58          0.        0.     5000.
     8.00      5970.      5000.    257535.   4880.59          0.        0.     5000.
     8.50      5999.      5000.    257575.   4880.60          0.        0.     5000.
     9.00      6027.      5000.    257618.   4880.60          0.        0.     5000.
     9.50      6056.      5000.    257660.   4880.61          0.        0.     5000.
    10.00      6084.      5000.    257705.   4880.62          0.        0.     5000.
    10.50      6112.      5000.    257750.   4880.63          0.        0.     5000.
    11.00      6140.      5000.    257797.   4880.64          0.        0.     5000.
    11.50      6167.      5000.    257844.   4880.65          0.        0.     5000.
    12.00      6195.      5000.    257894.   4880.66          0.        0.     5000.
    12.50      6222.      5000.    257944.   4880.67          0.        0.     5000.
    13.00      6249.      5000.    257995.   4880.68          0.        0.     5000.
    13.50      6276.      5000.    258047.   4880.69          0.        0.     5000.
    14.00      6303.      5000.    258102.   4880.70          0.        0.     5000.
    14.50      6330.      5000.    258156.   4880.72          0.        0.     5000.
    15.00      6357.      5000.    258213.   4880.73          0.        0.     5000.
    15.50      6383.      5000.    258269.   4880.74          0.        0.     5000.
    16.00      6409.      5000.    258326.   4880.75          0.        0.     5000.
    16.50      6435.      5000.    258385.   4880.76          0.        0.     5000.
    17.00      6461.      5000.    258444.   4880.77          0.        0.     5000.
    17.50      6487.      5000.    258506.   4880.79          0.        0.     5000.
    18.00      6512.      5000.    258567.   4880.80          0.        0.     5000.
    18.50      6537.      5000.    258631.   4880.81          0.        0.     5000.
    19.00      6562.      5000.    258695.   4880.83          0.        0.     5000.
    19.50      6587.      5000.    258761.   4880.84          0.        0.     5000.
    20.00      6612.      5000.    258827.   4880.85          0.        0.     5000.
    20.50      6636.      5000.    258893.   4880.87          0.        0.     5000.
    21.00      6661.      5000.    258961.   4880.88          0.        0.     5000.
    21.50      6685.      5000.    259030.   4880.90          0.        0.     5000.
    22.00      6708.      5000.    259101.   4880.91          0.        0.     5000.
    22.50      6732.      5000.    259172.   4880.93          0.        0.     5000.
    23.00      6755.      5000.    259245.   4880.94          0.        0.     5000.
    23.50      6778.      5000.    259318.   4880.96          0.        0.     5000.
    24.00      6801.      5000.    259391.   4880.97          0.        0.     5000.
    24.50      6824.      5000.    259467.   4880.99          0.        0.     5000.
    25.00      6846.      5000.    259542.   4881.00          0.        0.     5000.
    25.50      6869.      5000.    259618.   4881.02          0.        0.     5000.
    26.00      6890.      5000.    259696.   4881.03          0.        0.     5000.
    26.50      6912.      5000.    259774.   4881.05          0.        0.     5000.
    27.00      6934.      5000.    259854.   4881.07          0.        0.     5000.
    27.50      6955.      5000.    259935.   4881.08          0.        0.     5000.
    28.00      6976.      5000.    260015.   4881.10          0.        0.     5000.
    28.50      6997.      5000.    260097.   4881.12          0.        0.     5000.
    29.00      7017.      5000.    260180.   4881.13          0.        0.     5000.
    29.50      7038.      5000.    260263.   4881.15          0.        0.     5000.
    30.00      7058.      5000.    260348.   4881.17          0.        0.     5000.
    30.50      7078.      5000.    260433.   4881.19          0.        0.     5000.
    31.00      7098.      5000.    260520.   4881.20          0.        0.     5000.
    31.50      7117.      5000.    260608.   4881.22          0.        0.     5000.
    32.00      7137.      5000.    260695.   4881.24          0.        0.     5000.
    32.50      7156.      5000.    260785.   4881.26          0.        0.     5000.
    33.00      7175.      5000.    260875.   4881.28          0.        0.     5000.
    33.50      7195.      5000.    260964.   4881.30          0.        0.     5000.
    34.00      7214.      5000.    261056.   4881.31          0.        0.     5000.
    34.50      7233.      5000.    261148.   4881.33          0.        0.     5000.
    35.00      7251.      5000.    261241.   4881.35          0.        0.     5000.
    35.50      7270.      5000.    261335.   4881.37          0.        0.     5000.
    36.00      7289.      5000.    261430.   4881.39          0.        0.     5000.
    36.50      7307.      5000.    261524.   4881.41          0.        0.     5000.
    37.00      7326.      5000.    261621.   4881.43          0.        0.     5000.
    37.50      7344.      5000.    261718.   4881.45          0.        0.     5000.
    38.00      7363.      5000.    261815.   4881.47          0.        0.     5000.
    38.50      7381.      5000.    261914.   4881.49          0.        0.     5000.
    39.00      7399.      5000.    262013.   4881.51          0.        0.     5000.
    39.50      7418.      5000.    262112.   4881.53          0.        0.     5000.
    40.00      7436.      5000.    262211.   4881.55          0.        0.     5000.
    40.50      7454.      5000.    262313.   4881.57          0.        0.     5000.
    41.00      7473.      5000.    262414.   4881.60          0.        0.     5000.
    41.50      7491.      5000.    262516.   4881.62          0.        0.     5000.
    42.00      7509.      5000.    262620.   4881.64          0.        0.     5000.
    42.50      7528.      5000.    262724.   4881.66          0.        0.     5000.
    43.00      7546.      5000.    262828.   4881.68          0.        0.     5000.
    43.50      7565.      5000.    262934.   4881.70          0.        0.     5000.
    44.00      7583.      5000.    263040.   4881.73          0.        0.     5000.
    44.50      7602.      5000.    263147.   4881.75          0.        0.     5000.
    45.00      7620.      5000.    263255.   4881.77          0.        0.     5000.
    45.50      7639.      5000.    263364.   4881.79          0.        0.     5000.
    46.00      7658.      5000.    263473.   4881.81          0.        0.     5000.
    46.50      7677.      5000.    263584.   4881.84          0.        0.     5000.
    47.00      7696.      5000.    263695.   4881.86          0.        0.     5000.
    47.50      7715.      5000.    263806.   4881.88          0.        0.     5000.
    48.00      7734.      5000.    263919.   4881.91          0.        0.     5000.
    48.50      7754.      5000.    264032.   4881.93          0.        0.     5000.
    49.00      7773.      5000.    264146.   4881.95          0.        0.     5000.
    49.50      7794.      5000.    264261.   4881.98          0.        0.     5000.
    50.00      7815.      5000.    264377.   4882.00          0.        0.     5000.
    50.50      7838.      5000.    264493.   4882.03          0.        0.     5000.
    51.00      7860.      5000.    264611.   4882.05          0.        0.     5000.
    51.50      7883.      5000.    264729.   4882.07          0.        0.     5000.
    52.00      7907.      5000.    264849.   4882.10          0.        0.     5000.
    52.50      7931.      5000.    264970.   4882.12          0.        0.     5000.
    53.00      7956.      5000.    265090.   4882.15          0.        0.     5000.
    53.50      7981.      5000.    265213.   4882.17          0.        0.     5000.
    54.00      8006.      5000.    265336.   4882.20          0.        0.     5000.
    54.50      8032.      5000.    265461.   4882.23          0.        0.     5000.
    55.00      8058.      5000.    265586.   4882.25          0.        0.     5000.
    55.50      8084.      5000.    265714.   4882.28          0.        0.     5000.
    56.00      8110.      5000.    265841.   4882.30          0.        0.     5000.
    56.50      8136.      5000.    265971.   4882.33          0.        0.     5000.
    57.00      8162.      5000.    266101.   4882.36          0.        0.     5000.
    57.50      8196.      5000.    266233.   4882.39          0.        0.     5000.
    58.00      8251.      5000.    266366.   4882.41          0.        0.     5000.
    58.50      8326.      5000.    266503.   4882.44          0.        0.     5000.
    59.00      8409.      5000.    266642.   4882.47          0.        0.     5000.
    59.50      8504.      5000.    266784.   4882.50          0.        0.     5000.
    60.00      8652.      5000.    266933.   4882.53          0.        0.     5000.
    60.50      8957.      5000.    267091.   4882.56          0.        0.     5000.
    61.00      9475.      5000.    267266.   4882.60          0.        0.     5000.
    61.50     10208.      5000.    267466.   4882.64          0.        0.     5000.
    62.00     11524.      5000.    267710.   4882.69          0.        0.     5000.
    62.50     15105.      5000.    268052.   4882.76          0.        0.     5000.
    63.00     40388.      5000.    268992.   4882.96          0.        0.     5000.
    63.50     88962.      5000.    271458.   4883.47          0.        0.     5000.
    64.00    109627.      5000.    275355.   4884.27          0.        0.     5000.
    64.50    122576.      5000.    279946.   4885.22          0.        0.     5000.
    65.00    133405.      5000.    285029.   4886.27          0.        0.     5000.
    65.50    143654.      5000.    290546.   4887.41          0.        0.     5000.
    66.00    153798.      5000.    296486.   4888.64          0.        0.     5000.
    66.50    163600.      5000.    302837.   4889.95          0.        0.     5000.
    67.00    172216.      5000.    309568.   4891.20          0.        0.     5000.
    67.50    179546.      5000.    316629.   4892.50          0.        0.     5000.
    68.00    186129.      5000.    323976.   4893.85          0.        0.     5000.
    68.50    192681.      5000.    331596.   4895.25          0.        0.     5000.
    69.00    199531.      5000.    339493.   4896.71          0.        0.     5000.
    69.50    206338.      5000.    347672.   4898.21          0.        0.     5000.
    70.00    212411.      5000.    356117.   4899.77          0.        0.     5000.
    70.50    217302.      7992.    364729.   4901.20          0.        0.     7992.
    71.00    220910.     13726.    373334.   4902.60          0.        0.    13726.
    71.50    223324.     22299.    381769.   4903.97          0.        0.    22299.
    72.00    224596.     32172.    389897.   4905.29          0.        0.    32172.
    72.50    224892.     42577.    397641.   4906.55          0.        0.    42577.
    73.00    224579.     53557.    404941.   4907.74          0.        0.    53557.
    73.50    223991.     64875.    411763.   4908.85          0.        0.    64875.
    74.00    223208.     75693.    418098.   4909.88          0.        0.    75693.
    74.50    222202.     85395.    423974.   4910.73          0.        0.    85395.
    75.00    220999.     94334.    429416.   4911.51          0.        0.    94334.
    75.50    219550.    102826.    434448.   4912.23          0.        0.   102826.
    76.00    217675.    111066.    439063.   4912.89          0.        0.   111066.
    76.50    215252.    118567.    443264.   4913.49          0.        0.   118567.
    77.00    212334.    125383.    447058.   4914.03          0.        0.   125383.
    77.50    209062.    132150.    450442.   4914.51          0.        0.   132150.
    78.00    205492.    138111.    453423.   4914.94          0.        0.   138111.
    78.50    201659.    143307.    456021.   4915.31          0.        0.   143307.
    79.00    197843.    147784.    458260.   4915.63          0.        0.   147784.
    79.50    193977.    151605.    460171.   4915.90          0.        0.   151605.
    80.00    189530.    154887.    461764.   4916.13          0.        0.   154887.
    80.50    184541.    157566.    463035.   4916.31          0.        0.   157566.
    81.00    179200.    159597.    463999.   4916.45          0.        0.   159597.
    81.50    173599.    161002.    464666.   4916.54          0.        0.   161002.
    82.00    167856.    161815.    465052.   4916.60          0.        0.   161815.
    82.50    162086.    162082.    465179.   4916.62          0.        0.   162082.
    83.00    156317.    161844.    465066.   4916.60          0.        0.   161844.
    83.50    150551.    161146.    464734.   4916.55          0.        0.   161146.
    84.00    144802.    160022.    464201.   4916.48          0.        0.   160022.
    84.50    139063.    158510.    463483.   4916.37          0.        0.   158510.
    85.00    133308.    156644.    462598.   4916.25          0.        0.   156644.
    85.50    127572.    154455.    461559.   4916.10          0.        0.   154455.
    86.00    121866.    152029.    460383.   4915.93          0.        0.   152029.
    86.50    116212.    149411.    459074.   4915.74          0.        0.   149411.
    87.00    110663.    146554.    457645.   4915.54          0.        0.   146554.
    87.50    105304.    143491.    456113.   4915.32          0.        0.   143491.
    88.00    100186.    140258.    454496.   4915.09          0.        0.   140258.
    88.50     95331.    136888.    452811.   4914.85          0.        0.   136888.
    89.00     90723.    133408.    451071.   4914.60          0.        0.   133408.
    89.50     86384.    129847.    449290.   4914.35          0.        0.   129847.
    90.00     82282.    126237.    447486.   4914.09          0.        0.   126237.
    90.50     78418.    122852.    445664.   4913.83          0.        0.   122852.
    91.00     74763.    119562.    443821.   4913.56          0.        0.   119562.
    91.50     71331.    116254.    441968.   4913.30          0.        0.   116254.
    92.00     68079.    112939.    440112.   4913.04          0.        0.   112939.
    92.50     65001.    109637.    438263.   4912.77          0.        0.   109637.
    93.00     61848.    106348.    436420.   4912.51          0.        0.   106348.
    93.50     58749.    103070.    434585.   4912.25          0.        0.   103070.
    94.00     55706.     99826.    432759.   4911.98          0.        0.    99826.
    94.50     52826.     96833.    430937.   4911.72          0.        0.    96833.
    95.00     50142.     93857.    429126.   4911.47          0.        0.    93857.
    95.50     47637.     90903.    427328.   4911.21          0.        0.    90903.
    96.00     45287.     87983.    425550.   4910.96          0.        0.    87983.
    96.50     43102.     85108.    423800.   4910.71          0.        0.    85108.
    97.00     41104.     82284.    422081.   4910.46          0.        0.    82284.
    97.50     39229.     79521.    420399.   4910.22          0.        0.    79521.
    98.00     37534.     76836.    418768.   4909.98          0.        0.    76836.
    98.50     35894.     74103.    417167.   4909.72          0.        0.    74103.
    99.00     34430.     71448.    415612.   4909.47          0.        0.    71448.
    99.50     33004.     68874.    414105.   4909.23          0.        0.    68874.
   100.00     31755.     66387.    412648.   4908.99          0.        0.    66387.
   100.50     30548.     63988.    411243.   4908.76          0.        0.    63988.
   101.00     29390.     61670.    409886.   4908.54          0.        0.    61670.
   101.50     28381.     59435.    408577.   4908.33          0.        0.    59435.
   102.00     27392.     57287.    407319.   4908.12          0.        0.    57287.
   102.50     26465.     55309.    406106.   4907.93          0.        0.    55309.
   103.00     25596.     53543.    404932.   4907.73          0.        0.    53543.
   103.50     24824.     51836.    403797.   4907.55          0.        0.    51836.
   104.00     24099.     50187.    402701.   4907.37          0.        0.    50187.
   104.50     23392.     48593.    401641.   4907.20          0.        0.    48593.
   105.00     22726.     47053.    400617.   4907.03          0.        0.    47053.
   105.50     22108.     45567.    399629.   4906.87          0.        0.    45567.
   106.00     21534.     44135.    398677.   4906.72          0.        0.    44135.
   106.50     21018.     42757.    397761.   4906.57          0.        0.    42757.
   107.00     20544.     41434.    396881.   4906.43          0.        0.    41434.
   107.50     20074.     40160.    396035.   4906.29          0.        0.    40160.
   108.00     19611.     38936.    395221.   4906.16          0.        0.    38936.
   108.50     19165.     37757.    394437.   4906.03          0.        0.    37757.
   109.00     18740.     36790.    393683.   4905.91          0.        0.    36790.
   109.50     18342.     35892.    392948.   4905.79          0.        0.    35892.
   110.00     17971.     35021.    392233.   4905.67          0.        0.    35021.
   110.50     17632.     34175.    391540.   4905.56          0.        0.    34175.
   111.00     17323.     33354.    390867.   4905.45          0.        0.    33354.
   111.50     17014.     32560.    390215.   4905.34          0.        0.    32560.
   112.00     16721.     31787.    389582.   4905.24          0.        0.    31787.
   112.50     16458.     31040.    388969.   4905.14          0.        0.    31040.
   113.00     16213.     30319.    388378.   4905.04          0.        0.    30319.
   113.50     15964.     29619.    387804.   4904.95          0.        0.    29619.
   114.00     15716.     28942.    387249.   4904.86          0.        0.    28942.
   114.50     15475.     28286.    386711.   4904.77          0.        0.    28286.
   115.00     15242.     27649.    386189.   4904.69          0.        0.    27649.
   115.50     15038.     27034.    385684.   4904.60          0.        0.    27034.
   116.00     14852.     26440.    385198.   4904.53          0.        0.    26440.
   116.50     14671.     25865.    384726.   4904.45          0.        0.    25865.
   117.00     14492.     25313.    384273.   4904.38          0.        0.    25313.
   117.50     14325.     24778.    383835.   4904.30          0.        0.    24778.
   118.00     14167.     24261.    383411.   4904.23          0.        0.    24261.
   118.50     14010.     23760.    383000.   4904.17          0.        0.    23760.
   119.00     13858.     23276.    382604.   4904.10          0.        0.    23276.
   119.50     13719.     22811.    382222.   4904.04          0.        0.    22811.
   120.00     13586.     22384.    381853.   4903.98          0.        0.    22384.
   120.50     13452.     22021.    381496.   4903.92          0.        0.    22021.
   121.00     13320.     21667.    381147.   4903.87          0.        0.    21667.
   121.50     13198.     21322.    380808.   4903.81          0.        0.    21322.
   122.00     13081.     20986.    380478.   4903.76          0.        0.    20986.
   122.50     12966.     20660.    380156.   4903.71          0.        0.    20660.
   123.00     12853.     20342.    379844.   4903.65          0.        0.    20342.
   123.50     12744.     20031.    379538.   4903.60          0.        0.    20031.
   124.00     12644.     19729.    379241.   4903.56          0.        0.    19729.
   124.50     12548.     19436.    378952.   4903.51          0.        0.    19436.
   125.00     12453.     19152.    378673.   4903.46          0.        0.    19152.
   125.50     12360.     18875.    378400.   4903.42          0.        0.    18875.
   126.00     12269.     18606.    378136.   4903.38          0.        0.    18606.
   126.50     12180.     18344.    377877.   4903.33          0.        0.    18344.
   127.00     12096.     18087.    377625.   4903.29          0.        0.    18087.
   127.50     12013.     17840.    377382.   4903.25          0.        0.    17840.
   128.00     11933.     17599.    377145.   4903.22          0.        0.    17599.
   128.50     11855.     17364.    376913.   4903.18          0.        0.    17364.
   129.00      8502.     17068.    376622.   4903.13          0.        0.    17068.
   129.50      8497.     16717.    376277.   4903.07          0.        0.    16717.
   130.00      8492.     16378.    375944.   4903.02          0.        0.    16378.
   130.50      8486.     16055.    375625.   4902.97          0.        0.    16055.
   131.00      8480.     15743.    375319.   4902.92          0.        0.    15743.
   131.50      8474.     15444.    375025.   4902.87          0.        0.    15444.
   132.00      8469.     15157.    374743.   4902.83          0.        0.    15157.
   132.50      8462.     14883.    374472.   4902.78          0.        0.    14883.
   133.00      8456.     14617.    374211.   4902.74          0.        0.    14617.
   133.50      8450.     14364.    373962.   4902.70          0.        0.    14364.
   134.00      8444.     14120.    373722.   4902.66          0.        0.    14120.
   134.50      8438.     13885.    373490.   4902.62          0.        0.    13885.
   135.00      8431.     13662.    373271.   4902.59          0.        0.    13662.
   135.50      8425.     13445.    373058.   4902.55          0.        0.    13445.
   136.00      8418.     13238.    372854.   4902.52          0.        0.    13238.
   136.50      8412.     13040.    372659.   4902.49          0.        0.    13040.
   137.00      8406.     12850.    372473.   4902.46          0.        0.    12850.
   137.50      8399.     12667.    372292.   4902.43          0.        0.    12667.
   138.00      8393.     12490.    372118.   4902.40          0.        0.    12490.
   138.50      8386.     12322.    371953.   4902.37          0.        0.    12322.
   139.00      8380.     12161.    371794.   4902.35          0.        0.    12161.
   139.50      8374.     12005.    371641.   4902.32          0.        0.    12005.
   140.00      8367.     11855.    371494.   4902.30          0.        0.    11855.
   140.50      8361.     11712.    371353.   4902.27          0.        0.    11712.
   141.00      8355.     11575.    371217.   4902.25          0.        0.    11575.
   141.50      8349.     11443.    371088.   4902.23          0.        0.    11443.
   142.00      8343.     11315.    370962.   4902.21          0.        0.    11315.
   142.50      8337.     11193.    370842.   4902.19          0.        0.    11193.
   143.00      8332.     11074.    370725.   4902.17          0.        0.    11074.
   143.50      8326.     10961.    370614.   4902.15          0.        0.    10961.
   144.00      8321.     10851.    370506.   4902.14          0.        0.    10851.
   144.50      8315.     10748.    370404.   4902.12          0.        0.    10748.
   145.00      8310.     10647.    370305.   4902.10          0.        0.    10647.
   145.50      8305.     10549.    370208.   4902.09          0.        0.    10549.
   146.00      8300.     10458.    370118.   4902.07          0.        0.    10458.
   146.50      8295.     10369.    370031.   4902.06          0.        0.    10369.
   147.00      8290.     10284.    369947.   4902.05          0.        0.    10284.
   147.50      8285.     10201.    369866.   4902.03          0.        0.    10201.
   148.00      8280.     10122.    369788.   4902.02          0.        0.    10122.
   148.50      8274.     10046.    369713.   4902.01          0.        0.    10046.
   149.00      8269.      9989.    369641.   4902.00          0.        0.     9989.
   149.50      8264.      9960.    369569.   4901.98          0.        0.     9960.
   150.00      8259.      9932.    369500.   4901.97          0.        0.     9932.
   150.50      8254.      9904.    369431.   4901.96          0.        0.     9904.
   151.00      8249.      9875.    369362.   4901.95          0.        0.     9875.
   151.50      8244.      9849.    369296.   4901.94          0.        0.     9849.
   152.00      8239.      9822.    369230.   4901.93          0.        0.     9822.
   152.50      8234.      9795.    369164.   4901.92          0.        0.     9795.
   153.00      8229.      9769.    369101.   4901.91          0.        0.     9769.
   153.50      8224.      9744.    369037.   4901.90          0.        0.     9744.
   154.00      8219.      9718.    368974.   4901.89          0.        0.     9718.
   154.50      8214.      9694.    368914.   4901.88          0.        0.     9694.
   155.00      8209.      9669.    368854.   4901.87          0.        0.     9669.
   155.50      8204.      9645.    368794.   4901.86          0.        0.     9645.
   156.00      8199.      9620.    368734.   4901.85          0.        0.     9620.
   156.50      8194.      9597.    368677.   4901.84          0.        0.     9597.
   157.00      8189.      9574.    368620.   4901.83          0.        0.     9574.
   157.50      8183.      9551.    368563.   4901.82          0.        0.     9551.
   158.00      8178.      9528.    368506.   4901.81          0.        0.     9528.
   158.50      8173.      9506.    368452.   4901.80          0.        0.     9506.
   159.00      8168.      9484.    368398.   4901.79          0.        0.     9484.
   159.50      8163.      9462.    368344.   4901.78          0.        0.     9462.
   160.00      8157.      9440.    368290.   4901.78          0.        0.     9440.
   160.50      8152.      9418.    368236.   4901.77          0.        0.     9418.
   161.00      8147.      9397.    368185.   4901.76          0.        0.     9397.
   161.50      8141.      9376.    368134.   4901.75          0.        0.     9376.
   162.00      8136.      9355.    368083.   4901.74          0.        0.     9355.
   162.50      8130.      9335.    368032.   4901.73          0.        0.     9335.
   163.00      8125.      9315.    367984.   4901.73          0.        0.     9315.
   163.50      8119.      9296.    367935.   4901.72          0.        0.     9296.
   164.00      8113.      9276.    367887.   4901.71          0.        0.     9276.
   164.50      8108.      9257.    367839.   4901.70          0.        0.     9257.
   165.00      8102.      9237.    367791.   4901.69          0.        0.     9237.
   165.50      8096.      9218.    367743.   4901.69          0.        0.     9218.
   166.00      8090.      9199.    367698.   4901.68          0.        0.     9199.
   166.50      8084.      9181.    367653.   4901.67          0.        0.     9181.
   167.00      8078.      9163.    367608.   4901.67          0.        0.     9163.
   167.50      8072.      9144.    367563.   4901.66          0.        0.     9144.
   168.00      8066.      9126.    367518.   4901.65          0.        0.     9126.
   168.50      8060.      9108.    367473.   4901.64          0.        0.     9108.
   169.00      8054.      9091.    367431.   4901.64          0.        0.     9091.
   169.50      8047.      9073.    367389.   4901.63          0.        0.     9073.
   170.00      8040.      9056.    367347.   4901.62          0.        0.     9056.
   170.50      8032.      9039.    367305.   4901.62          0.        0.     9039.
   171.00      8024.      9022.    367263.   4901.61          0.        0.     9022.
   171.50      8016.      9005.    367221.   4901.60          0.        0.     9005.
   172.00      8008.      8988.    367179.   4901.60          0.        0.     8988.
   172.50      7999.      8972.    367140.   4901.59          0.        0.     8972.
   173.00      7990.      8956.    367101.   4901.58          0.        0.     8956.
   173.50      7981.      8940.    367062.   4901.58          0.        0.     8940.
   174.00      7972.      8925.    367023.   4901.57          0.        0.     8925.
   174.50      7962.      8909.    366984.   4901.56          0.        0.     8909.
   175.00      7953.      8893.    366945.   4901.56          0.        0.     8893.
   175.50      7943.      8877.    366906.   4901.55          0.        0.     8877.
   176.00      7933.      8861.    366867.   4901.54          0.        0.     8861.
   176.50      7923.      8845.    366827.   4901.54          0.        0.     8845.
   177.00      7913.      8829.    366788.   4901.53          0.        0.     8829.
   177.50      7903.      8813.    366749.   4901.53          0.        0.     8813.
   178.00      7893.      8798.    366710.   4901.52          0.        0.     8798.
   178.50      7883.      8783.    366674.   4901.51          0.        0.     8783.
   179.00      7873.      8768.    366638.   4901.51          0.        0.     8768.
   179.50      7864.      8754.    366602.   4901.50          0.        0.     8754.
   180.00      7854.      8739.    366566.   4901.50          0.        0.     8739.
   180.50      7844.      8724.    366530.   4901.49          0.        0.     8724.
   181.00      7834.      8710.    366494.   4901.48          0.        0.     8710.
   181.50      7825.      8695.    366458.   4901.48          0.        0.     8695.
   182.00      7816.      8680.    366422.   4901.47          0.        0.     8680.
   182.50      7807.      8666.    366386.   4901.47          0.        0.     8666.
   183.00      7798.      8651.    366350.   4901.46          0.        0.     8651.
   183.50      7789.      8636.    366314.   4901.45          0.        0.     8636.
   184.00      7781.      8622.    366278.   4901.45          0.        0.     8622.
   184.50      7773.      8607.    366242.   4901.44          0.        0.     8607.
   185.00      7765.      8594.    366209.   4901.44          0.        0.     8594.
   185.50      7758.      8580.    366176.   4901.43          0.        0.     8580.
   186.00      7751.      8567.    366143.   4901.43          0.        0.     8567.
   186.50      7744.      8553.    366110.   4901.42          0.        0.     8553.
   187.00      7738.      8540.    366077.   4901.42          0.        0.     8540.
   187.50      7732.      8527.    366044.   4901.41          0.        0.     8527.
   188.00      7727.      8513.    366011.   4901.41          0.        0.     8513.
   188.50      7722.      8500.    365978.   4901.40          0.        0.     8500.
   189.00      7718.      8486.    365945.   4901.39          0.        0.     8486.
   189.50      7714.      8473.    365912.   4901.39          0.        0.     8473.
   190.00      7710.      8461.    365882.   4901.38          0.        0.     8461.
   190.50      7708.      8448.    365852.   4901.38          0.        0.     8448.
   191.00      7705.      8436.    365822.   4901.37          0.        0.     8436.
   191.50      7704.      8424.    365792.   4901.37          0.        0.     8424.
   192.00      7703.      8412.    365762.   4901.36          0.        0.     8412.
   192.50      7703.      8400.    365731.   4901.36          0.        0.     8400.
   193.00      7703.      8389.    365704.   4901.36          0.        0.     8389.
   193.50      7703.      8378.    365677.   4901.35          0.        0.     8378.
   194.00      7703.      8367.    365650.   4901.35          0.        0.     8367.
   194.50      7703.      8356.    365623.   4901.34          0.        0.     8356.
   195.00      7703.      8345.    365596.   4901.34          0.        0.     8345.
   195.50      7703.      8334.    365569.   4901.33          0.        0.     8334.
   196.00      7703.      8323.    365542.   4901.33          0.        0.     8323.
   196.50      7703.      8313.    365518.   4901.33          0.        0.     8313.
   197.00      7703.      8303.    365494.   4901.32          0.        0.     8303.
   197.50      7703.      8293.    365470.   4901.32          0.        0.     8293.
   198.00      7703.      8284.    365446.   4901.31          0.        0.     8284.
   198.50      7703.      8274.    365422.   4901.31          0.        0.     8274.
   199.00      7703.      8264.    365398.   4901.31          0.        0.     8264.
   199.50      7703.      8254.    365374.   4901.30          0.        0.     8254.
   200.00      7703.      8245.    365350.   4901.30          0.        0.     8245.
   200.50      7703.      8236.    365329.   4901.29          0.        0.     8236.
   201.00      7703.      8228.    365308.   4901.29          0.        0.     8228.
   201.50      7703.      8219.    365287.   4901.29          0.        0.     8219.
   202.00      7703.      8210.    365266.   4901.28          0.        0.     8210.
   202.50      7703.      8202.    365245.   4901.28          0.        0.     8202.
   203.00      7703.      8193.    365224.   4901.28          0.        0.     8193.
   203.50      7703.      8185.    365203.   4901.27          0.        0.     8185.
   204.00      7703.      8176.    365182.   4901.27          0.        0.     8176.
   204.50      7703.      8169.    365164.   4901.27          0.        0.     8169.
   205.00      7703.      8162.    365146.   4901.26          0.        0.     8162.
   205.50      7703.      8154.    365128.   4901.26          0.        0.     8154.
   206.00      7703.      8147.    365110.   4901.26          0.        0.     8147.
   206.50      7703.      8140.    365092.   4901.26          0.        0.     8140.
   207.00      7703.      8132.    365074.   4901.25          0.        0.     8132.
   207.50      7703.      8125.    365056.   4901.25          0.        0.     8125.
   208.00      7703.      8118.    365038.   4901.25          0.        0.     8118.
   208.50      7703.      8110.    365020.   4901.24          0.        0.     8110.
   209.00      7703.      8103.    365002.   4901.24          0.        0.     8103.
   209.50      7703.      8097.    364987.   4901.24          0.        0.     8097.
   210.00      7703.      8091.    364972.   4901.24          0.        0.     8091.
   210.50      7703.      8085.    364957.   4901.23          0.        0.     8085.
   211.00      7703.      8079.    364942.   4901.23          0.        0.     8079.
   211.50      7703.      8073.    364927.   4901.23          0.        0.     8073.
   212.00      7703.      8066.    364912.   4901.23          0.        0.     8066.
   212.50      7703.      8060.    364897.   4901.22          0.        0.     8060.
   213.00      7703.      8054.    364882.   4901.22          0.        0.     8054.
   213.50      7703.      8048.    364867.   4901.22          0.        0.     8048.
   214.00      7703.      8042.    364852.   4901.22          0.        0.     8042.
   214.50      7703.      8036.    364837.   4901.21          0.        0.     8036.
   215.00      7703.      8030.    364822.   4901.21          0.        0.     8030.
   215.50      7703.      8025.    364810.   4901.21          0.        0.     8025.
   216.00      7703.      8020.    364798.   4901.21          0.        0.     8020.
   216.50      7703.      8015.    364786.   4901.21          0.        0.     8015.
   217.00      7702.      8010.    364774.   4901.20          0.        0.     8010.
   217.50      7702.      8005.    364762.   4901.20          0.        0.     8005.
   218.00      7700.      8000.    364750.   4901.20          0.        0.     8000.
   218.50      7699.      7996.    364738.   4901.20          0.        0.     7996.
   219.00      7697.      7991.    364726.   4901.20          0.        0.     7991.
   219.50      7694.      7986.    364714.   4901.19          0.        0.     7986.
   220.00      7692.      7981.    364702.   4901.19          0.        0.     7981.
   220.50      7688.      7976.    364690.   4901.19          0.        0.     7976.
   221.00      7685.      7971.    364678.   4901.19          0.        0.     7971.
   221.50      7681.      7966.    364666.   4901.19          0.        0.     7966.
   222.00      7677.      7961.    364654.   4901.18          0.        0.     7961.
   222.50      7672.      7957.    364642.   4901.18          0.        0.     7957.
   223.00      7667.      7952.    364630.   4901.18          0.        0.     7952.
   223.50      7662.      7947.    364617.   4901.18          0.        0.     7947.
   224.00      7656.      7942.    364605.   4901.18          0.        0.     7942.
   224.50      7650.      7937.    364593.   4901.17          0.        0.     7937.
   225.00      7644.      7932.    364581.   4901.17          0.        0.     7932.
   225.50      7638.      7927.    364569.   4901.17          0.        0.     7927.
   226.00      7631.      7922.    364557.   4901.17          0.        0.     7922.
   226.50      7624.      7917.    364545.   4901.17          0.        0.     7917.
   227.00      7617.      7913.    364533.   4901.17          0.        0.     7913.
   227.50      7610.      7908.    364521.   4901.16          0.        0.     7908.
   228.00      7603.      7903.    364509.   4901.16          0.        0.     7903.
   228.50      7595.      7898.    364497.   4901.16          0.        0.     7898.
   229.00      7587.      7893.    364485.   4901.16          0.        0.     7893.
   229.50      7579.      7888.    364473.   4901.16          0.        0.     7888.
   230.00      7571.      7883.    364461.   4901.15          0.        0.     7883.
   230.50      7562.      7878.    364449.   4901.15          0.        0.     7878.
   231.00      7554.      7874.    364437.   4901.15          0.        0.     7874.
   231.50      7545.      7869.    364425.   4901.15          0.        0.     7869.
   232.00      7537.      7864.    364413.   4901.15          0.        0.     7864.
   232.50      7528.      7858.    364398.   4901.14          0.        0.     7858.
   233.00      7519.      7852.    364383.   4901.14          0.        0.     7852.
   233.50      7510.      7845.    364368.   4901.14          0.        0.     7845.
   234.00      7501.      7839.    364353.   4901.14          0.        0.     7839.
   234.50      7492.      7833.    364338.   4901.13          0.        0.     7833.
   235.00      7483.      7827.    364323.   4901.13          0.        0.     7827.
   235.50      7474.      7821.    364308.   4901.13          0.        0.     7821.
   236.00      7465.      7815.    364293.   4901.13          0.        0.     7815.
   236.50      7456.      7809.    364278.   4901.12          0.        0.     7809.
   237.00      7447.      7803.    364263.   4901.12          0.        0.     7803.
   237.50      7438.      7797.    364248.   4901.12          0.        0.     7797.
   238.00      7429.      7791.    364233.   4901.12          0.        0.     7791.
   238.50      7420.      7784.    364218.   4901.11          0.        0.     7784.
   239.00      7412.      7778.    364203.   4901.11          0.        0.     7778.
   239.50      7403.      7772.    364188.   4901.11          0.        0.     7772.
   240.00      7394.      7766.    364173.   4901.11          0.        0.     7766.
   240.50      7386.      7760.    364158.   4901.10          0.        0.     7760.
   241.00      7377.      7754.    364143.   4901.10          0.        0.     7754.
   241.50      7367.      7748.    364128.   4901.10          0.        0.     7748.
   242.00      7357.      7742.    364113.   4901.10          0.        0.     7742.
   242.50      7346.      7736.    364098.   4901.09          0.        0.     7736.
   243.00      7335.      7729.    364083.   4901.09          0.        0.     7729.
   243.50      7323.      7723.    364068.   4901.09          0.        0.     7723.
   244.00      7310.      7716.    364050.   4901.09          0.        0.     7716.
   244.50      7297.      7709.    364032.   4901.08          0.        0.     7709.
   245.00      7284.      7701.    364014.   4901.08          0.        0.     7701.
   245.50      7270.      7694.    363996.   4901.08          0.        0.     7694.
   246.00      7256.      7687.    363978.   4901.07          0.        0.     7687.
   246.50      7241.      7679.    363960.   4901.07          0.        0.     7679.
   247.00      7226.      7672.    363942.   4901.07          0.        0.     7672.
   247.50      7211.      7665.    363924.   4901.07          0.        0.     7665.
   248.00      7196.      7657.    363906.   4901.06          0.        0.     7657.
   248.50      7180.      7650.    363888.   4901.06          0.        0.     7650.
   249.00      7164.      7642.    363867.   4901.06          0.        0.     7642.
   249.50      7149.      7633.    363846.   4901.05          0.        0.     7633.
   250.00      7133.      7625.    363825.   4901.05          0.        0.     7625.
   250.50      7117.      7616.    363804.   4901.05          0.        0.     7616.
   251.00      7101.      7607.    363783.   4901.04          0.        0.     7607.
   251.50      7085.      7599.    363762.   4901.04          0.        0.     7599.
   252.00      7070.      7590.    363741.   4901.04          0.        0.     7590.
   252.50      7054.      7582.    363720.   4901.03          0.        0.     7582.
   253.00      7039.      7573.    363699.   4901.03          0.        0.     7573.
   253.50      7024.      7565.    363678.   4901.03          0.        0.     7565.
   254.00      7009.      7556.    363657.   4901.02          0.        0.     7556.
   254.50      6994.      7546.    363633.   4901.02          0.        0.     7546.
   255.00      6980.      7537.    363609.   4901.01          0.        0.     7537.
   255.50      6966.      7527.    363585.   4901.01          0.        0.     7527.
   256.00      6953.      7517.    363561.   4901.01          0.        0.     7517.
   256.50      6940.      7507.    363537.   4901.00          0.        0.     7507.
   257.00      6927.      7498.    363513.   4901.00          0.        0.     7498.
   257.50      6915.      7488.    363488.   4901.00          0.        0.     7488.
   258.00      6904.      7478.    363464.   4900.99          0.        0.     7478.
   258.50      6893.      7468.    363440.   4900.99          0.        0.     7468.
   259.00      6883.      7458.    363416.   4900.98          0.        0.     7458.
   259.50      6873.      7449.    363392.   4900.98          0.        0.     7449.
   260.00      6864.      7439.    363368.   4900.98          0.        0.     7439.
   260.50      6856.      7429.    363344.   4900.97          0.        0.     7429.
   261.00      6849.      7419.    363320.   4900.97          0.        0.     7419.
   261.50      6843.      7410.    363296.   4900.96          0.        0.     7410.
   262.00      6837.      7400.    363272.   4900.96          0.        0.     7400.
   262.50      6832.      7390.    363248.   4900.96          0.        0.     7390.
   263.00      6829.      7380.    363224.   4900.95          0.        0.     7380.
   263.50      6826.      7371.    363200.   4900.95          0.        0.     7371.
   264.00      6825.      7362.    363179.   4900.94          0.        0.     7362.
   264.50      6824.      7354.    363158.   4900.94          0.        0.     7354.
   265.00      6824.      7345.    363137.   4900.94          0.        0.     7345.
   265.50      6824.      7336.    363116.   4900.93          0.        0.     7336.
   266.00      6825.      7328.    363095.   4900.93          0.        0.     7328.
   266.50      6825.      7319.    363074.   4900.93          0.        0.     7319.
   267.00      6826.      7311.    363053.   4900.92          0.        0.     7311.
   267.50      6827.      7302.    363032.   4900.92          0.        0.     7302.
   268.00      6828.      7295.    363014.   4900.92          0.        0.     7295.
   268.50      6829.      7288.    362996.   4900.92          0.        0.     7288.
   269.00      6830.      7280.    362978.   4900.91          0.        0.     7280.
   269.50      6831.      7273.    362960.   4900.91          0.        0.     7273.
   270.00      6832.      7266.    362942.   4900.91          0.        0.     7266.
   270.50      6834.      7258.    362924.   4900.90          0.        0.     7258.
   271.00      6835.      7251.    362906.   4900.90          0.        0.     7251.
   271.50      6837.      7244.    362888.   4900.90          0.        0.     7244.
   272.00      6838.      7236.    362870.   4900.89          0.        0.     7236.
   272.50      6840.      7230.    362855.   4900.89          0.        0.     7230.
   273.00      6842.      7224.    362840.   4900.89          0.        0.     7224.
   273.50      6843.      7218.    362825.   4900.89          0.        0.     7218.
   274.00      6845.      7212.    362810.   4900.88          0.        0.     7212.
   274.50      6847.      7206.    362795.   4900.88          0.        0.     7206.
   275.00      6849.      7200.    362780.   4900.88          0.        0.     7200.
   275.50      6851.      7194.    362765.   4900.88          0.        0.     7194.
   276.00      6853.      7188.    362750.   4900.88          0.        0.     7188.
   276.50      6855.      7181.    362735.   4900.87          0.        0.     7181.
   277.00      6857.      7177.    362723.   4900.87          0.        0.     7177.
   277.50      6858.      7172.    362711.   4900.87          0.        0.     7172.
   278.00      6860.      7167.    362699.   4900.87          0.        0.     7167.
   278.50      6862.      7162.    362687.   4900.86          0.        0.     7162.
   279.00      6864.      7157.    362675.   4900.86          0.        0.     7157.
   279.50      6866.      7152.    362663.   4900.86          0.        0.     7152.
   280.00      6868.      7147.    362651.   4900.86          0.        0.     7147.
   280.50      6869.      7142.    362639.   4900.86          0.        0.     7142.
   281.00      6871.      7137.    362627.   4900.85          0.        0.     7137.
   281.50      6873.      7133.    362615.   4900.85          0.        0.     7133.
   282.00      6874.      7128.    362603.   4900.85          0.        0.     7128.
   282.50      6876.      7124.    362594.   4900.85          0.        0.     7124.
   283.00      6877.      7120.    362585.   4900.85          0.        0.     7120.
   283.50      6878.      7117.    362576.   4900.85          0.        0.     7117.
   284.00      6880.      7113.    362567.   4900.85          0.        0.     7113.
   284.50      6881.      7109.    362558.   4900.84          0.        0.     7109.
   285.00      6882.      7106.    362549.   4900.84          0.        0.     7106.
   285.50      6883.      7102.    362540.   4900.84          0.        0.     7102.
   286.00      6883.      7098.    362531.   4900.84          0.        0.     7098.
   286.50      6884.      7095.    362522.   4900.84          0.        0.     7095.
   287.00      6885.      7091.    362513.   4900.84          0.        0.     7091.
   287.50      6885.      7087.    362504.   4900.83          0.        0.     7087.
   288.00      6885.      7084.    362495.   4900.83          0.        0.     7084.
   288.50      6885.      7080.    362486.   4900.83          0.        0.     7080.
   289.00      6885.      7076.    362477.   4900.83          0.        0.     7076.
   289.50      6884.      7073.    362468.   4900.83          0.        0.     7073.
   290.00      6883.      7069.    362459.   4900.83          0.        0.     7069.
   290.50      6881.      7065.    362450.   4900.83          0.        0.     7065.
   291.00      6879.      7062.    362441.   4900.82          0.        0.     7062.
   291.50      6876.      7058.    362432.   4900.82          0.        0.     7058.
   292.00      6873.      7056.    362426.   4900.82          0.        0.     7056.
   292.50      6870.      7052.    362417.   4900.82          0.        0.     7052.
   293.00      6866.      7048.    362408.   4900.82          0.        0.     7048.
   293.50      6862.      7045.    362399.   4900.82          0.        0.     7045.
   294.00      6857.      7041.    362390.   4900.82          0.        0.     7041.
   294.50      6852.      7037.    362380.   4900.81          0.        0.     7037.
   295.00      6847.      7034.    362371.   4900.81          0.        0.     7034.
   295.50      6842.      7030.    362362.   4900.81          0.        0.     7030.
   296.00      6836.      7026.    362353.   4900.81          0.        0.     7026.
   296.50      6830.      7023.    362344.   4900.81          0.        0.     7023.
   297.00      6824.      7019.    362335.   4900.81          0.        0.     7019.
   297.50      6817.      7015.    362326.   4900.81          0.        0.     7015.
   298.00      6811.      7012.    362317.   4900.80          0.        0.     7012.
   298.50      6804.      7008.    362308.   4900.80          0.        0.     7008.
   299.00      6797.      7004.    362299.   4900.80          0.        0.     7004.
   299.50      6790.      7001.    362290.   4900.80          0.        0.     7001.
   300.00      6783.      6997.    362281.   4900.80          0.        0.     6997.
   300.50      6776.      6993.    362272.   4900.80          0.        0.     6993.
   301.00      6769.      6990.    362263.   4900.80          0.        0.     6990.
   301.50      6761.      6986.    362254.   4900.79          0.        0.     6986.
   302.00      6754.      6982.    362245.   4900.79          0.        0.     6982.
   302.50      6747.      6979.    362236.   4900.79          0.        0.     6979.
   303.00      6739.      6975.    362227.   4900.79          0.        0.     6975.
   303.50      6732.      6971.    362218.   4900.79          0.        0.     6971.
   304.00      6725.      6968.    362209.   4900.79          0.        0.     6968.
   304.50      6718.      6964.    362200.   4900.79          0.        0.     6964.
   305.00      6711.      6960.    362191.   4900.78          0.        0.     6960.
   305.50      6704.      6957.    362182.   4900.78          0.        0.     6957.
   306.00      6697.      6953.    362173.   4900.78          0.        0.     6953.
   306.50      6690.      6948.    362161.   4900.78          0.        0.     6948.
   307.00      6684.      6943.    362149.   4900.78          0.        0.     6943.
   307.50      6678.      6938.    362137.   4900.78          0.        0.     6938.
   308.00      6672.      6934.    362125.   4900.77          0.        0.     6934.
   308.50      6666.      6929.    362113.   4900.77          0.        0.     6929.
   309.00      6660.      6924.    362101.   4900.77          0.        0.     6924.
   309.50      6655.      6919.    362089.   4900.77          0.        0.     6919.
   310.00      6650.      6914.    362077.   4900.77          0.        0.     6914.
   310.50      6645.      6909.    362065.   4900.76          0.        0.     6909.
   311.00      6641.      6904.    362053.   4900.76          0.        0.     6904.
   311.50      6637.      6899.    362041.   4900.76          0.        0.     6899.
   312.00      6633.      6895.    362029.   4900.76          0.        0.     6895.
   312.50      6630.      6890.    362017.   4900.76          0.        0.     6890.
   313.00      6627.      6885.    362005.   4900.75          0.        0.     6885.
   313.50      6624.      6880.    361993.   4900.75          0.        0.     6880.
   314.00      6621.      6875.    361981.   4900.75          0.        0.     6875.
   314.50      6619.      6871.    361972.   4900.75          0.        0.     6871.
   315.00      6616.      6868.    361963.   4900.75          0.        0.     6868.
   315.50      6614.      6864.    361954.   4900.75          0.        0.     6864.
   316.00      6611.      6860.    361945.   4900.74          0.        0.     6860.
   316.50      6609.      6857.    361936.   4900.74          0.        0.     6857.
   317.00      6607.      6853.    361927.   4900.74          0.        0.     6853.
   317.50      6604.      6849.    361918.   4900.74          0.        0.     6849.
   318.00      6602.      6846.    361909.   4900.74          0.        0.     6846.
   318.50      6600.      6842.    361900.   4900.74          0.        0.     6842.
   319.00      6598.      6838.    361891.   4900.74          0.        0.     6838.
   319.50      6596.      6835.    361882.   4900.73          0.        0.     6835.
   320.00      6594.      6831.    361873.   4900.73          0.        0.     6831.
   320.50      6593.      6827.    361864.   4900.73          0.        0.     6827.
   321.00      6591.      6824.    361855.   4900.73          0.        0.     6824.
   321.50      6589.      6820.    361846.   4900.73          0.        0.     6820.
   322.00      6587.      6816.    361837.   4900.73          0.        0.     6816.
   322.50      6586.      6813.    361828.   4900.73          0.        0.     6813.
   323.00      6584.      6809.    361819.   4900.72          0.        0.     6809.
   323.50      6582.      6805.    361810.   4900.72          0.        0.     6805.
   324.00      6580.      6802.    361801.   4900.72          0.        0.     6802.
   324.50      6579.      6798.    361792.   4900.72          0.        0.     6798.
   325.00      6577.      6794.    361783.   4900.72          0.        0.     6794.
   325.50      6575.      6791.    361774.   4900.72          0.        0.     6791.
   326.00      6574.      6787.    361765.   4900.71          0.        0.     6787.
   326.50      6572.      6783.    361756.   4900.71          0.        0.     6783.
   327.00      6570.      6780.    361747.   4900.71          0.        0.     6780.
   327.50      6569.      6776.    361738.   4900.71          0.        0.     6776.
   328.00      6567.      6772.    361729.   4900.71          0.        0.     6772.
   328.50      6565.      6769.    361720.   4900.71          0.        0.     6769.
   329.00      6563.      6765.    361711.   4900.71          0.        0.     6765.
   329.50      6561.      6761.    361702.   4900.70          0.        0.     6761.
   330.00      6559.      6758.    361693.   4900.70          0.        0.     6758.
   330.50      6557.      6754.    361684.   4900.70          0.        0.     6754.
   331.00      6555.      6750.    361675.   4900.70          0.        0.     6750.
   331.50      6553.      6747.    361666.   4900.70          0.        0.     6747.
   332.00      6551.      6743.    361657.   4900.70          0.        0.     6743.
   332.50      6549.      6740.    361648.   4900.70          0.        0.     6740.
   333.00      6546.      6736.    361639.   4900.69          0.        0.     6736.
   333.50      6544.      6732.    361630.   4900.69          0.        0.     6732.
   334.00      6542.      6729.    361621.   4900.69          0.        0.     6729.
   334.50      6539.      6725.    361612.   4900.69          0.        0.     6725.
   335.00      6536.      6721.    361603.   4900.69          0.        0.     6721.
   335.50      6534.      6718.    361594.   4900.69          0.        0.     6718.
   336.00      6531.      6714.    361585.   4900.69          0.        0.     6714.
   336.50      6528.      6710.    361576.   4900.68          0.        0.     6710.
   337.00      6525.      6708.    361570.   4900.68          0.        0.     6708.
   337.50      6521.      6704.    361561.   4900.68          0.        0.     6704.
   338.00      6518.      6700.    361552.   4900.68          0.        0.     6700.
   338.50      6514.      6697.    361543.   4900.68          0.        0.     6697.
   339.00      6511.      6693.    361534.   4900.68          0.        0.     6693.
   339.50      6507.      6689.    361525.   4900.68          0.        0.     6689.
   340.00      6503.      6686.    361516.   4900.67          0.        0.     6686.
   340.50      6499.      6682.    361507.   4900.67          0.        0.     6682.
   341.00      6495.      6678.    361498.   4900.67          0.        0.     6678.
   341.50      6491.      6675.    361489.   4900.67          0.        0.     6675.
   342.00      6486.      6671.    361480.   4900.67          0.        0.     6671.
   342.50      6482.      6667.    361471.   4900.67          0.        0.     6667.
   343.00      6477.      6664.    361462.   4900.67          0.        0.     6664.
   343.50      6473.      6660.    361453.   4900.66          0.        0.     6660.
   344.00      6468.      6656.    361444.   4900.66          0.        0.     6656.
   344.50      6463.      6653.    361435.   4900.66          0.        0.     6653.
   345.00      6458.      6649.    361426.   4900.66          0.        0.     6649.
   345.50      6453.      6646.    361417.   4900.66          0.        0.     6646.
   346.00      6448.      6642.    361408.   4900.66          0.        0.     6642.
   346.50      6443.      6638.    361399.   4900.66          0.        0.     6638.
   347.00      6437.      6635.    361390.   4900.65          0.        0.     6635.
   347.50      6432.      6631.    361381.   4900.65          0.        0.     6631.
   348.00      6427.      6627.    361372.   4900.65          0.        0.     6627.
   348.50      6421.      6624.    361363.   4900.65          0.        0.     6624.
   349.00      6415.      6620.    361354.   4900.65          0.        0.     6620.
   349.50      6410.      6616.    361345.   4900.65          0.        0.     6616.
   350.00      6404.      6613.    361336.   4900.65          0.        0.     6613.
   350.50      6398.      6609.    361327.   4900.64          0.        0.     6609.
   351.00      6392.      6605.    361318.   4900.64          0.        0.     6605.
   351.50      6386.      6602.    361309.   4900.64          0.        0.     6602.
   352.00      6380.      6598.    361300.   4900.64          0.        0.     6598.
   352.50      6374.      6594.    361291.   4900.64          0.        0.     6594.
   353.00      6368.      6591.    361282.   4900.64          0.        0.     6591.
   353.50      6362.      6587.    361273.   4900.63          0.        0.     6587.
   354.00      6356.      6583.    361263.   4900.63          0.        0.     6583.
   354.50      6350.      6580.    361254.   4900.63          0.        0.     6580.
   355.00      6343.      6576.    361245.   4900.63          0.        0.     6576.
   355.50      6337.      6572.    361236.   4900.63          0.        0.     6572.
   356.00      6331.      6569.    361227.   4900.63          0.        0.     6569.
   356.50      6324.      6565.    361218.   4900.63          0.        0.     6565.
   357.00      6318.      6561.    361209.   4900.62          0.        0.     6561.
   357.50      6311.      6558.    361200.   4900.62          0.        0.     6558.
   358.00      6305.      6554.    361191.   4900.62          0.        0.     6554.
   358.50      6298.      6550.    361182.   4900.62          0.        0.     6550.
   359.00      6292.      6547.    361173.   4900.62          0.        0.     6547.
   359.50      6285.      6542.    361161.   4900.62          0.        0.     6542.
   360.00      6279.      6537.    361149.   4900.61          0.        0.     6537.
1



      INFLOW DATA                           STORAGE DATA
      ***********                           ************
     TIME    INFLOW                     ELEVATION     STORAGE

     0.50      5527.                      4753.20          0.
     1.00      5557.                      4754.00          5.
     1.50      5587.                      4760.00        853.
     2.00      5617.                      4770.00       5056.
     2.50      5647.                      4780.00      11677.
     3.00      5677.                      4790.00      20701.
     3.50      5707.                      4800.00      32214.
     4.00      5737.                      4810.00      46676.
     4.50      5766.                      4820.00      64861.
     5.00      5796.                      4830.00      86629.
     5.50      5825.                      4840.00     112286.
     6.00      5855.                      4850.00     141401.
     6.50      5884.                      4860.00     174439.
     7.00      5913.                      4870.00     212059.
     7.50      5941.                      4880.00     254696.
     8.00      5970.                      4890.00     303066.
     8.50      5999.                      4900.00     357369.
     9.00      6027.                      4910.00     418864.
     9.50      6056.                      4920.00     488871.
    10.00      6084.                      4924.00     519654.
    10.50      6112.                      4924.50     523636.
    11.00      6140.                      4925.00     527626.
    11.50      6167.                      4925.50     531626.
    12.00      6195.                      4926.00     535626.
    12.50      6222.                      4930.00     569747.
    13.00      6249.                      4935.00     604527.
    13.50      6276.
    14.00      6303.
    14.50      6330.
    15.00      6357.
    15.50      6383.
    16.00      6409.
    16.50      6435.
    17.00      6461.
    17.50      6487.
    18.00      6512.
    18.50      6537.
    19.00      6562.
    19.50      6587.
    20.00      6612.
    20.50      6636.
    21.00      6661.
    21.50      6685.
    22.00      6708.
    22.50      6732.
    23.00      6755.
    23.50      6778.
    24.00      6801.
    24.50      6824.
    25.00      6846.
    25.50      6869.
    26.00      6890.
    26.50      6912.
    27.00      6934.
    27.50      6955.
    28.00      6976.
    28.50      6997.
    29.00      7017.
    29.50      7038.
    30.00      7058.
    30.50      7078.
    31.00      7098.
    31.50      7117.
    32.00      7137.
    32.50      7156.
    33.00      7175.
    33.50      7195.
    34.00      7214.
    34.50      7233.
    35.00      7251.
    35.50      7270.
    36.00      7289.
    36.50      7307.
    37.00      7326.
    37.50      7344.
    38.00      7363.
    38.50      7381.
    39.00      7399.
    39.50      7418.
    40.00      7436.
    40.50      7454.
    41.00      7473.
    41.50      7491.
    42.00      7509.
    42.50      7528.
    43.00      7546.
    43.50      7565.
    44.00      7583.
    44.50      7602.
    45.00      7620.
    45.50      7639.
    46.00      7658.
    46.50      7677.
    47.00      7696.
    47.50      7715.
    48.00      7734.
    48.50      7754.
    49.00      7773.
    49.50      7794.
    50.00      7815.
    50.50      7838.
    51.00      7860.
    51.50      7883.
    52.00      7907.
    52.50      7931.
    53.00      7956.
    53.50      7981.
    54.00      8006.
    54.50      8032.
    55.00      8058.
    55.50      8084.
    56.00      8110.
    56.50      8136.
    57.00      8162.
    57.50      8196.
    58.00      8251.
    58.50      8326.
    59.00      8409.
    59.50      8504.
    60.00      8652.
    60.50      8957.
    61.00      9475.
    61.50     10208.
    62.00     11524.
    62.50     15105.
    63.00     40388.
    63.50     88962.
    64.00    109627.
    64.50    122576.
    65.00    133405.
    65.50    143654.
    66.00    153798.
    66.50    163600.
    67.00    172216.
    67.50    179546.
    68.00    186129.
    68.50    192681.
    69.00    199531.
    69.50    206338.
    70.00    212411.
    70.50    217302.
    71.00    220910.
    71.50    223324.
    72.00    224596.
    72.50    224892.
    73.00    224579.
    73.50    223991.
    74.00    223208.
    74.50    222202.
    75.00    220999.
    75.50    219550.
    76.00    217675.
    76.50    215252.
    77.00    212334.
    77.50    209062.
    78.00    205492.
    78.50    201659.
    79.00    197843.
    79.50    193977.
    80.00    189530.
    80.50    184541.
    81.00    179200.
    81.50    173599.
    82.00    167856.
    82.50    162086.
    83.00    156317.
    83.50    150551.
    84.00    144802.
    84.50    139063.
    85.00    133308.
    85.50    127572.
    86.00    121866.
    86.50    116212.
    87.00    110663.
    87.50    105304.
    88.00    100186.
    88.50     95331.
    89.00     90723.
    89.50     86384.
    90.00     82282.
    90.50     78418.
    91.00     74763.
    91.50     71331.
    92.00     68079.
    92.50     65001.
    93.00     61848.
    93.50     58749.
    94.00     55706.
    94.50     52826.
    95.00     50142.
    95.50     47637.
    96.00     45287.
    96.50     43102.
    97.00     41104.
    97.50     39229.
    98.00     37534.
    98.50     35894.
    99.00     34430.
    99.50     33004.
   100.00     31755.
   100.50     30548.
   101.00     29390.
   101.50     28381.
   102.00     27392.
   102.50     26465.
   103.00     25596.
   103.50     24824.
   104.00     24099.
   104.50     23392.
   105.00     22726.
   105.50     22108.
   106.00     21534.
   106.50     21018.
   107.00     20544.
   107.50     20074.
   108.00     19611.
   108.50     19165.
   109.00     18740.
   109.50     18342.
   110.00     17971.
   110.50     17632.
   111.00     17323.
   111.50     17014.
   112.00     16721.
   112.50     16458.
   113.00     16213.
   113.50     15964.
   114.00     15716.
   114.50     15475.
   115.00     15242.
   115.50     15038.
   116.00     14852.
   116.50     14671.
   117.00     14492.
   117.50     14325.
   118.00     14167.
   118.50     14010.
   119.00     13858.
   119.50     13719.
   120.00     13586.
   120.50     13452.
   121.00     13320.
   121.50     13198.
   122.00     13081.
   122.50     12966.
   123.00     12853.
   123.50     12744.
   124.00     12644.
   124.50     12548.
   125.00     12453.
   125.50     12360.
   126.00     12269.
   126.50     12180.
   127.00     12096.
   127.50     12013.
   128.00     11933.
   128.50     11855.
   129.00      8502.
   129.50      8497.
   130.00      8492.
   130.50      8486.
   131.00      8480.
   131.50      8474.
   132.00      8469.
   132.50      8462.
   133.00      8456.
   133.50      8450.
   134.00      8444.
   134.50      8438.
   135.00      8431.
   135.50      8425.
   136.00      8418.
   136.50      8412.
   137.00      8406.
   137.50      8399.
   138.00      8393.
   138.50      8386.
   139.00      8380.
   139.50      8374.
   140.00      8367.
   140.50      8361.
   141.00      8355.
   141.50      8349.
   142.00      8343.
   142.50      8337.
   143.00      8332.
   143.50      8326.
   144.00      8321.
   144.50      8315.
   145.00      8310.
   145.50      8305.
   146.00      8300.
   146.50      8295.
   147.00      8290.
   147.50      8285.
   148.00      8280.
   148.50      8274.
   149.00      8269.
   149.50      8264.
   150.00      8259.
   150.50      8254.
   151.00      8249.
   151.50      8244.
   152.00      8239.
   152.50      8234.
   153.00      8229.
   153.50      8224.
   154.00      8219.
   154.50      8214.
   155.00      8209.
   155.50      8204.
   156.00      8199.
   156.50      8194.
   157.00      8189.
   157.50      8183.
   158.00      8178.
   158.50      8173.
   159.00      8168.
   159.50      8163.
   160.00      8157.
   160.50      8152.
   161.00      8147.
   161.50      8141.
   162.00      8136.
   162.50      8130.
   163.00      8125.
   163.50      8119.
   164.00      8113.
   164.50      8108.
   165.00      8102.
   165.50      8096.
   166.00      8090.
   166.50      8084.
   167.00      8078.
   167.50      8072.
   168.00      8066.
   168.50      8060.
   169.00      8054.
   169.50      8047.
   170.00      8040.
   170.50      8032.
   171.00      8024.
   171.50      8016.
   172.00      8008.
   172.50      7999.
   173.00      7990.
   173.50      7981.
   174.00      7972.
   174.50      7962.
   175.00      7953.
   175.50      7943.
   176.00      7933.
   176.50      7923.
   177.00      7913.
   177.50      7903.
   178.00      7893.
   178.50      7883.
   179.00      7873.
   179.50      7864.
   180.00      7854.
   180.50      7844.
   181.00      7834.
   181.50      7825.
   182.00      7816.
   182.50      7807.
   183.00      7798.
   183.50      7789.
   184.00      7781.
   184.50      7773.
   185.00      7765.
   185.50      7758.
   186.00      7751.
   186.50      7744.
   187.00      7738.
   187.50      7732.
   188.00      7727.
   188.50      7722.
   189.00      7718.
   189.50      7714.
   190.00      7710.
   190.50      7708.
   191.00      7705.
   191.50      7704.
   192.00      7703.
   192.50      7703.
   193.00      7703.
   193.50      7703.
   194.00      7703.
   194.50      7703.
   195.00      7703.
   195.50      7703.
   196.00      7703.
   196.50      7703.
   197.00      7703.
   197.50      7703.
   198.00      7703.
   198.50      7703.
   199.00      7703.
   199.50      7703.
   200.00      7703.
   200.50      7703.
   201.00      7703.
   201.50      7703.
   202.00      7703.
   202.50      7703.
   203.00      7703.
   203.50      7703.
   204.00      7703.
   204.50      7703.
   205.00      7703.
   205.50      7703.
   206.00      7703.
   206.50      7703.
   207.00      7703.
   207.50      7703.
   208.00      7703.
   208.50      7703.
   209.00      7703.
   209.50      7703.
   210.00      7703.
   210.50      7703.
   211.00      7703.
   211.50      7703.
   212.00      7703.
   212.50      7703.
   213.00      7703.
   213.50      7703.
   214.00      7703.
   214.50      7703.
   215.00      7703.
   215.50      7703.
   216.00      7703.
   216.50      7703.
   217.00      7702.
   217.50      7702.
   218.00      7700.
   218.50      7699.
   219.00      7697.
   219.50      7694.
   220.00      7692.
   220.50      7688.
   221.00      7685.
   221.50      7681.
   222.00      7677.
   222.50      7672.
   223.00      7667.
   223.50      7662.
   224.00      7656.
   224.50      7650.
   225.00      7644.
   225.50      7638.
   226.00      7631.
   226.50      7624.
   227.00      7617.
   227.50      7610.
   228.00      7603.
   228.50      7595.
   229.00      7587.
   229.50      7579.
   230.00      7571.
   230.50      7562.
   231.00      7554.
   231.50      7545.
   232.00      7537.
   232.50      7528.
   233.00      7519.
   233.50      7510.
   234.00      7501.
   234.50      7492.
   235.00      7483.
   235.50      7474.
   236.00      7465.
   236.50      7456.
   237.00      7447.
   237.50      7438.
   238.00      7429.
   238.50      7420.
   239.00      7412.
   239.50      7403.
   240.00      7394.
   240.50      7386.
   241.00      7377.
   241.50      7367.
   242.00      7357.
   242.50      7346.
   243.00      7335.
   243.50      7323.
   244.00      7310.
   244.50      7297.
   245.00      7284.
   245.50      7270.
   246.00      7256.
   246.50      7241.
   247.00      7226.
   247.50      7211.
   248.00      7196.
   248.50      7180.
   249.00      7164.
   249.50      7149.
   250.00      7133.
   250.50      7117.
   251.00      7101.
   251.50      7085.
   252.00      7070.
   252.50      7054.
   253.00      7039.
   253.50      7024.
   254.00      7009.
   254.50      6994.
   255.00      6980.
   255.50      6966.
   256.00      6953.
   256.50      6940.
   257.00      6927.
   257.50      6915.
   258.00      6904.
   258.50      6893.
   259.00      6883.
   259.50      6873.
   260.00      6864.
   260.50      6856.
   261.00      6849.
   261.50      6843.
   262.00      6837.
   262.50      6832.
   263.00      6829.
   263.50      6826.
   264.00      6825.
   264.50      6824.
   265.00      6824.
   265.50      6824.
   266.00      6825.
   266.50      6825.
   267.00      6826.
   267.50      6827.
   268.00      6828.
   268.50      6829.
   269.00      6830.
   269.50      6831.
   270.00      6832.
   270.50      6834.
   271.00      6835.
   271.50      6837.
   272.00      6838.
   272.50      6840.
   273.00      6842.
   273.50      6843.
   274.00      6845.
   274.50      6847.
   275.00      6849.
   275.50      6851.
   276.00      6853.
   276.50      6855.
   277.00      6857.
   277.50      6858.
   278.00      6860.
   278.50      6862.
   279.00      6864.
   279.50      6866.
   280.00      6868.
   280.50      6869.
   281.00      6871.
   281.50      6873.
   282.00      6874.
   282.50      6876.
   283.00      6877.
   283.50      6878.
   284.00      6880.
   284.50      6881.
   285.00      6882.
   285.50      6883.
   286.00      6883.
   286.50      6884.
   287.00      6885.
   287.50      6885.
   288.00      6885.
   288.50      6885.
   289.00      6885.
   289.50      6884.
   290.00      6883.
   290.50      6881.
   291.00      6879.
   291.50      6876.
   292.00      6873.
   292.50      6870.
   293.00      6866.
   293.50      6862.
   294.00      6857.
   294.50      6852.
   295.00      6847.
   295.50      6842.
   296.00      6836.
   296.50      6830.
   297.00      6824.
   297.50      6817.
   298.00      6811.
   298.50      6804.
   299.00      6797.
   299.50      6790.
   300.00      6783.
   300.50      6776.
   301.00      6769.
   301.50      6761.
   302.00      6754.
   302.50      6747.
   303.00      6739.
   303.50      6732.
   304.00      6725.
   304.50      6718.
   305.00      6711.
   305.50      6704.
   306.00      6697.
   306.50      6690.
   307.00      6684.
   307.50      6678.
   308.00      6672.
   308.50      6666.
   309.00      6660.
   309.50      6655.
   310.00      6650.
   310.50      6645.
   311.00      6641.
   311.50      6637.
   312.00      6633.
   312.50      6630.
   313.00      6627.
   313.50      6624.
   314.00      6621.
   314.50      6619.
   315.00      6616.
   315.50      6614.
   316.00      6611.
   316.50      6609.
   317.00      6607.
   317.50      6604.
   318.00      6602.
   318.50      6600.
   319.00      6598.
   319.50      6596.
   320.00      6594.
   320.50      6593.
   321.00      6591.
   321.50      6589.
   322.00      6587.
   322.50      6586.
   323.00      6584.
   323.50      6582.
   324.00      6580.
   324.50      6579.
   325.00      6577.
   325.50      6575.
   326.00      6574.
   326.50      6572.
   327.00      6570.
   327.50      6569.
   328.00      6567.
   328.50      6565.
   329.00      6563.
   329.50      6561.
   330.00      6559.
   330.50      6557.
   331.00      6555.
   331.50      6553.
   332.00      6551.
   332.50      6549.
   333.00      6546.
   333.50      6544.
   334.00      6542.
   334.50      6539.
   335.00      6536.
   335.50      6534.
   336.00      6531.
   336.50      6528.
   337.00      6525.
   337.50      6521.
   338.00      6518.
   338.50      6514.
   339.00      6511.
   339.50      6507.
   340.00      6503.
   340.50      6499.
   341.00      6495.
   341.50      6491.
   342.00      6486.
   342.50      6482.
   343.00      6477.
   343.50      6473.
   344.00      6468.
   344.50      6463.
   345.00      6458.
   345.50      6453.
   346.00      6448.
   346.50      6443.
   347.00      6437.
   347.50      6432.
   348.00      6427.
   348.50      6421.
   349.00      6415.
   349.50      6410.
   350.00      6404.
   350.50      6398.
   351.00      6392.
   351.50      6386.
   352.00      6380.
   352.50      6374.
   353.00      6368.
   353.50      6362.
   354.00      6356.
   354.50      6350.
   355.00      6343.
   355.50      6337.
   356.00      6331.
   356.50      6324.
   357.00      6318.
   357.50      6311.
   358.00      6305.
   358.50      6298.
   359.00      6292.
   359.50      6285.
   360.00      6279.
1


  DISCHARGE VS ELEVATION
  **********************
  ELEVATION  DISCHARGE

    4880.49      5000.
    4890.00      5000.
    4898.70      5000.
    4900.00      5000.
    4902.00     10000.
    4904.00     22500.
    4906.00     37500.
    4908.00     56000.
    4910.00     77000.
    4912.00    100000.
    4914.00    125000.
    4916.00    153000.
    4920.00    212000.
    4924.00    270000.
    4928.00    328000.
    4930.00    357000.
    4935.00    429500.