
                     UNITED STATES BUREAU OF RECLAMATION
                       ENGINEERING AND RESEARCH CENTER

                            FLOOD ROUTING FOR DAMS
                            ----------------------

      FEATURE: Pueblo Dam                               DATE    **/ 1/  26
      FLOOD: TREX Test Run & PMF snow                   TIME    **:**:03.**
      TITLE: Full TREX Routing             
      DATA FILE: fs5-13sn.in                                                    

      FLOOD ROUTING SUMMARY
      *********************

         BEGINNING HOUR OF ROUTING.......................      0.50
         ENDING HOUR OF ROUTING..........................    360.00
         INITIAL RESERVOIR ELEVATION.....................   4880.49 FT
         MINIMUM OR NORMAL POOL ELEV.....................   4880.49 FT
         MAXIMUM RESERVOIR ELEVATION.....   4919.50 AT HOUR   81.50
         INFLOW PEAK DISCHARGE...........   270170. AT HOUR   72.00
         MAXIMUM TOTAL OUTFLOW...........   204668. AT HOUR   81.50
         ELEVATION TOLERANCE.............................    0.0100 FT
         INFLOW HYDROGRAPH ADJUSTMENT FACTOR.............      1.00
         IPC OPTIONS (1 TO 10)...........................3100100021

      WATERWAY PARAMETERS
      *******************

         WATERWAY NO. 1 - Top of Dam                    

         TYPE-BROAD OR SHARP CRESTED WEIR
         CONSTANT DISCHARGE COEFFICIENT..................      2.67
         CREST ELEVATION.................................   4925.25 FT
         CREST LENGTH....................................   1200.50 FT
         MAXIMUM DISCHARGE...............        0. AT HOUR    0.50

         WATERWAY NO. 2 - Embankment "wings"            

         TYPE-BROAD OR SHARP CRESTED WEIR
         CONSTANT DISCHARGE COEFFICIENT..................      2.62
         CREST ELEVATION.................................   4925.00 FT
         CREST LENGTH....................................   8480.00 FT
         MAXIMUM DISCHARGE...............        0. AT HOUR    0.50
1

                     ROUTING RESULTS                          DISCHARGE RESULTS
                     ***************                          *****************

    TIME     INFLOW    OUTFLOW    STORAGE   ELEVATION        WATERWAY         RATING
                                                           1         2        CURVE

     0.50      5527.      5000.    257067.   4880.49          0.        0.     5000.
     1.00      5557.      5000.    257089.   4880.49          0.        0.     5000.
     1.50      5587.      5000.    257112.   4880.50          0.        0.     5000.
     2.00      5617.      5000.    257138.   4880.50          0.        0.     5000.
     2.50      5647.      5000.    257164.   4880.51          0.        0.     5000.
     3.00      5677.      5000.    257192.   4880.52          0.        0.     5000.
     3.50      5707.      5000.    257221.   4880.52          0.        0.     5000.
     4.00      5737.      5000.    257251.   4880.53          0.        0.     5000.
     4.50      5766.      5000.    257282.   4880.53          0.        0.     5000.
     5.00      5796.      5000.    257315.   4880.54          0.        0.     5000.
     5.50      5825.      5000.    257348.   4880.55          0.        0.     5000.
     6.00      5855.      5000.    257384.   4880.56          0.        0.     5000.
     6.50      5884.      5000.    257419.   4880.56          0.        0.     5000.
     7.00      5913.      5000.    257457.   4880.57          0.        0.     5000.
     7.50      5941.      5000.    257495.   4880.58          0.        0.     5000.
     8.00      5970.      5000.    257535.   4880.59          0.        0.     5000.
     8.50      5999.      5000.    257575.   4880.60          0.        0.     5000.
     9.00      6027.      5000.    257618.   4880.60          0.        0.     5000.
     9.50      6056.      5000.    257660.   4880.61          0.        0.     5000.
    10.00      6084.      5000.    257705.   4880.62          0.        0.     5000.
    10.50      6112.      5000.    257750.   4880.63          0.        0.     5000.
    11.00      6140.      5000.    257797.   4880.64          0.        0.     5000.
    11.50      6167.      5000.    257844.   4880.65          0.        0.     5000.
    12.00      6195.      5000.    257894.   4880.66          0.        0.     5000.
    12.50      6222.      5000.    257944.   4880.67          0.        0.     5000.
    13.00      6249.      5000.    257995.   4880.68          0.        0.     5000.
    13.50      6276.      5000.    258047.   4880.69          0.        0.     5000.
    14.00      6303.      5000.    258102.   4880.70          0.        0.     5000.
    14.50      6330.      5000.    258156.   4880.72          0.        0.     5000.
    15.00      6357.      5000.    258213.   4880.73          0.        0.     5000.
    15.50      6383.      5000.    258269.   4880.74          0.        0.     5000.
    16.00      6409.      5000.    258326.   4880.75          0.        0.     5000.
    16.50      6435.      5000.    258385.   4880.76          0.        0.     5000.
    17.00      6461.      5000.    258444.   4880.77          0.        0.     5000.
    17.50      6487.      5000.    258506.   4880.79          0.        0.     5000.
    18.00      6512.      5000.    258567.   4880.80          0.        0.     5000.
    18.50      6537.      5000.    258631.   4880.81          0.        0.     5000.
    19.00      6562.      5000.    258695.   4880.83          0.        0.     5000.
    19.50      6587.      5000.    258761.   4880.84          0.        0.     5000.
    20.00      6612.      5000.    258827.   4880.85          0.        0.     5000.
    20.50      6636.      5000.    258893.   4880.87          0.        0.     5000.
    21.00      6661.      5000.    258961.   4880.88          0.        0.     5000.
    21.50      6685.      5000.    259030.   4880.90          0.        0.     5000.
    22.00      6708.      5000.    259101.   4880.91          0.        0.     5000.
    22.50      6732.      5000.    259172.   4880.93          0.        0.     5000.
    23.00      6755.      5000.    259245.   4880.94          0.        0.     5000.
    23.50      6778.      5000.    259318.   4880.96          0.        0.     5000.
    24.00      6801.      5000.    259391.   4880.97          0.        0.     5000.
    24.50      6824.      5000.    259467.   4880.99          0.        0.     5000.
    25.00      6846.      5000.    259542.   4881.00          0.        0.     5000.
    25.50      6869.      5000.    259618.   4881.02          0.        0.     5000.
    26.00      6890.      5000.    259696.   4881.03          0.        0.     5000.
    26.50      6912.      5000.    259774.   4881.05          0.        0.     5000.
    27.00      6934.      5000.    259854.   4881.07          0.        0.     5000.
    27.50      6955.      5000.    259935.   4881.08          0.        0.     5000.
    28.00      6976.      5000.    260015.   4881.10          0.        0.     5000.
    28.50      6997.      5000.    260097.   4881.12          0.        0.     5000.
    29.00      7017.      5000.    260180.   4881.13          0.        0.     5000.
    29.50      7038.      5000.    260263.   4881.15          0.        0.     5000.
    30.00      7058.      5000.    260348.   4881.17          0.        0.     5000.
    30.50      7078.      5000.    260433.   4881.19          0.        0.     5000.
    31.00      7098.      5000.    260520.   4881.20          0.        0.     5000.
    31.50      7117.      5000.    260608.   4881.22          0.        0.     5000.
    32.00      7137.      5000.    260695.   4881.24          0.        0.     5000.
    32.50      7156.      5000.    260785.   4881.26          0.        0.     5000.
    33.00      7175.      5000.    260875.   4881.28          0.        0.     5000.
    33.50      7195.      5000.    260964.   4881.30          0.        0.     5000.
    34.00      7214.      5000.    261056.   4881.31          0.        0.     5000.
    34.50      7233.      5000.    261148.   4881.33          0.        0.     5000.
    35.00      7251.      5000.    261241.   4881.35          0.        0.     5000.
    35.50      7270.      5000.    261335.   4881.37          0.        0.     5000.
    36.00      7289.      5000.    261430.   4881.39          0.        0.     5000.
    36.50      7307.      5000.    261524.   4881.41          0.        0.     5000.
    37.00      7326.      5000.    261621.   4881.43          0.        0.     5000.
    37.50      7344.      5000.    261718.   4881.45          0.        0.     5000.
    38.00      7363.      5000.    261815.   4881.47          0.        0.     5000.
    38.50      7381.      5000.    261914.   4881.49          0.        0.     5000.
    39.00      7399.      5000.    262013.   4881.51          0.        0.     5000.
    39.50      7418.      5000.    262112.   4881.53          0.        0.     5000.
    40.00      7436.      5000.    262211.   4881.55          0.        0.     5000.
    40.50      7454.      5000.    262313.   4881.57          0.        0.     5000.
    41.00      7473.      5000.    262414.   4881.60          0.        0.     5000.
    41.50      7491.      5000.    262516.   4881.62          0.        0.     5000.
    42.00      7509.      5000.    262620.   4881.64          0.        0.     5000.
    42.50      7528.      5000.    262724.   4881.66          0.        0.     5000.
    43.00      7546.      5000.    262828.   4881.68          0.        0.     5000.
    43.50      7565.      5000.    262934.   4881.70          0.        0.     5000.
    44.00      7583.      5000.    263040.   4881.73          0.        0.     5000.
    44.50      7602.      5000.    263147.   4881.75          0.        0.     5000.
    45.00      7620.      5000.    263255.   4881.77          0.        0.     5000.
    45.50      7639.      5000.    263364.   4881.79          0.        0.     5000.
    46.00      7658.      5000.    263473.   4881.81          0.        0.     5000.
    46.50      7677.      5000.    263584.   4881.84          0.        0.     5000.
    47.00      7696.      5000.    263695.   4881.86          0.        0.     5000.
    47.50      7715.      5000.    263806.   4881.88          0.        0.     5000.
    48.00      7734.      5000.    263919.   4881.91          0.        0.     5000.
    48.50      7754.      5000.    264032.   4881.93          0.        0.     5000.
    49.00      7773.      5000.    264146.   4881.95          0.        0.     5000.
    49.50      7794.      5000.    264261.   4881.98          0.        0.     5000.
    50.00      7815.      5000.    264377.   4882.00          0.        0.     5000.
    50.50      7838.      5000.    264493.   4882.03          0.        0.     5000.
    51.00      7860.      5000.    264611.   4882.05          0.        0.     5000.
    51.50      7883.      5000.    264729.   4882.07          0.        0.     5000.
    52.00      7907.      5000.    264849.   4882.10          0.        0.     5000.
    52.50      7931.      5000.    264970.   4882.12          0.        0.     5000.
    53.00      7956.      5000.    265090.   4882.15          0.        0.     5000.
    53.50      7981.      5000.    265213.   4882.17          0.        0.     5000.
    54.00      8006.      5000.    265336.   4882.20          0.        0.     5000.
    54.50      8032.      5000.    265461.   4882.23          0.        0.     5000.
    55.00      8058.      5000.    265586.   4882.25          0.        0.     5000.
    55.50      8084.      5000.    265714.   4882.28          0.        0.     5000.
    56.00      8110.      5000.    265841.   4882.30          0.        0.     5000.
    56.50      8136.      5000.    265971.   4882.33          0.        0.     5000.
    57.00      8162.      5000.    266101.   4882.36          0.        0.     5000.
    57.50      8197.      5000.    266233.   4882.39          0.        0.     5000.
    58.00      8272.      5000.    266368.   4882.41          0.        0.     5000.
    58.50      8361.      5000.    266505.   4882.44          0.        0.     5000.
    59.00      8459.      5000.    266647.   4882.47          0.        0.     5000.
    59.50      8581.      5000.    266793.   4882.50          0.        0.     5000.
    60.00      8825.      5000.    266947.   4882.53          0.        0.     5000.
    60.50      9318.      5000.    267114.   4882.57          0.        0.     5000.
    61.00     10078.      5000.    267308.   4882.61          0.        0.     5000.
    61.50     11326.      5000.    267544.   4882.66          0.        0.     5000.
    62.00     14568.      5000.    267873.   4882.72          0.        0.     5000.
    62.50     35164.      5000.    268695.   4882.89          0.        0.     5000.
    63.00     93599.      5000.    271148.   4883.40          0.        0.     5000.
    63.50    119441.      5000.    275343.   4884.27          0.        0.     5000.
    64.00    135184.      5000.    280397.   4885.31          0.        0.     5000.
    64.50    148414.      5000.    286049.   4886.48          0.        0.     5000.
    65.00    161159.      5000.    292239.   4887.76          0.        0.     5000.
    65.50    173922.      5000.    298956.   4889.15          0.        0.     5000.
    66.00    185876.      5000.    306184.   4890.57          0.        0.     5000.
    66.50    196026.      5000.    313868.   4891.99          0.        0.     5000.
    67.00    204873.      5000.    321945.   4893.48          0.        0.     5000.
    67.50    213444.      5000.    330382.   4895.03          0.        0.     5000.
    68.00    222553.      5000.    339182.   4896.65          0.        0.     5000.
    68.50    232138.      5000.    348370.   4898.34          0.        0.     5000.
    69.00    241568.      5234.    357946.   4900.09          0.        0.     5234.
    69.50    250157.      9243.    367806.   4901.70          0.        0.     9243.
    70.00    257510.     18191.    377727.   4903.31          0.        0.    18191.
    70.50    263342.     29257.    387507.   4904.90          0.        0.    29257.
    71.00    267417.     41624.    397007.   4906.45          0.        0.    41624.
    71.50    269653.     55304.    406103.   4907.92          0.        0.    55304.
    72.00    270170.     69838.    414669.   4909.32          0.        0.    69838.
    72.50    269441.     83227.    422655.   4910.54          0.        0.    83227.
    73.00    268131.     95412.    430073.   4911.60          0.        0.    95412.
    73.50    266730.    107288.    436947.   4912.58          0.        0.   107288.
    74.00    265389.    118585.    443274.   4913.49          0.        0.   118585.
    74.50    264099.    129464.    449099.   4914.32          0.        0.   129464.
    75.00    262845.    140101.    454418.   4915.08          0.        0.   140101.
    75.50    261518.    149787.    459262.   4915.77          0.        0.   149787.
    76.00    259792.    158884.    463661.   4916.40          0.        0.   158884.
    76.50    257759.    167217.    467616.   4916.96          0.        0.   167217.
    77.00    255378.    174671.    471154.   4917.47          0.        0.   174671.
    77.50    251899.    181261.    474282.   4917.92          0.        0.   181261.
    78.00    247541.    186973.    476992.   4918.30          0.        0.   186973.
    78.50    242617.    191820.    479293.   4918.63          0.        0.   191820.
    79.00    237241.    195831.    481197.   4918.90          0.        0.   195831.
    79.50    231465.    199043.    482721.   4919.12          0.        0.   199043.
    80.00    225371.    201492.    483884.   4919.29          0.        0.   201492.
    80.50    219057.    203221.    484704.   4919.40          0.        0.   203221.
    81.00    212490.    204265.    485200.   4919.48          0.        0.   204265.
    81.50    205631.    204668.    485391.   4919.50          0.        0.   204668.
    82.00    198628.    204459.    485292.   4919.49          0.        0.   204459.
    82.50    191609.    203682.    484923.   4919.44          0.        0.   203682.
    83.00    184599.    202385.    484308.   4919.35          0.        0.   202385.
    83.50    177605.    200606.    483463.   4919.23          0.        0.   200606.
    84.00    170625.    198395.    482414.   4919.08          0.        0.   198395.
    84.50    163652.    195788.    481176.   4918.90          0.        0.   195788.
    85.00    156682.    192813.    479765.   4918.70          0.        0.   192813.
    85.50    149747.    189508.    478196.   4918.48          0.        0.   189508.
    86.00    142871.    185907.    476486.   4918.23          0.        0.   185907.
    86.50    136076.    182032.    474647.   4917.97          0.        0.   182032.
    87.00    129434.    177919.    472696.   4917.69          0.        0.   177919.
    87.50    123049.    173605.    470648.   4917.40          0.        0.   173605.
    88.00    116963.    169133.    468525.   4917.09          0.        0.   169133.
    88.50    111185.    164538.    466344.   4916.78          0.        0.   164538.
    89.00    105729.    159856.    464122.   4916.46          0.        0.   159856.
    89.50    100584.    155125.    461877.   4916.14          0.        0.   155125.
    90.00     95742.    150505.    459621.   4915.82          0.        0.   150505.
    90.50     91204.    145980.    457358.   4915.50          0.        0.   145980.
    91.00     86932.    141461.    455098.   4915.18          0.        0.   141461.
    91.50     82892.    136977.    452856.   4914.86          0.        0.   136977.
    92.00     79054.    132533.    450634.   4914.54          0.        0.   132533.
    92.50     75438.    128145.    448439.   4914.22          0.        0.   128145.
    93.00     71740.    123944.    446275.   4913.92          0.        0.   123944.
    93.50     68073.    120099.    444122.   4913.61          0.        0.   120099.
    94.00     64450.    116266.    441975.   4913.30          0.        0.   116266.
    94.50     60992.    112457.    439842.   4913.00          0.        0.   112457.
    95.00     57732.    108679.    437726.   4912.69          0.        0.   108679.
    95.50     54664.    104944.    435634.   4912.40          0.        0.   104944.
    96.00     51803.    101263.    433573.   4912.10          0.        0.   101263.
    96.50     49172.     97838.    431549.   4911.81          0.        0.    97838.
    97.00     46727.     94564.    429556.   4911.53          0.        0.    94564.
    97.50     44448.     91347.    427598.   4911.25          0.        0.    91347.
    98.00     42387.     88202.    425684.   4910.97          0.        0.    88202.
    98.50     40502.     85131.    423814.   4910.71          0.        0.    85131.
    99.00     38764.     82144.    421995.   4910.45          0.        0.    82144.
    99.50     37151.     79240.    420228.   4910.19          0.        0.    79240.
   100.00     35595.     76405.    418516.   4909.94          0.        0.    76405.
   100.50     34220.     73575.    416858.   4909.67          0.        0.    73575.
   101.00     32877.     70848.    415261.   4909.41          0.        0.    70848.
   101.50     31701.     68218.    413720.   4909.16          0.        0.    68218.
   102.00     30535.     65690.    412240.   4908.92          0.        0.    65690.
   102.50     29410.     63255.    410814.   4908.69          0.        0.    63255.
   103.00     28430.     60917.    409445.   4908.47          0.        0.    60917.
   103.50     27467.     58671.    408129.   4908.25          0.        0.    58671.
   104.00     26570.     56513.    406865.   4908.05          0.        0.    56513.
   104.50     25730.     54627.    405652.   4907.85          0.        0.    54627.
   105.00     24958.     52861.    404478.   4907.66          0.        0.    52861.
   105.50     24265.     51158.    403346.   4907.48          0.        0.    51158.
   106.00     23576.     49514.    402253.   4907.30          0.        0.    49514.
   106.50     22917.     47929.    401199.   4907.13          0.        0.    47929.
   107.00     22303.     46402.    400184.   4906.96          0.        0.    46402.
   107.50     21735.     44934.    399208.   4906.80          0.        0.    44934.
   108.00     21208.     43521.    398269.   4906.65          0.        0.    43521.
   108.50     20741.     42161.    397365.   4906.50          0.        0.    42161.
   109.00     20287.     40856.    396497.   4906.36          0.        0.    40856.
   109.50     19836.     39600.    395662.   4906.23          0.        0.    39600.
   110.00     19396.     38394.    394861.   4906.10          0.        0.    38394.
   110.50     18973.     37288.    394092.   4905.97          0.        0.    37288.
   111.00     18574.     36376.    393344.   4905.85          0.        0.    36376.
   111.50     18198.     35493.    392621.   4905.73          0.        0.    35493.
   112.00     17851.     34636.    391918.   4905.62          0.        0.    34636.
   112.50     17536.     33805.    391236.   4905.51          0.        0.    33805.
   113.00     17241.     32999.    390576.   4905.40          0.        0.    32999.
   113.50     16943.     32216.    389933.   4905.30          0.        0.    32216.
   114.00     16667.     31458.    389312.   4905.19          0.        0.    31458.
   114.50     16412.     30725.    388711.   4905.10          0.        0.    30725.
   115.00     16172.     30015.    388129.   4905.00          0.        0.    30015.
   115.50     15928.     29330.    387567.   4904.91          0.        0.    29330.
   116.00     15686.     28663.    387021.   4904.82          0.        0.    28663.
   116.50     15450.     28019.    386492.   4904.74          0.        0.    28019.
   117.00     15224.     27396.    385982.   4904.65          0.        0.    27396.
   117.50     15026.     26792.    385486.   4904.57          0.        0.    26792.
   118.00     14846.     26210.    385009.   4904.49          0.        0.    26210.
   118.50     14671.     25646.    384546.   4904.42          0.        0.    25646.
   119.00     14497.     25104.    384102.   4904.35          0.        0.    25104.
   119.50     14332.     24580.    383673.   4904.28          0.        0.    24580.
   120.00     14178.     24071.    383255.   4904.21          0.        0.    24071.
   120.50     14024.     23580.    382853.   4904.14          0.        0.    23580.
   121.00     13874.     23108.    382465.   4904.08          0.        0.    23108.
   121.50     13737.     22650.    382090.   4904.02          0.        0.    22650.
   122.00     13605.     22256.    381727.   4903.96          0.        0.    22256.
   122.50     13473.     21899.    381375.   4903.90          0.        0.    21899.
   123.00     13342.     21551.    381033.   4903.85          0.        0.    21551.
   123.50     13217.     21212.    380700.   4903.79          0.        0.    21212.
   124.00     13101.     20880.    380373.   4903.74          0.        0.    20880.
   124.50     12987.     20556.    380054.   4903.69          0.        0.    20556.
   125.00     12874.     20242.    379745.   4903.64          0.        0.    20242.
   125.50     12766.     19937.    379445.   4903.59          0.        0.    19937.
   126.00     12663.     19641.    379153.   4903.54          0.        0.    19641.
   126.50     12566.     19351.    378868.   4903.50          0.        0.    19351.
   127.00     12473.     19070.    378592.   4903.45          0.        0.    19070.
   127.50     12380.     18795.    378322.   4903.41          0.        0.    18795.
   128.00     12290.     18530.    378061.   4903.36          0.        0.    18530.
   128.50     12201.     18270.    377805.   4903.32          0.        0.    18270.
   129.00      8502.     17944.    377484.   4903.27          0.        0.    17944.
   129.50      8497.     17556.    377103.   4903.21          0.        0.    17556.
   130.00      8492.     17184.    376736.   4903.15          0.        0.    17184.
   130.50      8486.     16827.    376385.   4903.09          0.        0.    16827.
   131.00      8480.     16485.    376049.   4903.04          0.        0.    16485.
   131.50      8474.     16155.    375724.   4902.98          0.        0.    16155.
   132.00      8469.     15838.    375412.   4902.93          0.        0.    15838.
   132.50      8462.     15536.    375115.   4902.89          0.        0.    15536.
   133.00      8456.     15246.    374830.   4902.84          0.        0.    15246.
   133.50      8450.     14965.    374553.   4902.79          0.        0.    14965.
   134.00      8444.     14697.    374289.   4902.75          0.        0.    14697.
   134.50      8438.     14440.    374037.   4902.71          0.        0.    14440.
   135.00      8431.     14193.    373794.   4902.67          0.        0.    14193.
   135.50      8425.     13955.    373559.   4902.63          0.        0.    13955.
   136.00      8418.     13726.    373334.   4902.60          0.        0.    13726.
   136.50      8412.     13506.    373118.   4902.56          0.        0.    13506.
   137.00      8406.     13296.    372911.   4902.53          0.        0.    13296.
   137.50      8399.     13094.    372713.   4902.50          0.        0.    13094.
   138.00      8393.     12902.    372524.   4902.46          0.        0.    12902.
   138.50      8386.     12716.    372340.   4902.43          0.        0.    12716.
   139.00      8380.     12539.    372166.   4902.41          0.        0.    12539.
   139.50      8374.     12368.    371998.   4902.38          0.        0.    12368.
   140.00      8367.     12203.    371836.   4902.35          0.        0.    12203.
   140.50      8361.     12045.    371680.   4902.33          0.        0.    12045.
   141.00      8355.     11892.    371530.   4902.30          0.        0.    11892.
   141.50      8349.     11746.    371386.   4902.28          0.        0.    11746.
   142.00      8343.     11605.    371247.   4902.26          0.        0.    11605.
   142.50      8337.     11471.    371115.   4902.24          0.        0.    11471.
   143.00      8332.     11343.    370989.   4902.21          0.        0.    11343.
   143.50      8326.     11218.    370866.   4902.19          0.        0.    11218.
   144.00      8321.     11099.    370749.   4902.18          0.        0.    11099.
   144.50      8315.     10986.    370638.   4902.16          0.        0.    10986.
   145.00      8310.     10876.    370530.   4902.14          0.        0.    10876.
   145.50      8305.     10769.    370425.   4902.12          0.        0.    10769.
   146.00      8300.     10668.    370326.   4902.11          0.        0.    10668.
   146.50      8295.     10571.    370230.   4902.09          0.        0.    10571.
   147.00      8290.     10476.    370136.   4902.08          0.        0.    10476.
   147.50      8285.     10385.    370046.   4902.06          0.        0.    10385.
   148.00      8280.     10299.    369962.   4902.05          0.        0.    10299.
   148.50      8274.     10217.    369881.   4902.03          0.        0.    10217.
   149.00      8269.     10137.    369803.   4902.02          0.        0.    10137.
   149.50      8264.     10061.    369728.   4902.01          0.        0.    10061.
   150.00      8259.      9995.    369656.   4902.00          0.        0.     9995.
   150.50      8254.      9966.    369584.   4901.99          0.        0.     9966.
   151.00      8249.      9938.    369515.   4901.98          0.        0.     9938.
   151.50      8244.      9910.    369446.   4901.96          0.        0.     9910.
   152.00      8239.      9882.    369377.   4901.95          0.        0.     9882.
   152.50      8234.      9855.    369311.   4901.94          0.        0.     9855.
   153.00      8229.      9828.    369245.   4901.93          0.        0.     9828.
   153.50      8224.      9801.    369179.   4901.92          0.        0.     9801.
   154.00      8219.      9774.    369113.   4901.91          0.        0.     9774.
   154.50      8214.      9749.    369049.   4901.90          0.        0.     9749.
   155.00      8209.      9723.    368986.   4901.89          0.        0.     9723.
   155.50      8204.      9697.    368923.   4901.88          0.        0.     9697.
   156.00      8199.      9673.    368863.   4901.87          0.        0.     9673.
   156.50      8194.      9648.    368803.   4901.86          0.        0.     9648.
   157.00      8189.      9624.    368743.   4901.85          0.        0.     9624.
   157.50      8183.      9600.    368683.   4901.84          0.        0.     9600.
   158.00      8178.      9576.    368626.   4901.83          0.        0.     9576.
   158.50      8173.      9553.    368569.   4901.82          0.        0.     9553.
   159.00      8168.      9530.    368512.   4901.81          0.        0.     9530.
   159.50      8163.      9507.    368455.   4901.80          0.        0.     9507.
   160.00      8157.      9485.    368401.   4901.79          0.        0.     9485.
   160.50      8152.      9463.    368347.   4901.79          0.        0.     9463.
   161.00      8147.      9441.    368293.   4901.78          0.        0.     9441.
   161.50      8141.      9419.    368239.   4901.77          0.        0.     9419.
   162.00      8136.      9398.    368188.   4901.76          0.        0.     9398.
   162.50      8130.      9377.    368137.   4901.75          0.        0.     9377.
   163.00      8125.      9357.    368086.   4901.74          0.        0.     9357.
   163.50      8119.      9336.    368035.   4901.73          0.        0.     9336.
   164.00      8113.      9315.    367984.   4901.73          0.        0.     9315.
   164.50      8108.      9296.    367935.   4901.72          0.        0.     9296.
   165.00      8102.      9276.    367887.   4901.71          0.        0.     9276.
   165.50      8096.      9257.    367839.   4901.70          0.        0.     9257.
   166.00      8090.      9237.    367791.   4901.69          0.        0.     9237.
   166.50      8084.      9218.    367743.   4901.69          0.        0.     9218.
   167.00      8078.      9198.    367695.   4901.68          0.        0.     9198.
   167.50      8072.      9180.    367650.   4901.67          0.        0.     9180.
   168.00      8066.      9161.    367605.   4901.66          0.        0.     9161.
   168.50      8060.      9143.    367560.   4901.66          0.        0.     9143.
   169.00      8054.      9125.    367515.   4901.65          0.        0.     9125.
   169.50      8047.      9106.    367470.   4901.64          0.        0.     9106.
   170.00      8040.      9088.    367425.   4901.64          0.        0.     9088.
   170.50      8032.      9071.    367383.   4901.63          0.        0.     9071.
   171.00      8024.      9054.    367341.   4901.62          0.        0.     9054.
   171.50      8016.      9037.    367299.   4901.61          0.        0.     9037.
   172.00      8008.      9020.    367257.   4901.61          0.        0.     9020.
   172.50      7999.      9003.    367215.   4901.60          0.        0.     9003.
   173.00      7990.      8986.    367173.   4901.59          0.        0.     8986.
   173.50      7981.      8969.    367131.   4901.59          0.        0.     8969.
   174.00      7972.      8951.    367089.   4901.58          0.        0.     8951.
   174.50      7962.      8936.    367050.   4901.57          0.        0.     8936.
   175.00      7953.      8920.    367011.   4901.57          0.        0.     8920.
   175.50      7943.      8904.    366972.   4901.56          0.        0.     8904.
   176.00      7933.      8888.    366933.   4901.56          0.        0.     8888.
   176.50      7923.      8872.    366894.   4901.55          0.        0.     8872.
   177.00      7913.      8856.    366854.   4901.54          0.        0.     8856.
   177.50      7903.      8840.    366815.   4901.54          0.        0.     8840.
   178.00      7893.      8824.    366776.   4901.53          0.        0.     8824.
   178.50      7883.      8809.    366737.   4901.52          0.        0.     8809.
   179.00      7873.      8793.    366698.   4901.52          0.        0.     8793.
   179.50      7864.      8777.    366659.   4901.51          0.        0.     8777.
   180.00      7854.      8761.    366620.   4901.50          0.        0.     8761.
   180.50      7844.      8746.    366584.   4901.50          0.        0.     8746.
   181.00      7834.      8732.    366548.   4901.49          0.        0.     8732.
   181.50      7825.      8717.    366512.   4901.49          0.        0.     8717.
   182.00      7816.      8702.    366476.   4901.48          0.        0.     8702.
   182.50      7807.      8688.    366440.   4901.48          0.        0.     8688.
   183.00      7798.      8673.    366404.   4901.47          0.        0.     8673.
   183.50      7789.      8658.    366368.   4901.46          0.        0.     8658.
   184.00      7781.      8644.    366332.   4901.46          0.        0.     8644.
   184.50      7773.      8629.    366296.   4901.45          0.        0.     8629.
   185.00      7765.      8615.    366260.   4901.45          0.        0.     8615.
   185.50      7758.      8600.    366224.   4901.44          0.        0.     8600.
   186.00      7751.      8585.    366188.   4901.43          0.        0.     8585.
   186.50      7744.      8572.    366155.   4901.43          0.        0.     8572.
   187.00      7738.      8558.    366122.   4901.42          0.        0.     8558.
   187.50      7732.      8545.    366089.   4901.42          0.        0.     8545.
   188.00      7727.      8531.    366056.   4901.41          0.        0.     8531.
   188.50      7722.      8518.    366023.   4901.41          0.        0.     8518.
   189.00      7718.      8505.    365990.   4901.40          0.        0.     8505.
   189.50      7714.      8491.    365957.   4901.40          0.        0.     8491.
   190.00      7710.      8478.    365924.   4901.39          0.        0.     8478.
   190.50      7708.      8466.    365894.   4901.39          0.        0.     8466.
   191.00      7705.      8453.    365864.   4901.38          0.        0.     8453.
   191.50      7704.      8441.    365834.   4901.38          0.        0.     8441.
   192.00      7703.      8429.    365804.   4901.37          0.        0.     8429.
   192.50      7703.      8417.    365774.   4901.37          0.        0.     8417.
   193.00      7703.      8405.    365744.   4901.36          0.        0.     8405.
   193.50      7703.      8392.    365713.   4901.36          0.        0.     8392.
   194.00      7703.      8381.    365686.   4901.35          0.        0.     8381.
   194.50      7703.      8370.    365659.   4901.35          0.        0.     8370.
   195.00      7703.      8359.    365632.   4901.34          0.        0.     8359.
   195.50      7703.      8348.    365605.   4901.34          0.        0.     8348.
   196.00      7703.      8337.    365578.   4901.33          0.        0.     8337.
   196.50      7703.      8326.    365551.   4901.33          0.        0.     8326.
   197.00      7703.      8315.    365524.   4901.33          0.        0.     8315.
   197.50      7703.      8306.    365500.   4901.32          0.        0.     8306.
   198.00      7703.      8296.    365476.   4901.32          0.        0.     8296.
   198.50      7703.      8286.    365452.   4901.31          0.        0.     8286.
   199.00      7703.      8276.    365428.   4901.31          0.        0.     8276.
   199.50      7703.      8267.    365404.   4901.31          0.        0.     8267.
   200.00      7703.      8257.    365380.   4901.30          0.        0.     8257.
   200.50      7703.      8247.    365356.   4901.30          0.        0.     8247.
   201.00      7703.      8239.    365335.   4901.30          0.        0.     8239.
   201.50      7703.      8230.    365314.   4901.29          0.        0.     8230.
   202.00      7703.      8221.    365293.   4901.29          0.        0.     8221.
   202.50      7703.      8213.    365272.   4901.29          0.        0.     8213.
   203.00      7703.      8204.    365251.   4901.28          0.        0.     8204.
   203.50      7703.      8196.    365230.   4901.28          0.        0.     8196.
   204.00      7703.      8187.    365209.   4901.27          0.        0.     8187.
   204.50      7703.      8179.    365188.   4901.27          0.        0.     8179.
   205.00      7703.      8171.    365170.   4901.27          0.        0.     8171.
   205.50      7703.      8164.    365152.   4901.27          0.        0.     8164.
   206.00      7703.      8157.    365134.   4901.26          0.        0.     8157.
   206.50      7703.      8149.    365116.   4901.26          0.        0.     8149.
   207.00      7703.      8142.    365098.   4901.26          0.        0.     8142.
   207.50      7703.      8135.    365080.   4901.25          0.        0.     8135.
   208.00      7703.      8127.    365062.   4901.25          0.        0.     8127.
   208.50      7703.      8120.    365044.   4901.25          0.        0.     8120.
   209.00      7703.      8113.    365026.   4901.25          0.        0.     8113.
   209.50      7703.      8105.    365008.   4901.24          0.        0.     8105.
   210.00      7703.      8099.    364993.   4901.24          0.        0.     8099.
   210.50      7703.      8093.    364978.   4901.24          0.        0.     8093.
   211.00      7703.      8087.    364963.   4901.23          0.        0.     8087.
   211.50      7703.      8081.    364948.   4901.23          0.        0.     8081.
   212.00      7703.      8075.    364933.   4901.23          0.        0.     8075.
   212.50      7703.      8069.    364918.   4901.23          0.        0.     8069.
   213.00      7703.      8063.    364903.   4901.23          0.        0.     8063.
   213.50      7703.      8057.    364888.   4901.22          0.        0.     8057.
   214.00      7703.      8051.    364873.   4901.22          0.        0.     8051.
   214.50      7703.      8044.    364858.   4901.22          0.        0.     8044.
   215.00      7703.      8038.    364843.   4901.22          0.        0.     8038.
   215.50      7703.      8032.    364828.   4901.21          0.        0.     8032.
   216.00      7703.      8027.    364816.   4901.21          0.        0.     8027.
   216.50      7703.      8022.    364804.   4901.21          0.        0.     8022.
   217.00      7702.      8018.    364792.   4901.21          0.        0.     8018.
   217.50      7702.      8013.    364780.   4901.21          0.        0.     8013.
   218.00      7700.      8008.    364768.   4901.20          0.        0.     8008.
   218.50      7699.      8003.    364756.   4901.20          0.        0.     8003.
   219.00      7697.      7998.    364744.   4901.20          0.        0.     7998.
   219.50      7694.      7993.    364732.   4901.20          0.        0.     7993.
   220.00      7692.      7988.    364720.   4901.20          0.        0.     7988.
   220.50      7688.      7983.    364708.   4901.19          0.        0.     7983.
   221.00      7685.      7979.    364696.   4901.19          0.        0.     7979.
   221.50      7681.      7974.    364684.   4901.19          0.        0.     7974.
   222.00      7677.      7969.    364672.   4901.19          0.        0.     7969.
   222.50      7672.      7964.    364660.   4901.19          0.        0.     7964.
   223.00      7667.      7959.    364648.   4901.18          0.        0.     7959.
   223.50      7662.      7954.    364636.   4901.18          0.        0.     7954.
   224.00      7656.      7949.    364624.   4901.18          0.        0.     7949.
   224.50      7650.      7944.    364611.   4901.18          0.        0.     7944.
   225.00      7644.      7939.    364599.   4901.18          0.        0.     7939.
   225.50      7638.      7935.    364587.   4901.17          0.        0.     7935.
   226.00      7631.      7930.    364575.   4901.17          0.        0.     7930.
   226.50      7624.      7925.    364563.   4901.17          0.        0.     7925.
   227.00      7617.      7920.    364551.   4901.17          0.        0.     7920.
   227.50      7610.      7915.    364539.   4901.17          0.        0.     7915.
   228.00      7603.      7910.    364527.   4901.16          0.        0.     7910.
   228.50      7595.      7905.    364515.   4901.16          0.        0.     7905.
   229.00      7587.      7900.    364503.   4901.16          0.        0.     7900.
   229.50      7579.      7896.    364491.   4901.16          0.        0.     7896.
   230.00      7571.      7891.    364479.   4901.16          0.        0.     7891.
   230.50      7562.      7886.    364467.   4901.15          0.        0.     7886.
   231.00      7554.      7881.    364455.   4901.15          0.        0.     7881.
   231.50      7545.      7875.    364440.   4901.15          0.        0.     7875.
   232.00      7537.      7869.    364425.   4901.15          0.        0.     7869.
   232.50      7528.      7863.    364410.   4901.15          0.        0.     7863.
   233.00      7519.      7856.    364395.   4901.14          0.        0.     7856.
   233.50      7510.      7850.    364380.   4901.14          0.        0.     7850.
   234.00      7501.      7844.    364365.   4901.14          0.        0.     7844.
   234.50      7492.      7838.    364350.   4901.14          0.        0.     7838.
   235.00      7483.      7832.    364335.   4901.13          0.        0.     7832.
   235.50      7474.      7826.    364320.   4901.13          0.        0.     7826.
   236.00      7465.      7820.    364305.   4901.13          0.        0.     7820.
   236.50      7456.      7814.    364290.   4901.13          0.        0.     7814.
   237.00      7447.      7808.    364275.   4901.12          0.        0.     7808.
   237.50      7438.      7802.    364260.   4901.12          0.        0.     7802.
   238.00      7429.      7795.    364245.   4901.12          0.        0.     7795.
   238.50      7420.      7789.    364230.   4901.12          0.        0.     7789.
   239.00      7412.      7783.    364215.   4901.11          0.        0.     7783.
   239.50      7403.      7777.    364200.   4901.11          0.        0.     7777.
   240.00      7394.      7771.    364185.   4901.11          0.        0.     7771.
   240.50      7386.      7765.    364170.   4901.11          0.        0.     7765.
   241.00      7377.      7759.    364155.   4901.10          0.        0.     7759.
   241.50      7367.      7753.    364140.   4901.10          0.        0.     7753.
   242.00      7357.      7747.    364125.   4901.10          0.        0.     7747.
   242.50      7346.      7740.    364110.   4901.10          0.        0.     7740.
   243.00      7335.      7734.    364095.   4901.09          0.        0.     7734.
   243.50      7323.      7727.    364077.   4901.09          0.        0.     7727.
   244.00      7310.      7720.    364059.   4901.09          0.        0.     7720.
   244.50      7297.      7712.    364041.   4901.08          0.        0.     7712.
   245.00      7284.      7705.    364023.   4901.08          0.        0.     7705.
   245.50      7270.      7698.    364005.   4901.08          0.        0.     7698.
   246.00      7256.      7690.    363987.   4901.08          0.        0.     7690.
   246.50      7241.      7683.    363969.   4901.07          0.        0.     7683.
   247.00      7226.      7676.    363951.   4901.07          0.        0.     7676.
   247.50      7211.      7668.    363933.   4901.07          0.        0.     7668.
   248.00      7196.      7661.    363915.   4901.06          0.        0.     7661.
   248.50      7180.      7654.    363897.   4901.06          0.        0.     7654.
   249.00      7164.      7645.    363876.   4901.06          0.        0.     7645.
   249.50      7149.      7637.    363855.   4901.05          0.        0.     7637.
   250.00      7133.      7628.    363834.   4901.05          0.        0.     7628.
   250.50      7117.      7620.    363813.   4901.05          0.        0.     7620.
   251.00      7101.      7611.    363792.   4901.04          0.        0.     7611.
   251.50      7085.      7603.    363771.   4901.04          0.        0.     7603.
   252.00      7070.      7594.    363750.   4901.04          0.        0.     7594.
   252.50      7054.      7585.    363729.   4901.03          0.        0.     7585.
   253.00      7039.      7577.    363708.   4901.03          0.        0.     7577.
   253.50      7024.      7568.    363687.   4901.03          0.        0.     7568.
   254.00      7009.      7559.    363663.   4901.02          0.        0.     7559.
   254.50      6994.      7549.    363639.   4901.02          0.        0.     7549.
   255.00      6980.      7539.    363615.   4901.02          0.        0.     7539.
   255.50      6966.      7529.    363591.   4901.01          0.        0.     7529.
   256.00      6953.      7520.    363567.   4901.01          0.        0.     7520.
   256.50      6940.      7510.    363543.   4901.00          0.        0.     7510.
   257.00      6927.      7500.    363519.   4901.00          0.        0.     7500.
   257.50      6915.      7490.    363494.   4901.00          0.        0.     7490.
   258.00      6904.      7480.    363470.   4900.99          0.        0.     7480.
   258.50      6893.      7471.    363446.   4900.99          0.        0.     7471.
   259.00      6883.      7461.    363422.   4900.98          0.        0.     7461.
   259.50      6873.      7451.    363398.   4900.98          0.        0.     7451.
   260.00      6864.      7441.    363374.   4900.98          0.        0.     7441.
   260.50      6856.      7432.    363350.   4900.97          0.        0.     7432.
   261.00      6849.      7422.    363326.   4900.97          0.        0.     7422.
   261.50      6843.      7412.    363302.   4900.96          0.        0.     7412.
   262.00      6837.      7402.    363278.   4900.96          0.        0.     7402.
   262.50      6832.      7393.    363254.   4900.96          0.        0.     7393.
   263.00      6829.      7383.    363230.   4900.95          0.        0.     7383.
   263.50      6826.      7373.    363206.   4900.95          0.        0.     7373.
   264.00      6825.      7365.    363185.   4900.95          0.        0.     7365.
   264.50      6824.      7356.    363164.   4900.94          0.        0.     7356.
   265.00      6824.      7347.    363143.   4900.94          0.        0.     7347.
   265.50      6824.      7339.    363122.   4900.94          0.        0.     7339.
   266.00      6825.      7330.    363101.   4900.93          0.        0.     7330.
   266.50      6825.      7322.    363080.   4900.93          0.        0.     7322.
   267.00      6826.      7313.    363059.   4900.93          0.        0.     7313.
   267.50      6827.      7305.    363038.   4900.92          0.        0.     7305.
   268.00      6828.      7296.    363017.   4900.92          0.        0.     7296.
   268.50      6829.      7289.    362999.   4900.92          0.        0.     7289.
   269.00      6830.      7281.    362981.   4900.91          0.        0.     7281.
   269.50      6831.      7274.    362963.   4900.91          0.        0.     7274.
   270.00      6832.      7267.    362945.   4900.91          0.        0.     7267.
   270.50      6834.      7260.    362927.   4900.90          0.        0.     7260.
   271.00      6835.      7252.    362909.   4900.90          0.        0.     7252.
   271.50      6837.      7245.    362891.   4900.90          0.        0.     7245.
   272.00      6838.      7238.    362873.   4900.90          0.        0.     7238.
   272.50      6840.      7231.    362858.   4900.89          0.        0.     7231.
   273.00      6842.      7225.    362843.   4900.89          0.        0.     7225.
   273.50      6843.      7219.    362828.   4900.89          0.        0.     7219.
   274.00      6845.      7213.    362813.   4900.89          0.        0.     7213.
   274.50      6847.      7207.    362798.   4900.88          0.        0.     7207.
   275.00      6849.      7201.    362783.   4900.88          0.        0.     7201.
   275.50      6851.      7195.    362768.   4900.88          0.        0.     7195.
   276.00      6853.      7189.    362753.   4900.88          0.        0.     7189.
   276.50      6855.      7183.    362738.   4900.87          0.        0.     7183.
   277.00      6857.      7178.    362726.   4900.87          0.        0.     7178.
   277.50      6858.      7173.    362714.   4900.87          0.        0.     7173.
   278.00      6860.      7168.    362702.   4900.87          0.        0.     7168.
   278.50      6862.      7163.    362690.   4900.87          0.        0.     7163.
   279.00      6864.      7158.    362678.   4900.86          0.        0.     7158.
   279.50      6866.      7153.    362666.   4900.86          0.        0.     7153.
   280.00      6868.      7148.    362654.   4900.86          0.        0.     7148.
   280.50      6869.      7144.    362642.   4900.86          0.        0.     7144.
   281.00      6871.      7139.    362630.   4900.86          0.        0.     7139.
   281.50      6873.      7134.    362618.   4900.85          0.        0.     7134.
   282.00      6874.      7129.    362606.   4900.85          0.        0.     7129.
   282.50      6876.      7125.    362597.   4900.85          0.        0.     7125.
   283.00      6877.      7122.    362588.   4900.85          0.        0.     7122.
   283.50      6878.      7118.    362579.   4900.85          0.        0.     7118.
   284.00      6880.      7114.    362570.   4900.85          0.        0.     7114.
   284.50      6881.      7111.    362561.   4900.84          0.        0.     7111.
   285.00      6882.      7107.    362552.   4900.84          0.        0.     7107.
   285.50      6883.      7103.    362543.   4900.84          0.        0.     7103.
   286.00      6883.      7100.    362534.   4900.84          0.        0.     7100.
   286.50      6884.      7096.    362525.   4900.84          0.        0.     7096.
   287.00      6885.      7092.    362516.   4900.84          0.        0.     7092.
   287.50      6885.      7089.    362507.   4900.84          0.        0.     7089.
   288.00      6885.      7085.    362498.   4900.83          0.        0.     7085.
   288.50      6885.      7081.    362489.   4900.83          0.        0.     7081.
   289.00      6885.      7078.    362480.   4900.83          0.        0.     7078.
   289.50      6884.      7074.    362471.   4900.83          0.        0.     7074.
   290.00      6883.      7070.    362462.   4900.83          0.        0.     7070.
   290.50      6881.      7067.    362453.   4900.83          0.        0.     7067.
   291.00      6879.      7063.    362444.   4900.83          0.        0.     7063.
   291.50      6876.      7059.    362435.   4900.82          0.        0.     7059.
   292.00      6873.      7056.    362426.   4900.82          0.        0.     7056.
   292.50      6870.      7052.    362417.   4900.82          0.        0.     7052.
   293.00      6866.      7048.    362408.   4900.82          0.        0.     7048.
   293.50      6862.      7045.    362399.   4900.82          0.        0.     7045.
   294.00      6857.      7041.    362390.   4900.82          0.        0.     7041.
   294.50      6852.      7037.    362380.   4900.81          0.        0.     7037.
   295.00      6847.      7034.    362371.   4900.81          0.        0.     7034.
   295.50      6842.      7030.    362362.   4900.81          0.        0.     7030.
   296.00      6836.      7026.    362353.   4900.81          0.        0.     7026.
   296.50      6830.      7023.    362344.   4900.81          0.        0.     7023.
   297.00      6824.      7019.    362335.   4900.81          0.        0.     7019.
   297.50      6817.      7015.    362326.   4900.81          0.        0.     7015.
   298.00      6811.      7012.    362317.   4900.80          0.        0.     7012.
   298.50      6804.      7008.    362308.   4900.80          0.        0.     7008.
   299.00      6797.      7004.    362299.   4900.80          0.        0.     7004.
   299.50      6790.      7001.    362290.   4900.80          0.        0.     7001.
   300.00      6783.      6997.    362281.   4900.80          0.        0.     6997.
   300.50      6776.      6993.    362272.   4900.80          0.        0.     6993.
   301.00      6769.      6990.    362263.   4900.80          0.        0.     6990.
   301.50      6761.      6986.    362254.   4900.79          0.        0.     6986.
   302.00      6754.      6982.    362245.   4900.79          0.        0.     6982.
   302.50      6747.      6979.    362236.   4900.79          0.        0.     6979.
   303.00      6739.      6975.    362227.   4900.79          0.        0.     6975.
   303.50      6732.      6971.    362218.   4900.79          0.        0.     6971.
   304.00      6725.      6968.    362209.   4900.79          0.        0.     6968.
   304.50      6718.      6964.    362200.   4900.79          0.        0.     6964.
   305.00      6711.      6960.    362191.   4900.78          0.        0.     6960.
   305.50      6704.      6957.    362182.   4900.78          0.        0.     6957.
   306.00      6697.      6953.    362173.   4900.78          0.        0.     6953.
   306.50      6690.      6948.    362161.   4900.78          0.        0.     6948.
   307.00      6684.      6943.    362149.   4900.78          0.        0.     6943.
   307.50      6678.      6938.    362137.   4900.78          0.        0.     6938.
   308.00      6672.      6934.    362125.   4900.77          0.        0.     6934.
   308.50      6666.      6929.    362113.   4900.77          0.        0.     6929.
   309.00      6660.      6924.    362101.   4900.77          0.        0.     6924.
   309.50      6655.      6919.    362089.   4900.77          0.        0.     6919.
   310.00      6650.      6914.    362077.   4900.77          0.        0.     6914.
   310.50      6645.      6909.    362065.   4900.76          0.        0.     6909.
   311.00      6641.      6904.    362053.   4900.76          0.        0.     6904.
   311.50      6637.      6899.    362041.   4900.76          0.        0.     6899.
   312.00      6633.      6895.    362029.   4900.76          0.        0.     6895.
   312.50      6630.      6890.    362017.   4900.76          0.        0.     6890.
   313.00      6627.      6885.    362005.   4900.75          0.        0.     6885.
   313.50      6624.      6880.    361993.   4900.75          0.        0.     6880.
   314.00      6621.      6875.    361981.   4900.75          0.        0.     6875.
   314.50      6619.      6871.    361972.   4900.75          0.        0.     6871.
   315.00      6616.      6868.    361963.   4900.75          0.        0.     6868.
   315.50      6614.      6864.    361954.   4900.75          0.        0.     6864.
   316.00      6611.      6860.    361945.   4900.74          0.        0.     6860.
   316.50      6609.      6857.    361936.   4900.74          0.        0.     6857.
   317.00      6607.      6853.    361927.   4900.74          0.        0.     6853.
   317.50      6604.      6849.    361918.   4900.74          0.        0.     6849.
   318.00      6602.      6846.    361909.   4900.74          0.        0.     6846.
   318.50      6600.      6842.    361900.   4900.74          0.        0.     6842.
   319.00      6598.      6838.    361891.   4900.74          0.        0.     6838.
   319.50      6596.      6835.    361882.   4900.73          0.        0.     6835.
   320.00      6594.      6831.    361873.   4900.73          0.        0.     6831.
   320.50      6593.      6827.    361864.   4900.73          0.        0.     6827.
   321.00      6591.      6824.    361855.   4900.73          0.        0.     6824.
   321.50      6589.      6820.    361846.   4900.73          0.        0.     6820.
   322.00      6587.      6816.    361837.   4900.73          0.        0.     6816.
   322.50      6586.      6813.    361828.   4900.73          0.        0.     6813.
   323.00      6584.      6809.    361819.   4900.72          0.        0.     6809.
   323.50      6582.      6805.    361810.   4900.72          0.        0.     6805.
   324.00      6580.      6802.    361801.   4900.72          0.        0.     6802.
   324.50      6579.      6798.    361792.   4900.72          0.        0.     6798.
   325.00      6577.      6794.    361783.   4900.72          0.        0.     6794.
   325.50      6575.      6791.    361774.   4900.72          0.        0.     6791.
   326.00      6574.      6787.    361765.   4900.71          0.        0.     6787.
   326.50      6572.      6783.    361756.   4900.71          0.        0.     6783.
   327.00      6570.      6780.    361747.   4900.71          0.        0.     6780.
   327.50      6569.      6776.    361738.   4900.71          0.        0.     6776.
   328.00      6567.      6772.    361729.   4900.71          0.        0.     6772.
   328.50      6565.      6769.    361720.   4900.71          0.        0.     6769.
   329.00      6563.      6765.    361711.   4900.71          0.        0.     6765.
   329.50      6561.      6761.    361702.   4900.70          0.        0.     6761.
   330.00      6559.      6758.    361693.   4900.70          0.        0.     6758.
   330.50      6557.      6754.    361684.   4900.70          0.        0.     6754.
   331.00      6555.      6750.    361675.   4900.70          0.        0.     6750.
   331.50      6553.      6747.    361666.   4900.70          0.        0.     6747.
   332.00      6551.      6743.    361657.   4900.70          0.        0.     6743.
   332.50      6549.      6740.    361648.   4900.70          0.        0.     6740.
   333.00      6546.      6736.    361639.   4900.69          0.        0.     6736.
   333.50      6544.      6732.    361630.   4900.69          0.        0.     6732.
   334.00      6542.      6729.    361621.   4900.69          0.        0.     6729.
   334.50      6539.      6725.    361612.   4900.69          0.        0.     6725.
   335.00      6536.      6721.    361603.   4900.69          0.        0.     6721.
   335.50      6534.      6718.    361594.   4900.69          0.        0.     6718.
   336.00      6531.      6714.    361585.   4900.69          0.        0.     6714.
   336.50      6528.      6710.    361576.   4900.68          0.        0.     6710.
   337.00      6525.      6708.    361570.   4900.68          0.        0.     6708.
   337.50      6521.      6704.    361561.   4900.68          0.        0.     6704.
   338.00      6518.      6700.    361552.   4900.68          0.        0.     6700.
   338.50      6514.      6697.    361543.   4900.68          0.        0.     6697.
   339.00      6511.      6693.    361534.   4900.68          0.        0.     6693.
   339.50      6507.      6689.    361525.   4900.68          0.        0.     6689.
   340.00      6503.      6686.    361516.   4900.67          0.        0.     6686.
   340.50      6499.      6682.    361507.   4900.67          0.        0.     6682.
   341.00      6495.      6678.    361498.   4900.67          0.        0.     6678.
   341.50      6491.      6675.    361489.   4900.67          0.        0.     6675.
   342.00      6486.      6671.    361480.   4900.67          0.        0.     6671.
   342.50      6482.      6667.    361471.   4900.67          0.        0.     6667.
   343.00      6477.      6664.    361462.   4900.67          0.        0.     6664.
   343.50      6473.      6660.    361453.   4900.66          0.        0.     6660.
   344.00      6468.      6656.    361444.   4900.66          0.        0.     6656.
   344.50      6463.      6653.    361435.   4900.66          0.        0.     6653.
   345.00      6458.      6649.    361426.   4900.66          0.        0.     6649.
   345.50      6453.      6646.    361417.   4900.66          0.        0.     6646.
   346.00      6448.      6642.    361408.   4900.66          0.        0.     6642.
   346.50      6443.      6638.    361399.   4900.66          0.        0.     6638.
   347.00      6437.      6635.    361390.   4900.65          0.        0.     6635.
   347.50      6432.      6631.    361381.   4900.65          0.        0.     6631.
   348.00      6427.      6627.    361372.   4900.65          0.        0.     6627.
   348.50      6421.      6624.    361363.   4900.65          0.        0.     6624.
   349.00      6415.      6620.    361354.   4900.65          0.        0.     6620.
   349.50      6410.      6616.    361345.   4900.65          0.        0.     6616.
   350.00      6404.      6613.    361336.   4900.65          0.        0.     6613.
   350.50      6398.      6609.    361327.   4900.64          0.        0.     6609.
   351.00      6392.      6605.    361318.   4900.64          0.        0.     6605.
   351.50      6386.      6602.    361309.   4900.64          0.        0.     6602.
   352.00      6380.      6598.    361300.   4900.64          0.        0.     6598.
   352.50      6374.      6594.    361291.   4900.64          0.        0.     6594.
   353.00      6368.      6591.    361282.   4900.64          0.        0.     6591.
   353.50      6362.      6587.    361273.   4900.63          0.        0.     6587.
   354.00      6356.      6583.    361263.   4900.63          0.        0.     6583.
   354.50      6350.      6580.    361254.   4900.63          0.        0.     6580.
   355.00      6343.      6576.    361245.   4900.63          0.        0.     6576.
   355.50      6337.      6572.    361236.   4900.63          0.        0.     6572.
   356.00      6331.      6569.    361227.   4900.63          0.        0.     6569.
   356.50      6324.      6565.    361218.   4900.63          0.        0.     6565.
   357.00      6318.      6561.    361209.   4900.62          0.        0.     6561.
   357.50      6311.      6558.    361200.   4900.62          0.        0.     6558.
   358.00      6305.      6554.    361191.   4900.62          0.        0.     6554.
   358.50      6298.      6550.    361182.   4900.62          0.        0.     6550.
   359.00      6292.      6547.    361173.   4900.62          0.        0.     6547.
   359.50      6285.      6542.    361161.   4900.62          0.        0.     6542.
   360.00      6279.      6537.    361149.   4900.61          0.        0.     6537.
1



      INFLOW DATA                           STORAGE DATA
      ***********                           ************
     TIME    INFLOW                     ELEVATION     STORAGE

     0.50      5527.                      4753.20          0.
     1.00      5557.                      4754.00          5.
     1.50      5587.                      4760.00        853.
     2.00      5617.                      4770.00       5056.
     2.50      5647.                      4780.00      11677.
     3.00      5677.                      4790.00      20701.
     3.50      5707.                      4800.00      32214.
     4.00      5737.                      4810.00      46676.
     4.50      5766.                      4820.00      64861.
     5.00      5796.                      4830.00      86629.
     5.50      5825.                      4840.00     112286.
     6.00      5855.                      4850.00     141401.
     6.50      5884.                      4860.00     174439.
     7.00      5913.                      4870.00     212059.
     7.50      5941.                      4880.00     254696.
     8.00      5970.                      4890.00     303066.
     8.50      5999.                      4900.00     357369.
     9.00      6027.                      4910.00     418864.
     9.50      6056.                      4920.00     488871.
    10.00      6084.                      4924.00     519654.
    10.50      6112.                      4924.50     523636.
    11.00      6140.                      4925.00     527626.
    11.50      6167.                      4925.50     531626.
    12.00      6195.                      4926.00     535626.
    12.50      6222.                      4930.00     569747.
    13.00      6249.                      4935.00     604527.
    13.50      6276.
    14.00      6303.
    14.50      6330.
    15.00      6357.
    15.50      6383.
    16.00      6409.
    16.50      6435.
    17.00      6461.
    17.50      6487.
    18.00      6512.
    18.50      6537.
    19.00      6562.
    19.50      6587.
    20.00      6612.
    20.50      6636.
    21.00      6661.
    21.50      6685.
    22.00      6708.
    22.50      6732.
    23.00      6755.
    23.50      6778.
    24.00      6801.
    24.50      6824.
    25.00      6846.
    25.50      6869.
    26.00      6890.
    26.50      6912.
    27.00      6934.
    27.50      6955.
    28.00      6976.
    28.50      6997.
    29.00      7017.
    29.50      7038.
    30.00      7058.
    30.50      7078.
    31.00      7098.
    31.50      7117.
    32.00      7137.
    32.50      7156.
    33.00      7175.
    33.50      7195.
    34.00      7214.
    34.50      7233.
    35.00      7251.
    35.50      7270.
    36.00      7289.
    36.50      7307.
    37.00      7326.
    37.50      7344.
    38.00      7363.
    38.50      7381.
    39.00      7399.
    39.50      7418.
    40.00      7436.
    40.50      7454.
    41.00      7473.
    41.50      7491.
    42.00      7509.
    42.50      7528.
    43.00      7546.
    43.50      7565.
    44.00      7583.
    44.50      7602.
    45.00      7620.
    45.50      7639.
    46.00      7658.
    46.50      7677.
    47.00      7696.
    47.50      7715.
    48.00      7734.
    48.50      7754.
    49.00      7773.
    49.50      7794.
    50.00      7815.
    50.50      7838.
    51.00      7860.
    51.50      7883.
    52.00      7907.
    52.50      7931.
    53.00      7956.
    53.50      7981.
    54.00      8006.
    54.50      8032.
    55.00      8058.
    55.50      8084.
    56.00      8110.
    56.50      8136.
    57.00      8162.
    57.50      8197.
    58.00      8272.
    58.50      8361.
    59.00      8459.
    59.50      8581.
    60.00      8825.
    60.50      9318.
    61.00     10078.
    61.50     11326.
    62.00     14568.
    62.50     35164.
    63.00     93599.
    63.50    119441.
    64.00    135184.
    64.50    148414.
    65.00    161159.
    65.50    173922.
    66.00    185876.
    66.50    196026.
    67.00    204873.
    67.50    213444.
    68.00    222553.
    68.50    232138.
    69.00    241568.
    69.50    250157.
    70.00    257510.
    70.50    263342.
    71.00    267417.
    71.50    269653.
    72.00    270170.
    72.50    269441.
    73.00    268131.
    73.50    266730.
    74.00    265389.
    74.50    264099.
    75.00    262845.
    75.50    261518.
    76.00    259792.
    76.50    257759.
    77.00    255378.
    77.50    251899.
    78.00    247541.
    78.50    242617.
    79.00    237241.
    79.50    231465.
    80.00    225371.
    80.50    219057.
    81.00    212490.
    81.50    205631.
    82.00    198628.
    82.50    191609.
    83.00    184599.
    83.50    177605.
    84.00    170625.
    84.50    163652.
    85.00    156682.
    85.50    149747.
    86.00    142871.
    86.50    136076.
    87.00    129434.
    87.50    123049.
    88.00    116963.
    88.50    111185.
    89.00    105729.
    89.50    100584.
    90.00     95742.
    90.50     91204.
    91.00     86932.
    91.50     82892.
    92.00     79054.
    92.50     75438.
    93.00     71740.
    93.50     68073.
    94.00     64450.
    94.50     60992.
    95.00     57732.
    95.50     54664.
    96.00     51803.
    96.50     49172.
    97.00     46727.
    97.50     44448.
    98.00     42387.
    98.50     40502.
    99.00     38764.
    99.50     37151.
   100.00     35595.
   100.50     34220.
   101.00     32877.
   101.50     31701.
   102.00     30535.
   102.50     29410.
   103.00     28430.
   103.50     27467.
   104.00     26570.
   104.50     25730.
   105.00     24958.
   105.50     24265.
   106.00     23576.
   106.50     22917.
   107.00     22303.
   107.50     21735.
   108.00     21208.
   108.50     20741.
   109.00     20287.
   109.50     19836.
   110.00     19396.
   110.50     18973.
   111.00     18574.
   111.50     18198.
   112.00     17851.
   112.50     17536.
   113.00     17241.
   113.50     16943.
   114.00     16667.
   114.50     16412.
   115.00     16172.
   115.50     15928.
   116.00     15686.
   116.50     15450.
   117.00     15224.
   117.50     15026.
   118.00     14846.
   118.50     14671.
   119.00     14497.
   119.50     14332.
   120.00     14178.
   120.50     14024.
   121.00     13874.
   121.50     13737.
   122.00     13605.
   122.50     13473.
   123.00     13342.
   123.50     13217.
   124.00     13101.
   124.50     12987.
   125.00     12874.
   125.50     12766.
   126.00     12663.
   126.50     12566.
   127.00     12473.
   127.50     12380.
   128.00     12290.
   128.50     12201.
   129.00      8502.
   129.50      8497.
   130.00      8492.
   130.50      8486.
   131.00      8480.
   131.50      8474.
   132.00      8469.
   132.50      8462.
   133.00      8456.
   133.50      8450.
   134.00      8444.
   134.50      8438.
   135.00      8431.
   135.50      8425.
   136.00      8418.
   136.50      8412.
   137.00      8406.
   137.50      8399.
   138.00      8393.
   138.50      8386.
   139.00      8380.
   139.50      8374.
   140.00      8367.
   140.50      8361.
   141.00      8355.
   141.50      8349.
   142.00      8343.
   142.50      8337.
   143.00      8332.
   143.50      8326.
   144.00      8321.
   144.50      8315.
   145.00      8310.
   145.50      8305.
   146.00      8300.
   146.50      8295.
   147.00      8290.
   147.50      8285.
   148.00      8280.
   148.50      8274.
   149.00      8269.
   149.50      8264.
   150.00      8259.
   150.50      8254.
   151.00      8249.
   151.50      8244.
   152.00      8239.
   152.50      8234.
   153.00      8229.
   153.50      8224.
   154.00      8219.
   154.50      8214.
   155.00      8209.
   155.50      8204.
   156.00      8199.
   156.50      8194.
   157.00      8189.
   157.50      8183.
   158.00      8178.
   158.50      8173.
   159.00      8168.
   159.50      8163.
   160.00      8157.
   160.50      8152.
   161.00      8147.
   161.50      8141.
   162.00      8136.
   162.50      8130.
   163.00      8125.
   163.50      8119.
   164.00      8113.
   164.50      8108.
   165.00      8102.
   165.50      8096.
   166.00      8090.
   166.50      8084.
   167.00      8078.
   167.50      8072.
   168.00      8066.
   168.50      8060.
   169.00      8054.
   169.50      8047.
   170.00      8040.
   170.50      8032.
   171.00      8024.
   171.50      8016.
   172.00      8008.
   172.50      7999.
   173.00      7990.
   173.50      7981.
   174.00      7972.
   174.50      7962.
   175.00      7953.
   175.50      7943.
   176.00      7933.
   176.50      7923.
   177.00      7913.
   177.50      7903.
   178.00      7893.
   178.50      7883.
   179.00      7873.
   179.50      7864.
   180.00      7854.
   180.50      7844.
   181.00      7834.
   181.50      7825.
   182.00      7816.
   182.50      7807.
   183.00      7798.
   183.50      7789.
   184.00      7781.
   184.50      7773.
   185.00      7765.
   185.50      7758.
   186.00      7751.
   186.50      7744.
   187.00      7738.
   187.50      7732.
   188.00      7727.
   188.50      7722.
   189.00      7718.
   189.50      7714.
   190.00      7710.
   190.50      7708.
   191.00      7705.
   191.50      7704.
   192.00      7703.
   192.50      7703.
   193.00      7703.
   193.50      7703.
   194.00      7703.
   194.50      7703.
   195.00      7703.
   195.50      7703.
   196.00      7703.
   196.50      7703.
   197.00      7703.
   197.50      7703.
   198.00      7703.
   198.50      7703.
   199.00      7703.
   199.50      7703.
   200.00      7703.
   200.50      7703.
   201.00      7703.
   201.50      7703.
   202.00      7703.
   202.50      7703.
   203.00      7703.
   203.50      7703.
   204.00      7703.
   204.50      7703.
   205.00      7703.
   205.50      7703.
   206.00      7703.
   206.50      7703.
   207.00      7703.
   207.50      7703.
   208.00      7703.
   208.50      7703.
   209.00      7703.
   209.50      7703.
   210.00      7703.
   210.50      7703.
   211.00      7703.
   211.50      7703.
   212.00      7703.
   212.50      7703.
   213.00      7703.
   213.50      7703.
   214.00      7703.
   214.50      7703.
   215.00      7703.
   215.50      7703.
   216.00      7703.
   216.50      7703.
   217.00      7702.
   217.50      7702.
   218.00      7700.
   218.50      7699.
   219.00      7697.
   219.50      7694.
   220.00      7692.
   220.50      7688.
   221.00      7685.
   221.50      7681.
   222.00      7677.
   222.50      7672.
   223.00      7667.
   223.50      7662.
   224.00      7656.
   224.50      7650.
   225.00      7644.
   225.50      7638.
   226.00      7631.
   226.50      7624.
   227.00      7617.
   227.50      7610.
   228.00      7603.
   228.50      7595.
   229.00      7587.
   229.50      7579.
   230.00      7571.
   230.50      7562.
   231.00      7554.
   231.50      7545.
   232.00      7537.
   232.50      7528.
   233.00      7519.
   233.50      7510.
   234.00      7501.
   234.50      7492.
   235.00      7483.
   235.50      7474.
   236.00      7465.
   236.50      7456.
   237.00      7447.
   237.50      7438.
   238.00      7429.
   238.50      7420.
   239.00      7412.
   239.50      7403.
   240.00      7394.
   240.50      7386.
   241.00      7377.
   241.50      7367.
   242.00      7357.
   242.50      7346.
   243.00      7335.
   243.50      7323.
   244.00      7310.
   244.50      7297.
   245.00      7284.
   245.50      7270.
   246.00      7256.
   246.50      7241.
   247.00      7226.
   247.50      7211.
   248.00      7196.
   248.50      7180.
   249.00      7164.
   249.50      7149.
   250.00      7133.
   250.50      7117.
   251.00      7101.
   251.50      7085.
   252.00      7070.
   252.50      7054.
   253.00      7039.
   253.50      7024.
   254.00      7009.
   254.50      6994.
   255.00      6980.
   255.50      6966.
   256.00      6953.
   256.50      6940.
   257.00      6927.
   257.50      6915.
   258.00      6904.
   258.50      6893.
   259.00      6883.
   259.50      6873.
   260.00      6864.
   260.50      6856.
   261.00      6849.
   261.50      6843.
   262.00      6837.
   262.50      6832.
   263.00      6829.
   263.50      6826.
   264.00      6825.
   264.50      6824.
   265.00      6824.
   265.50      6824.
   266.00      6825.
   266.50      6825.
   267.00      6826.
   267.50      6827.
   268.00      6828.
   268.50      6829.
   269.00      6830.
   269.50      6831.
   270.00      6832.
   270.50      6834.
   271.00      6835.
   271.50      6837.
   272.00      6838.
   272.50      6840.
   273.00      6842.
   273.50      6843.
   274.00      6845.
   274.50      6847.
   275.00      6849.
   275.50      6851.
   276.00      6853.
   276.50      6855.
   277.00      6857.
   277.50      6858.
   278.00      6860.
   278.50      6862.
   279.00      6864.
   279.50      6866.
   280.00      6868.
   280.50      6869.
   281.00      6871.
   281.50      6873.
   282.00      6874.
   282.50      6876.
   283.00      6877.
   283.50      6878.
   284.00      6880.
   284.50      6881.
   285.00      6882.
   285.50      6883.
   286.00      6883.
   286.50      6884.
   287.00      6885.
   287.50      6885.
   288.00      6885.
   288.50      6885.
   289.00      6885.
   289.50      6884.
   290.00      6883.
   290.50      6881.
   291.00      6879.
   291.50      6876.
   292.00      6873.
   292.50      6870.
   293.00      6866.
   293.50      6862.
   294.00      6857.
   294.50      6852.
   295.00      6847.
   295.50      6842.
   296.00      6836.
   296.50      6830.
   297.00      6824.
   297.50      6817.
   298.00      6811.
   298.50      6804.
   299.00      6797.
   299.50      6790.
   300.00      6783.
   300.50      6776.
   301.00      6769.
   301.50      6761.
   302.00      6754.
   302.50      6747.
   303.00      6739.
   303.50      6732.
   304.00      6725.
   304.50      6718.
   305.00      6711.
   305.50      6704.
   306.00      6697.
   306.50      6690.
   307.00      6684.
   307.50      6678.
   308.00      6672.
   308.50      6666.
   309.00      6660.
   309.50      6655.
   310.00      6650.
   310.50      6645.
   311.00      6641.
   311.50      6637.
   312.00      6633.
   312.50      6630.
   313.00      6627.
   313.50      6624.
   314.00      6621.
   314.50      6619.
   315.00      6616.
   315.50      6614.
   316.00      6611.
   316.50      6609.
   317.00      6607.
   317.50      6604.
   318.00      6602.
   318.50      6600.
   319.00      6598.
   319.50      6596.
   320.00      6594.
   320.50      6593.
   321.00      6591.
   321.50      6589.
   322.00      6587.
   322.50      6586.
   323.00      6584.
   323.50      6582.
   324.00      6580.
   324.50      6579.
   325.00      6577.
   325.50      6575.
   326.00      6574.
   326.50      6572.
   327.00      6570.
   327.50      6569.
   328.00      6567.
   328.50      6565.
   329.00      6563.
   329.50      6561.
   330.00      6559.
   330.50      6557.
   331.00      6555.
   331.50      6553.
   332.00      6551.
   332.50      6549.
   333.00      6546.
   333.50      6544.
   334.00      6542.
   334.50      6539.
   335.00      6536.
   335.50      6534.
   336.00      6531.
   336.50      6528.
   337.00      6525.
   337.50      6521.
   338.00      6518.
   338.50      6514.
   339.00      6511.
   339.50      6507.
   340.00      6503.
   340.50      6499.
   341.00      6495.
   341.50      6491.
   342.00      6486.
   342.50      6482.
   343.00      6477.
   343.50      6473.
   344.00      6468.
   344.50      6463.
   345.00      6458.
   345.50      6453.
   346.00      6448.
   346.50      6443.
   347.00      6437.
   347.50      6432.
   348.00      6427.
   348.50      6421.
   349.00      6415.
   349.50      6410.
   350.00      6404.
   350.50      6398.
   351.00      6392.
   351.50      6386.
   352.00      6380.
   352.50      6374.
   353.00      6368.
   353.50      6362.
   354.00      6356.
   354.50      6350.
   355.00      6343.
   355.50      6337.
   356.00      6331.
   356.50      6324.
   357.00      6318.
   357.50      6311.
   358.00      6305.
   358.50      6298.
   359.00      6292.
   359.50      6285.
   360.00      6279.
1


  DISCHARGE VS ELEVATION
  **********************
  ELEVATION  DISCHARGE

    4880.49      5000.
    4890.00      5000.
    4898.70      5000.
    4900.00      5000.
    4902.00     10000.
    4904.00     22500.
    4906.00     37500.
    4908.00     56000.
    4910.00     77000.
    4912.00    100000.
    4914.00    125000.
    4916.00    153000.
    4920.00    212000.
    4924.00    270000.
    4928.00    328000.
    4930.00    357000.
    4935.00    429500.