
                     UNITED STATES BUREAU OF RECLAMATION
                       ENGINEERING AND RESEARCH CENTER

                            FLOOD ROUTING FOR DAMS
                            ----------------------

      FEATURE: Pueblo Dam                               DATE    **/ 1/  26
      FLOOD: TREX Test Run & PMF snow                   TIME    **:**:03.**
      TITLE: Full TREX Routing             
      DATA FILE: fs5-2sn.in                                                     

      FLOOD ROUTING SUMMARY
      *********************

         BEGINNING HOUR OF ROUTING.......................      0.50
         ENDING HOUR OF ROUTING..........................    360.00
         INITIAL RESERVOIR ELEVATION.....................   4880.49 FT
         MINIMUM OR NORMAL POOL ELEV.....................   4880.49 FT
         MAXIMUM RESERVOIR ELEVATION.....   4909.96 AT HOUR   85.50
         INFLOW PEAK DISCHARGE...........   133644. AT HOUR   72.00
         MAXIMUM TOTAL OUTFLOW...........    76585. AT HOUR   85.50
         ELEVATION TOLERANCE.............................    0.0100 FT
         INFLOW HYDROGRAPH ADJUSTMENT FACTOR.............      1.00
         IPC OPTIONS (1 TO 10)...........................3100100021

      WATERWAY PARAMETERS
      *******************

         WATERWAY NO. 1 - Top of Dam                    

         TYPE-BROAD OR SHARP CRESTED WEIR
         CONSTANT DISCHARGE COEFFICIENT..................      2.67
         CREST ELEVATION.................................   4925.25 FT
         CREST LENGTH....................................   1200.50 FT
         MAXIMUM DISCHARGE...............        0. AT HOUR    0.50

         WATERWAY NO. 2 - Embankment "wings"            

         TYPE-BROAD OR SHARP CRESTED WEIR
         CONSTANT DISCHARGE COEFFICIENT..................      2.62
         CREST ELEVATION.................................   4925.00 FT
         CREST LENGTH....................................   8480.00 FT
         MAXIMUM DISCHARGE...............        0. AT HOUR    0.50
1

                     ROUTING RESULTS                          DISCHARGE RESULTS
                     ***************                          *****************

    TIME     INFLOW    OUTFLOW    STORAGE   ELEVATION        WATERWAY         RATING
                                                           1         2        CURVE

     0.50      5527.      5000.    257067.   4880.49          0.        0.     5000.
     1.00      5557.      5000.    257089.   4880.49          0.        0.     5000.
     1.50      5587.      5000.    257112.   4880.50          0.        0.     5000.
     2.00      5617.      5000.    257138.   4880.50          0.        0.     5000.
     2.50      5647.      5000.    257164.   4880.51          0.        0.     5000.
     3.00      5677.      5000.    257192.   4880.52          0.        0.     5000.
     3.50      5707.      5000.    257221.   4880.52          0.        0.     5000.
     4.00      5737.      5000.    257251.   4880.53          0.        0.     5000.
     4.50      5766.      5000.    257282.   4880.53          0.        0.     5000.
     5.00      5796.      5000.    257315.   4880.54          0.        0.     5000.
     5.50      5825.      5000.    257348.   4880.55          0.        0.     5000.
     6.00      5855.      5000.    257384.   4880.56          0.        0.     5000.
     6.50      5884.      5000.    257419.   4880.56          0.        0.     5000.
     7.00      5913.      5000.    257457.   4880.57          0.        0.     5000.
     7.50      5941.      5000.    257495.   4880.58          0.        0.     5000.
     8.00      5970.      5000.    257535.   4880.59          0.        0.     5000.
     8.50      5999.      5000.    257575.   4880.60          0.        0.     5000.
     9.00      6027.      5000.    257618.   4880.60          0.        0.     5000.
     9.50      6056.      5000.    257660.   4880.61          0.        0.     5000.
    10.00      6084.      5000.    257705.   4880.62          0.        0.     5000.
    10.50      6112.      5000.    257750.   4880.63          0.        0.     5000.
    11.00      6140.      5000.    257797.   4880.64          0.        0.     5000.
    11.50      6167.      5000.    257844.   4880.65          0.        0.     5000.
    12.00      6195.      5000.    257894.   4880.66          0.        0.     5000.
    12.50      6222.      5000.    257944.   4880.67          0.        0.     5000.
    13.00      6249.      5000.    257995.   4880.68          0.        0.     5000.
    13.50      6276.      5000.    258047.   4880.69          0.        0.     5000.
    14.00      6303.      5000.    258102.   4880.70          0.        0.     5000.
    14.50      6330.      5000.    258156.   4880.72          0.        0.     5000.
    15.00      6357.      5000.    258213.   4880.73          0.        0.     5000.
    15.50      6383.      5000.    258269.   4880.74          0.        0.     5000.
    16.00      6409.      5000.    258326.   4880.75          0.        0.     5000.
    16.50      6435.      5000.    258385.   4880.76          0.        0.     5000.
    17.00      6461.      5000.    258444.   4880.77          0.        0.     5000.
    17.50      6487.      5000.    258506.   4880.79          0.        0.     5000.
    18.00      6512.      5000.    258567.   4880.80          0.        0.     5000.
    18.50      6537.      5000.    258631.   4880.81          0.        0.     5000.
    19.00      6562.      5000.    258695.   4880.83          0.        0.     5000.
    19.50      6587.      5000.    258761.   4880.84          0.        0.     5000.
    20.00      6612.      5000.    258827.   4880.85          0.        0.     5000.
    20.50      6636.      5000.    258893.   4880.87          0.        0.     5000.
    21.00      6661.      5000.    258961.   4880.88          0.        0.     5000.
    21.50      6685.      5000.    259030.   4880.90          0.        0.     5000.
    22.00      6708.      5000.    259101.   4880.91          0.        0.     5000.
    22.50      6732.      5000.    259172.   4880.93          0.        0.     5000.
    23.00      6755.      5000.    259245.   4880.94          0.        0.     5000.
    23.50      6778.      5000.    259318.   4880.96          0.        0.     5000.
    24.00      6801.      5000.    259391.   4880.97          0.        0.     5000.
    24.50      6824.      5000.    259467.   4880.99          0.        0.     5000.
    25.00      6846.      5000.    259542.   4881.00          0.        0.     5000.
    25.50      6869.      5000.    259618.   4881.02          0.        0.     5000.
    26.00      6890.      5000.    259696.   4881.03          0.        0.     5000.
    26.50      6912.      5000.    259774.   4881.05          0.        0.     5000.
    27.00      6934.      5000.    259854.   4881.07          0.        0.     5000.
    27.50      6955.      5000.    259935.   4881.08          0.        0.     5000.
    28.00      6976.      5000.    260015.   4881.10          0.        0.     5000.
    28.50      6997.      5000.    260097.   4881.12          0.        0.     5000.
    29.00      7017.      5000.    260180.   4881.13          0.        0.     5000.
    29.50      7038.      5000.    260263.   4881.15          0.        0.     5000.
    30.00      7058.      5000.    260348.   4881.17          0.        0.     5000.
    30.50      7078.      5000.    260433.   4881.19          0.        0.     5000.
    31.00      7098.      5000.    260520.   4881.20          0.        0.     5000.
    31.50      7117.      5000.    260608.   4881.22          0.        0.     5000.
    32.00      7137.      5000.    260695.   4881.24          0.        0.     5000.
    32.50      7156.      5000.    260785.   4881.26          0.        0.     5000.
    33.00      7175.      5000.    260875.   4881.28          0.        0.     5000.
    33.50      7195.      5000.    260964.   4881.30          0.        0.     5000.
    34.00      7214.      5000.    261056.   4881.31          0.        0.     5000.
    34.50      7233.      5000.    261148.   4881.33          0.        0.     5000.
    35.00      7251.      5000.    261241.   4881.35          0.        0.     5000.
    35.50      7270.      5000.    261335.   4881.37          0.        0.     5000.
    36.00      7289.      5000.    261430.   4881.39          0.        0.     5000.
    36.50      7307.      5000.    261524.   4881.41          0.        0.     5000.
    37.00      7326.      5000.    261621.   4881.43          0.        0.     5000.
    37.50      7344.      5000.    261718.   4881.45          0.        0.     5000.
    38.00      7363.      5000.    261815.   4881.47          0.        0.     5000.
    38.50      7381.      5000.    261914.   4881.49          0.        0.     5000.
    39.00      7399.      5000.    262013.   4881.51          0.        0.     5000.
    39.50      7418.      5000.    262112.   4881.53          0.        0.     5000.
    40.00      7436.      5000.    262211.   4881.55          0.        0.     5000.
    40.50      7454.      5000.    262313.   4881.57          0.        0.     5000.
    41.00      7473.      5000.    262414.   4881.60          0.        0.     5000.
    41.50      7491.      5000.    262516.   4881.62          0.        0.     5000.
    42.00      7509.      5000.    262620.   4881.64          0.        0.     5000.
    42.50      7528.      5000.    262724.   4881.66          0.        0.     5000.
    43.00      7546.      5000.    262828.   4881.68          0.        0.     5000.
    43.50      7565.      5000.    262934.   4881.70          0.        0.     5000.
    44.00      7583.      5000.    263040.   4881.73          0.        0.     5000.
    44.50      7602.      5000.    263147.   4881.75          0.        0.     5000.
    45.00      7620.      5000.    263255.   4881.77          0.        0.     5000.
    45.50      7639.      5000.    263364.   4881.79          0.        0.     5000.
    46.00      7658.      5000.    263473.   4881.81          0.        0.     5000.
    46.50      7677.      5000.    263584.   4881.84          0.        0.     5000.
    47.00      7696.      5000.    263695.   4881.86          0.        0.     5000.
    47.50      7715.      5000.    263806.   4881.88          0.        0.     5000.
    48.00      7734.      5000.    263919.   4881.91          0.        0.     5000.
    48.50      7754.      5000.    264032.   4881.93          0.        0.     5000.
    49.00      7773.      5000.    264146.   4881.95          0.        0.     5000.
    49.50      7794.      5000.    264261.   4881.98          0.        0.     5000.
    50.00      7815.      5000.    264377.   4882.00          0.        0.     5000.
    50.50      7838.      5000.    264493.   4882.03          0.        0.     5000.
    51.00      7860.      5000.    264611.   4882.05          0.        0.     5000.
    51.50      7883.      5000.    264729.   4882.07          0.        0.     5000.
    52.00      7907.      5000.    264849.   4882.10          0.        0.     5000.
    52.50      7931.      5000.    264970.   4882.12          0.        0.     5000.
    53.00      7956.      5000.    265090.   4882.15          0.        0.     5000.
    53.50      7981.      5000.    265213.   4882.17          0.        0.     5000.
    54.00      8006.      5000.    265336.   4882.20          0.        0.     5000.
    54.50      8032.      5000.    265461.   4882.23          0.        0.     5000.
    55.00      8058.      5000.    265586.   4882.25          0.        0.     5000.
    55.50      8084.      5000.    265714.   4882.28          0.        0.     5000.
    56.00      8110.      5000.    265841.   4882.30          0.        0.     5000.
    56.50      8136.      5000.    265971.   4882.33          0.        0.     5000.
    57.00      8162.      5000.    266101.   4882.36          0.        0.     5000.
    57.50      8195.      5000.    266233.   4882.39          0.        0.     5000.
    58.00      8222.      5000.    266366.   4882.41          0.        0.     5000.
    58.50      8269.      5000.    266500.   4882.44          0.        0.     5000.
    59.00      8322.      5000.    266637.   4882.47          0.        0.     5000.
    59.50      8380.      5000.    266777.   4882.50          0.        0.     5000.
    60.00      8443.      5000.    266918.   4882.53          0.        0.     5000.
    60.50      8524.      5000.    267062.   4882.56          0.        0.     5000.
    61.00      8663.      5000.    267211.   4882.59          0.        0.     5000.
    61.50      8903.      5000.    267367.   4882.62          0.        0.     5000.
    62.00      9251.      5000.    267535.   4882.65          0.        0.     5000.
    62.50      9693.      5000.    267719.   4882.69          0.        0.     5000.
    63.00     10375.      5000.    267927.   4882.74          0.        0.     5000.
    63.50     11739.      5000.    268177.   4882.79          0.        0.     5000.
    64.00     15229.      5000.    268527.   4882.86          0.        0.     5000.
    64.50     43661.      5000.    269538.   4883.07          0.        0.     5000.
    65.00     72237.      5000.    271725.   4883.52          0.        0.     5000.
    65.50     84079.      5000.    274748.   4884.15          0.        0.     5000.
    66.00     91732.      5000.    278175.   4884.85          0.        0.     5000.
    66.50     97952.      5000.    281888.   4885.62          0.        0.     5000.
    67.00    103462.      5000.    285841.   4886.44          0.        0.     5000.
    67.50    108581.      5000.    290015.   4887.30          0.        0.     5000.
    68.00    113582.      5000.    294398.   4888.21          0.        0.     5000.
    68.50    118603.      5000.    298990.   4889.16          0.        0.     5000.
    69.00    123340.      5000.    303782.   4890.13          0.        0.     5000.
    69.50    127245.      5000.    308754.   4891.05          0.        0.     5000.
    70.00    130132.      5000.    313866.   4891.99          0.        0.     5000.
    70.50    132026.      5000.    319076.   4892.95          0.        0.     5000.
    71.00    133073.      5000.    324347.   4893.92          0.        0.     5000.
    71.50    133547.      5000.    329650.   4894.90          0.        0.     5000.
    72.00    133644.      5000.    334964.   4895.87          0.        0.     5000.
    72.50    133521.      5000.    340277.   4896.85          0.        0.     5000.
    73.00    133304.      5000.    345583.   4897.83          0.        0.     5000.
    73.50    133104.      5000.    350881.   4898.81          0.        0.     5000.
    74.00    132966.      5000.    356171.   4899.78          0.        0.     5000.
    74.50    132858.      6648.    361423.   4900.66          0.        0.     6648.
    75.00    132726.      8750.    366593.   4901.50          0.        0.     8750.
    75.50    132521.     12008.    371644.   4902.32          0.        0.    12008.
    76.00    132139.     16958.    376514.   4903.11          0.        0.    16958.
    76.50    131448.     21682.    381162.   4903.87          0.        0.    21682.
    77.00    130373.     26891.    385567.   4904.59          0.        0.    26891.
    77.50    128898.     31941.    389708.   4905.26          0.        0.    31941.
    78.00    127040.     36661.    393578.   4905.89          0.        0.    36661.
    78.50    124843.     41854.    397161.   4906.47          0.        0.    41854.
    79.00    122345.     46782.    400437.   4907.00          0.        0.    46782.
    79.50    119581.     51253.    403409.   4907.49          0.        0.    51253.
    80.00    116583.     55282.    406088.   4907.92          0.        0.    55282.
    80.50    113383.     59271.    408481.   4908.31          0.        0.    59271.
    81.00    110013.     62844.    410574.   4908.65          0.        0.    62844.
    81.50    106472.     65936.    412384.   4908.95          0.        0.    65936.
    82.00    102818.     68576.    413931.   4909.20          0.        0.    68576.
    82.50     99136.     70786.    415225.   4909.41          0.        0.    70786.
    83.00     95466.     72591.    416282.   4909.58          0.        0.    72591.
    83.50     91850.     74026.    417122.   4909.72          0.        0.    74026.
    84.00     88257.     75118.    417762.   4909.82          0.        0.    75118.
    84.50     84716.     75893.    418215.   4909.89          0.        0.    75893.
    85.00     81227.     76375.    418498.   4909.94          0.        0.    76375.
    85.50     77753.     76585.    418621.   4909.96          0.        0.    76585.
    86.00     74318.     76549.    418600.   4909.96          0.        0.    76549.
    86.50     70956.     76282.    418444.   4909.93          0.        0.    76282.
    87.00     67682.     75805.    418164.   4909.89          0.        0.    75805.
    87.50     64517.     75144.    417777.   4909.82          0.        0.    75144.
    88.00     61481.     74319.    417294.   4909.74          0.        0.    74319.
    88.50     58635.     73344.    416723.   4909.65          0.        0.    73344.
    89.00     55932.     72252.    416084.   4909.55          0.        0.    72252.
    89.50     53365.     71053.    415381.   4909.43          0.        0.    71053.
    90.00     50950.     69766.    414627.   4909.31          0.        0.    69766.
    90.50     48704.     68407.    413832.   4909.18          0.        0.    68407.
    91.00     46625.     66992.    413003.   4909.05          0.        0.    66992.
    91.50     44690.     65536.    412150.   4908.91          0.        0.    65536.
    92.00     42889.     64054.    411282.   4908.77          0.        0.    64054.
    92.50     41168.     62552.    410402.   4908.62          0.        0.    62552.
    93.00     39479.     61040.    409517.   4908.48          0.        0.    61040.
    93.50     37866.     59517.    408625.   4908.33          0.        0.    59517.
    94.00     36279.     57989.    407730.   4908.19          0.        0.    57989.
    94.50     34806.     56461.    406835.   4908.04          0.        0.    56461.
    95.00     33353.     55061.    405940.   4907.90          0.        0.    55061.
    95.50     32038.     53710.    405043.   4907.75          0.        0.    53710.
    96.00     30820.     52369.    404151.   4907.61          0.        0.    52369.
    96.50     29616.     51032.    403262.   4907.46          0.        0.    51032.
    97.00     28587.     49708.    402382.   4907.32          0.        0.    49708.
    97.50     27557.     48403.    401514.   4907.18          0.        0.    48403.
    98.00     26566.     47116.    400659.   4907.04          0.        0.    47116.
    98.50     25618.     45847.    399815.   4906.90          0.        0.    45847.
    99.00     24783.     44600.    398986.   4906.77          0.        0.    44600.
    99.50     24005.     43381.    398176.   4906.64          0.        0.    43381.
   100.00     23253.     42188.    397383.   4906.51          0.        0.    42188.
   100.50     22553.     41027.    396611.   4906.38          0.        0.    41027.
   101.00     21902.     39894.    395857.   4906.26          0.        0.    39894.
   101.50     21319.     38792.    395125.   4906.14          0.        0.    38792.
   102.00     20799.     37721.    394413.   4906.02          0.        0.    37721.
   102.50     20290.     36841.    393726.   4905.91          0.        0.    36841.
   103.00     19792.     36013.    393047.   4905.80          0.        0.    36013.
   103.50     19310.     35204.    392383.   4905.69          0.        0.    35204.
   104.00     18852.     34413.    391735.   4905.59          0.        0.    34413.
   104.50     18419.     33636.    391098.   4905.48          0.        0.    33636.
   105.00     18016.     32878.    390477.   4905.38          0.        0.    32878.
   105.50     17649.     32139.    389870.   4905.29          0.        0.    32139.
   106.00     17307.     31417.    389279.   4905.19          0.        0.    31417.
   106.50     16970.     30714.    388702.   4905.10          0.        0.    30714.
   107.00     16662.     30029.    388141.   4905.00          0.        0.    30029.
   107.50     16386.     29366.    387597.   4904.92          0.        0.    29366.
   108.00     16121.     28722.    387069.   4904.83          0.        0.    28722.
   108.50     15855.     28096.    386555.   4904.75          0.        0.    28096.
   109.00     15592.     27488.    386057.   4904.67          0.        0.    27488.
   109.50     15341.     26898.    385573.   4904.59          0.        0.    26898.
   110.00     15117.     26323.    385102.   4904.51          0.        0.    26323.
   110.50     14917.     25767.    384645.   4904.44          0.        0.    25767.
   111.00     14722.     25228.    384204.   4904.36          0.        0.    25228.
   111.50     14529.     24708.    383778.   4904.29          0.        0.    24708.
   112.00     14347.     24203.    383363.   4904.23          0.        0.    24203.
   112.50     14179.     23716.    382964.   4904.16          0.        0.    23716.
   113.00     14011.     23243.    382577.   4904.10          0.        0.    23243.
   113.50     13849.     22786.    382201.   4904.04          0.        0.    22786.
   114.00     13700.     22369.    381838.   4903.98          0.        0.    22369.
   114.50     13557.     22009.    381484.   4903.92          0.        0.    22009.
   115.00     13415.     21658.    381138.   4903.87          0.        0.    21658.
   115.50     13279.     21316.    380802.   4903.81          0.        0.    21316.
   116.00     13153.     20983.    380475.   4903.76          0.        0.    20983.
   116.50     13030.     20660.    380156.   4903.71          0.        0.    20660.
   117.00     12910.     20342.    379844.   4903.65          0.        0.    20342.
   117.50     12795.     20034.    379541.   4903.61          0.        0.    20034.
   118.00     12688.     19735.    379247.   4903.56          0.        0.    19735.
   118.50     12587.     19442.    378958.   4903.51          0.        0.    19442.
   119.00     12488.     19158.    378679.   4903.47          0.        0.    19158.
   119.50     12391.     18881.    378406.   4903.42          0.        0.    18881.
   120.00     12296.     18612.    378142.   4903.38          0.        0.    18612.
   120.50     12206.     18350.    377883.   4903.34          0.        0.    18350.
   121.00     12118.     18096.    377634.   4903.30          0.        0.    18096.
   121.50     12034.     17849.    377391.   4903.26          0.        0.    17849.
   122.00     11952.     17608.    377154.   4903.22          0.        0.    17608.
   122.50     11871.     17373.    376923.   4903.18          0.        0.    17373.
   123.00     11793.     17144.    376697.   4903.14          0.        0.    17144.
   123.50     11717.     16921.    376478.   4903.11          0.        0.    16921.
   124.00     11644.     16705.    376265.   4903.07          0.        0.    16705.
   124.50     11573.     16494.    376058.   4903.04          0.        0.    16494.
   125.00     11505.     16290.    375857.   4903.01          0.        0.    16290.
   125.50     11439.     16091.    375661.   4902.97          0.        0.    16091.
   126.00     11376.     15899.    375472.   4902.94          0.        0.    15899.
   126.50     11313.     15713.    375289.   4902.91          0.        0.    15713.
   127.00     11253.     15530.    375109.   4902.88          0.        0.    15530.
   127.50     11195.     15353.    374935.   4902.86          0.        0.    15353.
   128.00     11139.     15182.    374767.   4902.83          0.        0.    15182.
   128.50     11084.     15014.    374601.   4902.80          0.        0.    15014.
   129.00      8502.     14800.    374391.   4902.77          0.        0.    14800.
   129.50      8497.     14541.    374136.   4902.73          0.        0.    14541.
   130.00      8492.     14291.    373890.   4902.69          0.        0.    14291.
   130.50      8486.     14053.    373656.   4902.65          0.        0.    14053.
   131.00      8480.     13824.    373430.   4902.61          0.        0.    13824.
   131.50      8474.     13604.    373214.   4902.58          0.        0.    13604.
   132.00      8469.     13394.    373007.   4902.54          0.        0.    13394.
   132.50      8462.     13192.    372809.   4902.51          0.        0.    13192.
   133.00      8456.     12997.    372617.   4902.48          0.        0.    12997.
   133.50      8450.     12811.    372433.   4902.45          0.        0.    12811.
   134.00      8444.     12631.    372256.   4902.42          0.        0.    12631.
   134.50      8438.     12460.    372088.   4902.39          0.        0.    12460.
   135.00      8431.     12295.    371926.   4902.37          0.        0.    12295.
   135.50      8425.     12136.    371770.   4902.34          0.        0.    12136.
   136.00      8418.     11984.    371620.   4902.32          0.        0.    11984.
   136.50      8412.     11837.    371476.   4902.29          0.        0.    11837.
   137.00      8406.     11697.    371338.   4902.27          0.        0.    11697.
   137.50      8399.     11563.    371205.   4902.25          0.        0.    11563.
   138.00      8393.     11431.    371076.   4902.23          0.        0.    11431.
   138.50      8386.     11306.    370953.   4902.21          0.        0.    11306.
   139.00      8380.     11187.    370836.   4902.19          0.        0.    11187.
   139.50      8374.     11071.    370722.   4902.17          0.        0.    11071.
   140.00      8367.     10961.    370614.   4902.15          0.        0.    10961.
   140.50      8361.     10854.    370509.   4902.14          0.        0.    10854.
   141.00      8355.     10751.    370407.   4902.12          0.        0.    10751.
   141.50      8349.     10653.    370311.   4902.10          0.        0.    10653.
   142.00      8343.     10558.    370218.   4902.09          0.        0.    10558.
   142.50      8337.     10467.    370127.   4902.07          0.        0.    10467.
   143.00      8332.     10378.    370040.   4902.06          0.        0.    10378.
   143.50      8326.     10293.    369956.   4902.05          0.        0.    10293.
   144.00      8321.     10211.    369875.   4902.03          0.        0.    10211.
   144.50      8315.     10131.    369797.   4902.02          0.        0.    10131.
   145.00      8310.     10055.    369722.   4902.01          0.        0.    10055.
   145.50      8305.      9993.    369650.   4902.00          0.        0.     9993.
   146.00      8300.      9965.    369581.   4901.99          0.        0.     9965.
   146.50      8295.      9937.    369512.   4901.97          0.        0.     9937.
   147.00      8290.      9910.    369446.   4901.96          0.        0.     9910.
   147.50      8285.      9883.    369380.   4901.95          0.        0.     9883.
   148.00      8280.      9856.    369314.   4901.94          0.        0.     9856.
   148.50      8274.      9829.    369248.   4901.93          0.        0.     9829.
   149.00      8269.      9803.    369185.   4901.92          0.        0.     9803.
   149.50      8264.      9778.    369122.   4901.91          0.        0.     9778.
   150.00      8259.      9752.    369058.   4901.90          0.        0.     9752.
   150.50      8254.      9728.    368998.   4901.89          0.        0.     9728.
   151.00      8249.      9703.    368938.   4901.88          0.        0.     9703.
   151.50      8244.      9679.    368878.   4901.87          0.        0.     9679.
   152.00      8239.      9655.    368818.   4901.86          0.        0.     9655.
   152.50      8234.      9631.    368761.   4901.85          0.        0.     9631.
   153.00      8229.      9608.    368704.   4901.84          0.        0.     9608.
   153.50      8224.      9585.    368647.   4901.83          0.        0.     9585.
   154.00      8219.      9562.    368590.   4901.82          0.        0.     9562.
   154.50      8214.      9540.    368536.   4901.82          0.        0.     9540.
   155.00      8209.      9518.    368482.   4901.81          0.        0.     9518.
   155.50      8204.      9496.    368428.   4901.80          0.        0.     9496.
   156.00      8199.      9474.    368374.   4901.79          0.        0.     9474.
   156.50      8194.      9453.    368323.   4901.78          0.        0.     9453.
   157.00      8189.      9432.    368272.   4901.77          0.        0.     9432.
   157.50      8183.      9412.    368221.   4901.76          0.        0.     9412.
   158.00      8178.      9391.    368170.   4901.76          0.        0.     9391.
   158.50      8173.      9370.    368119.   4901.75          0.        0.     9370.
   159.00      8168.      9351.    368071.   4901.74          0.        0.     9351.
   159.50      8163.      9331.    368023.   4901.73          0.        0.     9331.
   160.00      8157.      9312.    367975.   4901.72          0.        0.     9312.
   160.50      8152.      9292.    367926.   4901.72          0.        0.     9292.
   161.00      8147.      9272.    367878.   4901.71          0.        0.     9272.
   161.50      8141.      9254.    367833.   4901.70          0.        0.     9254.
   162.00      8136.      9236.    367788.   4901.69          0.        0.     9236.
   162.50      8130.      9218.    367743.   4901.69          0.        0.     9218.
   163.00      8125.      9199.    367698.   4901.68          0.        0.     9199.
   163.50      8119.      9181.    367653.   4901.67          0.        0.     9181.
   164.00      8113.      9163.    367608.   4901.67          0.        0.     9163.
   164.50      8108.      9146.    367566.   4901.66          0.        0.     9146.
   165.00      8102.      9128.    367524.   4901.65          0.        0.     9128.
   165.50      8096.      9111.    367482.   4901.64          0.        0.     9111.
   166.00      8090.      9094.    367440.   4901.64          0.        0.     9094.
   166.50      8084.      9077.    367398.   4901.63          0.        0.     9077.
   167.00      8078.      9060.    367356.   4901.62          0.        0.     9060.
   167.50      8072.      9044.    367317.   4901.62          0.        0.     9044.
   168.00      8066.      9028.    367278.   4901.61          0.        0.     9028.
   168.50      8060.      9012.    367239.   4901.60          0.        0.     9012.
   169.00      8054.      8997.    367200.   4901.60          0.        0.     8997.
   169.50      8047.      8981.    367161.   4901.59          0.        0.     8981.
   170.00      8040.      8965.    367122.   4901.59          0.        0.     8965.
   170.50      8032.      8949.    367083.   4901.58          0.        0.     8949.
   171.00      8024.      8933.    367044.   4901.57          0.        0.     8933.
   171.50      8016.      8918.    367008.   4901.57          0.        0.     8918.
   172.00      8008.      8904.    366972.   4901.56          0.        0.     8904.
   172.50      7999.      8889.    366936.   4901.56          0.        0.     8889.
   173.00      7990.      8875.    366900.   4901.55          0.        0.     8875.
   173.50      7981.      8860.    366864.   4901.54          0.        0.     8860.
   174.00      7972.      8845.    366827.   4901.54          0.        0.     8845.
   174.50      7962.      8831.    366791.   4901.53          0.        0.     8831.
   175.00      7953.      8816.    366755.   4901.53          0.        0.     8816.
   175.50      7943.      8801.    366719.   4901.52          0.        0.     8801.
   176.00      7933.      8787.    366683.   4901.51          0.        0.     8787.
   176.50      7923.      8772.    366647.   4901.51          0.        0.     8772.
   177.00      7913.      8757.    366611.   4901.50          0.        0.     8757.
   177.50      7903.      8743.    366575.   4901.50          0.        0.     8743.
   178.00      7893.      8728.    366539.   4901.49          0.        0.     8728.
   178.50      7883.      8715.    366506.   4901.49          0.        0.     8715.
   179.00      7873.      8701.    366473.   4901.48          0.        0.     8701.
   179.50      7864.      8688.    366440.   4901.48          0.        0.     8688.
   180.00      7854.      8674.    366407.   4901.47          0.        0.     8674.
   180.50      7844.      8661.    366374.   4901.46          0.        0.     8661.
   181.00      7834.      8647.    366341.   4901.46          0.        0.     8647.
   181.50      7825.      8634.    366308.   4901.45          0.        0.     8634.
   182.00      7816.      8621.    366275.   4901.45          0.        0.     8621.
   182.50      7807.      8607.    366242.   4901.44          0.        0.     8607.
   183.00      7798.      8594.    366209.   4901.44          0.        0.     8594.
   183.50      7789.      8580.    366176.   4901.43          0.        0.     8580.
   184.00      7781.      8567.    366143.   4901.43          0.        0.     8567.
   184.50      7773.      8553.    366110.   4901.42          0.        0.     8553.
   185.00      7765.      8540.    366077.   4901.42          0.        0.     8540.
   185.50      7758.      8527.    366044.   4901.41          0.        0.     8527.
   186.00      7751.      8513.    366011.   4901.41          0.        0.     8513.
   186.50      7744.      8501.    365981.   4901.40          0.        0.     8501.
   187.00      7738.      8489.    365951.   4901.40          0.        0.     8489.
   187.50      7732.      8477.    365921.   4901.39          0.        0.     8477.
   188.00      7727.      8464.    365891.   4901.39          0.        0.     8464.
   188.50      7722.      8452.    365861.   4901.38          0.        0.     8452.
   189.00      7718.      8440.    365831.   4901.38          0.        0.     8440.
   189.50      7714.      8428.    365801.   4901.37          0.        0.     8428.
   190.00      7710.      8416.    365771.   4901.37          0.        0.     8416.
   190.50      7708.      8403.    365741.   4901.36          0.        0.     8403.
   191.00      7705.      8391.    365710.   4901.36          0.        0.     8391.
   191.50      7704.      8380.    365683.   4901.35          0.        0.     8380.
   192.00      7703.      8369.    365656.   4901.35          0.        0.     8369.
   192.50      7703.      8358.    365629.   4901.34          0.        0.     8358.
   193.00      7703.      8347.    365602.   4901.34          0.        0.     8347.
   193.50      7703.      8336.    365575.   4901.33          0.        0.     8336.
   194.00      7703.      8325.    365548.   4901.33          0.        0.     8325.
   194.50      7703.      8315.    365524.   4901.33          0.        0.     8315.
   195.00      7703.      8306.    365500.   4901.32          0.        0.     8306.
   195.50      7703.      8296.    365476.   4901.32          0.        0.     8296.
   196.00      7703.      8286.    365452.   4901.31          0.        0.     8286.
   196.50      7703.      8276.    365428.   4901.31          0.        0.     8276.
   197.00      7703.      8267.    365404.   4901.31          0.        0.     8267.
   197.50      7703.      8257.    365380.   4901.30          0.        0.     8257.
   198.00      7703.      8247.    365356.   4901.30          0.        0.     8247.
   198.50      7703.      8239.    365335.   4901.30          0.        0.     8239.
   199.00      7703.      8230.    365314.   4901.29          0.        0.     8230.
   199.50      7703.      8221.    365293.   4901.29          0.        0.     8221.
   200.00      7703.      8213.    365272.   4901.29          0.        0.     8213.
   200.50      7703.      8204.    365251.   4901.28          0.        0.     8204.
   201.00      7703.      8196.    365230.   4901.28          0.        0.     8196.
   201.50      7703.      8187.    365209.   4901.27          0.        0.     8187.
   202.00      7703.      8179.    365188.   4901.27          0.        0.     8179.
   202.50      7703.      8171.    365170.   4901.27          0.        0.     8171.
   203.00      7703.      8164.    365152.   4901.27          0.        0.     8164.
   203.50      7703.      8157.    365134.   4901.26          0.        0.     8157.
   204.00      7703.      8149.    365116.   4901.26          0.        0.     8149.
   204.50      7703.      8142.    365098.   4901.26          0.        0.     8142.
   205.00      7703.      8135.    365080.   4901.25          0.        0.     8135.
   205.50      7703.      8127.    365062.   4901.25          0.        0.     8127.
   206.00      7703.      8120.    365044.   4901.25          0.        0.     8120.
   206.50      7703.      8113.    365026.   4901.25          0.        0.     8113.
   207.00      7703.      8105.    365008.   4901.24          0.        0.     8105.
   207.50      7703.      8099.    364993.   4901.24          0.        0.     8099.
   208.00      7703.      8093.    364978.   4901.24          0.        0.     8093.
   208.50      7703.      8087.    364963.   4901.23          0.        0.     8087.
   209.00      7703.      8081.    364948.   4901.23          0.        0.     8081.
   209.50      7703.      8075.    364933.   4901.23          0.        0.     8075.
   210.00      7703.      8069.    364918.   4901.23          0.        0.     8069.
   210.50      7703.      8063.    364903.   4901.23          0.        0.     8063.
   211.00      7703.      8057.    364888.   4901.22          0.        0.     8057.
   211.50      7703.      8051.    364873.   4901.22          0.        0.     8051.
   212.00      7703.      8044.    364858.   4901.22          0.        0.     8044.
   212.50      7703.      8038.    364843.   4901.22          0.        0.     8038.
   213.00      7703.      8032.    364828.   4901.21          0.        0.     8032.
   213.50      7703.      8027.    364816.   4901.21          0.        0.     8027.
   214.00      7703.      8022.    364804.   4901.21          0.        0.     8022.
   214.50      7703.      8018.    364792.   4901.21          0.        0.     8018.
   215.00      7703.      8013.    364780.   4901.21          0.        0.     8013.
   215.50      7703.      8008.    364768.   4901.20          0.        0.     8008.
   216.00      7703.      8003.    364756.   4901.20          0.        0.     8003.
   216.50      7703.      7998.    364744.   4901.20          0.        0.     7998.
   217.00      7702.      7993.    364732.   4901.20          0.        0.     7993.
   217.50      7702.      7988.    364720.   4901.20          0.        0.     7988.
   218.00      7700.      7983.    364708.   4901.19          0.        0.     7983.
   218.50      7699.      7979.    364696.   4901.19          0.        0.     7979.
   219.00      7697.      7974.    364684.   4901.19          0.        0.     7974.
   219.50      7694.      7969.    364672.   4901.19          0.        0.     7969.
   220.00      7692.      7964.    364660.   4901.19          0.        0.     7964.
   220.50      7688.      7959.    364648.   4901.18          0.        0.     7959.
   221.00      7685.      7954.    364636.   4901.18          0.        0.     7954.
   221.50      7681.      7949.    364624.   4901.18          0.        0.     7949.
   222.00      7677.      7944.    364611.   4901.18          0.        0.     7944.
   222.50      7672.      7939.    364599.   4901.18          0.        0.     7939.
   223.00      7667.      7935.    364587.   4901.17          0.        0.     7935.
   223.50      7662.      7930.    364575.   4901.17          0.        0.     7930.
   224.00      7656.      7925.    364563.   4901.17          0.        0.     7925.
   224.50      7650.      7920.    364551.   4901.17          0.        0.     7920.
   225.00      7644.      7915.    364539.   4901.17          0.        0.     7915.
   225.50      7638.      7910.    364527.   4901.16          0.        0.     7910.
   226.00      7631.      7905.    364515.   4901.16          0.        0.     7905.
   226.50      7624.      7900.    364503.   4901.16          0.        0.     7900.
   227.00      7617.      7896.    364491.   4901.16          0.        0.     7896.
   227.50      7610.      7891.    364479.   4901.16          0.        0.     7891.
   228.00      7603.      7886.    364467.   4901.15          0.        0.     7886.
   228.50      7595.      7881.    364455.   4901.15          0.        0.     7881.
   229.00      7587.      7876.    364443.   4901.15          0.        0.     7876.
   229.50      7579.      7871.    364431.   4901.15          0.        0.     7871.
   230.00      7571.      7866.    364419.   4901.15          0.        0.     7866.
   230.50      7562.      7861.    364407.   4901.14          0.        0.     7861.
   231.00      7554.      7856.    364395.   4901.14          0.        0.     7856.
   231.50      7545.      7852.    364383.   4901.14          0.        0.     7852.
   232.00      7537.      7847.    364371.   4901.14          0.        0.     7847.
   232.50      7528.      7842.    364359.   4901.14          0.        0.     7842.
   233.00      7519.      7837.    364347.   4901.13          0.        0.     7837.
   233.50      7510.      7832.    364335.   4901.13          0.        0.     7832.
   234.00      7501.      7827.    364323.   4901.13          0.        0.     7827.
   234.50      7492.      7821.    364308.   4901.13          0.        0.     7821.
   235.00      7483.      7815.    364293.   4901.13          0.        0.     7815.
   235.50      7474.      7809.    364278.   4901.12          0.        0.     7809.
   236.00      7465.      7803.    364263.   4901.12          0.        0.     7803.
   236.50      7456.      7797.    364248.   4901.12          0.        0.     7797.
   237.00      7447.      7791.    364233.   4901.12          0.        0.     7791.
   237.50      7438.      7784.    364218.   4901.11          0.        0.     7784.
   238.00      7429.      7778.    364203.   4901.11          0.        0.     7778.
   238.50      7420.      7772.    364188.   4901.11          0.        0.     7772.
   239.00      7412.      7766.    364173.   4901.11          0.        0.     7766.
   239.50      7403.      7760.    364158.   4901.10          0.        0.     7760.
   240.00      7394.      7754.    364143.   4901.10          0.        0.     7754.
   240.50      7386.      7748.    364128.   4901.10          0.        0.     7748.
   241.00      7377.      7742.    364113.   4901.10          0.        0.     7742.
   241.50      7367.      7736.    364098.   4901.09          0.        0.     7736.
   242.00      7357.      7729.    364083.   4901.09          0.        0.     7729.
   242.50      7346.      7723.    364068.   4901.09          0.        0.     7723.
   243.00      7335.      7717.    364053.   4901.09          0.        0.     7717.
   243.50      7323.      7711.    364038.   4901.08          0.        0.     7711.
   244.00      7310.      7705.    364023.   4901.08          0.        0.     7705.
   244.50      7297.      7699.    364008.   4901.08          0.        0.     7699.
   245.00      7284.      7692.    363990.   4901.08          0.        0.     7692.
   245.50      7270.      7684.    363972.   4901.07          0.        0.     7684.
   246.00      7256.      7677.    363954.   4901.07          0.        0.     7677.
   246.50      7241.      7670.    363936.   4901.07          0.        0.     7670.
   247.00      7226.      7662.    363918.   4901.06          0.        0.     7662.
   247.50      7211.      7655.    363900.   4901.06          0.        0.     7655.
   248.00      7196.      7648.    363882.   4901.06          0.        0.     7648.
   248.50      7180.      7640.    363864.   4901.06          0.        0.     7640.
   249.00      7164.      7633.    363846.   4901.05          0.        0.     7633.
   249.50      7149.      7626.    363828.   4901.05          0.        0.     7626.
   250.00      7133.      7617.    363807.   4901.05          0.        0.     7617.
   250.50      7117.      7609.    363786.   4901.04          0.        0.     7609.
   251.00      7101.      7600.    363765.   4901.04          0.        0.     7600.
   251.50      7085.      7592.    363744.   4901.04          0.        0.     7592.
   252.00      7070.      7583.    363723.   4901.03          0.        0.     7583.
   252.50      7054.      7574.    363702.   4901.03          0.        0.     7574.
   253.00      7039.      7566.    363681.   4901.03          0.        0.     7566.
   253.50      7024.      7557.    363660.   4901.02          0.        0.     7557.
   254.00      7009.      7549.    363639.   4901.02          0.        0.     7549.
   254.50      6994.      7540.    363618.   4901.02          0.        0.     7540.
   255.00      6980.      7531.    363594.   4901.01          0.        0.     7531.
   255.50      6966.      7521.    363570.   4901.01          0.        0.     7521.
   256.00      6953.      7511.    363546.   4901.00          0.        0.     7511.
   256.50      6940.      7501.    363522.   4901.00          0.        0.     7501.
   257.00      6927.      7491.    363497.   4901.00          0.        0.     7491.
   257.50      6915.      7482.    363473.   4900.99          0.        0.     7482.
   258.00      6904.      7472.    363449.   4900.99          0.        0.     7472.
   258.50      6893.      7462.    363425.   4900.98          0.        0.     7462.
   259.00      6883.      7452.    363401.   4900.98          0.        0.     7452.
   259.50      6873.      7443.    363377.   4900.98          0.        0.     7443.
   260.00      6864.      7433.    363353.   4900.97          0.        0.     7433.
   260.50      6856.      7423.    363329.   4900.97          0.        0.     7423.
   261.00      6849.      7413.    363305.   4900.97          0.        0.     7413.
   261.50      6843.      7404.    363281.   4900.96          0.        0.     7404.
   262.00      6837.      7394.    363257.   4900.96          0.        0.     7394.
   262.50      6832.      7384.    363233.   4900.95          0.        0.     7384.
   263.00      6829.      7374.    363209.   4900.95          0.        0.     7374.
   263.50      6826.      7366.    363188.   4900.95          0.        0.     7366.
   264.00      6825.      7357.    363167.   4900.94          0.        0.     7357.
   264.50      6824.      7349.    363146.   4900.94          0.        0.     7349.
   265.00      6824.      7340.    363125.   4900.94          0.        0.     7340.
   265.50      6824.      7332.    363104.   4900.93          0.        0.     7332.
   266.00      6825.      7323.    363083.   4900.93          0.        0.     7323.
   266.50      6825.      7314.    363062.   4900.93          0.        0.     7314.
   267.00      6826.      7306.    363041.   4900.92          0.        0.     7306.
   267.50      6827.      7297.    363020.   4900.92          0.        0.     7297.
   268.00      6828.      7290.    363002.   4900.92          0.        0.     7290.
   268.50      6829.      7283.    362984.   4900.91          0.        0.     7283.
   269.00      6830.      7275.    362966.   4900.91          0.        0.     7275.
   269.50      6831.      7268.    362948.   4900.91          0.        0.     7268.
   270.00      6832.      7261.    362930.   4900.90          0.        0.     7261.
   270.50      6834.      7253.    362912.   4900.90          0.        0.     7253.
   271.00      6835.      7246.    362894.   4900.90          0.        0.     7246.
   271.50      6837.      7239.    362876.   4900.90          0.        0.     7239.
   272.00      6838.      7233.    362861.   4900.89          0.        0.     7233.
   272.50      6840.      7227.    362846.   4900.89          0.        0.     7227.
   273.00      6842.      7220.    362831.   4900.89          0.        0.     7220.
   273.50      6843.      7214.    362816.   4900.89          0.        0.     7214.
   274.00      6845.      7208.    362801.   4900.88          0.        0.     7208.
   274.50      6847.      7202.    362786.   4900.88          0.        0.     7202.
   275.00      6849.      7196.    362771.   4900.88          0.        0.     7196.
   275.50      6851.      7190.    362756.   4900.88          0.        0.     7190.
   276.00      6853.      7184.    362741.   4900.87          0.        0.     7184.
   276.50      6855.      7178.    362726.   4900.87          0.        0.     7178.
   277.00      6857.      7173.    362714.   4900.87          0.        0.     7173.
   277.50      6858.      7168.    362702.   4900.87          0.        0.     7168.
   278.00      6860.      7163.    362690.   4900.87          0.        0.     7163.
   278.50      6862.      7158.    362678.   4900.86          0.        0.     7158.
   279.00      6864.      7153.    362666.   4900.86          0.        0.     7153.
   279.50      6866.      7148.    362654.   4900.86          0.        0.     7148.
   280.00      6868.      7144.    362642.   4900.86          0.        0.     7144.
   280.50      6869.      7139.    362630.   4900.86          0.        0.     7139.
   281.00      6871.      7134.    362618.   4900.85          0.        0.     7134.
   281.50      6873.      7129.    362606.   4900.85          0.        0.     7129.
   282.00      6874.      7125.    362597.   4900.85          0.        0.     7125.
   282.50      6876.      7122.    362588.   4900.85          0.        0.     7122.
   283.00      6877.      7118.    362579.   4900.85          0.        0.     7118.
   283.50      6878.      7114.    362570.   4900.85          0.        0.     7114.
   284.00      6880.      7111.    362561.   4900.84          0.        0.     7111.
   284.50      6881.      7107.    362552.   4900.84          0.        0.     7107.
   285.00      6882.      7103.    362543.   4900.84          0.        0.     7103.
   285.50      6883.      7100.    362534.   4900.84          0.        0.     7100.
   286.00      6883.      7096.    362525.   4900.84          0.        0.     7096.
   286.50      6884.      7092.    362516.   4900.84          0.        0.     7092.
   287.00      6885.      7089.    362507.   4900.84          0.        0.     7089.
   287.50      6885.      7085.    362498.   4900.83          0.        0.     7085.
   288.00      6885.      7081.    362489.   4900.83          0.        0.     7081.
   288.50      6885.      7078.    362480.   4900.83          0.        0.     7078.
   289.00      6885.      7074.    362471.   4900.83          0.        0.     7074.
   289.50      6884.      7070.    362462.   4900.83          0.        0.     7070.
   290.00      6883.      7067.    362453.   4900.83          0.        0.     7067.
   290.50      6881.      7063.    362444.   4900.83          0.        0.     7063.
   291.00      6879.      7061.    362438.   4900.82          0.        0.     7061.
   291.50      6876.      7057.    362429.   4900.82          0.        0.     7057.
   292.00      6873.      7054.    362423.   4900.82          0.        0.     7054.
   292.50      6870.      7052.    362417.   4900.82          0.        0.     7052.
   293.00      6866.      7048.    362408.   4900.82          0.        0.     7048.
   293.50      6862.      7045.    362399.   4900.82          0.        0.     7045.
   294.00      6857.      7041.    362390.   4900.82          0.        0.     7041.
   294.50      6852.      7037.    362380.   4900.81          0.        0.     7037.
   295.00      6847.      7034.    362371.   4900.81          0.        0.     7034.
   295.50      6842.      7030.    362362.   4900.81          0.        0.     7030.
   296.00      6836.      7026.    362353.   4900.81          0.        0.     7026.
   296.50      6830.      7023.    362344.   4900.81          0.        0.     7023.
   297.00      6824.      7019.    362335.   4900.81          0.        0.     7019.
   297.50      6817.      7015.    362326.   4900.81          0.        0.     7015.
   298.00      6811.      7012.    362317.   4900.80          0.        0.     7012.
   298.50      6804.      7008.    362308.   4900.80          0.        0.     7008.
   299.00      6797.      7004.    362299.   4900.80          0.        0.     7004.
   299.50      6790.      7001.    362290.   4900.80          0.        0.     7001.
   300.00      6783.      6997.    362281.   4900.80          0.        0.     6997.
   300.50      6776.      6993.    362272.   4900.80          0.        0.     6993.
   301.00      6769.      6990.    362263.   4900.80          0.        0.     6990.
   301.50      6761.      6986.    362254.   4900.79          0.        0.     6986.
   302.00      6754.      6982.    362245.   4900.79          0.        0.     6982.
   302.50      6747.      6979.    362236.   4900.79          0.        0.     6979.
   303.00      6739.      6975.    362227.   4900.79          0.        0.     6975.
   303.50      6732.      6971.    362218.   4900.79          0.        0.     6971.
   304.00      6725.      6968.    362209.   4900.79          0.        0.     6968.
   304.50      6718.      6964.    362200.   4900.79          0.        0.     6964.
   305.00      6711.      6960.    362191.   4900.78          0.        0.     6960.
   305.50      6704.      6957.    362182.   4900.78          0.        0.     6957.
   306.00      6697.      6953.    362173.   4900.78          0.        0.     6953.
   306.50      6690.      6948.    362161.   4900.78          0.        0.     6948.
   307.00      6684.      6943.    362149.   4900.78          0.        0.     6943.
   307.50      6678.      6938.    362137.   4900.78          0.        0.     6938.
   308.00      6672.      6934.    362125.   4900.77          0.        0.     6934.
   308.50      6666.      6929.    362113.   4900.77          0.        0.     6929.
   309.00      6660.      6924.    362101.   4900.77          0.        0.     6924.
   309.50      6655.      6919.    362089.   4900.77          0.        0.     6919.
   310.00      6650.      6914.    362077.   4900.77          0.        0.     6914.
   310.50      6645.      6909.    362065.   4900.76          0.        0.     6909.
   311.00      6641.      6904.    362053.   4900.76          0.        0.     6904.
   311.50      6637.      6899.    362041.   4900.76          0.        0.     6899.
   312.00      6633.      6895.    362029.   4900.76          0.        0.     6895.
   312.50      6630.      6890.    362017.   4900.76          0.        0.     6890.
   313.00      6627.      6885.    362005.   4900.75          0.        0.     6885.
   313.50      6624.      6880.    361993.   4900.75          0.        0.     6880.
   314.00      6621.      6875.    361981.   4900.75          0.        0.     6875.
   314.50      6619.      6871.    361972.   4900.75          0.        0.     6871.
   315.00      6616.      6868.    361963.   4900.75          0.        0.     6868.
   315.50      6614.      6864.    361954.   4900.75          0.        0.     6864.
   316.00      6611.      6860.    361945.   4900.74          0.        0.     6860.
   316.50      6609.      6857.    361936.   4900.74          0.        0.     6857.
   317.00      6607.      6853.    361927.   4900.74          0.        0.     6853.
   317.50      6604.      6849.    361918.   4900.74          0.        0.     6849.
   318.00      6602.      6846.    361909.   4900.74          0.        0.     6846.
   318.50      6600.      6842.    361900.   4900.74          0.        0.     6842.
   319.00      6598.      6838.    361891.   4900.74          0.        0.     6838.
   319.50      6596.      6835.    361882.   4900.73          0.        0.     6835.
   320.00      6594.      6831.    361873.   4900.73          0.        0.     6831.
   320.50      6593.      6827.    361864.   4900.73          0.        0.     6827.
   321.00      6591.      6824.    361855.   4900.73          0.        0.     6824.
   321.50      6589.      6820.    361846.   4900.73          0.        0.     6820.
   322.00      6587.      6816.    361837.   4900.73          0.        0.     6816.
   322.50      6586.      6813.    361828.   4900.73          0.        0.     6813.
   323.00      6584.      6809.    361819.   4900.72          0.        0.     6809.
   323.50      6582.      6805.    361810.   4900.72          0.        0.     6805.
   324.00      6580.      6802.    361801.   4900.72          0.        0.     6802.
   324.50      6579.      6798.    361792.   4900.72          0.        0.     6798.
   325.00      6577.      6794.    361783.   4900.72          0.        0.     6794.
   325.50      6575.      6791.    361774.   4900.72          0.        0.     6791.
   326.00      6574.      6787.    361765.   4900.71          0.        0.     6787.
   326.50      6572.      6783.    361756.   4900.71          0.        0.     6783.
   327.00      6570.      6780.    361747.   4900.71          0.        0.     6780.
   327.50      6569.      6776.    361738.   4900.71          0.        0.     6776.
   328.00      6567.      6772.    361729.   4900.71          0.        0.     6772.
   328.50      6565.      6769.    361720.   4900.71          0.        0.     6769.
   329.00      6563.      6765.    361711.   4900.71          0.        0.     6765.
   329.50      6561.      6761.    361702.   4900.70          0.        0.     6761.
   330.00      6559.      6758.    361693.   4900.70          0.        0.     6758.
   330.50      6557.      6754.    361684.   4900.70          0.        0.     6754.
   331.00      6555.      6750.    361675.   4900.70          0.        0.     6750.
   331.50      6553.      6747.    361666.   4900.70          0.        0.     6747.
   332.00      6551.      6743.    361657.   4900.70          0.        0.     6743.
   332.50      6549.      6740.    361648.   4900.70          0.        0.     6740.
   333.00      6546.      6736.    361639.   4900.69          0.        0.     6736.
   333.50      6544.      6732.    361630.   4900.69          0.        0.     6732.
   334.00      6542.      6729.    361621.   4900.69          0.        0.     6729.
   334.50      6539.      6725.    361612.   4900.69          0.        0.     6725.
   335.00      6536.      6721.    361603.   4900.69          0.        0.     6721.
   335.50      6534.      6718.    361594.   4900.69          0.        0.     6718.
   336.00      6531.      6714.    361585.   4900.69          0.        0.     6714.
   336.50      6528.      6710.    361576.   4900.68          0.        0.     6710.
   337.00      6525.      6708.    361570.   4900.68          0.        0.     6708.
   337.50      6521.      6704.    361561.   4900.68          0.        0.     6704.
   338.00      6518.      6700.    361552.   4900.68          0.        0.     6700.
   338.50      6514.      6697.    361543.   4900.68          0.        0.     6697.
   339.00      6511.      6693.    361534.   4900.68          0.        0.     6693.
   339.50      6507.      6689.    361525.   4900.68          0.        0.     6689.
   340.00      6503.      6686.    361516.   4900.67          0.        0.     6686.
   340.50      6499.      6682.    361507.   4900.67          0.        0.     6682.
   341.00      6495.      6678.    361498.   4900.67          0.        0.     6678.
   341.50      6491.      6675.    361489.   4900.67          0.        0.     6675.
   342.00      6486.      6671.    361480.   4900.67          0.        0.     6671.
   342.50      6482.      6667.    361471.   4900.67          0.        0.     6667.
   343.00      6477.      6664.    361462.   4900.67          0.        0.     6664.
   343.50      6473.      6660.    361453.   4900.66          0.        0.     6660.
   344.00      6468.      6656.    361444.   4900.66          0.        0.     6656.
   344.50      6463.      6653.    361435.   4900.66          0.        0.     6653.
   345.00      6458.      6649.    361426.   4900.66          0.        0.     6649.
   345.50      6453.      6646.    361417.   4900.66          0.        0.     6646.
   346.00      6448.      6642.    361408.   4900.66          0.        0.     6642.
   346.50      6443.      6638.    361399.   4900.66          0.        0.     6638.
   347.00      6437.      6635.    361390.   4900.65          0.        0.     6635.
   347.50      6432.      6631.    361381.   4900.65          0.        0.     6631.
   348.00      6427.      6627.    361372.   4900.65          0.        0.     6627.
   348.50      6421.      6624.    361363.   4900.65          0.        0.     6624.
   349.00      6415.      6620.    361354.   4900.65          0.        0.     6620.
   349.50      6410.      6616.    361345.   4900.65          0.        0.     6616.
   350.00      6404.      6613.    361336.   4900.65          0.        0.     6613.
   350.50      6398.      6609.    361327.   4900.64          0.        0.     6609.
   351.00      6392.      6605.    361318.   4900.64          0.        0.     6605.
   351.50      6386.      6602.    361309.   4900.64          0.        0.     6602.
   352.00      6380.      6598.    361300.   4900.64          0.        0.     6598.
   352.50      6374.      6594.    361291.   4900.64          0.        0.     6594.
   353.00      6368.      6591.    361282.   4900.64          0.        0.     6591.
   353.50      6362.      6587.    361273.   4900.63          0.        0.     6587.
   354.00      6356.      6583.    361263.   4900.63          0.        0.     6583.
   354.50      6350.      6580.    361254.   4900.63          0.        0.     6580.
   355.00      6343.      6576.    361245.   4900.63          0.        0.     6576.
   355.50      6337.      6572.    361236.   4900.63          0.        0.     6572.
   356.00      6331.      6569.    361227.   4900.63          0.        0.     6569.
   356.50      6324.      6565.    361218.   4900.63          0.        0.     6565.
   357.00      6318.      6561.    361209.   4900.62          0.        0.     6561.
   357.50      6311.      6558.    361200.   4900.62          0.        0.     6558.
   358.00      6305.      6554.    361191.   4900.62          0.        0.     6554.
   358.50      6298.      6550.    361182.   4900.62          0.        0.     6550.
   359.00      6292.      6547.    361173.   4900.62          0.        0.     6547.
   359.50      6285.      6542.    361161.   4900.62          0.        0.     6542.
   360.00      6279.      6537.    361149.   4900.61          0.        0.     6537.
1



      INFLOW DATA                           STORAGE DATA
      ***********                           ************
     TIME    INFLOW                     ELEVATION     STORAGE

     0.50      5527.                      4753.20          0.
     1.00      5557.                      4754.00          5.
     1.50      5587.                      4760.00        853.
     2.00      5617.                      4770.00       5056.
     2.50      5647.                      4780.00      11677.
     3.00      5677.                      4790.00      20701.
     3.50      5707.                      4800.00      32214.
     4.00      5737.                      4810.00      46676.
     4.50      5766.                      4820.00      64861.
     5.00      5796.                      4830.00      86629.
     5.50      5825.                      4840.00     112286.
     6.00      5855.                      4850.00     141401.
     6.50      5884.                      4860.00     174439.
     7.00      5913.                      4870.00     212059.
     7.50      5941.                      4880.00     254696.
     8.00      5970.                      4890.00     303066.
     8.50      5999.                      4900.00     357369.
     9.00      6027.                      4910.00     418864.
     9.50      6056.                      4920.00     488871.
    10.00      6084.                      4924.00     519654.
    10.50      6112.                      4924.50     523636.
    11.00      6140.                      4925.00     527626.
    11.50      6167.                      4925.50     531626.
    12.00      6195.                      4926.00     535626.
    12.50      6222.                      4930.00     569747.
    13.00      6249.                      4935.00     604527.
    13.50      6276.
    14.00      6303.
    14.50      6330.
    15.00      6357.
    15.50      6383.
    16.00      6409.
    16.50      6435.
    17.00      6461.
    17.50      6487.
    18.00      6512.
    18.50      6537.
    19.00      6562.
    19.50      6587.
    20.00      6612.
    20.50      6636.
    21.00      6661.
    21.50      6685.
    22.00      6708.
    22.50      6732.
    23.00      6755.
    23.50      6778.
    24.00      6801.
    24.50      6824.
    25.00      6846.
    25.50      6869.
    26.00      6890.
    26.50      6912.
    27.00      6934.
    27.50      6955.
    28.00      6976.
    28.50      6997.
    29.00      7017.
    29.50      7038.
    30.00      7058.
    30.50      7078.
    31.00      7098.
    31.50      7117.
    32.00      7137.
    32.50      7156.
    33.00      7175.
    33.50      7195.
    34.00      7214.
    34.50      7233.
    35.00      7251.
    35.50      7270.
    36.00      7289.
    36.50      7307.
    37.00      7326.
    37.50      7344.
    38.00      7363.
    38.50      7381.
    39.00      7399.
    39.50      7418.
    40.00      7436.
    40.50      7454.
    41.00      7473.
    41.50      7491.
    42.00      7509.
    42.50      7528.
    43.00      7546.
    43.50      7565.
    44.00      7583.
    44.50      7602.
    45.00      7620.
    45.50      7639.
    46.00      7658.
    46.50      7677.
    47.00      7696.
    47.50      7715.
    48.00      7734.
    48.50      7754.
    49.00      7773.
    49.50      7794.
    50.00      7815.
    50.50      7838.
    51.00      7860.
    51.50      7883.
    52.00      7907.
    52.50      7931.
    53.00      7956.
    53.50      7981.
    54.00      8006.
    54.50      8032.
    55.00      8058.
    55.50      8084.
    56.00      8110.
    56.50      8136.
    57.00      8162.
    57.50      8195.
    58.00      8222.
    58.50      8269.
    59.00      8322.
    59.50      8380.
    60.00      8443.
    60.50      8524.
    61.00      8663.
    61.50      8903.
    62.00      9251.
    62.50      9693.
    63.00     10375.
    63.50     11739.
    64.00     15229.
    64.50     43661.
    65.00     72237.
    65.50     84079.
    66.00     91732.
    66.50     97952.
    67.00    103462.
    67.50    108581.
    68.00    113582.
    68.50    118603.
    69.00    123340.
    69.50    127245.
    70.00    130132.
    70.50    132026.
    71.00    133073.
    71.50    133547.
    72.00    133644.
    72.50    133521.
    73.00    133304.
    73.50    133104.
    74.00    132966.
    74.50    132858.
    75.00    132726.
    75.50    132521.
    76.00    132139.
    76.50    131448.
    77.00    130373.
    77.50    128898.
    78.00    127040.
    78.50    124843.
    79.00    122345.
    79.50    119581.
    80.00    116583.
    80.50    113383.
    81.00    110013.
    81.50    106472.
    82.00    102818.
    82.50     99136.
    83.00     95466.
    83.50     91850.
    84.00     88257.
    84.50     84716.
    85.00     81227.
    85.50     77753.
    86.00     74318.
    86.50     70956.
    87.00     67682.
    87.50     64517.
    88.00     61481.
    88.50     58635.
    89.00     55932.
    89.50     53365.
    90.00     50950.
    90.50     48704.
    91.00     46625.
    91.50     44690.
    92.00     42889.
    92.50     41168.
    93.00     39479.
    93.50     37866.
    94.00     36279.
    94.50     34806.
    95.00     33353.
    95.50     32038.
    96.00     30820.
    96.50     29616.
    97.00     28587.
    97.50     27557.
    98.00     26566.
    98.50     25618.
    99.00     24783.
    99.50     24005.
   100.00     23253.
   100.50     22553.
   101.00     21902.
   101.50     21319.
   102.00     20799.
   102.50     20290.
   103.00     19792.
   103.50     19310.
   104.00     18852.
   104.50     18419.
   105.00     18016.
   105.50     17649.
   106.00     17307.
   106.50     16970.
   107.00     16662.
   107.50     16386.
   108.00     16121.
   108.50     15855.
   109.00     15592.
   109.50     15341.
   110.00     15117.
   110.50     14917.
   111.00     14722.
   111.50     14529.
   112.00     14347.
   112.50     14179.
   113.00     14011.
   113.50     13849.
   114.00     13700.
   114.50     13557.
   115.00     13415.
   115.50     13279.
   116.00     13153.
   116.50     13030.
   117.00     12910.
   117.50     12795.
   118.00     12688.
   118.50     12587.
   119.00     12488.
   119.50     12391.
   120.00     12296.
   120.50     12206.
   121.00     12118.
   121.50     12034.
   122.00     11952.
   122.50     11871.
   123.00     11793.
   123.50     11717.
   124.00     11644.
   124.50     11573.
   125.00     11505.
   125.50     11439.
   126.00     11376.
   126.50     11313.
   127.00     11253.
   127.50     11195.
   128.00     11139.
   128.50     11084.
   129.00      8502.
   129.50      8497.
   130.00      8492.
   130.50      8486.
   131.00      8480.
   131.50      8474.
   132.00      8469.
   132.50      8462.
   133.00      8456.
   133.50      8450.
   134.00      8444.
   134.50      8438.
   135.00      8431.
   135.50      8425.
   136.00      8418.
   136.50      8412.
   137.00      8406.
   137.50      8399.
   138.00      8393.
   138.50      8386.
   139.00      8380.
   139.50      8374.
   140.00      8367.
   140.50      8361.
   141.00      8355.
   141.50      8349.
   142.00      8343.
   142.50      8337.
   143.00      8332.
   143.50      8326.
   144.00      8321.
   144.50      8315.
   145.00      8310.
   145.50      8305.
   146.00      8300.
   146.50      8295.
   147.00      8290.
   147.50      8285.
   148.00      8280.
   148.50      8274.
   149.00      8269.
   149.50      8264.
   150.00      8259.
   150.50      8254.
   151.00      8249.
   151.50      8244.
   152.00      8239.
   152.50      8234.
   153.00      8229.
   153.50      8224.
   154.00      8219.
   154.50      8214.
   155.00      8209.
   155.50      8204.
   156.00      8199.
   156.50      8194.
   157.00      8189.
   157.50      8183.
   158.00      8178.
   158.50      8173.
   159.00      8168.
   159.50      8163.
   160.00      8157.
   160.50      8152.
   161.00      8147.
   161.50      8141.
   162.00      8136.
   162.50      8130.
   163.00      8125.
   163.50      8119.
   164.00      8113.
   164.50      8108.
   165.00      8102.
   165.50      8096.
   166.00      8090.
   166.50      8084.
   167.00      8078.
   167.50      8072.
   168.00      8066.
   168.50      8060.
   169.00      8054.
   169.50      8047.
   170.00      8040.
   170.50      8032.
   171.00      8024.
   171.50      8016.
   172.00      8008.
   172.50      7999.
   173.00      7990.
   173.50      7981.
   174.00      7972.
   174.50      7962.
   175.00      7953.
   175.50      7943.
   176.00      7933.
   176.50      7923.
   177.00      7913.
   177.50      7903.
   178.00      7893.
   178.50      7883.
   179.00      7873.
   179.50      7864.
   180.00      7854.
   180.50      7844.
   181.00      7834.
   181.50      7825.
   182.00      7816.
   182.50      7807.
   183.00      7798.
   183.50      7789.
   184.00      7781.
   184.50      7773.
   185.00      7765.
   185.50      7758.
   186.00      7751.
   186.50      7744.
   187.00      7738.
   187.50      7732.
   188.00      7727.
   188.50      7722.
   189.00      7718.
   189.50      7714.
   190.00      7710.
   190.50      7708.
   191.00      7705.
   191.50      7704.
   192.00      7703.
   192.50      7703.
   193.00      7703.
   193.50      7703.
   194.00      7703.
   194.50      7703.
   195.00      7703.
   195.50      7703.
   196.00      7703.
   196.50      7703.
   197.00      7703.
   197.50      7703.
   198.00      7703.
   198.50      7703.
   199.00      7703.
   199.50      7703.
   200.00      7703.
   200.50      7703.
   201.00      7703.
   201.50      7703.
   202.00      7703.
   202.50      7703.
   203.00      7703.
   203.50      7703.
   204.00      7703.
   204.50      7703.
   205.00      7703.
   205.50      7703.
   206.00      7703.
   206.50      7703.
   207.00      7703.
   207.50      7703.
   208.00      7703.
   208.50      7703.
   209.00      7703.
   209.50      7703.
   210.00      7703.
   210.50      7703.
   211.00      7703.
   211.50      7703.
   212.00      7703.
   212.50      7703.
   213.00      7703.
   213.50      7703.
   214.00      7703.
   214.50      7703.
   215.00      7703.
   215.50      7703.
   216.00      7703.
   216.50      7703.
   217.00      7702.
   217.50      7702.
   218.00      7700.
   218.50      7699.
   219.00      7697.
   219.50      7694.
   220.00      7692.
   220.50      7688.
   221.00      7685.
   221.50      7681.
   222.00      7677.
   222.50      7672.
   223.00      7667.
   223.50      7662.
   224.00      7656.
   224.50      7650.
   225.00      7644.
   225.50      7638.
   226.00      7631.
   226.50      7624.
   227.00      7617.
   227.50      7610.
   228.00      7603.
   228.50      7595.
   229.00      7587.
   229.50      7579.
   230.00      7571.
   230.50      7562.
   231.00      7554.
   231.50      7545.
   232.00      7537.
   232.50      7528.
   233.00      7519.
   233.50      7510.
   234.00      7501.
   234.50      7492.
   235.00      7483.
   235.50      7474.
   236.00      7465.
   236.50      7456.
   237.00      7447.
   237.50      7438.
   238.00      7429.
   238.50      7420.
   239.00      7412.
   239.50      7403.
   240.00      7394.
   240.50      7386.
   241.00      7377.
   241.50      7367.
   242.00      7357.
   242.50      7346.
   243.00      7335.
   243.50      7323.
   244.00      7310.
   244.50      7297.
   245.00      7284.
   245.50      7270.
   246.00      7256.
   246.50      7241.
   247.00      7226.
   247.50      7211.
   248.00      7196.
   248.50      7180.
   249.00      7164.
   249.50      7149.
   250.00      7133.
   250.50      7117.
   251.00      7101.
   251.50      7085.
   252.00      7070.
   252.50      7054.
   253.00      7039.
   253.50      7024.
   254.00      7009.
   254.50      6994.
   255.00      6980.
   255.50      6966.
   256.00      6953.
   256.50      6940.
   257.00      6927.
   257.50      6915.
   258.00      6904.
   258.50      6893.
   259.00      6883.
   259.50      6873.
   260.00      6864.
   260.50      6856.
   261.00      6849.
   261.50      6843.
   262.00      6837.
   262.50      6832.
   263.00      6829.
   263.50      6826.
   264.00      6825.
   264.50      6824.
   265.00      6824.
   265.50      6824.
   266.00      6825.
   266.50      6825.
   267.00      6826.
   267.50      6827.
   268.00      6828.
   268.50      6829.
   269.00      6830.
   269.50      6831.
   270.00      6832.
   270.50      6834.
   271.00      6835.
   271.50      6837.
   272.00      6838.
   272.50      6840.
   273.00      6842.
   273.50      6843.
   274.00      6845.
   274.50      6847.
   275.00      6849.
   275.50      6851.
   276.00      6853.
   276.50      6855.
   277.00      6857.
   277.50      6858.
   278.00      6860.
   278.50      6862.
   279.00      6864.
   279.50      6866.
   280.00      6868.
   280.50      6869.
   281.00      6871.
   281.50      6873.
   282.00      6874.
   282.50      6876.
   283.00      6877.
   283.50      6878.
   284.00      6880.
   284.50      6881.
   285.00      6882.
   285.50      6883.
   286.00      6883.
   286.50      6884.
   287.00      6885.
   287.50      6885.
   288.00      6885.
   288.50      6885.
   289.00      6885.
   289.50      6884.
   290.00      6883.
   290.50      6881.
   291.00      6879.
   291.50      6876.
   292.00      6873.
   292.50      6870.
   293.00      6866.
   293.50      6862.
   294.00      6857.
   294.50      6852.
   295.00      6847.
   295.50      6842.
   296.00      6836.
   296.50      6830.
   297.00      6824.
   297.50      6817.
   298.00      6811.
   298.50      6804.
   299.00      6797.
   299.50      6790.
   300.00      6783.
   300.50      6776.
   301.00      6769.
   301.50      6761.
   302.00      6754.
   302.50      6747.
   303.00      6739.
   303.50      6732.
   304.00      6725.
   304.50      6718.
   305.00      6711.
   305.50      6704.
   306.00      6697.
   306.50      6690.
   307.00      6684.
   307.50      6678.
   308.00      6672.
   308.50      6666.
   309.00      6660.
   309.50      6655.
   310.00      6650.
   310.50      6645.
   311.00      6641.
   311.50      6637.
   312.00      6633.
   312.50      6630.
   313.00      6627.
   313.50      6624.
   314.00      6621.
   314.50      6619.
   315.00      6616.
   315.50      6614.
   316.00      6611.
   316.50      6609.
   317.00      6607.
   317.50      6604.
   318.00      6602.
   318.50      6600.
   319.00      6598.
   319.50      6596.
   320.00      6594.
   320.50      6593.
   321.00      6591.
   321.50      6589.
   322.00      6587.
   322.50      6586.
   323.00      6584.
   323.50      6582.
   324.00      6580.
   324.50      6579.
   325.00      6577.
   325.50      6575.
   326.00      6574.
   326.50      6572.
   327.00      6570.
   327.50      6569.
   328.00      6567.
   328.50      6565.
   329.00      6563.
   329.50      6561.
   330.00      6559.
   330.50      6557.
   331.00      6555.
   331.50      6553.
   332.00      6551.
   332.50      6549.
   333.00      6546.
   333.50      6544.
   334.00      6542.
   334.50      6539.
   335.00      6536.
   335.50      6534.
   336.00      6531.
   336.50      6528.
   337.00      6525.
   337.50      6521.
   338.00      6518.
   338.50      6514.
   339.00      6511.
   339.50      6507.
   340.00      6503.
   340.50      6499.
   341.00      6495.
   341.50      6491.
   342.00      6486.
   342.50      6482.
   343.00      6477.
   343.50      6473.
   344.00      6468.
   344.50      6463.
   345.00      6458.
   345.50      6453.
   346.00      6448.
   346.50      6443.
   347.00      6437.
   347.50      6432.
   348.00      6427.
   348.50      6421.
   349.00      6415.
   349.50      6410.
   350.00      6404.
   350.50      6398.
   351.00      6392.
   351.50      6386.
   352.00      6380.
   352.50      6374.
   353.00      6368.
   353.50      6362.
   354.00      6356.
   354.50      6350.
   355.00      6343.
   355.50      6337.
   356.00      6331.
   356.50      6324.
   357.00      6318.
   357.50      6311.
   358.00      6305.
   358.50      6298.
   359.00      6292.
   359.50      6285.
   360.00      6279.
1


  DISCHARGE VS ELEVATION
  **********************
  ELEVATION  DISCHARGE

    4880.49      5000.
    4890.00      5000.
    4898.70      5000.
    4900.00      5000.
    4902.00     10000.
    4904.00     22500.
    4906.00     37500.
    4908.00     56000.
    4910.00     77000.
    4912.00    100000.
    4914.00    125000.
    4916.00    153000.
    4920.00    212000.
    4924.00    270000.
    4928.00    328000.
    4930.00    357000.
    4935.00    429500.
