
                     UNITED STATES BUREAU OF RECLAMATION
                       ENGINEERING AND RESEARCH CENTER

                            FLOOD ROUTING FOR DAMS
                            ----------------------

      FEATURE: Pueblo Dam                               DATE    **/ 1/  26
      FLOOD: TREX Test Run & PMF snow                   TIME    **:**:03.**
      TITLE: Full TREX Routing             
      DATA FILE: fs5-15sn.in                                                    

      FLOOD ROUTING SUMMARY
      *********************

         BEGINNING HOUR OF ROUTING.......................      0.50
         ENDING HOUR OF ROUTING..........................    360.00
         INITIAL RESERVOIR ELEVATION.....................   4880.49 FT
         MINIMUM OR NORMAL POOL ELEV.....................   4880.49 FT
         MAXIMUM RESERVOIR ELEVATION.....   4920.23 AT HOUR   81.50
         INFLOW PEAK DISCHARGE...........   281383. AT HOUR   72.00
         MAXIMUM TOTAL OUTFLOW...........   215391. AT HOUR   81.50
         ELEVATION TOLERANCE.............................    0.0100 FT
         INFLOW HYDROGRAPH ADJUSTMENT FACTOR.............      1.00
         IPC OPTIONS (1 TO 10)...........................3100100021

      WATERWAY PARAMETERS
      *******************

         WATERWAY NO. 1 - Top of Dam                    

         TYPE-BROAD OR SHARP CRESTED WEIR
         CONSTANT DISCHARGE COEFFICIENT..................      2.67
         CREST ELEVATION.................................   4925.25 FT
         CREST LENGTH....................................   1200.50 FT
         MAXIMUM DISCHARGE...............        0. AT HOUR    0.50

         WATERWAY NO. 2 - Embankment "wings"            

         TYPE-BROAD OR SHARP CRESTED WEIR
         CONSTANT DISCHARGE COEFFICIENT..................      2.62
         CREST ELEVATION.................................   4925.00 FT
         CREST LENGTH....................................   8480.00 FT
         MAXIMUM DISCHARGE...............        0. AT HOUR    0.50
1

                     ROUTING RESULTS                          DISCHARGE RESULTS
                     ***************                          *****************

    TIME     INFLOW    OUTFLOW    STORAGE   ELEVATION        WATERWAY         RATING
                                                           1         2        CURVE

     0.50      5527.      5000.    257067.   4880.49          0.        0.     5000.
     1.00      5557.      5000.    257089.   4880.49          0.        0.     5000.
     1.50      5587.      5000.    257112.   4880.50          0.        0.     5000.
     2.00      5617.      5000.    257138.   4880.50          0.        0.     5000.
     2.50      5647.      5000.    257164.   4880.51          0.        0.     5000.
     3.00      5677.      5000.    257192.   4880.52          0.        0.     5000.
     3.50      5707.      5000.    257221.   4880.52          0.        0.     5000.
     4.00      5737.      5000.    257251.   4880.53          0.        0.     5000.
     4.50      5766.      5000.    257282.   4880.53          0.        0.     5000.
     5.00      5796.      5000.    257315.   4880.54          0.        0.     5000.
     5.50      5825.      5000.    257348.   4880.55          0.        0.     5000.
     6.00      5855.      5000.    257384.   4880.56          0.        0.     5000.
     6.50      5884.      5000.    257419.   4880.56          0.        0.     5000.
     7.00      5913.      5000.    257457.   4880.57          0.        0.     5000.
     7.50      5941.      5000.    257495.   4880.58          0.        0.     5000.
     8.00      5970.      5000.    257535.   4880.59          0.        0.     5000.
     8.50      5999.      5000.    257575.   4880.60          0.        0.     5000.
     9.00      6027.      5000.    257618.   4880.60          0.        0.     5000.
     9.50      6056.      5000.    257660.   4880.61          0.        0.     5000.
    10.00      6084.      5000.    257705.   4880.62          0.        0.     5000.
    10.50      6112.      5000.    257750.   4880.63          0.        0.     5000.
    11.00      6140.      5000.    257797.   4880.64          0.        0.     5000.
    11.50      6167.      5000.    257844.   4880.65          0.        0.     5000.
    12.00      6195.      5000.    257894.   4880.66          0.        0.     5000.
    12.50      6222.      5000.    257944.   4880.67          0.        0.     5000.
    13.00      6249.      5000.    257995.   4880.68          0.        0.     5000.
    13.50      6276.      5000.    258047.   4880.69          0.        0.     5000.
    14.00      6303.      5000.    258102.   4880.70          0.        0.     5000.
    14.50      6330.      5000.    258156.   4880.72          0.        0.     5000.
    15.00      6357.      5000.    258213.   4880.73          0.        0.     5000.
    15.50      6383.      5000.    258269.   4880.74          0.        0.     5000.
    16.00      6409.      5000.    258326.   4880.75          0.        0.     5000.
    16.50      6435.      5000.    258385.   4880.76          0.        0.     5000.
    17.00      6461.      5000.    258444.   4880.77          0.        0.     5000.
    17.50      6487.      5000.    258506.   4880.79          0.        0.     5000.
    18.00      6512.      5000.    258567.   4880.80          0.        0.     5000.
    18.50      6537.      5000.    258631.   4880.81          0.        0.     5000.
    19.00      6562.      5000.    258695.   4880.83          0.        0.     5000.
    19.50      6587.      5000.    258761.   4880.84          0.        0.     5000.
    20.00      6612.      5000.    258827.   4880.85          0.        0.     5000.
    20.50      6636.      5000.    258893.   4880.87          0.        0.     5000.
    21.00      6661.      5000.    258961.   4880.88          0.        0.     5000.
    21.50      6685.      5000.    259030.   4880.90          0.        0.     5000.
    22.00      6708.      5000.    259101.   4880.91          0.        0.     5000.
    22.50      6732.      5000.    259172.   4880.93          0.        0.     5000.
    23.00      6755.      5000.    259245.   4880.94          0.        0.     5000.
    23.50      6778.      5000.    259318.   4880.96          0.        0.     5000.
    24.00      6801.      5000.    259391.   4880.97          0.        0.     5000.
    24.50      6824.      5000.    259467.   4880.99          0.        0.     5000.
    25.00      6846.      5000.    259542.   4881.00          0.        0.     5000.
    25.50      6869.      5000.    259618.   4881.02          0.        0.     5000.
    26.00      6890.      5000.    259696.   4881.03          0.        0.     5000.
    26.50      6912.      5000.    259774.   4881.05          0.        0.     5000.
    27.00      6934.      5000.    259854.   4881.07          0.        0.     5000.
    27.50      6955.      5000.    259935.   4881.08          0.        0.     5000.
    28.00      6976.      5000.    260015.   4881.10          0.        0.     5000.
    28.50      6997.      5000.    260097.   4881.12          0.        0.     5000.
    29.00      7017.      5000.    260180.   4881.13          0.        0.     5000.
    29.50      7038.      5000.    260263.   4881.15          0.        0.     5000.
    30.00      7058.      5000.    260348.   4881.17          0.        0.     5000.
    30.50      7078.      5000.    260433.   4881.19          0.        0.     5000.
    31.00      7098.      5000.    260520.   4881.20          0.        0.     5000.
    31.50      7117.      5000.    260608.   4881.22          0.        0.     5000.
    32.00      7137.      5000.    260695.   4881.24          0.        0.     5000.
    32.50      7156.      5000.    260785.   4881.26          0.        0.     5000.
    33.00      7175.      5000.    260875.   4881.28          0.        0.     5000.
    33.50      7195.      5000.    260964.   4881.30          0.        0.     5000.
    34.00      7214.      5000.    261056.   4881.31          0.        0.     5000.
    34.50      7233.      5000.    261148.   4881.33          0.        0.     5000.
    35.00      7251.      5000.    261241.   4881.35          0.        0.     5000.
    35.50      7270.      5000.    261335.   4881.37          0.        0.     5000.
    36.00      7289.      5000.    261430.   4881.39          0.        0.     5000.
    36.50      7307.      5000.    261524.   4881.41          0.        0.     5000.
    37.00      7326.      5000.    261621.   4881.43          0.        0.     5000.
    37.50      7344.      5000.    261718.   4881.45          0.        0.     5000.
    38.00      7363.      5000.    261815.   4881.47          0.        0.     5000.
    38.50      7381.      5000.    261914.   4881.49          0.        0.     5000.
    39.00      7399.      5000.    262013.   4881.51          0.        0.     5000.
    39.50      7418.      5000.    262112.   4881.53          0.        0.     5000.
    40.00      7436.      5000.    262211.   4881.55          0.        0.     5000.
    40.50      7454.      5000.    262313.   4881.57          0.        0.     5000.
    41.00      7473.      5000.    262414.   4881.60          0.        0.     5000.
    41.50      7491.      5000.    262516.   4881.62          0.        0.     5000.
    42.00      7509.      5000.    262620.   4881.64          0.        0.     5000.
    42.50      7528.      5000.    262724.   4881.66          0.        0.     5000.
    43.00      7546.      5000.    262828.   4881.68          0.        0.     5000.
    43.50      7565.      5000.    262934.   4881.70          0.        0.     5000.
    44.00      7583.      5000.    263040.   4881.73          0.        0.     5000.
    44.50      7602.      5000.    263147.   4881.75          0.        0.     5000.
    45.00      7620.      5000.    263255.   4881.77          0.        0.     5000.
    45.50      7639.      5000.    263364.   4881.79          0.        0.     5000.
    46.00      7658.      5000.    263473.   4881.81          0.        0.     5000.
    46.50      7677.      5000.    263584.   4881.84          0.        0.     5000.
    47.00      7696.      5000.    263695.   4881.86          0.        0.     5000.
    47.50      7715.      5000.    263806.   4881.88          0.        0.     5000.
    48.00      7734.      5000.    263919.   4881.91          0.        0.     5000.
    48.50      7754.      5000.    264032.   4881.93          0.        0.     5000.
    49.00      7773.      5000.    264146.   4881.95          0.        0.     5000.
    49.50      7794.      5000.    264261.   4881.98          0.        0.     5000.
    50.00      7815.      5000.    264377.   4882.00          0.        0.     5000.
    50.50      7838.      5000.    264493.   4882.03          0.        0.     5000.
    51.00      7860.      5000.    264611.   4882.05          0.        0.     5000.
    51.50      7883.      5000.    264729.   4882.07          0.        0.     5000.
    52.00      7907.      5000.    264849.   4882.10          0.        0.     5000.
    52.50      7931.      5000.    264970.   4882.12          0.        0.     5000.
    53.00      7956.      5000.    265090.   4882.15          0.        0.     5000.
    53.50      7981.      5000.    265213.   4882.17          0.        0.     5000.
    54.00      8006.      5000.    265336.   4882.20          0.        0.     5000.
    54.50      8032.      5000.    265461.   4882.23          0.        0.     5000.
    55.00      8058.      5000.    265586.   4882.25          0.        0.     5000.
    55.50      8084.      5000.    265714.   4882.28          0.        0.     5000.
    56.00      8110.      5000.    265841.   4882.30          0.        0.     5000.
    56.50      8136.      5000.    265971.   4882.33          0.        0.     5000.
    57.00      8162.      5000.    266101.   4882.36          0.        0.     5000.
    57.50      8197.      5000.    266233.   4882.39          0.        0.     5000.
    58.00      8276.      5000.    266368.   4882.41          0.        0.     5000.
    58.50      8369.      5000.    266505.   4882.44          0.        0.     5000.
    59.00      8470.      5000.    266647.   4882.47          0.        0.     5000.
    59.50      8602.      5000.    266793.   4882.50          0.        0.     5000.
    60.00      8873.      5000.    266947.   4882.53          0.        0.     5000.
    60.50      9414.      5000.    267117.   4882.57          0.        0.     5000.
    61.00     10246.      5000.    267318.   4882.61          0.        0.     5000.
    61.50     11683.      5000.    267563.   4882.66          0.        0.     5000.
    62.00     16050.      5000.    267929.   4882.74          0.        0.     5000.
    62.50     50221.      5000.    269091.   4882.98          0.        0.     5000.
    63.00    102960.      5000.    272051.   4883.59          0.        0.     5000.
    63.50    126224.      5000.    276578.   4884.52          0.        0.     5000.
    64.00    141721.      5000.    281907.   4885.63          0.        0.     5000.
    64.50    155338.      5000.    287837.   4886.85          0.        0.     5000.
    65.00    168694.      5000.    294325.   4888.19          0.        0.     5000.
    65.50    182035.      5000.    301366.   4889.65          0.        0.     5000.
    66.00    194049.      5000.    308929.   4891.08          0.        0.     5000.
    66.50    204234.      5000.    316952.   4892.56          0.        0.     5000.
    67.00    213373.      5000.    325373.   4894.11          0.        0.     5000.
    67.50    222646.      5000.    334176.   4895.73          0.        0.     5000.
    68.00    232609.      5000.    343377.   4897.42          0.        0.     5000.
    68.50    242865.      5000.    352994.   4899.19          0.        0.     5000.
    69.00    252764.      7281.    362981.   4900.91          0.        0.     7281.
    69.50    261712.     13571.    373181.   4902.57          0.        0.    13571.
    70.00    269346.     24221.    383378.   4904.23          0.        0.    24221.
    70.50    275261.     36416.    393377.   4905.86          0.        0.    36416.
    71.00    279204.     50688.    403034.   4907.43          0.        0.    50688.
    71.50    281173.     65634.    412207.   4908.92          0.        0.    65634.
    72.00    281383.     80206.    420816.   4910.28          0.        0.    80206.
    72.50    280393.     93380.    428835.   4911.42          0.        0.    93380.
    73.00    278954.    106097.    436280.   4912.49          0.        0.   106097.
    73.50    277591.    118347.    443141.   4913.47          0.        0.   118347.
    74.00    276404.    130195.    449465.   4914.37          0.        0.   130195.
    74.50    275316.    141755.    455245.   4915.20          0.        0.   141755.
    75.00    274249.    152310.    460523.   4915.95          0.        0.   152310.
    75.50    273071.    162420.    465339.   4916.64          0.        0.   162420.
    76.00    271770.    171596.    469694.   4917.26          0.        0.   171596.
    76.50    270018.    179878.    473625.   4917.82          0.        0.   179878.
    77.00    266974.    187275.    477136.   4918.32          0.        0.   187275.
    77.50    262927.    193757.    480212.   4918.76          0.        0.   193757.
    78.00    258216.    199331.    482858.   4919.14          0.        0.   199331.
    78.50    252984.    204027.    485087.   4919.46          0.        0.   204027.
    79.00    247287.    207873.    486912.   4919.72          0.        0.   207873.
    79.50    241228.    210905.    488351.   4919.93          0.        0.   210905.
    80.00    234893.    213055.    489431.   4920.07          0.        0.   213055.
    80.50    228224.    214443.    490167.   4920.17          0.        0.   214443.
    81.00    221229.    215214.    490577.   4920.22          0.        0.   215214.
    81.50    213953.    215391.    490671.   4920.23          0.        0.   215391.
    82.00    206558.    215009.    490468.   4920.21          0.        0.   215009.
    82.50    199187.    214103.    489987.   4920.15          0.        0.   214103.
    83.00    191848.    212708.    489247.   4920.05          0.        0.   212708.
    83.50    184518.    210740.    488273.   4919.91          0.        0.   210740.
    84.00    177224.    208248.    487090.   4919.75          0.        0.   208248.
    84.50    169957.    205360.    485719.   4919.55          0.        0.   205360.
    85.00    162710.    202104.    484174.   4919.33          0.        0.   202104.
    85.50    155492.    198518.    482472.   4919.09          0.        0.   198518.
    86.00    148336.    194628.    480626.   4918.82          0.        0.   194628.
    86.50    141266.    190473.    478654.   4918.54          0.        0.   190473.
    87.00    134352.    186079.    476569.   4918.24          0.        0.   186079.
    87.50    127700.    181485.    474388.   4917.93          0.        0.   181485.
    88.00    121382.    176731.    472132.   4917.61          0.        0.   176731.
    88.50    115389.    171862.    469821.   4917.28          0.        0.   171862.
    89.00    109721.    166915.    467472.   4916.94          0.        0.   166915.
    89.50    104397.    161923.    465104.   4916.60          0.        0.   161923.
    90.00     99371.    156911.    462724.   4916.27          0.        0.   156911.
    90.50     94651.    151968.    460352.   4915.93          0.        0.   151968.
    91.00     90234.    147244.    457990.   4915.59          0.        0.   147244.
    91.50     86067.    142555.    455645.   4915.25          0.        0.   142555.
    92.00     82121.    137913.    453324.   4914.92          0.        0.   137913.
    92.50     78366.    133340.    451037.   4914.60          0.        0.   133340.
    93.00     74513.    128821.    448778.   4914.27          0.        0.   128821.
    93.50     70695.    124426.    446545.   4913.95          0.        0.   124426.
    94.00     66919.    120471.    444330.   4913.64          0.        0.   120471.
    94.50     63298.    116534.    442126.   4913.32          0.        0.   116534.
    95.00     59893.    112622.    439934.   4913.01          0.        0.   112622.
    95.50     56686.    108759.    437771.   4912.70          0.        0.   108759.
    96.00     53672.    104944.    435634.   4912.40          0.        0.   104944.
    96.50     50898.    101196.    433535.   4912.10          0.        0.   101196.
    97.00     48365.     97726.    431481.   4911.80          0.        0.    97726.
    97.50     46005.     94407.    429461.   4911.51          0.        0.    94407.
    98.00     43815.     91156.    427482.   4911.23          0.        0.    91156.
    98.50     41846.     87983.    425550.   4910.96          0.        0.    87983.
    99.00     40021.     84895.    423670.   4910.69          0.        0.    84895.
    99.50     38350.     81896.    421845.   4910.43          0.        0.    81896.
   100.00     36763.     78988.    420074.   4910.17          0.        0.    78988.
   100.50     35252.     76134.    418357.   4909.92          0.        0.    76134.
   101.00     33917.     73303.    416699.   4909.65          0.        0.    73303.
   101.50     32614.     70576.    415102.   4909.39          0.        0.    70576.
   102.00     31474.     67951.    413564.   4909.14          0.        0.    67951.
   102.50     30316.     65423.    412084.   4908.90          0.        0.    65423.
   103.00     29235.     62993.    410661.   4908.67          0.        0.    62993.
   103.50     28258.     60660.    409294.   4908.44          0.        0.    60660.
   104.00     27311.     58420.    407982.   4908.23          0.        0.    58420.
   104.50     26430.     56272.    406724.   4908.03          0.        0.    56272.
   105.00     25605.     54424.    405517.   4907.83          0.        0.    54424.
   105.50     24861.     52662.    404346.   4907.64          0.        0.    52662.
   106.00     24160.     50964.    403217.   4907.46          0.        0.    50964.
   106.50     23477.     49329.    402130.   4907.28          0.        0.    49329.
   107.00     22825.     47753.    401082.   4907.11          0.        0.    47753.
   107.50     22222.     46231.    400070.   4906.94          0.        0.    46231.
   108.00     21661.     44767.    399097.   4906.79          0.        0.    44767.
   108.50     21147.     43358.    398160.   4906.63          0.        0.    43358.
   109.00     20686.     42003.    397260.   4906.49          0.        0.    42003.
   109.50     20237.     40702.    396395.   4906.35          0.        0.    40702.
   110.00     19791.     39456.    395566.   4906.21          0.        0.    39456.
   110.50     19354.     38259.    394770.   4906.08          0.        0.    38259.
   111.00     18937.     37181.    394005.   4905.96          0.        0.    37181.
   111.50     18541.     36273.    393260.   4905.84          0.        0.    36273.
   112.00     18170.     35391.    392536.   4905.72          0.        0.    35391.
   112.50     17825.     34537.    391837.   4905.60          0.        0.    34537.
   113.00     17515.     33710.    391158.   4905.49          0.        0.    33710.
   113.50     17220.     32908.    390501.   4905.39          0.        0.    32908.
   114.00     16923.     32128.    389861.   4905.28          0.        0.    32128.
   114.50     16652.     31373.    389243.   4905.18          0.        0.    31373.
   115.00     16398.     30645.    388645.   4905.09          0.        0.    30645.
   115.50     16159.     29938.    388065.   4904.99          0.        0.    29938.
   116.00     15915.     29253.    387504.   4904.90          0.        0.    29253.
   116.50     15674.     28590.    386960.   4904.81          0.        0.    28590.
   117.00     15440.     27949.    386435.   4904.73          0.        0.    27949.
   117.50     15217.     27330.    385928.   4904.64          0.        0.    27330.
   118.00     15020.     26730.    385435.   4904.56          0.        0.    26730.
   118.50     14841.     26151.    384961.   4904.49          0.        0.    26151.
   119.00     14666.     25591.    384501.   4904.41          0.        0.    25591.
   119.50     14494.     25049.    384057.   4904.34          0.        0.    25049.
   120.00     14330.     24525.    383628.   4904.27          0.        0.    24525.
   120.50     14177.     24020.    383213.   4904.20          0.        0.    24020.
   121.00     14022.     23533.    382814.   4904.14          0.        0.    23533.
   121.50     13874.     23060.    382426.   4904.07          0.        0.    23060.
   122.00     13736.     22606.    382054.   4904.01          0.        0.    22606.
   122.50     13605.     22222.    381694.   4903.96          0.        0.    22222.
   123.00     13473.     21865.    381342.   4903.90          0.        0.    21865.
   123.50     13342.     21517.    381000.   4903.84          0.        0.    21517.
   124.00     13217.     21179.    380667.   4903.79          0.        0.    21179.
   124.50     13102.     20849.    380343.   4903.74          0.        0.    20849.
   125.00     12987.     20529.    380027.   4903.68          0.        0.    20529.
   125.50     12875.     20217.    379721.   4903.63          0.        0.    20217.
   126.00     12766.     19912.    379421.   4903.59          0.        0.    19912.
   126.50     12663.     19616.    379129.   4903.54          0.        0.    19616.
   127.00     12567.     19329.    378847.   4903.49          0.        0.    19329.
   127.50     12473.     19048.    378571.   4903.45          0.        0.    19048.
   128.00     12381.     18777.    378304.   4903.40          0.        0.    18777.
   128.50     12291.     18511.    378043.   4903.36          0.        0.    18511.
   129.00      8502.     18179.    377715.   4903.31          0.        0.    18179.
   129.50      8497.     17782.    377325.   4903.25          0.        0.    17782.
   130.00      8492.     17401.    376950.   4903.18          0.        0.    17401.
   130.50      8486.     17034.    376589.   4903.13          0.        0.    17034.
   131.00      8480.     16683.    376244.   4903.07          0.        0.    16683.
   131.50      8474.     16345.    375911.   4903.02          0.        0.    16345.
   132.00      8469.     16021.    375592.   4902.96          0.        0.    16021.
   132.50      8462.     15710.    375286.   4902.91          0.        0.    15710.
   133.00      8456.     15411.    374992.   4902.87          0.        0.    15411.
   133.50      8450.     15124.    374710.   4902.82          0.        0.    15124.
   134.00      8444.     14849.    374439.   4902.78          0.        0.    14849.
   134.50      8438.     14587.    374181.   4902.73          0.        0.    14587.
   135.00      8431.     14333.    373932.   4902.69          0.        0.    14333.
   135.50      8425.     14089.    373692.   4902.65          0.        0.    14089.
   136.00      8418.     13857.    373463.   4902.62          0.        0.    13857.
   136.50      8412.     13635.    373244.   4902.58          0.        0.    13635.
   137.00      8406.     13421.    373034.   4902.55          0.        0.    13421.
   137.50      8399.     13214.    372830.   4902.51          0.        0.    13214.
   138.00      8393.     13015.    372635.   4902.48          0.        0.    13015.
   138.50      8386.     12826.    372449.   4902.45          0.        0.    12826.
   139.00      8380.     12643.    372268.   4902.42          0.        0.    12643.
   139.50      8374.     12466.    372094.   4902.39          0.        0.    12466.
   140.00      8367.     12298.    371929.   4902.37          0.        0.    12298.
   140.50      8361.     12136.    371770.   4902.34          0.        0.    12136.
   141.00      8355.     11981.    371617.   4902.32          0.        0.    11981.
   141.50      8349.     11831.    371470.   4902.29          0.        0.    11831.
   142.00      8343.     11688.    371329.   4902.27          0.        0.    11688.
   142.50      8337.     11550.    371193.   4902.25          0.        0.    11550.
   143.00      8332.     11419.    371064.   4902.23          0.        0.    11419.
   143.50      8326.     11291.    370938.   4902.21          0.        0.    11291.
   144.00      8321.     11169.    370818.   4902.19          0.        0.    11169.
   144.50      8315.     11053.    370704.   4902.17          0.        0.    11053.
   145.00      8310.     10940.    370593.   4902.15          0.        0.    10940.
   145.50      8305.     10833.    370488.   4902.13          0.        0.    10833.
   146.00      8300.     10729.    370386.   4902.12          0.        0.    10729.
   146.50      8295.     10629.    370287.   4902.10          0.        0.    10629.
   147.00      8290.     10534.    370193.   4902.09          0.        0.    10534.
   147.50      8285.     10443.    370103.   4902.07          0.        0.    10443.
   148.00      8280.     10354.    370016.   4902.06          0.        0.    10354.
   148.50      8274.     10269.    369932.   4902.04          0.        0.    10269.
   149.00      8269.     10186.    369851.   4902.03          0.        0.    10186.
   149.50      8264.     10107.    369773.   4902.02          0.        0.    10107.
   150.00      8259.     10031.    369698.   4902.00          0.        0.    10031.
   150.50      8254.      9983.    369626.   4901.99          0.        0.     9983.
   151.00      8249.      9954.    369554.   4901.98          0.        0.     9954.
   151.50      8244.      9926.    369485.   4901.97          0.        0.     9926.
   152.00      8239.      9897.    369416.   4901.96          0.        0.     9897.
   152.50      8234.      9869.    369347.   4901.95          0.        0.     9869.
   153.00      8229.      9843.    369281.   4901.94          0.        0.     9843.
   153.50      8224.      9816.    369215.   4901.93          0.        0.     9816.
   154.00      8219.      9789.    369149.   4901.92          0.        0.     9789.
   154.50      8214.      9763.    369085.   4901.91          0.        0.     9763.
   155.00      8209.      9738.    369022.   4901.90          0.        0.     9738.
   155.50      8204.      9712.    368959.   4901.88          0.        0.     9712.
   156.00      8199.      9686.    368896.   4901.87          0.        0.     9686.
   156.50      8194.      9662.    368836.   4901.86          0.        0.     9662.
   157.00      8189.      9637.    368776.   4901.85          0.        0.     9637.
   157.50      8183.      9613.    368716.   4901.85          0.        0.     9613.
   158.00      8178.      9589.    368656.   4901.84          0.        0.     9589.
   158.50      8173.      9565.    368599.   4901.83          0.        0.     9565.
   159.00      8168.      9542.    368542.   4901.82          0.        0.     9542.
   159.50      8163.      9519.    368485.   4901.81          0.        0.     9519.
   160.00      8157.      9496.    368428.   4901.80          0.        0.     9496.
   160.50      8152.      9474.    368374.   4901.79          0.        0.     9474.
   161.00      8147.      9452.    368320.   4901.78          0.        0.     9452.
   161.50      8141.      9430.    368266.   4901.77          0.        0.     9430.
   162.00      8136.      9408.    368212.   4901.76          0.        0.     9408.
   162.50      8130.      9387.    368161.   4901.75          0.        0.     9387.
   163.00      8125.      9366.    368110.   4901.75          0.        0.     9366.
   163.50      8119.      9346.    368059.   4901.74          0.        0.     9346.
   164.00      8113.      9325.    368008.   4901.73          0.        0.     9325.
   164.50      8108.      9304.    367956.   4901.72          0.        0.     9304.
   165.00      8102.      9285.    367908.   4901.71          0.        0.     9285.
   165.50      8096.      9265.    367860.   4901.71          0.        0.     9265.
   166.00      8090.      9246.    367812.   4901.70          0.        0.     9246.
   166.50      8084.      9226.    367764.   4901.69          0.        0.     9226.
   167.00      8078.      9207.    367716.   4901.68          0.        0.     9207.
   167.50      8072.      9188.    367671.   4901.68          0.        0.     9188.
   168.00      8066.      9170.    367626.   4901.67          0.        0.     9170.
   168.50      8060.      9152.    367581.   4901.66          0.        0.     9152.
   169.00      8054.      9133.    367536.   4901.65          0.        0.     9133.
   169.50      8047.      9115.    367491.   4901.65          0.        0.     9115.
   170.00      8040.      9097.    367446.   4901.64          0.        0.     9097.
   170.50      8032.      9080.    367404.   4901.63          0.        0.     9080.
   171.00      8024.      9063.    367362.   4901.63          0.        0.     9063.
   171.50      8016.      9045.    367320.   4901.62          0.        0.     9045.
   172.00      8008.      9028.    367278.   4901.61          0.        0.     9028.
   172.50      7999.      9011.    367236.   4901.60          0.        0.     9011.
   173.00      7990.      8994.    367194.   4901.60          0.        0.     8994.
   173.50      7981.      8977.    367152.   4901.59          0.        0.     8977.
   174.00      7972.      8960.    367110.   4901.58          0.        0.     8960.
   174.50      7962.      8943.    367068.   4901.58          0.        0.     8943.
   175.00      7953.      8927.    367029.   4901.57          0.        0.     8927.
   175.50      7943.      8911.    366990.   4901.56          0.        0.     8911.
   176.00      7933.      8895.    366951.   4901.56          0.        0.     8895.
   176.50      7923.      8879.    366912.   4901.55          0.        0.     8879.
   177.00      7913.      8864.    366873.   4901.55          0.        0.     8864.
   177.50      7903.      8848.    366833.   4901.54          0.        0.     8848.
   178.00      7893.      8832.    366794.   4901.53          0.        0.     8832.
   178.50      7883.      8816.    366755.   4901.53          0.        0.     8816.
   179.00      7873.      8800.    366716.   4901.52          0.        0.     8800.
   179.50      7864.      8784.    366677.   4901.51          0.        0.     8784.
   180.00      7854.      8768.    366638.   4901.51          0.        0.     8768.
   180.50      7844.      8752.    366599.   4901.50          0.        0.     8752.
   181.00      7834.      8738.    366563.   4901.50          0.        0.     8738.
   181.50      7825.      8723.    366527.   4901.49          0.        0.     8723.
   182.00      7816.      8708.    366491.   4901.48          0.        0.     8708.
   182.50      7807.      8694.    366455.   4901.48          0.        0.     8694.
   183.00      7798.      8679.    366419.   4901.47          0.        0.     8679.
   183.50      7789.      8665.    366383.   4901.47          0.        0.     8665.
   184.00      7781.      8650.    366347.   4901.46          0.        0.     8650.
   184.50      7773.      8635.    366311.   4901.45          0.        0.     8635.
   185.00      7765.      8621.    366275.   4901.45          0.        0.     8621.
   185.50      7758.      8606.    366239.   4901.44          0.        0.     8606.
   186.00      7751.      8591.    366203.   4901.44          0.        0.     8591.
   186.50      7744.      8577.    366167.   4901.43          0.        0.     8577.
   187.00      7738.      8563.    366134.   4901.43          0.        0.     8563.
   187.50      7732.      8550.    366101.   4901.42          0.        0.     8550.
   188.00      7727.      8536.    366068.   4901.41          0.        0.     8536.
   188.50      7722.      8523.    366035.   4901.41          0.        0.     8523.
   189.00      7718.      8510.    366002.   4901.40          0.        0.     8510.
   189.50      7714.      8496.    365969.   4901.40          0.        0.     8496.
   190.00      7710.      8483.    365936.   4901.39          0.        0.     8483.
   190.50      7708.      8469.    365903.   4901.39          0.        0.     8469.
   191.00      7705.      8457.    365873.   4901.38          0.        0.     8457.
   191.50      7704.      8445.    365843.   4901.38          0.        0.     8445.
   192.00      7703.      8433.    365813.   4901.37          0.        0.     8433.
   192.50      7703.      8420.    365783.   4901.37          0.        0.     8420.
   193.00      7703.      8408.    365753.   4901.36          0.        0.     8408.
   193.50      7703.      8396.    365722.   4901.36          0.        0.     8396.
   194.00      7703.      8385.    365695.   4901.35          0.        0.     8385.
   194.50      7703.      8374.    365668.   4901.35          0.        0.     8374.
   195.00      7703.      8363.    365641.   4901.35          0.        0.     8363.
   195.50      7703.      8352.    365614.   4901.34          0.        0.     8352.
   196.00      7703.      8341.    365587.   4901.34          0.        0.     8341.
   196.50      7703.      8330.    365560.   4901.33          0.        0.     8330.
   197.00      7703.      8319.    365533.   4901.33          0.        0.     8319.
   197.50      7703.      8309.    365509.   4901.32          0.        0.     8309.
   198.00      7703.      8300.    365485.   4901.32          0.        0.     8300.
   198.50      7703.      8290.    365461.   4901.32          0.        0.     8290.
   199.00      7703.      8280.    365437.   4901.31          0.        0.     8280.
   199.50      7703.      8270.    365413.   4901.31          0.        0.     8270.
   200.00      7703.      8260.    365389.   4901.30          0.        0.     8260.
   200.50      7703.      8251.    365365.   4901.30          0.        0.     8251.
   201.00      7703.      8242.    365344.   4901.30          0.        0.     8242.
   201.50      7703.      8234.    365323.   4901.29          0.        0.     8234.
   202.00      7703.      8225.    365302.   4901.29          0.        0.     8225.
   202.50      7703.      8217.    365281.   4901.29          0.        0.     8217.
   203.00      7703.      8208.    365260.   4901.28          0.        0.     8208.
   203.50      7703.      8199.    365239.   4901.28          0.        0.     8199.
   204.00      7703.      8191.    365218.   4901.28          0.        0.     8191.
   204.50      7703.      8182.    365197.   4901.27          0.        0.     8182.
   205.00      7703.      8174.    365176.   4901.27          0.        0.     8174.
   205.50      7703.      8167.    365158.   4901.27          0.        0.     8167.
   206.00      7703.      8159.    365140.   4901.26          0.        0.     8159.
   206.50      7703.      8152.    365122.   4901.26          0.        0.     8152.
   207.00      7703.      8145.    365104.   4901.26          0.        0.     8145.
   207.50      7703.      8137.    365086.   4901.25          0.        0.     8137.
   208.00      7703.      8130.    365068.   4901.25          0.        0.     8130.
   208.50      7703.      8123.    365050.   4901.25          0.        0.     8123.
   209.00      7703.      8115.    365032.   4901.25          0.        0.     8115.
   209.50      7703.      8108.    365014.   4901.24          0.        0.     8108.
   210.00      7703.      8101.    364996.   4901.24          0.        0.     8101.
   210.50      7703.      8094.    364981.   4901.24          0.        0.     8094.
   211.00      7703.      8088.    364966.   4901.24          0.        0.     8088.
   211.50      7703.      8082.    364951.   4901.23          0.        0.     8082.
   212.00      7703.      8076.    364936.   4901.23          0.        0.     8076.
   212.50      7703.      8070.    364921.   4901.23          0.        0.     8070.
   213.00      7703.      8064.    364906.   4901.23          0.        0.     8064.
   213.50      7703.      8058.    364891.   4901.22          0.        0.     8058.
   214.00      7703.      8052.    364876.   4901.22          0.        0.     8052.
   214.50      7703.      8046.    364861.   4901.22          0.        0.     8046.
   215.00      7703.      8040.    364846.   4901.22          0.        0.     8040.
   215.50      7703.      8033.    364831.   4901.21          0.        0.     8033.
   216.00      7703.      8027.    364816.   4901.21          0.        0.     8027.
   216.50      7703.      8022.    364804.   4901.21          0.        0.     8022.
   217.00      7702.      8018.    364792.   4901.21          0.        0.     8018.
   217.50      7702.      8013.    364780.   4901.21          0.        0.     8013.
   218.00      7700.      8008.    364768.   4901.20          0.        0.     8008.
   218.50      7699.      8003.    364756.   4901.20          0.        0.     8003.
   219.00      7697.      7998.    364744.   4901.20          0.        0.     7998.
   219.50      7694.      7993.    364732.   4901.20          0.        0.     7993.
   220.00      7692.      7988.    364720.   4901.20          0.        0.     7988.
   220.50      7688.      7983.    364708.   4901.19          0.        0.     7983.
   221.00      7685.      7979.    364696.   4901.19          0.        0.     7979.
   221.50      7681.      7974.    364684.   4901.19          0.        0.     7974.
   222.00      7677.      7969.    364672.   4901.19          0.        0.     7969.
   222.50      7672.      7964.    364660.   4901.19          0.        0.     7964.
   223.00      7667.      7959.    364648.   4901.18          0.        0.     7959.
   223.50      7662.      7954.    364636.   4901.18          0.        0.     7954.
   224.00      7656.      7949.    364624.   4901.18          0.        0.     7949.
   224.50      7650.      7944.    364611.   4901.18          0.        0.     7944.
   225.00      7644.      7939.    364599.   4901.18          0.        0.     7939.
   225.50      7638.      7935.    364587.   4901.17          0.        0.     7935.
   226.00      7631.      7930.    364575.   4901.17          0.        0.     7930.
   226.50      7624.      7925.    364563.   4901.17          0.        0.     7925.
   227.00      7617.      7920.    364551.   4901.17          0.        0.     7920.
   227.50      7610.      7915.    364539.   4901.17          0.        0.     7915.
   228.00      7603.      7910.    364527.   4901.16          0.        0.     7910.
   228.50      7595.      7905.    364515.   4901.16          0.        0.     7905.
   229.00      7587.      7900.    364503.   4901.16          0.        0.     7900.
   229.50      7579.      7896.    364491.   4901.16          0.        0.     7896.
   230.00      7571.      7891.    364479.   4901.16          0.        0.     7891.
   230.50      7562.      7886.    364467.   4901.15          0.        0.     7886.
   231.00      7554.      7881.    364455.   4901.15          0.        0.     7881.
   231.50      7545.      7875.    364440.   4901.15          0.        0.     7875.
   232.00      7537.      7869.    364425.   4901.15          0.        0.     7869.
   232.50      7528.      7863.    364410.   4901.15          0.        0.     7863.
   233.00      7519.      7856.    364395.   4901.14          0.        0.     7856.
   233.50      7510.      7850.    364380.   4901.14          0.        0.     7850.
   234.00      7501.      7844.    364365.   4901.14          0.        0.     7844.
   234.50      7492.      7838.    364350.   4901.14          0.        0.     7838.
   235.00      7483.      7832.    364335.   4901.13          0.        0.     7832.
   235.50      7474.      7826.    364320.   4901.13          0.        0.     7826.
   236.00      7465.      7820.    364305.   4901.13          0.        0.     7820.
   236.50      7456.      7814.    364290.   4901.13          0.        0.     7814.
   237.00      7447.      7808.    364275.   4901.12          0.        0.     7808.
   237.50      7438.      7802.    364260.   4901.12          0.        0.     7802.
   238.00      7429.      7795.    364245.   4901.12          0.        0.     7795.
   238.50      7420.      7789.    364230.   4901.12          0.        0.     7789.
   239.00      7412.      7783.    364215.   4901.11          0.        0.     7783.
   239.50      7403.      7777.    364200.   4901.11          0.        0.     7777.
   240.00      7394.      7771.    364185.   4901.11          0.        0.     7771.
   240.50      7386.      7765.    364170.   4901.11          0.        0.     7765.
   241.00      7377.      7759.    364155.   4901.10          0.        0.     7759.
   241.50      7367.      7753.    364140.   4901.10          0.        0.     7753.
   242.00      7357.      7747.    364125.   4901.10          0.        0.     7747.
   242.50      7346.      7740.    364110.   4901.10          0.        0.     7740.
   243.00      7335.      7734.    364095.   4901.09          0.        0.     7734.
   243.50      7323.      7727.    364077.   4901.09          0.        0.     7727.
   244.00      7310.      7720.    364059.   4901.09          0.        0.     7720.
   244.50      7297.      7712.    364041.   4901.08          0.        0.     7712.
   245.00      7284.      7705.    364023.   4901.08          0.        0.     7705.
   245.50      7270.      7698.    364005.   4901.08          0.        0.     7698.
   246.00      7256.      7690.    363987.   4901.08          0.        0.     7690.
   246.50      7241.      7683.    363969.   4901.07          0.        0.     7683.
   247.00      7226.      7676.    363951.   4901.07          0.        0.     7676.
   247.50      7211.      7668.    363933.   4901.07          0.        0.     7668.
   248.00      7196.      7661.    363915.   4901.06          0.        0.     7661.
   248.50      7180.      7654.    363897.   4901.06          0.        0.     7654.
   249.00      7164.      7645.    363876.   4901.06          0.        0.     7645.
   249.50      7149.      7637.    363855.   4901.05          0.        0.     7637.
   250.00      7133.      7628.    363834.   4901.05          0.        0.     7628.
   250.50      7117.      7620.    363813.   4901.05          0.        0.     7620.
   251.00      7101.      7611.    363792.   4901.04          0.        0.     7611.
   251.50      7085.      7603.    363771.   4901.04          0.        0.     7603.
   252.00      7070.      7594.    363750.   4901.04          0.        0.     7594.
   252.50      7054.      7585.    363729.   4901.03          0.        0.     7585.
   253.00      7039.      7577.    363708.   4901.03          0.        0.     7577.
   253.50      7024.      7568.    363687.   4901.03          0.        0.     7568.
   254.00      7009.      7559.    363663.   4901.02          0.        0.     7559.
   254.50      6994.      7549.    363639.   4901.02          0.        0.     7549.
   255.00      6980.      7539.    363615.   4901.02          0.        0.     7539.
   255.50      6966.      7529.    363591.   4901.01          0.        0.     7529.
   256.00      6953.      7520.    363567.   4901.01          0.        0.     7520.
   256.50      6940.      7510.    363543.   4901.00          0.        0.     7510.
   257.00      6927.      7500.    363519.   4901.00          0.        0.     7500.
   257.50      6915.      7490.    363494.   4901.00          0.        0.     7490.
   258.00      6904.      7480.    363470.   4900.99          0.        0.     7480.
   258.50      6893.      7471.    363446.   4900.99          0.        0.     7471.
   259.00      6883.      7461.    363422.   4900.98          0.        0.     7461.
   259.50      6873.      7451.    363398.   4900.98          0.        0.     7451.
   260.00      6864.      7441.    363374.   4900.98          0.        0.     7441.
   260.50      6856.      7432.    363350.   4900.97          0.        0.     7432.
   261.00      6849.      7422.    363326.   4900.97          0.        0.     7422.
   261.50      6843.      7412.    363302.   4900.96          0.        0.     7412.
   262.00      6837.      7402.    363278.   4900.96          0.        0.     7402.
   262.50      6832.      7393.    363254.   4900.96          0.        0.     7393.
   263.00      6829.      7383.    363230.   4900.95          0.        0.     7383.
   263.50      6826.      7373.    363206.   4900.95          0.        0.     7373.
   264.00      6825.      7365.    363185.   4900.95          0.        0.     7365.
   264.50      6824.      7356.    363164.   4900.94          0.        0.     7356.
   265.00      6824.      7347.    363143.   4900.94          0.        0.     7347.
   265.50      6824.      7339.    363122.   4900.94          0.        0.     7339.
   266.00      6825.      7330.    363101.   4900.93          0.        0.     7330.
   266.50      6825.      7322.    363080.   4900.93          0.        0.     7322.
   267.00      6826.      7313.    363059.   4900.93          0.        0.     7313.
   267.50      6827.      7305.    363038.   4900.92          0.        0.     7305.
   268.00      6828.      7296.    363017.   4900.92          0.        0.     7296.
   268.50      6829.      7289.    362999.   4900.92          0.        0.     7289.
   269.00      6830.      7281.    362981.   4900.91          0.        0.     7281.
   269.50      6831.      7274.    362963.   4900.91          0.        0.     7274.
   270.00      6832.      7267.    362945.   4900.91          0.        0.     7267.
   270.50      6834.      7260.    362927.   4900.90          0.        0.     7260.
   271.00      6835.      7252.    362909.   4900.90          0.        0.     7252.
   271.50      6837.      7245.    362891.   4900.90          0.        0.     7245.
   272.00      6838.      7238.    362873.   4900.90          0.        0.     7238.
   272.50      6840.      7231.    362858.   4900.89          0.        0.     7231.
   273.00      6842.      7225.    362843.   4900.89          0.        0.     7225.
   273.50      6843.      7219.    362828.   4900.89          0.        0.     7219.
   274.00      6845.      7213.    362813.   4900.89          0.        0.     7213.
   274.50      6847.      7207.    362798.   4900.88          0.        0.     7207.
   275.00      6849.      7201.    362783.   4900.88          0.        0.     7201.
   275.50      6851.      7195.    362768.   4900.88          0.        0.     7195.
   276.00      6853.      7189.    362753.   4900.88          0.        0.     7189.
   276.50      6855.      7183.    362738.   4900.87          0.        0.     7183.
   277.00      6857.      7178.    362726.   4900.87          0.        0.     7178.
   277.50      6858.      7173.    362714.   4900.87          0.        0.     7173.
   278.00      6860.      7168.    362702.   4900.87          0.        0.     7168.
   278.50      6862.      7163.    362690.   4900.87          0.        0.     7163.
   279.00      6864.      7158.    362678.   4900.86          0.        0.     7158.
   279.50      6866.      7153.    362666.   4900.86          0.        0.     7153.
   280.00      6868.      7148.    362654.   4900.86          0.        0.     7148.
   280.50      6869.      7144.    362642.   4900.86          0.        0.     7144.
   281.00      6871.      7139.    362630.   4900.86          0.        0.     7139.
   281.50      6873.      7134.    362618.   4900.85          0.        0.     7134.
   282.00      6874.      7129.    362606.   4900.85          0.        0.     7129.
   282.50      6876.      7125.    362597.   4900.85          0.        0.     7125.
   283.00      6877.      7122.    362588.   4900.85          0.        0.     7122.
   283.50      6878.      7118.    362579.   4900.85          0.        0.     7118.
   284.00      6880.      7114.    362570.   4900.85          0.        0.     7114.
   284.50      6881.      7111.    362561.   4900.84          0.        0.     7111.
   285.00      6882.      7107.    362552.   4900.84          0.        0.     7107.
   285.50      6883.      7103.    362543.   4900.84          0.        0.     7103.
   286.00      6883.      7100.    362534.   4900.84          0.        0.     7100.
   286.50      6884.      7096.    362525.   4900.84          0.        0.     7096.
   287.00      6885.      7092.    362516.   4900.84          0.        0.     7092.
   287.50      6885.      7089.    362507.   4900.84          0.        0.     7089.
   288.00      6885.      7085.    362498.   4900.83          0.        0.     7085.
   288.50      6885.      7081.    362489.   4900.83          0.        0.     7081.
   289.00      6885.      7078.    362480.   4900.83          0.        0.     7078.
   289.50      6884.      7074.    362471.   4900.83          0.        0.     7074.
   290.00      6883.      7070.    362462.   4900.83          0.        0.     7070.
   290.50      6881.      7067.    362453.   4900.83          0.        0.     7067.
   291.00      6879.      7063.    362444.   4900.83          0.        0.     7063.
   291.50      6876.      7059.    362435.   4900.82          0.        0.     7059.
   292.00      6873.      7056.    362426.   4900.82          0.        0.     7056.
   292.50      6870.      7052.    362417.   4900.82          0.        0.     7052.
   293.00      6866.      7048.    362408.   4900.82          0.        0.     7048.
   293.50      6862.      7045.    362399.   4900.82          0.        0.     7045.
   294.00      6857.      7041.    362390.   4900.82          0.        0.     7041.
   294.50      6852.      7037.    362380.   4900.81          0.        0.     7037.
   295.00      6847.      7034.    362371.   4900.81          0.        0.     7034.
   295.50      6842.      7030.    362362.   4900.81          0.        0.     7030.
   296.00      6836.      7026.    362353.   4900.81          0.        0.     7026.
   296.50      6830.      7023.    362344.   4900.81          0.        0.     7023.
   297.00      6824.      7019.    362335.   4900.81          0.        0.     7019.
   297.50      6817.      7015.    362326.   4900.81          0.        0.     7015.
   298.00      6811.      7012.    362317.   4900.80          0.        0.     7012.
   298.50      6804.      7008.    362308.   4900.80          0.        0.     7008.
   299.00      6797.      7004.    362299.   4900.80          0.        0.     7004.
   299.50      6790.      7001.    362290.   4900.80          0.        0.     7001.
   300.00      6783.      6997.    362281.   4900.80          0.        0.     6997.
   300.50      6776.      6993.    362272.   4900.80          0.        0.     6993.
   301.00      6769.      6990.    362263.   4900.80          0.        0.     6990.
   301.50      6761.      6986.    362254.   4900.79          0.        0.     6986.
   302.00      6754.      6982.    362245.   4900.79          0.        0.     6982.
   302.50      6747.      6979.    362236.   4900.79          0.        0.     6979.
   303.00      6739.      6975.    362227.   4900.79          0.        0.     6975.
   303.50      6732.      6971.    362218.   4900.79          0.        0.     6971.
   304.00      6725.      6968.    362209.   4900.79          0.        0.     6968.
   304.50      6718.      6964.    362200.   4900.79          0.        0.     6964.
   305.00      6711.      6960.    362191.   4900.78          0.        0.     6960.
   305.50      6704.      6957.    362182.   4900.78          0.        0.     6957.
   306.00      6697.      6953.    362173.   4900.78          0.        0.     6953.
   306.50      6690.      6948.    362161.   4900.78          0.        0.     6948.
   307.00      6684.      6943.    362149.   4900.78          0.        0.     6943.
   307.50      6678.      6938.    362137.   4900.78          0.        0.     6938.
   308.00      6672.      6934.    362125.   4900.77          0.        0.     6934.
   308.50      6666.      6929.    362113.   4900.77          0.        0.     6929.
   309.00      6660.      6924.    362101.   4900.77          0.        0.     6924.
   309.50      6655.      6919.    362089.   4900.77          0.        0.     6919.
   310.00      6650.      6914.    362077.   4900.77          0.        0.     6914.
   310.50      6645.      6909.    362065.   4900.76          0.        0.     6909.
   311.00      6641.      6904.    362053.   4900.76          0.        0.     6904.
   311.50      6637.      6899.    362041.   4900.76          0.        0.     6899.
   312.00      6633.      6895.    362029.   4900.76          0.        0.     6895.
   312.50      6630.      6890.    362017.   4900.76          0.        0.     6890.
   313.00      6627.      6885.    362005.   4900.75          0.        0.     6885.
   313.50      6624.      6880.    361993.   4900.75          0.        0.     6880.
   314.00      6621.      6875.    361981.   4900.75          0.        0.     6875.
   314.50      6619.      6871.    361972.   4900.75          0.        0.     6871.
   315.00      6616.      6868.    361963.   4900.75          0.        0.     6868.
   315.50      6614.      6864.    361954.   4900.75          0.        0.     6864.
   316.00      6611.      6860.    361945.   4900.74          0.        0.     6860.
   316.50      6609.      6857.    361936.   4900.74          0.        0.     6857.
   317.00      6607.      6853.    361927.   4900.74          0.        0.     6853.
   317.50      6604.      6849.    361918.   4900.74          0.        0.     6849.
   318.00      6602.      6846.    361909.   4900.74          0.        0.     6846.
   318.50      6600.      6842.    361900.   4900.74          0.        0.     6842.
   319.00      6598.      6838.    361891.   4900.74          0.        0.     6838.
   319.50      6596.      6835.    361882.   4900.73          0.        0.     6835.
   320.00      6594.      6831.    361873.   4900.73          0.        0.     6831.
   320.50      6593.      6827.    361864.   4900.73          0.        0.     6827.
   321.00      6591.      6824.    361855.   4900.73          0.        0.     6824.
   321.50      6589.      6820.    361846.   4900.73          0.        0.     6820.
   322.00      6587.      6816.    361837.   4900.73          0.        0.     6816.
   322.50      6586.      6813.    361828.   4900.73          0.        0.     6813.
   323.00      6584.      6809.    361819.   4900.72          0.        0.     6809.
   323.50      6582.      6805.    361810.   4900.72          0.        0.     6805.
   324.00      6580.      6802.    361801.   4900.72          0.        0.     6802.
   324.50      6579.      6798.    361792.   4900.72          0.        0.     6798.
   325.00      6577.      6794.    361783.   4900.72          0.        0.     6794.
   325.50      6575.      6791.    361774.   4900.72          0.        0.     6791.
   326.00      6574.      6787.    361765.   4900.71          0.        0.     6787.
   326.50      6572.      6783.    361756.   4900.71          0.        0.     6783.
   327.00      6570.      6780.    361747.   4900.71          0.        0.     6780.
   327.50      6569.      6776.    361738.   4900.71          0.        0.     6776.
   328.00      6567.      6772.    361729.   4900.71          0.        0.     6772.
   328.50      6565.      6769.    361720.   4900.71          0.        0.     6769.
   329.00      6563.      6765.    361711.   4900.71          0.        0.     6765.
   329.50      6561.      6761.    361702.   4900.70          0.        0.     6761.
   330.00      6559.      6758.    361693.   4900.70          0.        0.     6758.
   330.50      6557.      6754.    361684.   4900.70          0.        0.     6754.
   331.00      6555.      6750.    361675.   4900.70          0.        0.     6750.
   331.50      6553.      6747.    361666.   4900.70          0.        0.     6747.
   332.00      6551.      6743.    361657.   4900.70          0.        0.     6743.
   332.50      6549.      6740.    361648.   4900.70          0.        0.     6740.
   333.00      6546.      6736.    361639.   4900.69          0.        0.     6736.
   333.50      6544.      6732.    361630.   4900.69          0.        0.     6732.
   334.00      6542.      6729.    361621.   4900.69          0.        0.     6729.
   334.50      6539.      6725.    361612.   4900.69          0.        0.     6725.
   335.00      6536.      6721.    361603.   4900.69          0.        0.     6721.
   335.50      6534.      6718.    361594.   4900.69          0.        0.     6718.
   336.00      6531.      6714.    361585.   4900.69          0.        0.     6714.
   336.50      6528.      6710.    361576.   4900.68          0.        0.     6710.
   337.00      6525.      6708.    361570.   4900.68          0.        0.     6708.
   337.50      6521.      6704.    361561.   4900.68          0.        0.     6704.
   338.00      6518.      6700.    361552.   4900.68          0.        0.     6700.
   338.50      6514.      6697.    361543.   4900.68          0.        0.     6697.
   339.00      6511.      6693.    361534.   4900.68          0.        0.     6693.
   339.50      6507.      6689.    361525.   4900.68          0.        0.     6689.
   340.00      6503.      6686.    361516.   4900.67          0.        0.     6686.
   340.50      6499.      6682.    361507.   4900.67          0.        0.     6682.
   341.00      6495.      6678.    361498.   4900.67          0.        0.     6678.
   341.50      6491.      6675.    361489.   4900.67          0.        0.     6675.
   342.00      6486.      6671.    361480.   4900.67          0.        0.     6671.
   342.50      6482.      6667.    361471.   4900.67          0.        0.     6667.
   343.00      6477.      6664.    361462.   4900.67          0.        0.     6664.
   343.50      6473.      6660.    361453.   4900.66          0.        0.     6660.
   344.00      6468.      6656.    361444.   4900.66          0.        0.     6656.
   344.50      6463.      6653.    361435.   4900.66          0.        0.     6653.
   345.00      6458.      6649.    361426.   4900.66          0.        0.     6649.
   345.50      6453.      6646.    361417.   4900.66          0.        0.     6646.
   346.00      6448.      6642.    361408.   4900.66          0.        0.     6642.
   346.50      6443.      6638.    361399.   4900.66          0.        0.     6638.
   347.00      6437.      6635.    361390.   4900.65          0.        0.     6635.
   347.50      6432.      6631.    361381.   4900.65          0.        0.     6631.
   348.00      6427.      6627.    361372.   4900.65          0.        0.     6627.
   348.50      6421.      6624.    361363.   4900.65          0.        0.     6624.
   349.00      6415.      6620.    361354.   4900.65          0.        0.     6620.
   349.50      6410.      6616.    361345.   4900.65          0.        0.     6616.
   350.00      6404.      6613.    361336.   4900.65          0.        0.     6613.
   350.50      6398.      6609.    361327.   4900.64          0.        0.     6609.
   351.00      6392.      6605.    361318.   4900.64          0.        0.     6605.
   351.50      6386.      6602.    361309.   4900.64          0.        0.     6602.
   352.00      6380.      6598.    361300.   4900.64          0.        0.     6598.
   352.50      6374.      6594.    361291.   4900.64          0.        0.     6594.
   353.00      6368.      6591.    361282.   4900.64          0.        0.     6591.
   353.50      6362.      6587.    361273.   4900.63          0.        0.     6587.
   354.00      6356.      6583.    361263.   4900.63          0.        0.     6583.
   354.50      6350.      6580.    361254.   4900.63          0.        0.     6580.
   355.00      6343.      6576.    361245.   4900.63          0.        0.     6576.
   355.50      6337.      6572.    361236.   4900.63          0.        0.     6572.
   356.00      6331.      6569.    361227.   4900.63          0.        0.     6569.
   356.50      6324.      6565.    361218.   4900.63          0.        0.     6565.
   357.00      6318.      6561.    361209.   4900.62          0.        0.     6561.
   357.50      6311.      6558.    361200.   4900.62          0.        0.     6558.
   358.00      6305.      6554.    361191.   4900.62          0.        0.     6554.
   358.50      6298.      6550.    361182.   4900.62          0.        0.     6550.
   359.00      6292.      6547.    361173.   4900.62          0.        0.     6547.
   359.50      6285.      6542.    361161.   4900.62          0.        0.     6542.
   360.00      6279.      6537.    361149.   4900.61          0.        0.     6537.
1



      INFLOW DATA                           STORAGE DATA
      ***********                           ************
     TIME    INFLOW                     ELEVATION     STORAGE

     0.50      5527.                      4753.20          0.
     1.00      5557.                      4754.00          5.
     1.50      5587.                      4760.00        853.
     2.00      5617.                      4770.00       5056.
     2.50      5647.                      4780.00      11677.
     3.00      5677.                      4790.00      20701.
     3.50      5707.                      4800.00      32214.
     4.00      5737.                      4810.00      46676.
     4.50      5766.                      4820.00      64861.
     5.00      5796.                      4830.00      86629.
     5.50      5825.                      4840.00     112286.
     6.00      5855.                      4850.00     141401.
     6.50      5884.                      4860.00     174439.
     7.00      5913.                      4870.00     212059.
     7.50      5941.                      4880.00     254696.
     8.00      5970.                      4890.00     303066.
     8.50      5999.                      4900.00     357369.
     9.00      6027.                      4910.00     418864.
     9.50      6056.                      4920.00     488871.
    10.00      6084.                      4924.00     519654.
    10.50      6112.                      4924.50     523636.
    11.00      6140.                      4925.00     527626.
    11.50      6167.                      4925.50     531626.
    12.00      6195.                      4926.00     535626.
    12.50      6222.                      4930.00     569747.
    13.00      6249.                      4935.00     604527.
    13.50      6276.
    14.00      6303.
    14.50      6330.
    15.00      6357.
    15.50      6383.
    16.00      6409.
    16.50      6435.
    17.00      6461.
    17.50      6487.
    18.00      6512.
    18.50      6537.
    19.00      6562.
    19.50      6587.
    20.00      6612.
    20.50      6636.
    21.00      6661.
    21.50      6685.
    22.00      6708.
    22.50      6732.
    23.00      6755.
    23.50      6778.
    24.00      6801.
    24.50      6824.
    25.00      6846.
    25.50      6869.
    26.00      6890.
    26.50      6912.
    27.00      6934.
    27.50      6955.
    28.00      6976.
    28.50      6997.
    29.00      7017.
    29.50      7038.
    30.00      7058.
    30.50      7078.
    31.00      7098.
    31.50      7117.
    32.00      7137.
    32.50      7156.
    33.00      7175.
    33.50      7195.
    34.00      7214.
    34.50      7233.
    35.00      7251.
    35.50      7270.
    36.00      7289.
    36.50      7307.
    37.00      7326.
    37.50      7344.
    38.00      7363.
    38.50      7381.
    39.00      7399.
    39.50      7418.
    40.00      7436.
    40.50      7454.
    41.00      7473.
    41.50      7491.
    42.00      7509.
    42.50      7528.
    43.00      7546.
    43.50      7565.
    44.00      7583.
    44.50      7602.
    45.00      7620.
    45.50      7639.
    46.00      7658.
    46.50      7677.
    47.00      7696.
    47.50      7715.
    48.00      7734.
    48.50      7754.
    49.00      7773.
    49.50      7794.
    50.00      7815.
    50.50      7838.
    51.00      7860.
    51.50      7883.
    52.00      7907.
    52.50      7931.
    53.00      7956.
    53.50      7981.
    54.00      8006.
    54.50      8032.
    55.00      8058.
    55.50      8084.
    56.00      8110.
    56.50      8136.
    57.00      8162.
    57.50      8197.
    58.00      8276.
    58.50      8369.
    59.00      8470.
    59.50      8602.
    60.00      8873.
    60.50      9414.
    61.00     10246.
    61.50     11683.
    62.00     16050.
    62.50     50221.
    63.00    102960.
    63.50    126224.
    64.00    141721.
    64.50    155338.
    65.00    168694.
    65.50    182035.
    66.00    194049.
    66.50    204234.
    67.00    213373.
    67.50    222646.
    68.00    232609.
    68.50    242865.
    69.00    252764.
    69.50    261712.
    70.00    269346.
    70.50    275261.
    71.00    279204.
    71.50    281173.
    72.00    281383.
    72.50    280393.
    73.00    278954.
    73.50    277591.
    74.00    276404.
    74.50    275316.
    75.00    274249.
    75.50    273071.
    76.00    271770.
    76.50    270018.
    77.00    266974.
    77.50    262927.
    78.00    258216.
    78.50    252984.
    79.00    247287.
    79.50    241228.
    80.00    234893.
    80.50    228224.
    81.00    221229.
    81.50    213953.
    82.00    206558.
    82.50    199187.
    83.00    191848.
    83.50    184518.
    84.00    177224.
    84.50    169957.
    85.00    162710.
    85.50    155492.
    86.00    148336.
    86.50    141266.
    87.00    134352.
    87.50    127700.
    88.00    121382.
    88.50    115389.
    89.00    109721.
    89.50    104397.
    90.00     99371.
    90.50     94651.
    91.00     90234.
    91.50     86067.
    92.00     82121.
    92.50     78366.
    93.00     74513.
    93.50     70695.
    94.00     66919.
    94.50     63298.
    95.00     59893.
    95.50     56686.
    96.00     53672.
    96.50     50898.
    97.00     48365.
    97.50     46005.
    98.00     43815.
    98.50     41846.
    99.00     40021.
    99.50     38350.
   100.00     36763.
   100.50     35252.
   101.00     33917.
   101.50     32614.
   102.00     31474.
   102.50     30316.
   103.00     29235.
   103.50     28258.
   104.00     27311.
   104.50     26430.
   105.00     25605.
   105.50     24861.
   106.00     24160.
   106.50     23477.
   107.00     22825.
   107.50     22222.
   108.00     21661.
   108.50     21147.
   109.00     20686.
   109.50     20237.
   110.00     19791.
   110.50     19354.
   111.00     18937.
   111.50     18541.
   112.00     18170.
   112.50     17825.
   113.00     17515.
   113.50     17220.
   114.00     16923.
   114.50     16652.
   115.00     16398.
   115.50     16159.
   116.00     15915.
   116.50     15674.
   117.00     15440.
   117.50     15217.
   118.00     15020.
   118.50     14841.
   119.00     14666.
   119.50     14494.
   120.00     14330.
   120.50     14177.
   121.00     14022.
   121.50     13874.
   122.00     13736.
   122.50     13605.
   123.00     13473.
   123.50     13342.
   124.00     13217.
   124.50     13102.
   125.00     12987.
   125.50     12875.
   126.00     12766.
   126.50     12663.
   127.00     12567.
   127.50     12473.
   128.00     12381.
   128.50     12291.
   129.00      8502.
   129.50      8497.
   130.00      8492.
   130.50      8486.
   131.00      8480.
   131.50      8474.
   132.00      8469.
   132.50      8462.
   133.00      8456.
   133.50      8450.
   134.00      8444.
   134.50      8438.
   135.00      8431.
   135.50      8425.
   136.00      8418.
   136.50      8412.
   137.00      8406.
   137.50      8399.
   138.00      8393.
   138.50      8386.
   139.00      8380.
   139.50      8374.
   140.00      8367.
   140.50      8361.
   141.00      8355.
   141.50      8349.
   142.00      8343.
   142.50      8337.
   143.00      8332.
   143.50      8326.
   144.00      8321.
   144.50      8315.
   145.00      8310.
   145.50      8305.
   146.00      8300.
   146.50      8295.
   147.00      8290.
   147.50      8285.
   148.00      8280.
   148.50      8274.
   149.00      8269.
   149.50      8264.
   150.00      8259.
   150.50      8254.
   151.00      8249.
   151.50      8244.
   152.00      8239.
   152.50      8234.
   153.00      8229.
   153.50      8224.
   154.00      8219.
   154.50      8214.
   155.00      8209.
   155.50      8204.
   156.00      8199.
   156.50      8194.
   157.00      8189.
   157.50      8183.
   158.00      8178.
   158.50      8173.
   159.00      8168.
   159.50      8163.
   160.00      8157.
   160.50      8152.
   161.00      8147.
   161.50      8141.
   162.00      8136.
   162.50      8130.
   163.00      8125.
   163.50      8119.
   164.00      8113.
   164.50      8108.
   165.00      8102.
   165.50      8096.
   166.00      8090.
   166.50      8084.
   167.00      8078.
   167.50      8072.
   168.00      8066.
   168.50      8060.
   169.00      8054.
   169.50      8047.
   170.00      8040.
   170.50      8032.
   171.00      8024.
   171.50      8016.
   172.00      8008.
   172.50      7999.
   173.00      7990.
   173.50      7981.
   174.00      7972.
   174.50      7962.
   175.00      7953.
   175.50      7943.
   176.00      7933.
   176.50      7923.
   177.00      7913.
   177.50      7903.
   178.00      7893.
   178.50      7883.
   179.00      7873.
   179.50      7864.
   180.00      7854.
   180.50      7844.
   181.00      7834.
   181.50      7825.
   182.00      7816.
   182.50      7807.
   183.00      7798.
   183.50      7789.
   184.00      7781.
   184.50      7773.
   185.00      7765.
   185.50      7758.
   186.00      7751.
   186.50      7744.
   187.00      7738.
   187.50      7732.
   188.00      7727.
   188.50      7722.
   189.00      7718.
   189.50      7714.
   190.00      7710.
   190.50      7708.
   191.00      7705.
   191.50      7704.
   192.00      7703.
   192.50      7703.
   193.00      7703.
   193.50      7703.
   194.00      7703.
   194.50      7703.
   195.00      7703.
   195.50      7703.
   196.00      7703.
   196.50      7703.
   197.00      7703.
   197.50      7703.
   198.00      7703.
   198.50      7703.
   199.00      7703.
   199.50      7703.
   200.00      7703.
   200.50      7703.
   201.00      7703.
   201.50      7703.
   202.00      7703.
   202.50      7703.
   203.00      7703.
   203.50      7703.
   204.00      7703.
   204.50      7703.
   205.00      7703.
   205.50      7703.
   206.00      7703.
   206.50      7703.
   207.00      7703.
   207.50      7703.
   208.00      7703.
   208.50      7703.
   209.00      7703.
   209.50      7703.
   210.00      7703.
   210.50      7703.
   211.00      7703.
   211.50      7703.
   212.00      7703.
   212.50      7703.
   213.00      7703.
   213.50      7703.
   214.00      7703.
   214.50      7703.
   215.00      7703.
   215.50      7703.
   216.00      7703.
   216.50      7703.
   217.00      7702.
   217.50      7702.
   218.00      7700.
   218.50      7699.
   219.00      7697.
   219.50      7694.
   220.00      7692.
   220.50      7688.
   221.00      7685.
   221.50      7681.
   222.00      7677.
   222.50      7672.
   223.00      7667.
   223.50      7662.
   224.00      7656.
   224.50      7650.
   225.00      7644.
   225.50      7638.
   226.00      7631.
   226.50      7624.
   227.00      7617.
   227.50      7610.
   228.00      7603.
   228.50      7595.
   229.00      7587.
   229.50      7579.
   230.00      7571.
   230.50      7562.
   231.00      7554.
   231.50      7545.
   232.00      7537.
   232.50      7528.
   233.00      7519.
   233.50      7510.
   234.00      7501.
   234.50      7492.
   235.00      7483.
   235.50      7474.
   236.00      7465.
   236.50      7456.
   237.00      7447.
   237.50      7438.
   238.00      7429.
   238.50      7420.
   239.00      7412.
   239.50      7403.
   240.00      7394.
   240.50      7386.
   241.00      7377.
   241.50      7367.
   242.00      7357.
   242.50      7346.
   243.00      7335.
   243.50      7323.
   244.00      7310.
   244.50      7297.
   245.00      7284.
   245.50      7270.
   246.00      7256.
   246.50      7241.
   247.00      7226.
   247.50      7211.
   248.00      7196.
   248.50      7180.
   249.00      7164.
   249.50      7149.
   250.00      7133.
   250.50      7117.
   251.00      7101.
   251.50      7085.
   252.00      7070.
   252.50      7054.
   253.00      7039.
   253.50      7024.
   254.00      7009.
   254.50      6994.
   255.00      6980.
   255.50      6966.
   256.00      6953.
   256.50      6940.
   257.00      6927.
   257.50      6915.
   258.00      6904.
   258.50      6893.
   259.00      6883.
   259.50      6873.
   260.00      6864.
   260.50      6856.
   261.00      6849.
   261.50      6843.
   262.00      6837.
   262.50      6832.
   263.00      6829.
   263.50      6826.
   264.00      6825.
   264.50      6824.
   265.00      6824.
   265.50      6824.
   266.00      6825.
   266.50      6825.
   267.00      6826.
   267.50      6827.
   268.00      6828.
   268.50      6829.
   269.00      6830.
   269.50      6831.
   270.00      6832.
   270.50      6834.
   271.00      6835.
   271.50      6837.
   272.00      6838.
   272.50      6840.
   273.00      6842.
   273.50      6843.
   274.00      6845.
   274.50      6847.
   275.00      6849.
   275.50      6851.
   276.00      6853.
   276.50      6855.
   277.00      6857.
   277.50      6858.
   278.00      6860.
   278.50      6862.
   279.00      6864.
   279.50      6866.
   280.00      6868.
   280.50      6869.
   281.00      6871.
   281.50      6873.
   282.00      6874.
   282.50      6876.
   283.00      6877.
   283.50      6878.
   284.00      6880.
   284.50      6881.
   285.00      6882.
   285.50      6883.
   286.00      6883.
   286.50      6884.
   287.00      6885.
   287.50      6885.
   288.00      6885.
   288.50      6885.
   289.00      6885.
   289.50      6884.
   290.00      6883.
   290.50      6881.
   291.00      6879.
   291.50      6876.
   292.00      6873.
   292.50      6870.
   293.00      6866.
   293.50      6862.
   294.00      6857.
   294.50      6852.
   295.00      6847.
   295.50      6842.
   296.00      6836.
   296.50      6830.
   297.00      6824.
   297.50      6817.
   298.00      6811.
   298.50      6804.
   299.00      6797.
   299.50      6790.
   300.00      6783.
   300.50      6776.
   301.00      6769.
   301.50      6761.
   302.00      6754.
   302.50      6747.
   303.00      6739.
   303.50      6732.
   304.00      6725.
   304.50      6718.
   305.00      6711.
   305.50      6704.
   306.00      6697.
   306.50      6690.
   307.00      6684.
   307.50      6678.
   308.00      6672.
   308.50      6666.
   309.00      6660.
   309.50      6655.
   310.00      6650.
   310.50      6645.
   311.00      6641.
   311.50      6637.
   312.00      6633.
   312.50      6630.
   313.00      6627.
   313.50      6624.
   314.00      6621.
   314.50      6619.
   315.00      6616.
   315.50      6614.
   316.00      6611.
   316.50      6609.
   317.00      6607.
   317.50      6604.
   318.00      6602.
   318.50      6600.
   319.00      6598.
   319.50      6596.
   320.00      6594.
   320.50      6593.
   321.00      6591.
   321.50      6589.
   322.00      6587.
   322.50      6586.
   323.00      6584.
   323.50      6582.
   324.00      6580.
   324.50      6579.
   325.00      6577.
   325.50      6575.
   326.00      6574.
   326.50      6572.
   327.00      6570.
   327.50      6569.
   328.00      6567.
   328.50      6565.
   329.00      6563.
   329.50      6561.
   330.00      6559.
   330.50      6557.
   331.00      6555.
   331.50      6553.
   332.00      6551.
   332.50      6549.
   333.00      6546.
   333.50      6544.
   334.00      6542.
   334.50      6539.
   335.00      6536.
   335.50      6534.
   336.00      6531.
   336.50      6528.
   337.00      6525.
   337.50      6521.
   338.00      6518.
   338.50      6514.
   339.00      6511.
   339.50      6507.
   340.00      6503.
   340.50      6499.
   341.00      6495.
   341.50      6491.
   342.00      6486.
   342.50      6482.
   343.00      6477.
   343.50      6473.
   344.00      6468.
   344.50      6463.
   345.00      6458.
   345.50      6453.
   346.00      6448.
   346.50      6443.
   347.00      6437.
   347.50      6432.
   348.00      6427.
   348.50      6421.
   349.00      6415.
   349.50      6410.
   350.00      6404.
   350.50      6398.
   351.00      6392.
   351.50      6386.
   352.00      6380.
   352.50      6374.
   353.00      6368.
   353.50      6362.
   354.00      6356.
   354.50      6350.
   355.00      6343.
   355.50      6337.
   356.00      6331.
   356.50      6324.
   357.00      6318.
   357.50      6311.
   358.00      6305.
   358.50      6298.
   359.00      6292.
   359.50      6285.
   360.00      6279.
1


  DISCHARGE VS ELEVATION
  **********************
  ELEVATION  DISCHARGE

    4880.49      5000.
    4890.00      5000.
    4898.70      5000.
    4900.00      5000.
    4902.00     10000.
    4904.00     22500.
    4906.00     37500.
    4908.00     56000.
    4910.00     77000.
    4912.00    100000.
    4914.00    125000.
    4916.00    153000.
    4920.00    212000.
    4924.00    270000.
    4928.00    328000.
    4930.00    357000.
    4935.00    429500.