
                     UNITED STATES BUREAU OF RECLAMATION
                       ENGINEERING AND RESEARCH CENTER

                            FLOOD ROUTING FOR DAMS
                            ----------------------

      FEATURE: Pueblo Dam                               DATE    **/ 1/  26
      FLOOD: TREX Test Run & PMF snow                   TIME    **:**:03.**
      TITLE: Full TREX Routing             
      DATA FILE: fs5-7sn.in                                                     

      FLOOD ROUTING SUMMARY
      *********************

         BEGINNING HOUR OF ROUTING.......................      0.50
         ENDING HOUR OF ROUTING..........................    360.00
         INITIAL RESERVOIR ELEVATION.....................   4880.49 FT
         MINIMUM OR NORMAL POOL ELEV.....................   4880.49 FT
         MAXIMUM RESERVOIR ELEVATION.....   4915.51 AT HOUR   83.00
         INFLOW PEAK DISCHARGE...........   208269. AT HOUR   72.50
         MAXIMUM TOTAL OUTFLOW...........   146089. AT HOUR   83.00
         ELEVATION TOLERANCE.............................    0.0100 FT
         INFLOW HYDROGRAPH ADJUSTMENT FACTOR.............      1.00
         IPC OPTIONS (1 TO 10)...........................3100100021

      WATERWAY PARAMETERS
      *******************

         WATERWAY NO. 1 - Top of Dam                    

         TYPE-BROAD OR SHARP CRESTED WEIR
         CONSTANT DISCHARGE COEFFICIENT..................      2.67
         CREST ELEVATION.................................   4925.25 FT
         CREST LENGTH....................................   1200.50 FT
         MAXIMUM DISCHARGE...............        0. AT HOUR    0.50

         WATERWAY NO. 2 - Embankment "wings"            

         TYPE-BROAD OR SHARP CRESTED WEIR
         CONSTANT DISCHARGE COEFFICIENT..................      2.62
         CREST ELEVATION.................................   4925.00 FT
         CREST LENGTH....................................   8480.00 FT
         MAXIMUM DISCHARGE...............        0. AT HOUR    0.50
1

                     ROUTING RESULTS                          DISCHARGE RESULTS
                     ***************                          *****************

    TIME     INFLOW    OUTFLOW    STORAGE   ELEVATION        WATERWAY         RATING
                                                           1         2        CURVE

     0.50      5527.      5000.    257067.   4880.49          0.        0.     5000.
     1.00      5557.      5000.    257089.   4880.49          0.        0.     5000.
     1.50      5587.      5000.    257112.   4880.50          0.        0.     5000.
     2.00      5617.      5000.    257138.   4880.50          0.        0.     5000.
     2.50      5647.      5000.    257164.   4880.51          0.        0.     5000.
     3.00      5677.      5000.    257192.   4880.52          0.        0.     5000.
     3.50      5707.      5000.    257221.   4880.52          0.        0.     5000.
     4.00      5737.      5000.    257251.   4880.53          0.        0.     5000.
     4.50      5766.      5000.    257282.   4880.53          0.        0.     5000.
     5.00      5796.      5000.    257315.   4880.54          0.        0.     5000.
     5.50      5825.      5000.    257348.   4880.55          0.        0.     5000.
     6.00      5855.      5000.    257384.   4880.56          0.        0.     5000.
     6.50      5884.      5000.    257419.   4880.56          0.        0.     5000.
     7.00      5913.      5000.    257457.   4880.57          0.        0.     5000.
     7.50      5941.      5000.    257495.   4880.58          0.        0.     5000.
     8.00      5970.      5000.    257535.   4880.59          0.        0.     5000.
     8.50      5999.      5000.    257575.   4880.60          0.        0.     5000.
     9.00      6027.      5000.    257618.   4880.60          0.        0.     5000.
     9.50      6056.      5000.    257660.   4880.61          0.        0.     5000.
    10.00      6084.      5000.    257705.   4880.62          0.        0.     5000.
    10.50      6112.      5000.    257750.   4880.63          0.        0.     5000.
    11.00      6140.      5000.    257797.   4880.64          0.        0.     5000.
    11.50      6167.      5000.    257844.   4880.65          0.        0.     5000.
    12.00      6195.      5000.    257894.   4880.66          0.        0.     5000.
    12.50      6222.      5000.    257944.   4880.67          0.        0.     5000.
    13.00      6249.      5000.    257995.   4880.68          0.        0.     5000.
    13.50      6276.      5000.    258047.   4880.69          0.        0.     5000.
    14.00      6303.      5000.    258102.   4880.70          0.        0.     5000.
    14.50      6330.      5000.    258156.   4880.72          0.        0.     5000.
    15.00      6357.      5000.    258213.   4880.73          0.        0.     5000.
    15.50      6383.      5000.    258269.   4880.74          0.        0.     5000.
    16.00      6409.      5000.    258326.   4880.75          0.        0.     5000.
    16.50      6435.      5000.    258385.   4880.76          0.        0.     5000.
    17.00      6461.      5000.    258444.   4880.77          0.        0.     5000.
    17.50      6487.      5000.    258506.   4880.79          0.        0.     5000.
    18.00      6512.      5000.    258567.   4880.80          0.        0.     5000.
    18.50      6537.      5000.    258631.   4880.81          0.        0.     5000.
    19.00      6562.      5000.    258695.   4880.83          0.        0.     5000.
    19.50      6587.      5000.    258761.   4880.84          0.        0.     5000.
    20.00      6612.      5000.    258827.   4880.85          0.        0.     5000.
    20.50      6636.      5000.    258893.   4880.87          0.        0.     5000.
    21.00      6661.      5000.    258961.   4880.88          0.        0.     5000.
    21.50      6685.      5000.    259030.   4880.90          0.        0.     5000.
    22.00      6708.      5000.    259101.   4880.91          0.        0.     5000.
    22.50      6732.      5000.    259172.   4880.93          0.        0.     5000.
    23.00      6755.      5000.    259245.   4880.94          0.        0.     5000.
    23.50      6778.      5000.    259318.   4880.96          0.        0.     5000.
    24.00      6801.      5000.    259391.   4880.97          0.        0.     5000.
    24.50      6824.      5000.    259467.   4880.99          0.        0.     5000.
    25.00      6846.      5000.    259542.   4881.00          0.        0.     5000.
    25.50      6869.      5000.    259618.   4881.02          0.        0.     5000.
    26.00      6890.      5000.    259696.   4881.03          0.        0.     5000.
    26.50      6912.      5000.    259774.   4881.05          0.        0.     5000.
    27.00      6934.      5000.    259854.   4881.07          0.        0.     5000.
    27.50      6955.      5000.    259935.   4881.08          0.        0.     5000.
    28.00      6976.      5000.    260015.   4881.10          0.        0.     5000.
    28.50      6997.      5000.    260097.   4881.12          0.        0.     5000.
    29.00      7017.      5000.    260180.   4881.13          0.        0.     5000.
    29.50      7038.      5000.    260263.   4881.15          0.        0.     5000.
    30.00      7058.      5000.    260348.   4881.17          0.        0.     5000.
    30.50      7078.      5000.    260433.   4881.19          0.        0.     5000.
    31.00      7098.      5000.    260520.   4881.20          0.        0.     5000.
    31.50      7117.      5000.    260608.   4881.22          0.        0.     5000.
    32.00      7137.      5000.    260695.   4881.24          0.        0.     5000.
    32.50      7156.      5000.    260785.   4881.26          0.        0.     5000.
    33.00      7175.      5000.    260875.   4881.28          0.        0.     5000.
    33.50      7195.      5000.    260964.   4881.30          0.        0.     5000.
    34.00      7214.      5000.    261056.   4881.31          0.        0.     5000.
    34.50      7233.      5000.    261148.   4881.33          0.        0.     5000.
    35.00      7251.      5000.    261241.   4881.35          0.        0.     5000.
    35.50      7270.      5000.    261335.   4881.37          0.        0.     5000.
    36.00      7289.      5000.    261430.   4881.39          0.        0.     5000.
    36.50      7307.      5000.    261524.   4881.41          0.        0.     5000.
    37.00      7326.      5000.    261621.   4881.43          0.        0.     5000.
    37.50      7344.      5000.    261718.   4881.45          0.        0.     5000.
    38.00      7363.      5000.    261815.   4881.47          0.        0.     5000.
    38.50      7381.      5000.    261914.   4881.49          0.        0.     5000.
    39.00      7399.      5000.    262013.   4881.51          0.        0.     5000.
    39.50      7418.      5000.    262112.   4881.53          0.        0.     5000.
    40.00      7436.      5000.    262211.   4881.55          0.        0.     5000.
    40.50      7454.      5000.    262313.   4881.57          0.        0.     5000.
    41.00      7473.      5000.    262414.   4881.60          0.        0.     5000.
    41.50      7491.      5000.    262516.   4881.62          0.        0.     5000.
    42.00      7509.      5000.    262620.   4881.64          0.        0.     5000.
    42.50      7528.      5000.    262724.   4881.66          0.        0.     5000.
    43.00      7546.      5000.    262828.   4881.68          0.        0.     5000.
    43.50      7565.      5000.    262934.   4881.70          0.        0.     5000.
    44.00      7583.      5000.    263040.   4881.73          0.        0.     5000.
    44.50      7602.      5000.    263147.   4881.75          0.        0.     5000.
    45.00      7620.      5000.    263255.   4881.77          0.        0.     5000.
    45.50      7639.      5000.    263364.   4881.79          0.        0.     5000.
    46.00      7658.      5000.    263473.   4881.81          0.        0.     5000.
    46.50      7677.      5000.    263584.   4881.84          0.        0.     5000.
    47.00      7696.      5000.    263695.   4881.86          0.        0.     5000.
    47.50      7715.      5000.    263806.   4881.88          0.        0.     5000.
    48.00      7734.      5000.    263919.   4881.91          0.        0.     5000.
    48.50      7754.      5000.    264032.   4881.93          0.        0.     5000.
    49.00      7773.      5000.    264146.   4881.95          0.        0.     5000.
    49.50      7794.      5000.    264261.   4881.98          0.        0.     5000.
    50.00      7815.      5000.    264377.   4882.00          0.        0.     5000.
    50.50      7838.      5000.    264493.   4882.03          0.        0.     5000.
    51.00      7860.      5000.    264611.   4882.05          0.        0.     5000.
    51.50      7883.      5000.    264729.   4882.07          0.        0.     5000.
    52.00      7907.      5000.    264849.   4882.10          0.        0.     5000.
    52.50      7931.      5000.    264970.   4882.12          0.        0.     5000.
    53.00      7956.      5000.    265090.   4882.15          0.        0.     5000.
    53.50      7981.      5000.    265213.   4882.17          0.        0.     5000.
    54.00      8006.      5000.    265336.   4882.20          0.        0.     5000.
    54.50      8032.      5000.    265461.   4882.23          0.        0.     5000.
    55.00      8058.      5000.    265586.   4882.25          0.        0.     5000.
    55.50      8084.      5000.    265714.   4882.28          0.        0.     5000.
    56.00      8110.      5000.    265841.   4882.30          0.        0.     5000.
    56.50      8136.      5000.    265971.   4882.33          0.        0.     5000.
    57.00      8162.      5000.    266101.   4882.36          0.        0.     5000.
    57.50      8196.      5000.    266233.   4882.39          0.        0.     5000.
    58.00      8246.      5000.    266366.   4882.41          0.        0.     5000.
    58.50      8318.      5000.    266500.   4882.44          0.        0.     5000.
    59.00      8395.      5000.    266640.   4882.47          0.        0.     5000.
    59.50      8481.      5000.    266781.   4882.50          0.        0.     5000.
    60.00      8607.      5000.    266928.   4882.53          0.        0.     5000.
    60.50      8860.      5000.    267081.   4882.56          0.        0.     5000.
    61.00      9304.      5000.    267249.   4882.60          0.        0.     5000.
    61.50      9924.      5000.    267440.   4882.63          0.        0.     5000.
    62.00     10926.      5000.    267665.   4882.68          0.        0.     5000.
    62.50     13180.      5000.    267955.   4882.74          0.        0.     5000.
    63.00     22547.      5000.    268487.   4882.85          0.        0.     5000.
    63.50     73116.      5000.    270256.   4883.22          0.        0.     5000.
    64.00     99403.      5000.    273614.   4883.91          0.        0.     5000.
    64.50    113156.      5000.    277799.   4884.78          0.        0.     5000.
    65.00    123676.      5000.    282485.   4885.75          0.        0.     5000.
    65.50    133150.      5000.    287584.   4886.80          0.        0.     5000.
    66.00    142335.      5000.    293068.   4887.93          0.        0.     5000.
    66.50    151427.      5000.    298930.   4889.15          0.        0.     5000.
    67.00    159932.      5000.    305158.   4890.39          0.        0.     5000.
    67.50    167255.      5000.    311713.   4891.59          0.        0.     5000.
    68.00    173568.      5000.    318548.   4892.85          0.        0.     5000.
    68.50    179399.      5000.    325633.   4894.16          0.        0.     5000.
    69.00    185244.      5000.    332959.   4895.50          0.        0.     5000.
    69.50    191091.      5000.    340529.   4896.90          0.        0.     5000.
    70.00    196556.      5000.    348333.   4898.34          0.        0.     5000.
    70.50    201086.      5000.    356343.   4899.81          0.        0.     5000.
    71.00    204416.      7881.    364455.   4901.15          0.        0.     7881.
    71.50    206613.     12896.    372518.   4902.46          0.        0.    12896.
    72.00    207816.     20889.    380382.   4903.74          0.        0.    20889.
    72.50    208269.     29773.    387930.   4904.97          0.        0.    29773.
    73.00    208253.     38792.    395125.   4906.14          0.        0.    38792.
    73.50    207994.     48999.    401911.   4907.24          0.        0.    48999.
    74.00    207547.     58917.    408274.   4908.28          0.        0.    58917.
    74.50    206839.     69022.    414192.   4909.24          0.        0.    69022.
    75.00    205861.     78331.    419674.   4910.12          0.        0.    78331.
    75.50    204610.     86664.    424747.   4910.84          0.        0.    86664.
    76.00    202925.     94351.    429427.   4911.51          0.        0.    94351.
    76.50    200644.    101526.    433720.   4912.12          0.        0.   101526.
    77.00    197801.    108478.    437613.   4912.68          0.        0.   108478.
    77.50    194519.    114716.    441107.   4913.18          0.        0.   114716.
    78.00    190925.    120264.    444214.   4913.62          0.        0.   120264.
    78.50    187113.    125178.    446956.   4914.01          0.        0.   125178.
    79.00    183118.    129936.    449335.   4914.35          0.        0.   129936.
    79.50    178932.    133989.    451362.   4914.64          0.        0.   133989.
    80.00    174651.    137387.    453061.   4914.88          0.        0.   137387.
    80.50    170525.    140183.    454459.   4915.08          0.        0.   140183.
    81.00    166139.    142418.    455577.   4915.24          0.        0.   142418.
    81.50    161256.    144106.    456421.   4915.36          0.        0.   144106.
    82.00    156081.    145262.    456999.   4915.45          0.        0.   145262.
    82.50    150817.    145911.    457323.   4915.49          0.        0.   145911.
    83.00    145551.    146089.    457412.   4915.51          0.        0.   146089.
    83.50    140269.    145836.    457286.   4915.49          0.        0.   145836.
    84.00    134964.    145187.    456961.   4915.44          0.        0.   145187.
    84.50    129657.    144168.    456452.   4915.37          0.        0.   144168.
    85.00    124340.    142808.    455772.   4915.27          0.        0.   142808.
    85.50    119038.    141133.    454934.   4915.15          0.        0.   141133.
    86.00    113790.    139171.    453953.   4915.01          0.        0.   139171.
    86.50    108626.    136949.    452842.   4914.85          0.        0.   136949.
    87.00    103557.    134502.    451618.   4914.68          0.        0.   134502.
    87.50     98650.    131850.    450292.   4914.49          0.        0.   131850.
    88.00     93938.    129026.    448880.   4914.29          0.        0.   129026.
    88.50     89421.    126060.    447397.   4914.08          0.        0.   126060.
    89.00     85146.    123199.    445858.   4913.86          0.        0.   123199.
    89.50     81097.    120349.    444262.   4913.63          0.        0.   120349.
    90.00     77276.    117419.    442621.   4913.39          0.        0.   117419.
    90.50     73668.    114435.    440950.   4913.15          0.        0.   114435.
    91.00     70268.    111414.    439258.   4912.91          0.        0.   111414.
    91.50     67047.    108374.    437555.   4912.67          0.        0.   108374.
    92.00     64007.    105322.    435846.   4912.43          0.        0.   105322.
    92.50     61130.    102283.    434144.   4912.18          0.        0.   102283.
    93.00     58197.     99309.    432445.   4911.94          0.        0.    99309.
    93.50     55336.     96519.    430746.   4911.70          0.        0.    96519.
    94.00     52558.     93722.    429044.   4911.45          0.        0.    93722.
    94.50     49911.     90931.    427345.   4911.21          0.        0.    90931.
    95.00     47425.     88157.    425656.   4910.97          0.        0.    88157.
    95.50     45103.     85406.    423981.   4910.73          0.        0.    85406.
    96.00     42953.     82688.    422327.   4910.49          0.        0.    82688.
    96.50     40969.     80015.    420700.   4910.26          0.        0.    80015.
    97.00     39104.     77393.    419103.   4910.03          0.        0.    77393.
    97.50     37398.     74739.    417540.   4909.78          0.        0.    74739.
    98.00     35752.     72140.    416017.   4909.54          0.        0.    72140.
    98.50     34283.     69612.    414537.   4909.30          0.        0.    69612.
    99.00     32851.     67156.    413099.   4909.06          0.        0.    67156.
    99.50     31611.     64777.    411706.   4908.84          0.        0.    64777.
   100.00     30375.     62475.    410357.   4908.62          0.        0.    62475.
   100.50     29237.     60250.    409054.   4908.40          0.        0.    60250.
   101.00     28217.     58102.    407796.   4908.20          0.        0.    58102.
   101.50     27227.     56031.    406583.   4908.00          0.        0.    56031.
   102.00     26298.     54270.    405415.   4907.81          0.        0.    54270.
   102.50     25425.     52558.    404277.   4907.63          0.        0.    52558.
   103.00     24670.     50901.    403175.   4907.45          0.        0.    50901.
   103.50     23935.     49297.    402109.   4907.28          0.        0.    49297.
   104.00     23231.     47748.    401079.   4907.11          0.        0.    47748.
   104.50     22571.     46249.    400082.   4906.95          0.        0.    46249.
   105.00     21961.     44803.    399121.   4906.79          0.        0.    44803.
   105.50     21393.     43408.    398194.   4906.64          0.        0.    43408.
   106.00     20891.     42066.    397302.   4906.49          0.        0.    42066.
   106.50     20415.     40775.    396443.   4906.35          0.        0.    40775.
   107.00     19942.     39532.    395617.   4906.22          0.        0.    39532.
   107.50     19479.     38336.    394822.   4906.09          0.        0.    38336.
   108.00     19032.     37244.    394056.   4905.97          0.        0.    37244.
   108.50     18611.     36339.    393314.   4905.85          0.        0.    36339.
   109.00     18214.     35457.    392591.   4905.73          0.        0.    35457.
   109.50     17848.     34600.    391888.   4905.61          0.        0.    34600.
   110.00     17518.     33768.    391206.   4905.50          0.        0.    33768.
   110.50     17204.     32963.    390546.   4905.40          0.        0.    32963.
   111.00     16892.     32179.    389903.   4905.29          0.        0.    32179.
   111.50     16613.     31421.    389282.   4905.19          0.        0.    31421.
   112.00     16354.     30685.    388678.   4905.09          0.        0.    30685.
   112.50     16105.     29974.    388095.   4905.00          0.        0.    29974.
   113.00     15854.     29286.    387531.   4904.90          0.        0.    29286.
   113.50     15606.     28619.    386985.   4904.82          0.        0.    28619.
   114.00     15364.     27975.    386456.   4904.73          0.        0.    27975.
   114.50     15142.     27349.    385943.   4904.65          0.        0.    27349.
   115.00     14947.     26744.    385447.   4904.57          0.        0.    26744.
   115.50     14764.     26158.    384967.   4904.49          0.        0.    26158.
   116.00     14582.     25594.    384504.   4904.41          0.        0.    25594.
   116.50     14403.     25049.    384057.   4904.34          0.        0.    25049.
   117.00     14243.     24521.    383624.   4904.27          0.        0.    24521.
   117.50     14084.     24012.    383207.   4904.20          0.        0.    24012.
   118.00     13928.     23522.    382805.   4904.14          0.        0.    23522.
   118.50     13781.     23046.    382414.   4904.07          0.        0.    23046.
   119.00     13646.     22588.    382039.   4904.01          0.        0.    22588.
   119.50     13511.     22204.    381676.   4903.95          0.        0.    22204.
   120.00     13377.     21844.    381321.   4903.90          0.        0.    21844.
   120.50     13248.     21493.    380976.   4903.84          0.        0.    21493.
   121.00     13130.     21151.    380640.   4903.78          0.        0.    21151.
   121.50     13014.     20818.    380313.   4903.73          0.        0.    20818.
   122.00     12899.     20495.    379994.   4903.68          0.        0.    20495.
   122.50     12788.     20181.    379685.   4903.63          0.        0.    20181.
   123.00     12683.     19875.    379385.   4903.58          0.        0.    19875.
   123.50     12585.     19576.    379090.   4903.53          0.        0.    19576.
   124.00     12489.     19287.    378805.   4903.49          0.        0.    19287.
   124.50     12395.     19006.    378529.   4903.44          0.        0.    19006.
   125.00     12302.     18731.    378259.   4903.40          0.        0.    18731.
   125.50     12213.     18466.    377997.   4903.35          0.        0.    18466.
   126.00     12127.     18206.    377742.   4903.31          0.        0.    18206.
   126.50     12043.     17953.    377493.   4903.27          0.        0.    17953.
   127.00     11962.     17709.    377253.   4903.23          0.        0.    17709.
   127.50     11882.     17471.    377019.   4903.20          0.        0.    17471.
   128.00     11806.     17239.    376790.   4903.16          0.        0.    17239.
   128.50     11731.     17013.    376568.   4903.12          0.        0.    17013.
   129.00      8502.     16729.    376289.   4903.08          0.        0.    16729.
   129.50      8497.     16390.    375956.   4903.02          0.        0.    16390.
   130.00      8492.     16067.    375637.   4902.97          0.        0.    16067.
   130.50      8486.     15756.    375331.   4902.92          0.        0.    15756.
   131.00      8480.     15457.    375037.   4902.87          0.        0.    15457.
   131.50      8474.     15170.    374755.   4902.83          0.        0.    15170.
   132.00      8469.     14895.    374484.   4902.78          0.        0.    14895.
   132.50      8462.     14630.    374223.   4902.74          0.        0.    14630.
   133.00      8456.     14376.    373974.   4902.70          0.        0.    14376.
   133.50      8450.     14132.    373734.   4902.66          0.        0.    14132.
   134.00      8444.     13897.    373502.   4902.62          0.        0.    13897.
   134.50      8438.     13671.    373280.   4902.59          0.        0.    13671.
   135.00      8431.     13455.    373067.   4902.55          0.        0.    13455.
   135.50      8425.     13247.    372863.   4902.52          0.        0.    13247.
   136.00      8418.     13049.    372668.   4902.49          0.        0.    13049.
   136.50      8412.     12859.    372482.   4902.46          0.        0.    12859.
   137.00      8406.     12676.    372301.   4902.43          0.        0.    12676.
   137.50      8399.     12499.    372127.   4902.40          0.        0.    12499.
   138.00      8393.     12332.    371962.   4902.37          0.        0.    12332.
   138.50      8386.     12170.    371803.   4902.35          0.        0.    12170.
   139.00      8380.     12014.    371650.   4902.32          0.        0.    12014.
   139.50      8374.     11865.    371503.   4902.30          0.        0.    11865.
   140.00      8367.     11721.    371362.   4902.28          0.        0.    11721.
   140.50      8361.     11584.    371226.   4902.25          0.        0.    11584.
   141.00      8355.     11453.    371097.   4902.23          0.        0.    11453.
   141.50      8349.     11324.    370971.   4902.21          0.        0.    11324.
   142.00      8343.     11202.    370851.   4902.19          0.        0.    11202.
   142.50      8337.     11083.    370734.   4902.17          0.        0.    11083.
   143.00      8332.     10970.    370623.   4902.16          0.        0.    10970.
   143.50      8326.     10861.    370515.   4902.14          0.        0.    10861.
   144.00      8321.     10757.    370413.   4902.12          0.        0.    10757.
   144.50      8315.     10656.    370314.   4902.10          0.        0.    10656.
   145.00      8310.     10558.    370218.   4902.09          0.        0.    10558.
   145.50      8305.     10467.    370127.   4902.07          0.        0.    10467.
   146.00      8300.     10378.    370040.   4902.06          0.        0.    10378.
   146.50      8295.     10293.    369956.   4902.05          0.        0.    10293.
   147.00      8290.     10211.    369875.   4902.03          0.        0.    10211.
   147.50      8285.     10131.    369797.   4902.02          0.        0.    10131.
   148.00      8280.     10055.    369722.   4902.01          0.        0.    10055.
   148.50      8274.      9993.    369650.   4902.00          0.        0.     9993.
   149.00      8269.      9963.    369578.   4901.99          0.        0.     9963.
   149.50      8264.      9935.    369509.   4901.97          0.        0.     9935.
   150.00      8259.      9907.    369440.   4901.96          0.        0.     9907.
   150.50      8254.      9879.    369371.   4901.95          0.        0.     9879.
   151.00      8249.      9852.    369305.   4901.94          0.        0.     9852.
   151.50      8244.      9825.    369239.   4901.93          0.        0.     9825.
   152.00      8239.      9799.    369173.   4901.92          0.        0.     9799.
   152.50      8234.      9773.    369110.   4901.91          0.        0.     9773.
   153.00      8229.      9747.    369046.   4901.90          0.        0.     9747.
   153.50      8224.      9722.    368983.   4901.89          0.        0.     9722.
   154.00      8219.      9697.    368923.   4901.88          0.        0.     9697.
   154.50      8214.      9673.    368863.   4901.87          0.        0.     9673.
   155.00      8209.      9648.    368803.   4901.86          0.        0.     9648.
   155.50      8204.      9624.    368743.   4901.85          0.        0.     9624.
   156.00      8199.      9601.    368686.   4901.84          0.        0.     9601.
   156.50      8194.      9578.    368629.   4901.83          0.        0.     9578.
   157.00      8189.      9554.    368572.   4901.82          0.        0.     9554.
   157.50      8183.      9531.    368515.   4901.81          0.        0.     9531.
   158.00      8178.      9509.    368461.   4901.80          0.        0.     9509.
   158.50      8173.      9487.    368407.   4901.79          0.        0.     9487.
   159.00      8168.      9465.    368353.   4901.79          0.        0.     9465.
   159.50      8163.      9443.    368299.   4901.78          0.        0.     9443.
   160.00      8157.      9421.    368245.   4901.77          0.        0.     9421.
   160.50      8152.      9401.    368194.   4901.76          0.        0.     9401.
   161.00      8147.      9380.    368143.   4901.75          0.        0.     9380.
   161.50      8141.      9359.    368092.   4901.74          0.        0.     9359.
   162.00      8136.      9338.    368041.   4901.74          0.        0.     9338.
   162.50      8130.      9319.    367993.   4901.73          0.        0.     9319.
   163.00      8125.      9299.    367944.   4901.72          0.        0.     9299.
   163.50      8119.      9280.    367896.   4901.71          0.        0.     9280.
   164.00      8113.      9260.    367848.   4901.70          0.        0.     9260.
   164.50      8108.      9241.    367800.   4901.70          0.        0.     9241.
   165.00      8102.      9221.    367752.   4901.69          0.        0.     9221.
   165.50      8096.      9203.    367707.   4901.68          0.        0.     9203.
   166.00      8090.      9185.    367662.   4901.67          0.        0.     9185.
   166.50      8084.      9166.    367617.   4901.67          0.        0.     9166.
   167.00      8078.      9148.    367572.   4901.66          0.        0.     9148.
   167.50      8072.      9130.    367527.   4901.65          0.        0.     9130.
   168.00      8066.      9113.    367485.   4901.65          0.        0.     9113.
   168.50      8060.      9095.    367443.   4901.64          0.        0.     9095.
   169.00      8054.      9078.    367401.   4901.63          0.        0.     9078.
   169.50      8047.      9061.    367359.   4901.62          0.        0.     9061.
   170.00      8040.      9044.    367317.   4901.62          0.        0.     9044.
   170.50      8032.      9027.    367275.   4901.61          0.        0.     9027.
   171.00      8024.      9010.    367233.   4901.60          0.        0.     9010.
   171.50      8016.      8993.    367191.   4901.60          0.        0.     8993.
   172.00      8008.      8977.    367152.   4901.59          0.        0.     8977.
   172.50      7999.      8961.    367113.   4901.58          0.        0.     8961.
   173.00      7990.      8945.    367074.   4901.58          0.        0.     8945.
   173.50      7981.      8929.    367035.   4901.57          0.        0.     8929.
   174.00      7972.      8914.    366996.   4901.57          0.        0.     8914.
   174.50      7962.      8898.    366957.   4901.56          0.        0.     8898.
   175.00      7953.      8882.    366918.   4901.55          0.        0.     8882.
   175.50      7943.      8866.    366879.   4901.55          0.        0.     8866.
   176.00      7933.      8850.    366839.   4901.54          0.        0.     8850.
   176.50      7923.      8834.    366800.   4901.53          0.        0.     8834.
   177.00      7913.      8818.    366761.   4901.53          0.        0.     8818.
   177.50      7903.      8804.    366725.   4901.52          0.        0.     8804.
   178.00      7893.      8789.    366689.   4901.52          0.        0.     8789.
   178.50      7883.      8774.    366653.   4901.51          0.        0.     8774.
   179.00      7873.      8760.    366617.   4901.50          0.        0.     8760.
   179.50      7864.      8745.    366581.   4901.50          0.        0.     8745.
   180.00      7854.      8730.    366545.   4901.49          0.        0.     8730.
   180.50      7844.      8716.    366509.   4901.49          0.        0.     8716.
   181.00      7834.      8701.    366473.   4901.48          0.        0.     8701.
   181.50      7825.      8687.    366437.   4901.47          0.        0.     8687.
   182.00      7816.      8672.    366401.   4901.47          0.        0.     8672.
   182.50      7807.      8657.    366365.   4901.46          0.        0.     8657.
   183.00      7798.      8643.    366329.   4901.46          0.        0.     8643.
   183.50      7789.      8628.    366293.   4901.45          0.        0.     8628.
   184.00      7781.      8613.    366257.   4901.45          0.        0.     8613.
   184.50      7773.      8600.    366224.   4901.44          0.        0.     8600.
   185.00      7765.      8586.    366191.   4901.43          0.        0.     8586.
   185.50      7758.      8573.    366158.   4901.43          0.        0.     8573.
   186.00      7751.      8560.    366125.   4901.42          0.        0.     8560.
   186.50      7744.      8546.    366092.   4901.42          0.        0.     8546.
   187.00      7738.      8533.    366059.   4901.41          0.        0.     8533.
   187.50      7732.      8519.    366026.   4901.41          0.        0.     8519.
   188.00      7727.      8506.    365993.   4901.40          0.        0.     8506.
   188.50      7722.      8492.    365960.   4901.40          0.        0.     8492.
   189.00      7718.      8479.    365927.   4901.39          0.        0.     8479.
   189.50      7714.      8467.    365897.   4901.39          0.        0.     8467.
   190.00      7710.      8455.    365867.   4901.38          0.        0.     8455.
   190.50      7708.      8442.    365837.   4901.38          0.        0.     8442.
   191.00      7705.      8430.    365807.   4901.37          0.        0.     8430.
   191.50      7704.      8418.    365777.   4901.37          0.        0.     8418.
   192.00      7703.      8406.    365747.   4901.36          0.        0.     8406.
   192.50      7703.      8394.    365716.   4901.36          0.        0.     8394.
   193.00      7703.      8383.    365689.   4901.35          0.        0.     8383.
   193.50      7703.      8372.    365662.   4901.35          0.        0.     8372.
   194.00      7703.      8361.    365635.   4901.34          0.        0.     8361.
   194.50      7703.      8350.    365608.   4901.34          0.        0.     8350.
   195.00      7703.      8339.    365581.   4901.34          0.        0.     8339.
   195.50      7703.      8328.    365554.   4901.33          0.        0.     8328.
   196.00      7703.      8317.    365527.   4901.33          0.        0.     8317.
   196.50      7703.      8307.    365503.   4901.32          0.        0.     8307.
   197.00      7703.      8297.    365479.   4901.32          0.        0.     8297.
   197.50      7703.      8287.    365455.   4901.31          0.        0.     8287.
   198.00      7703.      8278.    365431.   4901.31          0.        0.     8278.
   198.50      7703.      8268.    365407.   4901.31          0.        0.     8268.
   199.00      7703.      8258.    365383.   4901.30          0.        0.     8258.
   199.50      7703.      8248.    365359.   4901.30          0.        0.     8248.
   200.00      7703.      8240.    365338.   4901.30          0.        0.     8240.
   200.50      7703.      8231.    365317.   4901.29          0.        0.     8231.
   201.00      7703.      8223.    365296.   4901.29          0.        0.     8223.
   201.50      7703.      8214.    365275.   4901.29          0.        0.     8214.
   202.00      7703.      8206.    365254.   4901.28          0.        0.     8206.
   202.50      7703.      8197.    365233.   4901.28          0.        0.     8197.
   203.00      7703.      8188.    365212.   4901.28          0.        0.     8188.
   203.50      7703.      8180.    365191.   4901.27          0.        0.     8180.
   204.00      7703.      8171.    365170.   4901.27          0.        0.     8171.
   204.50      7703.      8164.    365152.   4901.27          0.        0.     8164.
   205.00      7703.      8157.    365134.   4901.26          0.        0.     8157.
   205.50      7703.      8149.    365116.   4901.26          0.        0.     8149.
   206.00      7703.      8142.    365098.   4901.26          0.        0.     8142.
   206.50      7703.      8135.    365080.   4901.25          0.        0.     8135.
   207.00      7703.      8127.    365062.   4901.25          0.        0.     8127.
   207.50      7703.      8120.    365044.   4901.25          0.        0.     8120.
   208.00      7703.      8113.    365026.   4901.25          0.        0.     8113.
   208.50      7703.      8105.    365008.   4901.24          0.        0.     8105.
   209.00      7703.      8099.    364993.   4901.24          0.        0.     8099.
   209.50      7703.      8093.    364978.   4901.24          0.        0.     8093.
   210.00      7703.      8087.    364963.   4901.23          0.        0.     8087.
   210.50      7703.      8081.    364948.   4901.23          0.        0.     8081.
   211.00      7703.      8075.    364933.   4901.23          0.        0.     8075.
   211.50      7703.      8069.    364918.   4901.23          0.        0.     8069.
   212.00      7703.      8063.    364903.   4901.23          0.        0.     8063.
   212.50      7703.      8057.    364888.   4901.22          0.        0.     8057.
   213.00      7703.      8051.    364873.   4901.22          0.        0.     8051.
   213.50      7703.      8044.    364858.   4901.22          0.        0.     8044.
   214.00      7703.      8038.    364843.   4901.22          0.        0.     8038.
   214.50      7703.      8032.    364828.   4901.21          0.        0.     8032.
   215.00      7703.      8027.    364816.   4901.21          0.        0.     8027.
   215.50      7703.      8022.    364804.   4901.21          0.        0.     8022.
   216.00      7703.      8018.    364792.   4901.21          0.        0.     8018.
   216.50      7703.      8013.    364780.   4901.21          0.        0.     8013.
   217.00      7702.      8008.    364768.   4901.20          0.        0.     8008.
   217.50      7702.      8003.    364756.   4901.20          0.        0.     8003.
   218.00      7700.      7998.    364744.   4901.20          0.        0.     7998.
   218.50      7699.      7993.    364732.   4901.20          0.        0.     7993.
   219.00      7697.      7988.    364720.   4901.20          0.        0.     7988.
   219.50      7694.      7983.    364708.   4901.19          0.        0.     7983.
   220.00      7692.      7979.    364696.   4901.19          0.        0.     7979.
   220.50      7688.      7974.    364684.   4901.19          0.        0.     7974.
   221.00      7685.      7969.    364672.   4901.19          0.        0.     7969.
   221.50      7681.      7964.    364660.   4901.19          0.        0.     7964.
   222.00      7677.      7959.    364648.   4901.18          0.        0.     7959.
   222.50      7672.      7954.    364636.   4901.18          0.        0.     7954.
   223.00      7667.      7949.    364624.   4901.18          0.        0.     7949.
   223.50      7662.      7944.    364611.   4901.18          0.        0.     7944.
   224.00      7656.      7939.    364599.   4901.18          0.        0.     7939.
   224.50      7650.      7935.    364587.   4901.17          0.        0.     7935.
   225.00      7644.      7930.    364575.   4901.17          0.        0.     7930.
   225.50      7638.      7925.    364563.   4901.17          0.        0.     7925.
   226.00      7631.      7920.    364551.   4901.17          0.        0.     7920.
   226.50      7624.      7915.    364539.   4901.17          0.        0.     7915.
   227.00      7617.      7910.    364527.   4901.16          0.        0.     7910.
   227.50      7610.      7905.    364515.   4901.16          0.        0.     7905.
   228.00      7603.      7900.    364503.   4901.16          0.        0.     7900.
   228.50      7595.      7896.    364491.   4901.16          0.        0.     7896.
   229.00      7587.      7891.    364479.   4901.16          0.        0.     7891.
   229.50      7579.      7886.    364467.   4901.15          0.        0.     7886.
   230.00      7571.      7881.    364455.   4901.15          0.        0.     7881.
   230.50      7562.      7876.    364443.   4901.15          0.        0.     7876.
   231.00      7554.      7871.    364431.   4901.15          0.        0.     7871.
   231.50      7545.      7866.    364419.   4901.15          0.        0.     7866.
   232.00      7537.      7861.    364407.   4901.14          0.        0.     7861.
   232.50      7528.      7856.    364395.   4901.14          0.        0.     7856.
   233.00      7519.      7850.    364380.   4901.14          0.        0.     7850.
   233.50      7510.      7844.    364365.   4901.14          0.        0.     7844.
   234.00      7501.      7838.    364350.   4901.14          0.        0.     7838.
   234.50      7492.      7832.    364335.   4901.13          0.        0.     7832.
   235.00      7483.      7826.    364320.   4901.13          0.        0.     7826.
   235.50      7474.      7820.    364305.   4901.13          0.        0.     7820.
   236.00      7465.      7814.    364290.   4901.13          0.        0.     7814.
   236.50      7456.      7808.    364275.   4901.12          0.        0.     7808.
   237.00      7447.      7802.    364260.   4901.12          0.        0.     7802.
   237.50      7438.      7795.    364245.   4901.12          0.        0.     7795.
   238.00      7429.      7789.    364230.   4901.12          0.        0.     7789.
   238.50      7420.      7783.    364215.   4901.11          0.        0.     7783.
   239.00      7412.      7777.    364200.   4901.11          0.        0.     7777.
   239.50      7403.      7771.    364185.   4901.11          0.        0.     7771.
   240.00      7394.      7765.    364170.   4901.11          0.        0.     7765.
   240.50      7386.      7759.    364155.   4901.10          0.        0.     7759.
   241.00      7377.      7753.    364140.   4901.10          0.        0.     7753.
   241.50      7367.      7747.    364125.   4901.10          0.        0.     7747.
   242.00      7357.      7740.    364110.   4901.10          0.        0.     7740.
   242.50      7346.      7734.    364095.   4901.09          0.        0.     7734.
   243.00      7335.      7728.    364080.   4901.09          0.        0.     7728.
   243.50      7323.      7722.    364065.   4901.09          0.        0.     7722.
   244.00      7310.      7715.    364047.   4901.09          0.        0.     7715.
   244.50      7297.      7708.    364029.   4901.08          0.        0.     7708.
   245.00      7284.      7700.    364011.   4901.08          0.        0.     7700.
   245.50      7270.      7693.    363993.   4901.08          0.        0.     7693.
   246.00      7256.      7686.    363975.   4901.07          0.        0.     7686.
   246.50      7241.      7678.    363957.   4901.07          0.        0.     7678.
   247.00      7226.      7671.    363939.   4901.07          0.        0.     7671.
   247.50      7211.      7664.    363921.   4901.07          0.        0.     7664.
   248.00      7196.      7656.    363903.   4901.06          0.        0.     7656.
   248.50      7180.      7649.    363885.   4901.06          0.        0.     7649.
   249.00      7164.      7640.    363864.   4901.06          0.        0.     7640.
   249.50      7149.      7632.    363843.   4901.05          0.        0.     7632.
   250.00      7133.      7623.    363822.   4901.05          0.        0.     7623.
   250.50      7117.      7615.    363801.   4901.05          0.        0.     7615.
   251.00      7101.      7606.    363780.   4901.04          0.        0.     7606.
   251.50      7085.      7598.    363759.   4901.04          0.        0.     7598.
   252.00      7070.      7589.    363738.   4901.04          0.        0.     7589.
   252.50      7054.      7581.    363717.   4901.03          0.        0.     7581.
   253.00      7039.      7572.    363696.   4901.03          0.        0.     7572.
   253.50      7024.      7563.    363675.   4901.03          0.        0.     7563.
   254.00      7009.      7555.    363654.   4901.02          0.        0.     7555.
   254.50      6994.      7545.    363630.   4901.02          0.        0.     7545.
   255.00      6980.      7535.    363606.   4901.01          0.        0.     7535.
   255.50      6966.      7526.    363582.   4901.01          0.        0.     7526.
   256.00      6953.      7516.    363558.   4901.01          0.        0.     7516.
   256.50      6940.      7506.    363534.   4901.00          0.        0.     7506.
   257.00      6927.      7496.    363510.   4901.00          0.        0.     7496.
   257.50      6915.      7487.    363485.   4900.99          0.        0.     7487.
   258.00      6904.      7477.    363461.   4900.99          0.        0.     7477.
   258.50      6893.      7467.    363437.   4900.99          0.        0.     7467.
   259.00      6883.      7457.    363413.   4900.98          0.        0.     7457.
   259.50      6873.      7448.    363389.   4900.98          0.        0.     7448.
   260.00      6864.      7438.    363365.   4900.98          0.        0.     7438.
   260.50      6856.      7428.    363341.   4900.97          0.        0.     7428.
   261.00      6849.      7418.    363317.   4900.97          0.        0.     7418.
   261.50      6843.      7408.    363293.   4900.96          0.        0.     7408.
   262.00      6837.      7399.    363269.   4900.96          0.        0.     7399.
   262.50      6832.      7389.    363245.   4900.96          0.        0.     7389.
   263.00      6829.      7379.    363221.   4900.95          0.        0.     7379.
   263.50      6826.      7369.    363197.   4900.95          0.        0.     7369.
   264.00      6825.      7361.    363176.   4900.94          0.        0.     7361.
   264.50      6824.      7352.    363155.   4900.94          0.        0.     7352.
   265.00      6824.      7344.    363134.   4900.94          0.        0.     7344.
   265.50      6824.      7335.    363113.   4900.93          0.        0.     7335.
   266.00      6825.      7327.    363092.   4900.93          0.        0.     7327.
   266.50      6825.      7318.    363071.   4900.93          0.        0.     7318.
   267.00      6826.      7310.    363050.   4900.92          0.        0.     7310.
   267.50      6827.      7301.    363029.   4900.92          0.        0.     7301.
   268.00      6828.      7294.    363011.   4900.92          0.        0.     7294.
   268.50      6829.      7286.    362993.   4900.91          0.        0.     7286.
   269.00      6830.      7279.    362975.   4900.91          0.        0.     7279.
   269.50      6831.      7272.    362957.   4900.91          0.        0.     7272.
   270.00      6832.      7264.    362939.   4900.91          0.        0.     7264.
   270.50      6834.      7257.    362921.   4900.90          0.        0.     7257.
   271.00      6835.      7250.    362903.   4900.90          0.        0.     7250.
   271.50      6837.      7242.    362885.   4900.90          0.        0.     7242.
   272.00      6838.      7235.    362867.   4900.89          0.        0.     7235.
   272.50      6840.      7229.    362852.   4900.89          0.        0.     7229.
   273.00      6842.      7223.    362837.   4900.89          0.        0.     7223.
   273.50      6843.      7217.    362822.   4900.89          0.        0.     7217.
   274.00      6845.      7211.    362807.   4900.88          0.        0.     7211.
   274.50      6847.      7205.    362792.   4900.88          0.        0.     7205.
   275.00      6849.      7198.    362777.   4900.88          0.        0.     7198.
   275.50      6851.      7192.    362762.   4900.88          0.        0.     7192.
   276.00      6853.      7186.    362747.   4900.87          0.        0.     7186.
   276.50      6855.      7180.    362732.   4900.87          0.        0.     7180.
   277.00      6857.      7175.    362720.   4900.87          0.        0.     7175.
   277.50      6858.      7170.    362708.   4900.87          0.        0.     7170.
   278.00      6860.      7166.    362696.   4900.87          0.        0.     7166.
   278.50      6862.      7161.    362684.   4900.86          0.        0.     7161.
   279.00      6864.      7156.    362672.   4900.86          0.        0.     7156.
   279.50      6866.      7151.    362660.   4900.86          0.        0.     7151.
   280.00      6868.      7146.    362648.   4900.86          0.        0.     7146.
   280.50      6869.      7141.    362636.   4900.86          0.        0.     7141.
   281.00      6871.      7136.    362624.   4900.85          0.        0.     7136.
   281.50      6873.      7131.    362612.   4900.85          0.        0.     7131.
   282.00      6874.      7126.    362600.   4900.85          0.        0.     7126.
   282.50      6876.      7123.    362591.   4900.85          0.        0.     7123.
   283.00      6877.      7119.    362582.   4900.85          0.        0.     7119.
   283.50      6878.      7115.    362573.   4900.85          0.        0.     7115.
   284.00      6880.      7112.    362564.   4900.84          0.        0.     7112.
   284.50      6881.      7108.    362555.   4900.84          0.        0.     7108.
   285.00      6882.      7104.    362546.   4900.84          0.        0.     7104.
   285.50      6883.      7101.    362537.   4900.84          0.        0.     7101.
   286.00      6883.      7097.    362528.   4900.84          0.        0.     7097.
   286.50      6884.      7094.    362519.   4900.84          0.        0.     7094.
   287.00      6885.      7090.    362510.   4900.84          0.        0.     7090.
   287.50      6885.      7086.    362501.   4900.83          0.        0.     7086.
   288.00      6885.      7083.    362492.   4900.83          0.        0.     7083.
   288.50      6885.      7079.    362483.   4900.83          0.        0.     7079.
   289.00      6885.      7075.    362474.   4900.83          0.        0.     7075.
   289.50      6884.      7072.    362465.   4900.83          0.        0.     7072.
   290.00      6883.      7068.    362456.   4900.83          0.        0.     7068.
   290.50      6881.      7064.    362447.   4900.83          0.        0.     7064.
   291.00      6879.      7061.    362438.   4900.82          0.        0.     7061.
   291.50      6876.      7057.    362429.   4900.82          0.        0.     7057.
   292.00      6873.      7054.    362423.   4900.82          0.        0.     7054.
   292.50      6870.      7052.    362417.   4900.82          0.        0.     7052.
   293.00      6866.      7048.    362408.   4900.82          0.        0.     7048.
   293.50      6862.      7045.    362399.   4900.82          0.        0.     7045.
   294.00      6857.      7041.    362390.   4900.82          0.        0.     7041.
   294.50      6852.      7037.    362380.   4900.81          0.        0.     7037.
   295.00      6847.      7034.    362371.   4900.81          0.        0.     7034.
   295.50      6842.      7030.    362362.   4900.81          0.        0.     7030.
   296.00      6836.      7026.    362353.   4900.81          0.        0.     7026.
   296.50      6830.      7023.    362344.   4900.81          0.        0.     7023.
   297.00      6824.      7019.    362335.   4900.81          0.        0.     7019.
   297.50      6817.      7015.    362326.   4900.81          0.        0.     7015.
   298.00      6811.      7012.    362317.   4900.80          0.        0.     7012.
   298.50      6804.      7008.    362308.   4900.80          0.        0.     7008.
   299.00      6797.      7004.    362299.   4900.80          0.        0.     7004.
   299.50      6790.      7001.    362290.   4900.80          0.        0.     7001.
   300.00      6783.      6997.    362281.   4900.80          0.        0.     6997.
   300.50      6776.      6993.    362272.   4900.80          0.        0.     6993.
   301.00      6769.      6990.    362263.   4900.80          0.        0.     6990.
   301.50      6761.      6986.    362254.   4900.79          0.        0.     6986.
   302.00      6754.      6982.    362245.   4900.79          0.        0.     6982.
   302.50      6747.      6979.    362236.   4900.79          0.        0.     6979.
   303.00      6739.      6975.    362227.   4900.79          0.        0.     6975.
   303.50      6732.      6971.    362218.   4900.79          0.        0.     6971.
   304.00      6725.      6968.    362209.   4900.79          0.        0.     6968.
   304.50      6718.      6964.    362200.   4900.79          0.        0.     6964.
   305.00      6711.      6960.    362191.   4900.78          0.        0.     6960.
   305.50      6704.      6957.    362182.   4900.78          0.        0.     6957.
   306.00      6697.      6953.    362173.   4900.78          0.        0.     6953.
   306.50      6690.      6948.    362161.   4900.78          0.        0.     6948.
   307.00      6684.      6943.    362149.   4900.78          0.        0.     6943.
   307.50      6678.      6938.    362137.   4900.78          0.        0.     6938.
   308.00      6672.      6934.    362125.   4900.77          0.        0.     6934.
   308.50      6666.      6929.    362113.   4900.77          0.        0.     6929.
   309.00      6660.      6924.    362101.   4900.77          0.        0.     6924.
   309.50      6655.      6919.    362089.   4900.77          0.        0.     6919.
   310.00      6650.      6914.    362077.   4900.77          0.        0.     6914.
   310.50      6645.      6909.    362065.   4900.76          0.        0.     6909.
   311.00      6641.      6904.    362053.   4900.76          0.        0.     6904.
   311.50      6637.      6899.    362041.   4900.76          0.        0.     6899.
   312.00      6633.      6895.    362029.   4900.76          0.        0.     6895.
   312.50      6630.      6890.    362017.   4900.76          0.        0.     6890.
   313.00      6627.      6885.    362005.   4900.75          0.        0.     6885.
   313.50      6624.      6880.    361993.   4900.75          0.        0.     6880.
   314.00      6621.      6875.    361981.   4900.75          0.        0.     6875.
   314.50      6619.      6871.    361972.   4900.75          0.        0.     6871.
   315.00      6616.      6868.    361963.   4900.75          0.        0.     6868.
   315.50      6614.      6864.    361954.   4900.75          0.        0.     6864.
   316.00      6611.      6860.    361945.   4900.74          0.        0.     6860.
   316.50      6609.      6857.    361936.   4900.74          0.        0.     6857.
   317.00      6607.      6853.    361927.   4900.74          0.        0.     6853.
   317.50      6604.      6849.    361918.   4900.74          0.        0.     6849.
   318.00      6602.      6846.    361909.   4900.74          0.        0.     6846.
   318.50      6600.      6842.    361900.   4900.74          0.        0.     6842.
   319.00      6598.      6838.    361891.   4900.74          0.        0.     6838.
   319.50      6596.      6835.    361882.   4900.73          0.        0.     6835.
   320.00      6594.      6831.    361873.   4900.73          0.        0.     6831.
   320.50      6593.      6827.    361864.   4900.73          0.        0.     6827.
   321.00      6591.      6824.    361855.   4900.73          0.        0.     6824.
   321.50      6589.      6820.    361846.   4900.73          0.        0.     6820.
   322.00      6587.      6816.    361837.   4900.73          0.        0.     6816.
   322.50      6586.      6813.    361828.   4900.73          0.        0.     6813.
   323.00      6584.      6809.    361819.   4900.72          0.        0.     6809.
   323.50      6582.      6805.    361810.   4900.72          0.        0.     6805.
   324.00      6580.      6802.    361801.   4900.72          0.        0.     6802.
   324.50      6579.      6798.    361792.   4900.72          0.        0.     6798.
   325.00      6577.      6794.    361783.   4900.72          0.        0.     6794.
   325.50      6575.      6791.    361774.   4900.72          0.        0.     6791.
   326.00      6574.      6787.    361765.   4900.71          0.        0.     6787.
   326.50      6572.      6783.    361756.   4900.71          0.        0.     6783.
   327.00      6570.      6780.    361747.   4900.71          0.        0.     6780.
   327.50      6569.      6776.    361738.   4900.71          0.        0.     6776.
   328.00      6567.      6772.    361729.   4900.71          0.        0.     6772.
   328.50      6565.      6769.    361720.   4900.71          0.        0.     6769.
   329.00      6563.      6765.    361711.   4900.71          0.        0.     6765.
   329.50      6561.      6761.    361702.   4900.70          0.        0.     6761.
   330.00      6559.      6758.    361693.   4900.70          0.        0.     6758.
   330.50      6557.      6754.    361684.   4900.70          0.        0.     6754.
   331.00      6555.      6750.    361675.   4900.70          0.        0.     6750.
   331.50      6553.      6747.    361666.   4900.70          0.        0.     6747.
   332.00      6551.      6743.    361657.   4900.70          0.        0.     6743.
   332.50      6549.      6740.    361648.   4900.70          0.        0.     6740.
   333.00      6546.      6736.    361639.   4900.69          0.        0.     6736.
   333.50      6544.      6732.    361630.   4900.69          0.        0.     6732.
   334.00      6542.      6729.    361621.   4900.69          0.        0.     6729.
   334.50      6539.      6725.    361612.   4900.69          0.        0.     6725.
   335.00      6536.      6721.    361603.   4900.69          0.        0.     6721.
   335.50      6534.      6718.    361594.   4900.69          0.        0.     6718.
   336.00      6531.      6714.    361585.   4900.69          0.        0.     6714.
   336.50      6528.      6710.    361576.   4900.68          0.        0.     6710.
   337.00      6525.      6708.    361570.   4900.68          0.        0.     6708.
   337.50      6521.      6704.    361561.   4900.68          0.        0.     6704.
   338.00      6518.      6700.    361552.   4900.68          0.        0.     6700.
   338.50      6514.      6697.    361543.   4900.68          0.        0.     6697.
   339.00      6511.      6693.    361534.   4900.68          0.        0.     6693.
   339.50      6507.      6689.    361525.   4900.68          0.        0.     6689.
   340.00      6503.      6686.    361516.   4900.67          0.        0.     6686.
   340.50      6499.      6682.    361507.   4900.67          0.        0.     6682.
   341.00      6495.      6678.    361498.   4900.67          0.        0.     6678.
   341.50      6491.      6675.    361489.   4900.67          0.        0.     6675.
   342.00      6486.      6671.    361480.   4900.67          0.        0.     6671.
   342.50      6482.      6667.    361471.   4900.67          0.        0.     6667.
   343.00      6477.      6664.    361462.   4900.67          0.        0.     6664.
   343.50      6473.      6660.    361453.   4900.66          0.        0.     6660.
   344.00      6468.      6656.    361444.   4900.66          0.        0.     6656.
   344.50      6463.      6653.    361435.   4900.66          0.        0.     6653.
   345.00      6458.      6649.    361426.   4900.66          0.        0.     6649.
   345.50      6453.      6646.    361417.   4900.66          0.        0.     6646.
   346.00      6448.      6642.    361408.   4900.66          0.        0.     6642.
   346.50      6443.      6638.    361399.   4900.66          0.        0.     6638.
   347.00      6437.      6635.    361390.   4900.65          0.        0.     6635.
   347.50      6432.      6631.    361381.   4900.65          0.        0.     6631.
   348.00      6427.      6627.    361372.   4900.65          0.        0.     6627.
   348.50      6421.      6624.    361363.   4900.65          0.        0.     6624.
   349.00      6415.      6620.    361354.   4900.65          0.        0.     6620.
   349.50      6410.      6616.    361345.   4900.65          0.        0.     6616.
   350.00      6404.      6613.    361336.   4900.65          0.        0.     6613.
   350.50      6398.      6609.    361327.   4900.64          0.        0.     6609.
   351.00      6392.      6605.    361318.   4900.64          0.        0.     6605.
   351.50      6386.      6602.    361309.   4900.64          0.        0.     6602.
   352.00      6380.      6598.    361300.   4900.64          0.        0.     6598.
   352.50      6374.      6594.    361291.   4900.64          0.        0.     6594.
   353.00      6368.      6591.    361282.   4900.64          0.        0.     6591.
   353.50      6362.      6587.    361273.   4900.63          0.        0.     6587.
   354.00      6356.      6583.    361263.   4900.63          0.        0.     6583.
   354.50      6350.      6580.    361254.   4900.63          0.        0.     6580.
   355.00      6343.      6576.    361245.   4900.63          0.        0.     6576.
   355.50      6337.      6572.    361236.   4900.63          0.        0.     6572.
   356.00      6331.      6569.    361227.   4900.63          0.        0.     6569.
   356.50      6324.      6565.    361218.   4900.63          0.        0.     6565.
   357.00      6318.      6561.    361209.   4900.62          0.        0.     6561.
   357.50      6311.      6558.    361200.   4900.62          0.        0.     6558.
   358.00      6305.      6554.    361191.   4900.62          0.        0.     6554.
   358.50      6298.      6550.    361182.   4900.62          0.        0.     6550.
   359.00      6292.      6547.    361173.   4900.62          0.        0.     6547.
   359.50      6285.      6542.    361161.   4900.62          0.        0.     6542.
   360.00      6279.      6537.    361149.   4900.61          0.        0.     6537.
1



      INFLOW DATA                           STORAGE DATA
      ***********                           ************
     TIME    INFLOW                     ELEVATION     STORAGE

     0.50      5527.                      4753.20          0.
     1.00      5557.                      4754.00          5.
     1.50      5587.                      4760.00        853.
     2.00      5617.                      4770.00       5056.
     2.50      5647.                      4780.00      11677.
     3.00      5677.                      4790.00      20701.
     3.50      5707.                      4800.00      32214.
     4.00      5737.                      4810.00      46676.
     4.50      5766.                      4820.00      64861.
     5.00      5796.                      4830.00      86629.
     5.50      5825.                      4840.00     112286.
     6.00      5855.                      4850.00     141401.
     6.50      5884.                      4860.00     174439.
     7.00      5913.                      4870.00     212059.
     7.50      5941.                      4880.00     254696.
     8.00      5970.                      4890.00     303066.
     8.50      5999.                      4900.00     357369.
     9.00      6027.                      4910.00     418864.
     9.50      6056.                      4920.00     488871.
    10.00      6084.                      4924.00     519654.
    10.50      6112.                      4924.50     523636.
    11.00      6140.                      4925.00     527626.
    11.50      6167.                      4925.50     531626.
    12.00      6195.                      4926.00     535626.
    12.50      6222.                      4930.00     569747.
    13.00      6249.                      4935.00     604527.
    13.50      6276.
    14.00      6303.
    14.50      6330.
    15.00      6357.
    15.50      6383.
    16.00      6409.
    16.50      6435.
    17.00      6461.
    17.50      6487.
    18.00      6512.
    18.50      6537.
    19.00      6562.
    19.50      6587.
    20.00      6612.
    20.50      6636.
    21.00      6661.
    21.50      6685.
    22.00      6708.
    22.50      6732.
    23.00      6755.
    23.50      6778.
    24.00      6801.
    24.50      6824.
    25.00      6846.
    25.50      6869.
    26.00      6890.
    26.50      6912.
    27.00      6934.
    27.50      6955.
    28.00      6976.
    28.50      6997.
    29.00      7017.
    29.50      7038.
    30.00      7058.
    30.50      7078.
    31.00      7098.
    31.50      7117.
    32.00      7137.
    32.50      7156.
    33.00      7175.
    33.50      7195.
    34.00      7214.
    34.50      7233.
    35.00      7251.
    35.50      7270.
    36.00      7289.
    36.50      7307.
    37.00      7326.
    37.50      7344.
    38.00      7363.
    38.50      7381.
    39.00      7399.
    39.50      7418.
    40.00      7436.
    40.50      7454.
    41.00      7473.
    41.50      7491.
    42.00      7509.
    42.50      7528.
    43.00      7546.
    43.50      7565.
    44.00      7583.
    44.50      7602.
    45.00      7620.
    45.50      7639.
    46.00      7658.
    46.50      7677.
    47.00      7696.
    47.50      7715.
    48.00      7734.
    48.50      7754.
    49.00      7773.
    49.50      7794.
    50.00      7815.
    50.50      7838.
    51.00      7860.
    51.50      7883.
    52.00      7907.
    52.50      7931.
    53.00      7956.
    53.50      7981.
    54.00      8006.
    54.50      8032.
    55.00      8058.
    55.50      8084.
    56.00      8110.
    56.50      8136.
    57.00      8162.
    57.50      8196.
    58.00      8246.
    58.50      8318.
    59.00      8395.
    59.50      8481.
    60.00      8607.
    60.50      8860.
    61.00      9304.
    61.50      9924.
    62.00     10926.
    62.50     13180.
    63.00     22547.
    63.50     73116.
    64.00     99403.
    64.50    113156.
    65.00    123676.
    65.50    133150.
    66.00    142335.
    66.50    151427.
    67.00    159932.
    67.50    167255.
    68.00    173568.
    68.50    179399.
    69.00    185244.
    69.50    191091.
    70.00    196556.
    70.50    201086.
    71.00    204416.
    71.50    206613.
    72.00    207816.
    72.50    208269.
    73.00    208253.
    73.50    207994.
    74.00    207547.
    74.50    206839.
    75.00    205861.
    75.50    204610.
    76.00    202925.
    76.50    200644.
    77.00    197801.
    77.50    194519.
    78.00    190925.
    78.50    187113.
    79.00    183118.
    79.50    178932.
    80.00    174651.
    80.50    170525.
    81.00    166139.
    81.50    161256.
    82.00    156081.
    82.50    150817.
    83.00    145551.
    83.50    140269.
    84.00    134964.
    84.50    129657.
    85.00    124340.
    85.50    119038.
    86.00    113790.
    86.50    108626.
    87.00    103557.
    87.50     98650.
    88.00     93938.
    88.50     89421.
    89.00     85146.
    89.50     81097.
    90.00     77276.
    90.50     73668.
    91.00     70268.
    91.50     67047.
    92.00     64007.
    92.50     61130.
    93.00     58197.
    93.50     55336.
    94.00     52558.
    94.50     49911.
    95.00     47425.
    95.50     45103.
    96.00     42953.
    96.50     40969.
    97.00     39104.
    97.50     37398.
    98.00     35752.
    98.50     34283.
    99.00     32851.
    99.50     31611.
   100.00     30375.
   100.50     29237.
   101.00     28217.
   101.50     27227.
   102.00     26298.
   102.50     25425.
   103.00     24670.
   103.50     23935.
   104.00     23231.
   104.50     22571.
   105.00     21961.
   105.50     21393.
   106.00     20891.
   106.50     20415.
   107.00     19942.
   107.50     19479.
   108.00     19032.
   108.50     18611.
   109.00     18214.
   109.50     17848.
   110.00     17518.
   110.50     17204.
   111.00     16892.
   111.50     16613.
   112.00     16354.
   112.50     16105.
   113.00     15854.
   113.50     15606.
   114.00     15364.
   114.50     15142.
   115.00     14947.
   115.50     14764.
   116.00     14582.
   116.50     14403.
   117.00     14243.
   117.50     14084.
   118.00     13928.
   118.50     13781.
   119.00     13646.
   119.50     13511.
   120.00     13377.
   120.50     13248.
   121.00     13130.
   121.50     13014.
   122.00     12899.
   122.50     12788.
   123.00     12683.
   123.50     12585.
   124.00     12489.
   124.50     12395.
   125.00     12302.
   125.50     12213.
   126.00     12127.
   126.50     12043.
   127.00     11962.
   127.50     11882.
   128.00     11806.
   128.50     11731.
   129.00      8502.
   129.50      8497.
   130.00      8492.
   130.50      8486.
   131.00      8480.
   131.50      8474.
   132.00      8469.
   132.50      8462.
   133.00      8456.
   133.50      8450.
   134.00      8444.
   134.50      8438.
   135.00      8431.
   135.50      8425.
   136.00      8418.
   136.50      8412.
   137.00      8406.
   137.50      8399.
   138.00      8393.
   138.50      8386.
   139.00      8380.
   139.50      8374.
   140.00      8367.
   140.50      8361.
   141.00      8355.
   141.50      8349.
   142.00      8343.
   142.50      8337.
   143.00      8332.
   143.50      8326.
   144.00      8321.
   144.50      8315.
   145.00      8310.
   145.50      8305.
   146.00      8300.
   146.50      8295.
   147.00      8290.
   147.50      8285.
   148.00      8280.
   148.50      8274.
   149.00      8269.
   149.50      8264.
   150.00      8259.
   150.50      8254.
   151.00      8249.
   151.50      8244.
   152.00      8239.
   152.50      8234.
   153.00      8229.
   153.50      8224.
   154.00      8219.
   154.50      8214.
   155.00      8209.
   155.50      8204.
   156.00      8199.
   156.50      8194.
   157.00      8189.
   157.50      8183.
   158.00      8178.
   158.50      8173.
   159.00      8168.
   159.50      8163.
   160.00      8157.
   160.50      8152.
   161.00      8147.
   161.50      8141.
   162.00      8136.
   162.50      8130.
   163.00      8125.
   163.50      8119.
   164.00      8113.
   164.50      8108.
   165.00      8102.
   165.50      8096.
   166.00      8090.
   166.50      8084.
   167.00      8078.
   167.50      8072.
   168.00      8066.
   168.50      8060.
   169.00      8054.
   169.50      8047.
   170.00      8040.
   170.50      8032.
   171.00      8024.
   171.50      8016.
   172.00      8008.
   172.50      7999.
   173.00      7990.
   173.50      7981.
   174.00      7972.
   174.50      7962.
   175.00      7953.
   175.50      7943.
   176.00      7933.
   176.50      7923.
   177.00      7913.
   177.50      7903.
   178.00      7893.
   178.50      7883.
   179.00      7873.
   179.50      7864.
   180.00      7854.
   180.50      7844.
   181.00      7834.
   181.50      7825.
   182.00      7816.
   182.50      7807.
   183.00      7798.
   183.50      7789.
   184.00      7781.
   184.50      7773.
   185.00      7765.
   185.50      7758.
   186.00      7751.
   186.50      7744.
   187.00      7738.
   187.50      7732.
   188.00      7727.
   188.50      7722.
   189.00      7718.
   189.50      7714.
   190.00      7710.
   190.50      7708.
   191.00      7705.
   191.50      7704.
   192.00      7703.
   192.50      7703.
   193.00      7703.
   193.50      7703.
   194.00      7703.
   194.50      7703.
   195.00      7703.
   195.50      7703.
   196.00      7703.
   196.50      7703.
   197.00      7703.
   197.50      7703.
   198.00      7703.
   198.50      7703.
   199.00      7703.
   199.50      7703.
   200.00      7703.
   200.50      7703.
   201.00      7703.
   201.50      7703.
   202.00      7703.
   202.50      7703.
   203.00      7703.
   203.50      7703.
   204.00      7703.
   204.50      7703.
   205.00      7703.
   205.50      7703.
   206.00      7703.
   206.50      7703.
   207.00      7703.
   207.50      7703.
   208.00      7703.
   208.50      7703.
   209.00      7703.
   209.50      7703.
   210.00      7703.
   210.50      7703.
   211.00      7703.
   211.50      7703.
   212.00      7703.
   212.50      7703.
   213.00      7703.
   213.50      7703.
   214.00      7703.
   214.50      7703.
   215.00      7703.
   215.50      7703.
   216.00      7703.
   216.50      7703.
   217.00      7702.
   217.50      7702.
   218.00      7700.
   218.50      7699.
   219.00      7697.
   219.50      7694.
   220.00      7692.
   220.50      7688.
   221.00      7685.
   221.50      7681.
   222.00      7677.
   222.50      7672.
   223.00      7667.
   223.50      7662.
   224.00      7656.
   224.50      7650.
   225.00      7644.
   225.50      7638.
   226.00      7631.
   226.50      7624.
   227.00      7617.
   227.50      7610.
   228.00      7603.
   228.50      7595.
   229.00      7587.
   229.50      7579.
   230.00      7571.
   230.50      7562.
   231.00      7554.
   231.50      7545.
   232.00      7537.
   232.50      7528.
   233.00      7519.
   233.50      7510.
   234.00      7501.
   234.50      7492.
   235.00      7483.
   235.50      7474.
   236.00      7465.
   236.50      7456.
   237.00      7447.
   237.50      7438.
   238.00      7429.
   238.50      7420.
   239.00      7412.
   239.50      7403.
   240.00      7394.
   240.50      7386.
   241.00      7377.
   241.50      7367.
   242.00      7357.
   242.50      7346.
   243.00      7335.
   243.50      7323.
   244.00      7310.
   244.50      7297.
   245.00      7284.
   245.50      7270.
   246.00      7256.
   246.50      7241.
   247.00      7226.
   247.50      7211.
   248.00      7196.
   248.50      7180.
   249.00      7164.
   249.50      7149.
   250.00      7133.
   250.50      7117.
   251.00      7101.
   251.50      7085.
   252.00      7070.
   252.50      7054.
   253.00      7039.
   253.50      7024.
   254.00      7009.
   254.50      6994.
   255.00      6980.
   255.50      6966.
   256.00      6953.
   256.50      6940.
   257.00      6927.
   257.50      6915.
   258.00      6904.
   258.50      6893.
   259.00      6883.
   259.50      6873.
   260.00      6864.
   260.50      6856.
   261.00      6849.
   261.50      6843.
   262.00      6837.
   262.50      6832.
   263.00      6829.
   263.50      6826.
   264.00      6825.
   264.50      6824.
   265.00      6824.
   265.50      6824.
   266.00      6825.
   266.50      6825.
   267.00      6826.
   267.50      6827.
   268.00      6828.
   268.50      6829.
   269.00      6830.
   269.50      6831.
   270.00      6832.
   270.50      6834.
   271.00      6835.
   271.50      6837.
   272.00      6838.
   272.50      6840.
   273.00      6842.
   273.50      6843.
   274.00      6845.
   274.50      6847.
   275.00      6849.
   275.50      6851.
   276.00      6853.
   276.50      6855.
   277.00      6857.
   277.50      6858.
   278.00      6860.
   278.50      6862.
   279.00      6864.
   279.50      6866.
   280.00      6868.
   280.50      6869.
   281.00      6871.
   281.50      6873.
   282.00      6874.
   282.50      6876.
   283.00      6877.
   283.50      6878.
   284.00      6880.
   284.50      6881.
   285.00      6882.
   285.50      6883.
   286.00      6883.
   286.50      6884.
   287.00      6885.
   287.50      6885.
   288.00      6885.
   288.50      6885.
   289.00      6885.
   289.50      6884.
   290.00      6883.
   290.50      6881.
   291.00      6879.
   291.50      6876.
   292.00      6873.
   292.50      6870.
   293.00      6866.
   293.50      6862.
   294.00      6857.
   294.50      6852.
   295.00      6847.
   295.50      6842.
   296.00      6836.
   296.50      6830.
   297.00      6824.
   297.50      6817.
   298.00      6811.
   298.50      6804.
   299.00      6797.
   299.50      6790.
   300.00      6783.
   300.50      6776.
   301.00      6769.
   301.50      6761.
   302.00      6754.
   302.50      6747.
   303.00      6739.
   303.50      6732.
   304.00      6725.
   304.50      6718.
   305.00      6711.
   305.50      6704.
   306.00      6697.
   306.50      6690.
   307.00      6684.
   307.50      6678.
   308.00      6672.
   308.50      6666.
   309.00      6660.
   309.50      6655.
   310.00      6650.
   310.50      6645.
   311.00      6641.
   311.50      6637.
   312.00      6633.
   312.50      6630.
   313.00      6627.
   313.50      6624.
   314.00      6621.
   314.50      6619.
   315.00      6616.
   315.50      6614.
   316.00      6611.
   316.50      6609.
   317.00      6607.
   317.50      6604.
   318.00      6602.
   318.50      6600.
   319.00      6598.
   319.50      6596.
   320.00      6594.
   320.50      6593.
   321.00      6591.
   321.50      6589.
   322.00      6587.
   322.50      6586.
   323.00      6584.
   323.50      6582.
   324.00      6580.
   324.50      6579.
   325.00      6577.
   325.50      6575.
   326.00      6574.
   326.50      6572.
   327.00      6570.
   327.50      6569.
   328.00      6567.
   328.50      6565.
   329.00      6563.
   329.50      6561.
   330.00      6559.
   330.50      6557.
   331.00      6555.
   331.50      6553.
   332.00      6551.
   332.50      6549.
   333.00      6546.
   333.50      6544.
   334.00      6542.
   334.50      6539.
   335.00      6536.
   335.50      6534.
   336.00      6531.
   336.50      6528.
   337.00      6525.
   337.50      6521.
   338.00      6518.
   338.50      6514.
   339.00      6511.
   339.50      6507.
   340.00      6503.
   340.50      6499.
   341.00      6495.
   341.50      6491.
   342.00      6486.
   342.50      6482.
   343.00      6477.
   343.50      6473.
   344.00      6468.
   344.50      6463.
   345.00      6458.
   345.50      6453.
   346.00      6448.
   346.50      6443.
   347.00      6437.
   347.50      6432.
   348.00      6427.
   348.50      6421.
   349.00      6415.
   349.50      6410.
   350.00      6404.
   350.50      6398.
   351.00      6392.
   351.50      6386.
   352.00      6380.
   352.50      6374.
   353.00      6368.
   353.50      6362.
   354.00      6356.
   354.50      6350.
   355.00      6343.
   355.50      6337.
   356.00      6331.
   356.50      6324.
   357.00      6318.
   357.50      6311.
   358.00      6305.
   358.50      6298.
   359.00      6292.
   359.50      6285.
   360.00      6279.
1


  DISCHARGE VS ELEVATION
  **********************
  ELEVATION  DISCHARGE

    4880.49      5000.
    4890.00      5000.
    4898.70      5000.
    4900.00      5000.
    4902.00     10000.
    4904.00     22500.
    4906.00     37500.
    4908.00     56000.
    4910.00     77000.
    4912.00    100000.
    4914.00    125000.
    4916.00    153000.
    4920.00    212000.
    4924.00    270000.
    4928.00    328000.
    4930.00    357000.
    4935.00    429500.