
                     UNITED STATES BUREAU OF RECLAMATION
                       ENGINEERING AND RESEARCH CENTER

                            FLOOD ROUTING FOR DAMS
                            ----------------------

      FEATURE: Pueblo Dam                               DATE    **/ 1/  26
      FLOOD: TREX Test Run & PMF snow                   TIME    **:**:03.**
      TITLE: Full TREX Routing             
      DATA FILE: fs5-11sn.in                                                    

      FLOOD ROUTING SUMMARY
      *********************

         BEGINNING HOUR OF ROUTING.......................      0.50
         ENDING HOUR OF ROUTING..........................    360.00
         INITIAL RESERVOIR ELEVATION.....................   4880.49 FT
         MINIMUM OR NORMAL POOL ELEV.....................   4880.49 FT
         MAXIMUM RESERVOIR ELEVATION.....   4918.77 AT HOUR   82.00
         INFLOW PEAK DISCHARGE...........   258778. AT HOUR   72.00
         MAXIMUM TOTAL OUTFLOW...........   193800. AT HOUR   82.00
         ELEVATION TOLERANCE.............................    0.0100 FT
         INFLOW HYDROGRAPH ADJUSTMENT FACTOR.............      1.00
         IPC OPTIONS (1 TO 10)...........................3100100021

      WATERWAY PARAMETERS
      *******************

         WATERWAY NO. 1 - Top of Dam                    

         TYPE-BROAD OR SHARP CRESTED WEIR
         CONSTANT DISCHARGE COEFFICIENT..................      2.67
         CREST ELEVATION.................................   4925.25 FT
         CREST LENGTH....................................   1200.50 FT
         MAXIMUM DISCHARGE...............        0. AT HOUR    0.50

         WATERWAY NO. 2 - Embankment "wings"            

         TYPE-BROAD OR SHARP CRESTED WEIR
         CONSTANT DISCHARGE COEFFICIENT..................      2.62
         CREST ELEVATION.................................   4925.00 FT
         CREST LENGTH....................................   8480.00 FT
         MAXIMUM DISCHARGE...............        0. AT HOUR    0.50
1

                     ROUTING RESULTS                          DISCHARGE RESULTS
                     ***************                          *****************

    TIME     INFLOW    OUTFLOW    STORAGE   ELEVATION        WATERWAY         RATING
                                                           1         2        CURVE

     0.50      5527.      5000.    257067.   4880.49          0.        0.     5000.
     1.00      5557.      5000.    257089.   4880.49          0.        0.     5000.
     1.50      5587.      5000.    257112.   4880.50          0.        0.     5000.
     2.00      5617.      5000.    257138.   4880.50          0.        0.     5000.
     2.50      5647.      5000.    257164.   4880.51          0.        0.     5000.
     3.00      5677.      5000.    257192.   4880.52          0.        0.     5000.
     3.50      5707.      5000.    257221.   4880.52          0.        0.     5000.
     4.00      5737.      5000.    257251.   4880.53          0.        0.     5000.
     4.50      5766.      5000.    257282.   4880.53          0.        0.     5000.
     5.00      5796.      5000.    257315.   4880.54          0.        0.     5000.
     5.50      5825.      5000.    257348.   4880.55          0.        0.     5000.
     6.00      5855.      5000.    257384.   4880.56          0.        0.     5000.
     6.50      5884.      5000.    257419.   4880.56          0.        0.     5000.
     7.00      5913.      5000.    257457.   4880.57          0.        0.     5000.
     7.50      5941.      5000.    257495.   4880.58          0.        0.     5000.
     8.00      5970.      5000.    257535.   4880.59          0.        0.     5000.
     8.50      5999.      5000.    257575.   4880.60          0.        0.     5000.
     9.00      6027.      5000.    257618.   4880.60          0.        0.     5000.
     9.50      6056.      5000.    257660.   4880.61          0.        0.     5000.
    10.00      6084.      5000.    257705.   4880.62          0.        0.     5000.
    10.50      6112.      5000.    257750.   4880.63          0.        0.     5000.
    11.00      6140.      5000.    257797.   4880.64          0.        0.     5000.
    11.50      6167.      5000.    257844.   4880.65          0.        0.     5000.
    12.00      6195.      5000.    257894.   4880.66          0.        0.     5000.
    12.50      6222.      5000.    257944.   4880.67          0.        0.     5000.
    13.00      6249.      5000.    257995.   4880.68          0.        0.     5000.
    13.50      6276.      5000.    258047.   4880.69          0.        0.     5000.
    14.00      6303.      5000.    258102.   4880.70          0.        0.     5000.
    14.50      6330.      5000.    258156.   4880.72          0.        0.     5000.
    15.00      6357.      5000.    258213.   4880.73          0.        0.     5000.
    15.50      6383.      5000.    258269.   4880.74          0.        0.     5000.
    16.00      6409.      5000.    258326.   4880.75          0.        0.     5000.
    16.50      6435.      5000.    258385.   4880.76          0.        0.     5000.
    17.00      6461.      5000.    258444.   4880.77          0.        0.     5000.
    17.50      6487.      5000.    258506.   4880.79          0.        0.     5000.
    18.00      6512.      5000.    258567.   4880.80          0.        0.     5000.
    18.50      6537.      5000.    258631.   4880.81          0.        0.     5000.
    19.00      6562.      5000.    258695.   4880.83          0.        0.     5000.
    19.50      6587.      5000.    258761.   4880.84          0.        0.     5000.
    20.00      6612.      5000.    258827.   4880.85          0.        0.     5000.
    20.50      6636.      5000.    258893.   4880.87          0.        0.     5000.
    21.00      6661.      5000.    258961.   4880.88          0.        0.     5000.
    21.50      6685.      5000.    259030.   4880.90          0.        0.     5000.
    22.00      6708.      5000.    259101.   4880.91          0.        0.     5000.
    22.50      6732.      5000.    259172.   4880.93          0.        0.     5000.
    23.00      6755.      5000.    259245.   4880.94          0.        0.     5000.
    23.50      6778.      5000.    259318.   4880.96          0.        0.     5000.
    24.00      6801.      5000.    259391.   4880.97          0.        0.     5000.
    24.50      6824.      5000.    259467.   4880.99          0.        0.     5000.
    25.00      6846.      5000.    259542.   4881.00          0.        0.     5000.
    25.50      6869.      5000.    259618.   4881.02          0.        0.     5000.
    26.00      6890.      5000.    259696.   4881.03          0.        0.     5000.
    26.50      6912.      5000.    259774.   4881.05          0.        0.     5000.
    27.00      6934.      5000.    259854.   4881.07          0.        0.     5000.
    27.50      6955.      5000.    259935.   4881.08          0.        0.     5000.
    28.00      6976.      5000.    260015.   4881.10          0.        0.     5000.
    28.50      6997.      5000.    260097.   4881.12          0.        0.     5000.
    29.00      7017.      5000.    260180.   4881.13          0.        0.     5000.
    29.50      7038.      5000.    260263.   4881.15          0.        0.     5000.
    30.00      7058.      5000.    260348.   4881.17          0.        0.     5000.
    30.50      7078.      5000.    260433.   4881.19          0.        0.     5000.
    31.00      7098.      5000.    260520.   4881.20          0.        0.     5000.
    31.50      7117.      5000.    260608.   4881.22          0.        0.     5000.
    32.00      7137.      5000.    260695.   4881.24          0.        0.     5000.
    32.50      7156.      5000.    260785.   4881.26          0.        0.     5000.
    33.00      7175.      5000.    260875.   4881.28          0.        0.     5000.
    33.50      7195.      5000.    260964.   4881.30          0.        0.     5000.
    34.00      7214.      5000.    261056.   4881.31          0.        0.     5000.
    34.50      7233.      5000.    261148.   4881.33          0.        0.     5000.
    35.00      7251.      5000.    261241.   4881.35          0.        0.     5000.
    35.50      7270.      5000.    261335.   4881.37          0.        0.     5000.
    36.00      7289.      5000.    261430.   4881.39          0.        0.     5000.
    36.50      7307.      5000.    261524.   4881.41          0.        0.     5000.
    37.00      7326.      5000.    261621.   4881.43          0.        0.     5000.
    37.50      7344.      5000.    261718.   4881.45          0.        0.     5000.
    38.00      7363.      5000.    261815.   4881.47          0.        0.     5000.
    38.50      7381.      5000.    261914.   4881.49          0.        0.     5000.
    39.00      7399.      5000.    262013.   4881.51          0.        0.     5000.
    39.50      7418.      5000.    262112.   4881.53          0.        0.     5000.
    40.00      7436.      5000.    262211.   4881.55          0.        0.     5000.
    40.50      7454.      5000.    262313.   4881.57          0.        0.     5000.
    41.00      7473.      5000.    262414.   4881.60          0.        0.     5000.
    41.50      7491.      5000.    262516.   4881.62          0.        0.     5000.
    42.00      7509.      5000.    262620.   4881.64          0.        0.     5000.
    42.50      7528.      5000.    262724.   4881.66          0.        0.     5000.
    43.00      7546.      5000.    262828.   4881.68          0.        0.     5000.
    43.50      7565.      5000.    262934.   4881.70          0.        0.     5000.
    44.00      7583.      5000.    263040.   4881.73          0.        0.     5000.
    44.50      7602.      5000.    263147.   4881.75          0.        0.     5000.
    45.00      7620.      5000.    263255.   4881.77          0.        0.     5000.
    45.50      7639.      5000.    263364.   4881.79          0.        0.     5000.
    46.00      7658.      5000.    263473.   4881.81          0.        0.     5000.
    46.50      7677.      5000.    263584.   4881.84          0.        0.     5000.
    47.00      7696.      5000.    263695.   4881.86          0.        0.     5000.
    47.50      7715.      5000.    263806.   4881.88          0.        0.     5000.
    48.00      7734.      5000.    263919.   4881.91          0.        0.     5000.
    48.50      7754.      5000.    264032.   4881.93          0.        0.     5000.
    49.00      7773.      5000.    264146.   4881.95          0.        0.     5000.
    49.50      7794.      5000.    264261.   4881.98          0.        0.     5000.
    50.00      7815.      5000.    264377.   4882.00          0.        0.     5000.
    50.50      7838.      5000.    264493.   4882.03          0.        0.     5000.
    51.00      7860.      5000.    264611.   4882.05          0.        0.     5000.
    51.50      7883.      5000.    264729.   4882.07          0.        0.     5000.
    52.00      7907.      5000.    264849.   4882.10          0.        0.     5000.
    52.50      7931.      5000.    264970.   4882.12          0.        0.     5000.
    53.00      7956.      5000.    265090.   4882.15          0.        0.     5000.
    53.50      7981.      5000.    265213.   4882.17          0.        0.     5000.
    54.00      8006.      5000.    265336.   4882.20          0.        0.     5000.
    54.50      8032.      5000.    265461.   4882.23          0.        0.     5000.
    55.00      8058.      5000.    265586.   4882.25          0.        0.     5000.
    55.50      8084.      5000.    265714.   4882.28          0.        0.     5000.
    56.00      8110.      5000.    265841.   4882.30          0.        0.     5000.
    56.50      8136.      5000.    265971.   4882.33          0.        0.     5000.
    57.00      8162.      5000.    266101.   4882.36          0.        0.     5000.
    57.50      8197.      5000.    266233.   4882.39          0.        0.     5000.
    58.00      8267.      5000.    266368.   4882.41          0.        0.     5000.
    58.50      8353.      5000.    266505.   4882.44          0.        0.     5000.
    59.00      8448.      5000.    266644.   4882.47          0.        0.     5000.
    59.50      8562.      5000.    266789.   4882.50          0.        0.     5000.
    60.00      8781.      5000.    266940.   4882.53          0.        0.     5000.
    60.50      9228.      5000.    267105.   4882.57          0.        0.     5000.
    61.00      9925.      5000.    267294.   4882.60          0.        0.     5000.
    61.50     11018.      5000.    267521.   4882.65          0.        0.     5000.
    62.00     13518.      5000.    267821.   4882.71          0.        0.     5000.
    62.50     25465.      5000.    268421.   4882.84          0.        0.     5000.
    63.00     83632.      5000.    270468.   4883.26          0.        0.     5000.
    63.50    112841.      5000.    274320.   4884.06          0.        0.     5000.
    64.00    128939.      5000.    279110.   4885.05          0.        0.     5000.
    64.50    141826.      5000.    284497.   4886.16          0.        0.     5000.
    65.00    153949.      5000.    290402.   4887.38          0.        0.     5000.
    65.50    166025.      5000.    296807.   4888.71          0.        0.     5000.
    66.00    177747.      5000.    303702.   4890.12          0.        0.     5000.
    66.50    187914.      5000.    311050.   4891.47          0.        0.     5000.
    67.00    196579.      5000.    318787.   4892.90          0.        0.     5000.
    67.50    204617.      5000.    326869.   4894.38          0.        0.     5000.
    68.00    212908.      5000.    335290.   4895.93          0.        0.     5000.
    68.50    221735.      5000.    344064.   4897.55          0.        0.     5000.
    69.00    230613.      5000.    353203.   4899.23          0.        0.     5000.
    69.50    238815.      7147.    362651.   4900.86          0.        0.     7147.
    70.00    245819.     12631.    372256.   4902.42          0.        0.    12631.
    70.50    251436.     22338.    381808.   4903.97          0.        0.    22338.
    71.00    255523.     33669.    391125.   4905.49          0.        0.    33669.
    71.50    257957.     46249.    400082.   4906.95          0.        0.    46249.
    72.00    258778.     59445.    408583.   4908.33          0.        0.    59445.
    72.50    258352.     73016.    416531.   4909.62          0.        0.    73016.
    73.00    257275.     85294.    423913.   4910.72          0.        0.    85294.
    73.50    255993.     96541.    430760.   4911.70          0.        0.    96541.
    74.00    254633.    107568.    437104.   4912.61          0.        0.   107568.
    74.50    253224.    117981.    442936.   4913.44          0.        0.   117981.
    75.00    251821.    127864.    448299.   4914.20          0.        0.   127864.
    75.50    250382.    137646.    453191.   4914.90          0.        0.   137646.
    76.00    248599.    146520.    457628.   4915.54          0.        0.   146520.
    76.50    246243.    154606.    461631.   4916.11          0.        0.   154606.
    77.00    243602.    162140.    465206.   4916.62          0.        0.   162140.
    77.50    240786.    168816.    468375.   4917.07          0.        0.   168816.
    78.00    237070.    174664.    471150.   4917.47          0.        0.   174664.
    78.50    232531.    179684.    473533.   4917.81          0.        0.   179684.
    79.00    227471.    183883.    475526.   4918.09          0.        0.   183883.
    79.50    222032.    187289.    477143.   4918.32          0.        0.   187289.
    80.00    216255.    189947.    478404.   4918.50          0.        0.   189947.
    80.50    210182.    191892.    479327.   4918.64          0.        0.   191892.
    81.00    203871.    193152.    479925.   4918.72          0.        0.   193152.
    81.50    197375.    193779.    480223.   4918.76          0.        0.   193779.
    82.00    190759.    193800.    480233.   4918.77          0.        0.   193800.
    82.50    184101.    193267.    479980.   4918.73          0.        0.   193267.
    83.00    177435.    192223.    479484.   4918.66          0.        0.   192223.
    83.50    170768.    190710.    478766.   4918.56          0.        0.   190710.
    84.00    164097.    188766.    477844.   4918.42          0.        0.   188766.
    84.50    157425.    186432.    476736.   4918.27          0.        0.   186432.
    85.00    150765.    183732.    475454.   4918.08          0.        0.   183732.
    85.50    144146.    180707.    474018.   4917.88          0.        0.   180707.
    86.00    137579.    177379.    472439.   4917.65          0.        0.   177379.
    86.50    131094.    173785.    470733.   4917.41          0.        0.   173785.
    87.00    124766.    169961.    468918.   4917.15          0.        0.   169961.
    87.50    118666.    165935.    467008.   4916.88          0.        0.   165935.
    88.00    112831.    161751.    465021.   4916.59          0.        0.   161751.
    88.50    107284.    157437.    462974.   4916.30          0.        0.   157437.
    89.00    102042.    153036.    460885.   4916.00          0.        0.   153036.
    89.50     97096.    148803.    458769.   4915.70          0.        0.   148803.
    90.00     92444.    144517.    456626.   4915.39          0.        0.   144517.
    90.50     88079.    140210.    454473.   4915.09          0.        0.   140210.
    91.00     83942.    135910.    452322.   4914.78          0.        0.   135910.
    91.50     80023.    131631.    450183.   4914.47          0.        0.   131631.
    92.00     76307.    127386.    448060.   4914.17          0.        0.   127386.
    92.50     72814.    123389.    445964.   4913.87          0.        0.   123389.
    93.00     69231.    119659.    443876.   4913.57          0.        0.   119659.
    93.50     65682.    115942.    441794.   4913.28          0.        0.   115942.
    94.00     62189.    112244.    439723.   4912.98          0.        0.   112244.
    94.50     58855.    108563.    437661.   4912.69          0.        0.   108563.
    95.00     55717.    104913.    435617.   4912.39          0.        0.   104913.
    95.50     52788.    101306.    433597.   4912.10          0.        0.   101306.
    96.00     50076.     97939.    431611.   4911.82          0.        0.    97939.
    96.50     47560.     94716.    429649.   4911.54          0.        0.    94716.
    97.00     45204.     91543.    427717.   4911.26          0.        0.    91543.
    97.50     43037.     88433.    425824.   4910.99          0.        0.    88433.
    98.00     41084.     85389.    423971.   4910.73          0.        0.    85389.
    98.50     39265.     82419.    422163.   4910.47          0.        0.    82419.
    99.00     37618.     79532.    420406.   4910.22          0.        0.    79532.
    99.50     36020.     76718.    418699.   4909.97          0.        0.    76718.
   100.00     34589.     73898.    417047.   4909.70          0.        0.    73898.
   100.50     33203.     71171.    415450.   4909.44          0.        0.    71171.
   101.00     31944.     68541.    413910.   4909.19          0.        0.    68541.
   101.50     30796.     66008.    412426.   4908.95          0.        0.    66008.
   102.00     29631.     63567.    410997.   4908.72          0.        0.    63567.
   102.50     28626.     61219.    409622.   4908.50          0.        0.    61219.
   103.00     27646.     58963.    408301.   4908.28          0.        0.    58963.
   103.50     26724.     56800.    407033.   4908.08          0.        0.    56800.
   104.00     25867.     54875.    405817.   4907.88          0.        0.    54875.
   104.50     25059.     53100.    404637.   4907.69          0.        0.    53100.
   105.00     24368.     51389.    403499.   4907.50          0.        0.    51389.
   105.50     23667.     49740.    402403.   4907.32          0.        0.    49740.
   106.00     22995.     48150.    401346.   4907.15          0.        0.    48150.
   106.50     22369.     46615.    400325.   4906.99          0.        0.    46615.
   107.00     21789.     45138.    399344.   4906.83          0.        0.    45138.
   107.50     21251.     43715.    398398.   4906.67          0.        0.    43715.
   108.00     20774.     42346.    397488.   4906.52          0.        0.    42346.
   108.50     20314.     41032.    396614.   4906.38          0.        0.    41032.
   109.00     19857.     39767.    395773.   4906.25          0.        0.    39767.
   109.50     19410.     38552.    394966.   4906.11          0.        0.    38552.
   110.00     18983.     37408.    394191.   4905.99          0.        0.    37408.
   110.50     18579.     36493.    393440.   4905.87          0.        0.    36493.
   111.00     18201.     35603.    392711.   4905.75          0.        0.    35603.
   111.50     17849.     34739.    392002.   4905.63          0.        0.    34739.
   112.00     17533.     33900.    391314.   4905.52          0.        0.    33900.
   112.50     17234.     33087.    390648.   4905.41          0.        0.    33087.
   113.00     16934.     32300.    390002.   4905.31          0.        0.    32300.
   113.50     16658.     31538.    389378.   4905.21          0.        0.    31538.
   114.00     16401.     30802.    388774.   4905.11          0.        0.    30802.
   114.50     16160.     30088.    388189.   4905.01          0.        0.    30088.
   115.00     15914.     29396.    387621.   4904.92          0.        0.    29396.
   115.50     15672.     28726.    387072.   4904.83          0.        0.    28726.
   116.00     15435.     28077.    386540.   4904.74          0.        0.    28077.
   116.50     15209.     27451.    386027.   4904.66          0.        0.    27451.
   117.00     15011.     26843.    385528.   4904.58          0.        0.    26843.
   117.50     14831.     26257.    385048.   4904.50          0.        0.    26257.
   118.00     14654.     25690.    384582.   4904.43          0.        0.    25690.
   118.50     14479.     25144.    384135.   4904.35          0.        0.    25144.
   119.00     14315.     24617.    383703.   4904.28          0.        0.    24617.
   119.50     14160.     24108.    383285.   4904.21          0.        0.    24108.
   120.00     14005.     23613.    382880.   4904.15          0.        0.    23613.
   120.50     13856.     23137.    382489.   4904.08          0.        0.    23137.
   121.00     13718.     22676.    382111.   4904.02          0.        0.    22676.
   121.50     13587.     22277.    381748.   4903.96          0.        0.    22277.
   122.00     13454.     21917.    381394.   4903.91          0.        0.    21917.
   122.50     13324.     21566.    381048.   4903.85          0.        0.    21566.
   123.00     13200.     21224.    380712.   4903.80          0.        0.    21224.
   123.50     13084.     20892.    380385.   4903.74          0.        0.    20892.
   124.00     12970.     20568.    380066.   4903.69          0.        0.    20568.
   124.50     12858.     20254.    379757.   4903.64          0.        0.    20254.
   125.00     12749.     19949.    379457.   4903.59          0.        0.    19949.
   125.50     12649.     19650.    379163.   4903.54          0.        0.    19650.
   126.00     12553.     19360.    378877.   4903.50          0.        0.    19360.
   126.50     12458.     19079.    378601.   4903.45          0.        0.    19079.
   127.00     12366.     18804.    378331.   4903.41          0.        0.    18804.
   127.50     12275.     18539.    378070.   4903.37          0.        0.    18539.
   128.00     12188.     18279.    377814.   4903.32          0.        0.    18279.
   128.50     12103.     18026.    377565.   4903.28          0.        0.    18026.
   129.00      8502.     17709.    377253.   4903.23          0.        0.    17709.
   129.50      8497.     17330.    376880.   4903.17          0.        0.    17330.
   130.00      8492.     16967.    376523.   4903.11          0.        0.    16967.
   130.50      8486.     16619.    376181.   4903.06          0.        0.    16619.
   131.00      8480.     16284.    375851.   4903.01          0.        0.    16284.
   131.50      8474.     15963.    375535.   4902.95          0.        0.    15963.
   132.00      8469.     15655.    375232.   4902.90          0.        0.    15655.
   132.50      8462.     15359.    374941.   4902.86          0.        0.    15359.
   133.00      8456.     15075.    374661.   4902.81          0.        0.    15075.
   133.50      8450.     14803.    374394.   4902.77          0.        0.    14803.
   134.00      8444.     14541.    374136.   4902.73          0.        0.    14541.
   134.50      8438.     14291.    373890.   4902.69          0.        0.    14291.
   135.00      8431.     14050.    373653.   4902.65          0.        0.    14050.
   135.50      8425.     13818.    373424.   4902.61          0.        0.    13818.
   136.00      8418.     13595.    373205.   4902.58          0.        0.    13595.
   136.50      8412.     13381.    372995.   4902.54          0.        0.    13381.
   137.00      8406.     13177.    372794.   4902.51          0.        0.    13177.
   137.50      8399.     12982.    372602.   4902.48          0.        0.    12982.
   138.00      8393.     12792.    372415.   4902.45          0.        0.    12792.
   138.50      8386.     12612.    372238.   4902.42          0.        0.    12612.
   139.00      8380.     12438.    372067.   4902.39          0.        0.    12438.
   139.50      8374.     12271.    371902.   4902.36          0.        0.    12271.
   140.00      8367.     12109.    371743.   4902.34          0.        0.    12109.
   140.50      8361.     11956.    371593.   4902.31          0.        0.    11956.
   141.00      8355.     11810.    371449.   4902.29          0.        0.    11810.
   141.50      8349.     11666.    371307.   4902.27          0.        0.    11666.
   142.00      8343.     11529.    371172.   4902.24          0.        0.    11529.
   142.50      8337.     11398.    371043.   4902.22          0.        0.    11398.
   143.00      8332.     11273.    370920.   4902.20          0.        0.    11273.
   143.50      8326.     11151.    370800.   4902.18          0.        0.    11151.
   144.00      8321.     11035.    370686.   4902.17          0.        0.    11035.
   144.50      8315.     10922.    370575.   4902.15          0.        0.    10922.
   145.00      8310.     10815.    370470.   4902.13          0.        0.    10815.
   145.50      8305.     10711.    370368.   4902.11          0.        0.    10711.
   146.00      8300.     10613.    370272.   4902.10          0.        0.    10613.
   146.50      8295.     10519.    370178.   4902.08          0.        0.    10519.
   147.00      8290.     10427.    370088.   4902.07          0.        0.    10427.
   147.50      8285.     10339.    370001.   4902.05          0.        0.    10339.
   148.00      8280.     10253.    369917.   4902.04          0.        0.    10253.
   148.50      8274.     10171.    369836.   4902.03          0.        0.    10171.
   149.00      8269.     10092.    369758.   4902.01          0.        0.    10092.
   149.50      8264.     10015.    369683.   4902.00          0.        0.    10015.
   150.00      8259.      9977.    369611.   4901.99          0.        0.     9977.
   150.50      8254.      9949.    369542.   4901.98          0.        0.     9949.
   151.00      8249.      9921.    369473.   4901.97          0.        0.     9921.
   151.50      8244.      9893.    369404.   4901.96          0.        0.     9893.
   152.00      8239.      9865.    369335.   4901.95          0.        0.     9865.
   152.50      8234.      9838.    369269.   4901.94          0.        0.     9838.
   153.00      8229.      9811.    369203.   4901.92          0.        0.     9811.
   153.50      8224.      9784.    369137.   4901.91          0.        0.     9784.
   154.00      8219.      9758.    369073.   4901.90          0.        0.     9758.
   154.50      8214.      9733.    369010.   4901.89          0.        0.     9733.
   155.00      8209.      9707.    368947.   4901.88          0.        0.     9707.
   155.50      8204.      9683.    368887.   4901.87          0.        0.     9683.
   156.00      8199.      9658.    368827.   4901.86          0.        0.     9658.
   156.50      8194.      9634.    368767.   4901.85          0.        0.     9634.
   157.00      8189.      9609.    368707.   4901.84          0.        0.     9609.
   157.50      8183.      9586.    368650.   4901.83          0.        0.     9586.
   158.00      8178.      9563.    368593.   4901.83          0.        0.     9563.
   158.50      8173.      9540.    368536.   4901.82          0.        0.     9540.
   159.00      8168.      9517.    368479.   4901.81          0.        0.     9517.
   159.50      8163.      9495.    368425.   4901.80          0.        0.     9495.
   160.00      8157.      9473.    368371.   4901.79          0.        0.     9473.
   160.50      8152.      9451.    368317.   4901.78          0.        0.     9451.
   161.00      8147.      9429.    368263.   4901.77          0.        0.     9429.
   161.50      8141.      9407.    368209.   4901.76          0.        0.     9407.
   162.00      8136.      9386.    368158.   4901.75          0.        0.     9386.
   162.50      8130.      9365.    368107.   4901.75          0.        0.     9365.
   163.00      8125.      9344.    368056.   4901.74          0.        0.     9344.
   163.50      8119.      9324.    368005.   4901.73          0.        0.     9324.
   164.00      8113.      9304.    367956.   4901.72          0.        0.     9304.
   164.50      8108.      9285.    367908.   4901.71          0.        0.     9285.
   165.00      8102.      9265.    367860.   4901.71          0.        0.     9265.
   165.50      8096.      9246.    367812.   4901.70          0.        0.     9246.
   166.00      8090.      9226.    367764.   4901.69          0.        0.     9226.
   166.50      8084.      9207.    367716.   4901.68          0.        0.     9207.
   167.00      8078.      9188.    367671.   4901.68          0.        0.     9188.
   167.50      8072.      9170.    367626.   4901.67          0.        0.     9170.
   168.00      8066.      9152.    367581.   4901.66          0.        0.     9152.
   168.50      8060.      9133.    367536.   4901.65          0.        0.     9133.
   169.00      8054.      9115.    367491.   4901.65          0.        0.     9115.
   169.50      8047.      9097.    367446.   4901.64          0.        0.     9097.
   170.00      8040.      9080.    367404.   4901.63          0.        0.     9080.
   170.50      8032.      9063.    367362.   4901.63          0.        0.     9063.
   171.00      8024.      9045.    367320.   4901.62          0.        0.     9045.
   171.50      8016.      9028.    367278.   4901.61          0.        0.     9028.
   172.00      8008.      9011.    367236.   4901.60          0.        0.     9011.
   172.50      7999.      8994.    367194.   4901.60          0.        0.     8994.
   173.00      7990.      8977.    367152.   4901.59          0.        0.     8977.
   173.50      7981.      8960.    367110.   4901.58          0.        0.     8960.
   174.00      7972.      8944.    367071.   4901.58          0.        0.     8944.
   174.50      7962.      8928.    367032.   4901.57          0.        0.     8928.
   175.00      7953.      8912.    366993.   4901.56          0.        0.     8912.
   175.50      7943.      8896.    366954.   4901.56          0.        0.     8896.
   176.00      7933.      8881.    366915.   4901.55          0.        0.     8881.
   176.50      7923.      8865.    366876.   4901.55          0.        0.     8865.
   177.00      7913.      8849.    366836.   4901.54          0.        0.     8849.
   177.50      7903.      8833.    366797.   4901.53          0.        0.     8833.
   178.00      7893.      8817.    366758.   4901.53          0.        0.     8817.
   178.50      7883.      8801.    366719.   4901.52          0.        0.     8801.
   179.00      7873.      8785.    366680.   4901.51          0.        0.     8785.
   179.50      7864.      8770.    366641.   4901.51          0.        0.     8770.
   180.00      7854.      8755.    366605.   4901.50          0.        0.     8755.
   180.50      7844.      8740.    366569.   4901.50          0.        0.     8740.
   181.00      7834.      8726.    366533.   4901.49          0.        0.     8726.
   181.50      7825.      8711.    366497.   4901.48          0.        0.     8711.
   182.00      7816.      8696.    366461.   4901.48          0.        0.     8696.
   182.50      7807.      8682.    366425.   4901.47          0.        0.     8682.
   183.00      7798.      8667.    366389.   4901.47          0.        0.     8667.
   183.50      7789.      8652.    366353.   4901.46          0.        0.     8652.
   184.00      7781.      8638.    366317.   4901.46          0.        0.     8638.
   184.50      7773.      8623.    366281.   4901.45          0.        0.     8623.
   185.00      7765.      8608.    366245.   4901.44          0.        0.     8608.
   185.50      7758.      8594.    366209.   4901.44          0.        0.     8594.
   186.00      7751.      8580.    366176.   4901.43          0.        0.     8580.
   186.50      7744.      8567.    366143.   4901.43          0.        0.     8567.
   187.00      7738.      8553.    366110.   4901.42          0.        0.     8553.
   187.50      7732.      8540.    366077.   4901.42          0.        0.     8540.
   188.00      7727.      8527.    366044.   4901.41          0.        0.     8527.
   188.50      7722.      8513.    366011.   4901.41          0.        0.     8513.
   189.00      7718.      8500.    365978.   4901.40          0.        0.     8500.
   189.50      7714.      8486.    365945.   4901.39          0.        0.     8486.
   190.00      7710.      8473.    365912.   4901.39          0.        0.     8473.
   190.50      7708.      8461.    365882.   4901.38          0.        0.     8461.
   191.00      7705.      8448.    365852.   4901.38          0.        0.     8448.
   191.50      7704.      8436.    365822.   4901.37          0.        0.     8436.
   192.00      7703.      8424.    365792.   4901.37          0.        0.     8424.
   192.50      7703.      8412.    365762.   4901.36          0.        0.     8412.
   193.00      7703.      8400.    365731.   4901.36          0.        0.     8400.
   193.50      7703.      8389.    365704.   4901.36          0.        0.     8389.
   194.00      7703.      8378.    365677.   4901.35          0.        0.     8378.
   194.50      7703.      8367.    365650.   4901.35          0.        0.     8367.
   195.00      7703.      8356.    365623.   4901.34          0.        0.     8356.
   195.50      7703.      8345.    365596.   4901.34          0.        0.     8345.
   196.00      7703.      8334.    365569.   4901.33          0.        0.     8334.
   196.50      7703.      8323.    365542.   4901.33          0.        0.     8323.
   197.00      7703.      8313.    365518.   4901.33          0.        0.     8313.
   197.50      7703.      8303.    365494.   4901.32          0.        0.     8303.
   198.00      7703.      8293.    365470.   4901.32          0.        0.     8293.
   198.50      7703.      8284.    365446.   4901.31          0.        0.     8284.
   199.00      7703.      8274.    365422.   4901.31          0.        0.     8274.
   199.50      7703.      8264.    365398.   4901.31          0.        0.     8264.
   200.00      7703.      8254.    365374.   4901.30          0.        0.     8254.
   200.50      7703.      8245.    365350.   4901.30          0.        0.     8245.
   201.00      7703.      8236.    365329.   4901.29          0.        0.     8236.
   201.50      7703.      8228.    365308.   4901.29          0.        0.     8228.
   202.00      7703.      8219.    365287.   4901.29          0.        0.     8219.
   202.50      7703.      8210.    365266.   4901.28          0.        0.     8210.
   203.00      7703.      8202.    365245.   4901.28          0.        0.     8202.
   203.50      7703.      8193.    365224.   4901.28          0.        0.     8193.
   204.00      7703.      8185.    365203.   4901.27          0.        0.     8185.
   204.50      7703.      8176.    365182.   4901.27          0.        0.     8176.
   205.00      7703.      8169.    365164.   4901.27          0.        0.     8169.
   205.50      7703.      8162.    365146.   4901.26          0.        0.     8162.
   206.00      7703.      8154.    365128.   4901.26          0.        0.     8154.
   206.50      7703.      8147.    365110.   4901.26          0.        0.     8147.
   207.00      7703.      8140.    365092.   4901.26          0.        0.     8140.
   207.50      7703.      8132.    365074.   4901.25          0.        0.     8132.
   208.00      7703.      8125.    365056.   4901.25          0.        0.     8125.
   208.50      7703.      8118.    365038.   4901.25          0.        0.     8118.
   209.00      7703.      8110.    365020.   4901.24          0.        0.     8110.
   209.50      7703.      8103.    365002.   4901.24          0.        0.     8103.
   210.00      7703.      8097.    364987.   4901.24          0.        0.     8097.
   210.50      7703.      8091.    364972.   4901.24          0.        0.     8091.
   211.00      7703.      8085.    364957.   4901.23          0.        0.     8085.
   211.50      7703.      8079.    364942.   4901.23          0.        0.     8079.
   212.00      7703.      8073.    364927.   4901.23          0.        0.     8073.
   212.50      7703.      8066.    364912.   4901.23          0.        0.     8066.
   213.00      7703.      8060.    364897.   4901.22          0.        0.     8060.
   213.50      7703.      8054.    364882.   4901.22          0.        0.     8054.
   214.00      7703.      8048.    364867.   4901.22          0.        0.     8048.
   214.50      7703.      8042.    364852.   4901.22          0.        0.     8042.
   215.00      7703.      8036.    364837.   4901.21          0.        0.     8036.
   215.50      7703.      8030.    364822.   4901.21          0.        0.     8030.
   216.00      7703.      8025.    364810.   4901.21          0.        0.     8025.
   216.50      7703.      8020.    364798.   4901.21          0.        0.     8020.
   217.00      7702.      8015.    364786.   4901.21          0.        0.     8015.
   217.50      7702.      8010.    364774.   4901.20          0.        0.     8010.
   218.00      7700.      8005.    364762.   4901.20          0.        0.     8005.
   218.50      7699.      8000.    364750.   4901.20          0.        0.     8000.
   219.00      7697.      7996.    364738.   4901.20          0.        0.     7996.
   219.50      7694.      7991.    364726.   4901.20          0.        0.     7991.
   220.00      7692.      7986.    364714.   4901.19          0.        0.     7986.
   220.50      7688.      7981.    364702.   4901.19          0.        0.     7981.
   221.00      7685.      7976.    364690.   4901.19          0.        0.     7976.
   221.50      7681.      7971.    364678.   4901.19          0.        0.     7971.
   222.00      7677.      7966.    364666.   4901.19          0.        0.     7966.
   222.50      7672.      7961.    364654.   4901.18          0.        0.     7961.
   223.00      7667.      7957.    364642.   4901.18          0.        0.     7957.
   223.50      7662.      7952.    364630.   4901.18          0.        0.     7952.
   224.00      7656.      7947.    364617.   4901.18          0.        0.     7947.
   224.50      7650.      7942.    364605.   4901.18          0.        0.     7942.
   225.00      7644.      7937.    364593.   4901.17          0.        0.     7937.
   225.50      7638.      7932.    364581.   4901.17          0.        0.     7932.
   226.00      7631.      7927.    364569.   4901.17          0.        0.     7927.
   226.50      7624.      7922.    364557.   4901.17          0.        0.     7922.
   227.00      7617.      7917.    364545.   4901.17          0.        0.     7917.
   227.50      7610.      7913.    364533.   4901.17          0.        0.     7913.
   228.00      7603.      7908.    364521.   4901.16          0.        0.     7908.
   228.50      7595.      7903.    364509.   4901.16          0.        0.     7903.
   229.00      7587.      7898.    364497.   4901.16          0.        0.     7898.
   229.50      7579.      7893.    364485.   4901.16          0.        0.     7893.
   230.00      7571.      7888.    364473.   4901.16          0.        0.     7888.
   230.50      7562.      7883.    364461.   4901.15          0.        0.     7883.
   231.00      7554.      7878.    364449.   4901.15          0.        0.     7878.
   231.50      7545.      7874.    364437.   4901.15          0.        0.     7874.
   232.00      7537.      7867.    364422.   4901.15          0.        0.     7867.
   232.50      7528.      7861.    364407.   4901.14          0.        0.     7861.
   233.00      7519.      7855.    364392.   4901.14          0.        0.     7855.
   233.50      7510.      7849.    364377.   4901.14          0.        0.     7849.
   234.00      7501.      7843.    364362.   4901.14          0.        0.     7843.
   234.50      7492.      7837.    364347.   4901.13          0.        0.     7837.
   235.00      7483.      7831.    364332.   4901.13          0.        0.     7831.
   235.50      7474.      7825.    364317.   4901.13          0.        0.     7825.
   236.00      7465.      7819.    364302.   4901.13          0.        0.     7819.
   236.50      7456.      7813.    364287.   4901.13          0.        0.     7813.
   237.00      7447.      7806.    364272.   4901.12          0.        0.     7806.
   237.50      7438.      7800.    364257.   4901.12          0.        0.     7800.
   238.00      7429.      7794.    364242.   4901.12          0.        0.     7794.
   238.50      7420.      7788.    364227.   4901.12          0.        0.     7788.
   239.00      7412.      7782.    364212.   4901.11          0.        0.     7782.
   239.50      7403.      7776.    364197.   4901.11          0.        0.     7776.
   240.00      7394.      7770.    364182.   4901.11          0.        0.     7770.
   240.50      7386.      7764.    364167.   4901.11          0.        0.     7764.
   241.00      7377.      7758.    364152.   4901.10          0.        0.     7758.
   241.50      7367.      7751.    364137.   4901.10          0.        0.     7751.
   242.00      7357.      7745.    364122.   4901.10          0.        0.     7745.
   242.50      7346.      7739.    364107.   4901.10          0.        0.     7739.
   243.00      7335.      7733.    364092.   4901.09          0.        0.     7733.
   243.50      7323.      7726.    364074.   4901.09          0.        0.     7726.
   244.00      7310.      7719.    364056.   4901.09          0.        0.     7719.
   244.50      7297.      7711.    364038.   4901.08          0.        0.     7711.
   245.00      7284.      7704.    364020.   4901.08          0.        0.     7704.
   245.50      7270.      7697.    364002.   4901.08          0.        0.     7697.
   246.00      7256.      7689.    363984.   4901.08          0.        0.     7689.
   246.50      7241.      7682.    363966.   4901.07          0.        0.     7682.
   247.00      7226.      7675.    363948.   4901.07          0.        0.     7675.
   247.50      7211.      7667.    363930.   4901.07          0.        0.     7667.
   248.00      7196.      7660.    363912.   4901.06          0.        0.     7660.
   248.50      7180.      7653.    363894.   4901.06          0.        0.     7653.
   249.00      7164.      7644.    363873.   4901.06          0.        0.     7644.
   249.50      7149.      7635.    363852.   4901.05          0.        0.     7635.
   250.00      7133.      7627.    363831.   4901.05          0.        0.     7627.
   250.50      7117.      7618.    363810.   4901.05          0.        0.     7618.
   251.00      7101.      7610.    363789.   4901.04          0.        0.     7610.
   251.50      7085.      7601.    363768.   4901.04          0.        0.     7601.
   252.00      7070.      7593.    363747.   4901.04          0.        0.     7593.
   252.50      7054.      7584.    363726.   4901.03          0.        0.     7584.
   253.00      7039.      7576.    363705.   4901.03          0.        0.     7576.
   253.50      7024.      7567.    363684.   4901.03          0.        0.     7567.
   254.00      7009.      7557.    363660.   4901.02          0.        0.     7557.
   254.50      6994.      7548.    363636.   4901.02          0.        0.     7548.
   255.00      6980.      7538.    363612.   4901.02          0.        0.     7538.
   255.50      6966.      7528.    363588.   4901.01          0.        0.     7528.
   256.00      6953.      7518.    363564.   4901.01          0.        0.     7518.
   256.50      6940.      7509.    363540.   4901.00          0.        0.     7509.
   257.00      6927.      7499.    363516.   4901.00          0.        0.     7499.
   257.50      6915.      7489.    363491.   4901.00          0.        0.     7489.
   258.00      6904.      7479.    363467.   4900.99          0.        0.     7479.
   258.50      6893.      7469.    363443.   4900.99          0.        0.     7469.
   259.00      6883.      7460.    363419.   4900.98          0.        0.     7460.
   259.50      6873.      7450.    363395.   4900.98          0.        0.     7450.
   260.00      6864.      7440.    363371.   4900.98          0.        0.     7440.
   260.50      6856.      7430.    363347.   4900.97          0.        0.     7430.
   261.00      6849.      7421.    363323.   4900.97          0.        0.     7421.
   261.50      6843.      7411.    363299.   4900.96          0.        0.     7411.
   262.00      6837.      7401.    363275.   4900.96          0.        0.     7401.
   262.50      6832.      7391.    363251.   4900.96          0.        0.     7391.
   263.00      6829.      7382.    363227.   4900.95          0.        0.     7382.
   263.50      6826.      7372.    363203.   4900.95          0.        0.     7372.
   264.00      6825.      7363.    363182.   4900.95          0.        0.     7363.
   264.50      6824.      7355.    363161.   4900.94          0.        0.     7355.
   265.00      6824.      7346.    363140.   4900.94          0.        0.     7346.
   265.50      6824.      7338.    363119.   4900.94          0.        0.     7338.
   266.00      6825.      7329.    363098.   4900.93          0.        0.     7329.
   266.50      6825.      7321.    363077.   4900.93          0.        0.     7321.
   267.00      6826.      7312.    363056.   4900.92          0.        0.     7312.
   267.50      6827.      7303.    363035.   4900.92          0.        0.     7303.
   268.00      6828.      7296.    363017.   4900.92          0.        0.     7296.
   268.50      6829.      7289.    362999.   4900.92          0.        0.     7289.
   269.00      6830.      7281.    362981.   4900.91          0.        0.     7281.
   269.50      6831.      7274.    362963.   4900.91          0.        0.     7274.
   270.00      6832.      7267.    362945.   4900.91          0.        0.     7267.
   270.50      6834.      7260.    362927.   4900.90          0.        0.     7260.
   271.00      6835.      7252.    362909.   4900.90          0.        0.     7252.
   271.50      6837.      7245.    362891.   4900.90          0.        0.     7245.
   272.00      6838.      7238.    362873.   4900.90          0.        0.     7238.
   272.50      6840.      7231.    362858.   4900.89          0.        0.     7231.
   273.00      6842.      7225.    362843.   4900.89          0.        0.     7225.
   273.50      6843.      7219.    362828.   4900.89          0.        0.     7219.
   274.00      6845.      7213.    362813.   4900.89          0.        0.     7213.
   274.50      6847.      7207.    362798.   4900.88          0.        0.     7207.
   275.00      6849.      7201.    362783.   4900.88          0.        0.     7201.
   275.50      6851.      7195.    362768.   4900.88          0.        0.     7195.
   276.00      6853.      7189.    362753.   4900.88          0.        0.     7189.
   276.50      6855.      7183.    362738.   4900.87          0.        0.     7183.
   277.00      6857.      7178.    362726.   4900.87          0.        0.     7178.
   277.50      6858.      7173.    362714.   4900.87          0.        0.     7173.
   278.00      6860.      7168.    362702.   4900.87          0.        0.     7168.
   278.50      6862.      7163.    362690.   4900.87          0.        0.     7163.
   279.00      6864.      7158.    362678.   4900.86          0.        0.     7158.
   279.50      6866.      7153.    362666.   4900.86          0.        0.     7153.
   280.00      6868.      7148.    362654.   4900.86          0.        0.     7148.
   280.50      6869.      7144.    362642.   4900.86          0.        0.     7144.
   281.00      6871.      7139.    362630.   4900.86          0.        0.     7139.
   281.50      6873.      7134.    362618.   4900.85          0.        0.     7134.
   282.00      6874.      7129.    362606.   4900.85          0.        0.     7129.
   282.50      6876.      7125.    362597.   4900.85          0.        0.     7125.
   283.00      6877.      7122.    362588.   4900.85          0.        0.     7122.
   283.50      6878.      7118.    362579.   4900.85          0.        0.     7118.
   284.00      6880.      7114.    362570.   4900.85          0.        0.     7114.
   284.50      6881.      7111.    362561.   4900.84          0.        0.     7111.
   285.00      6882.      7107.    362552.   4900.84          0.        0.     7107.
   285.50      6883.      7103.    362543.   4900.84          0.        0.     7103.
   286.00      6883.      7100.    362534.   4900.84          0.        0.     7100.
   286.50      6884.      7096.    362525.   4900.84          0.        0.     7096.
   287.00      6885.      7092.    362516.   4900.84          0.        0.     7092.
   287.50      6885.      7089.    362507.   4900.84          0.        0.     7089.
   288.00      6885.      7085.    362498.   4900.83          0.        0.     7085.
   288.50      6885.      7081.    362489.   4900.83          0.        0.     7081.
   289.00      6885.      7078.    362480.   4900.83          0.        0.     7078.
   289.50      6884.      7074.    362471.   4900.83          0.        0.     7074.
   290.00      6883.      7070.    362462.   4900.83          0.        0.     7070.
   290.50      6881.      7067.    362453.   4900.83          0.        0.     7067.
   291.00      6879.      7063.    362444.   4900.83          0.        0.     7063.
   291.50      6876.      7059.    362435.   4900.82          0.        0.     7059.
   292.00      6873.      7056.    362426.   4900.82          0.        0.     7056.
   292.50      6870.      7052.    362417.   4900.82          0.        0.     7052.
   293.00      6866.      7048.    362408.   4900.82          0.        0.     7048.
   293.50      6862.      7045.    362399.   4900.82          0.        0.     7045.
   294.00      6857.      7041.    362390.   4900.82          0.        0.     7041.
   294.50      6852.      7037.    362380.   4900.81          0.        0.     7037.
   295.00      6847.      7034.    362371.   4900.81          0.        0.     7034.
   295.50      6842.      7030.    362362.   4900.81          0.        0.     7030.
   296.00      6836.      7026.    362353.   4900.81          0.        0.     7026.
   296.50      6830.      7023.    362344.   4900.81          0.        0.     7023.
   297.00      6824.      7019.    362335.   4900.81          0.        0.     7019.
   297.50      6817.      7015.    362326.   4900.81          0.        0.     7015.
   298.00      6811.      7012.    362317.   4900.80          0.        0.     7012.
   298.50      6804.      7008.    362308.   4900.80          0.        0.     7008.
   299.00      6797.      7004.    362299.   4900.80          0.        0.     7004.
   299.50      6790.      7001.    362290.   4900.80          0.        0.     7001.
   300.00      6783.      6997.    362281.   4900.80          0.        0.     6997.
   300.50      6776.      6993.    362272.   4900.80          0.        0.     6993.
   301.00      6769.      6990.    362263.   4900.80          0.        0.     6990.
   301.50      6761.      6986.    362254.   4900.79          0.        0.     6986.
   302.00      6754.      6982.    362245.   4900.79          0.        0.     6982.
   302.50      6747.      6979.    362236.   4900.79          0.        0.     6979.
   303.00      6739.      6975.    362227.   4900.79          0.        0.     6975.
   303.50      6732.      6971.    362218.   4900.79          0.        0.     6971.
   304.00      6725.      6968.    362209.   4900.79          0.        0.     6968.
   304.50      6718.      6964.    362200.   4900.79          0.        0.     6964.
   305.00      6711.      6960.    362191.   4900.78          0.        0.     6960.
   305.50      6704.      6957.    362182.   4900.78          0.        0.     6957.
   306.00      6697.      6953.    362173.   4900.78          0.        0.     6953.
   306.50      6690.      6948.    362161.   4900.78          0.        0.     6948.
   307.00      6684.      6943.    362149.   4900.78          0.        0.     6943.
   307.50      6678.      6938.    362137.   4900.78          0.        0.     6938.
   308.00      6672.      6934.    362125.   4900.77          0.        0.     6934.
   308.50      6666.      6929.    362113.   4900.77          0.        0.     6929.
   309.00      6660.      6924.    362101.   4900.77          0.        0.     6924.
   309.50      6655.      6919.    362089.   4900.77          0.        0.     6919.
   310.00      6650.      6914.    362077.   4900.77          0.        0.     6914.
   310.50      6645.      6909.    362065.   4900.76          0.        0.     6909.
   311.00      6641.      6904.    362053.   4900.76          0.        0.     6904.
   311.50      6637.      6899.    362041.   4900.76          0.        0.     6899.
   312.00      6633.      6895.    362029.   4900.76          0.        0.     6895.
   312.50      6630.      6890.    362017.   4900.76          0.        0.     6890.
   313.00      6627.      6885.    362005.   4900.75          0.        0.     6885.
   313.50      6624.      6880.    361993.   4900.75          0.        0.     6880.
   314.00      6621.      6875.    361981.   4900.75          0.        0.     6875.
   314.50      6619.      6871.    361972.   4900.75          0.        0.     6871.
   315.00      6616.      6868.    361963.   4900.75          0.        0.     6868.
   315.50      6614.      6864.    361954.   4900.75          0.        0.     6864.
   316.00      6611.      6860.    361945.   4900.74          0.        0.     6860.
   316.50      6609.      6857.    361936.   4900.74          0.        0.     6857.
   317.00      6607.      6853.    361927.   4900.74          0.        0.     6853.
   317.50      6604.      6849.    361918.   4900.74          0.        0.     6849.
   318.00      6602.      6846.    361909.   4900.74          0.        0.     6846.
   318.50      6600.      6842.    361900.   4900.74          0.        0.     6842.
   319.00      6598.      6838.    361891.   4900.74          0.        0.     6838.
   319.50      6596.      6835.    361882.   4900.73          0.        0.     6835.
   320.00      6594.      6831.    361873.   4900.73          0.        0.     6831.
   320.50      6593.      6827.    361864.   4900.73          0.        0.     6827.
   321.00      6591.      6824.    361855.   4900.73          0.        0.     6824.
   321.50      6589.      6820.    361846.   4900.73          0.        0.     6820.
   322.00      6587.      6816.    361837.   4900.73          0.        0.     6816.
   322.50      6586.      6813.    361828.   4900.73          0.        0.     6813.
   323.00      6584.      6809.    361819.   4900.72          0.        0.     6809.
   323.50      6582.      6805.    361810.   4900.72          0.        0.     6805.
   324.00      6580.      6802.    361801.   4900.72          0.        0.     6802.
   324.50      6579.      6798.    361792.   4900.72          0.        0.     6798.
   325.00      6577.      6794.    361783.   4900.72          0.        0.     6794.
   325.50      6575.      6791.    361774.   4900.72          0.        0.     6791.
   326.00      6574.      6787.    361765.   4900.71          0.        0.     6787.
   326.50      6572.      6783.    361756.   4900.71          0.        0.     6783.
   327.00      6570.      6780.    361747.   4900.71          0.        0.     6780.
   327.50      6569.      6776.    361738.   4900.71          0.        0.     6776.
   328.00      6567.      6772.    361729.   4900.71          0.        0.     6772.
   328.50      6565.      6769.    361720.   4900.71          0.        0.     6769.
   329.00      6563.      6765.    361711.   4900.71          0.        0.     6765.
   329.50      6561.      6761.    361702.   4900.70          0.        0.     6761.
   330.00      6559.      6758.    361693.   4900.70          0.        0.     6758.
   330.50      6557.      6754.    361684.   4900.70          0.        0.     6754.
   331.00      6555.      6750.    361675.   4900.70          0.        0.     6750.
   331.50      6553.      6747.    361666.   4900.70          0.        0.     6747.
   332.00      6551.      6743.    361657.   4900.70          0.        0.     6743.
   332.50      6549.      6740.    361648.   4900.70          0.        0.     6740.
   333.00      6546.      6736.    361639.   4900.69          0.        0.     6736.
   333.50      6544.      6732.    361630.   4900.69          0.        0.     6732.
   334.00      6542.      6729.    361621.   4900.69          0.        0.     6729.
   334.50      6539.      6725.    361612.   4900.69          0.        0.     6725.
   335.00      6536.      6721.    361603.   4900.69          0.        0.     6721.
   335.50      6534.      6718.    361594.   4900.69          0.        0.     6718.
   336.00      6531.      6714.    361585.   4900.69          0.        0.     6714.
   336.50      6528.      6710.    361576.   4900.68          0.        0.     6710.
   337.00      6525.      6708.    361570.   4900.68          0.        0.     6708.
   337.50      6521.      6704.    361561.   4900.68          0.        0.     6704.
   338.00      6518.      6700.    361552.   4900.68          0.        0.     6700.
   338.50      6514.      6697.    361543.   4900.68          0.        0.     6697.
   339.00      6511.      6693.    361534.   4900.68          0.        0.     6693.
   339.50      6507.      6689.    361525.   4900.68          0.        0.     6689.
   340.00      6503.      6686.    361516.   4900.67          0.        0.     6686.
   340.50      6499.      6682.    361507.   4900.67          0.        0.     6682.
   341.00      6495.      6678.    361498.   4900.67          0.        0.     6678.
   341.50      6491.      6675.    361489.   4900.67          0.        0.     6675.
   342.00      6486.      6671.    361480.   4900.67          0.        0.     6671.
   342.50      6482.      6667.    361471.   4900.67          0.        0.     6667.
   343.00      6477.      6664.    361462.   4900.67          0.        0.     6664.
   343.50      6473.      6660.    361453.   4900.66          0.        0.     6660.
   344.00      6468.      6656.    361444.   4900.66          0.        0.     6656.
   344.50      6463.      6653.    361435.   4900.66          0.        0.     6653.
   345.00      6458.      6649.    361426.   4900.66          0.        0.     6649.
   345.50      6453.      6646.    361417.   4900.66          0.        0.     6646.
   346.00      6448.      6642.    361408.   4900.66          0.        0.     6642.
   346.50      6443.      6638.    361399.   4900.66          0.        0.     6638.
   347.00      6437.      6635.    361390.   4900.65          0.        0.     6635.
   347.50      6432.      6631.    361381.   4900.65          0.        0.     6631.
   348.00      6427.      6627.    361372.   4900.65          0.        0.     6627.
   348.50      6421.      6624.    361363.   4900.65          0.        0.     6624.
   349.00      6415.      6620.    361354.   4900.65          0.        0.     6620.
   349.50      6410.      6616.    361345.   4900.65          0.        0.     6616.
   350.00      6404.      6613.    361336.   4900.65          0.        0.     6613.
   350.50      6398.      6609.    361327.   4900.64          0.        0.     6609.
   351.00      6392.      6605.    361318.   4900.64          0.        0.     6605.
   351.50      6386.      6602.    361309.   4900.64          0.        0.     6602.
   352.00      6380.      6598.    361300.   4900.64          0.        0.     6598.
   352.50      6374.      6594.    361291.   4900.64          0.        0.     6594.
   353.00      6368.      6591.    361282.   4900.64          0.        0.     6591.
   353.50      6362.      6587.    361273.   4900.63          0.        0.     6587.
   354.00      6356.      6583.    361263.   4900.63          0.        0.     6583.
   354.50      6350.      6580.    361254.   4900.63          0.        0.     6580.
   355.00      6343.      6576.    361245.   4900.63          0.        0.     6576.
   355.50      6337.      6572.    361236.   4900.63          0.        0.     6572.
   356.00      6331.      6569.    361227.   4900.63          0.        0.     6569.
   356.50      6324.      6565.    361218.   4900.63          0.        0.     6565.
   357.00      6318.      6561.    361209.   4900.62          0.        0.     6561.
   357.50      6311.      6558.    361200.   4900.62          0.        0.     6558.
   358.00      6305.      6554.    361191.   4900.62          0.        0.     6554.
   358.50      6298.      6550.    361182.   4900.62          0.        0.     6550.
   359.00      6292.      6547.    361173.   4900.62          0.        0.     6547.
   359.50      6285.      6542.    361161.   4900.62          0.        0.     6542.
   360.00      6279.      6537.    361149.   4900.61          0.        0.     6537.
1



      INFLOW DATA                           STORAGE DATA
      ***********                           ************
     TIME    INFLOW                     ELEVATION     STORAGE

     0.50      5527.                      4753.20          0.
     1.00      5557.                      4754.00          5.
     1.50      5587.                      4760.00        853.
     2.00      5617.                      4770.00       5056.
     2.50      5647.                      4780.00      11677.
     3.00      5677.                      4790.00      20701.
     3.50      5707.                      4800.00      32214.
     4.00      5737.                      4810.00      46676.
     4.50      5766.                      4820.00      64861.
     5.00      5796.                      4830.00      86629.
     5.50      5825.                      4840.00     112286.
     6.00      5855.                      4850.00     141401.
     6.50      5884.                      4860.00     174439.
     7.00      5913.                      4870.00     212059.
     7.50      5941.                      4880.00     254696.
     8.00      5970.                      4890.00     303066.
     8.50      5999.                      4900.00     357369.
     9.00      6027.                      4910.00     418864.
     9.50      6056.                      4920.00     488871.
    10.00      6084.                      4924.00     519654.
    10.50      6112.                      4924.50     523636.
    11.00      6140.                      4925.00     527626.
    11.50      6167.                      4925.50     531626.
    12.00      6195.                      4926.00     535626.
    12.50      6222.                      4930.00     569747.
    13.00      6249.                      4935.00     604527.
    13.50      6276.
    14.00      6303.
    14.50      6330.
    15.00      6357.
    15.50      6383.
    16.00      6409.
    16.50      6435.
    17.00      6461.
    17.50      6487.
    18.00      6512.
    18.50      6537.
    19.00      6562.
    19.50      6587.
    20.00      6612.
    20.50      6636.
    21.00      6661.
    21.50      6685.
    22.00      6708.
    22.50      6732.
    23.00      6755.
    23.50      6778.
    24.00      6801.
    24.50      6824.
    25.00      6846.
    25.50      6869.
    26.00      6890.
    26.50      6912.
    27.00      6934.
    27.50      6955.
    28.00      6976.
    28.50      6997.
    29.00      7017.
    29.50      7038.
    30.00      7058.
    30.50      7078.
    31.00      7098.
    31.50      7117.
    32.00      7137.
    32.50      7156.
    33.00      7175.
    33.50      7195.
    34.00      7214.
    34.50      7233.
    35.00      7251.
    35.50      7270.
    36.00      7289.
    36.50      7307.
    37.00      7326.
    37.50      7344.
    38.00      7363.
    38.50      7381.
    39.00      7399.
    39.50      7418.
    40.00      7436.
    40.50      7454.
    41.00      7473.
    41.50      7491.
    42.00      7509.
    42.50      7528.
    43.00      7546.
    43.50      7565.
    44.00      7583.
    44.50      7602.
    45.00      7620.
    45.50      7639.
    46.00      7658.
    46.50      7677.
    47.00      7696.
    47.50      7715.
    48.00      7734.
    48.50      7754.
    49.00      7773.
    49.50      7794.
    50.00      7815.
    50.50      7838.
    51.00      7860.
    51.50      7883.
    52.00      7907.
    52.50      7931.
    53.00      7956.
    53.50      7981.
    54.00      8006.
    54.50      8032.
    55.00      8058.
    55.50      8084.
    56.00      8110.
    56.50      8136.
    57.00      8162.
    57.50      8197.
    58.00      8267.
    58.50      8353.
    59.00      8448.
    59.50      8562.
    60.00      8781.
    60.50      9228.
    61.00      9925.
    61.50     11018.
    62.00     13518.
    62.50     25465.
    63.00     83632.
    63.50    112841.
    64.00    128939.
    64.50    141826.
    65.00    153949.
    65.50    166025.
    66.00    177747.
    66.50    187914.
    67.00    196579.
    67.50    204617.
    68.00    212908.
    68.50    221735.
    69.00    230613.
    69.50    238815.
    70.00    245819.
    70.50    251436.
    71.00    255523.
    71.50    257957.
    72.00    258778.
    72.50    258352.
    73.00    257275.
    73.50    255993.
    74.00    254633.
    74.50    253224.
    75.00    251821.
    75.50    250382.
    76.00    248599.
    76.50    246243.
    77.00    243602.
    77.50    240786.
    78.00    237070.
    78.50    232531.
    79.00    227471.
    79.50    222032.
    80.00    216255.
    80.50    210182.
    81.00    203871.
    81.50    197375.
    82.00    190759.
    82.50    184101.
    83.00    177435.
    83.50    170768.
    84.00    164097.
    84.50    157425.
    85.00    150765.
    85.50    144146.
    86.00    137579.
    86.50    131094.
    87.00    124766.
    87.50    118666.
    88.00    112831.
    88.50    107284.
    89.00    102042.
    89.50     97096.
    90.00     92444.
    90.50     88079.
    91.00     83942.
    91.50     80023.
    92.00     76307.
    92.50     72814.
    93.00     69231.
    93.50     65682.
    94.00     62189.
    94.50     58855.
    95.00     55717.
    95.50     52788.
    96.00     50076.
    96.50     47560.
    97.00     45204.
    97.50     43037.
    98.00     41084.
    98.50     39265.
    99.00     37618.
    99.50     36020.
   100.00     34589.
   100.50     33203.
   101.00     31944.
   101.50     30796.
   102.00     29631.
   102.50     28626.
   103.00     27646.
   103.50     26724.
   104.00     25867.
   104.50     25059.
   105.00     24368.
   105.50     23667.
   106.00     22995.
   106.50     22369.
   107.00     21789.
   107.50     21251.
   108.00     20774.
   108.50     20314.
   109.00     19857.
   109.50     19410.
   110.00     18983.
   110.50     18579.
   111.00     18201.
   111.50     17849.
   112.00     17533.
   112.50     17234.
   113.00     16934.
   113.50     16658.
   114.00     16401.
   114.50     16160.
   115.00     15914.
   115.50     15672.
   116.00     15435.
   116.50     15209.
   117.00     15011.
   117.50     14831.
   118.00     14654.
   118.50     14479.
   119.00     14315.
   119.50     14160.
   120.00     14005.
   120.50     13856.
   121.00     13718.
   121.50     13587.
   122.00     13454.
   122.50     13324.
   123.00     13200.
   123.50     13084.
   124.00     12970.
   124.50     12858.
   125.00     12749.
   125.50     12649.
   126.00     12553.
   126.50     12458.
   127.00     12366.
   127.50     12275.
   128.00     12188.
   128.50     12103.
   129.00      8502.
   129.50      8497.
   130.00      8492.
   130.50      8486.
   131.00      8480.
   131.50      8474.
   132.00      8469.
   132.50      8462.
   133.00      8456.
   133.50      8450.
   134.00      8444.
   134.50      8438.
   135.00      8431.
   135.50      8425.
   136.00      8418.
   136.50      8412.
   137.00      8406.
   137.50      8399.
   138.00      8393.
   138.50      8386.
   139.00      8380.
   139.50      8374.
   140.00      8367.
   140.50      8361.
   141.00      8355.
   141.50      8349.
   142.00      8343.
   142.50      8337.
   143.00      8332.
   143.50      8326.
   144.00      8321.
   144.50      8315.
   145.00      8310.
   145.50      8305.
   146.00      8300.
   146.50      8295.
   147.00      8290.
   147.50      8285.
   148.00      8280.
   148.50      8274.
   149.00      8269.
   149.50      8264.
   150.00      8259.
   150.50      8254.
   151.00      8249.
   151.50      8244.
   152.00      8239.
   152.50      8234.
   153.00      8229.
   153.50      8224.
   154.00      8219.
   154.50      8214.
   155.00      8209.
   155.50      8204.
   156.00      8199.
   156.50      8194.
   157.00      8189.
   157.50      8183.
   158.00      8178.
   158.50      8173.
   159.00      8168.
   159.50      8163.
   160.00      8157.
   160.50      8152.
   161.00      8147.
   161.50      8141.
   162.00      8136.
   162.50      8130.
   163.00      8125.
   163.50      8119.
   164.00      8113.
   164.50      8108.
   165.00      8102.
   165.50      8096.
   166.00      8090.
   166.50      8084.
   167.00      8078.
   167.50      8072.
   168.00      8066.
   168.50      8060.
   169.00      8054.
   169.50      8047.
   170.00      8040.
   170.50      8032.
   171.00      8024.
   171.50      8016.
   172.00      8008.
   172.50      7999.
   173.00      7990.
   173.50      7981.
   174.00      7972.
   174.50      7962.
   175.00      7953.
   175.50      7943.
   176.00      7933.
   176.50      7923.
   177.00      7913.
   177.50      7903.
   178.00      7893.
   178.50      7883.
   179.00      7873.
   179.50      7864.
   180.00      7854.
   180.50      7844.
   181.00      7834.
   181.50      7825.
   182.00      7816.
   182.50      7807.
   183.00      7798.
   183.50      7789.
   184.00      7781.
   184.50      7773.
   185.00      7765.
   185.50      7758.
   186.00      7751.
   186.50      7744.
   187.00      7738.
   187.50      7732.
   188.00      7727.
   188.50      7722.
   189.00      7718.
   189.50      7714.
   190.00      7710.
   190.50      7708.
   191.00      7705.
   191.50      7704.
   192.00      7703.
   192.50      7703.
   193.00      7703.
   193.50      7703.
   194.00      7703.
   194.50      7703.
   195.00      7703.
   195.50      7703.
   196.00      7703.
   196.50      7703.
   197.00      7703.
   197.50      7703.
   198.00      7703.
   198.50      7703.
   199.00      7703.
   199.50      7703.
   200.00      7703.
   200.50      7703.
   201.00      7703.
   201.50      7703.
   202.00      7703.
   202.50      7703.
   203.00      7703.
   203.50      7703.
   204.00      7703.
   204.50      7703.
   205.00      7703.
   205.50      7703.
   206.00      7703.
   206.50      7703.
   207.00      7703.
   207.50      7703.
   208.00      7703.
   208.50      7703.
   209.00      7703.
   209.50      7703.
   210.00      7703.
   210.50      7703.
   211.00      7703.
   211.50      7703.
   212.00      7703.
   212.50      7703.
   213.00      7703.
   213.50      7703.
   214.00      7703.
   214.50      7703.
   215.00      7703.
   215.50      7703.
   216.00      7703.
   216.50      7703.
   217.00      7702.
   217.50      7702.
   218.00      7700.
   218.50      7699.
   219.00      7697.
   219.50      7694.
   220.00      7692.
   220.50      7688.
   221.00      7685.
   221.50      7681.
   222.00      7677.
   222.50      7672.
   223.00      7667.
   223.50      7662.
   224.00      7656.
   224.50      7650.
   225.00      7644.
   225.50      7638.
   226.00      7631.
   226.50      7624.
   227.00      7617.
   227.50      7610.
   228.00      7603.
   228.50      7595.
   229.00      7587.
   229.50      7579.
   230.00      7571.
   230.50      7562.
   231.00      7554.
   231.50      7545.
   232.00      7537.
   232.50      7528.
   233.00      7519.
   233.50      7510.
   234.00      7501.
   234.50      7492.
   235.00      7483.
   235.50      7474.
   236.00      7465.
   236.50      7456.
   237.00      7447.
   237.50      7438.
   238.00      7429.
   238.50      7420.
   239.00      7412.
   239.50      7403.
   240.00      7394.
   240.50      7386.
   241.00      7377.
   241.50      7367.
   242.00      7357.
   242.50      7346.
   243.00      7335.
   243.50      7323.
   244.00      7310.
   244.50      7297.
   245.00      7284.
   245.50      7270.
   246.00      7256.
   246.50      7241.
   247.00      7226.
   247.50      7211.
   248.00      7196.
   248.50      7180.
   249.00      7164.
   249.50      7149.
   250.00      7133.
   250.50      7117.
   251.00      7101.
   251.50      7085.
   252.00      7070.
   252.50      7054.
   253.00      7039.
   253.50      7024.
   254.00      7009.
   254.50      6994.
   255.00      6980.
   255.50      6966.
   256.00      6953.
   256.50      6940.
   257.00      6927.
   257.50      6915.
   258.00      6904.
   258.50      6893.
   259.00      6883.
   259.50      6873.
   260.00      6864.
   260.50      6856.
   261.00      6849.
   261.50      6843.
   262.00      6837.
   262.50      6832.
   263.00      6829.
   263.50      6826.
   264.00      6825.
   264.50      6824.
   265.00      6824.
   265.50      6824.
   266.00      6825.
   266.50      6825.
   267.00      6826.
   267.50      6827.
   268.00      6828.
   268.50      6829.
   269.00      6830.
   269.50      6831.
   270.00      6832.
   270.50      6834.
   271.00      6835.
   271.50      6837.
   272.00      6838.
   272.50      6840.
   273.00      6842.
   273.50      6843.
   274.00      6845.
   274.50      6847.
   275.00      6849.
   275.50      6851.
   276.00      6853.
   276.50      6855.
   277.00      6857.
   277.50      6858.
   278.00      6860.
   278.50      6862.
   279.00      6864.
   279.50      6866.
   280.00      6868.
   280.50      6869.
   281.00      6871.
   281.50      6873.
   282.00      6874.
   282.50      6876.
   283.00      6877.
   283.50      6878.
   284.00      6880.
   284.50      6881.
   285.00      6882.
   285.50      6883.
   286.00      6883.
   286.50      6884.
   287.00      6885.
   287.50      6885.
   288.00      6885.
   288.50      6885.
   289.00      6885.
   289.50      6884.
   290.00      6883.
   290.50      6881.
   291.00      6879.
   291.50      6876.
   292.00      6873.
   292.50      6870.
   293.00      6866.
   293.50      6862.
   294.00      6857.
   294.50      6852.
   295.00      6847.
   295.50      6842.
   296.00      6836.
   296.50      6830.
   297.00      6824.
   297.50      6817.
   298.00      6811.
   298.50      6804.
   299.00      6797.
   299.50      6790.
   300.00      6783.
   300.50      6776.
   301.00      6769.
   301.50      6761.
   302.00      6754.
   302.50      6747.
   303.00      6739.
   303.50      6732.
   304.00      6725.
   304.50      6718.
   305.00      6711.
   305.50      6704.
   306.00      6697.
   306.50      6690.
   307.00      6684.
   307.50      6678.
   308.00      6672.
   308.50      6666.
   309.00      6660.
   309.50      6655.
   310.00      6650.
   310.50      6645.
   311.00      6641.
   311.50      6637.
   312.00      6633.
   312.50      6630.
   313.00      6627.
   313.50      6624.
   314.00      6621.
   314.50      6619.
   315.00      6616.
   315.50      6614.
   316.00      6611.
   316.50      6609.
   317.00      6607.
   317.50      6604.
   318.00      6602.
   318.50      6600.
   319.00      6598.
   319.50      6596.
   320.00      6594.
   320.50      6593.
   321.00      6591.
   321.50      6589.
   322.00      6587.
   322.50      6586.
   323.00      6584.
   323.50      6582.
   324.00      6580.
   324.50      6579.
   325.00      6577.
   325.50      6575.
   326.00      6574.
   326.50      6572.
   327.00      6570.
   327.50      6569.
   328.00      6567.
   328.50      6565.
   329.00      6563.
   329.50      6561.
   330.00      6559.
   330.50      6557.
   331.00      6555.
   331.50      6553.
   332.00      6551.
   332.50      6549.
   333.00      6546.
   333.50      6544.
   334.00      6542.
   334.50      6539.
   335.00      6536.
   335.50      6534.
   336.00      6531.
   336.50      6528.
   337.00      6525.
   337.50      6521.
   338.00      6518.
   338.50      6514.
   339.00      6511.
   339.50      6507.
   340.00      6503.
   340.50      6499.
   341.00      6495.
   341.50      6491.
   342.00      6486.
   342.50      6482.
   343.00      6477.
   343.50      6473.
   344.00      6468.
   344.50      6463.
   345.00      6458.
   345.50      6453.
   346.00      6448.
   346.50      6443.
   347.00      6437.
   347.50      6432.
   348.00      6427.
   348.50      6421.
   349.00      6415.
   349.50      6410.
   350.00      6404.
   350.50      6398.
   351.00      6392.
   351.50      6386.
   352.00      6380.
   352.50      6374.
   353.00      6368.
   353.50      6362.
   354.00      6356.
   354.50      6350.
   355.00      6343.
   355.50      6337.
   356.00      6331.
   356.50      6324.
   357.00      6318.
   357.50      6311.
   358.00      6305.
   358.50      6298.
   359.00      6292.
   359.50      6285.
   360.00      6279.
1


  DISCHARGE VS ELEVATION
  **********************
  ELEVATION  DISCHARGE

    4880.49      5000.
    4890.00      5000.
    4898.70      5000.
    4900.00      5000.
    4902.00     10000.
    4904.00     22500.
    4906.00     37500.
    4908.00     56000.
    4910.00     77000.
    4912.00    100000.
    4914.00    125000.
    4916.00    153000.
    4920.00    212000.
    4924.00    270000.
    4928.00    328000.
    4930.00    357000.
    4935.00    429500.