
                     UNITED STATES BUREAU OF RECLAMATION
                       ENGINEERING AND RESEARCH CENTER

                            FLOOD ROUTING FOR DAMS
                            ----------------------

      FEATURE: Pueblo Dam                               DATE    **/ 1/  26
      FLOOD: TREX Test Run & PMF snow                   TIME    **:**:03.**
      TITLE: Full TREX Routing             
      DATA FILE: fs5-5sn.in                                                     

      FLOOD ROUTING SUMMARY
      *********************

         BEGINNING HOUR OF ROUTING.......................      0.50
         ENDING HOUR OF ROUTING..........................    360.00
         INITIAL RESERVOIR ELEVATION.....................   4880.49 FT
         MINIMUM OR NORMAL POOL ELEV.....................   4880.49 FT
         MAXIMUM RESERVOIR ELEVATION.....   4914.04 AT HOUR   83.50
         INFLOW PEAK DISCHARGE...........   186771. AT HOUR   73.00
         MAXIMUM TOTAL OUTFLOW...........   125595. AT HOUR   83.50
         ELEVATION TOLERANCE.............................    0.0100 FT
         INFLOW HYDROGRAPH ADJUSTMENT FACTOR.............      1.00
         IPC OPTIONS (1 TO 10)...........................3100100021

      WATERWAY PARAMETERS
      *******************

         WATERWAY NO. 1 - Top of Dam                    

         TYPE-BROAD OR SHARP CRESTED WEIR
         CONSTANT DISCHARGE COEFFICIENT..................      2.67
         CREST ELEVATION.................................   4925.25 FT
         CREST LENGTH....................................   1200.50 FT
         MAXIMUM DISCHARGE...............        0. AT HOUR    0.50

         WATERWAY NO. 2 - Embankment "wings"            

         TYPE-BROAD OR SHARP CRESTED WEIR
         CONSTANT DISCHARGE COEFFICIENT..................      2.62
         CREST ELEVATION.................................   4925.00 FT
         CREST LENGTH....................................   8480.00 FT
         MAXIMUM DISCHARGE...............        0. AT HOUR    0.50
1

                     ROUTING RESULTS                          DISCHARGE RESULTS
                     ***************                          *****************

    TIME     INFLOW    OUTFLOW    STORAGE   ELEVATION        WATERWAY         RATING
                                                           1         2        CURVE

     0.50      5527.      5000.    257067.   4880.49          0.        0.     5000.
     1.00      5557.      5000.    257089.   4880.49          0.        0.     5000.
     1.50      5587.      5000.    257112.   4880.50          0.        0.     5000.
     2.00      5617.      5000.    257138.   4880.50          0.        0.     5000.
     2.50      5647.      5000.    257164.   4880.51          0.        0.     5000.
     3.00      5677.      5000.    257192.   4880.52          0.        0.     5000.
     3.50      5707.      5000.    257221.   4880.52          0.        0.     5000.
     4.00      5737.      5000.    257251.   4880.53          0.        0.     5000.
     4.50      5766.      5000.    257282.   4880.53          0.        0.     5000.
     5.00      5796.      5000.    257315.   4880.54          0.        0.     5000.
     5.50      5825.      5000.    257348.   4880.55          0.        0.     5000.
     6.00      5855.      5000.    257384.   4880.56          0.        0.     5000.
     6.50      5884.      5000.    257419.   4880.56          0.        0.     5000.
     7.00      5913.      5000.    257457.   4880.57          0.        0.     5000.
     7.50      5941.      5000.    257495.   4880.58          0.        0.     5000.
     8.00      5970.      5000.    257535.   4880.59          0.        0.     5000.
     8.50      5999.      5000.    257575.   4880.60          0.        0.     5000.
     9.00      6027.      5000.    257618.   4880.60          0.        0.     5000.
     9.50      6056.      5000.    257660.   4880.61          0.        0.     5000.
    10.00      6084.      5000.    257705.   4880.62          0.        0.     5000.
    10.50      6112.      5000.    257750.   4880.63          0.        0.     5000.
    11.00      6140.      5000.    257797.   4880.64          0.        0.     5000.
    11.50      6167.      5000.    257844.   4880.65          0.        0.     5000.
    12.00      6195.      5000.    257894.   4880.66          0.        0.     5000.
    12.50      6222.      5000.    257944.   4880.67          0.        0.     5000.
    13.00      6249.      5000.    257995.   4880.68          0.        0.     5000.
    13.50      6276.      5000.    258047.   4880.69          0.        0.     5000.
    14.00      6303.      5000.    258102.   4880.70          0.        0.     5000.
    14.50      6330.      5000.    258156.   4880.72          0.        0.     5000.
    15.00      6357.      5000.    258213.   4880.73          0.        0.     5000.
    15.50      6383.      5000.    258269.   4880.74          0.        0.     5000.
    16.00      6409.      5000.    258326.   4880.75          0.        0.     5000.
    16.50      6435.      5000.    258385.   4880.76          0.        0.     5000.
    17.00      6461.      5000.    258444.   4880.77          0.        0.     5000.
    17.50      6487.      5000.    258506.   4880.79          0.        0.     5000.
    18.00      6512.      5000.    258567.   4880.80          0.        0.     5000.
    18.50      6537.      5000.    258631.   4880.81          0.        0.     5000.
    19.00      6562.      5000.    258695.   4880.83          0.        0.     5000.
    19.50      6587.      5000.    258761.   4880.84          0.        0.     5000.
    20.00      6612.      5000.    258827.   4880.85          0.        0.     5000.
    20.50      6636.      5000.    258893.   4880.87          0.        0.     5000.
    21.00      6661.      5000.    258961.   4880.88          0.        0.     5000.
    21.50      6685.      5000.    259030.   4880.90          0.        0.     5000.
    22.00      6708.      5000.    259101.   4880.91          0.        0.     5000.
    22.50      6732.      5000.    259172.   4880.93          0.        0.     5000.
    23.00      6755.      5000.    259245.   4880.94          0.        0.     5000.
    23.50      6778.      5000.    259318.   4880.96          0.        0.     5000.
    24.00      6801.      5000.    259391.   4880.97          0.        0.     5000.
    24.50      6824.      5000.    259467.   4880.99          0.        0.     5000.
    25.00      6846.      5000.    259542.   4881.00          0.        0.     5000.
    25.50      6869.      5000.    259618.   4881.02          0.        0.     5000.
    26.00      6890.      5000.    259696.   4881.03          0.        0.     5000.
    26.50      6912.      5000.    259774.   4881.05          0.        0.     5000.
    27.00      6934.      5000.    259854.   4881.07          0.        0.     5000.
    27.50      6955.      5000.    259935.   4881.08          0.        0.     5000.
    28.00      6976.      5000.    260015.   4881.10          0.        0.     5000.
    28.50      6997.      5000.    260097.   4881.12          0.        0.     5000.
    29.00      7017.      5000.    260180.   4881.13          0.        0.     5000.
    29.50      7038.      5000.    260263.   4881.15          0.        0.     5000.
    30.00      7058.      5000.    260348.   4881.17          0.        0.     5000.
    30.50      7078.      5000.    260433.   4881.19          0.        0.     5000.
    31.00      7098.      5000.    260520.   4881.20          0.        0.     5000.
    31.50      7117.      5000.    260608.   4881.22          0.        0.     5000.
    32.00      7137.      5000.    260695.   4881.24          0.        0.     5000.
    32.50      7156.      5000.    260785.   4881.26          0.        0.     5000.
    33.00      7175.      5000.    260875.   4881.28          0.        0.     5000.
    33.50      7195.      5000.    260964.   4881.30          0.        0.     5000.
    34.00      7214.      5000.    261056.   4881.31          0.        0.     5000.
    34.50      7233.      5000.    261148.   4881.33          0.        0.     5000.
    35.00      7251.      5000.    261241.   4881.35          0.        0.     5000.
    35.50      7270.      5000.    261335.   4881.37          0.        0.     5000.
    36.00      7289.      5000.    261430.   4881.39          0.        0.     5000.
    36.50      7307.      5000.    261524.   4881.41          0.        0.     5000.
    37.00      7326.      5000.    261621.   4881.43          0.        0.     5000.
    37.50      7344.      5000.    261718.   4881.45          0.        0.     5000.
    38.00      7363.      5000.    261815.   4881.47          0.        0.     5000.
    38.50      7381.      5000.    261914.   4881.49          0.        0.     5000.
    39.00      7399.      5000.    262013.   4881.51          0.        0.     5000.
    39.50      7418.      5000.    262112.   4881.53          0.        0.     5000.
    40.00      7436.      5000.    262211.   4881.55          0.        0.     5000.
    40.50      7454.      5000.    262313.   4881.57          0.        0.     5000.
    41.00      7473.      5000.    262414.   4881.60          0.        0.     5000.
    41.50      7491.      5000.    262516.   4881.62          0.        0.     5000.
    42.00      7509.      5000.    262620.   4881.64          0.        0.     5000.
    42.50      7528.      5000.    262724.   4881.66          0.        0.     5000.
    43.00      7546.      5000.    262828.   4881.68          0.        0.     5000.
    43.50      7565.      5000.    262934.   4881.70          0.        0.     5000.
    44.00      7583.      5000.    263040.   4881.73          0.        0.     5000.
    44.50      7602.      5000.    263147.   4881.75          0.        0.     5000.
    45.00      7620.      5000.    263255.   4881.77          0.        0.     5000.
    45.50      7639.      5000.    263364.   4881.79          0.        0.     5000.
    46.00      7658.      5000.    263473.   4881.81          0.        0.     5000.
    46.50      7677.      5000.    263584.   4881.84          0.        0.     5000.
    47.00      7696.      5000.    263695.   4881.86          0.        0.     5000.
    47.50      7715.      5000.    263806.   4881.88          0.        0.     5000.
    48.00      7734.      5000.    263919.   4881.91          0.        0.     5000.
    48.50      7754.      5000.    264032.   4881.93          0.        0.     5000.
    49.00      7773.      5000.    264146.   4881.95          0.        0.     5000.
    49.50      7794.      5000.    264261.   4881.98          0.        0.     5000.
    50.00      7815.      5000.    264377.   4882.00          0.        0.     5000.
    50.50      7838.      5000.    264493.   4882.03          0.        0.     5000.
    51.00      7860.      5000.    264611.   4882.05          0.        0.     5000.
    51.50      7883.      5000.    264729.   4882.07          0.        0.     5000.
    52.00      7907.      5000.    264849.   4882.10          0.        0.     5000.
    52.50      7931.      5000.    264970.   4882.12          0.        0.     5000.
    53.00      7956.      5000.    265090.   4882.15          0.        0.     5000.
    53.50      7981.      5000.    265213.   4882.17          0.        0.     5000.
    54.00      8006.      5000.    265336.   4882.20          0.        0.     5000.
    54.50      8032.      5000.    265461.   4882.23          0.        0.     5000.
    55.00      8058.      5000.    265586.   4882.25          0.        0.     5000.
    55.50      8084.      5000.    265714.   4882.28          0.        0.     5000.
    56.00      8110.      5000.    265841.   4882.30          0.        0.     5000.
    56.50      8136.      5000.    265971.   4882.33          0.        0.     5000.
    57.00      8162.      5000.    266101.   4882.36          0.        0.     5000.
    57.50      8195.      5000.    266233.   4882.39          0.        0.     5000.
    58.00      8235.      5000.    266366.   4882.41          0.        0.     5000.
    58.50      8301.      5000.    266500.   4882.44          0.        0.     5000.
    59.00      8371.      5000.    266637.   4882.47          0.        0.     5000.
    59.50      8448.      5000.    266779.   4882.50          0.        0.     5000.
    60.00      8547.      5000.    266923.   4882.53          0.        0.     5000.
    60.50      8728.      5000.    267074.   4882.56          0.        0.     5000.
    61.00      9070.      5000.    267235.   4882.59          0.        0.     5000.
    61.50      9567.      5000.    267414.   4882.63          0.        0.     5000.
    62.00     10269.      5000.    267618.   4882.67          0.        0.     5000.
    62.50     11605.      5000.    267863.   4882.72          0.        0.     5000.
    63.00     15211.      5000.    268210.   4882.79          0.        0.     5000.
    63.50     42066.      5000.    269188.   4883.00          0.        0.     5000.
    64.00     83094.      5000.    271566.   4883.49          0.        0.     5000.
    64.50    100062.      5000.    275145.   4884.23          0.        0.     5000.
    65.00    110848.      5000.    279297.   4885.09          0.        0.     5000.
    65.50    119723.      5000.    283855.   4886.03          0.        0.     5000.
    66.00    127878.      5000.    288765.   4887.04          0.        0.     5000.
    66.50    135819.      5000.    294006.   4888.13          0.        0.     5000.
    67.00    143701.      5000.    299575.   4889.28          0.        0.     5000.
    67.50    151066.      5000.    305458.   4890.44          0.        0.     5000.
    68.00    157416.      5000.    311625.   4891.58          0.        0.     5000.
    68.50    162862.      5000.    318036.   4892.76          0.        0.     5000.
    69.00    167762.      5000.    324660.   4893.98          0.        0.     5000.
    69.50    172424.      5000.    331482.   4895.23          0.        0.     5000.
    70.00    176814.      5000.    338490.   4896.52          0.        0.     5000.
    70.50    180641.      5000.    345668.   4897.85          0.        0.     5000.
    71.00    183618.      5000.    352986.   4899.19          0.        0.     5000.
    71.50    185534.      6224.    360381.   4900.49          0.        0.     6224.
    72.00    186462.      9219.    367746.   4901.69          0.        0.     9219.
    72.50    186751.     15368.    374950.   4902.86          0.        0.    15368.
    73.00    186771.     22418.    381886.   4903.99          0.        0.    22418.
    73.50    186740.     30480.    388510.   4905.06          0.        0.    30480.
    74.00    186671.     38313.    394806.   4906.09          0.        0.    38313.
    74.50    186444.     47251.    400749.   4907.05          0.        0.    47251.
    75.00    185983.     55630.    406319.   4907.96          0.        0.    55630.
    75.50    185222.     64439.    411507.   4908.80          0.        0.    64439.
    76.00    184010.     72627.    416303.   4909.58          0.        0.    72627.
    76.50    182209.     80038.    420713.   4910.26          0.        0.    80038.
    77.00    179830.     86669.    424750.   4910.84          0.        0.    86669.
    77.50    176970.     92689.    428415.   4911.36          0.        0.    92689.
    78.00    173709.     98113.    431717.   4911.84          0.        0.    98113.
    78.50    170114.    103217.    434667.   4912.26          0.        0.   103217.
    79.00    166243.    107837.    437255.   4912.63          0.        0.   107837.
    79.50    162146.    111847.    439500.   4912.95          0.        0.   111847.
    80.00    157886.    115277.    441421.   4913.22          0.        0.   115277.
    80.50    153480.    118152.    443031.   4913.45          0.        0.   118152.
    81.00    148938.    120502.    444348.   4913.64          0.        0.   120502.
    81.50    144259.    122357.    445387.   4913.79          0.        0.   122357.
    82.00    139578.    123749.    446166.   4913.90          0.        0.   123749.
    82.50    135132.    124719.    446710.   4913.98          0.        0.   124719.
    83.00    130771.    125342.    447038.   4914.02          0.        0.   125342.
    83.50    126267.    125595.    447164.   4914.04          0.        0.   125595.
    84.00    121628.    125465.    447099.   4914.03          0.        0.   125465.
    84.50    116925.    124976.    446853.   4914.00          0.        0.   124976.
    85.00    112209.    124237.    446440.   4913.94          0.        0.   124237.
    85.50    107548.    123218.    445869.   4913.86          0.        0.   123218.
    86.00    102916.    121936.    445151.   4913.75          0.        0.   121936.
    86.50     98312.    120416.    444300.   4913.63          0.        0.   120416.
    87.00     93782.    118683.    443329.   4913.49          0.        0.   118683.
    87.50     89381.    116754.    442249.   4913.34          0.        0.   116754.
    88.00     85155.    114655.    441073.   4913.17          0.        0.   114655.
    88.50     81134.    112415.    439818.   4912.99          0.        0.   112415.
    89.00     77307.    110052.    438495.   4912.80          0.        0.   110052.
    89.50     73700.    107593.    437118.   4912.61          0.        0.   107593.
    90.00     70300.    105060.    435699.   4912.40          0.        0.   105060.
    90.50     67092.    102472.    434250.   4912.20          0.        0.   102472.
    91.00     64061.     99860.    432780.   4911.99          0.        0.    99860.
    91.50     61195.     97417.    431293.   4911.78          0.        0.    97417.
    92.00     58487.     94952.    429792.   4911.56          0.        0.    94952.
    92.50     55950.     92476.    428285.   4911.35          0.        0.    92476.
    93.00     53385.     89994.    426774.   4911.13          0.        0.    89994.
    93.50     50864.     87506.    425260.   4910.91          0.        0.    87506.
    94.00     48377.     85019.    423745.   4910.70          0.        0.    85019.
    94.50     45999.     82537.    422234.   4910.48          0.        0.    82537.
    95.00     43796.     80066.    420730.   4910.27          0.        0.    80066.
    95.50     41790.     77618.    419240.   4910.05          0.        0.    77618.
    96.00     39877.     75134.    417771.   4909.82          0.        0.    75134.
    96.50     38137.     72673.    416330.   4909.59          0.        0.    72673.
    97.00     36460.     70263.    414918.   4909.36          0.        0.    70263.
    97.50     34932.     67910.    413540.   4909.13          0.        0.    67910.
    98.00     33445.     65613.    412195.   4908.92          0.        0.    65613.
    98.50     32082.     63373.    410883.   4908.70          0.        0.    63373.
    99.00     30850.     61199.    409610.   4908.50          0.        0.    61199.
    99.50     29626.     59086.    408373.   4908.29          0.        0.    59086.
   100.00     28585.     57041.    407175.   4908.10          0.        0.    57041.
   100.50     27562.     55178.    406019.   4907.91          0.        0.    55178.
   101.00     26593.     53484.    404893.   4907.73          0.        0.    53484.
   101.50     25684.     51836.    403797.   4907.55          0.        0.    51836.
   102.00     24870.     50237.    402734.   4907.38          0.        0.    50237.
   102.50     24126.     48683.    401701.   4907.21          0.        0.    48683.
   103.00     23402.     47179.    400701.   4907.05          0.        0.    47179.
   103.50     22723.     45725.    399734.   4906.89          0.        0.    45725.
   104.00     22096.     44320.    398800.   4906.74          0.        0.    44320.
   104.50     21510.     42961.    397896.   4906.59          0.        0.    42961.
   105.00     20992.     41651.    397025.   4906.45          0.        0.    41651.
   105.50     20507.     40391.    396188.   4906.31          0.        0.    40391.
   106.00     20026.     39176.    395380.   4906.18          0.        0.    39176.
   106.50     19554.     38006.    394602.   4906.05          0.        0.    38006.
   107.00     19097.     36998.    393855.   4905.93          0.        0.    36998.
   107.50     18665.     36108.    393125.   4905.81          0.        0.    36108.
   108.00     18258.     35240.    392413.   4905.70          0.        0.    35240.
   108.50     17882.     34398.    391723.   4905.59          0.        0.    34398.
   109.00     17541.     33578.    391050.   4905.48          0.        0.    33578.
   109.50     17220.     32783.    390399.   4905.37          0.        0.    32783.
   110.00     16901.     32010.    389765.   4905.27          0.        0.    32010.
   110.50     16617.     31260.    389149.   4905.17          0.        0.    31260.
   111.00     16354.     30535.    388555.   4905.07          0.        0.    30535.
   111.50     16101.     29832.    387978.   4904.98          0.        0.    29832.
   112.00     15846.     29150.    387420.   4904.89          0.        0.    29150.
   112.50     15594.     28491.    386879.   4904.80          0.        0.    28491.
   113.00     15350.     27850.    386354.   4904.71          0.        0.    27850.
   113.50     15128.     27231.    385846.   4904.63          0.        0.    27231.
   114.00     14932.     26631.    385354.   4904.55          0.        0.    26631.
   114.50     14746.     26052.    384880.   4904.47          0.        0.    26052.
   115.00     14561.     25492.    384420.   4904.40          0.        0.    25492.
   115.50     14381.     24950.    383976.   4904.33          0.        0.    24950.
   116.00     14220.     24426.    383546.   4904.26          0.        0.    24426.
   116.50     14058.     23921.    383132.   4904.19          0.        0.    23921.
   117.00     13899.     23434.    382733.   4904.12          0.        0.    23434.
   117.50     13754.     22961.    382345.   4904.06          0.        0.    22961.
   118.00     13616.     22504.    381970.   4904.00          0.        0.    22504.
   118.50     13479.     22137.    381610.   4903.94          0.        0.    22137.
   119.00     13344.     21777.    381255.   4903.88          0.        0.    21777.
   119.50     13217.     21426.    380910.   4903.83          0.        0.    21426.
   120.00     13098.     21087.    380577.   4903.77          0.        0.    21087.
   120.50     12980.     20757.    380252.   4903.72          0.        0.    20757.
   121.00     12865.     20434.    379934.   4903.67          0.        0.    20434.
   121.50     12755.     20120.    379625.   4903.62          0.        0.    20120.
   122.00     12653.     19814.    379325.   4903.57          0.        0.    19814.
   122.50     12556.     19518.    379033.   4903.52          0.        0.    19518.
   123.00     12459.     19232.    378751.   4903.48          0.        0.    19232.
   123.50     12365.     18951.    378475.   4903.43          0.        0.    18951.
   124.00     12272.     18679.    378208.   4903.39          0.        0.    18679.
   124.50     12184.     18414.    377946.   4903.35          0.        0.    18414.
   125.00     12098.     18154.    377691.   4903.30          0.        0.    18154.
   125.50     12015.     17904.    377445.   4903.26          0.        0.    17904.
   126.00     11934.     17660.    377205.   4903.23          0.        0.    17660.
   126.50     11854.     17422.    376971.   4903.19          0.        0.    17422.
   127.00     11778.     17190.    376742.   4903.15          0.        0.    17190.
   127.50     11703.     16967.    376523.   4903.11          0.        0.    16967.
   128.00     11632.     16750.    376310.   4903.08          0.        0.    16750.
   128.50     11562.     16540.    376103.   4903.05          0.        0.    16540.
   129.00      8502.     16271.    375839.   4903.00          0.        0.    16271.
   129.50      8497.     15951.    375523.   4902.95          0.        0.    15951.
   130.00      8492.     15646.    375223.   4902.90          0.        0.    15646.
   130.50      8486.     15353.    374935.   4902.86          0.        0.    15353.
   131.00      8480.     15069.    374655.   4902.81          0.        0.    15069.
   131.50      8474.     14797.    374388.   4902.77          0.        0.    14797.
   132.00      8469.     14538.    374133.   4902.73          0.        0.    14538.
   132.50      8462.     14288.    373887.   4902.69          0.        0.    14288.
   133.00      8456.     14047.    373650.   4902.65          0.        0.    14047.
   133.50      8450.     13818.    373424.   4902.61          0.        0.    13818.
   134.00      8444.     13598.    373208.   4902.58          0.        0.    13598.
   134.50      8438.     13384.    372998.   4902.54          0.        0.    13384.
   135.00      8431.     13180.    372797.   4902.51          0.        0.    13180.
   135.50      8425.     12985.    372605.   4902.48          0.        0.    12985.
   136.00      8418.     12795.    372418.   4902.45          0.        0.    12795.
   136.50      8412.     12615.    372241.   4902.42          0.        0.    12615.
   137.00      8406.     12441.    372070.   4902.39          0.        0.    12441.
   137.50      8399.     12277.    371908.   4902.36          0.        0.    12277.
   138.00      8393.     12118.    371752.   4902.34          0.        0.    12118.
   138.50      8386.     11965.    371602.   4902.31          0.        0.    11965.
   139.00      8380.     11819.    371458.   4902.29          0.        0.    11819.
   139.50      8374.     11678.    371319.   4902.27          0.        0.    11678.
   140.00      8367.     11541.    371184.   4902.25          0.        0.    11541.
   140.50      8361.     11410.    371055.   4902.23          0.        0.    11410.
   141.00      8355.     11285.    370932.   4902.21          0.        0.    11285.
   141.50      8349.     11163.    370812.   4902.19          0.        0.    11163.
   142.00      8343.     11047.    370698.   4902.17          0.        0.    11047.
   142.50      8337.     10937.    370590.   4902.15          0.        0.    10937.
   143.00      8332.     10830.    370485.   4902.13          0.        0.    10830.
   143.50      8326.     10726.    370383.   4902.12          0.        0.    10726.
   144.00      8321.     10629.    370287.   4902.10          0.        0.    10629.
   144.50      8315.     10534.    370193.   4902.09          0.        0.    10534.
   145.00      8310.     10443.    370103.   4902.07          0.        0.    10443.
   145.50      8305.     10354.    370016.   4902.06          0.        0.    10354.
   146.00      8300.     10269.    369932.   4902.04          0.        0.    10269.
   146.50      8295.     10186.    369851.   4902.03          0.        0.    10186.
   147.00      8290.     10107.    369773.   4902.02          0.        0.    10107.
   147.50      8285.     10031.    369698.   4902.00          0.        0.    10031.
   148.00      8280.      9983.    369626.   4901.99          0.        0.     9983.
   148.50      8274.      9955.    369557.   4901.98          0.        0.     9955.
   149.00      8269.      9927.    369488.   4901.97          0.        0.     9927.
   149.50      8264.      9899.    369419.   4901.96          0.        0.     9899.
   150.00      8259.      9872.    369353.   4901.95          0.        0.     9872.
   150.50      8254.      9845.    369287.   4901.94          0.        0.     9845.
   151.00      8249.      9818.    369221.   4901.93          0.        0.     9818.
   151.50      8244.      9792.    369158.   4901.92          0.        0.     9792.
   152.00      8239.      9767.    369095.   4901.91          0.        0.     9767.
   152.50      8234.      9741.    369031.   4901.90          0.        0.     9741.
   153.00      8229.      9716.    368968.   4901.89          0.        0.     9716.
   153.50      8224.      9691.    368908.   4901.88          0.        0.     9691.
   154.00      8219.      9667.    368848.   4901.87          0.        0.     9667.
   154.50      8214.      9642.    368788.   4901.86          0.        0.     9642.
   155.00      8209.      9618.    368728.   4901.85          0.        0.     9618.
   155.50      8204.      9595.    368671.   4901.84          0.        0.     9595.
   156.00      8199.      9572.    368614.   4901.83          0.        0.     9572.
   156.50      8194.      9548.    368557.   4901.82          0.        0.     9548.
   157.00      8189.      9525.    368500.   4901.81          0.        0.     9525.
   157.50      8183.      9503.    368446.   4901.80          0.        0.     9503.
   158.00      8178.      9481.    368392.   4901.79          0.        0.     9481.
   158.50      8173.      9459.    368338.   4901.78          0.        0.     9459.
   159.00      8168.      9437.    368284.   4901.77          0.        0.     9437.
   159.50      8163.      9417.    368233.   4901.77          0.        0.     9417.
   160.00      8157.      9396.    368182.   4901.76          0.        0.     9396.
   160.50      8152.      9375.    368131.   4901.75          0.        0.     9375.
   161.00      8147.      9354.    368080.   4901.74          0.        0.     9354.
   161.50      8141.      9333.    368029.   4901.73          0.        0.     9333.
   162.00      8136.      9314.    367981.   4901.73          0.        0.     9314.
   162.50      8130.      9294.    367932.   4901.72          0.        0.     9294.
   163.00      8125.      9275.    367884.   4901.71          0.        0.     9275.
   163.50      8119.      9255.    367836.   4901.70          0.        0.     9255.
   164.00      8113.      9236.    367788.   4901.69          0.        0.     9236.
   164.50      8108.      9218.    367743.   4901.69          0.        0.     9218.
   165.00      8102.      9199.    367698.   4901.68          0.        0.     9199.
   165.50      8096.      9181.    367653.   4901.67          0.        0.     9181.
   166.00      8090.      9163.    367608.   4901.67          0.        0.     9163.
   166.50      8084.      9144.    367563.   4901.66          0.        0.     9144.
   167.00      8078.      9126.    367518.   4901.65          0.        0.     9126.
   167.50      8072.      9109.    367476.   4901.64          0.        0.     9109.
   168.00      8066.      9092.    367434.   4901.64          0.        0.     9092.
   168.50      8060.      9075.    367392.   4901.63          0.        0.     9075.
   169.00      8054.      9058.    367350.   4901.62          0.        0.     9058.
   169.50      8047.      9041.    367308.   4901.62          0.        0.     9041.
   170.00      8040.      9023.    367266.   4901.61          0.        0.     9023.
   170.50      8032.      9008.    367227.   4901.60          0.        0.     9008.
   171.00      8024.      8992.    367188.   4901.60          0.        0.     8992.
   171.50      8016.      8976.    367149.   4901.59          0.        0.     8976.
   172.00      8008.      8960.    367110.   4901.58          0.        0.     8960.
   172.50      7999.      8944.    367071.   4901.58          0.        0.     8944.
   173.00      7990.      8928.    367032.   4901.57          0.        0.     8928.
   173.50      7981.      8912.    366993.   4901.56          0.        0.     8912.
   174.00      7972.      8896.    366954.   4901.56          0.        0.     8896.
   174.50      7962.      8881.    366915.   4901.55          0.        0.     8881.
   175.00      7953.      8865.    366876.   4901.55          0.        0.     8865.
   175.50      7943.      8849.    366836.   4901.54          0.        0.     8849.
   176.00      7933.      8834.    366800.   4901.53          0.        0.     8834.
   176.50      7923.      8820.    366764.   4901.53          0.        0.     8820.
   177.00      7913.      8805.    366728.   4901.52          0.        0.     8805.
   177.50      7903.      8790.    366692.   4901.52          0.        0.     8790.
   178.00      7893.      8776.    366656.   4901.51          0.        0.     8776.
   178.50      7883.      8761.    366620.   4901.50          0.        0.     8761.
   179.00      7873.      8746.    366584.   4901.50          0.        0.     8746.
   179.50      7864.      8732.    366548.   4901.49          0.        0.     8732.
   180.00      7854.      8717.    366512.   4901.49          0.        0.     8717.
   180.50      7844.      8702.    366476.   4901.48          0.        0.     8702.
   181.00      7834.      8688.    366440.   4901.48          0.        0.     8688.
   181.50      7825.      8673.    366404.   4901.47          0.        0.     8673.
   182.00      7816.      8658.    366368.   4901.46          0.        0.     8658.
   182.50      7807.      8644.    366332.   4901.46          0.        0.     8644.
   183.00      7798.      8630.    366299.   4901.45          0.        0.     8630.
   183.50      7789.      8617.    366266.   4901.45          0.        0.     8617.
   184.00      7781.      8604.    366233.   4901.44          0.        0.     8604.
   184.50      7773.      8590.    366200.   4901.44          0.        0.     8590.
   185.00      7765.      8577.    366167.   4901.43          0.        0.     8577.
   185.50      7758.      8563.    366134.   4901.43          0.        0.     8563.
   186.00      7751.      8550.    366101.   4901.42          0.        0.     8550.
   186.50      7744.      8536.    366068.   4901.41          0.        0.     8536.
   187.00      7738.      8523.    366035.   4901.41          0.        0.     8523.
   187.50      7732.      8510.    366002.   4901.40          0.        0.     8510.
   188.00      7727.      8496.    365969.   4901.40          0.        0.     8496.
   188.50      7722.      8483.    365936.   4901.39          0.        0.     8483.
   189.00      7718.      8470.    365906.   4901.39          0.        0.     8470.
   189.50      7714.      8458.    365876.   4901.38          0.        0.     8458.
   190.00      7710.      8446.    365846.   4901.38          0.        0.     8446.
   190.50      7708.      8434.    365816.   4901.37          0.        0.     8434.
   191.00      7705.      8422.    365786.   4901.37          0.        0.     8422.
   191.50      7704.      8409.    365756.   4901.36          0.        0.     8409.
   192.00      7703.      8397.    365725.   4901.36          0.        0.     8397.
   192.50      7703.      8386.    365698.   4901.35          0.        0.     8386.
   193.00      7703.      8375.    365671.   4901.35          0.        0.     8375.
   193.50      7703.      8364.    365644.   4901.35          0.        0.     8364.
   194.00      7703.      8353.    365617.   4901.34          0.        0.     8353.
   194.50      7703.      8342.    365590.   4901.34          0.        0.     8342.
   195.00      7703.      8331.    365563.   4901.33          0.        0.     8331.
   195.50      7703.      8320.    365536.   4901.33          0.        0.     8320.
   196.00      7703.      8311.    365512.   4901.32          0.        0.     8311.
   196.50      7703.      8301.    365488.   4901.32          0.        0.     8301.
   197.00      7703.      8291.    365464.   4901.32          0.        0.     8291.
   197.50      7703.      8281.    365440.   4901.31          0.        0.     8281.
   198.00      7703.      8271.    365416.   4901.31          0.        0.     8271.
   198.50      7703.      8262.    365392.   4901.30          0.        0.     8262.
   199.00      7703.      8252.    365368.   4901.30          0.        0.     8252.
   199.50      7703.      8243.    365347.   4901.30          0.        0.     8243.
   200.00      7703.      8235.    365326.   4901.29          0.        0.     8235.
   200.50      7703.      8226.    365305.   4901.29          0.        0.     8226.
   201.00      7703.      8218.    365284.   4901.29          0.        0.     8218.
   201.50      7703.      8209.    365263.   4901.28          0.        0.     8209.
   202.00      7703.      8201.    365242.   4901.28          0.        0.     8201.
   202.50      7703.      8192.    365221.   4901.28          0.        0.     8192.
   203.00      7703.      8184.    365200.   4901.27          0.        0.     8184.
   203.50      7703.      8175.    365179.   4901.27          0.        0.     8175.
   204.00      7703.      8168.    365161.   4901.27          0.        0.     8168.
   204.50      7703.      8160.    365143.   4901.26          0.        0.     8160.
   205.00      7703.      8153.    365125.   4901.26          0.        0.     8153.
   205.50      7703.      8146.    365107.   4901.26          0.        0.     8146.
   206.00      7703.      8138.    365089.   4901.26          0.        0.     8138.
   206.50      7703.      8131.    365071.   4901.25          0.        0.     8131.
   207.00      7703.      8124.    365053.   4901.25          0.        0.     8124.
   207.50      7703.      8116.    365035.   4901.25          0.        0.     8116.
   208.00      7703.      8109.    365017.   4901.24          0.        0.     8109.
   208.50      7703.      8102.    364999.   4901.24          0.        0.     8102.
   209.00      7703.      8096.    364984.   4901.24          0.        0.     8096.
   209.50      7703.      8090.    364969.   4901.24          0.        0.     8090.
   210.00      7703.      8083.    364954.   4901.23          0.        0.     8083.
   210.50      7703.      8077.    364939.   4901.23          0.        0.     8077.
   211.00      7703.      8071.    364924.   4901.23          0.        0.     8071.
   211.50      7703.      8065.    364909.   4901.23          0.        0.     8065.
   212.00      7703.      8059.    364894.   4901.22          0.        0.     8059.
   212.50      7703.      8053.    364879.   4901.22          0.        0.     8053.
   213.00      7703.      8047.    364864.   4901.22          0.        0.     8047.
   213.50      7703.      8041.    364849.   4901.22          0.        0.     8041.
   214.00      7703.      8035.    364834.   4901.21          0.        0.     8035.
   214.50      7703.      8029.    364819.   4901.21          0.        0.     8029.
   215.00      7703.      8024.    364807.   4901.21          0.        0.     8024.
   215.50      7703.      8019.    364795.   4901.21          0.        0.     8019.
   216.00      7703.      8014.    364783.   4901.21          0.        0.     8014.
   216.50      7703.      8009.    364771.   4901.20          0.        0.     8009.
   217.00      7702.      8004.    364759.   4901.20          0.        0.     8004.
   217.50      7702.      7999.    364747.   4901.20          0.        0.     7999.
   218.00      7700.      7994.    364735.   4901.20          0.        0.     7994.
   218.50      7699.      7990.    364723.   4901.20          0.        0.     7990.
   219.00      7697.      7985.    364711.   4901.19          0.        0.     7985.
   219.50      7694.      7980.    364699.   4901.19          0.        0.     7980.
   220.00      7692.      7975.    364687.   4901.19          0.        0.     7975.
   220.50      7688.      7970.    364675.   4901.19          0.        0.     7970.
   221.00      7685.      7965.    364663.   4901.19          0.        0.     7965.
   221.50      7681.      7960.    364651.   4901.18          0.        0.     7960.
   222.00      7677.      7955.    364639.   4901.18          0.        0.     7955.
   222.50      7672.      7950.    364627.   4901.18          0.        0.     7950.
   223.00      7667.      7946.    364614.   4901.18          0.        0.     7946.
   223.50      7662.      7941.    364602.   4901.18          0.        0.     7941.
   224.00      7656.      7936.    364590.   4901.17          0.        0.     7936.
   224.50      7650.      7931.    364578.   4901.17          0.        0.     7931.
   225.00      7644.      7926.    364566.   4901.17          0.        0.     7926.
   225.50      7638.      7921.    364554.   4901.17          0.        0.     7921.
   226.00      7631.      7916.    364542.   4901.17          0.        0.     7916.
   226.50      7624.      7911.    364530.   4901.16          0.        0.     7911.
   227.00      7617.      7906.    364518.   4901.16          0.        0.     7906.
   227.50      7610.      7902.    364506.   4901.16          0.        0.     7902.
   228.00      7603.      7897.    364494.   4901.16          0.        0.     7897.
   228.50      7595.      7892.    364482.   4901.16          0.        0.     7892.
   229.00      7587.      7887.    364470.   4901.15          0.        0.     7887.
   229.50      7579.      7882.    364458.   4901.15          0.        0.     7882.
   230.00      7571.      7877.    364446.   4901.15          0.        0.     7877.
   230.50      7562.      7872.    364434.   4901.15          0.        0.     7872.
   231.00      7554.      7867.    364422.   4901.15          0.        0.     7867.
   231.50      7545.      7863.    364410.   4901.15          0.        0.     7863.
   232.00      7537.      7858.    364398.   4901.14          0.        0.     7858.
   232.50      7528.      7853.    364386.   4901.14          0.        0.     7853.
   233.00      7519.      7848.    364374.   4901.14          0.        0.     7848.
   233.50      7510.      7842.    364359.   4901.14          0.        0.     7842.
   234.00      7501.      7836.    364344.   4901.13          0.        0.     7836.
   234.50      7492.      7830.    364329.   4901.13          0.        0.     7830.
   235.00      7483.      7823.    364314.   4901.13          0.        0.     7823.
   235.50      7474.      7817.    364299.   4901.13          0.        0.     7817.
   236.00      7465.      7811.    364284.   4901.12          0.        0.     7811.
   236.50      7456.      7805.    364269.   4901.12          0.        0.     7805.
   237.00      7447.      7799.    364254.   4901.12          0.        0.     7799.
   237.50      7438.      7793.    364239.   4901.12          0.        0.     7793.
   238.00      7429.      7787.    364224.   4901.11          0.        0.     7787.
   238.50      7420.      7781.    364209.   4901.11          0.        0.     7781.
   239.00      7412.      7775.    364194.   4901.11          0.        0.     7775.
   239.50      7403.      7769.    364179.   4901.11          0.        0.     7769.
   240.00      7394.      7762.    364164.   4901.10          0.        0.     7762.
   240.50      7386.      7756.    364149.   4901.10          0.        0.     7756.
   241.00      7377.      7750.    364134.   4901.10          0.        0.     7750.
   241.50      7367.      7744.    364119.   4901.10          0.        0.     7744.
   242.00      7357.      7738.    364104.   4901.10          0.        0.     7738.
   242.50      7346.      7732.    364089.   4901.09          0.        0.     7732.
   243.00      7335.      7726.    364074.   4901.09          0.        0.     7726.
   243.50      7323.      7720.    364059.   4901.09          0.        0.     7720.
   244.00      7310.      7714.    364044.   4901.09          0.        0.     7714.
   244.50      7297.      7706.    364026.   4901.08          0.        0.     7706.
   245.00      7284.      7699.    364008.   4901.08          0.        0.     7699.
   245.50      7270.      7692.    363990.   4901.08          0.        0.     7692.
   246.00      7256.      7684.    363972.   4901.07          0.        0.     7684.
   246.50      7241.      7677.    363954.   4901.07          0.        0.     7677.
   247.00      7226.      7670.    363936.   4901.07          0.        0.     7670.
   247.50      7211.      7662.    363918.   4901.06          0.        0.     7662.
   248.00      7196.      7655.    363900.   4901.06          0.        0.     7655.
   248.50      7180.      7648.    363882.   4901.06          0.        0.     7648.
   249.00      7164.      7640.    363864.   4901.06          0.        0.     7640.
   249.50      7149.      7632.    363843.   4901.05          0.        0.     7632.
   250.00      7133.      7623.    363822.   4901.05          0.        0.     7623.
   250.50      7117.      7615.    363801.   4901.05          0.        0.     7615.
   251.00      7101.      7606.    363780.   4901.04          0.        0.     7606.
   251.50      7085.      7598.    363759.   4901.04          0.        0.     7598.
   252.00      7070.      7589.    363738.   4901.04          0.        0.     7589.
   252.50      7054.      7581.    363717.   4901.03          0.        0.     7581.
   253.00      7039.      7572.    363696.   4901.03          0.        0.     7572.
   253.50      7024.      7563.    363675.   4901.03          0.        0.     7563.
   254.00      7009.      7555.    363654.   4901.02          0.        0.     7555.
   254.50      6994.      7545.    363630.   4901.02          0.        0.     7545.
   255.00      6980.      7535.    363606.   4901.01          0.        0.     7535.
   255.50      6966.      7526.    363582.   4901.01          0.        0.     7526.
   256.00      6953.      7516.    363558.   4901.01          0.        0.     7516.
   256.50      6940.      7506.    363534.   4901.00          0.        0.     7506.
   257.00      6927.      7496.    363510.   4901.00          0.        0.     7496.
   257.50      6915.      7487.    363485.   4900.99          0.        0.     7487.
   258.00      6904.      7477.    363461.   4900.99          0.        0.     7477.
   258.50      6893.      7467.    363437.   4900.99          0.        0.     7467.
   259.00      6883.      7457.    363413.   4900.98          0.        0.     7457.
   259.50      6873.      7448.    363389.   4900.98          0.        0.     7448.
   260.00      6864.      7438.    363365.   4900.98          0.        0.     7438.
   260.50      6856.      7428.    363341.   4900.97          0.        0.     7428.
   261.00      6849.      7418.    363317.   4900.97          0.        0.     7418.
   261.50      6843.      7408.    363293.   4900.96          0.        0.     7408.
   262.00      6837.      7399.    363269.   4900.96          0.        0.     7399.
   262.50      6832.      7389.    363245.   4900.96          0.        0.     7389.
   263.00      6829.      7379.    363221.   4900.95          0.        0.     7379.
   263.50      6826.      7369.    363197.   4900.95          0.        0.     7369.
   264.00      6825.      7361.    363176.   4900.94          0.        0.     7361.
   264.50      6824.      7352.    363155.   4900.94          0.        0.     7352.
   265.00      6824.      7344.    363134.   4900.94          0.        0.     7344.
   265.50      6824.      7335.    363113.   4900.93          0.        0.     7335.
   266.00      6825.      7327.    363092.   4900.93          0.        0.     7327.
   266.50      6825.      7318.    363071.   4900.93          0.        0.     7318.
   267.00      6826.      7310.    363050.   4900.92          0.        0.     7310.
   267.50      6827.      7301.    363029.   4900.92          0.        0.     7301.
   268.00      6828.      7294.    363011.   4900.92          0.        0.     7294.
   268.50      6829.      7286.    362993.   4900.91          0.        0.     7286.
   269.00      6830.      7279.    362975.   4900.91          0.        0.     7279.
   269.50      6831.      7272.    362957.   4900.91          0.        0.     7272.
   270.00      6832.      7264.    362939.   4900.91          0.        0.     7264.
   270.50      6834.      7257.    362921.   4900.90          0.        0.     7257.
   271.00      6835.      7250.    362903.   4900.90          0.        0.     7250.
   271.50      6837.      7242.    362885.   4900.90          0.        0.     7242.
   272.00      6838.      7235.    362867.   4900.89          0.        0.     7235.
   272.50      6840.      7229.    362852.   4900.89          0.        0.     7229.
   273.00      6842.      7223.    362837.   4900.89          0.        0.     7223.
   273.50      6843.      7217.    362822.   4900.89          0.        0.     7217.
   274.00      6845.      7211.    362807.   4900.88          0.        0.     7211.
   274.50      6847.      7205.    362792.   4900.88          0.        0.     7205.
   275.00      6849.      7198.    362777.   4900.88          0.        0.     7198.
   275.50      6851.      7192.    362762.   4900.88          0.        0.     7192.
   276.00      6853.      7186.    362747.   4900.87          0.        0.     7186.
   276.50      6855.      7180.    362732.   4900.87          0.        0.     7180.
   277.00      6857.      7175.    362720.   4900.87          0.        0.     7175.
   277.50      6858.      7170.    362708.   4900.87          0.        0.     7170.
   278.00      6860.      7166.    362696.   4900.87          0.        0.     7166.
   278.50      6862.      7161.    362684.   4900.86          0.        0.     7161.
   279.00      6864.      7156.    362672.   4900.86          0.        0.     7156.
   279.50      6866.      7151.    362660.   4900.86          0.        0.     7151.
   280.00      6868.      7146.    362648.   4900.86          0.        0.     7146.
   280.50      6869.      7141.    362636.   4900.86          0.        0.     7141.
   281.00      6871.      7136.    362624.   4900.85          0.        0.     7136.
   281.50      6873.      7131.    362612.   4900.85          0.        0.     7131.
   282.00      6874.      7126.    362600.   4900.85          0.        0.     7126.
   282.50      6876.      7123.    362591.   4900.85          0.        0.     7123.
   283.00      6877.      7119.    362582.   4900.85          0.        0.     7119.
   283.50      6878.      7115.    362573.   4900.85          0.        0.     7115.
   284.00      6880.      7112.    362564.   4900.84          0.        0.     7112.
   284.50      6881.      7108.    362555.   4900.84          0.        0.     7108.
   285.00      6882.      7104.    362546.   4900.84          0.        0.     7104.
   285.50      6883.      7101.    362537.   4900.84          0.        0.     7101.
   286.00      6883.      7097.    362528.   4900.84          0.        0.     7097.
   286.50      6884.      7094.    362519.   4900.84          0.        0.     7094.
   287.00      6885.      7090.    362510.   4900.84          0.        0.     7090.
   287.50      6885.      7086.    362501.   4900.83          0.        0.     7086.
   288.00      6885.      7083.    362492.   4900.83          0.        0.     7083.
   288.50      6885.      7079.    362483.   4900.83          0.        0.     7079.
   289.00      6885.      7075.    362474.   4900.83          0.        0.     7075.
   289.50      6884.      7072.    362465.   4900.83          0.        0.     7072.
   290.00      6883.      7068.    362456.   4900.83          0.        0.     7068.
   290.50      6881.      7064.    362447.   4900.83          0.        0.     7064.
   291.00      6879.      7061.    362438.   4900.82          0.        0.     7061.
   291.50      6876.      7057.    362429.   4900.82          0.        0.     7057.
   292.00      6873.      7054.    362423.   4900.82          0.        0.     7054.
   292.50      6870.      7052.    362417.   4900.82          0.        0.     7052.
   293.00      6866.      7048.    362408.   4900.82          0.        0.     7048.
   293.50      6862.      7045.    362399.   4900.82          0.        0.     7045.
   294.00      6857.      7041.    362390.   4900.82          0.        0.     7041.
   294.50      6852.      7037.    362380.   4900.81          0.        0.     7037.
   295.00      6847.      7034.    362371.   4900.81          0.        0.     7034.
   295.50      6842.      7030.    362362.   4900.81          0.        0.     7030.
   296.00      6836.      7026.    362353.   4900.81          0.        0.     7026.
   296.50      6830.      7023.    362344.   4900.81          0.        0.     7023.
   297.00      6824.      7019.    362335.   4900.81          0.        0.     7019.
   297.50      6817.      7015.    362326.   4900.81          0.        0.     7015.
   298.00      6811.      7012.    362317.   4900.80          0.        0.     7012.
   298.50      6804.      7008.    362308.   4900.80          0.        0.     7008.
   299.00      6797.      7004.    362299.   4900.80          0.        0.     7004.
   299.50      6790.      7001.    362290.   4900.80          0.        0.     7001.
   300.00      6783.      6997.    362281.   4900.80          0.        0.     6997.
   300.50      6776.      6993.    362272.   4900.80          0.        0.     6993.
   301.00      6769.      6990.    362263.   4900.80          0.        0.     6990.
   301.50      6761.      6986.    362254.   4900.79          0.        0.     6986.
   302.00      6754.      6982.    362245.   4900.79          0.        0.     6982.
   302.50      6747.      6979.    362236.   4900.79          0.        0.     6979.
   303.00      6739.      6975.    362227.   4900.79          0.        0.     6975.
   303.50      6732.      6971.    362218.   4900.79          0.        0.     6971.
   304.00      6725.      6968.    362209.   4900.79          0.        0.     6968.
   304.50      6718.      6964.    362200.   4900.79          0.        0.     6964.
   305.00      6711.      6960.    362191.   4900.78          0.        0.     6960.
   305.50      6704.      6957.    362182.   4900.78          0.        0.     6957.
   306.00      6697.      6953.    362173.   4900.78          0.        0.     6953.
   306.50      6690.      6948.    362161.   4900.78          0.        0.     6948.
   307.00      6684.      6943.    362149.   4900.78          0.        0.     6943.
   307.50      6678.      6938.    362137.   4900.78          0.        0.     6938.
   308.00      6672.      6934.    362125.   4900.77          0.        0.     6934.
   308.50      6666.      6929.    362113.   4900.77          0.        0.     6929.
   309.00      6660.      6924.    362101.   4900.77          0.        0.     6924.
   309.50      6655.      6919.    362089.   4900.77          0.        0.     6919.
   310.00      6650.      6914.    362077.   4900.77          0.        0.     6914.
   310.50      6645.      6909.    362065.   4900.76          0.        0.     6909.
   311.00      6641.      6904.    362053.   4900.76          0.        0.     6904.
   311.50      6637.      6899.    362041.   4900.76          0.        0.     6899.
   312.00      6633.      6895.    362029.   4900.76          0.        0.     6895.
   312.50      6630.      6890.    362017.   4900.76          0.        0.     6890.
   313.00      6627.      6885.    362005.   4900.75          0.        0.     6885.
   313.50      6624.      6880.    361993.   4900.75          0.        0.     6880.
   314.00      6621.      6875.    361981.   4900.75          0.        0.     6875.
   314.50      6619.      6871.    361972.   4900.75          0.        0.     6871.
   315.00      6616.      6868.    361963.   4900.75          0.        0.     6868.
   315.50      6614.      6864.    361954.   4900.75          0.        0.     6864.
   316.00      6611.      6860.    361945.   4900.74          0.        0.     6860.
   316.50      6609.      6857.    361936.   4900.74          0.        0.     6857.
   317.00      6607.      6853.    361927.   4900.74          0.        0.     6853.
   317.50      6604.      6849.    361918.   4900.74          0.        0.     6849.
   318.00      6602.      6846.    361909.   4900.74          0.        0.     6846.
   318.50      6600.      6842.    361900.   4900.74          0.        0.     6842.
   319.00      6598.      6838.    361891.   4900.74          0.        0.     6838.
   319.50      6596.      6835.    361882.   4900.73          0.        0.     6835.
   320.00      6594.      6831.    361873.   4900.73          0.        0.     6831.
   320.50      6593.      6827.    361864.   4900.73          0.        0.     6827.
   321.00      6591.      6824.    361855.   4900.73          0.        0.     6824.
   321.50      6589.      6820.    361846.   4900.73          0.        0.     6820.
   322.00      6587.      6816.    361837.   4900.73          0.        0.     6816.
   322.50      6586.      6813.    361828.   4900.73          0.        0.     6813.
   323.00      6584.      6809.    361819.   4900.72          0.        0.     6809.
   323.50      6582.      6805.    361810.   4900.72          0.        0.     6805.
   324.00      6580.      6802.    361801.   4900.72          0.        0.     6802.
   324.50      6579.      6798.    361792.   4900.72          0.        0.     6798.
   325.00      6577.      6794.    361783.   4900.72          0.        0.     6794.
   325.50      6575.      6791.    361774.   4900.72          0.        0.     6791.
   326.00      6574.      6787.    361765.   4900.71          0.        0.     6787.
   326.50      6572.      6783.    361756.   4900.71          0.        0.     6783.
   327.00      6570.      6780.    361747.   4900.71          0.        0.     6780.
   327.50      6569.      6776.    361738.   4900.71          0.        0.     6776.
   328.00      6567.      6772.    361729.   4900.71          0.        0.     6772.
   328.50      6565.      6769.    361720.   4900.71          0.        0.     6769.
   329.00      6563.      6765.    361711.   4900.71          0.        0.     6765.
   329.50      6561.      6761.    361702.   4900.70          0.        0.     6761.
   330.00      6559.      6758.    361693.   4900.70          0.        0.     6758.
   330.50      6557.      6754.    361684.   4900.70          0.        0.     6754.
   331.00      6555.      6750.    361675.   4900.70          0.        0.     6750.
   331.50      6553.      6747.    361666.   4900.70          0.        0.     6747.
   332.00      6551.      6743.    361657.   4900.70          0.        0.     6743.
   332.50      6549.      6740.    361648.   4900.70          0.        0.     6740.
   333.00      6546.      6736.    361639.   4900.69          0.        0.     6736.
   333.50      6544.      6732.    361630.   4900.69          0.        0.     6732.
   334.00      6542.      6729.    361621.   4900.69          0.        0.     6729.
   334.50      6539.      6725.    361612.   4900.69          0.        0.     6725.
   335.00      6536.      6721.    361603.   4900.69          0.        0.     6721.
   335.50      6534.      6718.    361594.   4900.69          0.        0.     6718.
   336.00      6531.      6714.    361585.   4900.69          0.        0.     6714.
   336.50      6528.      6710.    361576.   4900.68          0.        0.     6710.
   337.00      6525.      6708.    361570.   4900.68          0.        0.     6708.
   337.50      6521.      6704.    361561.   4900.68          0.        0.     6704.
   338.00      6518.      6700.    361552.   4900.68          0.        0.     6700.
   338.50      6514.      6697.    361543.   4900.68          0.        0.     6697.
   339.00      6511.      6693.    361534.   4900.68          0.        0.     6693.
   339.50      6507.      6689.    361525.   4900.68          0.        0.     6689.
   340.00      6503.      6686.    361516.   4900.67          0.        0.     6686.
   340.50      6499.      6682.    361507.   4900.67          0.        0.     6682.
   341.00      6495.      6678.    361498.   4900.67          0.        0.     6678.
   341.50      6491.      6675.    361489.   4900.67          0.        0.     6675.
   342.00      6486.      6671.    361480.   4900.67          0.        0.     6671.
   342.50      6482.      6667.    361471.   4900.67          0.        0.     6667.
   343.00      6477.      6664.    361462.   4900.67          0.        0.     6664.
   343.50      6473.      6660.    361453.   4900.66          0.        0.     6660.
   344.00      6468.      6656.    361444.   4900.66          0.        0.     6656.
   344.50      6463.      6653.    361435.   4900.66          0.        0.     6653.
   345.00      6458.      6649.    361426.   4900.66          0.        0.     6649.
   345.50      6453.      6646.    361417.   4900.66          0.        0.     6646.
   346.00      6448.      6642.    361408.   4900.66          0.        0.     6642.
   346.50      6443.      6638.    361399.   4900.66          0.        0.     6638.
   347.00      6437.      6635.    361390.   4900.65          0.        0.     6635.
   347.50      6432.      6631.    361381.   4900.65          0.        0.     6631.
   348.00      6427.      6627.    361372.   4900.65          0.        0.     6627.
   348.50      6421.      6624.    361363.   4900.65          0.        0.     6624.
   349.00      6415.      6620.    361354.   4900.65          0.        0.     6620.
   349.50      6410.      6616.    361345.   4900.65          0.        0.     6616.
   350.00      6404.      6613.    361336.   4900.65          0.        0.     6613.
   350.50      6398.      6609.    361327.   4900.64          0.        0.     6609.
   351.00      6392.      6605.    361318.   4900.64          0.        0.     6605.
   351.50      6386.      6602.    361309.   4900.64          0.        0.     6602.
   352.00      6380.      6598.    361300.   4900.64          0.        0.     6598.
   352.50      6374.      6594.    361291.   4900.64          0.        0.     6594.
   353.00      6368.      6591.    361282.   4900.64          0.        0.     6591.
   353.50      6362.      6587.    361273.   4900.63          0.        0.     6587.
   354.00      6356.      6583.    361263.   4900.63          0.        0.     6583.
   354.50      6350.      6580.    361254.   4900.63          0.        0.     6580.
   355.00      6343.      6576.    361245.   4900.63          0.        0.     6576.
   355.50      6337.      6572.    361236.   4900.63          0.        0.     6572.
   356.00      6331.      6569.    361227.   4900.63          0.        0.     6569.
   356.50      6324.      6565.    361218.   4900.63          0.        0.     6565.
   357.00      6318.      6561.    361209.   4900.62          0.        0.     6561.
   357.50      6311.      6558.    361200.   4900.62          0.        0.     6558.
   358.00      6305.      6554.    361191.   4900.62          0.        0.     6554.
   358.50      6298.      6550.    361182.   4900.62          0.        0.     6550.
   359.00      6292.      6547.    361173.   4900.62          0.        0.     6547.
   359.50      6285.      6542.    361161.   4900.62          0.        0.     6542.
   360.00      6279.      6537.    361149.   4900.61          0.        0.     6537.
1



      INFLOW DATA                           STORAGE DATA
      ***********                           ************
     TIME    INFLOW                     ELEVATION     STORAGE

     0.50      5527.                      4753.20          0.
     1.00      5557.                      4754.00          5.
     1.50      5587.                      4760.00        853.
     2.00      5617.                      4770.00       5056.
     2.50      5647.                      4780.00      11677.
     3.00      5677.                      4790.00      20701.
     3.50      5707.                      4800.00      32214.
     4.00      5737.                      4810.00      46676.
     4.50      5766.                      4820.00      64861.
     5.00      5796.                      4830.00      86629.
     5.50      5825.                      4840.00     112286.
     6.00      5855.                      4850.00     141401.
     6.50      5884.                      4860.00     174439.
     7.00      5913.                      4870.00     212059.
     7.50      5941.                      4880.00     254696.
     8.00      5970.                      4890.00     303066.
     8.50      5999.                      4900.00     357369.
     9.00      6027.                      4910.00     418864.
     9.50      6056.                      4920.00     488871.
    10.00      6084.                      4924.00     519654.
    10.50      6112.                      4924.50     523636.
    11.00      6140.                      4925.00     527626.
    11.50      6167.                      4925.50     531626.
    12.00      6195.                      4926.00     535626.
    12.50      6222.                      4930.00     569747.
    13.00      6249.                      4935.00     604527.
    13.50      6276.
    14.00      6303.
    14.50      6330.
    15.00      6357.
    15.50      6383.
    16.00      6409.
    16.50      6435.
    17.00      6461.
    17.50      6487.
    18.00      6512.
    18.50      6537.
    19.00      6562.
    19.50      6587.
    20.00      6612.
    20.50      6636.
    21.00      6661.
    21.50      6685.
    22.00      6708.
    22.50      6732.
    23.00      6755.
    23.50      6778.
    24.00      6801.
    24.50      6824.
    25.00      6846.
    25.50      6869.
    26.00      6890.
    26.50      6912.
    27.00      6934.
    27.50      6955.
    28.00      6976.
    28.50      6997.
    29.00      7017.
    29.50      7038.
    30.00      7058.
    30.50      7078.
    31.00      7098.
    31.50      7117.
    32.00      7137.
    32.50      7156.
    33.00      7175.
    33.50      7195.
    34.00      7214.
    34.50      7233.
    35.00      7251.
    35.50      7270.
    36.00      7289.
    36.50      7307.
    37.00      7326.
    37.50      7344.
    38.00      7363.
    38.50      7381.
    39.00      7399.
    39.50      7418.
    40.00      7436.
    40.50      7454.
    41.00      7473.
    41.50      7491.
    42.00      7509.
    42.50      7528.
    43.00      7546.
    43.50      7565.
    44.00      7583.
    44.50      7602.
    45.00      7620.
    45.50      7639.
    46.00      7658.
    46.50      7677.
    47.00      7696.
    47.50      7715.
    48.00      7734.
    48.50      7754.
    49.00      7773.
    49.50      7794.
    50.00      7815.
    50.50      7838.
    51.00      7860.
    51.50      7883.
    52.00      7907.
    52.50      7931.
    53.00      7956.
    53.50      7981.
    54.00      8006.
    54.50      8032.
    55.00      8058.
    55.50      8084.
    56.00      8110.
    56.50      8136.
    57.00      8162.
    57.50      8195.
    58.00      8235.
    58.50      8301.
    59.00      8371.
    59.50      8448.
    60.00      8547.
    60.50      8728.
    61.00      9070.
    61.50      9567.
    62.00     10269.
    62.50     11605.
    63.00     15211.
    63.50     42066.
    64.00     83094.
    64.50    100062.
    65.00    110848.
    65.50    119723.
    66.00    127878.
    66.50    135819.
    67.00    143701.
    67.50    151066.
    68.00    157416.
    68.50    162862.
    69.00    167762.
    69.50    172424.
    70.00    176814.
    70.50    180641.
    71.00    183618.
    71.50    185534.
    72.00    186462.
    72.50    186751.
    73.00    186771.
    73.50    186740.
    74.00    186671.
    74.50    186444.
    75.00    185983.
    75.50    185222.
    76.00    184010.
    76.50    182209.
    77.00    179830.
    77.50    176970.
    78.00    173709.
    78.50    170114.
    79.00    166243.
    79.50    162146.
    80.00    157886.
    80.50    153480.
    81.00    148938.
    81.50    144259.
    82.00    139578.
    82.50    135132.
    83.00    130771.
    83.50    126267.
    84.00    121628.
    84.50    116925.
    85.00    112209.
    85.50    107548.
    86.00    102916.
    86.50     98312.
    87.00     93782.
    87.50     89381.
    88.00     85155.
    88.50     81134.
    89.00     77307.
    89.50     73700.
    90.00     70300.
    90.50     67092.
    91.00     64061.
    91.50     61195.
    92.00     58487.
    92.50     55950.
    93.00     53385.
    93.50     50864.
    94.00     48377.
    94.50     45999.
    95.00     43796.
    95.50     41790.
    96.00     39877.
    96.50     38137.
    97.00     36460.
    97.50     34932.
    98.00     33445.
    98.50     32082.
    99.00     30850.
    99.50     29626.
   100.00     28585.
   100.50     27562.
   101.00     26593.
   101.50     25684.
   102.00     24870.
   102.50     24126.
   103.00     23402.
   103.50     22723.
   104.00     22096.
   104.50     21510.
   105.00     20992.
   105.50     20507.
   106.00     20026.
   106.50     19554.
   107.00     19097.
   107.50     18665.
   108.00     18258.
   108.50     17882.
   109.00     17541.
   109.50     17220.
   110.00     16901.
   110.50     16617.
   111.00     16354.
   111.50     16101.
   112.00     15846.
   112.50     15594.
   113.00     15350.
   113.50     15128.
   114.00     14932.
   114.50     14746.
   115.00     14561.
   115.50     14381.
   116.00     14220.
   116.50     14058.
   117.00     13899.
   117.50     13754.
   118.00     13616.
   118.50     13479.
   119.00     13344.
   119.50     13217.
   120.00     13098.
   120.50     12980.
   121.00     12865.
   121.50     12755.
   122.00     12653.
   122.50     12556.
   123.00     12459.
   123.50     12365.
   124.00     12272.
   124.50     12184.
   125.00     12098.
   125.50     12015.
   126.00     11934.
   126.50     11854.
   127.00     11778.
   127.50     11703.
   128.00     11632.
   128.50     11562.
   129.00      8502.
   129.50      8497.
   130.00      8492.
   130.50      8486.
   131.00      8480.
   131.50      8474.
   132.00      8469.
   132.50      8462.
   133.00      8456.
   133.50      8450.
   134.00      8444.
   134.50      8438.
   135.00      8431.
   135.50      8425.
   136.00      8418.
   136.50      8412.
   137.00      8406.
   137.50      8399.
   138.00      8393.
   138.50      8386.
   139.00      8380.
   139.50      8374.
   140.00      8367.
   140.50      8361.
   141.00      8355.
   141.50      8349.
   142.00      8343.
   142.50      8337.
   143.00      8332.
   143.50      8326.
   144.00      8321.
   144.50      8315.
   145.00      8310.
   145.50      8305.
   146.00      8300.
   146.50      8295.
   147.00      8290.
   147.50      8285.
   148.00      8280.
   148.50      8274.
   149.00      8269.
   149.50      8264.
   150.00      8259.
   150.50      8254.
   151.00      8249.
   151.50      8244.
   152.00      8239.
   152.50      8234.
   153.00      8229.
   153.50      8224.
   154.00      8219.
   154.50      8214.
   155.00      8209.
   155.50      8204.
   156.00      8199.
   156.50      8194.
   157.00      8189.
   157.50      8183.
   158.00      8178.
   158.50      8173.
   159.00      8168.
   159.50      8163.
   160.00      8157.
   160.50      8152.
   161.00      8147.
   161.50      8141.
   162.00      8136.
   162.50      8130.
   163.00      8125.
   163.50      8119.
   164.00      8113.
   164.50      8108.
   165.00      8102.
   165.50      8096.
   166.00      8090.
   166.50      8084.
   167.00      8078.
   167.50      8072.
   168.00      8066.
   168.50      8060.
   169.00      8054.
   169.50      8047.
   170.00      8040.
   170.50      8032.
   171.00      8024.
   171.50      8016.
   172.00      8008.
   172.50      7999.
   173.00      7990.
   173.50      7981.
   174.00      7972.
   174.50      7962.
   175.00      7953.
   175.50      7943.
   176.00      7933.
   176.50      7923.
   177.00      7913.
   177.50      7903.
   178.00      7893.
   178.50      7883.
   179.00      7873.
   179.50      7864.
   180.00      7854.
   180.50      7844.
   181.00      7834.
   181.50      7825.
   182.00      7816.
   182.50      7807.
   183.00      7798.
   183.50      7789.
   184.00      7781.
   184.50      7773.
   185.00      7765.
   185.50      7758.
   186.00      7751.
   186.50      7744.
   187.00      7738.
   187.50      7732.
   188.00      7727.
   188.50      7722.
   189.00      7718.
   189.50      7714.
   190.00      7710.
   190.50      7708.
   191.00      7705.
   191.50      7704.
   192.00      7703.
   192.50      7703.
   193.00      7703.
   193.50      7703.
   194.00      7703.
   194.50      7703.
   195.00      7703.
   195.50      7703.
   196.00      7703.
   196.50      7703.
   197.00      7703.
   197.50      7703.
   198.00      7703.
   198.50      7703.
   199.00      7703.
   199.50      7703.
   200.00      7703.
   200.50      7703.
   201.00      7703.
   201.50      7703.
   202.00      7703.
   202.50      7703.
   203.00      7703.
   203.50      7703.
   204.00      7703.
   204.50      7703.
   205.00      7703.
   205.50      7703.
   206.00      7703.
   206.50      7703.
   207.00      7703.
   207.50      7703.
   208.00      7703.
   208.50      7703.
   209.00      7703.
   209.50      7703.
   210.00      7703.
   210.50      7703.
   211.00      7703.
   211.50      7703.
   212.00      7703.
   212.50      7703.
   213.00      7703.
   213.50      7703.
   214.00      7703.
   214.50      7703.
   215.00      7703.
   215.50      7703.
   216.00      7703.
   216.50      7703.
   217.00      7702.
   217.50      7702.
   218.00      7700.
   218.50      7699.
   219.00      7697.
   219.50      7694.
   220.00      7692.
   220.50      7688.
   221.00      7685.
   221.50      7681.
   222.00      7677.
   222.50      7672.
   223.00      7667.
   223.50      7662.
   224.00      7656.
   224.50      7650.
   225.00      7644.
   225.50      7638.
   226.00      7631.
   226.50      7624.
   227.00      7617.
   227.50      7610.
   228.00      7603.
   228.50      7595.
   229.00      7587.
   229.50      7579.
   230.00      7571.
   230.50      7562.
   231.00      7554.
   231.50      7545.
   232.00      7537.
   232.50      7528.
   233.00      7519.
   233.50      7510.
   234.00      7501.
   234.50      7492.
   235.00      7483.
   235.50      7474.
   236.00      7465.
   236.50      7456.
   237.00      7447.
   237.50      7438.
   238.00      7429.
   238.50      7420.
   239.00      7412.
   239.50      7403.
   240.00      7394.
   240.50      7386.
   241.00      7377.
   241.50      7367.
   242.00      7357.
   242.50      7346.
   243.00      7335.
   243.50      7323.
   244.00      7310.
   244.50      7297.
   245.00      7284.
   245.50      7270.
   246.00      7256.
   246.50      7241.
   247.00      7226.
   247.50      7211.
   248.00      7196.
   248.50      7180.
   249.00      7164.
   249.50      7149.
   250.00      7133.
   250.50      7117.
   251.00      7101.
   251.50      7085.
   252.00      7070.
   252.50      7054.
   253.00      7039.
   253.50      7024.
   254.00      7009.
   254.50      6994.
   255.00      6980.
   255.50      6966.
   256.00      6953.
   256.50      6940.
   257.00      6927.
   257.50      6915.
   258.00      6904.
   258.50      6893.
   259.00      6883.
   259.50      6873.
   260.00      6864.
   260.50      6856.
   261.00      6849.
   261.50      6843.
   262.00      6837.
   262.50      6832.
   263.00      6829.
   263.50      6826.
   264.00      6825.
   264.50      6824.
   265.00      6824.
   265.50      6824.
   266.00      6825.
   266.50      6825.
   267.00      6826.
   267.50      6827.
   268.00      6828.
   268.50      6829.
   269.00      6830.
   269.50      6831.
   270.00      6832.
   270.50      6834.
   271.00      6835.
   271.50      6837.
   272.00      6838.
   272.50      6840.
   273.00      6842.
   273.50      6843.
   274.00      6845.
   274.50      6847.
   275.00      6849.
   275.50      6851.
   276.00      6853.
   276.50      6855.
   277.00      6857.
   277.50      6858.
   278.00      6860.
   278.50      6862.
   279.00      6864.
   279.50      6866.
   280.00      6868.
   280.50      6869.
   281.00      6871.
   281.50      6873.
   282.00      6874.
   282.50      6876.
   283.00      6877.
   283.50      6878.
   284.00      6880.
   284.50      6881.
   285.00      6882.
   285.50      6883.
   286.00      6883.
   286.50      6884.
   287.00      6885.
   287.50      6885.
   288.00      6885.
   288.50      6885.
   289.00      6885.
   289.50      6884.
   290.00      6883.
   290.50      6881.
   291.00      6879.
   291.50      6876.
   292.00      6873.
   292.50      6870.
   293.00      6866.
   293.50      6862.
   294.00      6857.
   294.50      6852.
   295.00      6847.
   295.50      6842.
   296.00      6836.
   296.50      6830.
   297.00      6824.
   297.50      6817.
   298.00      6811.
   298.50      6804.
   299.00      6797.
   299.50      6790.
   300.00      6783.
   300.50      6776.
   301.00      6769.
   301.50      6761.
   302.00      6754.
   302.50      6747.
   303.00      6739.
   303.50      6732.
   304.00      6725.
   304.50      6718.
   305.00      6711.
   305.50      6704.
   306.00      6697.
   306.50      6690.
   307.00      6684.
   307.50      6678.
   308.00      6672.
   308.50      6666.
   309.00      6660.
   309.50      6655.
   310.00      6650.
   310.50      6645.
   311.00      6641.
   311.50      6637.
   312.00      6633.
   312.50      6630.
   313.00      6627.
   313.50      6624.
   314.00      6621.
   314.50      6619.
   315.00      6616.
   315.50      6614.
   316.00      6611.
   316.50      6609.
   317.00      6607.
   317.50      6604.
   318.00      6602.
   318.50      6600.
   319.00      6598.
   319.50      6596.
   320.00      6594.
   320.50      6593.
   321.00      6591.
   321.50      6589.
   322.00      6587.
   322.50      6586.
   323.00      6584.
   323.50      6582.
   324.00      6580.
   324.50      6579.
   325.00      6577.
   325.50      6575.
   326.00      6574.
   326.50      6572.
   327.00      6570.
   327.50      6569.
   328.00      6567.
   328.50      6565.
   329.00      6563.
   329.50      6561.
   330.00      6559.
   330.50      6557.
   331.00      6555.
   331.50      6553.
   332.00      6551.
   332.50      6549.
   333.00      6546.
   333.50      6544.
   334.00      6542.
   334.50      6539.
   335.00      6536.
   335.50      6534.
   336.00      6531.
   336.50      6528.
   337.00      6525.
   337.50      6521.
   338.00      6518.
   338.50      6514.
   339.00      6511.
   339.50      6507.
   340.00      6503.
   340.50      6499.
   341.00      6495.
   341.50      6491.
   342.00      6486.
   342.50      6482.
   343.00      6477.
   343.50      6473.
   344.00      6468.
   344.50      6463.
   345.00      6458.
   345.50      6453.
   346.00      6448.
   346.50      6443.
   347.00      6437.
   347.50      6432.
   348.00      6427.
   348.50      6421.
   349.00      6415.
   349.50      6410.
   350.00      6404.
   350.50      6398.
   351.00      6392.
   351.50      6386.
   352.00      6380.
   352.50      6374.
   353.00      6368.
   353.50      6362.
   354.00      6356.
   354.50      6350.
   355.00      6343.
   355.50      6337.
   356.00      6331.
   356.50      6324.
   357.00      6318.
   357.50      6311.
   358.00      6305.
   358.50      6298.
   359.00      6292.
   359.50      6285.
   360.00      6279.
1


  DISCHARGE VS ELEVATION
  **********************
  ELEVATION  DISCHARGE

    4880.49      5000.
    4890.00      5000.
    4898.70      5000.
    4900.00      5000.
    4902.00     10000.
    4904.00     22500.
    4906.00     37500.
    4908.00     56000.
    4910.00     77000.
    4912.00    100000.
    4914.00    125000.
    4916.00    153000.
    4920.00    212000.
    4924.00    270000.
    4928.00    328000.
    4930.00    357000.
    4935.00    429500.