
                     UNITED STATES BUREAU OF RECLAMATION
                       ENGINEERING AND RESEARCH CENTER

                            FLOOD ROUTING FOR DAMS
                            ----------------------

      FEATURE: Pueblo Dam                               DATE    **/ 1/  26
      FLOOD: TREX Test Run                              TIME    **:**:03.**
      TITLE: Full TREX Routing with snowmel
      DATA FILE: fs5-16snow.in                                                  

      FLOOD ROUTING SUMMARY
      *********************

         BEGINNING HOUR OF ROUTING.......................      0.50
         ENDING HOUR OF ROUTING..........................    360.00
         INITIAL RESERVOIR ELEVATION.....................   4880.49 FT
         MINIMUM OR NORMAL POOL ELEV.....................   4880.49 FT
         MAXIMUM RESERVOIR ELEVATION.....   4920.57 AT HOUR   81.50
         INFLOW PEAK DISCHARGE...........   287208. AT HOUR   72.00
         MAXIMUM TOTAL OUTFLOW...........   220326. AT HOUR   81.50
         ELEVATION TOLERANCE.............................    0.0100 FT
         INFLOW HYDROGRAPH ADJUSTMENT FACTOR.............      1.00
         IPC OPTIONS (1 TO 10)...........................3100100021

      WATERWAY PARAMETERS
      *******************

         WATERWAY NO. 1 - Top of Dam                    

         TYPE-BROAD OR SHARP CRESTED WEIR
         CONSTANT DISCHARGE COEFFICIENT..................      2.67
         CREST ELEVATION.................................   4925.25 FT
         CREST LENGTH....................................   1200.50 FT
         MAXIMUM DISCHARGE...............        0. AT HOUR    0.50

         WATERWAY NO. 2 - Embankment "wings"            

         TYPE-BROAD OR SHARP CRESTED WEIR
         CONSTANT DISCHARGE COEFFICIENT..................      2.62
         CREST ELEVATION.................................   4925.00 FT
         CREST LENGTH....................................   8480.00 FT
         MAXIMUM DISCHARGE...............        0. AT HOUR    0.50
1

                     ROUTING RESULTS                          DISCHARGE RESULTS
                     ***************                          *****************

    TIME     INFLOW    OUTFLOW    STORAGE   ELEVATION        WATERWAY         RATING
                                                           1         2        CURVE

     0.50      5527.      5000.    257067.   4880.49          0.        0.     5000.
     1.00      5557.      5000.    257089.   4880.49          0.        0.     5000.
     1.50      5587.      5000.    257112.   4880.50          0.        0.     5000.
     2.00      5617.      5000.    257138.   4880.50          0.        0.     5000.
     2.50      5647.      5000.    257164.   4880.51          0.        0.     5000.
     3.00      5677.      5000.    257192.   4880.52          0.        0.     5000.
     3.50      5707.      5000.    257221.   4880.52          0.        0.     5000.
     4.00      5737.      5000.    257251.   4880.53          0.        0.     5000.
     4.50      5766.      5000.    257282.   4880.53          0.        0.     5000.
     5.00      5796.      5000.    257315.   4880.54          0.        0.     5000.
     5.50      5825.      5000.    257348.   4880.55          0.        0.     5000.
     6.00      5855.      5000.    257384.   4880.56          0.        0.     5000.
     6.50      5884.      5000.    257419.   4880.56          0.        0.     5000.
     7.00      5913.      5000.    257457.   4880.57          0.        0.     5000.
     7.50      5941.      5000.    257495.   4880.58          0.        0.     5000.
     8.00      5970.      5000.    257535.   4880.59          0.        0.     5000.
     8.50      5999.      5000.    257575.   4880.60          0.        0.     5000.
     9.00      6027.      5000.    257618.   4880.60          0.        0.     5000.
     9.50      6056.      5000.    257660.   4880.61          0.        0.     5000.
    10.00      6084.      5000.    257705.   4880.62          0.        0.     5000.
    10.50      6112.      5000.    257750.   4880.63          0.        0.     5000.
    11.00      6140.      5000.    257797.   4880.64          0.        0.     5000.
    11.50      6167.      5000.    257844.   4880.65          0.        0.     5000.
    12.00      6195.      5000.    257894.   4880.66          0.        0.     5000.
    12.50      6222.      5000.    257944.   4880.67          0.        0.     5000.
    13.00      6249.      5000.    257995.   4880.68          0.        0.     5000.
    13.50      6276.      5000.    258047.   4880.69          0.        0.     5000.
    14.00      6303.      5000.    258102.   4880.70          0.        0.     5000.
    14.50      6330.      5000.    258156.   4880.72          0.        0.     5000.
    15.00      6357.      5000.    258213.   4880.73          0.        0.     5000.
    15.50      6383.      5000.    258269.   4880.74          0.        0.     5000.
    16.00      6409.      5000.    258326.   4880.75          0.        0.     5000.
    16.50      6435.      5000.    258385.   4880.76          0.        0.     5000.
    17.00      6461.      5000.    258444.   4880.77          0.        0.     5000.
    17.50      6487.      5000.    258506.   4880.79          0.        0.     5000.
    18.00      6512.      5000.    258567.   4880.80          0.        0.     5000.
    18.50      6537.      5000.    258631.   4880.81          0.        0.     5000.
    19.00      6562.      5000.    258695.   4880.83          0.        0.     5000.
    19.50      6587.      5000.    258761.   4880.84          0.        0.     5000.
    20.00      6612.      5000.    258827.   4880.85          0.        0.     5000.
    20.50      6636.      5000.    258893.   4880.87          0.        0.     5000.
    21.00      6661.      5000.    258961.   4880.88          0.        0.     5000.
    21.50      6685.      5000.    259030.   4880.90          0.        0.     5000.
    22.00      6708.      5000.    259101.   4880.91          0.        0.     5000.
    22.50      6732.      5000.    259172.   4880.93          0.        0.     5000.
    23.00      6755.      5000.    259245.   4880.94          0.        0.     5000.
    23.50      6778.      5000.    259318.   4880.96          0.        0.     5000.
    24.00      6801.      5000.    259391.   4880.97          0.        0.     5000.
    24.50      6824.      5000.    259467.   4880.99          0.        0.     5000.
    25.00      6846.      5000.    259542.   4881.00          0.        0.     5000.
    25.50      6869.      5000.    259618.   4881.02          0.        0.     5000.
    26.00      6890.      5000.    259696.   4881.03          0.        0.     5000.
    26.50      6912.      5000.    259774.   4881.05          0.        0.     5000.
    27.00      6934.      5000.    259854.   4881.07          0.        0.     5000.
    27.50      6955.      5000.    259935.   4881.08          0.        0.     5000.
    28.00      6976.      5000.    260015.   4881.10          0.        0.     5000.
    28.50      6997.      5000.    260097.   4881.12          0.        0.     5000.
    29.00      7017.      5000.    260180.   4881.13          0.        0.     5000.
    29.50      7038.      5000.    260263.   4881.15          0.        0.     5000.
    30.00      7058.      5000.    260348.   4881.17          0.        0.     5000.
    30.50      7078.      5000.    260433.   4881.19          0.        0.     5000.
    31.00      7098.      5000.    260520.   4881.20          0.        0.     5000.
    31.50      7117.      5000.    260608.   4881.22          0.        0.     5000.
    32.00      7137.      5000.    260695.   4881.24          0.        0.     5000.
    32.50      7156.      5000.    260785.   4881.26          0.        0.     5000.
    33.00      7175.      5000.    260875.   4881.28          0.        0.     5000.
    33.50      7195.      5000.    260964.   4881.30          0.        0.     5000.
    34.00      7214.      5000.    261056.   4881.31          0.        0.     5000.
    34.50      7233.      5000.    261148.   4881.33          0.        0.     5000.
    35.00      7251.      5000.    261241.   4881.35          0.        0.     5000.
    35.50      7270.      5000.    261335.   4881.37          0.        0.     5000.
    36.00      7289.      5000.    261430.   4881.39          0.        0.     5000.
    36.50      7307.      5000.    261524.   4881.41          0.        0.     5000.
    37.00      7326.      5000.    261621.   4881.43          0.        0.     5000.
    37.50      7344.      5000.    261718.   4881.45          0.        0.     5000.
    38.00      7363.      5000.    261815.   4881.47          0.        0.     5000.
    38.50      7381.      5000.    261914.   4881.49          0.        0.     5000.
    39.00      7399.      5000.    262013.   4881.51          0.        0.     5000.
    39.50      7418.      5000.    262112.   4881.53          0.        0.     5000.
    40.00      7436.      5000.    262211.   4881.55          0.        0.     5000.
    40.50      7454.      5000.    262313.   4881.57          0.        0.     5000.
    41.00      7473.      5000.    262414.   4881.60          0.        0.     5000.
    41.50      7491.      5000.    262516.   4881.62          0.        0.     5000.
    42.00      7509.      5000.    262620.   4881.64          0.        0.     5000.
    42.50      7528.      5000.    262724.   4881.66          0.        0.     5000.
    43.00      7546.      5000.    262828.   4881.68          0.        0.     5000.
    43.50      7565.      5000.    262934.   4881.70          0.        0.     5000.
    44.00      7583.      5000.    263040.   4881.73          0.        0.     5000.
    44.50      7602.      5000.    263147.   4881.75          0.        0.     5000.
    45.00      7620.      5000.    263255.   4881.77          0.        0.     5000.
    45.50      7639.      5000.    263364.   4881.79          0.        0.     5000.
    46.00      7658.      5000.    263473.   4881.81          0.        0.     5000.
    46.50      7677.      5000.    263584.   4881.84          0.        0.     5000.
    47.00      7696.      5000.    263695.   4881.86          0.        0.     5000.
    47.50      7715.      5000.    263806.   4881.88          0.        0.     5000.
    48.00      7734.      5000.    263919.   4881.91          0.        0.     5000.
    48.50      7754.      5000.    264032.   4881.93          0.        0.     5000.
    49.00      7773.      5000.    264146.   4881.95          0.        0.     5000.
    49.50      7794.      5000.    264261.   4881.98          0.        0.     5000.
    50.00      7815.      5000.    264377.   4882.00          0.        0.     5000.
    50.50      7838.      5000.    264493.   4882.03          0.        0.     5000.
    51.00      7860.      5000.    264611.   4882.05          0.        0.     5000.
    51.50      7883.      5000.    264729.   4882.07          0.        0.     5000.
    52.00      7907.      5000.    264849.   4882.10          0.        0.     5000.
    52.50      7931.      5000.    264970.   4882.12          0.        0.     5000.
    53.00      7956.      5000.    265090.   4882.15          0.        0.     5000.
    53.50      7981.      5000.    265213.   4882.17          0.        0.     5000.
    54.00      8006.      5000.    265336.   4882.20          0.        0.     5000.
    54.50      8032.      5000.    265461.   4882.23          0.        0.     5000.
    55.00      8058.      5000.    265586.   4882.25          0.        0.     5000.
    55.50      8084.      5000.    265714.   4882.28          0.        0.     5000.
    56.00      8110.      5000.    265841.   4882.30          0.        0.     5000.
    56.50      8136.      5000.    265971.   4882.33          0.        0.     5000.
    57.00      8162.      5000.    266101.   4882.36          0.        0.     5000.
    57.50      8197.      5000.    266233.   4882.39          0.        0.     5000.
    58.00      8281.      5000.    266368.   4882.41          0.        0.     5000.
    58.50      8375.      5000.    266505.   4882.44          0.        0.     5000.
    59.00      8480.      5000.    266647.   4882.47          0.        0.     5000.
    59.50      8618.      5000.    266793.   4882.50          0.        0.     5000.
    60.00      8912.      5000.    266949.   4882.53          0.        0.     5000.
    60.50      9488.      5000.    267122.   4882.57          0.        0.     5000.
    61.00     10370.      5000.    267325.   4882.61          0.        0.     5000.
    61.50     11951.      5000.    267580.   4882.66          0.        0.     5000.
    62.00     17334.      5000.    267979.   4882.75          0.        0.     5000.
    62.50     57719.      5000.    269323.   4883.02          0.        0.     5000.
    63.00    107295.      5000.    272525.   4883.69          0.        0.     5000.
    63.50    129513.      5000.    277211.   4884.65          0.        0.     5000.
    64.00    144923.      5000.    282674.   4885.78          0.        0.     5000.
    64.50    158750.      5000.    288742.   4887.04          0.        0.     5000.
    65.00    172454.      5000.    295378.   4888.41          0.        0.     5000.
    65.50    186031.      5000.    302579.   4889.90          0.        0.     5000.
    66.00    198030.      5000.    310307.   4891.33          0.        0.     5000.
    66.50    208221.      5000.    318495.   4892.84          0.        0.     5000.
    67.00    217547.      5000.    327086.   4894.42          0.        0.     5000.
    67.50    227211.      5000.    336069.   4896.08          0.        0.     5000.
    68.00    237582.      5000.    345466.   4897.81          0.        0.     5000.
    68.50    248157.      5000.    355296.   4899.62          0.        0.     5000.
    69.00    258279.      8300.    365485.   4901.32          0.        0.     8300.
    69.50    267461.     16271.    375839.   4903.00          0.        0.    16271.
    70.00    275283.     27598.    386147.   4904.68          0.        0.    27598.
    70.50    281266.     40485.    396251.   4906.32          0.        0.    40485.
    71.00    285179.     55119.    405979.   4907.90          0.        0.    55119.
    71.50    287079.     70750.    415204.   4909.40          0.        0.    70750.
    72.00    287208.     85187.    423848.   4910.71          0.        0.    85187.
    72.50    286152.     98417.    431901.   4911.86          0.        0.    98417.
    73.00    284727.    111591.    439357.   4912.93          0.        0.   111591.
    73.50    283446.    123865.    446231.   4913.91          0.        0.   123865.
    74.00    282346.    136355.    452545.   4914.81          0.        0.   136355.
    74.50    281316.    147900.    458318.   4915.64          0.        0.   147900.
    75.00    280247.    158740.    463593.   4916.39          0.        0.   158740.
    75.50    279128.    168830.    468382.   4917.07          0.        0.   168830.
    76.00    278028.    177984.    472726.   4917.69          0.        0.   177984.
    76.50    275899.    186245.    476647.   4918.25          0.        0.   186245.
    77.00    272444.    193584.    480130.   4918.75          0.        0.   193584.
    77.50    268137.    199987.    483169.   4919.19          0.        0.   199987.
    78.00    263221.    205468.    485771.   4919.56          0.        0.   205468.
    78.50    257790.    210063.    487951.   4919.87          0.        0.   210063.
    79.00    251914.    213614.    489728.   4920.11          0.        0.   213614.
    79.50    245734.    216255.    491129.   4920.29          0.        0.   216255.
    80.00    239235.    218223.    492174.   4920.43          0.        0.   218223.
    80.50    232377.    219540.    492873.   4920.52          0.        0.   219540.
    81.00    225197.    220234.    493241.   4920.57          0.        0.   220234.
    81.50    217764.    220326.    493290.   4920.57          0.        0.   220326.
    82.00    210223.    219852.    493038.   4920.54          0.        0.   219852.
    82.50    202711.    218846.    492505.   4920.47          0.        0.   218846.
    83.00    195239.    217360.    491716.   4920.37          0.        0.   217360.
    83.50    187779.    215420.    490686.   4920.24          0.        0.   215420.
    84.00    180346.    213069.    489438.   4920.07          0.        0.   213069.
    84.50    172951.    210149.    487993.   4919.87          0.        0.   210149.
    85.00    165577.    206735.    486372.   4919.64          0.        0.   206735.
    85.50    158233.    202997.    484598.   4919.39          0.        0.   202997.
    86.00    150945.    198957.    482680.   4919.12          0.        0.   198957.
    86.50    143747.    194650.    480636.   4918.82          0.        0.   194650.
    87.00    136701.    190113.    478483.   4918.52          0.        0.   190113.
    87.50    129924.    185374.    476234.   4918.19          0.        0.   185374.
    88.00    123485.    180476.    473909.   4917.86          0.        0.   180476.
    88.50    117392.    175471.    471533.   4917.52          0.        0.   175471.
    89.00    111647.    170386.    469120.   4917.18          0.        0.   170386.
    89.50    106254.    165258.    466686.   4916.83          0.        0.   165258.
    90.00    101178.    160123.    464249.   4916.48          0.        0.   160123.
    90.50     96392.    155002.    461819.   4916.14          0.        0.   155002.
    91.00     91903.    150081.    459409.   4915.79          0.        0.   150081.
    91.50     87674.    145296.    457016.   4915.45          0.        0.   145296.
    92.00     83673.    140565.    454650.   4915.11          0.        0.   140565.
    92.50     79862.    135896.    452316.   4914.78          0.        0.   135896.
    93.00     75931.    131296.    450015.   4914.45          0.        0.   131296.
    93.50     72034.    126750.    447742.   4914.13          0.        0.   126750.
    94.00     68182.    122546.    445493.   4913.80          0.        0.   122546.
    94.50     64485.    118549.    443254.   4913.48          0.        0.   118549.
    95.00     61005.    114575.    441028.   4913.17          0.        0.   114575.
    95.50     57732.    110645.    438827.   4912.85          0.        0.   110645.
    96.00     54649.    106769.    436656.   4912.54          0.        0.   106769.
    96.50     51798.    102960.    434523.   4912.24          0.        0.   102960.
    97.00     49209.     99287.    432431.   4911.94          0.        0.    99287.
    97.50     46808.     95918.    430380.   4911.65          0.        0.    95918.
    98.00     44572.     92622.    428374.   4911.36          0.        0.    92622.
    98.50     42534.     89398.    426412.   4911.08          0.        0.    89398.
    99.00     40678.     86260.    424501.   4910.81          0.        0.    86260.
    99.50     38944.     83210.    422645.   4910.54          0.        0.    83210.
   100.00     37351.     80251.    420843.   4910.28          0.        0.    80251.
   100.50     35809.     77382.    419096.   4910.03          0.        0.    77382.
   101.00     34438.     74519.    417411.   4909.76          0.        0.    74519.
   101.50     33101.     71740.    415783.   4909.50          0.        0.    71740.
   102.00     31880.     69063.    414216.   4909.24          0.        0.    69063.
   102.50     30765.     66490.    412709.   4909.00          0.        0.    66490.
   103.00     29631.     64019.    411261.   4908.76          0.        0.    64019.
   103.50     28645.     61640.    409868.   4908.54          0.        0.    61640.
   104.00     27678.     59358.    408532.   4908.32          0.        0.    59358.
   104.50     26772.     57169.    407250.   4908.11          0.        0.    57169.
   105.00     25930.     55178.    406019.   4907.91          0.        0.    55178.
   105.50     25130.     53389.    404829.   4907.72          0.        0.    53389.
   106.00     24443.     51664.    403682.   4907.53          0.        0.    51664.
   106.50     23749.     50002.    402577.   4907.35          0.        0.    50002.
   107.00     23083.     48399.    401511.   4907.18          0.        0.    48399.
   107.50     22459.     46854.    400485.   4907.01          0.        0.    46854.
   108.00     21883.     45368.    399497.   4906.85          0.        0.    45368.
   108.50     21347.     43936.    398545.   4906.70          0.        0.    43936.
   109.00     20870.     42559.    397629.   4906.55          0.        0.    42559.
   109.50     20421.     41240.    396752.   4906.40          0.        0.    41240.
   110.00     19974.     39971.    395908.   4906.27          0.        0.    39971.
   110.50     19533.     38751.    395098.   4906.14          0.        0.    38751.
   111.00     19109.     37581.    394320.   4906.01          0.        0.    37581.
   111.50     18704.     36654.    393572.   4905.89          0.        0.    36654.
   112.00     18324.     35761.    392840.   4905.77          0.        0.    35761.
   112.50     17967.     34896.    392131.   4905.65          0.        0.    34896.
   113.00     17642.     34058.    391443.   4905.54          0.        0.    34058.
   113.50     17345.     33245.    390777.   4905.43          0.        0.    33245.
   114.00     17049.     32457.    390131.   4905.33          0.        0.    32457.
   114.50     16760.     31692.    389504.   4905.23          0.        0.    31692.
   115.00     16503.     30952.    388897.   4905.13          0.        0.    30952.
   115.50     16262.     30234.    388309.   4905.03          0.        0.    30234.
   116.00     16020.     29542.    387741.   4904.94          0.        0.    29542.
   116.50     15778.     28872.    387192.   4904.85          0.        0.    28872.
   117.00     15541.     28224.    386660.   4904.76          0.        0.    28224.
   117.50     15312.     27594.    386144.   4904.68          0.        0.    27594.
   118.00     15103.     26986.    385645.   4904.60          0.        0.    26986.
   118.50     14918.     26396.    385162.   4904.52          0.        0.    26396.
   119.00     14743.     25829.    384696.   4904.44          0.        0.    25829.
   119.50     14570.     25280.    384246.   4904.37          0.        0.    25280.
   120.00     14399.     24749.    383811.   4904.30          0.        0.    24749.
   120.50     14246.     24236.    383390.   4904.23          0.        0.    24236.
   121.00     14091.     23741.    382985.   4904.17          0.        0.    23741.
   121.50     13940.     23262.    382592.   4904.10          0.        0.    23262.
   122.00     13796.     22800.    382213.   4904.04          0.        0.    22800.
   122.50     13664.     22378.    381847.   4903.98          0.        0.    22378.
   123.00     13532.     22018.    381493.   4903.92          0.        0.    22018.
   123.50     13400.     21667.    381147.   4903.87          0.        0.    21667.
   124.00     13272.     21325.    380811.   4903.81          0.        0.    21325.
   124.50     13154.     20992.    380484.   4903.76          0.        0.    20992.
   125.00     13038.     20669.    380165.   4903.71          0.        0.    20669.
   125.50     12926.     20352.    379853.   4903.66          0.        0.    20352.
   126.00     12815.     20043.    379550.   4903.61          0.        0.    20043.
   126.50     12708.     19744.    379256.   4903.56          0.        0.    19744.
   127.00     12610.     19454.    378970.   4903.51          0.        0.    19454.
   127.50     12515.     19171.    378691.   4903.47          0.        0.    19171.
   128.00     12423.     18896.    378421.   4903.42          0.        0.    18896.
   128.50     12332.     18627.    378157.   4903.38          0.        0.    18627.
   129.00      8502.     18289.    377823.   4903.33          0.        0.    18289.
   129.50      8497.     17886.    377427.   4903.26          0.        0.    17886.
   130.00      8492.     17498.    377046.   4903.20          0.        0.    17498.
   130.50      8486.     17129.    376682.   4903.14          0.        0.    17129.
   131.00      8480.     16772.    376331.   4903.08          0.        0.    16772.
   131.50      8474.     16430.    375995.   4903.03          0.        0.    16430.
   132.00      8469.     16104.    375673.   4902.98          0.        0.    16104.
   132.50      8462.     15789.    375364.   4902.93          0.        0.    15789.
   133.00      8456.     15487.    375067.   4902.88          0.        0.    15487.
   133.50      8450.     15197.    374782.   4902.83          0.        0.    15197.
   134.00      8444.     14919.    374508.   4902.79          0.        0.    14919.
   134.50      8438.     14654.    374247.   4902.74          0.        0.    14654.
   135.00      8431.     14398.    373995.   4902.70          0.        0.    14398.
   135.50      8425.     14153.    373755.   4902.66          0.        0.    14153.
   136.00      8418.     13918.    373523.   4902.63          0.        0.    13918.
   136.50      8412.     13693.    373301.   4902.59          0.        0.    13693.
   137.00      8406.     13476.    373088.   4902.56          0.        0.    13476.
   137.50      8399.     13268.    372884.   4902.52          0.        0.    13268.
   138.00      8393.     13067.    372686.   4902.49          0.        0.    13067.
   138.50      8386.     12875.    372497.   4902.46          0.        0.    12875.
   139.00      8380.     12689.    372313.   4902.43          0.        0.    12689.
   139.50      8374.     12512.    372139.   4902.40          0.        0.    12512.
   140.00      8367.     12341.    371971.   4902.37          0.        0.    12341.
   140.50      8361.     12176.    371809.   4902.35          0.        0.    12176.
   141.00      8355.     12020.    371656.   4902.32          0.        0.    12020.
   141.50      8349.     11871.    371509.   4902.30          0.        0.    11871.
   142.00      8343.     11724.    371365.   4902.28          0.        0.    11724.
   142.50      8337.     11584.    371226.   4902.25          0.        0.    11584.
   143.00      8332.     11450.    371094.   4902.23          0.        0.    11450.
   143.50      8326.     11321.    370968.   4902.21          0.        0.    11321.
   144.00      8321.     11199.    370848.   4902.19          0.        0.    11199.
   144.50      8315.     11080.    370731.   4902.17          0.        0.    11080.
   145.00      8310.     10967.    370620.   4902.15          0.        0.    10967.
   145.50      8305.     10858.    370512.   4902.14          0.        0.    10858.
   146.00      8300.     10754.    370410.   4902.12          0.        0.    10754.
   146.50      8295.     10653.    370311.   4902.10          0.        0.    10653.
   147.00      8290.     10555.    370215.   4902.09          0.        0.    10555.
   147.50      8285.     10461.    370121.   4902.07          0.        0.    10461.
   148.00      8280.     10372.    370034.   4902.06          0.        0.    10372.
   148.50      8274.     10287.    369950.   4902.05          0.        0.    10287.
   149.00      8269.     10204.    369869.   4902.03          0.        0.    10204.
   149.50      8264.     10125.    369791.   4902.02          0.        0.    10125.
   150.00      8259.     10049.    369716.   4902.01          0.        0.    10049.
   150.50      8254.      9990.    369644.   4902.00          0.        0.     9990.
   151.00      8249.      9961.    369572.   4901.98          0.        0.     9961.
   151.50      8244.      9933.    369503.   4901.97          0.        0.     9933.
   152.00      8239.      9905.    369434.   4901.96          0.        0.     9905.
   152.50      8234.      9877.    369365.   4901.95          0.        0.     9877.
   153.00      8229.      9850.    369299.   4901.94          0.        0.     9850.
   153.50      8224.      9823.    369233.   4901.93          0.        0.     9823.
   154.00      8219.      9796.    369167.   4901.92          0.        0.     9796.
   154.50      8214.      9769.    369101.   4901.91          0.        0.     9769.
   155.00      8209.      9744.    369037.   4901.90          0.        0.     9744.
   155.50      8204.      9718.    368974.   4901.89          0.        0.     9718.
   156.00      8199.      9692.    368911.   4901.88          0.        0.     9692.
   156.50      8194.      9668.    368851.   4901.87          0.        0.     9668.
   157.00      8189.      9644.    368791.   4901.86          0.        0.     9644.
   157.50      8183.      9619.    368731.   4901.85          0.        0.     9619.
   158.00      8178.      9595.    368671.   4901.84          0.        0.     9595.
   158.50      8173.      9572.    368614.   4901.83          0.        0.     9572.
   159.00      8168.      9548.    368557.   4901.82          0.        0.     9548.
   159.50      8163.      9525.    368500.   4901.81          0.        0.     9525.
   160.00      8157.      9502.    368443.   4901.80          0.        0.     9502.
   160.50      8152.      9480.    368389.   4901.79          0.        0.     9480.
   161.00      8147.      9458.    368335.   4901.78          0.        0.     9458.
   161.50      8141.      9436.    368281.   4901.77          0.        0.     9436.
   162.00      8136.      9414.    368227.   4901.77          0.        0.     9414.
   162.50      8130.      9393.    368176.   4901.76          0.        0.     9393.
   163.00      8125.      9373.    368125.   4901.75          0.        0.     9373.
   163.50      8119.      9352.    368074.   4901.74          0.        0.     9352.
   164.00      8113.      9331.    368023.   4901.73          0.        0.     9331.
   164.50      8108.      9310.    367971.   4901.72          0.        0.     9310.
   165.00      8102.      9291.    367923.   4901.72          0.        0.     9291.
   165.50      8096.      9271.    367875.   4901.71          0.        0.     9271.
   166.00      8090.      9252.    367827.   4901.70          0.        0.     9252.
   166.50      8084.      9232.    367779.   4901.69          0.        0.     9232.
   167.00      8078.      9213.    367731.   4901.69          0.        0.     9213.
   167.50      8072.      9193.    367683.   4901.68          0.        0.     9193.
   168.00      8066.      9175.    367638.   4901.67          0.        0.     9175.
   168.50      8060.      9156.    367593.   4901.66          0.        0.     9156.
   169.00      8054.      9138.    367548.   4901.66          0.        0.     9138.
   169.50      8047.      9120.    367503.   4901.65          0.        0.     9120.
   170.00      8040.      9102.    367458.   4901.64          0.        0.     9102.
   170.50      8032.      9083.    367413.   4901.63          0.        0.     9083.
   171.00      8024.      9066.    367371.   4901.63          0.        0.     9066.
   171.50      8016.      9049.    367329.   4901.62          0.        0.     9049.
   172.00      8008.      9032.    367287.   4901.61          0.        0.     9032.
   172.50      7999.      9015.    367245.   4901.61          0.        0.     9015.
   173.00      7990.      8998.    367203.   4901.60          0.        0.     8998.
   173.50      7981.      8981.    367161.   4901.59          0.        0.     8981.
   174.00      7972.      8964.    367119.   4901.59          0.        0.     8964.
   174.50      7962.      8947.    367077.   4901.58          0.        0.     8947.
   175.00      7953.      8931.    367038.   4901.57          0.        0.     8931.
   175.50      7943.      8915.    366999.   4901.57          0.        0.     8915.
   176.00      7933.      8899.    366960.   4901.56          0.        0.     8899.
   176.50      7923.      8883.    366921.   4901.55          0.        0.     8883.
   177.00      7913.      8867.    366882.   4901.55          0.        0.     8867.
   177.50      7903.      8851.    366842.   4901.54          0.        0.     8851.
   178.00      7893.      8835.    366803.   4901.53          0.        0.     8835.
   178.50      7883.      8820.    366764.   4901.53          0.        0.     8820.
   179.00      7873.      8804.    366725.   4901.52          0.        0.     8804.
   179.50      7864.      8788.    366686.   4901.52          0.        0.     8788.
   180.00      7854.      8772.    366647.   4901.51          0.        0.     8772.
   180.50      7844.      8756.    366608.   4901.50          0.        0.     8756.
   181.00      7834.      8740.    366569.   4901.50          0.        0.     8740.
   181.50      7825.      8726.    366533.   4901.49          0.        0.     8726.
   182.00      7816.      8711.    366497.   4901.48          0.        0.     8711.
   182.50      7807.      8696.    366461.   4901.48          0.        0.     8696.
   183.00      7798.      8682.    366425.   4901.47          0.        0.     8682.
   183.50      7789.      8667.    366389.   4901.47          0.        0.     8667.
   184.00      7781.      8652.    366353.   4901.46          0.        0.     8652.
   184.50      7773.      8638.    366317.   4901.46          0.        0.     8638.
   185.00      7765.      8623.    366281.   4901.45          0.        0.     8623.
   185.50      7758.      8608.    366245.   4901.44          0.        0.     8608.
   186.00      7751.      8594.    366209.   4901.44          0.        0.     8594.
   186.50      7744.      8579.    366173.   4901.43          0.        0.     8579.
   187.00      7738.      8566.    366140.   4901.43          0.        0.     8566.
   187.50      7732.      8552.    366107.   4901.42          0.        0.     8552.
   188.00      7727.      8539.    366074.   4901.42          0.        0.     8539.
   188.50      7722.      8525.    366041.   4901.41          0.        0.     8525.
   189.00      7718.      8512.    366008.   4901.40          0.        0.     8512.
   189.50      7714.      8499.    365975.   4901.40          0.        0.     8499.
   190.00      7710.      8485.    365942.   4901.39          0.        0.     8485.
   190.50      7708.      8472.    365909.   4901.39          0.        0.     8472.
   191.00      7705.      8459.    365879.   4901.38          0.        0.     8459.
   191.50      7704.      8447.    365849.   4901.38          0.        0.     8447.
   192.00      7703.      8435.    365819.   4901.37          0.        0.     8435.
   192.50      7703.      8423.    365789.   4901.37          0.        0.     8423.
   193.00      7703.      8411.    365759.   4901.36          0.        0.     8411.
   193.50      7703.      8398.    365728.   4901.36          0.        0.     8398.
   194.00      7703.      8387.    365701.   4901.35          0.        0.     8387.
   194.50      7703.      8376.    365674.   4901.35          0.        0.     8376.
   195.00      7703.      8365.    365647.   4901.35          0.        0.     8365.
   195.50      7703.      8354.    365620.   4901.34          0.        0.     8354.
   196.00      7703.      8344.    365593.   4901.34          0.        0.     8344.
   196.50      7703.      8333.    365566.   4901.33          0.        0.     8333.
   197.00      7703.      8322.    365539.   4901.33          0.        0.     8322.
   197.50      7703.      8312.    365515.   4901.32          0.        0.     8312.
   198.00      7703.      8302.    365491.   4901.32          0.        0.     8302.
   198.50      7703.      8292.    365467.   4901.32          0.        0.     8292.
   199.00      7703.      8282.    365443.   4901.31          0.        0.     8282.
   199.50      7703.      8273.    365419.   4901.31          0.        0.     8273.
   200.00      7703.      8263.    365395.   4901.31          0.        0.     8263.
   200.50      7703.      8253.    365371.   4901.30          0.        0.     8253.
   201.00      7703.      8243.    365347.   4901.30          0.        0.     8243.
   201.50      7703.      8235.    365326.   4901.29          0.        0.     8235.
   202.00      7703.      8226.    365305.   4901.29          0.        0.     8226.
   202.50      7703.      8218.    365284.   4901.29          0.        0.     8218.
   203.00      7703.      8209.    365263.   4901.28          0.        0.     8209.
   203.50      7703.      8201.    365242.   4901.28          0.        0.     8201.
   204.00      7703.      8192.    365221.   4901.28          0.        0.     8192.
   204.50      7703.      8184.    365200.   4901.27          0.        0.     8184.
   205.00      7703.      8175.    365179.   4901.27          0.        0.     8175.
   205.50      7703.      8168.    365161.   4901.27          0.        0.     8168.
   206.00      7703.      8160.    365143.   4901.26          0.        0.     8160.
   206.50      7703.      8153.    365125.   4901.26          0.        0.     8153.
   207.00      7703.      8146.    365107.   4901.26          0.        0.     8146.
   207.50      7703.      8138.    365089.   4901.26          0.        0.     8138.
   208.00      7703.      8131.    365071.   4901.25          0.        0.     8131.
   208.50      7703.      8124.    365053.   4901.25          0.        0.     8124.
   209.00      7703.      8116.    365035.   4901.25          0.        0.     8116.
   209.50      7703.      8109.    365017.   4901.24          0.        0.     8109.
   210.00      7703.      8102.    364999.   4901.24          0.        0.     8102.
   210.50      7703.      8096.    364984.   4901.24          0.        0.     8096.
   211.00      7703.      8090.    364969.   4901.24          0.        0.     8090.
   211.50      7703.      8083.    364954.   4901.23          0.        0.     8083.
   212.00      7703.      8077.    364939.   4901.23          0.        0.     8077.
   212.50      7703.      8071.    364924.   4901.23          0.        0.     8071.
   213.00      7703.      8065.    364909.   4901.23          0.        0.     8065.
   213.50      7703.      8059.    364894.   4901.22          0.        0.     8059.
   214.00      7703.      8053.    364879.   4901.22          0.        0.     8053.
   214.50      7703.      8047.    364864.   4901.22          0.        0.     8047.
   215.00      7703.      8041.    364849.   4901.22          0.        0.     8041.
   215.50      7703.      8035.    364834.   4901.21          0.        0.     8035.
   216.00      7703.      8029.    364819.   4901.21          0.        0.     8029.
   216.50      7703.      8024.    364807.   4901.21          0.        0.     8024.
   217.00      7702.      8019.    364795.   4901.21          0.        0.     8019.
   217.50      7702.      8014.    364783.   4901.21          0.        0.     8014.
   218.00      7700.      8009.    364771.   4901.20          0.        0.     8009.
   218.50      7699.      8004.    364759.   4901.20          0.        0.     8004.
   219.00      7697.      7999.    364747.   4901.20          0.        0.     7999.
   219.50      7694.      7994.    364735.   4901.20          0.        0.     7994.
   220.00      7692.      7990.    364723.   4901.20          0.        0.     7990.
   220.50      7688.      7985.    364711.   4901.19          0.        0.     7985.
   221.00      7685.      7980.    364699.   4901.19          0.        0.     7980.
   221.50      7681.      7975.    364687.   4901.19          0.        0.     7975.
   222.00      7677.      7970.    364675.   4901.19          0.        0.     7970.
   222.50      7672.      7965.    364663.   4901.19          0.        0.     7965.
   223.00      7667.      7960.    364651.   4901.18          0.        0.     7960.
   223.50      7662.      7955.    364639.   4901.18          0.        0.     7955.
   224.00      7656.      7950.    364627.   4901.18          0.        0.     7950.
   224.50      7650.      7946.    364614.   4901.18          0.        0.     7946.
   225.00      7644.      7941.    364602.   4901.18          0.        0.     7941.
   225.50      7638.      7936.    364590.   4901.17          0.        0.     7936.
   226.00      7631.      7931.    364578.   4901.17          0.        0.     7931.
   226.50      7624.      7926.    364566.   4901.17          0.        0.     7926.
   227.00      7617.      7921.    364554.   4901.17          0.        0.     7921.
   227.50      7610.      7916.    364542.   4901.17          0.        0.     7916.
   228.00      7603.      7911.    364530.   4901.16          0.        0.     7911.
   228.50      7595.      7906.    364518.   4901.16          0.        0.     7906.
   229.00      7587.      7902.    364506.   4901.16          0.        0.     7902.
   229.50      7579.      7897.    364494.   4901.16          0.        0.     7897.
   230.00      7571.      7892.    364482.   4901.16          0.        0.     7892.
   230.50      7562.      7887.    364470.   4901.15          0.        0.     7887.
   231.00      7554.      7882.    364458.   4901.15          0.        0.     7882.
   231.50      7545.      7876.    364443.   4901.15          0.        0.     7876.
   232.00      7537.      7870.    364428.   4901.15          0.        0.     7870.
   232.50      7528.      7864.    364413.   4901.15          0.        0.     7864.
   233.00      7519.      7858.    364398.   4901.14          0.        0.     7858.
   233.50      7510.      7852.    364383.   4901.14          0.        0.     7852.
   234.00      7501.      7845.    364368.   4901.14          0.        0.     7845.
   234.50      7492.      7839.    364353.   4901.14          0.        0.     7839.
   235.00      7483.      7833.    364338.   4901.13          0.        0.     7833.
   235.50      7474.      7827.    364323.   4901.13          0.        0.     7827.
   236.00      7465.      7821.    364308.   4901.13          0.        0.     7821.
   236.50      7456.      7815.    364293.   4901.13          0.        0.     7815.
   237.00      7447.      7809.    364278.   4901.12          0.        0.     7809.
   237.50      7438.      7803.    364263.   4901.12          0.        0.     7803.
   238.00      7429.      7797.    364248.   4901.12          0.        0.     7797.
   238.50      7420.      7791.    364233.   4901.12          0.        0.     7791.
   239.00      7412.      7784.    364218.   4901.11          0.        0.     7784.
   239.50      7403.      7778.    364203.   4901.11          0.        0.     7778.
   240.00      7394.      7772.    364188.   4901.11          0.        0.     7772.
   240.50      7386.      7766.    364173.   4901.11          0.        0.     7766.
   241.00      7377.      7760.    364158.   4901.10          0.        0.     7760.
   241.50      7367.      7754.    364143.   4901.10          0.        0.     7754.
   242.00      7357.      7748.    364128.   4901.10          0.        0.     7748.
   242.50      7346.      7742.    364113.   4901.10          0.        0.     7742.
   243.00      7335.      7736.    364098.   4901.09          0.        0.     7736.
   243.50      7323.      7728.    364080.   4901.09          0.        0.     7728.
   244.00      7310.      7721.    364062.   4901.09          0.        0.     7721.
   244.50      7297.      7714.    364044.   4901.09          0.        0.     7714.
   245.00      7284.      7706.    364026.   4901.08          0.        0.     7706.
   245.50      7270.      7699.    364008.   4901.08          0.        0.     7699.
   246.00      7256.      7692.    363990.   4901.08          0.        0.     7692.
   246.50      7241.      7684.    363972.   4901.07          0.        0.     7684.
   247.00      7226.      7677.    363954.   4901.07          0.        0.     7677.
   247.50      7211.      7670.    363936.   4901.07          0.        0.     7670.
   248.00      7196.      7662.    363918.   4901.06          0.        0.     7662.
   248.50      7180.      7655.    363900.   4901.06          0.        0.     7655.
   249.00      7164.      7646.    363879.   4901.06          0.        0.     7646.
   249.50      7149.      7638.    363858.   4901.06          0.        0.     7638.
   250.00      7133.      7629.    363837.   4901.05          0.        0.     7629.
   250.50      7117.      7621.    363816.   4901.05          0.        0.     7621.
   251.00      7101.      7612.    363795.   4901.04          0.        0.     7612.
   251.50      7085.      7604.    363774.   4901.04          0.        0.     7604.
   252.00      7070.      7595.    363753.   4901.04          0.        0.     7595.
   252.50      7054.      7587.    363732.   4901.03          0.        0.     7587.
   253.00      7039.      7578.    363711.   4901.03          0.        0.     7578.
   253.50      7024.      7570.    363690.   4901.03          0.        0.     7570.
   254.00      7009.      7560.    363666.   4901.02          0.        0.     7560.
   254.50      6994.      7550.    363642.   4901.02          0.        0.     7550.
   255.00      6980.      7540.    363618.   4901.02          0.        0.     7540.
   255.50      6966.      7531.    363594.   4901.01          0.        0.     7531.
   256.00      6953.      7521.    363570.   4901.01          0.        0.     7521.
   256.50      6940.      7511.    363546.   4901.00          0.        0.     7511.
   257.00      6927.      7501.    363522.   4901.00          0.        0.     7501.
   257.50      6915.      7491.    363497.   4901.00          0.        0.     7491.
   258.00      6904.      7482.    363473.   4900.99          0.        0.     7482.
   258.50      6893.      7472.    363449.   4900.99          0.        0.     7472.
   259.00      6883.      7462.    363425.   4900.98          0.        0.     7462.
   259.50      6873.      7452.    363401.   4900.98          0.        0.     7452.
   260.00      6864.      7443.    363377.   4900.98          0.        0.     7443.
   260.50      6856.      7433.    363353.   4900.97          0.        0.     7433.
   261.00      6849.      7423.    363329.   4900.97          0.        0.     7423.
   261.50      6843.      7413.    363305.   4900.97          0.        0.     7413.
   262.00      6837.      7404.    363281.   4900.96          0.        0.     7404.
   262.50      6832.      7394.    363257.   4900.96          0.        0.     7394.
   263.00      6829.      7384.    363233.   4900.95          0.        0.     7384.
   263.50      6826.      7374.    363209.   4900.95          0.        0.     7374.
   264.00      6825.      7366.    363188.   4900.95          0.        0.     7366.
   264.50      6824.      7357.    363167.   4900.94          0.        0.     7357.
   265.00      6824.      7349.    363146.   4900.94          0.        0.     7349.
   265.50      6824.      7340.    363125.   4900.94          0.        0.     7340.
   266.00      6825.      7332.    363104.   4900.93          0.        0.     7332.
   266.50      6825.      7323.    363083.   4900.93          0.        0.     7323.
   267.00      6826.      7314.    363062.   4900.93          0.        0.     7314.
   267.50      6827.      7306.    363041.   4900.92          0.        0.     7306.
   268.00      6828.      7297.    363020.   4900.92          0.        0.     7297.
   268.50      6829.      7290.    363002.   4900.92          0.        0.     7290.
   269.00      6830.      7283.    362984.   4900.91          0.        0.     7283.
   269.50      6831.      7275.    362966.   4900.91          0.        0.     7275.
   270.00      6832.      7268.    362948.   4900.91          0.        0.     7268.
   270.50      6834.      7261.    362930.   4900.90          0.        0.     7261.
   271.00      6835.      7253.    362912.   4900.90          0.        0.     7253.
   271.50      6837.      7246.    362894.   4900.90          0.        0.     7246.
   272.00      6838.      7239.    362876.   4900.90          0.        0.     7239.
   272.50      6840.      7233.    362861.   4900.89          0.        0.     7233.
   273.00      6842.      7227.    362846.   4900.89          0.        0.     7227.
   273.50      6843.      7220.    362831.   4900.89          0.        0.     7220.
   274.00      6845.      7214.    362816.   4900.89          0.        0.     7214.
   274.50      6847.      7208.    362801.   4900.88          0.        0.     7208.
   275.00      6849.      7202.    362786.   4900.88          0.        0.     7202.
   275.50      6851.      7196.    362771.   4900.88          0.        0.     7196.
   276.00      6853.      7190.    362756.   4900.88          0.        0.     7190.
   276.50      6855.      7184.    362741.   4900.87          0.        0.     7184.
   277.00      6857.      7179.    362729.   4900.87          0.        0.     7179.
   277.50      6858.      7174.    362717.   4900.87          0.        0.     7174.
   278.00      6860.      7169.    362705.   4900.87          0.        0.     7169.
   278.50      6862.      7164.    362693.   4900.87          0.        0.     7164.
   279.00      6864.      7159.    362681.   4900.86          0.        0.     7159.
   279.50      6866.      7155.    362669.   4900.86          0.        0.     7155.
   280.00      6868.      7150.    362657.   4900.86          0.        0.     7150.
   280.50      6869.      7145.    362645.   4900.86          0.        0.     7145.
   281.00      6871.      7140.    362633.   4900.86          0.        0.     7140.
   281.50      6873.      7135.    362621.   4900.85          0.        0.     7135.
   282.00      6874.      7130.    362609.   4900.85          0.        0.     7130.
   282.50      6876.      7126.    362600.   4900.85          0.        0.     7126.
   283.00      6877.      7123.    362591.   4900.85          0.        0.     7123.
   283.50      6878.      7119.    362582.   4900.85          0.        0.     7119.
   284.00      6880.      7115.    362573.   4900.85          0.        0.     7115.
   284.50      6881.      7112.    362564.   4900.84          0.        0.     7112.
   285.00      6882.      7108.    362555.   4900.84          0.        0.     7108.
   285.50      6883.      7104.    362546.   4900.84          0.        0.     7104.
   286.00      6883.      7101.    362537.   4900.84          0.        0.     7101.
   286.50      6884.      7097.    362528.   4900.84          0.        0.     7097.
   287.00      6885.      7094.    362519.   4900.84          0.        0.     7094.
   287.50      6885.      7090.    362510.   4900.84          0.        0.     7090.
   288.00      6885.      7086.    362501.   4900.83          0.        0.     7086.
   288.50      6885.      7083.    362492.   4900.83          0.        0.     7083.
   289.00      6885.      7079.    362483.   4900.83          0.        0.     7079.
   289.50      6884.      7075.    362474.   4900.83          0.        0.     7075.
   290.00      6883.      7072.    362465.   4900.83          0.        0.     7072.
   290.50      6881.      7068.    362456.   4900.83          0.        0.     7068.
   291.00      6879.      7064.    362447.   4900.83          0.        0.     7064.
   291.50      6876.      7061.    362438.   4900.82          0.        0.     7061.
   292.00      6873.      7057.    362429.   4900.82          0.        0.     7057.
   292.50      6870.      7053.    362420.   4900.82          0.        0.     7053.
   293.00      6866.      7050.    362411.   4900.82          0.        0.     7050.
   293.50      6862.      7046.    362402.   4900.82          0.        0.     7046.
   294.00      6857.      7042.    362393.   4900.82          0.        0.     7042.
   294.50      6852.      7039.    362384.   4900.82          0.        0.     7039.
   295.00      6847.      7035.    362374.   4900.81          0.        0.     7035.
   295.50      6842.      7031.    362365.   4900.81          0.        0.     7031.
   296.00      6836.      7028.    362356.   4900.81          0.        0.     7028.
   296.50      6830.      7024.    362347.   4900.81          0.        0.     7024.
   297.00      6824.      7020.    362338.   4900.81          0.        0.     7020.
   297.50      6817.      7017.    362329.   4900.81          0.        0.     7017.
   298.00      6811.      7013.    362320.   4900.81          0.        0.     7013.
   298.50      6804.      7009.    362311.   4900.80          0.        0.     7009.
   299.00      6797.      7006.    362302.   4900.80          0.        0.     7006.
   299.50      6790.      7002.    362293.   4900.80          0.        0.     7002.
   300.00      6783.      6998.    362284.   4900.80          0.        0.     6998.
   300.50      6776.      6995.    362275.   4900.80          0.        0.     6995.
   301.00      6769.      6991.    362266.   4900.80          0.        0.     6991.
   301.50      6761.      6987.    362257.   4900.79          0.        0.     6987.
   302.00      6754.      6984.    362248.   4900.79          0.        0.     6984.
   302.50      6747.      6980.    362239.   4900.79          0.        0.     6980.
   303.00      6739.      6976.    362230.   4900.79          0.        0.     6976.
   303.50      6732.      6973.    362221.   4900.79          0.        0.     6973.
   304.00      6725.      6969.    362212.   4900.79          0.        0.     6969.
   304.50      6718.      6965.    362203.   4900.79          0.        0.     6965.
   305.00      6711.      6962.    362194.   4900.78          0.        0.     6962.
   305.50      6704.      6958.    362185.   4900.78          0.        0.     6958.
   306.00      6697.      6953.    362173.   4900.78          0.        0.     6953.
   306.50      6690.      6948.    362161.   4900.78          0.        0.     6948.
   307.00      6684.      6943.    362149.   4900.78          0.        0.     6943.
   307.50      6678.      6938.    362137.   4900.78          0.        0.     6938.
   308.00      6672.      6934.    362125.   4900.77          0.        0.     6934.
   308.50      6666.      6929.    362113.   4900.77          0.        0.     6929.
   309.00      6660.      6924.    362101.   4900.77          0.        0.     6924.
   309.50      6655.      6919.    362089.   4900.77          0.        0.     6919.
   310.00      6650.      6914.    362077.   4900.77          0.        0.     6914.
   310.50      6645.      6909.    362065.   4900.76          0.        0.     6909.
   311.00      6641.      6904.    362053.   4900.76          0.        0.     6904.
   311.50      6637.      6899.    362041.   4900.76          0.        0.     6899.
   312.00      6633.      6895.    362029.   4900.76          0.        0.     6895.
   312.50      6630.      6890.    362017.   4900.76          0.        0.     6890.
   313.00      6627.      6885.    362005.   4900.75          0.        0.     6885.
   313.50      6624.      6880.    361993.   4900.75          0.        0.     6880.
   314.00      6621.      6875.    361981.   4900.75          0.        0.     6875.
   314.50      6619.      6871.    361972.   4900.75          0.        0.     6871.
   315.00      6616.      6868.    361963.   4900.75          0.        0.     6868.
   315.50      6614.      6864.    361954.   4900.75          0.        0.     6864.
   316.00      6611.      6860.    361945.   4900.74          0.        0.     6860.
   316.50      6609.      6857.    361936.   4900.74          0.        0.     6857.
   317.00      6607.      6853.    361927.   4900.74          0.        0.     6853.
   317.50      6604.      6849.    361918.   4900.74          0.        0.     6849.
   318.00      6602.      6846.    361909.   4900.74          0.        0.     6846.
   318.50      6600.      6842.    361900.   4900.74          0.        0.     6842.
   319.00      6598.      6838.    361891.   4900.74          0.        0.     6838.
   319.50      6596.      6835.    361882.   4900.73          0.        0.     6835.
   320.00      6594.      6831.    361873.   4900.73          0.        0.     6831.
   320.50      6593.      6827.    361864.   4900.73          0.        0.     6827.
   321.00      6591.      6824.    361855.   4900.73          0.        0.     6824.
   321.50      6589.      6820.    361846.   4900.73          0.        0.     6820.
   322.00      6587.      6816.    361837.   4900.73          0.        0.     6816.
   322.50      6586.      6813.    361828.   4900.73          0.        0.     6813.
   323.00      6584.      6809.    361819.   4900.72          0.        0.     6809.
   323.50      6582.      6805.    361810.   4900.72          0.        0.     6805.
   324.00      6580.      6802.    361801.   4900.72          0.        0.     6802.
   324.50      6579.      6798.    361792.   4900.72          0.        0.     6798.
   325.00      6577.      6794.    361783.   4900.72          0.        0.     6794.
   325.50      6575.      6791.    361774.   4900.72          0.        0.     6791.
   326.00      6574.      6787.    361765.   4900.71          0.        0.     6787.
   326.50      6572.      6783.    361756.   4900.71          0.        0.     6783.
   327.00      6570.      6780.    361747.   4900.71          0.        0.     6780.
   327.50      6569.      6776.    361738.   4900.71          0.        0.     6776.
   328.00      6567.      6772.    361729.   4900.71          0.        0.     6772.
   328.50      6565.      6769.    361720.   4900.71          0.        0.     6769.
   329.00      6563.      6765.    361711.   4900.71          0.        0.     6765.
   329.50      6561.      6761.    361702.   4900.70          0.        0.     6761.
   330.00      6559.      6758.    361693.   4900.70          0.        0.     6758.
   330.50      6557.      6754.    361684.   4900.70          0.        0.     6754.
   331.00      6555.      6750.    361675.   4900.70          0.        0.     6750.
   331.50      6553.      6747.    361666.   4900.70          0.        0.     6747.
   332.00      6551.      6743.    361657.   4900.70          0.        0.     6743.
   332.50      6549.      6740.    361648.   4900.70          0.        0.     6740.
   333.00      6546.      6736.    361639.   4900.69          0.        0.     6736.
   333.50      6544.      6732.    361630.   4900.69          0.        0.     6732.
   334.00      6542.      6729.    361621.   4900.69          0.        0.     6729.
   334.50      6539.      6725.    361612.   4900.69          0.        0.     6725.
   335.00      6536.      6721.    361603.   4900.69          0.        0.     6721.
   335.50      6534.      6718.    361594.   4900.69          0.        0.     6718.
   336.00      6531.      6714.    361585.   4900.69          0.        0.     6714.
   336.50      6528.      6710.    361576.   4900.68          0.        0.     6710.
   337.00      6525.      6708.    361570.   4900.68          0.        0.     6708.
   337.50      6521.      6704.    361561.   4900.68          0.        0.     6704.
   338.00      6518.      6700.    361552.   4900.68          0.        0.     6700.
   338.50      6514.      6697.    361543.   4900.68          0.        0.     6697.
   339.00      6511.      6693.    361534.   4900.68          0.        0.     6693.
   339.50      6507.      6689.    361525.   4900.68          0.        0.     6689.
   340.00      6503.      6686.    361516.   4900.67          0.        0.     6686.
   340.50      6499.      6682.    361507.   4900.67          0.        0.     6682.
   341.00      6495.      6678.    361498.   4900.67          0.        0.     6678.
   341.50      6491.      6675.    361489.   4900.67          0.        0.     6675.
   342.00      6486.      6671.    361480.   4900.67          0.        0.     6671.
   342.50      6482.      6667.    361471.   4900.67          0.        0.     6667.
   343.00      6477.      6664.    361462.   4900.67          0.        0.     6664.
   343.50      6473.      6660.    361453.   4900.66          0.        0.     6660.
   344.00      6468.      6656.    361444.   4900.66          0.        0.     6656.
   344.50      6463.      6653.    361435.   4900.66          0.        0.     6653.
   345.00      6458.      6649.    361426.   4900.66          0.        0.     6649.
   345.50      6453.      6646.    361417.   4900.66          0.        0.     6646.
   346.00      6448.      6642.    361408.   4900.66          0.        0.     6642.
   346.50      6443.      6638.    361399.   4900.66          0.        0.     6638.
   347.00      6437.      6635.    361390.   4900.65          0.        0.     6635.
   347.50      6432.      6631.    361381.   4900.65          0.        0.     6631.
   348.00      6427.      6627.    361372.   4900.65          0.        0.     6627.
   348.50      6421.      6624.    361363.   4900.65          0.        0.     6624.
   349.00      6415.      6620.    361354.   4900.65          0.        0.     6620.
   349.50      6410.      6616.    361345.   4900.65          0.        0.     6616.
   350.00      6404.      6613.    361336.   4900.65          0.        0.     6613.
   350.50      6398.      6609.    361327.   4900.64          0.        0.     6609.
   351.00      6392.      6605.    361318.   4900.64          0.        0.     6605.
   351.50      6386.      6602.    361309.   4900.64          0.        0.     6602.
   352.00      6380.      6598.    361300.   4900.64          0.        0.     6598.
   352.50      6374.      6594.    361291.   4900.64          0.        0.     6594.
   353.00      6368.      6591.    361282.   4900.64          0.        0.     6591.
   353.50      6362.      6587.    361273.   4900.63          0.        0.     6587.
   354.00      6356.      6583.    361263.   4900.63          0.        0.     6583.
   354.50      6350.      6580.    361254.   4900.63          0.        0.     6580.
   355.00      6343.      6576.    361245.   4900.63          0.        0.     6576.
   355.50      6337.      6572.    361236.   4900.63          0.        0.     6572.
   356.00      6331.      6569.    361227.   4900.63          0.        0.     6569.
   356.50      6324.      6565.    361218.   4900.63          0.        0.     6565.
   357.00      6318.      6561.    361209.   4900.62          0.        0.     6561.
   357.50      6311.      6558.    361200.   4900.62          0.        0.     6558.
   358.00      6305.      6554.    361191.   4900.62          0.        0.     6554.
   358.50      6298.      6550.    361182.   4900.62          0.        0.     6550.
   359.00      6292.      6547.    361173.   4900.62          0.        0.     6547.
   359.50      6285.      6542.    361161.   4900.62          0.        0.     6542.
   360.00      6279.      6537.    361149.   4900.61          0.        0.     6537.
1



      INFLOW DATA                           STORAGE DATA
      ***********                           ************
     TIME    INFLOW                     ELEVATION     STORAGE

     0.50      5527.                      4753.20          0.
     1.00      5557.                      4754.00          5.
     1.50      5587.                      4760.00        853.
     2.00      5617.                      4770.00       5056.
     2.50      5647.                      4780.00      11677.
     3.00      5677.                      4790.00      20701.
     3.50      5707.                      4800.00      32214.
     4.00      5737.                      4810.00      46676.
     4.50      5766.                      4820.00      64861.
     5.00      5796.                      4830.00      86629.
     5.50      5825.                      4840.00     112286.
     6.00      5855.                      4850.00     141401.
     6.50      5884.                      4860.00     174439.
     7.00      5913.                      4870.00     212059.
     7.50      5941.                      4880.00     254696.
     8.00      5970.                      4890.00     303066.
     8.50      5999.                      4900.00     357369.
     9.00      6027.                      4910.00     418864.
     9.50      6056.                      4920.00     488871.
    10.00      6084.                      4924.00     519654.
    10.50      6112.                      4924.50     523636.
    11.00      6140.                      4925.00     527626.
    11.50      6167.                      4925.50     531626.
    12.00      6195.                      4926.00     535626.
    12.50      6222.                      4930.00     569747.
    13.00      6249.                      4935.00     604527.
    13.50      6276.
    14.00      6303.
    14.50      6330.
    15.00      6357.
    15.50      6383.
    16.00      6409.
    16.50      6435.
    17.00      6461.
    17.50      6487.
    18.00      6512.
    18.50      6537.
    19.00      6562.
    19.50      6587.
    20.00      6612.
    20.50      6636.
    21.00      6661.
    21.50      6685.
    22.00      6708.
    22.50      6732.
    23.00      6755.
    23.50      6778.
    24.00      6801.
    24.50      6824.
    25.00      6846.
    25.50      6869.
    26.00      6890.
    26.50      6912.
    27.00      6934.
    27.50      6955.
    28.00      6976.
    28.50      6997.
    29.00      7017.
    29.50      7038.
    30.00      7058.
    30.50      7078.
    31.00      7098.
    31.50      7117.
    32.00      7137.
    32.50      7156.
    33.00      7175.
    33.50      7195.
    34.00      7214.
    34.50      7233.
    35.00      7251.
    35.50      7270.
    36.00      7289.
    36.50      7307.
    37.00      7326.
    37.50      7344.
    38.00      7363.
    38.50      7381.
    39.00      7399.
    39.50      7418.
    40.00      7436.
    40.50      7454.
    41.00      7473.
    41.50      7491.
    42.00      7509.
    42.50      7528.
    43.00      7546.
    43.50      7565.
    44.00      7583.
    44.50      7602.
    45.00      7620.
    45.50      7639.
    46.00      7658.
    46.50      7677.
    47.00      7696.
    47.50      7715.
    48.00      7734.
    48.50      7754.
    49.00      7773.
    49.50      7794.
    50.00      7815.
    50.50      7838.
    51.00      7860.
    51.50      7883.
    52.00      7907.
    52.50      7931.
    53.00      7956.
    53.50      7981.
    54.00      8006.
    54.50      8032.
    55.00      8058.
    55.50      8084.
    56.00      8110.
    56.50      8136.
    57.00      8162.
    57.50      8197.
    58.00      8281.
    58.50      8375.
    59.00      8480.
    59.50      8618.
    60.00      8912.
    60.50      9488.
    61.00     10370.
    61.50     11951.
    62.00     17334.
    62.50     57719.
    63.00    107295.
    63.50    129513.
    64.00    144923.
    64.50    158750.
    65.00    172454.
    65.50    186031.
    66.00    198030.
    66.50    208221.
    67.00    217547.
    67.50    227211.
    68.00    237582.
    68.50    248157.
    69.00    258279.
    69.50    267461.
    70.00    275283.
    70.50    281266.
    71.00    285179.
    71.50    287079.
    72.00    287208.
    72.50    286152.
    73.00    284727.
    73.50    283446.
    74.00    282346.
    74.50    281316.
    75.00    280247.
    75.50    279128.
    76.00    278028.
    76.50    275899.
    77.00    272444.
    77.50    268137.
    78.00    263221.
    78.50    257790.
    79.00    251914.
    79.50    245734.
    80.00    239235.
    80.50    232377.
    81.00    225197.
    81.50    217764.
    82.00    210223.
    82.50    202711.
    83.00    195239.
    83.50    187779.
    84.00    180346.
    84.50    172951.
    85.00    165577.
    85.50    158233.
    86.00    150945.
    86.50    143747.
    87.00    136701.
    87.50    129924.
    88.00    123485.
    88.50    117392.
    89.00    111647.
    89.50    106254.
    90.00    101178.
    90.50     96392.
    91.00     91903.
    91.50     87674.
    92.00     83673.
    92.50     79862.
    93.00     75931.
    93.50     72034.
    94.00     68182.
    94.50     64485.
    95.00     61005.
    95.50     57732.
    96.00     54649.
    96.50     51798.
    97.00     49209.
    97.50     46808.
    98.00     44572.
    98.50     42534.
    99.00     40678.
    99.50     38944.
   100.00     37351.
   100.50     35809.
   101.00     34438.
   101.50     33101.
   102.00     31880.
   102.50     30765.
   103.00     29631.
   103.50     28645.
   104.00     27678.
   104.50     26772.
   105.00     25930.
   105.50     25130.
   106.00     24443.
   106.50     23749.
   107.00     23083.
   107.50     22459.
   108.00     21883.
   108.50     21347.
   109.00     20870.
   109.50     20421.
   110.00     19974.
   110.50     19533.
   111.00     19109.
   111.50     18704.
   112.00     18324.
   112.50     17967.
   113.00     17642.
   113.50     17345.
   114.00     17049.
   114.50     16760.
   115.00     16503.
   115.50     16262.
   116.00     16020.
   116.50     15778.
   117.00     15541.
   117.50     15312.
   118.00     15103.
   118.50     14918.
   119.00     14743.
   119.50     14570.
   120.00     14399.
   120.50     14246.
   121.00     14091.
   121.50     13940.
   122.00     13796.
   122.50     13664.
   123.00     13532.
   123.50     13400.
   124.00     13272.
   124.50     13154.
   125.00     13038.
   125.50     12926.
   126.00     12815.
   126.50     12708.
   127.00     12610.
   127.50     12515.
   128.00     12423.
   128.50     12332.
   129.00      8502.
   129.50      8497.
   130.00      8492.
   130.50      8486.
   131.00      8480.
   131.50      8474.
   132.00      8469.
   132.50      8462.
   133.00      8456.
   133.50      8450.
   134.00      8444.
   134.50      8438.
   135.00      8431.
   135.50      8425.
   136.00      8418.
   136.50      8412.
   137.00      8406.
   137.50      8399.
   138.00      8393.
   138.50      8386.
   139.00      8380.
   139.50      8374.
   140.00      8367.
   140.50      8361.
   141.00      8355.
   141.50      8349.
   142.00      8343.
   142.50      8337.
   143.00      8332.
   143.50      8326.
   144.00      8321.
   144.50      8315.
   145.00      8310.
   145.50      8305.
   146.00      8300.
   146.50      8295.
   147.00      8290.
   147.50      8285.
   148.00      8280.
   148.50      8274.
   149.00      8269.
   149.50      8264.
   150.00      8259.
   150.50      8254.
   151.00      8249.
   151.50      8244.
   152.00      8239.
   152.50      8234.
   153.00      8229.
   153.50      8224.
   154.00      8219.
   154.50      8214.
   155.00      8209.
   155.50      8204.
   156.00      8199.
   156.50      8194.
   157.00      8189.
   157.50      8183.
   158.00      8178.
   158.50      8173.
   159.00      8168.
   159.50      8163.
   160.00      8157.
   160.50      8152.
   161.00      8147.
   161.50      8141.
   162.00      8136.
   162.50      8130.
   163.00      8125.
   163.50      8119.
   164.00      8113.
   164.50      8108.
   165.00      8102.
   165.50      8096.
   166.00      8090.
   166.50      8084.
   167.00      8078.
   167.50      8072.
   168.00      8066.
   168.50      8060.
   169.00      8054.
   169.50      8047.
   170.00      8040.
   170.50      8032.
   171.00      8024.
   171.50      8016.
   172.00      8008.
   172.50      7999.
   173.00      7990.
   173.50      7981.
   174.00      7972.
   174.50      7962.
   175.00      7953.
   175.50      7943.
   176.00      7933.
   176.50      7923.
   177.00      7913.
   177.50      7903.
   178.00      7893.
   178.50      7883.
   179.00      7873.
   179.50      7864.
   180.00      7854.
   180.50      7844.
   181.00      7834.
   181.50      7825.
   182.00      7816.
   182.50      7807.
   183.00      7798.
   183.50      7789.
   184.00      7781.
   184.50      7773.
   185.00      7765.
   185.50      7758.
   186.00      7751.
   186.50      7744.
   187.00      7738.
   187.50      7732.
   188.00      7727.
   188.50      7722.
   189.00      7718.
   189.50      7714.
   190.00      7710.
   190.50      7708.
   191.00      7705.
   191.50      7704.
   192.00      7703.
   192.50      7703.
   193.00      7703.
   193.50      7703.
   194.00      7703.
   194.50      7703.
   195.00      7703.
   195.50      7703.
   196.00      7703.
   196.50      7703.
   197.00      7703.
   197.50      7703.
   198.00      7703.
   198.50      7703.
   199.00      7703.
   199.50      7703.
   200.00      7703.
   200.50      7703.
   201.00      7703.
   201.50      7703.
   202.00      7703.
   202.50      7703.
   203.00      7703.
   203.50      7703.
   204.00      7703.
   204.50      7703.
   205.00      7703.
   205.50      7703.
   206.00      7703.
   206.50      7703.
   207.00      7703.
   207.50      7703.
   208.00      7703.
   208.50      7703.
   209.00      7703.
   209.50      7703.
   210.00      7703.
   210.50      7703.
   211.00      7703.
   211.50      7703.
   212.00      7703.
   212.50      7703.
   213.00      7703.
   213.50      7703.
   214.00      7703.
   214.50      7703.
   215.00      7703.
   215.50      7703.
   216.00      7703.
   216.50      7703.
   217.00      7702.
   217.50      7702.
   218.00      7700.
   218.50      7699.
   219.00      7697.
   219.50      7694.
   220.00      7692.
   220.50      7688.
   221.00      7685.
   221.50      7681.
   222.00      7677.
   222.50      7672.
   223.00      7667.
   223.50      7662.
   224.00      7656.
   224.50      7650.
   225.00      7644.
   225.50      7638.
   226.00      7631.
   226.50      7624.
   227.00      7617.
   227.50      7610.
   228.00      7603.
   228.50      7595.
   229.00      7587.
   229.50      7579.
   230.00      7571.
   230.50      7562.
   231.00      7554.
   231.50      7545.
   232.00      7537.
   232.50      7528.
   233.00      7519.
   233.50      7510.
   234.00      7501.
   234.50      7492.
   235.00      7483.
   235.50      7474.
   236.00      7465.
   236.50      7456.
   237.00      7447.
   237.50      7438.
   238.00      7429.
   238.50      7420.
   239.00      7412.
   239.50      7403.
   240.00      7394.
   240.50      7386.
   241.00      7377.
   241.50      7367.
   242.00      7357.
   242.50      7346.
   243.00      7335.
   243.50      7323.
   244.00      7310.
   244.50      7297.
   245.00      7284.
   245.50      7270.
   246.00      7256.
   246.50      7241.
   247.00      7226.
   247.50      7211.
   248.00      7196.
   248.50      7180.
   249.00      7164.
   249.50      7149.
   250.00      7133.
   250.50      7117.
   251.00      7101.
   251.50      7085.
   252.00      7070.
   252.50      7054.
   253.00      7039.
   253.50      7024.
   254.00      7009.
   254.50      6994.
   255.00      6980.
   255.50      6966.
   256.00      6953.
   256.50      6940.
   257.00      6927.
   257.50      6915.
   258.00      6904.
   258.50      6893.
   259.00      6883.
   259.50      6873.
   260.00      6864.
   260.50      6856.
   261.00      6849.
   261.50      6843.
   262.00      6837.
   262.50      6832.
   263.00      6829.
   263.50      6826.
   264.00      6825.
   264.50      6824.
   265.00      6824.
   265.50      6824.
   266.00      6825.
   266.50      6825.
   267.00      6826.
   267.50      6827.
   268.00      6828.
   268.50      6829.
   269.00      6830.
   269.50      6831.
   270.00      6832.
   270.50      6834.
   271.00      6835.
   271.50      6837.
   272.00      6838.
   272.50      6840.
   273.00      6842.
   273.50      6843.
   274.00      6845.
   274.50      6847.
   275.00      6849.
   275.50      6851.
   276.00      6853.
   276.50      6855.
   277.00      6857.
   277.50      6858.
   278.00      6860.
   278.50      6862.
   279.00      6864.
   279.50      6866.
   280.00      6868.
   280.50      6869.
   281.00      6871.
   281.50      6873.
   282.00      6874.
   282.50      6876.
   283.00      6877.
   283.50      6878.
   284.00      6880.
   284.50      6881.
   285.00      6882.
   285.50      6883.
   286.00      6883.
   286.50      6884.
   287.00      6885.
   287.50      6885.
   288.00      6885.
   288.50      6885.
   289.00      6885.
   289.50      6884.
   290.00      6883.
   290.50      6881.
   291.00      6879.
   291.50      6876.
   292.00      6873.
   292.50      6870.
   293.00      6866.
   293.50      6862.
   294.00      6857.
   294.50      6852.
   295.00      6847.
   295.50      6842.
   296.00      6836.
   296.50      6830.
   297.00      6824.
   297.50      6817.
   298.00      6811.
   298.50      6804.
   299.00      6797.
   299.50      6790.
   300.00      6783.
   300.50      6776.
   301.00      6769.
   301.50      6761.
   302.00      6754.
   302.50      6747.
   303.00      6739.
   303.50      6732.
   304.00      6725.
   304.50      6718.
   305.00      6711.
   305.50      6704.
   306.00      6697.
   306.50      6690.
   307.00      6684.
   307.50      6678.
   308.00      6672.
   308.50      6666.
   309.00      6660.
   309.50      6655.
   310.00      6650.
   310.50      6645.
   311.00      6641.
   311.50      6637.
   312.00      6633.
   312.50      6630.
   313.00      6627.
   313.50      6624.
   314.00      6621.
   314.50      6619.
   315.00      6616.
   315.50      6614.
   316.00      6611.
   316.50      6609.
   317.00      6607.
   317.50      6604.
   318.00      6602.
   318.50      6600.
   319.00      6598.
   319.50      6596.
   320.00      6594.
   320.50      6593.
   321.00      6591.
   321.50      6589.
   322.00      6587.
   322.50      6586.
   323.00      6584.
   323.50      6582.
   324.00      6580.
   324.50      6579.
   325.00      6577.
   325.50      6575.
   326.00      6574.
   326.50      6572.
   327.00      6570.
   327.50      6569.
   328.00      6567.
   328.50      6565.
   329.00      6563.
   329.50      6561.
   330.00      6559.
   330.50      6557.
   331.00      6555.
   331.50      6553.
   332.00      6551.
   332.50      6549.
   333.00      6546.
   333.50      6544.
   334.00      6542.
   334.50      6539.
   335.00      6536.
   335.50      6534.
   336.00      6531.
   336.50      6528.
   337.00      6525.
   337.50      6521.
   338.00      6518.
   338.50      6514.
   339.00      6511.
   339.50      6507.
   340.00      6503.
   340.50      6499.
   341.00      6495.
   341.50      6491.
   342.00      6486.
   342.50      6482.
   343.00      6477.
   343.50      6473.
   344.00      6468.
   344.50      6463.
   345.00      6458.
   345.50      6453.
   346.00      6448.
   346.50      6443.
   347.00      6437.
   347.50      6432.
   348.00      6427.
   348.50      6421.
   349.00      6415.
   349.50      6410.
   350.00      6404.
   350.50      6398.
   351.00      6392.
   351.50      6386.
   352.00      6380.
   352.50      6374.
   353.00      6368.
   353.50      6362.
   354.00      6356.
   354.50      6350.
   355.00      6343.
   355.50      6337.
   356.00      6331.
   356.50      6324.
   357.00      6318.
   357.50      6311.
   358.00      6305.
   358.50      6298.
   359.00      6292.
   359.50      6285.
   360.00      6279.
1


  DISCHARGE VS ELEVATION
  **********************
  ELEVATION  DISCHARGE

    4880.49      5000.
    4890.00      5000.
    4898.70      5000.
    4900.00      5000.
    4902.00     10000.
    4904.00     22500.
    4906.00     37500.
    4908.00     56000.
    4910.00     77000.
    4912.00    100000.
    4914.00    125000.
    4916.00    153000.
    4920.00    212000.
    4924.00    270000.
    4928.00    328000.
    4930.00    357000.
    4935.00    429500.