
                     UNITED STATES BUREAU OF RECLAMATION
                       ENGINEERING AND RESEARCH CENTER

                            FLOOD ROUTING FOR DAMS
                            ----------------------

      FEATURE: Pueblo Dam                               DATE    **/ 1/  26
      FLOOD: TREX Test Run & PMF snow                   TIME    **:**:03.**
      TITLE: Full TREX Routing             
      DATA FILE: fs5-12sn.in                                                    

      FLOOD ROUTING SUMMARY
      *********************

         BEGINNING HOUR OF ROUTING.......................      0.50
         ENDING HOUR OF ROUTING..........................    360.00
         INITIAL RESERVOIR ELEVATION.....................   4880.49 FT
         MINIMUM OR NORMAL POOL ELEV.....................   4880.49 FT
         MAXIMUM RESERVOIR ELEVATION.....   4919.15 AT HOUR   81.50
         INFLOW PEAK DISCHARGE...........   264359. AT HOUR   72.00
         MAXIMUM TOTAL OUTFLOW...........   199461. AT HOUR   81.50
         ELEVATION TOLERANCE.............................    0.0100 FT
         INFLOW HYDROGRAPH ADJUSTMENT FACTOR.............      1.00
         IPC OPTIONS (1 TO 10)...........................3100100021

      WATERWAY PARAMETERS
      *******************

         WATERWAY NO. 1 - Top of Dam                    

         TYPE-BROAD OR SHARP CRESTED WEIR
         CONSTANT DISCHARGE COEFFICIENT..................      2.67
         CREST ELEVATION.................................   4925.25 FT
         CREST LENGTH....................................   1200.50 FT
         MAXIMUM DISCHARGE...............        0. AT HOUR    0.50

         WATERWAY NO. 2 - Embankment "wings"            

         TYPE-BROAD OR SHARP CRESTED WEIR
         CONSTANT DISCHARGE COEFFICIENT..................      2.62
         CREST ELEVATION.................................   4925.00 FT
         CREST LENGTH....................................   8480.00 FT
         MAXIMUM DISCHARGE...............        0. AT HOUR    0.50
1

                     ROUTING RESULTS                          DISCHARGE RESULTS
                     ***************                          *****************

    TIME     INFLOW    OUTFLOW    STORAGE   ELEVATION        WATERWAY         RATING
                                                           1         2        CURVE

     0.50      5527.      5000.    257067.   4880.49          0.        0.     5000.
     1.00      5557.      5000.    257089.   4880.49          0.        0.     5000.
     1.50      5587.      5000.    257112.   4880.50          0.        0.     5000.
     2.00      5617.      5000.    257138.   4880.50          0.        0.     5000.
     2.50      5647.      5000.    257164.   4880.51          0.        0.     5000.
     3.00      5677.      5000.    257192.   4880.52          0.        0.     5000.
     3.50      5707.      5000.    257221.   4880.52          0.        0.     5000.
     4.00      5737.      5000.    257251.   4880.53          0.        0.     5000.
     4.50      5766.      5000.    257282.   4880.53          0.        0.     5000.
     5.00      5796.      5000.    257315.   4880.54          0.        0.     5000.
     5.50      5825.      5000.    257348.   4880.55          0.        0.     5000.
     6.00      5855.      5000.    257384.   4880.56          0.        0.     5000.
     6.50      5884.      5000.    257419.   4880.56          0.        0.     5000.
     7.00      5913.      5000.    257457.   4880.57          0.        0.     5000.
     7.50      5941.      5000.    257495.   4880.58          0.        0.     5000.
     8.00      5970.      5000.    257535.   4880.59          0.        0.     5000.
     8.50      5999.      5000.    257575.   4880.60          0.        0.     5000.
     9.00      6027.      5000.    257618.   4880.60          0.        0.     5000.
     9.50      6056.      5000.    257660.   4880.61          0.        0.     5000.
    10.00      6084.      5000.    257705.   4880.62          0.        0.     5000.
    10.50      6112.      5000.    257750.   4880.63          0.        0.     5000.
    11.00      6140.      5000.    257797.   4880.64          0.        0.     5000.
    11.50      6167.      5000.    257844.   4880.65          0.        0.     5000.
    12.00      6195.      5000.    257894.   4880.66          0.        0.     5000.
    12.50      6222.      5000.    257944.   4880.67          0.        0.     5000.
    13.00      6249.      5000.    257995.   4880.68          0.        0.     5000.
    13.50      6276.      5000.    258047.   4880.69          0.        0.     5000.
    14.00      6303.      5000.    258102.   4880.70          0.        0.     5000.
    14.50      6330.      5000.    258156.   4880.72          0.        0.     5000.
    15.00      6357.      5000.    258213.   4880.73          0.        0.     5000.
    15.50      6383.      5000.    258269.   4880.74          0.        0.     5000.
    16.00      6409.      5000.    258326.   4880.75          0.        0.     5000.
    16.50      6435.      5000.    258385.   4880.76          0.        0.     5000.
    17.00      6461.      5000.    258444.   4880.77          0.        0.     5000.
    17.50      6487.      5000.    258506.   4880.79          0.        0.     5000.
    18.00      6512.      5000.    258567.   4880.80          0.        0.     5000.
    18.50      6537.      5000.    258631.   4880.81          0.        0.     5000.
    19.00      6562.      5000.    258695.   4880.83          0.        0.     5000.
    19.50      6587.      5000.    258761.   4880.84          0.        0.     5000.
    20.00      6612.      5000.    258827.   4880.85          0.        0.     5000.
    20.50      6636.      5000.    258893.   4880.87          0.        0.     5000.
    21.00      6661.      5000.    258961.   4880.88          0.        0.     5000.
    21.50      6685.      5000.    259030.   4880.90          0.        0.     5000.
    22.00      6708.      5000.    259101.   4880.91          0.        0.     5000.
    22.50      6732.      5000.    259172.   4880.93          0.        0.     5000.
    23.00      6755.      5000.    259245.   4880.94          0.        0.     5000.
    23.50      6778.      5000.    259318.   4880.96          0.        0.     5000.
    24.00      6801.      5000.    259391.   4880.97          0.        0.     5000.
    24.50      6824.      5000.    259467.   4880.99          0.        0.     5000.
    25.00      6846.      5000.    259542.   4881.00          0.        0.     5000.
    25.50      6869.      5000.    259618.   4881.02          0.        0.     5000.
    26.00      6890.      5000.    259696.   4881.03          0.        0.     5000.
    26.50      6912.      5000.    259774.   4881.05          0.        0.     5000.
    27.00      6934.      5000.    259854.   4881.07          0.        0.     5000.
    27.50      6955.      5000.    259935.   4881.08          0.        0.     5000.
    28.00      6976.      5000.    260015.   4881.10          0.        0.     5000.
    28.50      6997.      5000.    260097.   4881.12          0.        0.     5000.
    29.00      7017.      5000.    260180.   4881.13          0.        0.     5000.
    29.50      7038.      5000.    260263.   4881.15          0.        0.     5000.
    30.00      7058.      5000.    260348.   4881.17          0.        0.     5000.
    30.50      7078.      5000.    260433.   4881.19          0.        0.     5000.
    31.00      7098.      5000.    260520.   4881.20          0.        0.     5000.
    31.50      7117.      5000.    260608.   4881.22          0.        0.     5000.
    32.00      7137.      5000.    260695.   4881.24          0.        0.     5000.
    32.50      7156.      5000.    260785.   4881.26          0.        0.     5000.
    33.00      7175.      5000.    260875.   4881.28          0.        0.     5000.
    33.50      7195.      5000.    260964.   4881.30          0.        0.     5000.
    34.00      7214.      5000.    261056.   4881.31          0.        0.     5000.
    34.50      7233.      5000.    261148.   4881.33          0.        0.     5000.
    35.00      7251.      5000.    261241.   4881.35          0.        0.     5000.
    35.50      7270.      5000.    261335.   4881.37          0.        0.     5000.
    36.00      7289.      5000.    261430.   4881.39          0.        0.     5000.
    36.50      7307.      5000.    261524.   4881.41          0.        0.     5000.
    37.00      7326.      5000.    261621.   4881.43          0.        0.     5000.
    37.50      7344.      5000.    261718.   4881.45          0.        0.     5000.
    38.00      7363.      5000.    261815.   4881.47          0.        0.     5000.
    38.50      7381.      5000.    261914.   4881.49          0.        0.     5000.
    39.00      7399.      5000.    262013.   4881.51          0.        0.     5000.
    39.50      7418.      5000.    262112.   4881.53          0.        0.     5000.
    40.00      7436.      5000.    262211.   4881.55          0.        0.     5000.
    40.50      7454.      5000.    262313.   4881.57          0.        0.     5000.
    41.00      7473.      5000.    262414.   4881.60          0.        0.     5000.
    41.50      7491.      5000.    262516.   4881.62          0.        0.     5000.
    42.00      7509.      5000.    262620.   4881.64          0.        0.     5000.
    42.50      7528.      5000.    262724.   4881.66          0.        0.     5000.
    43.00      7546.      5000.    262828.   4881.68          0.        0.     5000.
    43.50      7565.      5000.    262934.   4881.70          0.        0.     5000.
    44.00      7583.      5000.    263040.   4881.73          0.        0.     5000.
    44.50      7602.      5000.    263147.   4881.75          0.        0.     5000.
    45.00      7620.      5000.    263255.   4881.77          0.        0.     5000.
    45.50      7639.      5000.    263364.   4881.79          0.        0.     5000.
    46.00      7658.      5000.    263473.   4881.81          0.        0.     5000.
    46.50      7677.      5000.    263584.   4881.84          0.        0.     5000.
    47.00      7696.      5000.    263695.   4881.86          0.        0.     5000.
    47.50      7715.      5000.    263806.   4881.88          0.        0.     5000.
    48.00      7734.      5000.    263919.   4881.91          0.        0.     5000.
    48.50      7754.      5000.    264032.   4881.93          0.        0.     5000.
    49.00      7773.      5000.    264146.   4881.95          0.        0.     5000.
    49.50      7794.      5000.    264261.   4881.98          0.        0.     5000.
    50.00      7815.      5000.    264377.   4882.00          0.        0.     5000.
    50.50      7838.      5000.    264493.   4882.03          0.        0.     5000.
    51.00      7860.      5000.    264611.   4882.05          0.        0.     5000.
    51.50      7883.      5000.    264729.   4882.07          0.        0.     5000.
    52.00      7907.      5000.    264849.   4882.10          0.        0.     5000.
    52.50      7931.      5000.    264970.   4882.12          0.        0.     5000.
    53.00      7956.      5000.    265090.   4882.15          0.        0.     5000.
    53.50      7981.      5000.    265213.   4882.17          0.        0.     5000.
    54.00      8006.      5000.    265336.   4882.20          0.        0.     5000.
    54.50      8032.      5000.    265461.   4882.23          0.        0.     5000.
    55.00      8058.      5000.    265586.   4882.25          0.        0.     5000.
    55.50      8084.      5000.    265714.   4882.28          0.        0.     5000.
    56.00      8110.      5000.    265841.   4882.30          0.        0.     5000.
    56.50      8136.      5000.    265971.   4882.33          0.        0.     5000.
    57.00      8162.      5000.    266101.   4882.36          0.        0.     5000.
    57.50      8197.      5000.    266233.   4882.39          0.        0.     5000.
    58.00      8271.      5000.    266368.   4882.41          0.        0.     5000.
    58.50      8359.      5000.    266505.   4882.44          0.        0.     5000.
    59.00      8454.      5000.    266647.   4882.47          0.        0.     5000.
    59.50      8572.      5000.    266791.   4882.50          0.        0.     5000.
    60.00      8804.      5000.    266944.   4882.53          0.        0.     5000.
    60.50      9273.      5000.    267112.   4882.57          0.        0.     5000.
    61.00      9995.      5000.    267303.   4882.61          0.        0.     5000.
    61.50     11155.      5000.    267535.   4882.65          0.        0.     5000.
    62.00     13953.      5000.    267847.   4882.72          0.        0.     5000.
    62.50     28787.      5000.    268522.   4882.86          0.        0.     5000.
    63.00     88629.      5000.    270742.   4883.32          0.        0.     5000.
    63.50    116119.      5000.    274767.   4884.15          0.        0.     5000.
    64.00    132028.      5000.    279686.   4885.17          0.        0.     5000.
    64.50    145070.      5000.    285206.   4886.31          0.        0.     5000.
    65.00    157481.      5000.    291250.   4887.56          0.        0.     5000.
    65.50    169858.      5000.    297806.   4888.91          0.        0.     5000.
    66.00    181685.      5000.    304864.   4890.33          0.        0.     5000.
    66.50    191824.      5000.    312375.   4891.71          0.        0.     5000.
    67.00    200559.      5000.    320277.   4893.17          0.        0.     5000.
    67.50    208841.      5000.    328529.   4894.69          0.        0.     5000.
    68.00    217525.      5000.    337130.   4896.27          0.        0.     5000.
    68.50    226756.      5000.    346103.   4897.93          0.        0.     5000.
    69.00    235944.      5000.    355457.   4899.65          0.        0.     5000.
    69.50    244362.      8147.    365110.   4901.26          0.        0.     8147.
    70.00    251545.     15289.    374872.   4902.85          0.        0.    15289.
    70.50    257282.     25649.    384549.   4904.42          0.        0.    25649.
    71.00    261372.     37137.    393969.   4905.95          0.        0.    37137.
    71.50    263704.     50643.    403004.   4907.42          0.        0.    50643.
    72.00    264359.     64485.    411534.   4908.81          0.        0.    64485.
    72.50    263765.     78044.    419500.   4910.09          0.        0.    78044.
    73.00    262571.     90196.    426897.   4911.15          0.        0.    90196.
    73.50    261255.    101599.    433761.   4912.13          0.        0.   101599.
    74.00    259951.    112915.    440099.   4913.03          0.        0.   112915.
    74.50    258677.    123334.    445934.   4913.87          0.        0.   123334.
    75.00    257457.    133832.    451283.   4914.63          0.        0.   133832.
    75.50    256171.    143594.    456165.   4915.33          0.        0.   143594.
    76.00    254489.    152460.    460598.   4915.96          0.        0.   152460.
    76.50    252286.    160872.    464604.   4916.53          0.        0.   160872.
    77.00    249947.    168398.    468177.   4917.04          0.        0.   168398.
    77.50    246887.    175075.    471345.   4917.50          0.        0.   175075.
    78.00    242824.    180894.    474107.   4917.89          0.        0.   180894.
    78.50    238077.    185863.    476466.   4918.23          0.        0.   185863.
    79.00    232850.    190005.    478431.   4918.51          0.        0.   190005.
    79.50    227226.    193346.    480018.   4918.74          0.        0.   193346.
    80.00    221254.    195925.    481241.   4918.91          0.        0.   195925.
    80.50    215005.    197776.    482120.   4919.04          0.        0.   197776.
    81.00    208540.    198943.    482674.   4919.11          0.        0.   198943.
    81.50    201828.    199461.    482920.   4919.15          0.        0.   199461.
    82.00    194970.    199375.    482879.   4919.14          0.        0.   199375.
    82.50    188080.    198719.    482568.   4919.10          0.        0.   198719.
    83.00    181198.    197545.    482010.   4919.02          0.        0.   197545.
    83.50    174334.    195896.    481228.   4918.91          0.        0.   195896.
    84.00    167476.    193807.    480236.   4918.77          0.        0.   193807.
    84.50    160622.    191323.    479057.   4918.60          0.        0.   191323.
    85.00    153782.    188478.    477707.   4918.41          0.        0.   188478.
    85.50    146985.    185302.    476199.   4918.19          0.        0.   185302.
    86.00    140247.    181823.    474548.   4917.95          0.        0.   181823.
    86.50    133595.    178078.    472771.   4917.70          0.        0.   178078.
    87.00    127101.    174095.    470880.   4917.43          0.        0.   174095.
    87.50    120854.    169911.    468894.   4917.15          0.        0.   169911.
    88.00    114889.    165568.    466833.   4916.85          0.        0.   165568.
    88.50    109221.    161102.    464714.   4916.55          0.        0.   161102.
    89.00    103877.    156551.    462553.   4916.24          0.        0.   156551.
    89.50     98833.    152002.    460369.   4915.93          0.        0.   152002.
    90.00     94093.    147593.    458164.   4915.61          0.        0.   147593.
    90.50     89654.    143170.    455953.   4915.30          0.        0.   143170.
    91.00     85460.    138754.    453744.   4914.98          0.        0.   138754.
    91.50     81493.    134365.    451550.   4914.67          0.        0.   134365.
    92.00     77723.    130018.    449376.   4914.36          0.        0.   130018.
    92.50     74174.    125725.    447229.   4914.05          0.        0.   125725.
    93.00     70534.    121863.    445110.   4913.75          0.        0.   121863.
    93.50     66920.    118085.    442994.   4913.45          0.        0.   118085.
    94.00     63357.    114319.    440885.   4913.15          0.        0.   114319.
    94.50     59959.    110571.    438786.   4912.85          0.        0.   110571.
    95.00     56759.    106854.    436704.   4912.55          0.        0.   106854.
    95.50     53757.    103180.    434646.   4912.25          0.        0.   103180.
    96.00     50971.     99601.    432623.   4911.97          0.        0.    99601.
    96.50     48398.     96322.    430626.   4911.68          0.        0.    96322.
    97.00     45996.     93099.    428664.   4911.40          0.        0.    93099.
    97.50     43764.     89932.    426736.   4911.12          0.        0.    89932.
    98.00     41763.     86838.    424853.   4910.86          0.        0.    86838.
    98.50     39904.     83817.    423014.   4910.59          0.        0.    83817.
    99.00     38219.     80880.    421226.   4910.34          0.        0.    80880.
    99.50     36608.     78028.    419490.   4910.09          0.        0.    78028.
   100.00     35116.     75195.    417807.   4909.83          0.        0.    75195.
   100.50     33729.     72417.    416180.   4909.56          0.        0.    72417.
   101.00     32421.     69735.    414609.   4909.31          0.        0.    69735.
   101.50     31271.     67151.    413096.   4909.06          0.        0.    67151.
   102.00     30095.     64665.    411640.   4908.83          0.        0.    64665.
   102.50     29035.     62270.    410237.   4908.60          0.        0.    62270.
   103.00     28048.     59973.    408892.   4908.38          0.        0.    59973.
   103.50     27105.     57764.    407598.   4908.17          0.        0.    57764.
   104.00     26228.     55688.    406358.   4907.97          0.        0.    55688.
   104.50     25403.     53886.    405160.   4907.77          0.        0.    53886.
   105.00     24684.     52147.    404004.   4907.58          0.        0.    52147.
   105.50     23977.     50472.    402890.   4907.40          0.        0.    50472.
   106.00     23295.     48855.    401815.   4907.23          0.        0.    48855.
   106.50     22650.     47297.    400779.   4907.06          0.        0.    47297.
   107.00     22054.     45792.    399779.   4906.90          0.        0.    45792.
   107.50     21498.     44343.    398815.   4906.74          0.        0.    44343.
   108.00     20997.     42952.    397890.   4906.59          0.        0.    42952.
   108.50     20538.     41615.    397001.   4906.44          0.        0.    41615.
   109.00     20082.     40332.    396149.   4906.31          0.        0.    40332.
   109.50     19633.     39099.    395329.   4906.17          0.        0.    39099.
   110.00     19198.     37911.    394539.   4906.04          0.        0.    37911.
   110.50     18784.     36907.    393780.   4905.92          0.        0.    36907.
   111.00     18395.     36006.    393041.   4905.80          0.        0.    36006.
   111.50     18031.     35131.    392323.   4905.68          0.        0.    35131.
   112.00     17698.     34281.    391627.   4905.57          0.        0.    34281.
   112.50     17395.     33457.    390951.   4905.46          0.        0.    33457.
   113.00     17098.     32659.    390296.   4905.35          0.        0.    32659.
   113.50     16801.     31886.    389663.   4905.25          0.        0.    31886.
   114.00     16541.     31139.    389050.   4905.15          0.        0.    31139.
   114.50     16296.     30414.    388456.   4905.06          0.        0.    30414.
   115.00     16053.     29714.    387882.   4904.96          0.        0.    29714.
   115.50     15809.     29037.    387327.   4904.87          0.        0.    29037.
   116.00     15569.     28381.    386789.   4904.78          0.        0.    28381.
   116.50     15336.     27744.    386267.   4904.70          0.        0.    27744.
   117.00     15121.     27129.    385762.   4904.62          0.        0.    27129.
   117.50     14935.     26536.    385276.   4904.54          0.        0.    26536.
   118.00     14757.     25961.    384805.   4904.46          0.        0.    25961.
   118.50     14582.     25404.    384348.   4904.39          0.        0.    25404.
   119.00     14409.     24869.    383910.   4904.32          0.        0.    24869.
   119.50     14253.     24353.    383486.   4904.25          0.        0.    24353.
   120.00     14098.     23851.    383075.   4904.18          0.        0.    23851.
   120.50     13946.     23368.    382679.   4904.12          0.        0.    23368.
   121.00     13800.     22903.    382297.   4904.05          0.        0.    22903.
   121.50     13668.     22460.    381928.   4903.99          0.        0.    22460.
   122.00     13536.     22097.    381571.   4903.94          0.        0.    22097.
   122.50     13404.     21743.    381222.   4903.88          0.        0.    21743.
   123.00     13275.     21398.    380883.   4903.82          0.        0.    21398.
   123.50     13156.     21063.    380553.   4903.77          0.        0.    21063.
   124.00     13040.     20736.    380231.   4903.72          0.        0.    20736.
   124.50     12927.     20416.    379916.   4903.67          0.        0.    20416.
   125.00     12816.     20104.    379610.   4903.62          0.        0.    20104.
   125.50     12711.     19802.    379313.   4903.57          0.        0.    19802.
   126.00     12612.     19509.    379024.   4903.52          0.        0.    19509.
   126.50     12517.     19222.    378742.   4903.48          0.        0.    19222.
   127.00     12424.     18945.    378469.   4903.43          0.        0.    18945.
   127.50     12331.     18673.    378202.   4903.39          0.        0.    18673.
   128.00     12242.     18411.    377943.   4903.35          0.        0.    18411.
   128.50     12156.     18154.    377691.   4903.30          0.        0.    18154.
   129.00      8502.     17834.    377376.   4903.25          0.        0.    17834.
   129.50      8497.     17449.    376998.   4903.19          0.        0.    17449.
   130.00      8492.     17080.    376634.   4903.13          0.        0.    17080.
   130.50      8486.     16726.    376286.   4903.08          0.        0.    16726.
   131.00      8480.     16387.    375953.   4903.02          0.        0.    16387.
   131.50      8474.     16061.    375631.   4902.97          0.        0.    16061.
   132.00      8469.     15750.    375325.   4902.92          0.        0.    15750.
   132.50      8462.     15450.    375031.   4902.87          0.        0.    15450.
   133.00      8456.     15164.    374749.   4902.83          0.        0.    15164.
   133.50      8450.     14889.    374478.   4902.78          0.        0.    14889.
   134.00      8444.     14623.    374217.   4902.74          0.        0.    14623.
   134.50      8438.     14370.    373968.   4902.70          0.        0.    14370.
   135.00      8431.     14126.    373728.   4902.66          0.        0.    14126.
   135.50      8425.     13891.    373496.   4902.62          0.        0.    13891.
   136.00      8418.     13665.    373274.   4902.59          0.        0.    13665.
   136.50      8412.     13448.    373061.   4902.55          0.        0.    13448.
   137.00      8406.     13241.    372857.   4902.52          0.        0.    13241.
   137.50      8399.     13043.    372662.   4902.49          0.        0.    13043.
   138.00      8393.     12850.    372473.   4902.46          0.        0.    12850.
   138.50      8386.     12667.    372292.   4902.43          0.        0.    12667.
   139.00      8380.     12490.    372118.   4902.40          0.        0.    12490.
   139.50      8374.     12322.    371953.   4902.37          0.        0.    12322.
   140.00      8367.     12161.    371794.   4902.35          0.        0.    12161.
   140.50      8361.     12005.    371641.   4902.32          0.        0.    12005.
   141.00      8355.     11855.    371494.   4902.30          0.        0.    11855.
   141.50      8349.     11712.    371353.   4902.27          0.        0.    11712.
   142.00      8343.     11575.    371217.   4902.25          0.        0.    11575.
   142.50      8337.     11440.    371085.   4902.23          0.        0.    11440.
   143.00      8332.     11312.    370959.   4902.21          0.        0.    11312.
   143.50      8326.     11190.    370839.   4902.19          0.        0.    11190.
   144.00      8321.     11071.    370722.   4902.17          0.        0.    11071.
   144.50      8315.     10958.    370611.   4902.15          0.        0.    10958.
   145.00      8310.     10848.    370503.   4902.14          0.        0.    10848.
   145.50      8305.     10745.    370401.   4902.12          0.        0.    10745.
   146.00      8300.     10644.    370302.   4902.10          0.        0.    10644.
   146.50      8295.     10546.    370205.   4902.09          0.        0.    10546.
   147.00      8290.     10455.    370115.   4902.07          0.        0.    10455.
   147.50      8285.     10366.    370028.   4902.06          0.        0.    10366.
   148.00      8280.     10281.    369944.   4902.04          0.        0.    10281.
   148.50      8274.     10198.    369863.   4902.03          0.        0.    10198.
   149.00      8269.     10119.    369785.   4902.02          0.        0.    10119.
   149.50      8264.     10043.    369710.   4902.01          0.        0.    10043.
   150.00      8259.      9988.    369638.   4902.00          0.        0.     9988.
   150.50      8254.      9958.    369566.   4901.98          0.        0.     9958.
   151.00      8249.      9930.    369497.   4901.97          0.        0.     9930.
   151.50      8244.      9902.    369428.   4901.96          0.        0.     9902.
   152.00      8239.      9874.    369359.   4901.95          0.        0.     9874.
   152.50      8234.      9847.    369293.   4901.94          0.        0.     9847.
   153.00      8229.      9821.    369227.   4901.93          0.        0.     9821.
   153.50      8224.      9794.    369161.   4901.92          0.        0.     9794.
   154.00      8219.      9768.    369098.   4901.91          0.        0.     9768.
   154.50      8214.      9742.    369034.   4901.90          0.        0.     9742.
   155.00      8209.      9717.    368971.   4901.89          0.        0.     9717.
   155.50      8204.      9691.    368908.   4901.88          0.        0.     9691.
   156.00      8199.      9667.    368848.   4901.87          0.        0.     9667.
   156.50      8194.      9642.    368788.   4901.86          0.        0.     9642.
   157.00      8189.      9618.    368728.   4901.85          0.        0.     9618.
   157.50      8183.      9594.    368668.   4901.84          0.        0.     9594.
   158.00      8178.      9570.    368611.   4901.83          0.        0.     9570.
   158.50      8173.      9547.    368554.   4901.82          0.        0.     9547.
   159.00      8168.      9524.    368497.   4901.81          0.        0.     9524.
   159.50      8163.      9501.    368440.   4901.80          0.        0.     9501.
   160.00      8157.      9479.    368386.   4901.79          0.        0.     9479.
   160.50      8152.      9457.    368332.   4901.78          0.        0.     9457.
   161.00      8147.      9435.    368278.   4901.77          0.        0.     9435.
   161.50      8141.      9413.    368224.   4901.77          0.        0.     9413.
   162.00      8136.      9392.    368173.   4901.76          0.        0.     9392.
   162.50      8130.      9371.    368122.   4901.75          0.        0.     9371.
   163.00      8125.      9351.    368071.   4901.74          0.        0.     9351.
   163.50      8119.      9330.    368020.   4901.73          0.        0.     9330.
   164.00      8113.      9309.    367968.   4901.72          0.        0.     9309.
   164.50      8108.      9290.    367920.   4901.72          0.        0.     9290.
   165.00      8102.      9270.    367872.   4901.71          0.        0.     9270.
   165.50      8096.      9250.    367824.   4901.70          0.        0.     9250.
   166.00      8090.      9231.    367776.   4901.69          0.        0.     9231.
   166.50      8084.      9211.    367728.   4901.68          0.        0.     9211.
   167.00      8078.      9193.    367683.   4901.68          0.        0.     9193.
   167.50      8072.      9175.    367638.   4901.67          0.        0.     9175.
   168.00      8066.      9156.    367593.   4901.66          0.        0.     9156.
   168.50      8060.      9138.    367548.   4901.66          0.        0.     9138.
   169.00      8054.      9120.    367503.   4901.65          0.        0.     9120.
   169.50      8047.      9102.    367458.   4901.64          0.        0.     9102.
   170.00      8040.      9084.    367416.   4901.63          0.        0.     9084.
   170.50      8032.      9067.    367374.   4901.63          0.        0.     9067.
   171.00      8024.      9050.    367332.   4901.62          0.        0.     9050.
   171.50      8016.      9033.    367290.   4901.61          0.        0.     9033.
   172.00      8008.      9016.    367248.   4901.61          0.        0.     9016.
   172.50      7999.      8999.    367206.   4901.60          0.        0.     8999.
   173.00      7990.      8982.    367164.   4901.59          0.        0.     8982.
   173.50      7981.      8965.    367122.   4901.59          0.        0.     8965.
   174.00      7972.      8949.    367083.   4901.58          0.        0.     8949.
   174.50      7962.      8933.    367044.   4901.57          0.        0.     8933.
   175.00      7953.      8917.    367005.   4901.57          0.        0.     8917.
   175.50      7943.      8901.    366966.   4901.56          0.        0.     8901.
   176.00      7933.      8885.    366927.   4901.55          0.        0.     8885.
   176.50      7923.      8870.    366888.   4901.55          0.        0.     8870.
   177.00      7913.      8854.    366848.   4901.54          0.        0.     8854.
   177.50      7903.      8838.    366809.   4901.54          0.        0.     8838.
   178.00      7893.      8822.    366770.   4901.53          0.        0.     8822.
   178.50      7883.      8806.    366731.   4901.52          0.        0.     8806.
   179.00      7873.      8790.    366692.   4901.52          0.        0.     8790.
   179.50      7864.      8774.    366653.   4901.51          0.        0.     8774.
   180.00      7854.      8760.    366617.   4901.50          0.        0.     8760.
   180.50      7844.      8745.    366581.   4901.50          0.        0.     8745.
   181.00      7834.      8730.    366545.   4901.49          0.        0.     8730.
   181.50      7825.      8716.    366509.   4901.49          0.        0.     8716.
   182.00      7816.      8701.    366473.   4901.48          0.        0.     8701.
   182.50      7807.      8687.    366437.   4901.47          0.        0.     8687.
   183.00      7798.      8672.    366401.   4901.47          0.        0.     8672.
   183.50      7789.      8657.    366365.   4901.46          0.        0.     8657.
   184.00      7781.      8643.    366329.   4901.46          0.        0.     8643.
   184.50      7773.      8628.    366293.   4901.45          0.        0.     8628.
   185.00      7765.      8613.    366257.   4901.45          0.        0.     8613.
   185.50      7758.      8599.    366221.   4901.44          0.        0.     8599.
   186.00      7751.      8584.    366185.   4901.43          0.        0.     8584.
   186.50      7744.      8571.    366152.   4901.43          0.        0.     8571.
   187.00      7738.      8557.    366119.   4901.42          0.        0.     8557.
   187.50      7732.      8544.    366086.   4901.42          0.        0.     8544.
   188.00      7727.      8530.    366053.   4901.41          0.        0.     8530.
   188.50      7722.      8517.    366020.   4901.41          0.        0.     8517.
   189.00      7718.      8503.    365987.   4901.40          0.        0.     8503.
   189.50      7714.      8490.    365954.   4901.40          0.        0.     8490.
   190.00      7710.      8477.    365921.   4901.39          0.        0.     8477.
   190.50      7708.      8464.    365891.   4901.39          0.        0.     8464.
   191.00      7705.      8452.    365861.   4901.38          0.        0.     8452.
   191.50      7704.      8440.    365831.   4901.38          0.        0.     8440.
   192.00      7703.      8428.    365801.   4901.37          0.        0.     8428.
   192.50      7703.      8416.    365771.   4901.37          0.        0.     8416.
   193.00      7703.      8403.    365741.   4901.36          0.        0.     8403.
   193.50      7703.      8391.    365710.   4901.36          0.        0.     8391.
   194.00      7703.      8380.    365683.   4901.35          0.        0.     8380.
   194.50      7703.      8369.    365656.   4901.35          0.        0.     8369.
   195.00      7703.      8358.    365629.   4901.34          0.        0.     8358.
   195.50      7703.      8347.    365602.   4901.34          0.        0.     8347.
   196.00      7703.      8336.    365575.   4901.33          0.        0.     8336.
   196.50      7703.      8325.    365548.   4901.33          0.        0.     8325.
   197.00      7703.      8315.    365524.   4901.33          0.        0.     8315.
   197.50      7703.      8306.    365500.   4901.32          0.        0.     8306.
   198.00      7703.      8296.    365476.   4901.32          0.        0.     8296.
   198.50      7703.      8286.    365452.   4901.31          0.        0.     8286.
   199.00      7703.      8276.    365428.   4901.31          0.        0.     8276.
   199.50      7703.      8267.    365404.   4901.31          0.        0.     8267.
   200.00      7703.      8257.    365380.   4901.30          0.        0.     8257.
   200.50      7703.      8247.    365356.   4901.30          0.        0.     8247.
   201.00      7703.      8239.    365335.   4901.30          0.        0.     8239.
   201.50      7703.      8230.    365314.   4901.29          0.        0.     8230.
   202.00      7703.      8221.    365293.   4901.29          0.        0.     8221.
   202.50      7703.      8213.    365272.   4901.29          0.        0.     8213.
   203.00      7703.      8204.    365251.   4901.28          0.        0.     8204.
   203.50      7703.      8196.    365230.   4901.28          0.        0.     8196.
   204.00      7703.      8187.    365209.   4901.27          0.        0.     8187.
   204.50      7703.      8179.    365188.   4901.27          0.        0.     8179.
   205.00      7703.      8171.    365170.   4901.27          0.        0.     8171.
   205.50      7703.      8164.    365152.   4901.27          0.        0.     8164.
   206.00      7703.      8157.    365134.   4901.26          0.        0.     8157.
   206.50      7703.      8149.    365116.   4901.26          0.        0.     8149.
   207.00      7703.      8142.    365098.   4901.26          0.        0.     8142.
   207.50      7703.      8135.    365080.   4901.25          0.        0.     8135.
   208.00      7703.      8127.    365062.   4901.25          0.        0.     8127.
   208.50      7703.      8120.    365044.   4901.25          0.        0.     8120.
   209.00      7703.      8113.    365026.   4901.25          0.        0.     8113.
   209.50      7703.      8105.    365008.   4901.24          0.        0.     8105.
   210.00      7703.      8099.    364993.   4901.24          0.        0.     8099.
   210.50      7703.      8093.    364978.   4901.24          0.        0.     8093.
   211.00      7703.      8087.    364963.   4901.23          0.        0.     8087.
   211.50      7703.      8081.    364948.   4901.23          0.        0.     8081.
   212.00      7703.      8075.    364933.   4901.23          0.        0.     8075.
   212.50      7703.      8069.    364918.   4901.23          0.        0.     8069.
   213.00      7703.      8063.    364903.   4901.23          0.        0.     8063.
   213.50      7703.      8057.    364888.   4901.22          0.        0.     8057.
   214.00      7703.      8051.    364873.   4901.22          0.        0.     8051.
   214.50      7703.      8044.    364858.   4901.22          0.        0.     8044.
   215.00      7703.      8038.    364843.   4901.22          0.        0.     8038.
   215.50      7703.      8032.    364828.   4901.21          0.        0.     8032.
   216.00      7703.      8027.    364816.   4901.21          0.        0.     8027.
   216.50      7703.      8022.    364804.   4901.21          0.        0.     8022.
   217.00      7702.      8018.    364792.   4901.21          0.        0.     8018.
   217.50      7702.      8013.    364780.   4901.21          0.        0.     8013.
   218.00      7700.      8008.    364768.   4901.20          0.        0.     8008.
   218.50      7699.      8003.    364756.   4901.20          0.        0.     8003.
   219.00      7697.      7998.    364744.   4901.20          0.        0.     7998.
   219.50      7694.      7993.    364732.   4901.20          0.        0.     7993.
   220.00      7692.      7988.    364720.   4901.20          0.        0.     7988.
   220.50      7688.      7983.    364708.   4901.19          0.        0.     7983.
   221.00      7685.      7979.    364696.   4901.19          0.        0.     7979.
   221.50      7681.      7974.    364684.   4901.19          0.        0.     7974.
   222.00      7677.      7969.    364672.   4901.19          0.        0.     7969.
   222.50      7672.      7964.    364660.   4901.19          0.        0.     7964.
   223.00      7667.      7959.    364648.   4901.18          0.        0.     7959.
   223.50      7662.      7954.    364636.   4901.18          0.        0.     7954.
   224.00      7656.      7949.    364624.   4901.18          0.        0.     7949.
   224.50      7650.      7944.    364611.   4901.18          0.        0.     7944.
   225.00      7644.      7939.    364599.   4901.18          0.        0.     7939.
   225.50      7638.      7935.    364587.   4901.17          0.        0.     7935.
   226.00      7631.      7930.    364575.   4901.17          0.        0.     7930.
   226.50      7624.      7925.    364563.   4901.17          0.        0.     7925.
   227.00      7617.      7920.    364551.   4901.17          0.        0.     7920.
   227.50      7610.      7915.    364539.   4901.17          0.        0.     7915.
   228.00      7603.      7910.    364527.   4901.16          0.        0.     7910.
   228.50      7595.      7905.    364515.   4901.16          0.        0.     7905.
   229.00      7587.      7900.    364503.   4901.16          0.        0.     7900.
   229.50      7579.      7896.    364491.   4901.16          0.        0.     7896.
   230.00      7571.      7891.    364479.   4901.16          0.        0.     7891.
   230.50      7562.      7886.    364467.   4901.15          0.        0.     7886.
   231.00      7554.      7881.    364455.   4901.15          0.        0.     7881.
   231.50      7545.      7875.    364440.   4901.15          0.        0.     7875.
   232.00      7537.      7869.    364425.   4901.15          0.        0.     7869.
   232.50      7528.      7863.    364410.   4901.15          0.        0.     7863.
   233.00      7519.      7856.    364395.   4901.14          0.        0.     7856.
   233.50      7510.      7850.    364380.   4901.14          0.        0.     7850.
   234.00      7501.      7844.    364365.   4901.14          0.        0.     7844.
   234.50      7492.      7838.    364350.   4901.14          0.        0.     7838.
   235.00      7483.      7832.    364335.   4901.13          0.        0.     7832.
   235.50      7474.      7826.    364320.   4901.13          0.        0.     7826.
   236.00      7465.      7820.    364305.   4901.13          0.        0.     7820.
   236.50      7456.      7814.    364290.   4901.13          0.        0.     7814.
   237.00      7447.      7808.    364275.   4901.12          0.        0.     7808.
   237.50      7438.      7802.    364260.   4901.12          0.        0.     7802.
   238.00      7429.      7795.    364245.   4901.12          0.        0.     7795.
   238.50      7420.      7789.    364230.   4901.12          0.        0.     7789.
   239.00      7412.      7783.    364215.   4901.11          0.        0.     7783.
   239.50      7403.      7777.    364200.   4901.11          0.        0.     7777.
   240.00      7394.      7771.    364185.   4901.11          0.        0.     7771.
   240.50      7386.      7765.    364170.   4901.11          0.        0.     7765.
   241.00      7377.      7759.    364155.   4901.10          0.        0.     7759.
   241.50      7367.      7753.    364140.   4901.10          0.        0.     7753.
   242.00      7357.      7747.    364125.   4901.10          0.        0.     7747.
   242.50      7346.      7740.    364110.   4901.10          0.        0.     7740.
   243.00      7335.      7734.    364095.   4901.09          0.        0.     7734.
   243.50      7323.      7727.    364077.   4901.09          0.        0.     7727.
   244.00      7310.      7720.    364059.   4901.09          0.        0.     7720.
   244.50      7297.      7712.    364041.   4901.08          0.        0.     7712.
   245.00      7284.      7705.    364023.   4901.08          0.        0.     7705.
   245.50      7270.      7698.    364005.   4901.08          0.        0.     7698.
   246.00      7256.      7690.    363987.   4901.08          0.        0.     7690.
   246.50      7241.      7683.    363969.   4901.07          0.        0.     7683.
   247.00      7226.      7676.    363951.   4901.07          0.        0.     7676.
   247.50      7211.      7668.    363933.   4901.07          0.        0.     7668.
   248.00      7196.      7661.    363915.   4901.06          0.        0.     7661.
   248.50      7180.      7654.    363897.   4901.06          0.        0.     7654.
   249.00      7164.      7645.    363876.   4901.06          0.        0.     7645.
   249.50      7149.      7637.    363855.   4901.05          0.        0.     7637.
   250.00      7133.      7628.    363834.   4901.05          0.        0.     7628.
   250.50      7117.      7620.    363813.   4901.05          0.        0.     7620.
   251.00      7101.      7611.    363792.   4901.04          0.        0.     7611.
   251.50      7085.      7603.    363771.   4901.04          0.        0.     7603.
   252.00      7070.      7594.    363750.   4901.04          0.        0.     7594.
   252.50      7054.      7585.    363729.   4901.03          0.        0.     7585.
   253.00      7039.      7577.    363708.   4901.03          0.        0.     7577.
   253.50      7024.      7568.    363687.   4901.03          0.        0.     7568.
   254.00      7009.      7559.    363663.   4901.02          0.        0.     7559.
   254.50      6994.      7549.    363639.   4901.02          0.        0.     7549.
   255.00      6980.      7539.    363615.   4901.02          0.        0.     7539.
   255.50      6966.      7529.    363591.   4901.01          0.        0.     7529.
   256.00      6953.      7520.    363567.   4901.01          0.        0.     7520.
   256.50      6940.      7510.    363543.   4901.00          0.        0.     7510.
   257.00      6927.      7500.    363519.   4901.00          0.        0.     7500.
   257.50      6915.      7490.    363494.   4901.00          0.        0.     7490.
   258.00      6904.      7480.    363470.   4900.99          0.        0.     7480.
   258.50      6893.      7471.    363446.   4900.99          0.        0.     7471.
   259.00      6883.      7461.    363422.   4900.98          0.        0.     7461.
   259.50      6873.      7451.    363398.   4900.98          0.        0.     7451.
   260.00      6864.      7441.    363374.   4900.98          0.        0.     7441.
   260.50      6856.      7432.    363350.   4900.97          0.        0.     7432.
   261.00      6849.      7422.    363326.   4900.97          0.        0.     7422.
   261.50      6843.      7412.    363302.   4900.96          0.        0.     7412.
   262.00      6837.      7402.    363278.   4900.96          0.        0.     7402.
   262.50      6832.      7393.    363254.   4900.96          0.        0.     7393.
   263.00      6829.      7383.    363230.   4900.95          0.        0.     7383.
   263.50      6826.      7373.    363206.   4900.95          0.        0.     7373.
   264.00      6825.      7365.    363185.   4900.95          0.        0.     7365.
   264.50      6824.      7356.    363164.   4900.94          0.        0.     7356.
   265.00      6824.      7347.    363143.   4900.94          0.        0.     7347.
   265.50      6824.      7339.    363122.   4900.94          0.        0.     7339.
   266.00      6825.      7330.    363101.   4900.93          0.        0.     7330.
   266.50      6825.      7322.    363080.   4900.93          0.        0.     7322.
   267.00      6826.      7313.    363059.   4900.93          0.        0.     7313.
   267.50      6827.      7305.    363038.   4900.92          0.        0.     7305.
   268.00      6828.      7296.    363017.   4900.92          0.        0.     7296.
   268.50      6829.      7289.    362999.   4900.92          0.        0.     7289.
   269.00      6830.      7281.    362981.   4900.91          0.        0.     7281.
   269.50      6831.      7274.    362963.   4900.91          0.        0.     7274.
   270.00      6832.      7267.    362945.   4900.91          0.        0.     7267.
   270.50      6834.      7260.    362927.   4900.90          0.        0.     7260.
   271.00      6835.      7252.    362909.   4900.90          0.        0.     7252.
   271.50      6837.      7245.    362891.   4900.90          0.        0.     7245.
   272.00      6838.      7238.    362873.   4900.90          0.        0.     7238.
   272.50      6840.      7231.    362858.   4900.89          0.        0.     7231.
   273.00      6842.      7225.    362843.   4900.89          0.        0.     7225.
   273.50      6843.      7219.    362828.   4900.89          0.        0.     7219.
   274.00      6845.      7213.    362813.   4900.89          0.        0.     7213.
   274.50      6847.      7207.    362798.   4900.88          0.        0.     7207.
   275.00      6849.      7201.    362783.   4900.88          0.        0.     7201.
   275.50      6851.      7195.    362768.   4900.88          0.        0.     7195.
   276.00      6853.      7189.    362753.   4900.88          0.        0.     7189.
   276.50      6855.      7183.    362738.   4900.87          0.        0.     7183.
   277.00      6857.      7178.    362726.   4900.87          0.        0.     7178.
   277.50      6858.      7173.    362714.   4900.87          0.        0.     7173.
   278.00      6860.      7168.    362702.   4900.87          0.        0.     7168.
   278.50      6862.      7163.    362690.   4900.87          0.        0.     7163.
   279.00      6864.      7158.    362678.   4900.86          0.        0.     7158.
   279.50      6866.      7153.    362666.   4900.86          0.        0.     7153.
   280.00      6868.      7148.    362654.   4900.86          0.        0.     7148.
   280.50      6869.      7144.    362642.   4900.86          0.        0.     7144.
   281.00      6871.      7139.    362630.   4900.86          0.        0.     7139.
   281.50      6873.      7134.    362618.   4900.85          0.        0.     7134.
   282.00      6874.      7129.    362606.   4900.85          0.        0.     7129.
   282.50      6876.      7125.    362597.   4900.85          0.        0.     7125.
   283.00      6877.      7122.    362588.   4900.85          0.        0.     7122.
   283.50      6878.      7118.    362579.   4900.85          0.        0.     7118.
   284.00      6880.      7114.    362570.   4900.85          0.        0.     7114.
   284.50      6881.      7111.    362561.   4900.84          0.        0.     7111.
   285.00      6882.      7107.    362552.   4900.84          0.        0.     7107.
   285.50      6883.      7103.    362543.   4900.84          0.        0.     7103.
   286.00      6883.      7100.    362534.   4900.84          0.        0.     7100.
   286.50      6884.      7096.    362525.   4900.84          0.        0.     7096.
   287.00      6885.      7092.    362516.   4900.84          0.        0.     7092.
   287.50      6885.      7089.    362507.   4900.84          0.        0.     7089.
   288.00      6885.      7085.    362498.   4900.83          0.        0.     7085.
   288.50      6885.      7081.    362489.   4900.83          0.        0.     7081.
   289.00      6885.      7078.    362480.   4900.83          0.        0.     7078.
   289.50      6884.      7074.    362471.   4900.83          0.        0.     7074.
   290.00      6883.      7070.    362462.   4900.83          0.        0.     7070.
   290.50      6881.      7067.    362453.   4900.83          0.        0.     7067.
   291.00      6879.      7063.    362444.   4900.83          0.        0.     7063.
   291.50      6876.      7059.    362435.   4900.82          0.        0.     7059.
   292.00      6873.      7056.    362426.   4900.82          0.        0.     7056.
   292.50      6870.      7052.    362417.   4900.82          0.        0.     7052.
   293.00      6866.      7048.    362408.   4900.82          0.        0.     7048.
   293.50      6862.      7045.    362399.   4900.82          0.        0.     7045.
   294.00      6857.      7041.    362390.   4900.82          0.        0.     7041.
   294.50      6852.      7037.    362380.   4900.81          0.        0.     7037.
   295.00      6847.      7034.    362371.   4900.81          0.        0.     7034.
   295.50      6842.      7030.    362362.   4900.81          0.        0.     7030.
   296.00      6836.      7026.    362353.   4900.81          0.        0.     7026.
   296.50      6830.      7023.    362344.   4900.81          0.        0.     7023.
   297.00      6824.      7019.    362335.   4900.81          0.        0.     7019.
   297.50      6817.      7015.    362326.   4900.81          0.        0.     7015.
   298.00      6811.      7012.    362317.   4900.80          0.        0.     7012.
   298.50      6804.      7008.    362308.   4900.80          0.        0.     7008.
   299.00      6797.      7004.    362299.   4900.80          0.        0.     7004.
   299.50      6790.      7001.    362290.   4900.80          0.        0.     7001.
   300.00      6783.      6997.    362281.   4900.80          0.        0.     6997.
   300.50      6776.      6993.    362272.   4900.80          0.        0.     6993.
   301.00      6769.      6990.    362263.   4900.80          0.        0.     6990.
   301.50      6761.      6986.    362254.   4900.79          0.        0.     6986.
   302.00      6754.      6982.    362245.   4900.79          0.        0.     6982.
   302.50      6747.      6979.    362236.   4900.79          0.        0.     6979.
   303.00      6739.      6975.    362227.   4900.79          0.        0.     6975.
   303.50      6732.      6971.    362218.   4900.79          0.        0.     6971.
   304.00      6725.      6968.    362209.   4900.79          0.        0.     6968.
   304.50      6718.      6964.    362200.   4900.79          0.        0.     6964.
   305.00      6711.      6960.    362191.   4900.78          0.        0.     6960.
   305.50      6704.      6957.    362182.   4900.78          0.        0.     6957.
   306.00      6697.      6953.    362173.   4900.78          0.        0.     6953.
   306.50      6690.      6948.    362161.   4900.78          0.        0.     6948.
   307.00      6684.      6943.    362149.   4900.78          0.        0.     6943.
   307.50      6678.      6938.    362137.   4900.78          0.        0.     6938.
   308.00      6672.      6934.    362125.   4900.77          0.        0.     6934.
   308.50      6666.      6929.    362113.   4900.77          0.        0.     6929.
   309.00      6660.      6924.    362101.   4900.77          0.        0.     6924.
   309.50      6655.      6919.    362089.   4900.77          0.        0.     6919.
   310.00      6650.      6914.    362077.   4900.77          0.        0.     6914.
   310.50      6645.      6909.    362065.   4900.76          0.        0.     6909.
   311.00      6641.      6904.    362053.   4900.76          0.        0.     6904.
   311.50      6637.      6899.    362041.   4900.76          0.        0.     6899.
   312.00      6633.      6895.    362029.   4900.76          0.        0.     6895.
   312.50      6630.      6890.    362017.   4900.76          0.        0.     6890.
   313.00      6627.      6885.    362005.   4900.75          0.        0.     6885.
   313.50      6624.      6880.    361993.   4900.75          0.        0.     6880.
   314.00      6621.      6875.    361981.   4900.75          0.        0.     6875.
   314.50      6619.      6871.    361972.   4900.75          0.        0.     6871.
   315.00      6616.      6868.    361963.   4900.75          0.        0.     6868.
   315.50      6614.      6864.    361954.   4900.75          0.        0.     6864.
   316.00      6611.      6860.    361945.   4900.74          0.        0.     6860.
   316.50      6609.      6857.    361936.   4900.74          0.        0.     6857.
   317.00      6607.      6853.    361927.   4900.74          0.        0.     6853.
   317.50      6604.      6849.    361918.   4900.74          0.        0.     6849.
   318.00      6602.      6846.    361909.   4900.74          0.        0.     6846.
   318.50      6600.      6842.    361900.   4900.74          0.        0.     6842.
   319.00      6598.      6838.    361891.   4900.74          0.        0.     6838.
   319.50      6596.      6835.    361882.   4900.73          0.        0.     6835.
   320.00      6594.      6831.    361873.   4900.73          0.        0.     6831.
   320.50      6593.      6827.    361864.   4900.73          0.        0.     6827.
   321.00      6591.      6824.    361855.   4900.73          0.        0.     6824.
   321.50      6589.      6820.    361846.   4900.73          0.        0.     6820.
   322.00      6587.      6816.    361837.   4900.73          0.        0.     6816.
   322.50      6586.      6813.    361828.   4900.73          0.        0.     6813.
   323.00      6584.      6809.    361819.   4900.72          0.        0.     6809.
   323.50      6582.      6805.    361810.   4900.72          0.        0.     6805.
   324.00      6580.      6802.    361801.   4900.72          0.        0.     6802.
   324.50      6579.      6798.    361792.   4900.72          0.        0.     6798.
   325.00      6577.      6794.    361783.   4900.72          0.        0.     6794.
   325.50      6575.      6791.    361774.   4900.72          0.        0.     6791.
   326.00      6574.      6787.    361765.   4900.71          0.        0.     6787.
   326.50      6572.      6783.    361756.   4900.71          0.        0.     6783.
   327.00      6570.      6780.    361747.   4900.71          0.        0.     6780.
   327.50      6569.      6776.    361738.   4900.71          0.        0.     6776.
   328.00      6567.      6772.    361729.   4900.71          0.        0.     6772.
   328.50      6565.      6769.    361720.   4900.71          0.        0.     6769.
   329.00      6563.      6765.    361711.   4900.71          0.        0.     6765.
   329.50      6561.      6761.    361702.   4900.70          0.        0.     6761.
   330.00      6559.      6758.    361693.   4900.70          0.        0.     6758.
   330.50      6557.      6754.    361684.   4900.70          0.        0.     6754.
   331.00      6555.      6750.    361675.   4900.70          0.        0.     6750.
   331.50      6553.      6747.    361666.   4900.70          0.        0.     6747.
   332.00      6551.      6743.    361657.   4900.70          0.        0.     6743.
   332.50      6549.      6740.    361648.   4900.70          0.        0.     6740.
   333.00      6546.      6736.    361639.   4900.69          0.        0.     6736.
   333.50      6544.      6732.    361630.   4900.69          0.        0.     6732.
   334.00      6542.      6729.    361621.   4900.69          0.        0.     6729.
   334.50      6539.      6725.    361612.   4900.69          0.        0.     6725.
   335.00      6536.      6721.    361603.   4900.69          0.        0.     6721.
   335.50      6534.      6718.    361594.   4900.69          0.        0.     6718.
   336.00      6531.      6714.    361585.   4900.69          0.        0.     6714.
   336.50      6528.      6710.    361576.   4900.68          0.        0.     6710.
   337.00      6525.      6708.    361570.   4900.68          0.        0.     6708.
   337.50      6521.      6704.    361561.   4900.68          0.        0.     6704.
   338.00      6518.      6700.    361552.   4900.68          0.        0.     6700.
   338.50      6514.      6697.    361543.   4900.68          0.        0.     6697.
   339.00      6511.      6693.    361534.   4900.68          0.        0.     6693.
   339.50      6507.      6689.    361525.   4900.68          0.        0.     6689.
   340.00      6503.      6686.    361516.   4900.67          0.        0.     6686.
   340.50      6499.      6682.    361507.   4900.67          0.        0.     6682.
   341.00      6495.      6678.    361498.   4900.67          0.        0.     6678.
   341.50      6491.      6675.    361489.   4900.67          0.        0.     6675.
   342.00      6486.      6671.    361480.   4900.67          0.        0.     6671.
   342.50      6482.      6667.    361471.   4900.67          0.        0.     6667.
   343.00      6477.      6664.    361462.   4900.67          0.        0.     6664.
   343.50      6473.      6660.    361453.   4900.66          0.        0.     6660.
   344.00      6468.      6656.    361444.   4900.66          0.        0.     6656.
   344.50      6463.      6653.    361435.   4900.66          0.        0.     6653.
   345.00      6458.      6649.    361426.   4900.66          0.        0.     6649.
   345.50      6453.      6646.    361417.   4900.66          0.        0.     6646.
   346.00      6448.      6642.    361408.   4900.66          0.        0.     6642.
   346.50      6443.      6638.    361399.   4900.66          0.        0.     6638.
   347.00      6437.      6635.    361390.   4900.65          0.        0.     6635.
   347.50      6432.      6631.    361381.   4900.65          0.        0.     6631.
   348.00      6427.      6627.    361372.   4900.65          0.        0.     6627.
   348.50      6421.      6624.    361363.   4900.65          0.        0.     6624.
   349.00      6415.      6620.    361354.   4900.65          0.        0.     6620.
   349.50      6410.      6616.    361345.   4900.65          0.        0.     6616.
   350.00      6404.      6613.    361336.   4900.65          0.        0.     6613.
   350.50      6398.      6609.    361327.   4900.64          0.        0.     6609.
   351.00      6392.      6605.    361318.   4900.64          0.        0.     6605.
   351.50      6386.      6602.    361309.   4900.64          0.        0.     6602.
   352.00      6380.      6598.    361300.   4900.64          0.        0.     6598.
   352.50      6374.      6594.    361291.   4900.64          0.        0.     6594.
   353.00      6368.      6591.    361282.   4900.64          0.        0.     6591.
   353.50      6362.      6587.    361273.   4900.63          0.        0.     6587.
   354.00      6356.      6583.    361263.   4900.63          0.        0.     6583.
   354.50      6350.      6580.    361254.   4900.63          0.        0.     6580.
   355.00      6343.      6576.    361245.   4900.63          0.        0.     6576.
   355.50      6337.      6572.    361236.   4900.63          0.        0.     6572.
   356.00      6331.      6569.    361227.   4900.63          0.        0.     6569.
   356.50      6324.      6565.    361218.   4900.63          0.        0.     6565.
   357.00      6318.      6561.    361209.   4900.62          0.        0.     6561.
   357.50      6311.      6558.    361200.   4900.62          0.        0.     6558.
   358.00      6305.      6554.    361191.   4900.62          0.        0.     6554.
   358.50      6298.      6550.    361182.   4900.62          0.        0.     6550.
   359.00      6292.      6547.    361173.   4900.62          0.        0.     6547.
   359.50      6285.      6542.    361161.   4900.62          0.        0.     6542.
   360.00      6279.      6537.    361149.   4900.61          0.        0.     6537.
1



      INFLOW DATA                           STORAGE DATA
      ***********                           ************
     TIME    INFLOW                     ELEVATION     STORAGE

     0.50      5527.                      4753.20          0.
     1.00      5557.                      4754.00          5.
     1.50      5587.                      4760.00        853.
     2.00      5617.                      4770.00       5056.
     2.50      5647.                      4780.00      11677.
     3.00      5677.                      4790.00      20701.
     3.50      5707.                      4800.00      32214.
     4.00      5737.                      4810.00      46676.
     4.50      5766.                      4820.00      64861.
     5.00      5796.                      4830.00      86629.
     5.50      5825.                      4840.00     112286.
     6.00      5855.                      4850.00     141401.
     6.50      5884.                      4860.00     174439.
     7.00      5913.                      4870.00     212059.
     7.50      5941.                      4880.00     254696.
     8.00      5970.                      4890.00     303066.
     8.50      5999.                      4900.00     357369.
     9.00      6027.                      4910.00     418864.
     9.50      6056.                      4920.00     488871.
    10.00      6084.                      4924.00     519654.
    10.50      6112.                      4924.50     523636.
    11.00      6140.                      4925.00     527626.
    11.50      6167.                      4925.50     531626.
    12.00      6195.                      4926.00     535626.
    12.50      6222.                      4930.00     569747.
    13.00      6249.                      4935.00     604527.
    13.50      6276.
    14.00      6303.
    14.50      6330.
    15.00      6357.
    15.50      6383.
    16.00      6409.
    16.50      6435.
    17.00      6461.
    17.50      6487.
    18.00      6512.
    18.50      6537.
    19.00      6562.
    19.50      6587.
    20.00      6612.
    20.50      6636.
    21.00      6661.
    21.50      6685.
    22.00      6708.
    22.50      6732.
    23.00      6755.
    23.50      6778.
    24.00      6801.
    24.50      6824.
    25.00      6846.
    25.50      6869.
    26.00      6890.
    26.50      6912.
    27.00      6934.
    27.50      6955.
    28.00      6976.
    28.50      6997.
    29.00      7017.
    29.50      7038.
    30.00      7058.
    30.50      7078.
    31.00      7098.
    31.50      7117.
    32.00      7137.
    32.50      7156.
    33.00      7175.
    33.50      7195.
    34.00      7214.
    34.50      7233.
    35.00      7251.
    35.50      7270.
    36.00      7289.
    36.50      7307.
    37.00      7326.
    37.50      7344.
    38.00      7363.
    38.50      7381.
    39.00      7399.
    39.50      7418.
    40.00      7436.
    40.50      7454.
    41.00      7473.
    41.50      7491.
    42.00      7509.
    42.50      7528.
    43.00      7546.
    43.50      7565.
    44.00      7583.
    44.50      7602.
    45.00      7620.
    45.50      7639.
    46.00      7658.
    46.50      7677.
    47.00      7696.
    47.50      7715.
    48.00      7734.
    48.50      7754.
    49.00      7773.
    49.50      7794.
    50.00      7815.
    50.50      7838.
    51.00      7860.
    51.50      7883.
    52.00      7907.
    52.50      7931.
    53.00      7956.
    53.50      7981.
    54.00      8006.
    54.50      8032.
    55.00      8058.
    55.50      8084.
    56.00      8110.
    56.50      8136.
    57.00      8162.
    57.50      8197.
    58.00      8271.
    58.50      8359.
    59.00      8454.
    59.50      8572.
    60.00      8804.
    60.50      9273.
    61.00      9995.
    61.50     11155.
    62.00     13953.
    62.50     28787.
    63.00     88629.
    63.50    116119.
    64.00    132028.
    64.50    145070.
    65.00    157481.
    65.50    169858.
    66.00    181685.
    66.50    191824.
    67.00    200559.
    67.50    208841.
    68.00    217525.
    68.50    226756.
    69.00    235944.
    69.50    244362.
    70.00    251545.
    70.50    257282.
    71.00    261372.
    71.50    263704.
    72.00    264359.
    72.50    263765.
    73.00    262571.
    73.50    261255.
    74.00    259951.
    74.50    258677.
    75.00    257457.
    75.50    256171.
    76.00    254489.
    76.50    252286.
    77.00    249947.
    77.50    246887.
    78.00    242824.
    78.50    238077.
    79.00    232850.
    79.50    227226.
    80.00    221254.
    80.50    215005.
    81.00    208540.
    81.50    201828.
    82.00    194970.
    82.50    188080.
    83.00    181198.
    83.50    174334.
    84.00    167476.
    84.50    160622.
    85.00    153782.
    85.50    146985.
    86.00    140247.
    86.50    133595.
    87.00    127101.
    87.50    120854.
    88.00    114889.
    88.50    109221.
    89.00    103877.
    89.50     98833.
    90.00     94093.
    90.50     89654.
    91.00     85460.
    91.50     81493.
    92.00     77723.
    92.50     74174.
    93.00     70534.
    93.50     66920.
    94.00     63357.
    94.50     59959.
    95.00     56759.
    95.50     53757.
    96.00     50971.
    96.50     48398.
    97.00     45996.
    97.50     43764.
    98.00     41763.
    98.50     39904.
    99.00     38219.
    99.50     36608.
   100.00     35116.
   100.50     33729.
   101.00     32421.
   101.50     31271.
   102.00     30095.
   102.50     29035.
   103.00     28048.
   103.50     27105.
   104.00     26228.
   104.50     25403.
   105.00     24684.
   105.50     23977.
   106.00     23295.
   106.50     22650.
   107.00     22054.
   107.50     21498.
   108.00     20997.
   108.50     20538.
   109.00     20082.
   109.50     19633.
   110.00     19198.
   110.50     18784.
   111.00     18395.
   111.50     18031.
   112.00     17698.
   112.50     17395.
   113.00     17098.
   113.50     16801.
   114.00     16541.
   114.50     16296.
   115.00     16053.
   115.50     15809.
   116.00     15569.
   116.50     15336.
   117.00     15121.
   117.50     14935.
   118.00     14757.
   118.50     14582.
   119.00     14409.
   119.50     14253.
   120.00     14098.
   120.50     13946.
   121.00     13800.
   121.50     13668.
   122.00     13536.
   122.50     13404.
   123.00     13275.
   123.50     13156.
   124.00     13040.
   124.50     12927.
   125.00     12816.
   125.50     12711.
   126.00     12612.
   126.50     12517.
   127.00     12424.
   127.50     12331.
   128.00     12242.
   128.50     12156.
   129.00      8502.
   129.50      8497.
   130.00      8492.
   130.50      8486.
   131.00      8480.
   131.50      8474.
   132.00      8469.
   132.50      8462.
   133.00      8456.
   133.50      8450.
   134.00      8444.
   134.50      8438.
   135.00      8431.
   135.50      8425.
   136.00      8418.
   136.50      8412.
   137.00      8406.
   137.50      8399.
   138.00      8393.
   138.50      8386.
   139.00      8380.
   139.50      8374.
   140.00      8367.
   140.50      8361.
   141.00      8355.
   141.50      8349.
   142.00      8343.
   142.50      8337.
   143.00      8332.
   143.50      8326.
   144.00      8321.
   144.50      8315.
   145.00      8310.
   145.50      8305.
   146.00      8300.
   146.50      8295.
   147.00      8290.
   147.50      8285.
   148.00      8280.
   148.50      8274.
   149.00      8269.
   149.50      8264.
   150.00      8259.
   150.50      8254.
   151.00      8249.
   151.50      8244.
   152.00      8239.
   152.50      8234.
   153.00      8229.
   153.50      8224.
   154.00      8219.
   154.50      8214.
   155.00      8209.
   155.50      8204.
   156.00      8199.
   156.50      8194.
   157.00      8189.
   157.50      8183.
   158.00      8178.
   158.50      8173.
   159.00      8168.
   159.50      8163.
   160.00      8157.
   160.50      8152.
   161.00      8147.
   161.50      8141.
   162.00      8136.
   162.50      8130.
   163.00      8125.
   163.50      8119.
   164.00      8113.
   164.50      8108.
   165.00      8102.
   165.50      8096.
   166.00      8090.
   166.50      8084.
   167.00      8078.
   167.50      8072.
   168.00      8066.
   168.50      8060.
   169.00      8054.
   169.50      8047.
   170.00      8040.
   170.50      8032.
   171.00      8024.
   171.50      8016.
   172.00      8008.
   172.50      7999.
   173.00      7990.
   173.50      7981.
   174.00      7972.
   174.50      7962.
   175.00      7953.
   175.50      7943.
   176.00      7933.
   176.50      7923.
   177.00      7913.
   177.50      7903.
   178.00      7893.
   178.50      7883.
   179.00      7873.
   179.50      7864.
   180.00      7854.
   180.50      7844.
   181.00      7834.
   181.50      7825.
   182.00      7816.
   182.50      7807.
   183.00      7798.
   183.50      7789.
   184.00      7781.
   184.50      7773.
   185.00      7765.
   185.50      7758.
   186.00      7751.
   186.50      7744.
   187.00      7738.
   187.50      7732.
   188.00      7727.
   188.50      7722.
   189.00      7718.
   189.50      7714.
   190.00      7710.
   190.50      7708.
   191.00      7705.
   191.50      7704.
   192.00      7703.
   192.50      7703.
   193.00      7703.
   193.50      7703.
   194.00      7703.
   194.50      7703.
   195.00      7703.
   195.50      7703.
   196.00      7703.
   196.50      7703.
   197.00      7703.
   197.50      7703.
   198.00      7703.
   198.50      7703.
   199.00      7703.
   199.50      7703.
   200.00      7703.
   200.50      7703.
   201.00      7703.
   201.50      7703.
   202.00      7703.
   202.50      7703.
   203.00      7703.
   203.50      7703.
   204.00      7703.
   204.50      7703.
   205.00      7703.
   205.50      7703.
   206.00      7703.
   206.50      7703.
   207.00      7703.
   207.50      7703.
   208.00      7703.
   208.50      7703.
   209.00      7703.
   209.50      7703.
   210.00      7703.
   210.50      7703.
   211.00      7703.
   211.50      7703.
   212.00      7703.
   212.50      7703.
   213.00      7703.
   213.50      7703.
   214.00      7703.
   214.50      7703.
   215.00      7703.
   215.50      7703.
   216.00      7703.
   216.50      7703.
   217.00      7702.
   217.50      7702.
   218.00      7700.
   218.50      7699.
   219.00      7697.
   219.50      7694.
   220.00      7692.
   220.50      7688.
   221.00      7685.
   221.50      7681.
   222.00      7677.
   222.50      7672.
   223.00      7667.
   223.50      7662.
   224.00      7656.
   224.50      7650.
   225.00      7644.
   225.50      7638.
   226.00      7631.
   226.50      7624.
   227.00      7617.
   227.50      7610.
   228.00      7603.
   228.50      7595.
   229.00      7587.
   229.50      7579.
   230.00      7571.
   230.50      7562.
   231.00      7554.
   231.50      7545.
   232.00      7537.
   232.50      7528.
   233.00      7519.
   233.50      7510.
   234.00      7501.
   234.50      7492.
   235.00      7483.
   235.50      7474.
   236.00      7465.
   236.50      7456.
   237.00      7447.
   237.50      7438.
   238.00      7429.
   238.50      7420.
   239.00      7412.
   239.50      7403.
   240.00      7394.
   240.50      7386.
   241.00      7377.
   241.50      7367.
   242.00      7357.
   242.50      7346.
   243.00      7335.
   243.50      7323.
   244.00      7310.
   244.50      7297.
   245.00      7284.
   245.50      7270.
   246.00      7256.
   246.50      7241.
   247.00      7226.
   247.50      7211.
   248.00      7196.
   248.50      7180.
   249.00      7164.
   249.50      7149.
   250.00      7133.
   250.50      7117.
   251.00      7101.
   251.50      7085.
   252.00      7070.
   252.50      7054.
   253.00      7039.
   253.50      7024.
   254.00      7009.
   254.50      6994.
   255.00      6980.
   255.50      6966.
   256.00      6953.
   256.50      6940.
   257.00      6927.
   257.50      6915.
   258.00      6904.
   258.50      6893.
   259.00      6883.
   259.50      6873.
   260.00      6864.
   260.50      6856.
   261.00      6849.
   261.50      6843.
   262.00      6837.
   262.50      6832.
   263.00      6829.
   263.50      6826.
   264.00      6825.
   264.50      6824.
   265.00      6824.
   265.50      6824.
   266.00      6825.
   266.50      6825.
   267.00      6826.
   267.50      6827.
   268.00      6828.
   268.50      6829.
   269.00      6830.
   269.50      6831.
   270.00      6832.
   270.50      6834.
   271.00      6835.
   271.50      6837.
   272.00      6838.
   272.50      6840.
   273.00      6842.
   273.50      6843.
   274.00      6845.
   274.50      6847.
   275.00      6849.
   275.50      6851.
   276.00      6853.
   276.50      6855.
   277.00      6857.
   277.50      6858.
   278.00      6860.
   278.50      6862.
   279.00      6864.
   279.50      6866.
   280.00      6868.
   280.50      6869.
   281.00      6871.
   281.50      6873.
   282.00      6874.
   282.50      6876.
   283.00      6877.
   283.50      6878.
   284.00      6880.
   284.50      6881.
   285.00      6882.
   285.50      6883.
   286.00      6883.
   286.50      6884.
   287.00      6885.
   287.50      6885.
   288.00      6885.
   288.50      6885.
   289.00      6885.
   289.50      6884.
   290.00      6883.
   290.50      6881.
   291.00      6879.
   291.50      6876.
   292.00      6873.
   292.50      6870.
   293.00      6866.
   293.50      6862.
   294.00      6857.
   294.50      6852.
   295.00      6847.
   295.50      6842.
   296.00      6836.
   296.50      6830.
   297.00      6824.
   297.50      6817.
   298.00      6811.
   298.50      6804.
   299.00      6797.
   299.50      6790.
   300.00      6783.
   300.50      6776.
   301.00      6769.
   301.50      6761.
   302.00      6754.
   302.50      6747.
   303.00      6739.
   303.50      6732.
   304.00      6725.
   304.50      6718.
   305.00      6711.
   305.50      6704.
   306.00      6697.
   306.50      6690.
   307.00      6684.
   307.50      6678.
   308.00      6672.
   308.50      6666.
   309.00      6660.
   309.50      6655.
   310.00      6650.
   310.50      6645.
   311.00      6641.
   311.50      6637.
   312.00      6633.
   312.50      6630.
   313.00      6627.
   313.50      6624.
   314.00      6621.
   314.50      6619.
   315.00      6616.
   315.50      6614.
   316.00      6611.
   316.50      6609.
   317.00      6607.
   317.50      6604.
   318.00      6602.
   318.50      6600.
   319.00      6598.
   319.50      6596.
   320.00      6594.
   320.50      6593.
   321.00      6591.
   321.50      6589.
   322.00      6587.
   322.50      6586.
   323.00      6584.
   323.50      6582.
   324.00      6580.
   324.50      6579.
   325.00      6577.
   325.50      6575.
   326.00      6574.
   326.50      6572.
   327.00      6570.
   327.50      6569.
   328.00      6567.
   328.50      6565.
   329.00      6563.
   329.50      6561.
   330.00      6559.
   330.50      6557.
   331.00      6555.
   331.50      6553.
   332.00      6551.
   332.50      6549.
   333.00      6546.
   333.50      6544.
   334.00      6542.
   334.50      6539.
   335.00      6536.
   335.50      6534.
   336.00      6531.
   336.50      6528.
   337.00      6525.
   337.50      6521.
   338.00      6518.
   338.50      6514.
   339.00      6511.
   339.50      6507.
   340.00      6503.
   340.50      6499.
   341.00      6495.
   341.50      6491.
   342.00      6486.
   342.50      6482.
   343.00      6477.
   343.50      6473.
   344.00      6468.
   344.50      6463.
   345.00      6458.
   345.50      6453.
   346.00      6448.
   346.50      6443.
   347.00      6437.
   347.50      6432.
   348.00      6427.
   348.50      6421.
   349.00      6415.
   349.50      6410.
   350.00      6404.
   350.50      6398.
   351.00      6392.
   351.50      6386.
   352.00      6380.
   352.50      6374.
   353.00      6368.
   353.50      6362.
   354.00      6356.
   354.50      6350.
   355.00      6343.
   355.50      6337.
   356.00      6331.
   356.50      6324.
   357.00      6318.
   357.50      6311.
   358.00      6305.
   358.50      6298.
   359.00      6292.
   359.50      6285.
   360.00      6279.
1


  DISCHARGE VS ELEVATION
  **********************
  ELEVATION  DISCHARGE

    4880.49      5000.
    4890.00      5000.
    4898.70      5000.
    4900.00      5000.
    4902.00     10000.
    4904.00     22500.
    4906.00     37500.
    4908.00     56000.
    4910.00     77000.
    4912.00    100000.
    4914.00    125000.
    4916.00    153000.
    4920.00    212000.
    4924.00    270000.
    4928.00    328000.
    4930.00    357000.
    4935.00    429500.